loading halo 9 level 4
/eagle/projects/Auriga/Auriga/level4/Original/mergertrees/Au-9/trees_sf1_127
Hubble parameter= 0.6777
There are 464 trees in file /eagle/projects/Auriga/Auriga/level4/Original/mergertrees/Au-9/trees_sf1_127.0.hdf5
Loading desc (Descendant) for blockname /Tree0.
Loading fnum (FileNr) for blockname /Tree0.
Loading fhfg (FirstHaloInFOFGroup) for blockname /Tree0.
Loading fpin (FirstProgenitor) for blockname /Tree0.
Loading fmc2 (Group_M_Crit200) for blockname /Tree0.
Loading fmm2 (Group_M_Mean200) for blockname /Tree0.
Loading fmt2 (Group_M_TopHat200) for blockname /Tree0.
Loading frc2 (Group_R_Crit200) for blockname /Tree0.
Loading nhfg (NextHaloInFOFGroup) for blockname /Tree0.
Loading npin (NextProgenitor) for blockname /Tree0.
Loading snum (SnapNum) for blockname /Tree0.
Loading sbhm (SubhaloBHMass) for blockname /Tree0.
Loading sbhd (SubhaloBHMdot) for blockname /Tree0.
Loading sgmt (SubhaloGasMetallicity) for blockname /Tree0.
Loading sgmf (SubhaloGasMetallicitySfr) for blockname /Tree0.
Loading sgnr (SubhaloGrNr) for blockname /Tree0.
Loading shmt (SubhaloHalfmassRadType) for blockname /Tree0.
Key SubhaloIDMostBound not found in conversion table, skipping.
Loading slen (SubhaloLen) for blockname /Tree0.
Loading slty (SubhaloLenType) for blockname /Tree0.
Loading smit (SubhaloMassInRadType) for blockname /Tree0.
Loading smty (SubhaloMassType) for blockname /Tree0.
Loading sbnr (SubhaloNumber) for blockname /Tree0.
Loading soty (SubhaloOffsetType) for blockname /Tree0.
Loading spos (SubhaloPos) for blockname /Tree0.
Loading ssfr (SubhaloSFR) for blockname /Tree0.
Loading ssfi (SubhaloSFRinRad) for blockname /Tree0.
Loading sspi (SubhaloSpin) for blockname /Tree0.
Loading ssmt (SubhaloStarMetallicity) for blockname /Tree0.
Loading ssph (SubhaloStellarPhotometrics) for blockname /Tree0.
Loading svmx (SubhaloVMax) for blockname /Tree0.
Loading svel (SubhaloVel) for blockname /Tree0.
Loading svdi (SubhaloVelDisp) for blockname /Tree0.
galrad= 0.01
!!! agesel
Found 40 stars.
Rotated pos.
Rotated vel.
Calculating circularities
dty= [13.58794175 13.5362231  13.53517749 13.4182899  13.42840116 13.42553782
 13.41609031] 7
glb= [13.58794175 13.5362231  13.53517749 13.4182899  13.42840116 13.42553782
 13.41609031] 7
bidsort lists= 7 7
 7
SNAP 30
EPS -0.05054211016977056
galrad= 0.01
!!! agesel
Found 72 stars.
Rotated pos.
Rotated vel.
Calculating circularities
dty= [13.39149574 13.40415946 13.4182899  13.38876152 13.53517749 13.58794175
 13.3934384  13.44720603 13.4840654  13.3836384  13.42840116 13.46122152
 13.38876152 13.45793173 13.41461743 13.41535454 13.57069096 13.41609031] 18
glb= [13.39149574 13.40415946 13.4182899  13.38876152 13.53517749 13.58794175
 13.3934384  13.44720603 13.4840654  13.3836384  13.42840116 13.46122152
 13.38876152 13.45793173 13.41461743 13.41535454 13.57069096 13.41609031] 18
bidsort lists= 18 18
 18
SNAP 31
EPS 0.11993721460633328
galrad= 0.01
!!! agesel
Found 149 stars.
Rotated pos.
Rotated vel.
Calculating circularities
dty= [13.34585868 13.4182899  13.4840654  13.39149574 13.36129783 13.44720603
 13.41165588 13.34564369 13.58794175 13.36378831 13.40415946 13.3816522
 13.53517749 13.36708837 13.36358128 13.45394522 13.53517749 13.35459149
 13.3507771  13.46318145 13.38522104 13.34521344 13.38876152 13.48529225
 13.35585616 13.37240126 13.46963959 13.37118062 13.34693221 13.37118062
 13.3642021  13.39921495 13.36461548 13.3571175  13.413879   13.37280736] 36
glb= [13.34585868 13.4182899  13.4840654  13.39149574 13.36129783 13.44720603
 13.41165588 13.34564369 13.58794175 13.36378831 13.40415946 13.3816522
 13.53517749 13.36708837 13.36358128 13.45394522 13.53517749 13.35459149
 13.3507771  13.46318145 13.38522104 13.34521344 13.38876152 13.48529225
 13.35585616 13.37240126 13.46963959 13.37118062 13.34693221 13.37118062
 13.3642021  13.39921495 13.36461548 13.3571175  13.413879   13.37280736] 36
bidsort lists= 36 36
 36
SNAP 32
EPS 0.06172258107152903
galrad= 0.01
!!! agesel
Found 201 stars.
Rotated pos.
Rotated vel.
Calculating circularities
dty= [13.36358128 13.34175763 13.36378831 13.38876152 13.39149574 13.42409848
 13.45859202 13.48529225 13.32589945 13.32813234 13.58794175 13.37118062
 13.4182899  13.39921495 13.40415946 13.36708837 13.41682482 13.37845586
 13.3507771  13.4840654  13.3214038  13.34564369 13.38085523 13.41165588
 13.34585868 13.35585616 13.32208066 13.33168448 13.34002049 13.39498636
 13.32275669 13.34521344 13.37118062 13.31275146 13.3816522  13.43965338
 13.39729796 13.53517749 13.44720603 13.32343176 13.38640434 13.36129783
 13.46963959 13.36790971 13.32320683 13.31366911 13.33608936 13.45527881
 13.31595614 13.32857774 13.32004733 13.53517749 13.46318145 13.3571175
 13.33168448 13.51848628 13.37483278 13.33784039 13.42840116 13.3214038
 13.34262386 13.46122152 13.35837551 13.46122152 13.3338918  13.33079883
 13.33914965 13.34305646 13.3836384  13.33477201 13.33740324 13.37564037
 13.32410593 13.38876152 13.3836384  13.5179324 ] 76
glb= [13.36358128 13.34175763 13.36378831 13.38876152 13.39149574 13.42409848
 13.45859202 13.48529225 13.32589945 13.32813234 13.58794175 13.37118062
 13.4182899  13.39921495 13.40415946 13.36708837 13.41682482 13.37845586
 13.3507771  13.4840654  13.3214038  13.34564369 13.38085523 13.41165588
 13.34585868 13.35585616 13.32208066 13.33168448 13.34002049 13.39498636
 13.32275669 13.34521344 13.37118062 13.31275146 13.3816522  13.43965338
 13.39729796 13.53517749 13.44720603 13.32343176 13.38640434 13.36129783
 13.46963959 13.36790971 13.32320683 13.31366911 13.33608936 13.45527881
 13.31595614 13.32857774 13.32004733 13.53517749 13.46318145 13.3571175
 13.33168448 13.51848628 13.37483278 13.33784039 13.42840116 13.3214038
 13.34262386 13.46122152 13.35837551 13.46122152 13.3338918  13.33079883
 13.33914965 13.34305646 13.3836384  13.33477201 13.33740324 13.37564037
 13.32410593 13.38876152 13.3836384  13.5179324 ] 76
bidsort lists= 76 76
 76
SNAP 33
EPS -0.06122924300240391
galrad= 0.01
!!! agesel
Found 272 stars.
Rotated pos.
Rotated vel.
Calculating circularities
dty= [13.34564369 13.34585868 13.41682482 13.28614397 13.36378831 13.4840654
 13.28662657 13.44720603 13.31595614 13.34002049 13.28975313 13.48529225
 13.28323931 13.35459149 13.43965338 13.29119006 13.41165588 13.34521344
 13.53517749 13.30697915 13.3507771  13.27836375 13.27541761 13.3046522
 13.32813234 13.34175763 13.34219095 13.36358128 13.28178117 13.29808173
 13.28855275 13.33740324 13.37118062 13.36233714 13.58794175 13.33608936
 13.28299655 13.4182899  13.35585616 13.39149574 13.28323931 13.40415946
 13.35247617 13.37077301 13.35753722 13.53517749 13.3034849  13.33784039
 13.45859202 13.35837551 13.45990914 13.30511842 13.30813875 13.32589945
 13.36212949 13.28855275 13.32004733 13.46963959 13.28348198 13.32343176
 13.3571175  13.34778928 13.28105067 13.36129783 13.30744329 13.32004733
 13.36129783 13.29429042 13.3816522  13.38522104 13.38876152 13.33345112
 13.36708837 13.29214594 13.37118062 13.28927328 13.34521344 13.3214038
 13.312292   13.31275146 13.28783123 13.29047209 13.29262323 13.4011234
 13.3608815  13.37845586 13.53933778 13.28927328 13.29547806 13.3587941
 13.35795657 13.39498636 13.42409848 13.29547806 13.32208066 13.32946736
 13.3934384  13.39729796 13.41609031 13.38085523 13.34219095 13.29642636
 13.38640434 13.28007512 13.35795657 13.299261   13.29310009 13.41461743
 13.46642483 13.59304761 13.30020258 13.29166819] 112
glb= [13.34564369 13.34585868 13.41682482 13.28614397 13.36378831 13.4840654
 13.28662657 13.44720603 13.31595614 13.34002049 13.28975313 13.48529225
 13.28323931 13.35459149 13.43965338 13.29119006 13.41165588 13.34521344
 13.53517749 13.30697915 13.3507771  13.27836375 13.27541761 13.3046522
 13.32813234 13.34175763 13.34219095 13.36358128 13.28178117 13.29808173
 13.28855275 13.33740324 13.37118062 13.36233714 13.58794175 13.33608936
 13.28299655 13.4182899  13.35585616 13.39149574 13.28323931 13.40415946
 13.35247617 13.37077301 13.35753722 13.53517749 13.3034849  13.33784039
 13.45859202 13.35837551 13.45990914 13.30511842 13.30813875 13.32589945
 13.36212949 13.28855275 13.32004733 13.46963959 13.28348198 13.32343176
 13.3571175  13.34778928 13.28105067 13.36129783 13.30744329 13.32004733
 13.36129783 13.29429042 13.3816522  13.38522104 13.38876152 13.33345112
 13.36708837 13.29214594 13.37118062 13.28927328 13.34521344 13.3214038
 13.312292   13.31275146 13.28783123 13.29047209 13.29262323 13.4011234
 13.3608815  13.37845586 13.53933778 13.28927328 13.29547806 13.3587941
 13.35795657 13.39498636 13.42409848 13.29547806 13.32208066 13.32946736
 13.3934384  13.39729796 13.41609031 13.38085523 13.34219095 13.29642636
 13.38640434 13.28007512 13.35795657 13.299261   13.29310009 13.41461743
 13.46642483 13.59304761 13.30020258 13.29166819] 112
bidsort lists= 112 112
 112
SNAP 34
EPS 0.038705823309360336
galrad= 0.01
!!! agesel
Found 354 stars.
Rotated pos.
Rotated vel.
Calculating circularities
dty= [13.24117116 13.39149574 13.4840654  13.2724558  13.53517749 13.3046522
 13.34175763 13.24947503 13.58794175 13.34585868 13.40415946 13.33740324
 13.28662657 13.24559728 13.3507771  13.25307115 13.24351854 13.48529225
 13.34521344 13.36358128 13.3034849  13.36378831 13.25562617 13.26573373
 13.2546055  13.27836375 13.26221647 13.28614397 13.31959434 13.33608936
 13.30813875 13.2327487  13.30697915 13.43965338 13.44720603 13.31595614
 13.28299655 13.34002049 13.24921734 13.27270318 13.31641229 13.35753722
 13.4182899  13.33784039 13.32813234 13.25383884 13.46963959 13.45394522
 13.46318145 13.36233714 13.312292   13.31275146 13.30744329 13.36129783
 13.26120751 13.36544123 13.3816522  13.38876152 13.32004733 13.37118062
 13.29119006 13.23960106 13.26873126 13.28323931 13.34778928 13.28105067
 13.34907203 13.23592114 13.36749922 13.28927328 13.3642021  13.24507829
 13.23907673 13.29547806 13.24741012 13.25050476 13.28927328 13.30581695
 13.24117116 13.35753722 13.26673471 13.26070234 13.32946736 13.2327487
 13.29119006 13.24741012 13.38561584 13.45059055 13.3571175  13.24533783
 13.37240126 13.25511606 13.31549956 13.30488539 13.25511606 13.24064824
 13.25816991 13.23907673 13.24947503 13.24689273 13.34002049 13.34778928
 13.3338918  13.5179324  13.25307115 13.3571175  13.2868677  13.27418541
 13.2868677 ] 109
glb= [13.24117116 13.39149574 13.4840654  13.2724558  13.53517749 13.3046522
 13.34175763 13.24947503 13.58794175 13.34585868 13.40415946 13.33740324
 13.28662657 13.24559728 13.3507771  13.25307115 13.24351854 13.48529225
 13.34521344 13.36358128 13.3034849  13.36378831 13.25562617 13.26573373
 13.2546055  13.27836375 13.26221647 13.28614397 13.31959434 13.33608936
 13.30813875 13.2327487  13.30697915 13.43965338 13.44720603 13.31595614
 13.28299655 13.34002049 13.24921734 13.27270318 13.31641229 13.35753722
 13.4182899  13.33784039 13.32813234 13.25383884 13.46963959 13.45394522
 13.46318145 13.36233714 13.312292   13.31275146 13.30744329 13.36129783
 13.26120751 13.36544123 13.3816522  13.38876152 13.32004733 13.37118062
 13.29119006 13.23960106 13.26873126 13.28323931 13.34778928 13.28105067
 13.34907203 13.23592114 13.36749922 13.28927328 13.3642021  13.24507829
 13.23907673 13.29547806 13.24741012 13.25050476 13.28927328 13.30581695
 13.24117116 13.35753722 13.26673471 13.26070234 13.32946736 13.2327487
 13.29119006 13.24741012 13.38561584 13.45059055 13.3571175  13.24533783
 13.37240126 13.25511606 13.31549956 13.30488539 13.25511606 13.24064824
 13.25816991 13.23907673 13.24947503 13.24689273 13.34002049 13.34778928
 13.3338918  13.5179324  13.25307115 13.3571175  13.2868677  13.27418541
 13.2868677 ] 109
bidsort lists= 109 109
 109
SNAP 35
EPS 0.08836934681741482
galrad= 0.01
!!! agesel
Found 428 stars.
Rotated pos.
Rotated vel.
Calculating circularities
dty= [13.25307115 13.2724558  13.34175763 13.39149574 13.3034849  13.3507771
 13.30744329 13.4182899  13.31959434 13.46122152 13.45394522 13.19361702
 13.38876152 13.2546055  13.36358128 13.23907673 13.30697915 13.34585868
 13.36749922 13.25383884 13.31641229 13.23960106 13.26120751 13.32813234
 13.51848628 13.32004733 13.40415946 13.58794175 13.28975313 13.36790971
 13.33740324 13.23433704 13.19530921 13.36129783 13.24921734 13.4840654
 13.48529225 13.3214038  13.29547806 13.26573373 13.19418159 13.52613806
 13.3046522  13.3214038  13.34521344 13.30813875 13.31275146 13.28662657
 13.18908248 13.34305646 13.46963959 13.35753722 13.34521344 13.3836384
 13.24947503 13.33477201 13.28807182 13.21226024 13.27096895 13.312292
 13.26598414 13.28927328 13.33608936 13.53517749 13.24117116 13.46318145
 13.30511842 13.20564557 13.20007941 13.20896166 13.24559728 13.23009209
 13.23062435 13.22447476 13.23697488 13.28927328 13.28614397 13.32946736
 13.45859202 13.43965338 13.32343176 13.2166311  13.36212949 13.37118062
 13.36233714 13.35247617 13.2332786  13.30651456 13.19135379 13.40491507
 13.28105067 13.27270318 13.34002049 13.28299655 13.36378831 13.37483278
 13.2327487  13.19587226 13.20785829 13.4011234  13.23115613 13.26221647
 13.29642636 13.19755848 13.34778928 13.21635882 13.21006317 13.34219095
 13.19305196 13.20425865 13.35585616 13.27762873 13.20730582 13.19432263
 13.24064824 13.20536842 13.27836375 13.37077301 13.25204598 13.53933778
 13.37240126 13.33784039 13.25562617 13.413879   13.2327487  13.3816522
 13.19727777 13.22635303 13.24351854 13.2484435  13.28734966 13.44720603
 13.20007941 13.37845586 13.26448009 13.33345112 13.26221647 13.21061318
 13.38561584 13.41165588 13.312292   13.23750102 13.20619949 13.35837551
 13.3571175  13.31595614 13.26095497 13.26873126 13.41682482 13.3608815
 13.29973201 13.28855275 13.24064824 13.41091222 13.32410593 13.25204598
 13.24117116 13.22849244 13.35120242 13.3571175  13.19333457 13.29808173
 13.28348198 13.21116264 13.28323931 13.29547806 13.35753722 13.32004733
 13.28323931 13.44034608 13.30043769 13.26120751 13.30998875 13.29119006
 13.22955937 13.34907203 13.42553782 13.29737289 13.28251074 13.29214594
 13.24507829 13.28783123 13.38324188 13.37240126 13.2279583  13.26272027
 13.37118062 13.21499567 13.25307115 13.5362231  13.19783908 13.29571532
 13.19446366 13.22688859 13.35837551 13.23539353 13.23486552 13.26019677
 13.5592755  13.27615563 13.26623445 13.28879304 13.3934384  13.29642636
 13.39921495 13.21826217 13.3836384  13.38522104 13.31823304 13.39921495
 13.26573373 13.35795657 13.34992531 13.34219095 13.42840116 13.19839991
 13.19727777 13.37684916 13.51903912 13.20063823 13.30067271 13.34693221
 13.21826217 13.312292   13.21006317 13.29310009 13.18936683 13.34348858
 13.45793173 13.30581695 13.44516079 13.42265406 13.35374646 13.203425
 13.40264413 13.30860183 13.21717529 13.23009209 13.38797721 13.20619949
 13.35374646 13.21390292 13.25715372 13.25307115] 244
glb= [13.25307115 13.2724558  13.34175763 13.39149574 13.3034849  13.3507771
 13.30744329 13.4182899  13.31959434 13.46122152 13.45394522 13.19361702
 13.38876152 13.2546055  13.36358128 13.23907673 13.30697915 13.34585868
 13.36749922 13.25383884 13.31641229 13.23960106 13.26120751 13.32813234
 13.51848628 13.32004733 13.40415946 13.58794175 13.28975313 13.36790971
 13.33740324 13.23433704 13.19530921 13.36129783 13.24921734 13.4840654
 13.48529225 13.3214038  13.29547806 13.26573373 13.19418159 13.52613806
 13.3046522  13.3214038  13.34521344 13.30813875 13.31275146 13.28662657
 13.18908248 13.34305646 13.46963959 13.35753722 13.34521344 13.3836384
 13.24947503 13.33477201 13.28807182 13.21226024 13.27096895 13.312292
 13.26598414 13.28927328 13.33608936 13.53517749 13.24117116 13.46318145
 13.30511842 13.20564557 13.20007941 13.20896166 13.24559728 13.23009209
 13.23062435 13.22447476 13.23697488 13.28927328 13.28614397 13.32946736
 13.45859202 13.43965338 13.32343176 13.2166311  13.36212949 13.37118062
 13.36233714 13.35247617 13.2332786  13.30651456 13.19135379 13.40491507
 13.28105067 13.27270318 13.34002049 13.28299655 13.36378831 13.37483278
 13.2327487  13.19587226 13.20785829 13.4011234  13.23115613 13.26221647
 13.29642636 13.19755848 13.34778928 13.21635882 13.21006317 13.34219095
 13.19305196 13.20425865 13.35585616 13.27762873 13.20730582 13.19432263
 13.24064824 13.20536842 13.27836375 13.37077301 13.25204598 13.53933778
 13.37240126 13.33784039 13.25562617 13.413879   13.2327487  13.3816522
 13.19727777 13.22635303 13.24351854 13.2484435  13.28734966 13.44720603
 13.20007941 13.37845586 13.26448009 13.33345112 13.26221647 13.21061318
 13.38561584 13.41165588 13.312292   13.23750102 13.20619949 13.35837551
 13.3571175  13.31595614 13.26095497 13.26873126 13.41682482 13.3608815
 13.29973201 13.28855275 13.24064824 13.41091222 13.32410593 13.25204598
 13.24117116 13.22849244 13.35120242 13.3571175  13.19333457 13.29808173
 13.28348198 13.21116264 13.28323931 13.29547806 13.35753722 13.32004733
 13.28323931 13.44034608 13.30043769 13.26120751 13.30998875 13.29119006
 13.22955937 13.34907203 13.42553782 13.29737289 13.28251074 13.29214594
 13.24507829 13.28783123 13.38324188 13.37240126 13.2279583  13.26272027
 13.37118062 13.21499567 13.25307115 13.5362231  13.19783908 13.29571532
 13.19446366 13.22688859 13.35837551 13.23539353 13.23486552 13.26019677
 13.5592755  13.27615563 13.26623445 13.28879304 13.3934384  13.29642636
 13.39921495 13.21826217 13.3836384  13.38522104 13.31823304 13.39921495
 13.26573373 13.35795657 13.34992531 13.34219095 13.42840116 13.19839991
 13.19727777 13.37684916 13.51903912 13.20063823 13.30067271 13.34693221
 13.21826217 13.312292   13.21006317 13.29310009 13.18936683 13.34348858
 13.45793173 13.30581695 13.44516079 13.42265406 13.35374646 13.203425
 13.40264413 13.30860183 13.21717529 13.23009209 13.38797721 13.20619949
 13.35374646 13.21390292 13.25715372 13.25307115] 244
bidsort lists= 244 244
 244
SNAP 36
EPS 0.12012799469301702
galrad= 0.01
!!! agesel
Found 497 stars.
Rotated pos.
Rotated vel.
Calculating circularities
dty= [13.15462936 13.28975313 13.30744329 13.15462936 13.34585868 13.16621614
 13.4182899  13.17644552 13.15881174 13.3214038  13.16944822 13.38876152
 13.2724558  13.17193493 13.18623201 13.2546055  13.16237609 13.29547806
 13.25307115 13.1665106  13.34175763 13.26120751 13.18279482 13.36129783
 13.33477201 13.32004733 13.35459149 13.18451569 13.21499567 13.36749922
 13.32343176 13.25383884 13.27983098 13.14951576 13.23009209 13.23697488
 13.23907673 13.36358128 13.32813234 13.14436357 13.1555278  13.14618643
 13.17032692 13.17499388 13.21961816 13.3034849  13.1670992  13.18193265
 13.26972689 13.52613806 13.14891165 13.14770177 13.18078128 13.17003413
 13.37240126 13.24792704 13.28927328 13.4840654  13.30697915 13.45859202
 13.20896166 13.17673549 13.26573373 13.14588295 13.22205127 13.15761943
 13.1916371  13.413879   13.15132494 13.3836384  13.19671591 13.31959434
 13.15432962 13.29047209 13.3034849  13.40491507 13.37483278 13.2332786
 13.32589945 13.20007941 13.28662657 13.28178117 13.36378831 13.18680314
 13.14192549 13.58794175 13.30511842 13.26573373 13.3214038  13.3507771
 13.14284077 13.31275146 13.18020483 13.15462936 13.45394522 13.32946736
 13.20564557 13.25204598 13.15970459 13.31641229 13.19361702 13.19418159
 13.23115613 13.14162013 13.37118062 13.18049314 13.35753722 13.19587226
 13.23750102 13.27022402 13.36790971 13.22043027 13.28614397 13.21226024
 13.34521344 13.27983098 13.20619949 13.17353903 13.27615563 13.17760455
 13.23433704 13.17586527 13.24325817 13.29547806 13.34305646 13.21226024
 13.39149574 13.14679292 13.21226024 13.18908248 13.32410593 13.2546055
 13.23960106 13.2166311  13.24921734 13.40415946 13.24012485 13.16915504
 13.16267223 13.22151143 13.24064824 13.44241689 13.46122152 13.21444957
 13.30651456 13.4011234  13.24559728 13.25562617 13.43687023 13.22447476
 13.312292   13.30813875 13.22635303 13.42409848 13.29262323 13.18365583
 13.26573373 13.16533191 13.48529225 13.16562682 13.38640434 13.34002049
 13.24169361 13.14466767 13.35585616 13.48651466 13.2327487  13.41609031
 13.19220341 13.3046522  13.28299655 13.28927328 13.2489595  13.2692293
 13.41165588 13.14951576 13.14860936 13.46963959 13.36233714 13.33740324
 13.33168448 13.37077301 13.25613581 13.19305196 13.19446366 13.24064824
 13.19432263 13.37845586 13.37118062 13.19727777 13.31595614 13.36708837
 13.59514314 13.23960106 13.27541761 13.21635882 13.16503694 13.46318145
 13.24947503 13.23539353 13.2484435  13.19135379 13.24117116 13.33345112
 13.26598414 13.17353903 13.34521344 13.34564369 13.2327487  13.22955937
 13.34219095 13.21006317 13.15132494 13.34607358 13.51848628 13.33608936
 13.15881174 13.14466767 13.44720603 13.20286866 13.2332786  13.3816522
 13.26873126 13.21608644 13.34778928 13.41091222 13.24481859 13.25101897
 13.53517749 13.24429893 13.29429042 13.25588104 13.312292   13.20007941
 13.16089326 13.42553782 13.14891165 13.16856828 13.3608815  13.2166311
 13.27836375 13.27762873 13.28323931 13.24064824 13.15851386 13.28783123
 13.53517749 13.41682482 13.20175441 13.46122152 13.28855275 13.26221647
 13.26448009 13.21061318 13.28855275 13.33784039 13.20536842 13.25969068
 13.15851386 13.39498636 13.29808173 13.28105067 13.21116264 13.22742368
 13.1555278  13.29973201 13.28348198 13.24351854 13.35753722 13.14951576
 13.29047209 13.46642483 13.30043769 13.29737289 13.38085523 13.14436357
 13.34262386 13.24792704 13.46513094 13.14100902 13.16798102 13.37523672
 13.46513094 13.35543496 13.19615362 13.44379129] 286
glb= [13.15462936 13.28975313 13.30744329 13.15462936 13.34585868 13.16621614
 13.4182899  13.17644552 13.15881174 13.3214038  13.16944822 13.38876152
 13.2724558  13.17193493 13.18623201 13.2546055  13.16237609 13.29547806
 13.25307115 13.1665106  13.34175763 13.26120751 13.18279482 13.36129783
 13.33477201 13.32004733 13.35459149 13.18451569 13.21499567 13.36749922
 13.32343176 13.25383884 13.27983098 13.14951576 13.23009209 13.23697488
 13.23907673 13.36358128 13.32813234 13.14436357 13.1555278  13.14618643
 13.17032692 13.17499388 13.21961816 13.3034849  13.1670992  13.18193265
 13.26972689 13.52613806 13.14891165 13.14770177 13.18078128 13.17003413
 13.37240126 13.24792704 13.28927328 13.4840654  13.30697915 13.45859202
 13.20896166 13.17673549 13.26573373 13.14588295 13.22205127 13.15761943
 13.1916371  13.413879   13.15132494 13.3836384  13.19671591 13.31959434
 13.15432962 13.29047209 13.3034849  13.40491507 13.37483278 13.2332786
 13.32589945 13.20007941 13.28662657 13.28178117 13.36378831 13.18680314
 13.14192549 13.58794175 13.30511842 13.26573373 13.3214038  13.3507771
 13.14284077 13.31275146 13.18020483 13.15462936 13.45394522 13.32946736
 13.20564557 13.25204598 13.15970459 13.31641229 13.19361702 13.19418159
 13.23115613 13.14162013 13.37118062 13.18049314 13.35753722 13.19587226
 13.23750102 13.27022402 13.36790971 13.22043027 13.28614397 13.21226024
 13.34521344 13.27983098 13.20619949 13.17353903 13.27615563 13.17760455
 13.23433704 13.17586527 13.24325817 13.29547806 13.34305646 13.21226024
 13.39149574 13.14679292 13.21226024 13.18908248 13.32410593 13.2546055
 13.23960106 13.2166311  13.24921734 13.40415946 13.24012485 13.16915504
 13.16267223 13.22151143 13.24064824 13.44241689 13.46122152 13.21444957
 13.30651456 13.4011234  13.24559728 13.25562617 13.43687023 13.22447476
 13.312292   13.30813875 13.22635303 13.42409848 13.29262323 13.18365583
 13.26573373 13.16533191 13.48529225 13.16562682 13.38640434 13.34002049
 13.24169361 13.14466767 13.35585616 13.48651466 13.2327487  13.41609031
 13.19220341 13.3046522  13.28299655 13.28927328 13.2489595  13.2692293
 13.41165588 13.14951576 13.14860936 13.46963959 13.36233714 13.33740324
 13.33168448 13.37077301 13.25613581 13.19305196 13.19446366 13.24064824
 13.19432263 13.37845586 13.37118062 13.19727777 13.31595614 13.36708837
 13.59514314 13.23960106 13.27541761 13.21635882 13.16503694 13.46318145
 13.24947503 13.23539353 13.2484435  13.19135379 13.24117116 13.33345112
 13.26598414 13.17353903 13.34521344 13.34564369 13.2327487  13.22955937
 13.34219095 13.21006317 13.15132494 13.34607358 13.51848628 13.33608936
 13.15881174 13.14466767 13.44720603 13.20286866 13.2332786  13.3816522
 13.26873126 13.21608644 13.34778928 13.41091222 13.24481859 13.25101897
 13.53517749 13.24429893 13.29429042 13.25588104 13.312292   13.20007941
 13.16089326 13.42553782 13.14891165 13.16856828 13.3608815  13.2166311
 13.27836375 13.27762873 13.28323931 13.24064824 13.15851386 13.28783123
 13.53517749 13.41682482 13.20175441 13.46122152 13.28855275 13.26221647
 13.26448009 13.21061318 13.28855275 13.33784039 13.20536842 13.25969068
 13.15851386 13.39498636 13.29808173 13.28105067 13.21116264 13.22742368
 13.1555278  13.29973201 13.28348198 13.24351854 13.35753722 13.14951576
 13.29047209 13.46642483 13.30043769 13.29737289 13.38085523 13.14436357
 13.34262386 13.24792704 13.46513094 13.14100902 13.16798102 13.37523672
 13.46513094 13.35543496 13.19615362 13.44379129] 286
bidsort lists= 286 286
 286
SNAP 37
EPS 0.02954783960723135
galrad= 0.01
!!! agesel
Found 659 stars.
Rotated pos.
Rotated vel.
Calculating circularities
dty= [13.20564557 13.14162013 13.39149574 13.25562617 13.34564369 13.31595614
 13.10155838 13.14679292 13.09896855 13.1060686  13.10284987 13.4840654
 13.24117116 13.36378831 13.1202205  13.12586619 13.18537446 13.10510445
 13.11118907 13.2724558  13.44720603 13.11484706 13.11230432 13.34521344
 13.53933778 13.10058828 13.10026459 13.28178117 13.09636955 13.19839991
 13.14466767 13.2546055  13.28807182 13.17499388 13.36233714 13.41091222
 13.37240126 13.11832859 13.28323931 13.32589945 13.34175763 13.23009209
 13.41682482 13.40415946 13.58794175 13.41165588 13.203425   13.14284077
 13.10252719 13.42409848 13.11848647 13.10831323 13.09929277 13.21717529
 13.18078128 13.24559728 13.30067271 13.413879   13.28662657 13.13610049
 13.27541761 13.11421221 13.29547806 13.21006317 13.13363313 13.13855914
 13.12898328 13.09945486 13.13917243 13.11595663 13.21116264 13.09636955
 13.36708837 13.16503694 13.3507771  13.35459149 13.15462936 13.10815313
 13.09604396 13.48529225 13.26873126 13.14466767 13.3046522  13.3034849
 13.35753722 13.28614397 13.10252719 13.11214512 13.12804958 13.35585616
 13.09945486 13.10188148 13.34002049 13.14345029 13.10831323 13.1261785
 13.13610049 13.10767264 13.10204297 13.26221647 13.16533191 13.37118062
 13.10268857 13.2327487  13.11738075 13.20536842 13.10139678 13.11548133
 13.11341786 13.19755848 13.10751236 13.10220439 13.11294087 13.19530921
 13.16827471 13.13115709 13.38640434 13.33740324 13.12913878 13.25588104
 13.10301116 13.12336255 13.09783262 13.22447476 13.32343176 13.11563982
 13.32857774 13.10622919 13.11500566 13.17120453 13.28855275 13.1060686
 13.18293837 13.14466767 13.13084691 13.13115709 13.22742368 13.10333357
 13.11007204 13.09799502 13.10139678 13.15881174 13.20896166 13.10847332
 13.09864416 13.26095497 13.22151143 13.53517749 13.15102373 13.29642636
 13.09734522 13.23592114 13.29262323 13.10751236 13.10462194 13.28855275
 13.10478283 13.5592755  13.23115613 13.21061318 13.24921734 13.14100902
 13.14009135 13.23697488 13.13794528 13.37077301 13.10010269 13.26120751
 13.11880206 13.20007941 13.10381697 13.10139678 13.13208664 13.30511842
 13.2166311  13.11294087 13.32004733 13.34585868 13.09799502 13.32813234
 13.34219095 13.23750102 13.29429042 13.28734966 13.29808173 13.312292
 13.10430005 13.1665106  13.10349476 13.29547806 13.45859202 13.39498636
 13.12929426 13.37845586 13.11476769 13.30697915 13.2327487  13.3214038
 13.17353903 13.11437099 13.09588115 13.11325888 13.16562682 13.11294087
 13.12836097 13.1217933  13.34949891 13.38324188 13.10204297 13.10462194
 13.10446104 13.11039133 13.14405923 13.30651456 13.34002049 13.24064824
 13.10026459 13.10622919 13.09896855 13.36295961 13.2868677  13.25204598
 13.10413906 13.10042647 13.12898328 13.35120242 13.10831323 13.10735214
 13.24117116 13.09848194 13.11674817 13.1252411  13.10847332 13.19333457
 13.2279583  13.10446104 13.15522845 13.1555278  13.40264413 13.17120453
 13.1555278  13.15492893 13.3836384  13.29547806 13.20730582 13.09880636
 13.13794528 13.28927328 13.09913067 13.2484435  13.09702011 13.21226024
 13.3571175  13.16237609 13.11102959 13.09750772 13.18765883 13.09669489
 13.10171997 13.10462194 13.14436357 13.45727028 13.22955937 13.10413906
 13.12367596 13.10042647 13.09896855 13.17644552 13.21006317 13.13177692
 13.25383884 13.15252842 13.11563982 13.15970459 13.19671591 13.12649069
 13.11134847 13.16768723 13.15312937 13.14891165 13.13394204 13.22205127
 13.13425084 13.10075007 13.3587941  13.17003413 13.15881174 13.28927328
 13.11325888 13.11198584 13.10284987 13.10558671 13.15372975 13.09620676
 13.15132494 13.17673549 13.17178894 13.10783284 13.32946736 13.30020258
 13.20785829 13.1916371  13.14070327 13.18623201 13.16739327 13.15432962
 13.44034608 13.18451569 13.09977887 13.10042647 13.19305196 13.19446366
 13.11611501 13.23221834 13.12367596 13.09848194 13.17760455 13.24999016
 13.25867725 13.11071052 13.29831783 13.16944822 13.19727777 13.48651466
 13.11294087 13.14223074 13.1579177  13.14860936 13.17847245 13.29047209
 13.19418159 13.14192549 13.10204297 13.14618643 13.23592114 13.18078128
 13.15312937 13.20619949 13.20063823 13.11357683 13.21499567 13.43687023
 13.19220341 13.21444957 13.14770177 13.15761943 13.16267223 13.22635303
 13.14100902 13.10847332 13.3571175  13.41609031 13.12147902 13.12430244
 13.11294087 13.10462194 13.25204598 13.10815313 13.16915504 13.20175441
 13.18020483 13.20007941 13.26972689 13.35627701 13.18680314 13.2332786
 13.18049314 13.11738075 13.17032692 13.37483278 13.27983098 13.10590801
 13.0971827  13.15851386 13.40491507 13.10622919 13.10815313 13.15312937
 13.19446366 13.34607358 13.09555543 13.18365583 13.24325817 13.3034849
 13.23539353 13.24792704 13.33477201 13.17673549 13.16444656 13.10911327
 13.21608644 13.22151143 13.23750102 13.36295961 13.10010269 13.10058828
 13.59514314 13.10010269 13.19446366 13.26573373 13.26573373 13.09880636
 13.21226024 13.11325888 13.27022402 13.22043027 13.10494364 13.18193265
 13.225817   13.24064824 13.27022402 13.44241689 13.11516425 13.11452969
 13.21635882 13.11166725 13.1579177  13.27615563 13.18708848 13.17324768
 13.39266238 13.10590801 13.11357683 13.31321047 13.20063823 13.18365583
 13.24012485 13.14588295 13.35963014 13.19587226 13.1882287  13.10462194
 13.2327487  13.26372654 13.11294087 13.413879   13.10042647 13.25613581
 13.25715372 13.28007512 13.47786564 13.2692293  13.28299655 13.23433704
 13.30441898 13.2546055  13.11864427 13.15132494 13.27983098 13.21390292
 13.24377881 13.2166311  13.41091222 13.22955937 13.12804958 13.10815313
 13.11769683 13.10687107 13.20119656 13.19276924 13.21226024 13.10526524
 13.11452969 13.10783284 13.10333357 13.0968575  13.1255537  13.13610049
 13.12367596 13.11611501 13.30301723 13.2632236  13.10783284 13.25969068
 13.39883224 13.13177692 13.26723452 13.26372654 13.451936   13.16798102
 13.22528042 13.2422156  13.37118062 13.11102959 13.203425   13.10010269
 13.32589945 13.24689273 13.22205127 13.50201786 13.43406721 13.28178117
 13.23907673 13.24481859 13.13763815 13.22902617 13.22312957 13.24403892
 13.23380802 13.2484435  13.22420598 13.36461548 13.45059055 13.23881439
 13.27909783 13.24741012 13.20063823 13.12929426 13.36544123 13.11864427
 13.312292   13.1882287  13.37523672 13.10462194 13.25969068 13.22822545
 13.25409453 13.34778928 13.22688859 13.29071149 13.11706455 13.37564037
 13.23433704 13.19389936 13.22715622 13.27418541 13.30488539 13.11738075
 13.1882287  13.10719177 13.23907673 13.30998875 13.30767517 13.39806575
 13.23592114 13.10847332 13.24741012 13.26873126 13.13053669 13.10430005
 13.24117116 13.25101897 13.26823276 13.46122152 13.1180128  13.14588295
 13.312292   13.24507829 13.49316115 13.3642021  13.32185518 13.11484706
 13.3836384  13.10847332 13.12304897 13.299261   13.14223074 13.42840116
 13.13239624 13.39921495 13.23644821 13.27615563 13.12492839 13.28879304
 13.14162013 13.11325888 13.34219095 13.13610049 13.13115709 13.41202726
 13.14830696 13.11864427 13.11864427 13.37036504 13.2692293  13.26221647
 13.12680277 13.3848259  13.22688859 13.33565063 13.1261785  13.15672382
 13.27713809 13.31823304 13.14830696 13.12680277 13.45727028] 587
glb= [13.20564557 13.14162013 13.39149574 13.25562617 13.34564369 13.31595614
 13.10155838 13.14679292 13.09896855 13.1060686  13.10284987 13.4840654
 13.24117116 13.36378831 13.1202205  13.12586619 13.18537446 13.10510445
 13.11118907 13.2724558  13.44720603 13.11484706 13.11230432 13.34521344
 13.53933778 13.10058828 13.10026459 13.28178117 13.09636955 13.19839991
 13.14466767 13.2546055  13.28807182 13.17499388 13.36233714 13.41091222
 13.37240126 13.11832859 13.28323931 13.32589945 13.34175763 13.23009209
 13.41682482 13.40415946 13.58794175 13.41165588 13.203425   13.14284077
 13.10252719 13.42409848 13.11848647 13.10831323 13.09929277 13.21717529
 13.18078128 13.24559728 13.30067271 13.413879   13.28662657 13.13610049
 13.27541761 13.11421221 13.29547806 13.21006317 13.13363313 13.13855914
 13.12898328 13.09945486 13.13917243 13.11595663 13.21116264 13.09636955
 13.36708837 13.16503694 13.3507771  13.35459149 13.15462936 13.10815313
 13.09604396 13.48529225 13.26873126 13.14466767 13.3046522  13.3034849
 13.35753722 13.28614397 13.10252719 13.11214512 13.12804958 13.35585616
 13.09945486 13.10188148 13.34002049 13.14345029 13.10831323 13.1261785
 13.13610049 13.10767264 13.10204297 13.26221647 13.16533191 13.37118062
 13.10268857 13.2327487  13.11738075 13.20536842 13.10139678 13.11548133
 13.11341786 13.19755848 13.10751236 13.10220439 13.11294087 13.19530921
 13.16827471 13.13115709 13.38640434 13.33740324 13.12913878 13.25588104
 13.10301116 13.12336255 13.09783262 13.22447476 13.32343176 13.11563982
 13.32857774 13.10622919 13.11500566 13.17120453 13.28855275 13.1060686
 13.18293837 13.14466767 13.13084691 13.13115709 13.22742368 13.10333357
 13.11007204 13.09799502 13.10139678 13.15881174 13.20896166 13.10847332
 13.09864416 13.26095497 13.22151143 13.53517749 13.15102373 13.29642636
 13.09734522 13.23592114 13.29262323 13.10751236 13.10462194 13.28855275
 13.10478283 13.5592755  13.23115613 13.21061318 13.24921734 13.14100902
 13.14009135 13.23697488 13.13794528 13.37077301 13.10010269 13.26120751
 13.11880206 13.20007941 13.10381697 13.10139678 13.13208664 13.30511842
 13.2166311  13.11294087 13.32004733 13.34585868 13.09799502 13.32813234
 13.34219095 13.23750102 13.29429042 13.28734966 13.29808173 13.312292
 13.10430005 13.1665106  13.10349476 13.29547806 13.45859202 13.39498636
 13.12929426 13.37845586 13.11476769 13.30697915 13.2327487  13.3214038
 13.17353903 13.11437099 13.09588115 13.11325888 13.16562682 13.11294087
 13.12836097 13.1217933  13.34949891 13.38324188 13.10204297 13.10462194
 13.10446104 13.11039133 13.14405923 13.30651456 13.34002049 13.24064824
 13.10026459 13.10622919 13.09896855 13.36295961 13.2868677  13.25204598
 13.10413906 13.10042647 13.12898328 13.35120242 13.10831323 13.10735214
 13.24117116 13.09848194 13.11674817 13.1252411  13.10847332 13.19333457
 13.2279583  13.10446104 13.15522845 13.1555278  13.40264413 13.17120453
 13.1555278  13.15492893 13.3836384  13.29547806 13.20730582 13.09880636
 13.13794528 13.28927328 13.09913067 13.2484435  13.09702011 13.21226024
 13.3571175  13.16237609 13.11102959 13.09750772 13.18765883 13.09669489
 13.10171997 13.10462194 13.14436357 13.45727028 13.22955937 13.10413906
 13.12367596 13.10042647 13.09896855 13.17644552 13.21006317 13.13177692
 13.25383884 13.15252842 13.11563982 13.15970459 13.19671591 13.12649069
 13.11134847 13.16768723 13.15312937 13.14891165 13.13394204 13.22205127
 13.13425084 13.10075007 13.3587941  13.17003413 13.15881174 13.28927328
 13.11325888 13.11198584 13.10284987 13.10558671 13.15372975 13.09620676
 13.15132494 13.17673549 13.17178894 13.10783284 13.32946736 13.30020258
 13.20785829 13.1916371  13.14070327 13.18623201 13.16739327 13.15432962
 13.44034608 13.18451569 13.09977887 13.10042647 13.19305196 13.19446366
 13.11611501 13.23221834 13.12367596 13.09848194 13.17760455 13.24999016
 13.25867725 13.11071052 13.29831783 13.16944822 13.19727777 13.48651466
 13.11294087 13.14223074 13.1579177  13.14860936 13.17847245 13.29047209
 13.19418159 13.14192549 13.10204297 13.14618643 13.23592114 13.18078128
 13.15312937 13.20619949 13.20063823 13.11357683 13.21499567 13.43687023
 13.19220341 13.21444957 13.14770177 13.15761943 13.16267223 13.22635303
 13.14100902 13.10847332 13.3571175  13.41609031 13.12147902 13.12430244
 13.11294087 13.10462194 13.25204598 13.10815313 13.16915504 13.20175441
 13.18020483 13.20007941 13.26972689 13.35627701 13.18680314 13.2332786
 13.18049314 13.11738075 13.17032692 13.37483278 13.27983098 13.10590801
 13.0971827  13.15851386 13.40491507 13.10622919 13.10815313 13.15312937
 13.19446366 13.34607358 13.09555543 13.18365583 13.24325817 13.3034849
 13.23539353 13.24792704 13.33477201 13.17673549 13.16444656 13.10911327
 13.21608644 13.22151143 13.23750102 13.36295961 13.10010269 13.10058828
 13.59514314 13.10010269 13.19446366 13.26573373 13.26573373 13.09880636
 13.21226024 13.11325888 13.27022402 13.22043027 13.10494364 13.18193265
 13.225817   13.24064824 13.27022402 13.44241689 13.11516425 13.11452969
 13.21635882 13.11166725 13.1579177  13.27615563 13.18708848 13.17324768
 13.39266238 13.10590801 13.11357683 13.31321047 13.20063823 13.18365583
 13.24012485 13.14588295 13.35963014 13.19587226 13.1882287  13.10462194
 13.2327487  13.26372654 13.11294087 13.413879   13.10042647 13.25613581
 13.25715372 13.28007512 13.47786564 13.2692293  13.28299655 13.23433704
 13.30441898 13.2546055  13.11864427 13.15132494 13.27983098 13.21390292
 13.24377881 13.2166311  13.41091222 13.22955937 13.12804958 13.10815313
 13.11769683 13.10687107 13.20119656 13.19276924 13.21226024 13.10526524
 13.11452969 13.10783284 13.10333357 13.0968575  13.1255537  13.13610049
 13.12367596 13.11611501 13.30301723 13.2632236  13.10783284 13.25969068
 13.39883224 13.13177692 13.26723452 13.26372654 13.451936   13.16798102
 13.22528042 13.2422156  13.37118062 13.11102959 13.203425   13.10010269
 13.32589945 13.24689273 13.22205127 13.50201786 13.43406721 13.28178117
 13.23907673 13.24481859 13.13763815 13.22902617 13.22312957 13.24403892
 13.23380802 13.2484435  13.22420598 13.36461548 13.45059055 13.23881439
 13.27909783 13.24741012 13.20063823 13.12929426 13.36544123 13.11864427
 13.312292   13.1882287  13.37523672 13.10462194 13.25969068 13.22822545
 13.25409453 13.34778928 13.22688859 13.29071149 13.11706455 13.37564037
 13.23433704 13.19389936 13.22715622 13.27418541 13.30488539 13.11738075
 13.1882287  13.10719177 13.23907673 13.30998875 13.30767517 13.39806575
 13.23592114 13.10847332 13.24741012 13.26873126 13.13053669 13.10430005
 13.24117116 13.25101897 13.26823276 13.46122152 13.1180128  13.14588295
 13.312292   13.24507829 13.49316115 13.3642021  13.32185518 13.11484706
 13.3836384  13.10847332 13.12304897 13.299261   13.14223074 13.42840116
 13.13239624 13.39921495 13.23644821 13.27615563 13.12492839 13.28879304
 13.14162013 13.11325888 13.34219095 13.13610049 13.13115709 13.41202726
 13.14830696 13.11864427 13.11864427 13.37036504 13.2692293  13.26221647
 13.12680277 13.3848259  13.22688859 13.33565063 13.1261785  13.15672382
 13.27713809 13.31823304 13.14830696 13.12680277 13.45727028] 587
bidsort lists= 587 587
 587
SNAP 38
EPS 0.09657227510594929
galrad= 0.01
!!! agesel
Found 987 stars.
Rotated pos.
Rotated vel.
Calculating circularities
dty= [13.2724558  13.04745891 13.04275926 13.34175763 13.14284077 13.14162013
 13.3034849  13.06445309 13.14951576 13.39149574 13.25307115 13.36233714
 13.58794175 13.4840654  13.36378831 13.33740324 13.04293388 13.24117116
 13.34521344 13.21116264 13.05522962 13.2546055  13.24559728 13.40415946
 13.07891666 13.12711468 13.41682482 13.20536842 13.04554771 13.44720603
 13.18279482 13.21006317 13.26573373 13.15462936 13.07239168 13.4182899
 13.20564557 13.34564369 13.3816522  13.08356674 13.28323931 13.25562617
 13.21061318 13.31595614 13.2166311  13.08074691 13.13208664 13.14466767
 13.07641369 13.10026459 13.10155838 13.35753722 13.34002049 13.3046522
 13.28662657 13.3507771  13.04223534 13.04849952 13.22742368 13.22447476
 13.13115709 13.26873126 13.25588104 13.23009209 13.14679292 13.1217933
 13.21717529 13.29429042 13.28855275 13.07524283 13.27541761 13.06156132
 13.34219095 13.1202205  13.07087794 13.46318145 13.24947503 13.53517749
 13.35585616 13.2327487  13.11880206 13.04884611 13.04693809 13.0567746
 13.41165588 13.30744329 13.07037268 13.09294433 13.04153619 13.29808173
 13.05985519 13.06665711 13.06019668 13.09896855 13.06156132 13.09636955
 13.1217933  13.37118062 13.04884611 13.08983158 13.09229008 13.42409848
 13.09474047 13.07791651 13.28855275 13.15881174 13.05625995 13.07205553
 13.05074942 13.38640434 13.48529225 13.30813875 13.04641702 13.0567746
 13.08190932 13.14951576 13.05660306 13.14466767 13.19135379 13.07205553
 13.17120453 13.09929277 13.06631848 13.04659081 13.0949035  13.32004733
 13.35459149 13.08621099 13.07440538 13.18537446 13.08074691 13.12929426
 13.20896166 13.32343176 13.16503694 13.13610049 13.30697915 13.11230432
 13.28614397 13.05333734 13.28178117 13.36295961 13.1060686  13.05230312
 13.34585868 13.05437014 13.0668264  13.29262323 13.06292352 13.04450318
 13.16827471 13.06173167 13.41091222 13.08538564 13.33608936 13.32589945
 13.43965338 13.36708837 13.0588296  13.06733401 13.06885487 13.05505783
 13.06952976 13.312292   13.04241    13.10284987 13.04502564 13.06631848
 13.07658084 13.14100902 13.08901027 13.28299655 13.19839991 13.10204297
 13.04693809 13.31959434 13.08851701 13.13702348 13.09343458 13.1217933
 13.29547806 13.12898328 13.07891666 13.17499388 13.13115709 13.15462936
 13.07908322 13.0804145  13.34949891 13.45394522 13.09327118 13.0825727
 13.10042647 13.29547806 13.26120751 13.04153619 13.39498636 13.36358128
 13.203425   13.04398033 13.0681793  13.24921734 13.05471408 13.09945486
 13.08190932 13.28783123 13.07791651 13.16533191 13.11484706 13.07641369
 13.26221647 13.05917165 13.10510445 13.08785889 13.24064824 13.08818804
 13.06224266 13.26448009 13.06902366 13.30511842 13.20007941 13.33784039
 13.53933778 13.04936554 13.07490798 13.413879   13.07272765 13.11516425
 13.09783262 13.32813234 13.06665711 13.3587941  13.12913878 13.11118907
 13.37240126 13.07407013 13.28807182 13.53517749 13.09097992 13.12586619
 13.07205553 13.07875009 13.13177692 13.24351854 13.08752956 13.16562682
 13.0742378  13.10188148 13.1252411  13.12804958 13.09896855 13.07356701
 13.13855914 13.05814521 13.09310776 13.04293388 13.09799502 13.11848647
 13.13702348 13.09945486 13.05230312 13.11738075 13.11294087 13.07691497
 13.09604396 13.05454212 13.10058828 13.15462936 13.1261785  13.26095497
 13.04606939 13.36790971 13.3214038  13.08637593 13.06258311 13.37077301
 13.13794528 13.27836375 13.10220439 13.08950315 13.30043769 13.05625995
 13.23697488 13.15522845 13.06631848 13.11548133 13.06581017 13.11832859
 13.11341786 13.11039133 13.45859202 13.04206068 13.21006317 13.11500566
 13.34002049 13.10381697 13.14466767 13.05643151 13.30067271 13.19333457
 13.13084691 13.17120453 13.27270318 13.09196274 13.30651456 13.08141132
 13.29973201 13.08455938 13.04328279 13.10831323 13.19755848 13.13363313
 13.06258311 13.11563982 13.08901027 13.11437099 13.11674817 13.10462194
 13.5592755  13.26221647 13.23115613 13.05728886 13.11294087 13.29047209
 13.04953871 13.18078128 13.37845586 13.14436357 13.46963959 13.28975313
 13.0584875  13.06919237 13.28927328 13.3608815  13.09913067 13.16768723
 13.10139678 13.0567746  13.09734522 13.06122031 13.10815313 13.22151143
 13.10252719 13.10751236 13.04432896 13.04223534 13.05126762 13.14345029
 13.06665711 13.08966737 13.3571175  13.09636955 13.16503694 13.10139678
 13.07974913 13.08703537 13.09864416 13.07272765 13.10042647 13.09179903
 13.04206068 13.06716482 13.23907673 13.35120242 13.10268857 13.06936114
 13.29642636 13.08273845 13.19530921 13.23750102 13.15492893 13.23960106
 13.08224104 13.06767222 13.12336255 13.36129783 13.31275146 13.2279583
 13.24117116 13.12242139 13.19727777 13.07138281 13.12898328 13.06019668
 13.39110622 13.0453737  13.10783284 13.10413906 13.10462194 13.17193493
 13.2279583  13.09359798 13.38085523 13.07557756 13.07171926 13.09408782
 13.09669489 13.09147149 13.09750772 13.06919237 13.08340112 13.24064824
 13.11325888 13.04293388 13.08933891 13.0891746  13.30860183 13.08950315
 13.15102373 13.06513193 13.10284987 13.36749922 13.06224266 13.08422862
 13.06733401 13.27096895 13.2868677  13.38876152 13.14405923 13.51848628
 13.16237609 13.18293837 13.05350953 13.05746021 13.23433704 13.08555078
 13.0916353  13.24741012 13.09032394 13.10171997 13.25383884 13.11611501
 13.0584875  13.06445309 13.2327487  13.0491925  13.05230312 13.08933891
 13.04188586 13.11563982 13.21226024 13.09880636 13.07020412 13.25867725
 13.09392453 13.06834821 13.17353903 13.07205553 13.04398033 13.09130767
 13.11007204 13.07574484 13.07138281 13.17178894 13.07875009 13.22849244
 13.19502746 13.17353903 13.10847332 13.07239168 13.06122031 13.07507544
 13.10558671 13.1665106  13.312292   13.14436357 13.05230312 13.13053669
 13.11198584 13.06530155 13.06868599 13.06462282 13.3214038  13.12836097
 13.10735214 13.1246155  13.42553782 13.05402602 13.11325888 13.13394204
 13.2484435  13.07003562 13.19361702 13.28105067 13.19783908 13.04815288
 13.32275669 13.08670571 13.12367596 13.31641229 13.1202205  13.32946736
 13.13177692 13.3836384  13.05161297 13.08008191 13.29547806 13.09196274
 13.20730582 13.13301497 13.04988487 13.08107921 13.22688859 13.34305646
 13.1555278  13.04849952 13.18765883 13.05694599 13.25204598 13.11071052
 13.07272765 13.13425084 13.08107921 13.20063823 13.18078128 13.29831783
 13.11230432 13.07104624 13.27220826 13.04676446 13.28927328 13.22339889
 13.35795657 13.04293388 13.14588295 13.11738075 13.3587941  13.17586527
 13.12649069 13.09474047 13.33740324 13.15881174 13.11738075 13.36790971
 13.18049314 13.06665711 13.15252842 13.17644552 13.10815313 13.29737289
 13.06173167 13.34778928 13.13548445 13.26598414 13.07875009 13.0502307
 13.06733401 13.12742647 13.31321047 13.05540153 13.14070327 13.07138281
 13.0502307  13.10590801 13.09977887 13.34262386 13.10042647 13.27762873
 13.0584875  13.16621614 13.11294087 13.0536817  13.19727777 13.11484706
 13.12367596 13.15312937 13.18451569 13.04188586 13.3571175  13.04711185
 13.05437014 13.42481881 13.07658084 13.09555543 13.04780592 13.11738075
 13.09425104 13.0453737  13.0971827  13.19418159 13.16944822 13.14618643
 13.1665106  13.28251074 13.15761943 13.1670992  13.32410593 13.36212949
 13.23062435 13.05264805 13.46122152 13.19446366 13.17847245 13.26120751
 13.05333734 13.06070869 13.21961816 13.14588295 13.14039733 13.1348679
 13.23592114 13.07607936 13.07070955 13.19305196 13.52613806 13.06564066
 13.04188586 13.2166311  13.2484435  13.0502307  13.05092221 13.05402602
 13.06733401 13.2279583  13.14223074 13.05437014 13.18908248 13.19220341
 13.43265823 13.06969844 13.04606939 13.19615362 13.0567746  13.10815313
 13.19432263 13.22259069 13.05985519 13.37280736 13.33168448 13.24792704
 13.20425865 13.28323931 13.19727777 13.07507544 13.14891165 13.07708202
 13.28348198 13.05195814 13.12304897 13.25969068 13.32004733 13.37118062
 13.06139082 13.17208089 13.05195814 13.06053812 13.25715372 13.35753722
 13.13548445 13.40491507 13.35247617 13.0453737  13.29214594 13.04815288
 13.25307115 13.05057648 13.39266238 13.06224266 13.05092221 13.15851386
 13.29642636 13.20286866 13.17208089 13.28007512 13.16915504 13.47786564
 13.15011937 13.37118062 13.21717529 13.26623445 13.21608644 13.06428328
 13.06156132 13.28614397 13.3020807  13.0536817  13.0730635  13.27615563
 13.37845586 13.30278323 13.05402602 13.05780274 13.35205193 13.06019668
 13.2868677  13.06156132 13.30395213 13.05195814 13.0636037  13.06428328
 13.06969844 13.26723452 13.18135718 13.38797721 13.07841678 13.36626551
 13.07974913 13.22474344 13.05540153 13.08240688 13.07641369 13.41755799
 13.09425104 13.16385562] 704
glb= [13.2724558  13.04745891 13.04275926 13.34175763 13.14284077 13.14162013
 13.3034849  13.06445309 13.14951576 13.39149574 13.25307115 13.36233714
 13.58794175 13.4840654  13.36378831 13.33740324 13.04293388 13.24117116
 13.34521344 13.21116264 13.05522962 13.2546055  13.24559728 13.40415946
 13.07891666 13.12711468 13.41682482 13.20536842 13.04554771 13.44720603
 13.18279482 13.21006317 13.26573373 13.15462936 13.07239168 13.4182899
 13.20564557 13.34564369 13.3816522  13.08356674 13.28323931 13.25562617
 13.21061318 13.31595614 13.2166311  13.08074691 13.13208664 13.14466767
 13.07641369 13.10026459 13.10155838 13.35753722 13.34002049 13.3046522
 13.28662657 13.3507771  13.04223534 13.04849952 13.22742368 13.22447476
 13.13115709 13.26873126 13.25588104 13.23009209 13.14679292 13.1217933
 13.21717529 13.29429042 13.28855275 13.07524283 13.27541761 13.06156132
 13.34219095 13.1202205  13.07087794 13.46318145 13.24947503 13.53517749
 13.35585616 13.2327487  13.11880206 13.04884611 13.04693809 13.0567746
 13.41165588 13.30744329 13.07037268 13.09294433 13.04153619 13.29808173
 13.05985519 13.06665711 13.06019668 13.09896855 13.06156132 13.09636955
 13.1217933  13.37118062 13.04884611 13.08983158 13.09229008 13.42409848
 13.09474047 13.07791651 13.28855275 13.15881174 13.05625995 13.07205553
 13.05074942 13.38640434 13.48529225 13.30813875 13.04641702 13.0567746
 13.08190932 13.14951576 13.05660306 13.14466767 13.19135379 13.07205553
 13.17120453 13.09929277 13.06631848 13.04659081 13.0949035  13.32004733
 13.35459149 13.08621099 13.07440538 13.18537446 13.08074691 13.12929426
 13.20896166 13.32343176 13.16503694 13.13610049 13.30697915 13.11230432
 13.28614397 13.05333734 13.28178117 13.36295961 13.1060686  13.05230312
 13.34585868 13.05437014 13.0668264  13.29262323 13.06292352 13.04450318
 13.16827471 13.06173167 13.41091222 13.08538564 13.33608936 13.32589945
 13.43965338 13.36708837 13.0588296  13.06733401 13.06885487 13.05505783
 13.06952976 13.312292   13.04241    13.10284987 13.04502564 13.06631848
 13.07658084 13.14100902 13.08901027 13.28299655 13.19839991 13.10204297
 13.04693809 13.31959434 13.08851701 13.13702348 13.09343458 13.1217933
 13.29547806 13.12898328 13.07891666 13.17499388 13.13115709 13.15462936
 13.07908322 13.0804145  13.34949891 13.45394522 13.09327118 13.0825727
 13.10042647 13.29547806 13.26120751 13.04153619 13.39498636 13.36358128
 13.203425   13.04398033 13.0681793  13.24921734 13.05471408 13.09945486
 13.08190932 13.28783123 13.07791651 13.16533191 13.11484706 13.07641369
 13.26221647 13.05917165 13.10510445 13.08785889 13.24064824 13.08818804
 13.06224266 13.26448009 13.06902366 13.30511842 13.20007941 13.33784039
 13.53933778 13.04936554 13.07490798 13.413879   13.07272765 13.11516425
 13.09783262 13.32813234 13.06665711 13.3587941  13.12913878 13.11118907
 13.37240126 13.07407013 13.28807182 13.53517749 13.09097992 13.12586619
 13.07205553 13.07875009 13.13177692 13.24351854 13.08752956 13.16562682
 13.0742378  13.10188148 13.1252411  13.12804958 13.09896855 13.07356701
 13.13855914 13.05814521 13.09310776 13.04293388 13.09799502 13.11848647
 13.13702348 13.09945486 13.05230312 13.11738075 13.11294087 13.07691497
 13.09604396 13.05454212 13.10058828 13.15462936 13.1261785  13.26095497
 13.04606939 13.36790971 13.3214038  13.08637593 13.06258311 13.37077301
 13.13794528 13.27836375 13.10220439 13.08950315 13.30043769 13.05625995
 13.23697488 13.15522845 13.06631848 13.11548133 13.06581017 13.11832859
 13.11341786 13.11039133 13.45859202 13.04206068 13.21006317 13.11500566
 13.34002049 13.10381697 13.14466767 13.05643151 13.30067271 13.19333457
 13.13084691 13.17120453 13.27270318 13.09196274 13.30651456 13.08141132
 13.29973201 13.08455938 13.04328279 13.10831323 13.19755848 13.13363313
 13.06258311 13.11563982 13.08901027 13.11437099 13.11674817 13.10462194
 13.5592755  13.26221647 13.23115613 13.05728886 13.11294087 13.29047209
 13.04953871 13.18078128 13.37845586 13.14436357 13.46963959 13.28975313
 13.0584875  13.06919237 13.28927328 13.3608815  13.09913067 13.16768723
 13.10139678 13.0567746  13.09734522 13.06122031 13.10815313 13.22151143
 13.10252719 13.10751236 13.04432896 13.04223534 13.05126762 13.14345029
 13.06665711 13.08966737 13.3571175  13.09636955 13.16503694 13.10139678
 13.07974913 13.08703537 13.09864416 13.07272765 13.10042647 13.09179903
 13.04206068 13.06716482 13.23907673 13.35120242 13.10268857 13.06936114
 13.29642636 13.08273845 13.19530921 13.23750102 13.15492893 13.23960106
 13.08224104 13.06767222 13.12336255 13.36129783 13.31275146 13.2279583
 13.24117116 13.12242139 13.19727777 13.07138281 13.12898328 13.06019668
 13.39110622 13.0453737  13.10783284 13.10413906 13.10462194 13.17193493
 13.2279583  13.09359798 13.38085523 13.07557756 13.07171926 13.09408782
 13.09669489 13.09147149 13.09750772 13.06919237 13.08340112 13.24064824
 13.11325888 13.04293388 13.08933891 13.0891746  13.30860183 13.08950315
 13.15102373 13.06513193 13.10284987 13.36749922 13.06224266 13.08422862
 13.06733401 13.27096895 13.2868677  13.38876152 13.14405923 13.51848628
 13.16237609 13.18293837 13.05350953 13.05746021 13.23433704 13.08555078
 13.0916353  13.24741012 13.09032394 13.10171997 13.25383884 13.11611501
 13.0584875  13.06445309 13.2327487  13.0491925  13.05230312 13.08933891
 13.04188586 13.11563982 13.21226024 13.09880636 13.07020412 13.25867725
 13.09392453 13.06834821 13.17353903 13.07205553 13.04398033 13.09130767
 13.11007204 13.07574484 13.07138281 13.17178894 13.07875009 13.22849244
 13.19502746 13.17353903 13.10847332 13.07239168 13.06122031 13.07507544
 13.10558671 13.1665106  13.312292   13.14436357 13.05230312 13.13053669
 13.11198584 13.06530155 13.06868599 13.06462282 13.3214038  13.12836097
 13.10735214 13.1246155  13.42553782 13.05402602 13.11325888 13.13394204
 13.2484435  13.07003562 13.19361702 13.28105067 13.19783908 13.04815288
 13.32275669 13.08670571 13.12367596 13.31641229 13.1202205  13.32946736
 13.13177692 13.3836384  13.05161297 13.08008191 13.29547806 13.09196274
 13.20730582 13.13301497 13.04988487 13.08107921 13.22688859 13.34305646
 13.1555278  13.04849952 13.18765883 13.05694599 13.25204598 13.11071052
 13.07272765 13.13425084 13.08107921 13.20063823 13.18078128 13.29831783
 13.11230432 13.07104624 13.27220826 13.04676446 13.28927328 13.22339889
 13.35795657 13.04293388 13.14588295 13.11738075 13.3587941  13.17586527
 13.12649069 13.09474047 13.33740324 13.15881174 13.11738075 13.36790971
 13.18049314 13.06665711 13.15252842 13.17644552 13.10815313 13.29737289
 13.06173167 13.34778928 13.13548445 13.26598414 13.07875009 13.0502307
 13.06733401 13.12742647 13.31321047 13.05540153 13.14070327 13.07138281
 13.0502307  13.10590801 13.09977887 13.34262386 13.10042647 13.27762873
 13.0584875  13.16621614 13.11294087 13.0536817  13.19727777 13.11484706
 13.12367596 13.15312937 13.18451569 13.04188586 13.3571175  13.04711185
 13.05437014 13.42481881 13.07658084 13.09555543 13.04780592 13.11738075
 13.09425104 13.0453737  13.0971827  13.19418159 13.16944822 13.14618643
 13.1665106  13.28251074 13.15761943 13.1670992  13.32410593 13.36212949
 13.23062435 13.05264805 13.46122152 13.19446366 13.17847245 13.26120751
 13.05333734 13.06070869 13.21961816 13.14588295 13.14039733 13.1348679
 13.23592114 13.07607936 13.07070955 13.19305196 13.52613806 13.06564066
 13.04188586 13.2166311  13.2484435  13.0502307  13.05092221 13.05402602
 13.06733401 13.2279583  13.14223074 13.05437014 13.18908248 13.19220341
 13.43265823 13.06969844 13.04606939 13.19615362 13.0567746  13.10815313
 13.19432263 13.22259069 13.05985519 13.37280736 13.33168448 13.24792704
 13.20425865 13.28323931 13.19727777 13.07507544 13.14891165 13.07708202
 13.28348198 13.05195814 13.12304897 13.25969068 13.32004733 13.37118062
 13.06139082 13.17208089 13.05195814 13.06053812 13.25715372 13.35753722
 13.13548445 13.40491507 13.35247617 13.0453737  13.29214594 13.04815288
 13.25307115 13.05057648 13.39266238 13.06224266 13.05092221 13.15851386
 13.29642636 13.20286866 13.17208089 13.28007512 13.16915504 13.47786564
 13.15011937 13.37118062 13.21717529 13.26623445 13.21608644 13.06428328
 13.06156132 13.28614397 13.3020807  13.0536817  13.0730635  13.27615563
 13.37845586 13.30278323 13.05402602 13.05780274 13.35205193 13.06019668
 13.2868677  13.06156132 13.30395213 13.05195814 13.0636037  13.06428328
 13.06969844 13.26723452 13.18135718 13.38797721 13.07841678 13.36626551
 13.07974913 13.22474344 13.05540153 13.08240688 13.07641369 13.41755799
 13.09425104 13.16385562] 704
bidsort lists= 704 704
 704
SNAP 39
EPS 0.03009824850709341
galrad= 0.01
!!! agesel
Found 1267 stars.
Rotated pos.
Rotated vel.
Calculating circularities
dty= [12.98524443 13.02081154 13.01883537 ... 13.03943529 13.20841022
 13.08505527] 1123
glb= [12.98524443 13.02081154 13.01883537 ... 13.03943529 13.20841022
 13.08505527] 1123
bidsort lists= 1123 1123
 1123
SNAP 40
EPS -0.008616357497546677
galrad= 0.01
!!! agesel
Found 1384 stars.
Rotated pos.
Rotated vel.
Calculating circularities
dty= [12.95435334 13.35459149 13.15462936 ... 13.07708202 12.95221546
 13.25613581] 1759
glb= [12.95435334 13.35459149 13.15462936 ... 13.07708202 12.95221546
 13.25613581] 1759
bidsort lists= 1759 1759
 1759
SNAP 41
EPS -0.019094671989070278
galrad= 0.01
!!! agesel
Found 1311 stars.
Rotated pos.
Rotated vel.
Calculating circularities
dty= [13.0259985  12.89186222 13.04293388 ... 13.13610049 12.91079714
 12.94361182] 1646
glb= [13.0259985  12.89186222 13.04293388 ... 13.13610049 12.91079714
 12.94361182] 1646
bidsort lists= 1646 1646
 1646
SNAP 42
EPS -0.04431354234245906
galrad= 0.01
!!! agesel
Found 1092 stars.
Rotated pos.
Rotated vel.
Calculating circularities
dty= [12.96419783 13.08983158 12.89186222 ... 13.16029918 13.14770177
 13.16974123] 2341
glb= [12.96419783 13.08983158 12.89186222 ... 13.16029918 13.14770177
 13.16974123] 2341
bidsort lists= 2341 2341
 2341
SNAP 43
EPS 0.04764523773478363
galrad= 0.01
!!! agesel
Found 1284 stars.
Rotated pos.
Rotated vel.
Calculating circularities
dty= [12.84847931 12.96419783 13.03309866 ... 12.80310028 13.12991576
 12.8012788 ] 3302
glb= [12.84847931 12.96419783 13.03309866 ... 12.80310028 13.12991576
 12.8012788 ] 3302
bidsort lists= 3302 3302
 3302
SNAP 44
EPS -0.03090434476179009
galrad= 0.01
!!! agesel
Found 2694 stars.
Rotated pos.
Rotated vel.
Calculating circularities
dty= [12.85151932 12.80287282 13.02314088 ... 12.67572665 12.67674832
 12.76133036] 4672
glb= [12.85151932 12.80287282 13.02314088 ... 12.67572665 12.67674832
 12.76133036] 4672
bidsort lists= 4672 4672
 4672
SNAP 45
EPS 0.0223926548983479
galrad= 0.01
!!! agesel
Found 2748 stars.
Rotated pos.
Rotated vel.
Calculating circularities
dty= [12.79579503 12.98524443 13.01883537 ... 12.58331482 13.16267223
 12.60735482] 6504
glb= [12.79579503 12.98524443 13.01883537 ... 12.58331482 13.16267223
 12.60735482] 6504
bidsort lists= 6504 6504
 6504
SNAP 46
EPS 0.03754372012998879
galrad= 0.01
!!! agesel
Found 877 stars.
Rotated pos.
Rotated vel.
Calculating circularities
dty= [12.62761305 12.48267272 12.92695278 ... 12.47879437 12.49424143
 12.50951353] 2559
glb= [12.62761305 12.48267272 12.92695278 ... 12.47879437 12.49424143
 12.50951353] 2559
bidsort lists= 2559 2559
 2559
SNAP 47
EPS 0.01427693901704346
galrad= 0.01
!!! agesel
Found 892 stars.
Rotated pos.
Rotated vel.
Calculating circularities
dty= [12.88056784 12.4784955  13.37604367 ... 12.38870866 12.54452572
 12.57111947] 3392
glb= [12.88056784 12.4784955  13.37604367 ... 12.38870866 12.54452572
 12.57111947] 3392
bidsort lists= 3392 3392
 3392
SNAP 48
EPS 0.09034427063394113
galrad= 0.01
!!! agesel
Found 2000 stars.
Rotated pos.
Rotated vel.
Calculating circularities
dty= [13.17091212 12.80219005 12.88056784 ... 12.4716054  12.43632074
 12.37976401] 4629
glb= [13.17091212 12.80219005 12.88056784 ... 12.4716054  12.43632074
 12.37976401] 4629
bidsort lists= 4629 4629
 4629
SNAP 49
EPS 0.011098683905943601
galrad= 0.01
!!! agesel
Found 3075 stars.
Rotated pos.
Rotated vel.
Calculating circularities
dty= [12.80899805 12.92935168 12.23071894 ... 12.17142059 12.36430242
 12.35911233] 7020
glb= [12.80899805 12.92935168 12.23071894 ... 12.17142059 12.36430242
 12.35911233] 7020
bidsort lists= 7020 7020
 7020
SNAP 50
EPS -0.026513419593128317
galrad= 0.01
!!! agesel
Found 2875 stars.
Rotated pos.
Rotated vel.
Calculating circularities
dty= [12.36349255 12.42735864 12.10862659 ... 12.05643601 12.0501714
 13.13855914] 19705
glb= [12.36349255 12.42735864 12.10862659 ... 12.05643601 12.0501714
 13.13855914] 19705
bidsort lists= 19705 19705
 19705
SNAP 51
EPS 0.022337428069841965
galrad= 0.01
!!! agesel
Found 6157 stars.
Rotated pos.
Rotated vel.
Calculating circularities
dty= [12.07626009 12.07006438 11.99744829 ... 12.07045226 12.03441429
 12.05956034] 18057
glb= [12.07626009 12.07006438 11.99744829 ... 12.07045226 12.03441429
 12.05956034] 18057
bidsort lists= 18057 18057
 18057
SNAP 52
EPS 0.045274300783779114
galrad= 0.01
!!! agesel
Found 5315 stars.
Rotated pos.
Rotated vel.
Calculating circularities
dty= [12.19935836 12.12806347 11.8163274  ... 12.23177756 12.40328511
 12.74126363] 29255
glb= [12.19935836 12.12806347 11.8163274  ... 12.23177756 12.40328511
 12.74126363] 29255
bidsort lists= 29255 29255
 29255
SNAP 53
EPS 0.08293253217894844
galrad= 0.01
!!! agesel
Found 8637 stars.
Rotated pos.
Rotated vel.
Calculating circularities
dty= [11.71796304 11.72352333 12.28673098 ... 11.99057368 11.60064225
 12.90875765] 51450
glb= [11.71796304 11.72352333 12.28673098 ... 11.99057368 11.60064225
 12.90875765] 51450
bidsort lists= 51450 51450
 51450
SNAP 54
EPS 0.08906729984713352
galrad= 0.01
!!! agesel
Found 9510 stars.
Rotated pos.
Rotated vel.
Calculating circularities
dty= [12.98524443 12.19314029 12.94046249 ... 13.27418541 12.1103337
 12.51650355] 69347
glb= [12.98524443 12.19314029 12.94046249 ... 13.27418541 12.1103337
 12.51650355] 69347
bidsort lists= 69347 69347
 69347
SNAP 55
EPS 0.10543603204014534
galrad= 0.01
!!! agesel
Found 6766 stars.
Rotated pos.
Rotated vel.
Calculating circularities
dty= [12.57750893 12.50131164 12.49719195 ... 12.18381453 12.52461234
 11.94858269] 77883
glb= [12.57750893 12.50131164 12.49719195 ... 12.18381453 12.52461234
 11.94858269] 77883
bidsort lists= 77883 77883
 77883
SNAP 56
EPS 0.18048724997120974
galrad= 0.01
!!! agesel
Found 6587 stars.
Rotated pos.
Rotated vel.
Calculating circularities
dty= [12.6924694  12.50131164 12.57750893 ... 12.22187085 12.64465557
 12.69297302] 88007
glb= [12.6924694  12.50131164 12.57750893 ... 12.22187085 12.64465557
 12.69297302] 88007
bidsort lists= 88007 88007
 88007
SNAP 57
EPS 0.27467016432423935
galrad= 0.01
!!! agesel
Found 7939 stars.
Rotated pos.
Rotated vel.
Calculating circularities
dty= [11.71796304 12.19899854 12.20214441 ... 13.00138334 12.79120316
 12.86828597] 98086
glb= [11.71796304 12.19899854 12.20214441 ... 13.00138334 12.79120316
 12.86828597] 98086
bidsort lists= 98086 98086
 98086
SNAP 58
EPS 0.25014714451055553
galrad= 0.01
!!! agesel
Found 6995 stars.
Rotated pos.
Rotated vel.
Calculating circularities
dty= [12.50131164 12.21109985 12.16940698 ... 12.59975617 12.70698353
 12.11487765] 108413
glb= [12.50131164 12.21109985 12.16940698 ... 12.59975617 12.70698353
 12.11487765] 108413
bidsort lists= 108413 108413
 108413
SNAP 59
EPS 0.28057495505122226
galrad= 0.01
!!! agesel
Found 8109 stars.
Rotated pos.
Rotated vel.
Calculating circularities
dty= [11.95932248 11.29117764 12.28673098 ... 12.66132872 11.95519894
 12.1027339 ] 120090
glb= [11.95932248 11.29117764 12.28673098 ... 12.66132872 11.95519894
 12.1027339 ] 120090
bidsort lists= 120090 120090
 120090
SNAP 60
EPS 0.35390219301504866
galrad= 0.01
!!! agesel
Found 8460 stars.
Rotated pos.
Rotated vel.
Calculating circularities
dty= [12.28673098 12.50131164 12.57750893 ... 11.84305118 11.82108186
 10.60549292] 133180
glb= [12.28673098 12.50131164 12.57750893 ... 11.84305118 11.82108186
 10.60549292] 133180
bidsort lists= 133180 133180
 133180
SNAP 61
EPS 0.39085300013073343
galrad= 0.01
!!! agesel
Found 8446 stars.
Rotated pos.
Rotated vel.
Calculating circularities
dty= [11.49322102 11.23607815 12.19449403 ... 11.86305487 11.87771305
 11.15308081] 153415
glb= [11.49322102 11.23607815 12.19449403 ... 11.86305487 11.87771305
 11.15308081] 153415
bidsort lists= 153415 153415
 153415
SNAP 62
EPS 0.43868299065692357
galrad= 0.01
!!! agesel
Found 9280 stars.
Rotated pos.
Rotated vel.
Calculating circularities
dty= [11.50910607 10.70506316 10.39882423 ... 11.85698783 11.8673774
 12.07045226] 171344
glb= [11.50910607 10.70506316 10.39882423 ... 11.85698783 11.8673774
 12.07045226] 171344
bidsort lists= 171344 171344
 171344
SNAP 63
EPS 0.4293876109434065