loading halo 28 level 4
/eagle/projects/Auriga/Auriga/level4/Original/mergertrees/Au-28/trees_sf1_127
Hubble parameter= 0.6777
There are 710 trees in file /eagle/projects/Auriga/Auriga/level4/Original/mergertrees/Au-28/trees_sf1_127.0.hdf5
Loading desc (Descendant) for blockname /Tree0.
Loading fnum (FileNr) for blockname /Tree0.
Loading fhfg (FirstHaloInFOFGroup) for blockname /Tree0.
Loading fpin (FirstProgenitor) for blockname /Tree0.
Loading fmc2 (Group_M_Crit200) for blockname /Tree0.
Loading fmm2 (Group_M_Mean200) for blockname /Tree0.
Loading fmt2 (Group_M_TopHat200) for blockname /Tree0.
Loading frc2 (Group_R_Crit200) for blockname /Tree0.
Loading nhfg (NextHaloInFOFGroup) for blockname /Tree0.
Loading npin (NextProgenitor) for blockname /Tree0.
Loading snum (SnapNum) for blockname /Tree0.
Loading sbhm (SubhaloBHMass) for blockname /Tree0.
Loading sbhd (SubhaloBHMdot) for blockname /Tree0.
Loading sgmt (SubhaloGasMetallicity) for blockname /Tree0.
Loading sgmf (SubhaloGasMetallicitySfr) for blockname /Tree0.
Loading sgnr (SubhaloGrNr) for blockname /Tree0.
Loading shmt (SubhaloHalfmassRadType) for blockname /Tree0.
Key SubhaloIDMostBound not found in conversion table, skipping.
Loading slen (SubhaloLen) for blockname /Tree0.
Loading slty (SubhaloLenType) for blockname /Tree0.
Loading smit (SubhaloMassInRadType) for blockname /Tree0.
Loading smty (SubhaloMassType) for blockname /Tree0.
Loading sbnr (SubhaloNumber) for blockname /Tree0.
Loading soty (SubhaloOffsetType) for blockname /Tree0.
Loading spos (SubhaloPos) for blockname /Tree0.
Loading ssfr (SubhaloSFR) for blockname /Tree0.
Loading ssfi (SubhaloSFRinRad) for blockname /Tree0.
Loading sspi (SubhaloSpin) for blockname /Tree0.
Loading ssmt (SubhaloStarMetallicity) for blockname /Tree0.
Loading ssph (SubhaloStellarPhotometrics) for blockname /Tree0.
Loading svmx (SubhaloVMax) for blockname /Tree0.
Loading svel (SubhaloVel) for blockname /Tree0.
Loading svdi (SubhaloVelDisp) for blockname /Tree0.
galrad= 0.01
!!! agesel
Found 17 stars.
Rotated pos.
Rotated vel.
Calculating circularities
dty= [13.4291138  13.43547117] 2
glb= [13.4291138  13.43547117] 2
bidsort lists= 2 2
 2
SNAP 30
EPS 0.7133701567427276
galrad= 0.01
!!! agesel
Found 30 stars.
Rotated pos.
Rotated vel.
Calculating circularities
dty= [13.43547117 13.3816522  13.44103759 13.39421307] 4
glb= [13.43547117 13.3816522  13.44103759 13.39421307] 4
bidsort lists= 4 4
 4
SNAP 31
EPS 0.3314399778029494
galrad= 0.01
!!! agesel
Found 62 stars.
Rotated pos.
Rotated vel.
Calculating circularities
dty= [13.49316115 13.37845586 13.44103759 13.46771415 13.34564369 13.43547117
 13.3816522  13.35543496 13.40264413 13.4291138  13.50434011 13.43547117
 13.3571175  13.37280736 13.36626551] 15
glb= [13.49316115 13.37845586 13.44103759 13.46771415 13.34564369 13.43547117
 13.3816522  13.35543496 13.40264413 13.4291138  13.50434011 13.43547117
 13.3571175  13.37280736 13.36626551] 15
bidsort lists= 15 15
 15
SNAP 32
EPS -0.32483853891874165
galrad= 0.01
!!! agesel
Found 121 stars.
Rotated pos.
Rotated vel.
Calculating circularities
dty= [13.49316115 13.32991159 13.33079883 13.31183218 13.33718453 13.33168448
 13.34002049 13.31914099 13.33212675 13.317551   13.33608936 13.34219095
 13.43547117 13.44103759 13.33124184 13.32522762 13.37845586 13.31959434
 13.32275669 13.37361862 13.38954446 13.3314632  13.35627701 13.31800579
 13.38797721 13.32857774 13.32724038] 27
glb= [13.49316115 13.32991159 13.33079883 13.31183218 13.33718453 13.33168448
 13.34002049 13.31914099 13.33212675 13.317551   13.33608936 13.34219095
 13.43547117 13.44103759 13.33124184 13.32522762 13.37845586 13.31959434
 13.32275669 13.37361862 13.38954446 13.3314632  13.35627701 13.31800579
 13.38797721 13.32857774 13.32724038] 27
bidsort lists= 27 27
 27
SNAP 33
EPS 0.0313980961461905
galrad= 0.01
!!! agesel
Found 174 stars.
Rotated pos.
Rotated vel.
Calculating circularities
dty= [13.28372448 13.49316115 13.30998875 13.28951328 13.29333837 13.29737289
 13.31366911 13.3816522  13.28348198 13.32991159 13.34219095 13.2950033
 13.30488539 13.317551   13.33124184 13.3314632  13.30114246 13.35522426
 13.33212675 13.31914099 13.33079883 13.34564369 13.30020258 13.31183218
 13.43547117 13.33718453 13.32589945 13.32365659 13.47786564 13.33168448
 13.31800579 13.32275669 13.31777844 13.35627701 13.30301723 13.3034849
 13.44103759 13.34650305 13.33124184 13.37361862 13.38954446 13.37845586
 13.35921233 13.36129783 13.31137191 13.29831783 13.34002049 13.33608936
 13.32991159 13.48529225 13.37684916 13.37845586 13.35162738 13.29071149
 13.3338918  13.37199475 13.35543496 13.30952686 13.28975313 13.30674687
 13.37280736 13.2868677 ] 62
glb= [13.28372448 13.49316115 13.30998875 13.28951328 13.29333837 13.29737289
 13.31366911 13.3816522  13.28348198 13.32991159 13.34219095 13.2950033
 13.30488539 13.317551   13.33124184 13.3314632  13.30114246 13.35522426
 13.33212675 13.31914099 13.33079883 13.34564369 13.30020258 13.31183218
 13.43547117 13.33718453 13.32589945 13.32365659 13.47786564 13.33168448
 13.31800579 13.32275669 13.31777844 13.35627701 13.30301723 13.3034849
 13.44103759 13.34650305 13.33124184 13.37361862 13.38954446 13.37845586
 13.35921233 13.36129783 13.31137191 13.29831783 13.34002049 13.33608936
 13.32991159 13.48529225 13.37684916 13.37845586 13.35162738 13.29071149
 13.3338918  13.37199475 13.35543496 13.30952686 13.28975313 13.30674687
 13.37280736 13.2868677 ] 62
bidsort lists= 62 62
 62
SNAP 34
EPS 0.027283128222325335
galrad= 0.01
!!! agesel
Found 217 stars.
Rotated pos.
Rotated vel.
Calculating circularities
dty= [13.23433704 13.24663385 13.29023253 13.28951328 13.29737289 13.3816522
 13.25816991 13.30998875 13.32275669 13.3020807  13.25994378 13.29333837
 13.26873126 13.49316115 13.28372448 13.34564369 13.24585656 13.32991159
 13.40264413 13.28348198 13.317551   13.32365659 13.30488539 13.37361862
 13.31183218 13.27713809 13.31914099 13.47472423 13.31366911 13.25613581
 13.30301723 13.32320683 13.30020258 13.3314632  13.43547117 13.47786564
 13.31777844 13.28445148 13.34305646 13.30906453 13.37845586 13.32589945
 13.34219095 13.24533783 13.27762873 13.33079883 13.35522426 13.29071149
 13.30161177 13.3020807  13.33718453 13.33124184 13.29547806 13.32991159
 13.4291138  13.25153271 13.33608936 13.26019677 13.25153271 13.299261
 13.43547117 13.3104502  13.32768657 13.30114246 13.31800579 13.25613581
 13.35627701 13.46771415 13.23644821 13.3338918  13.25816991 13.30395213
 13.31137191 13.31321047 13.34864484 13.24064824 13.32545166 13.27072076
 13.30952686 13.25101897 13.34262386 13.32857774 13.27615563] 83
glb= [13.23433704 13.24663385 13.29023253 13.28951328 13.29737289 13.3816522
 13.25816991 13.30998875 13.32275669 13.3020807  13.25994378 13.29333837
 13.26873126 13.49316115 13.28372448 13.34564369 13.24585656 13.32991159
 13.40264413 13.28348198 13.317551   13.32365659 13.30488539 13.37361862
 13.31183218 13.27713809 13.31914099 13.47472423 13.31366911 13.25613581
 13.30301723 13.32320683 13.30020258 13.3314632  13.43547117 13.47786564
 13.31777844 13.28445148 13.34305646 13.30906453 13.37845586 13.32589945
 13.34219095 13.24533783 13.27762873 13.33079883 13.35522426 13.29071149
 13.30161177 13.3020807  13.33718453 13.33124184 13.29547806 13.32991159
 13.4291138  13.25153271 13.33608936 13.26019677 13.25153271 13.299261
 13.43547117 13.3104502  13.32768657 13.30114246 13.31800579 13.25613581
 13.35627701 13.46771415 13.23644821 13.3338918  13.25816991 13.30395213
 13.31137191 13.31321047 13.34864484 13.24064824 13.32545166 13.27072076
 13.30952686 13.25101897 13.34262386 13.32857774 13.27615563] 83
bidsort lists= 83 83
 83
SNAP 35
EPS 0.041291120249371226
galrad= 0.01
!!! agesel
Found 198 stars.
Rotated pos.
Rotated vel.
Calculating circularities
dty= [13.19952004 13.28372448 13.25994378 13.24663385 13.20896166 13.32365659
 13.31914099 13.28951328 13.21143721 13.49316115 13.32275669 13.26873126
 13.24585656 13.37361862 13.37845586 13.32991159 13.34564369 13.30998875
 13.29737289 13.3816522  13.19896025 13.31183218 13.23433704 13.30535136
 13.20730582 13.317551   13.33718453 13.32946736 13.30906453 13.1916371
 13.32410593 13.31412732 13.32320683 13.25613581 13.31959434 13.4291138
 13.29023253 13.2166311  13.21988895 13.20978795 13.3020807  13.19952004
 13.30488539 13.40264413 13.21826217 13.39498636 13.21826217 13.29333837
 13.44103759 13.22366805 13.48159871 13.36171387 13.20398091 13.1916371
 13.27615563 13.35921233 13.19979977 13.2332786  13.35543496 13.31137191
 13.50434011 13.25816991 13.3338918  13.22151143 13.23115613 13.31366911
 13.33079883 13.29595243 13.27713809 13.30301723 13.3020807  13.32902276
 13.43547117 13.25613581 13.24637488 13.22205127 13.26246839 13.31321047
 13.2332786  13.31183218 13.28348198 13.20063823 13.28445148 13.46771415
 13.31959434 13.26019677 13.19671591 13.3314632  13.20286866 13.48529225
 13.299261   13.33124184 13.43547117 13.26372654 13.203425   13.27369179
 13.28445148 13.28348198 13.20425865 13.34219095 13.32589945 13.24533783
 13.27860861 13.47472423 13.31777844 13.23433704 13.20231178 13.34305646
 13.31595614 13.30020258 13.29023253 13.29071149 13.35205193 13.35522426
 13.2489595  13.21061318 13.31137191 13.30161177 13.2987896  13.25153271
 13.32320683 13.28153777 13.31321047 13.35627701 13.32724038 13.32522762
 13.30301723 13.25153271 13.25307115 13.26773386 13.26773386 13.299261
 13.21280826 13.27072076 13.30952686 13.25969068 13.35162738 13.48803666
 13.28734966 13.2987896  13.30441898 13.30674687 13.28879304 13.33740324
 13.33914965 13.20175441 13.35289994 13.23115613 13.32320683 13.23855194] 150
glb= [13.19952004 13.28372448 13.25994378 13.24663385 13.20896166 13.32365659
 13.31914099 13.28951328 13.21143721 13.49316115 13.32275669 13.26873126
 13.24585656 13.37361862 13.37845586 13.32991159 13.34564369 13.30998875
 13.29737289 13.3816522  13.19896025 13.31183218 13.23433704 13.30535136
 13.20730582 13.317551   13.33718453 13.32946736 13.30906453 13.1916371
 13.32410593 13.31412732 13.32320683 13.25613581 13.31959434 13.4291138
 13.29023253 13.2166311  13.21988895 13.20978795 13.3020807  13.19952004
 13.30488539 13.40264413 13.21826217 13.39498636 13.21826217 13.29333837
 13.44103759 13.22366805 13.48159871 13.36171387 13.20398091 13.1916371
 13.27615563 13.35921233 13.19979977 13.2332786  13.35543496 13.31137191
 13.50434011 13.25816991 13.3338918  13.22151143 13.23115613 13.31366911
 13.33079883 13.29595243 13.27713809 13.30301723 13.3020807  13.32902276
 13.43547117 13.25613581 13.24637488 13.22205127 13.26246839 13.31321047
 13.2332786  13.31183218 13.28348198 13.20063823 13.28445148 13.46771415
 13.31959434 13.26019677 13.19671591 13.3314632  13.20286866 13.48529225
 13.299261   13.33124184 13.43547117 13.26372654 13.203425   13.27369179
 13.28445148 13.28348198 13.20425865 13.34219095 13.32589945 13.24533783
 13.27860861 13.47472423 13.31777844 13.23433704 13.20231178 13.34305646
 13.31595614 13.30020258 13.29023253 13.29071149 13.35205193 13.35522426
 13.2489595  13.21061318 13.31137191 13.30161177 13.2987896  13.25153271
 13.32320683 13.28153777 13.31321047 13.35627701 13.32724038 13.32522762
 13.30301723 13.25153271 13.25307115 13.26773386 13.26773386 13.299261
 13.21280826 13.27072076 13.30952686 13.25969068 13.35162738 13.48803666
 13.28734966 13.2987896  13.30441898 13.30674687 13.28879304 13.33740324
 13.33914965 13.20175441 13.35289994 13.23115613 13.32320683 13.23855194] 150
bidsort lists= 150 150
 150
SNAP 36
EPS 0.041992516771734247
galrad= 0.01
!!! agesel
Found 306 stars.
Rotated pos.
Rotated vel.
Calculating circularities
dty= [13.19952004 13.15342961 13.21988895 13.17847245 13.21143721 13.14527559
 13.23115613 13.17412133 13.25994378 13.22366805 13.18279482 13.24663385
 13.27664712 13.32275669 13.34564369 13.20896166 13.14375485 13.24585656
 13.14436357 13.19952004 13.28372448 13.3816522  13.25816991 13.18765883
 13.14223074 13.29023253 13.36171387 13.29737289 13.29595243 13.1916371
 13.21826217 13.28951328 13.17149676 13.20978795 13.32365659 13.34305646
 13.40264413 13.2987896  13.49316115 13.39498636 13.23433704 13.20425865
 13.20286866 13.32991159 13.31686813 13.35522426 13.38954446 13.31183218
 13.3020807  13.2950033  13.20398091 13.2166311  13.30998875 13.1723728
 13.29666312 13.15162604 13.21826217 13.21554129 13.30114246 13.26873126
 13.31595614 13.32589945 13.37361862 13.317551   13.27983098 13.31183218
 13.15072241 13.31959434 13.29333837 13.15492893 13.34650305 13.203425
 13.30906453 13.27713809 13.2489595  13.32991159 13.30301723 13.25613581
 13.22151143 13.29831783 13.28348198 13.27615563 13.48159871 13.33168448
 13.33212675 13.2950033  13.37845586 13.23433704 13.38005687 13.31914099
 13.14648973 13.30488539 13.34002049 13.36129783 13.24637488 13.32320683
 13.43547117 13.33718453 13.16178336 13.16974123 13.47786564 13.28153777
 13.32410593 13.4291138  13.28348198 13.19979977 13.31800579 13.14497172
 13.31412732 13.22205127 13.33124184 13.44103759 13.18737371 13.14405923
 13.35627701 13.44652547 13.3020807  13.29071149 13.15672382 13.27369179
 13.33079883 13.28445148 13.19896025 13.30535136 13.43547117 13.17091212
 13.2332786  13.14951576 13.50434011 13.46771415 13.2279583  13.26019677
 13.26372654 13.22849244 13.31137191 13.35543496 13.16326424 13.35921233
 13.29547806 13.17615545 13.27860861 13.33124184 13.28445148 13.26019677
 13.29071149 13.20730582 13.14162013 13.31321047 13.32946736 13.15312937
 13.26773386 13.26372654 13.28975313 13.17324768 13.3338918  13.20702942
 13.1916371  13.26246839 13.32857774 13.16444656 13.17324768 13.15612603
 13.20896166 13.16267223 13.1916371  13.14921376 13.14588295 13.15072241
 13.31823304 13.16385562 13.26773386 13.37845586 13.30721127 13.16562682
 13.21988895 13.18594629 13.25613581 13.21280826 13.16029918 13.15672382
 13.20063823 13.19502746 13.16444656 13.16856828 13.16385562 13.15192696
 13.27517143 13.16385562 13.29642636 13.16029918 13.15761943 13.20841022
 13.34607358 13.2484435  13.15252842 13.17441235 13.1842292  13.53517749
 13.16856828 13.16621614 13.36872964 13.38085523 13.35459149 13.31504254
 13.20063823 13.19050295] 206
glb= [13.19952004 13.15342961 13.21988895 13.17847245 13.21143721 13.14527559
 13.23115613 13.17412133 13.25994378 13.22366805 13.18279482 13.24663385
 13.27664712 13.32275669 13.34564369 13.20896166 13.14375485 13.24585656
 13.14436357 13.19952004 13.28372448 13.3816522  13.25816991 13.18765883
 13.14223074 13.29023253 13.36171387 13.29737289 13.29595243 13.1916371
 13.21826217 13.28951328 13.17149676 13.20978795 13.32365659 13.34305646
 13.40264413 13.2987896  13.49316115 13.39498636 13.23433704 13.20425865
 13.20286866 13.32991159 13.31686813 13.35522426 13.38954446 13.31183218
 13.3020807  13.2950033  13.20398091 13.2166311  13.30998875 13.1723728
 13.29666312 13.15162604 13.21826217 13.21554129 13.30114246 13.26873126
 13.31595614 13.32589945 13.37361862 13.317551   13.27983098 13.31183218
 13.15072241 13.31959434 13.29333837 13.15492893 13.34650305 13.203425
 13.30906453 13.27713809 13.2489595  13.32991159 13.30301723 13.25613581
 13.22151143 13.29831783 13.28348198 13.27615563 13.48159871 13.33168448
 13.33212675 13.2950033  13.37845586 13.23433704 13.38005687 13.31914099
 13.14648973 13.30488539 13.34002049 13.36129783 13.24637488 13.32320683
 13.43547117 13.33718453 13.16178336 13.16974123 13.47786564 13.28153777
 13.32410593 13.4291138  13.28348198 13.19979977 13.31800579 13.14497172
 13.31412732 13.22205127 13.33124184 13.44103759 13.18737371 13.14405923
 13.35627701 13.44652547 13.3020807  13.29071149 13.15672382 13.27369179
 13.33079883 13.28445148 13.19896025 13.30535136 13.43547117 13.17091212
 13.2332786  13.14951576 13.50434011 13.46771415 13.2279583  13.26019677
 13.26372654 13.22849244 13.31137191 13.35543496 13.16326424 13.35921233
 13.29547806 13.17615545 13.27860861 13.33124184 13.28445148 13.26019677
 13.29071149 13.20730582 13.14162013 13.31321047 13.32946736 13.15312937
 13.26773386 13.26372654 13.28975313 13.17324768 13.3338918  13.20702942
 13.1916371  13.26246839 13.32857774 13.16444656 13.17324768 13.15612603
 13.20896166 13.16267223 13.1916371  13.14921376 13.14588295 13.15072241
 13.31823304 13.16385562 13.26773386 13.37845586 13.30721127 13.16562682
 13.21988895 13.18594629 13.25613581 13.21280826 13.16029918 13.15672382
 13.20063823 13.19502746 13.16444656 13.16856828 13.16385562 13.15192696
 13.27517143 13.16385562 13.29642636 13.16029918 13.15761943 13.20841022
 13.34607358 13.2484435  13.15252842 13.17441235 13.1842292  13.53517749
 13.16856828 13.16621614 13.36872964 13.38085523 13.35459149 13.31504254
 13.20063823 13.19050295] 206
bidsort lists= 206 206
 206
SNAP 37
EPS -0.01855826619615034
galrad= 0.01
!!! agesel
Found 159 stars.
Rotated pos.
Rotated vel.
Calculating circularities
dty= [13.21826217 13.10462194 13.13177692 13.14039733 13.14100902 13.50750634
 13.10590801 13.13548445 13.33827724 13.10622919 13.37604367 13.10719177
 13.10879338 13.24689273 13.10333357 13.25715372 13.20785829 13.32589945
 13.17962789 13.13425084 13.21061318 13.40942091 13.407174   13.11039133
 13.29737289 13.11990552 13.23750102 13.27762873 13.24585656 13.11990552
 13.28493556 13.38085523 13.43406721 13.12742647 13.16267223 13.3816522
 13.30721127 13.11230432 13.1180128  13.15432962 13.18537446 13.14223074
 13.31504254 13.13855914 13.34175763] 45
glb= [13.21826217 13.10462194 13.13177692 13.14039733 13.14100902 13.50750634
 13.10590801 13.13548445 13.33827724 13.10622919 13.37604367 13.10719177
 13.10879338 13.24689273 13.10333357 13.25715372 13.20785829 13.32589945
 13.17962789 13.13425084 13.21061318 13.40942091 13.407174   13.11039133
 13.29737289 13.11990552 13.23750102 13.27762873 13.24585656 13.11990552
 13.28493556 13.38085523 13.43406721 13.12742647 13.16267223 13.3816522
 13.30721127 13.11230432 13.1180128  13.15432962 13.18537446 13.14223074
 13.31504254 13.13855914 13.34175763] 45
bidsort lists= 45 45
 45
SNAP 38
EPS -0.12398470942993103
galrad= 0.01
!!! agesel
Found 650 stars.
Rotated pos.
Rotated vel.
Calculating circularities
dty= [13.17847245 13.07708202 13.19952004 13.08703537 13.05350953 13.12898328
 13.12304897 13.12711468 13.29333837 13.15342961 13.30488539 13.14375485
 13.14070327 13.12195032 13.18279482 13.49316115 13.13394204 13.09327118
 13.08306984 13.07440538 13.48159871 13.14039733 13.20896166 13.14223074
 13.14436357 13.21826217 13.13947887 13.31366911 13.21143721 13.34564369
 13.12508472 13.25994378 13.26873126 13.0536817  13.24585656 13.33608936
 13.07858344 13.08670571 13.06564066 13.32275669 13.3338918  13.17412133
 13.14527559 13.13332411 13.07891666 13.12304897 13.3816522  13.11071052
 13.30998875 13.11484706 13.10975256 13.1217933  13.11309988 13.28372448
 13.08835257 13.2950033  13.30535136 13.29737289 13.19896025 13.05471408
 13.28951328 13.20978795 13.06699562 13.08207518 13.31137191 13.32991159
 13.06496224 13.2166311  13.04745891 13.1180128  13.24663385 13.40264413
 13.18737371 13.23433704 13.06496224 13.09327118 13.15072241 13.1252411
 13.35543496 13.21826217 13.17149676 13.06019668 13.17324768 13.30114246
 13.0584875  13.05951352 13.08604598 13.10943297 13.12836097 13.05333734
 13.29023253 13.17615545 13.06665711 13.07003562 13.29166819 13.1916371
 13.31914099 13.1255537  13.33718453 13.25816991 13.08224104 13.05540153
 13.22205127 13.06716482 13.07641369 13.30906453 13.27983098 13.08637593
 13.10365587 13.19952004 13.14039733 13.33168448 13.31959434 13.32365659
 13.34650305 13.10879338 13.15672382 13.06258311 13.17091212 13.0567746
 13.31183218 13.14648973 13.317551   13.06258311 13.1723728  13.20730582
 13.05951352 13.21988895 13.15162604 13.0536817  13.0536817  13.1255537
 13.22366805 13.04502564 13.05161297 13.37361862 13.39498636 13.14405923
 13.44103759 13.10430005 13.06665711 13.11563982 13.20398091 13.2950033
 13.10010269 13.27713809 13.31412732 13.08687054 13.11357683 13.11484706
 13.13640831 13.13208664 13.44652547 13.07708202 13.33212675 13.08306984
 13.10317237 13.13239624 13.18765883 13.37684916 13.29595243 13.08835257
 13.27615563 13.47786564 13.1217933  13.11007204 13.30395213 13.32946736
 13.32991159 13.4291138  13.05780274 13.10075007 13.09783262 13.50434011
 13.04572157 13.29666312 13.11309988 13.08604598 13.10751236 13.47472423
 13.37845586 13.32410593 13.09130767 13.20425865 13.3104502  13.14951576
 13.3020807  13.06462282 13.11262262 13.08240688 13.08670571 13.12508472
 13.09848194 13.04815288 13.23592114 13.2489595  13.31183218 13.3020807
 13.23592114 13.05574505 13.06019668 13.22151143 13.181645   13.06394355
 13.06936114 13.26773386 13.15492893 13.32902276 13.06292352 13.3034849
 13.08999572 13.20702942 13.15312937 13.32320683 13.20286866 13.26372654
 13.36129783 13.31686813 13.09783262 13.24637488 13.23115613 13.1916371
 13.10911327 13.29023253 13.13978513 13.23433704 13.12304897 13.25613581
 13.09977887 13.11007204 13.08736491 13.16267223 13.24012485 13.36171387
 13.26623445 13.10075007 13.15612603 13.10365587 13.05126762 13.13579256
 13.34002049 13.43547117 13.31959434 13.26246839 13.1348679  13.10751236
 13.33079883 13.09359798 13.09815734 13.15132494 13.29547806 13.08306984
 13.07607936 13.16178336 13.17149676 13.26773386 13.24533783 13.09032394
 13.06868599 13.08174338 13.31321047 13.32589945 13.07741593 13.34650305
 13.15072241 13.04641702 13.2489595  13.25153271 13.35921233 13.19502746
 13.06258311 13.10783284 13.16974123 13.13270566 13.27664712 13.09065199
 13.09294433 13.09653226 13.31800579 13.17847245 13.09327118 13.17557491
 13.28348198 13.08670571 13.25969068 13.25153271 13.12586619 13.07104624
 13.14588295 13.25816991 13.30161177 13.34305646 13.1180128  13.27072076
 13.04432896 13.06631848 13.09229008 13.08736491 13.1217933  13.28734966
 13.11150787 13.05917165 13.33124184 13.09522952 13.35627701 13.38954446
 13.21988895 13.20896166 13.30301723 13.18365583 13.10751236 13.14921376
 13.10365587 13.27369179 13.08604598 13.10526524 13.14497172 13.12242139
 13.15372975 13.04953871 13.2332786  13.33740324 13.2279583  13.11959042
 13.28348198 13.0584875  13.28445148 13.07171926 13.19979977 13.06019668
 13.26019677 13.10847332 13.23750102 13.36790971 13.10107348 13.06224266
 13.04398033 13.07407013 13.0971827  13.10268857 13.07104624 13.04676446
 13.26019677 13.43547117 13.2987896  13.24064824 13.203425   13.25307115
 13.28445148 13.09261729 13.09783262 13.07205553 13.07138281 13.19220341
 13.10397805 13.11166725 13.30441898 13.35543496 13.2327487  13.46771415
 13.37845586 13.38797721 13.08174338 13.29595243 13.35522426 13.07171926
 13.24012485 13.11007204 13.33124184 13.17208089 13.38005687 13.04467739
 13.10558671 13.28153777 13.29071149 13.16326424 13.31595614 13.16029918
 13.11039133 13.26372654 13.05264805 13.08306984 13.3314632  13.06428328
 13.299261   13.40566939 13.04815288 13.05057648 13.32320683 13.29071149
 13.24273711 13.34219095 13.29831783 13.10075007 13.07171926 13.30020258
 13.30952686 13.10365587 13.12991576 13.0636037  13.39883224 13.05608837
 13.1255537  13.07875009 13.25613581 13.17383027 13.38640434 13.07674791
 13.16326424 13.05643151 13.06530155 13.27517143 13.2332786  13.22849244
 13.07373471 13.40036104 13.30581695 13.48529225 13.08107921 13.32768657
 13.11579823 13.299261   13.11325888 13.17091212 13.11643168 13.23644821
 13.10687107 13.16444656 13.13794528 13.20063823 13.19333457 13.18651763
 13.11421221 13.04502564 13.17557491 13.17266454 13.31321047 13.10943297
 13.18106932 13.12680277 13.18078128 13.35162738 13.15072241 13.06530155
 13.04502564 13.09620676 13.16562682 13.19671591 13.17324768 13.14223074
 13.19220341 13.08174338 13.32522762 13.09032394 13.11484706 13.32545166
 13.1916371  13.13177692 13.25816991 13.09555543 13.10526524 13.13579256
 13.31137191 13.16562682 13.12430244 13.09815734 13.14284077 13.1665106
 13.13855914 13.18594629 13.15910951 13.34693221 13.07574484 13.1659215
 13.16444656 13.29071149 13.34607358 13.16148677 13.05540153 13.35289994
 13.0453737  13.05195814 13.35205193 13.17266454 13.30674687 13.07138281
 13.11643168 13.10655019 13.15252842 13.17032692 13.05471408 13.18365583
 13.11484706 13.04884611 13.14527559 13.29737289 13.35289994 13.1842292
 13.04953871 13.06699562 13.05985519 13.05264805 13.31504254 13.39421307
 13.1373309  13.20398091 13.16915504 13.05608837 13.05746021 13.05402602
 13.06834821 13.32500349 13.18765883 13.07974913 13.0567746  13.19446366
 13.08505527 13.05195814 13.23855194 13.24377881 13.05746021 13.04849952
 13.06902366 13.06564066 13.2332786  13.20951269 13.06631848 13.30767517
 13.06767222 13.07574484 13.09359798 13.28202448 13.08505527 13.06087924
 13.07774966 13.28975313] 536
glb= [13.17847245 13.07708202 13.19952004 13.08703537 13.05350953 13.12898328
 13.12304897 13.12711468 13.29333837 13.15342961 13.30488539 13.14375485
 13.14070327 13.12195032 13.18279482 13.49316115 13.13394204 13.09327118
 13.08306984 13.07440538 13.48159871 13.14039733 13.20896166 13.14223074
 13.14436357 13.21826217 13.13947887 13.31366911 13.21143721 13.34564369
 13.12508472 13.25994378 13.26873126 13.0536817  13.24585656 13.33608936
 13.07858344 13.08670571 13.06564066 13.32275669 13.3338918  13.17412133
 13.14527559 13.13332411 13.07891666 13.12304897 13.3816522  13.11071052
 13.30998875 13.11484706 13.10975256 13.1217933  13.11309988 13.28372448
 13.08835257 13.2950033  13.30535136 13.29737289 13.19896025 13.05471408
 13.28951328 13.20978795 13.06699562 13.08207518 13.31137191 13.32991159
 13.06496224 13.2166311  13.04745891 13.1180128  13.24663385 13.40264413
 13.18737371 13.23433704 13.06496224 13.09327118 13.15072241 13.1252411
 13.35543496 13.21826217 13.17149676 13.06019668 13.17324768 13.30114246
 13.0584875  13.05951352 13.08604598 13.10943297 13.12836097 13.05333734
 13.29023253 13.17615545 13.06665711 13.07003562 13.29166819 13.1916371
 13.31914099 13.1255537  13.33718453 13.25816991 13.08224104 13.05540153
 13.22205127 13.06716482 13.07641369 13.30906453 13.27983098 13.08637593
 13.10365587 13.19952004 13.14039733 13.33168448 13.31959434 13.32365659
 13.34650305 13.10879338 13.15672382 13.06258311 13.17091212 13.0567746
 13.31183218 13.14648973 13.317551   13.06258311 13.1723728  13.20730582
 13.05951352 13.21988895 13.15162604 13.0536817  13.0536817  13.1255537
 13.22366805 13.04502564 13.05161297 13.37361862 13.39498636 13.14405923
 13.44103759 13.10430005 13.06665711 13.11563982 13.20398091 13.2950033
 13.10010269 13.27713809 13.31412732 13.08687054 13.11357683 13.11484706
 13.13640831 13.13208664 13.44652547 13.07708202 13.33212675 13.08306984
 13.10317237 13.13239624 13.18765883 13.37684916 13.29595243 13.08835257
 13.27615563 13.47786564 13.1217933  13.11007204 13.30395213 13.32946736
 13.32991159 13.4291138  13.05780274 13.10075007 13.09783262 13.50434011
 13.04572157 13.29666312 13.11309988 13.08604598 13.10751236 13.47472423
 13.37845586 13.32410593 13.09130767 13.20425865 13.3104502  13.14951576
 13.3020807  13.06462282 13.11262262 13.08240688 13.08670571 13.12508472
 13.09848194 13.04815288 13.23592114 13.2489595  13.31183218 13.3020807
 13.23592114 13.05574505 13.06019668 13.22151143 13.181645   13.06394355
 13.06936114 13.26773386 13.15492893 13.32902276 13.06292352 13.3034849
 13.08999572 13.20702942 13.15312937 13.32320683 13.20286866 13.26372654
 13.36129783 13.31686813 13.09783262 13.24637488 13.23115613 13.1916371
 13.10911327 13.29023253 13.13978513 13.23433704 13.12304897 13.25613581
 13.09977887 13.11007204 13.08736491 13.16267223 13.24012485 13.36171387
 13.26623445 13.10075007 13.15612603 13.10365587 13.05126762 13.13579256
 13.34002049 13.43547117 13.31959434 13.26246839 13.1348679  13.10751236
 13.33079883 13.09359798 13.09815734 13.15132494 13.29547806 13.08306984
 13.07607936 13.16178336 13.17149676 13.26773386 13.24533783 13.09032394
 13.06868599 13.08174338 13.31321047 13.32589945 13.07741593 13.34650305
 13.15072241 13.04641702 13.2489595  13.25153271 13.35921233 13.19502746
 13.06258311 13.10783284 13.16974123 13.13270566 13.27664712 13.09065199
 13.09294433 13.09653226 13.31800579 13.17847245 13.09327118 13.17557491
 13.28348198 13.08670571 13.25969068 13.25153271 13.12586619 13.07104624
 13.14588295 13.25816991 13.30161177 13.34305646 13.1180128  13.27072076
 13.04432896 13.06631848 13.09229008 13.08736491 13.1217933  13.28734966
 13.11150787 13.05917165 13.33124184 13.09522952 13.35627701 13.38954446
 13.21988895 13.20896166 13.30301723 13.18365583 13.10751236 13.14921376
 13.10365587 13.27369179 13.08604598 13.10526524 13.14497172 13.12242139
 13.15372975 13.04953871 13.2332786  13.33740324 13.2279583  13.11959042
 13.28348198 13.0584875  13.28445148 13.07171926 13.19979977 13.06019668
 13.26019677 13.10847332 13.23750102 13.36790971 13.10107348 13.06224266
 13.04398033 13.07407013 13.0971827  13.10268857 13.07104624 13.04676446
 13.26019677 13.43547117 13.2987896  13.24064824 13.203425   13.25307115
 13.28445148 13.09261729 13.09783262 13.07205553 13.07138281 13.19220341
 13.10397805 13.11166725 13.30441898 13.35543496 13.2327487  13.46771415
 13.37845586 13.38797721 13.08174338 13.29595243 13.35522426 13.07171926
 13.24012485 13.11007204 13.33124184 13.17208089 13.38005687 13.04467739
 13.10558671 13.28153777 13.29071149 13.16326424 13.31595614 13.16029918
 13.11039133 13.26372654 13.05264805 13.08306984 13.3314632  13.06428328
 13.299261   13.40566939 13.04815288 13.05057648 13.32320683 13.29071149
 13.24273711 13.34219095 13.29831783 13.10075007 13.07171926 13.30020258
 13.30952686 13.10365587 13.12991576 13.0636037  13.39883224 13.05608837
 13.1255537  13.07875009 13.25613581 13.17383027 13.38640434 13.07674791
 13.16326424 13.05643151 13.06530155 13.27517143 13.2332786  13.22849244
 13.07373471 13.40036104 13.30581695 13.48529225 13.08107921 13.32768657
 13.11579823 13.299261   13.11325888 13.17091212 13.11643168 13.23644821
 13.10687107 13.16444656 13.13794528 13.20063823 13.19333457 13.18651763
 13.11421221 13.04502564 13.17557491 13.17266454 13.31321047 13.10943297
 13.18106932 13.12680277 13.18078128 13.35162738 13.15072241 13.06530155
 13.04502564 13.09620676 13.16562682 13.19671591 13.17324768 13.14223074
 13.19220341 13.08174338 13.32522762 13.09032394 13.11484706 13.32545166
 13.1916371  13.13177692 13.25816991 13.09555543 13.10526524 13.13579256
 13.31137191 13.16562682 13.12430244 13.09815734 13.14284077 13.1665106
 13.13855914 13.18594629 13.15910951 13.34693221 13.07574484 13.1659215
 13.16444656 13.29071149 13.34607358 13.16148677 13.05540153 13.35289994
 13.0453737  13.05195814 13.35205193 13.17266454 13.30674687 13.07138281
 13.11643168 13.10655019 13.15252842 13.17032692 13.05471408 13.18365583
 13.11484706 13.04884611 13.14527559 13.29737289 13.35289994 13.1842292
 13.04953871 13.06699562 13.05985519 13.05264805 13.31504254 13.39421307
 13.1373309  13.20398091 13.16915504 13.05608837 13.05746021 13.05402602
 13.06834821 13.32500349 13.18765883 13.07974913 13.0567746  13.19446366
 13.08505527 13.05195814 13.23855194 13.24377881 13.05746021 13.04849952
 13.06902366 13.06564066 13.2332786  13.20951269 13.06631848 13.30767517
 13.06767222 13.07574484 13.09359798 13.28202448 13.08505527 13.06087924
 13.07774966 13.28975313] 536
bidsort lists= 536 536
 536
SNAP 39
EPS 0.00806293735897878
galrad= 0.01
!!! agesel
Found 293 stars.
Rotated pos.
Rotated vel.
Calculating circularities
dty= [13.407174   13.22955937 13.12742647 13.16267223 13.24689273 13.17441235
 13.01015571 13.00651175 12.99640791 13.14223074 13.29737289 12.9871152
 13.34693221 13.00211789 13.21061318 13.37604367 13.00248502 13.13855914
 13.01088252 12.98468233 13.00651175 13.18537446 13.01450709 13.16148677
 13.01051914 12.98692841 12.98730212 13.46122152 13.33827724 13.01160869
 12.99474271 13.00395159 13.23750102 12.99363089 12.98393226 13.17962789
 13.27762873 13.2632236  13.31137191 13.41091222 13.02457094 13.17731497
 13.37845586 12.99363089 13.02314088 13.15432962 13.24585656 13.34521344
 13.28493556 13.32589945 13.04502564 13.23539353 13.27022402 13.11039133
 13.30721127 12.98543162 12.98879556 13.00979194 13.37036504 12.98730212
 13.20785829 12.98730212 13.11611501 12.9977006  12.98355707 12.99214605
 13.06087924 13.00468385 13.4086733  12.98655437 12.99214605 13.38085523
 12.98991387 13.03521646 13.16915504 13.03662517 13.06428328 13.43406721
 13.3816522  13.16974123 13.2692293  13.00651175 13.14891165 13.03592106
 13.00211789 13.05402602 13.12867218 12.99696208 12.99511302 13.10204297
 13.21826217 12.99622307 13.09750772 13.50750634 13.03521646 13.01305916
 13.02528503 13.07239168 13.27517143 12.99696208 13.00138334 13.08769427
 12.99325993 13.04083655 12.98916843 13.06631848 13.0259985  12.98804909
 13.23855194 13.23855194 13.16503694 13.01414536 13.0202731  13.01522998
 13.11611501 13.20175441 13.04293388 13.0035851  13.02742355 13.04363166
 13.0035851  13.0588296  13.0380314  13.06969844 13.14466767 13.00724186
 12.99622307 12.99991218 13.12367596 12.99028629 13.1373309  13.00321855
 13.01269679 13.00138334 12.99954397 13.03097512 12.99400164 13.08703537
 13.0380314  13.05574505 13.30674687 12.98580611 13.25715372 12.99733151
 13.01015571 13.1348679  13.00578114 13.03943529 12.99251745 13.00870005
 13.01450709 13.04363166 13.02955645 13.09032394 13.06834821 12.99177432
 13.10590801 13.01559127 13.01015571 13.04293388 13.04884611 13.09815734
 12.99696208 13.00651175 13.0202731  13.0453737  13.00724186 13.0502307
 13.18594629 13.04988487 13.02564193 12.9977006  13.01739513 13.00942813
 13.03592106 13.13239624 13.04083655 12.99622307 13.03592106 13.31595614] 180
glb= [13.407174   13.22955937 13.12742647 13.16267223 13.24689273 13.17441235
 13.01015571 13.00651175 12.99640791 13.14223074 13.29737289 12.9871152
 13.34693221 13.00211789 13.21061318 13.37604367 13.00248502 13.13855914
 13.01088252 12.98468233 13.00651175 13.18537446 13.01450709 13.16148677
 13.01051914 12.98692841 12.98730212 13.46122152 13.33827724 13.01160869
 12.99474271 13.00395159 13.23750102 12.99363089 12.98393226 13.17962789
 13.27762873 13.2632236  13.31137191 13.41091222 13.02457094 13.17731497
 13.37845586 12.99363089 13.02314088 13.15432962 13.24585656 13.34521344
 13.28493556 13.32589945 13.04502564 13.23539353 13.27022402 13.11039133
 13.30721127 12.98543162 12.98879556 13.00979194 13.37036504 12.98730212
 13.20785829 12.98730212 13.11611501 12.9977006  12.98355707 12.99214605
 13.06087924 13.00468385 13.4086733  12.98655437 12.99214605 13.38085523
 12.98991387 13.03521646 13.16915504 13.03662517 13.06428328 13.43406721
 13.3816522  13.16974123 13.2692293  13.00651175 13.14891165 13.03592106
 13.00211789 13.05402602 13.12867218 12.99696208 12.99511302 13.10204297
 13.21826217 12.99622307 13.09750772 13.50750634 13.03521646 13.01305916
 13.02528503 13.07239168 13.27517143 12.99696208 13.00138334 13.08769427
 12.99325993 13.04083655 12.98916843 13.06631848 13.0259985  12.98804909
 13.23855194 13.23855194 13.16503694 13.01414536 13.0202731  13.01522998
 13.11611501 13.20175441 13.04293388 13.0035851  13.02742355 13.04363166
 13.0035851  13.0588296  13.0380314  13.06969844 13.14466767 13.00724186
 12.99622307 12.99991218 13.12367596 12.99028629 13.1373309  13.00321855
 13.01269679 13.00138334 12.99954397 13.03097512 12.99400164 13.08703537
 13.0380314  13.05574505 13.30674687 12.98580611 13.25715372 12.99733151
 13.01015571 13.1348679  13.00578114 13.03943529 12.99251745 13.00870005
 13.01450709 13.04363166 13.02955645 13.09032394 13.06834821 12.99177432
 13.10590801 13.01559127 13.01015571 13.04293388 13.04884611 13.09815734
 12.99696208 13.00651175 13.0202731  13.0453737  13.00724186 13.0502307
 13.18594629 13.04988487 13.02564193 12.9977006  13.01739513 13.00942813
 13.03592106 13.13239624 13.04083655 12.99622307 13.03592106 13.31595614] 180
bidsort lists= 180 180
 180
SNAP 40
EPS -0.05972469084137301
galrad= 0.01
!!! agesel
Found 557 stars.
Rotated pos.
Rotated vel.
Calculating circularities
dty= [13.27762873 12.93492419 13.24689273 13.21061318 13.28493556 13.29737289
 12.99640791 12.99474271 13.407174   12.96573195 12.98916843 12.93967343
 12.98261816 13.01051914 13.12742647 12.93927853 12.93730201 12.95182626
 13.02528503 12.92595135 12.92294066 12.94400479 12.96131383 13.16267223
 13.17962789 12.95571115 12.98730212 13.38085523 13.23750102 12.95880678
 12.96630656 13.15432962 12.94085678 13.00211789 13.50750634 12.96112133
 12.94321878 13.01015571 12.95687331 12.94125088 13.01414536 12.96362176
 12.93967343 13.00395159 13.01305916 12.96246855 12.9345273  13.17441235
 13.37604367 13.0035851  13.33827724 13.03521646 12.94675016 12.97146112
 12.93472576 13.16915504 12.96554034 13.30721127 13.03662517 12.9245476
 12.97165144 13.05402602 13.00248502 13.14223074 13.00651175 13.37845586
 13.2692293  13.32589945 13.00138334 13.0380314  12.9498774  13.03521646
 12.95803382 12.9496822  12.98543162 13.02742355 12.97069939 12.93174415
 13.07875009 12.96821934 13.03097512 12.95996474 12.92494897 13.04083655
 13.43406721 12.96208384 12.99991218 12.97374212 13.06631848 13.00321855
 12.96362176 12.92494897 12.92695278 13.06428328 12.99696208 13.16503694
 12.92615172 12.96323751 12.93690604 13.20785829 12.92775303 13.0804145
 13.06087924 12.93254012 12.97069939 13.07239168 13.21826217 13.1373309
 12.92173347 12.93670804 13.18537446 12.98468233 12.97734142 12.95454747
 13.09750772 13.04363166 12.96573195 12.98804909 12.98318169 12.96879226
 13.00211789 12.94870588 13.02457094 13.31137191 12.94321878 13.46122152
 12.95706683 12.94282554 12.99363089 12.9871152  13.01269679 13.1348679
 12.97069939 13.11516425 13.08835257 13.24585656 12.98730212 12.93333557
 12.97412171 12.93014979 12.97069939 12.94321878 12.92334256 13.01450709
 12.98186635 12.93651002 12.95532345 13.14891165 13.10397805 12.96573195
 12.93333557 12.95046246 12.97601715 12.93492419 12.94439743 12.95026746
 13.0202731  13.34521344 12.97279239 12.99954397 12.9638138  13.02884611
 12.96764586 13.06969844 13.16148677 13.37036504 13.14770177 13.27022402
 13.22955937 12.96534872 13.21826217 12.94635844 12.96208384 12.92735308
 12.95687331 13.17731497 12.98355707 12.96764586 12.99363089 13.17091212
 12.92615172 12.95026746 12.97203191 13.14466767 13.11738075 12.98879556
 12.96898321 13.3816522  12.94361182 13.58040879 12.97393199 12.9703183
 13.08835257 13.11611501 12.96496529 12.94479    13.15312937 13.13425084
 12.97355223 12.97260243 13.11039133 13.2632236  13.23539353 12.96419783
 13.08835257 12.95726034 12.9977006  13.02314088 13.43406721 13.40942091
 13.22151143 12.96227627 13.33652773 13.23855194 12.95532345 13.2935765
 12.94870588 13.10526524 12.96189139 12.97544893 13.12492839 13.1261785
 13.17673549 13.00651175 12.92935168 12.9703183  13.01160869 12.97469079
 12.98092569 12.99622307 12.97525945 13.15072241 13.23115613 13.12367596
 13.01305916 12.99325993 13.11990552 13.04293388 12.92334256 12.93094723
 13.04502564 13.34693221 12.96649811 13.09032394 12.94792411 13.00651175
 12.92815292 13.03592106 13.06767222 13.10204297 12.99733151 13.11990552
 12.93094723 13.4086733  12.94439743 12.94714168 12.93214217 12.92695278
 13.24481859 12.99511302 13.15910951 12.92514956 12.94203861 13.30254919
 13.10010269 13.02671134 13.00724186 12.99622307 12.93571751 13.02813514
 13.25204598 13.0035851  12.94321878 13.01522998 12.92294066 12.92294066
 13.19615362 13.29023253 12.92294066 12.93730201 13.1348679  12.93848841
 13.13115709 12.9638138  13.12742647 12.92855276 13.0730635  12.93809319
 13.03168359 13.0916353  12.93651002 12.94361182 12.95454747 12.93651002
 12.969174   13.06087924 13.0730635  12.9498774  13.08637593 12.95299355
 13.13671595] 301
glb= [13.27762873 12.93492419 13.24689273 13.21061318 13.28493556 13.29737289
 12.99640791 12.99474271 13.407174   12.96573195 12.98916843 12.93967343
 12.98261816 13.01051914 13.12742647 12.93927853 12.93730201 12.95182626
 13.02528503 12.92595135 12.92294066 12.94400479 12.96131383 13.16267223
 13.17962789 12.95571115 12.98730212 13.38085523 13.23750102 12.95880678
 12.96630656 13.15432962 12.94085678 13.00211789 13.50750634 12.96112133
 12.94321878 13.01015571 12.95687331 12.94125088 13.01414536 12.96362176
 12.93967343 13.00395159 13.01305916 12.96246855 12.9345273  13.17441235
 13.37604367 13.0035851  13.33827724 13.03521646 12.94675016 12.97146112
 12.93472576 13.16915504 12.96554034 13.30721127 13.03662517 12.9245476
 12.97165144 13.05402602 13.00248502 13.14223074 13.00651175 13.37845586
 13.2692293  13.32589945 13.00138334 13.0380314  12.9498774  13.03521646
 12.95803382 12.9496822  12.98543162 13.02742355 12.97069939 12.93174415
 13.07875009 12.96821934 13.03097512 12.95996474 12.92494897 13.04083655
 13.43406721 12.96208384 12.99991218 12.97374212 13.06631848 13.00321855
 12.96362176 12.92494897 12.92695278 13.06428328 12.99696208 13.16503694
 12.92615172 12.96323751 12.93690604 13.20785829 12.92775303 13.0804145
 13.06087924 12.93254012 12.97069939 13.07239168 13.21826217 13.1373309
 12.92173347 12.93670804 13.18537446 12.98468233 12.97734142 12.95454747
 13.09750772 13.04363166 12.96573195 12.98804909 12.98318169 12.96879226
 13.00211789 12.94870588 13.02457094 13.31137191 12.94321878 13.46122152
 12.95706683 12.94282554 12.99363089 12.9871152  13.01269679 13.1348679
 12.97069939 13.11516425 13.08835257 13.24585656 12.98730212 12.93333557
 12.97412171 12.93014979 12.97069939 12.94321878 12.92334256 13.01450709
 12.98186635 12.93651002 12.95532345 13.14891165 13.10397805 12.96573195
 12.93333557 12.95046246 12.97601715 12.93492419 12.94439743 12.95026746
 13.0202731  13.34521344 12.97279239 12.99954397 12.9638138  13.02884611
 12.96764586 13.06969844 13.16148677 13.37036504 13.14770177 13.27022402
 13.22955937 12.96534872 13.21826217 12.94635844 12.96208384 12.92735308
 12.95687331 13.17731497 12.98355707 12.96764586 12.99363089 13.17091212
 12.92615172 12.95026746 12.97203191 13.14466767 13.11738075 12.98879556
 12.96898321 13.3816522  12.94361182 13.58040879 12.97393199 12.9703183
 13.08835257 13.11611501 12.96496529 12.94479    13.15312937 13.13425084
 12.97355223 12.97260243 13.11039133 13.2632236  13.23539353 12.96419783
 13.08835257 12.95726034 12.9977006  13.02314088 13.43406721 13.40942091
 13.22151143 12.96227627 13.33652773 13.23855194 12.95532345 13.2935765
 12.94870588 13.10526524 12.96189139 12.97544893 13.12492839 13.1261785
 13.17673549 13.00651175 12.92935168 12.9703183  13.01160869 12.97469079
 12.98092569 12.99622307 12.97525945 13.15072241 13.23115613 13.12367596
 13.01305916 12.99325993 13.11990552 13.04293388 12.92334256 12.93094723
 13.04502564 13.34693221 12.96649811 13.09032394 12.94792411 13.00651175
 12.92815292 13.03592106 13.06767222 13.10204297 12.99733151 13.11990552
 12.93094723 13.4086733  12.94439743 12.94714168 12.93214217 12.92695278
 13.24481859 12.99511302 13.15910951 12.92514956 12.94203861 13.30254919
 13.10010269 13.02671134 13.00724186 12.99622307 12.93571751 13.02813514
 13.25204598 13.0035851  12.94321878 13.01522998 12.92294066 12.92294066
 13.19615362 13.29023253 12.92294066 12.93730201 13.1348679  12.93848841
 13.13115709 12.9638138  13.12742647 12.92855276 13.0730635  12.93809319
 13.03168359 13.0916353  12.93651002 12.94361182 12.95454747 12.93651002
 12.969174   13.06087924 13.0730635  12.9498774  13.08637593 12.95299355
 13.13671595] 301
bidsort lists= 301 301
 301
SNAP 41
EPS 0.0672106939788879
galrad= 0.01
!!! agesel
Found 1074 stars.
Rotated pos.
Rotated vel.
Calculating circularities
dty= [13.05471408 13.26873126 13.06496224 ... 13.08505527 13.10139678
 12.92052474] 1498
glb= [13.05471408 13.26873126 13.06496224 ... 13.08505527 13.10139678
 12.92052474] 1498
bidsort lists= 1498 1498
 1498
SNAP 42
EPS -0.009829386647487077
galrad= 0.01
!!! agesel
Found 1340 stars.
Rotated pos.
Rotated vel.
Calculating circularities
dty= [13.00815351 12.91222223 13.14527559 ... 12.81576125 12.85195282
 12.87677307] 2345
glb= [13.00815351 12.91222223 13.14527559 ... 12.81576125 12.85195282
 12.87677307] 2345
bidsort lists= 2345 2345
 2345
SNAP 43
EPS 0.009849144721671215
galrad= 0.01
!!! agesel
Found 2150 stars.
Rotated pos.
Rotated vel.
Calculating circularities
dty= [12.91222223 13.08670571 13.08306984 ... 13.02457094 12.74799379
 12.76322209] 3736
glb= [12.91222223 13.08670571 13.08306984 ... 13.02457094 12.74799379
 12.76322209] 3736
bidsort lists= 3736 3736
 3736
SNAP 44
EPS 0.005111665372500683
galrad= 0.01
!!! agesel
Found 2032 stars.
Rotated pos.
Rotated vel.
Calculating circularities
dty= [12.64176605 12.65731221 13.07708202 ... 12.67265628 12.94909654
 12.69095732] 5039
glb= [12.64176605 12.65731221 13.07708202 ... 12.67265628 12.94909654
 12.69095732] 5039
bidsort lists= 5039 5039
 5039
SNAP 45
EPS -0.007165039903310967
galrad= 0.01
!!! agesel
Found 1877 stars.
Rotated pos.
Rotated vel.
Calculating circularities
dty= [13.34564369 12.74739457 12.63040398 ... 12.7489519  12.58772028
 12.74126363] 6423
glb= [13.34564369 12.74739457 12.63040398 ... 12.7489519  12.58772028
 12.74126363] 6423
bidsort lists= 6423 6423
 6423
SNAP 46
EPS 0.04767456927514084
galrad= 0.01
!!! agesel
Found 2588 stars.
Rotated pos.
Rotated vel.
Calculating circularities
dty= [13.34564369 12.88119876 12.68906447 ... 12.93254012 12.89186222
 12.49778124] 8173
glb= [13.34564369 12.88119876 12.68906447 ... 12.93254012 12.89186222
 12.49778124] 8173
bidsort lists= 8173 8173
 8173
SNAP 47
EPS 0.042104653501483666
galrad= 0.01
!!! agesel
Found 3031 stars.
Rotated pos.
Rotated vel.
Calculating circularities
dty= [12.62187839 12.55472163 12.7652285  ... 12.81035418 12.55655402
 13.12742647] 10455
glb= [12.62187839 12.55472163 12.7652285  ... 12.81035418 12.55655402
 13.12742647] 10455
bidsort lists= 10455 10455
 10455
SNAP 48
EPS -0.003062716518893372
galrad= 0.01
!!! agesel
Found 3059 stars.
Rotated pos.
Rotated vel.
Calculating circularities
dty= [12.45794778 12.99325993 12.737883   ... 12.76605368 12.36106074
 12.29945712] 13615
glb= [12.45794778 12.99325993 12.737883   ... 12.76605368 12.36106074
 12.29945712] 13615
bidsort lists= 13615 13615
 13615
SNAP 49
EPS 0.025897448092414992
galrad= 0.01
!!! agesel
Found 2477 stars.
Rotated pos.
Rotated vel.
Calculating circularities
dty= [12.31951981 12.76322209 12.74234808 ... 12.68285933 12.47400589
 12.530374  ] 15995
glb= [12.31951981 12.76322209 12.74234808 ... 12.68285933 12.47400589
 12.530374  ] 15995
bidsort lists= 15995 15995
 15995
SNAP 50
EPS 0.02197320745173234
galrad= 0.01
!!! agesel
Found 3601 stars.
Rotated pos.
Rotated vel.
Calculating circularities
dty= [12.39696546 12.27003074 12.31951981 ... 12.61059715 12.76416679
 12.74607521] 19373
glb= [12.39696546 12.27003074 12.31951981 ... 12.61059715 12.76416679
 12.74607521] 19373
bidsort lists= 19373 19373
 19373
SNAP 51
EPS -0.0024214566642840173
galrad= 0.01
!!! agesel
Found 3853 stars.
Rotated pos.
Rotated vel.
Calculating circularities
dty= [12.63040398 12.27853159 12.27003074 ... 12.49542242 13.06767222
 11.96836286] 23708
glb= [12.63040398 12.27853159 12.27003074 ... 12.49542242 13.06767222
 11.96836286] 23708
bidsort lists= 23708 23708
 23708
SNAP 52
EPS 0.04265112252995867
galrad= 0.01
!!! agesel
Found 3822 stars.
Rotated pos.
Rotated vel.
Calculating circularities
dty= [12.26554725 11.99542906 12.62281375 ... 11.80422605 12.24862055
 12.38998202] 28605
glb= [12.26554725 11.99542906 12.62281375 ... 11.80422605 12.24862055
 12.38998202] 28605
bidsort lists= 28605 28605
 28605
SNAP 53
EPS 0.05328435751206234
galrad= 0.01
!!! agesel
Found 4019 stars.
Rotated pos.
Rotated vel.
Calculating circularities
dty= [12.74234808 12.737883   12.3145915  ... 12.26252237 12.41020464
 12.34474579] 33853
glb= [12.74234808 12.737883   12.3145915  ... 12.26252237 12.41020464
 12.34474579] 33853
bidsort lists= 33853 33853
 33853
SNAP 54
EPS 0.0730605824642995
galrad= 0.01
!!! agesel
Found 3166 stars.
Rotated pos.
Rotated vel.