loading halo 3 level 4
/eagle/projects/Auriga/Auriga/level4/Original/mergertrees/Au-3/trees_sf1_127
Hubble parameter= 0.6777
There are 554 trees in file /eagle/projects/Auriga/Auriga/level4/Original/mergertrees/Au-3/trees_sf1_127.0.hdf5
Loading desc (Descendant) for blockname /Tree0.
Loading fnum (FileNr) for blockname /Tree0.
Loading fhfg (FirstHaloInFOFGroup) for blockname /Tree0.
Loading fpin (FirstProgenitor) for blockname /Tree0.
Loading fmc2 (Group_M_Crit200) for blockname /Tree0.
Loading fmm2 (Group_M_Mean200) for blockname /Tree0.
Loading fmt2 (Group_M_TopHat200) for blockname /Tree0.
Loading frc2 (Group_R_Crit200) for blockname /Tree0.
Loading nhfg (NextHaloInFOFGroup) for blockname /Tree0.
Loading npin (NextProgenitor) for blockname /Tree0.
Loading snum (SnapNum) for blockname /Tree0.
Loading sbhm (SubhaloBHMass) for blockname /Tree0.
Loading sbhd (SubhaloBHMdot) for blockname /Tree0.
Loading sgmt (SubhaloGasMetallicity) for blockname /Tree0.
Loading sgmf (SubhaloGasMetallicitySfr) for blockname /Tree0.
Loading sgnr (SubhaloGrNr) for blockname /Tree0.
Loading shmt (SubhaloHalfmassRadType) for blockname /Tree0.
Key SubhaloIDMostBound not found in conversion table, skipping.
Loading slen (SubhaloLen) for blockname /Tree0.
Loading slty (SubhaloLenType) for blockname /Tree0.
Loading smit (SubhaloMassInRadType) for blockname /Tree0.
Loading smty (SubhaloMassType) for blockname /Tree0.
Loading sbnr (SubhaloNumber) for blockname /Tree0.
Loading soty (SubhaloOffsetType) for blockname /Tree0.
Loading spos (SubhaloPos) for blockname /Tree0.
Loading ssfr (SubhaloSFR) for blockname /Tree0.
Loading ssfi (SubhaloSFRinRad) for blockname /Tree0.
Loading sspi (SubhaloSpin) for blockname /Tree0.
Loading ssmt (SubhaloStarMetallicity) for blockname /Tree0.
Loading ssph (SubhaloStellarPhotometrics) for blockname /Tree0.
Loading svmx (SubhaloVMax) for blockname /Tree0.
Loading svel (SubhaloVel) for blockname /Tree0.
Loading svdi (SubhaloVelDisp) for blockname /Tree0.
galrad= 0.01
!!! agesel
Found 116 stars.
Rotated pos.
Rotated vel.
Calculating circularities
dty= [13.43018043 13.43336334 13.45126388 13.67364692 13.48924938 13.51737752
 13.49075928 13.42084134 13.42337696 13.43124423 13.41239825 13.53933778
 13.47091754 13.69094748 13.52613806 13.42192996 13.4772396  13.61963899
 13.50893538 13.63267241 13.51007401] 21
glb= [13.43018043 13.43336334 13.45126388 13.67364692 13.48924938 13.51737752
 13.49075928 13.42084134 13.42337696 13.43124423 13.41239825 13.53933778
 13.47091754 13.69094748 13.52613806 13.42192996 13.4772396  13.61963899
 13.50893538 13.63267241 13.51007401] 21
bidsort lists= 21 21
 21
SNAP 30
EPS -0.15563287664239892
galrad= 0.01
!!! agesel
Found 141 stars.
Rotated pos.
Rotated vel.
Calculating circularities
dty= [13.47345982 13.48955191 13.45126388 13.65957626 13.45958029 13.42265406
 13.44924036 13.40340244 13.49495145 13.44618476 13.48651466 13.50201786
 13.44241689 13.41091222 13.40415946 13.44103759 13.48283426] 17
glb= [13.47345982 13.48955191 13.45126388 13.65957626 13.45958029 13.42265406
 13.44924036 13.40340244 13.49495145 13.44618476 13.48651466 13.50201786
 13.44241689 13.41091222 13.40415946 13.44103759 13.48283426] 17
bidsort lists= 17 17
 17
SNAP 31
EPS -0.17025430015754625
galrad= 0.01
!!! agesel
Found 266 stars.
Rotated pos.
Rotated vel.
Calculating circularities
dty= [13.54241947 13.41016724 13.45126388 13.40340244 13.51458841 13.48955191
 13.35627701 13.3587941  13.3848259  13.36954804 13.47345982 13.38005687
 13.44034608 13.35035141 13.45059055 13.37442837 13.42265406 13.39729796
 13.37036504 13.493759   13.65957626 13.37523672 13.37361862 13.54848523
 13.42047781 13.34778928 13.45793173 13.44924036 13.53095763 13.45126388
 13.42982519 13.54445578 13.60851658] 33
glb= [13.54241947 13.41016724 13.45126388 13.40340244 13.51458841 13.48955191
 13.35627701 13.3587941  13.3848259  13.36954804 13.47345982 13.38005687
 13.44034608 13.35035141 13.45059055 13.37442837 13.42265406 13.39729796
 13.37036504 13.493759   13.65957626 13.37523672 13.37361862 13.54848523
 13.42047781 13.34778928 13.45793173 13.44924036 13.53095763 13.45126388
 13.42982519 13.54445578 13.60851658] 33
bidsort lists= 33 33
 33
SNAP 32
EPS 0.07231469709162264
galrad= 0.01
!!! agesel
Found 341 stars.
Rotated pos.
Rotated vel.
Calculating circularities
dty= [13.47345982 13.40566939 13.32768657 13.50201786 13.65957626 13.44924036
 13.48955191 13.39188498 13.33212675 13.40415946 13.45126388 13.53095763
 13.31549956 13.42409848 13.45126388 13.37036504 13.45793173 13.47911441
 13.3214038  13.37523672 13.31504254 13.34175763 13.4840654  13.54445578
 13.53307505 13.59093338 13.45958029 13.42265406 13.33958529 13.32049988
 13.48283426 13.41016724 13.34693221 13.40340244 13.39188498 13.45059055
 13.4772396  13.44991606 13.42768722 13.312292   13.33784039 13.32095206
 13.54241947 13.43687023 13.35035141 13.33827724 13.41535454 13.51458841
 13.3587941  13.36954804 13.3848259  13.39729796 13.32410593 13.52559781
 13.42047781 13.45727028 13.44034608 13.41755799 13.407174   13.39806575
 13.47598411 13.32320683 13.48651466 13.43265823 13.34262386 13.34607358
 13.35205193 13.46252929] 68
glb= [13.47345982 13.40566939 13.32768657 13.50201786 13.65957626 13.44924036
 13.48955191 13.39188498 13.33212675 13.40415946 13.45126388 13.53095763
 13.31549956 13.42409848 13.45126388 13.37036504 13.45793173 13.47911441
 13.3214038  13.37523672 13.31504254 13.34175763 13.4840654  13.54445578
 13.53307505 13.59093338 13.45958029 13.42265406 13.33958529 13.32049988
 13.48283426 13.41016724 13.34693221 13.40340244 13.39188498 13.45059055
 13.4772396  13.44991606 13.42768722 13.312292   13.33784039 13.32095206
 13.54241947 13.43687023 13.35035141 13.33827724 13.41535454 13.51458841
 13.3587941  13.36954804 13.3848259  13.39729796 13.32410593 13.52559781
 13.42047781 13.45727028 13.44034608 13.41755799 13.407174   13.39806575
 13.47598411 13.32320683 13.48651466 13.43265823 13.34262386 13.34607358
 13.35205193 13.46252929] 68
bidsort lists= 68 68
 68
SNAP 33
EPS 0.015534895187518038
galrad= 0.01
!!! agesel
Found 494 stars.
Rotated pos.
Rotated vel.
Calculating circularities
dty= [13.2734448  13.41535454 13.27393868 13.28566092 13.28031917 13.30395213
 13.28299655 13.45059055 13.41016724 13.27492509 13.27652428 13.28129427
 13.51848628 13.27738349 13.27381527 13.33565063 13.27443211 13.27689265
 13.45958029 13.27529456 13.66885232 13.28445148 13.47345982 13.30231499
 13.42265406 13.34693221 13.29689984 13.49075928 13.3034849  13.28566092
 13.35795657 13.28927328 13.28080698 13.27664712 13.51570702 13.2743088
 13.59346821 13.39188498 13.32500349 13.48955191 13.27750609 13.2923846
 13.27393868 13.34175763 13.27860861 13.65957626 13.33784039 13.29047209
 13.2735683  13.29618944 13.3245549  13.28541925 13.27590974 13.53307505
 13.37036504 13.39729796 13.28056312 13.28299655 13.35289994 13.45126388
 13.27652428 13.28614397 13.44652547 13.31068078 13.34348858 13.2868677
 13.32946736 13.28153777 13.44924036 13.29286171 13.32185518 13.32857774
 13.54445578 13.39382593 13.27443211 13.32049988 13.41461743 13.53307505
 13.36461548 13.34607358 13.30020258 13.30395213 13.43965338 13.27860861
 13.32365659 13.35963014 13.33079883 13.37523672 13.28614397 13.57649858
 13.53933778 13.27615563 13.44447663 13.40754935 13.27492509 13.49015611
 13.31091128 13.48035875 13.31777844 13.44652547 13.53307505 13.40942091
 13.32768657 13.46318145 13.37036504 13.30254919 13.29262323 13.40679833
 13.28226769 13.3245549  13.33521153 13.28226769 13.39459986 13.51903912
 13.35669743 13.43336334 13.42047781 13.32589945 13.28396695 13.31504254
 13.28614397 13.3816522  13.53095763 13.27369179 13.41902049 13.40491507
 13.30767517 13.31137191 13.32545166 13.28493556 13.27640142 13.41239825
 13.45793173 13.32857774 13.50026535 13.27541761 13.39188498 13.50549506
 13.45126388 13.45990914 13.32049988 13.40642237 13.29452817 13.2846936
 13.28348198 13.28903318 13.27455541 13.44652547 13.4772396  13.5668624
 13.51737752 13.31732347 13.4772396  13.28831236 13.46448225 13.28541925
 13.32679381 13.28299655 13.37036504 13.451936   13.312292   13.48924938
 13.42768722 13.2935765  13.39149574 13.34002049 13.28879304 13.49495145
 13.32768657 13.3186872  13.31549956 13.30721127 13.32320683 13.67364692
 13.3055842  13.4772396  13.42409848 13.40415946 13.27640142 13.47911441
 13.27393868 13.29381459 13.28105067 13.40415946 13.29737289 13.28927328
 13.46513094 13.30952686 13.42084134 13.30906453 13.43687023 13.27811886
 13.50201786 13.42982519 13.34650305 13.35416915 13.39729796 13.40378115
 13.27418541 13.29737289 13.42192996 13.45727028 13.39110622 13.28105067
 13.59093338 13.3186872  13.307907   13.33124184 13.28372448 13.27541761
 13.4840654  13.31412732 13.29405252 13.43265823 13.42337696 13.40566939
 13.43406721 13.40074239 13.3473609  13.28178117 13.29571532 13.34864484
 13.3439204  13.29973201 13.29119006 13.39498636 13.3034849  13.36708837
 13.45859202 13.41461743 13.48159871 13.36046476 13.45059055 13.56214588
 13.63267241 13.31823304 13.28396695 13.38443041 13.30767517 13.39691355
 13.5668624  13.312292   13.60454646 13.3848259  13.48283426 13.34045534
 13.27418541 13.3214038  13.3034849  13.28153777 13.29262323 13.2868677
 13.29405252 13.44788532 13.45126388 13.38640434 13.30628216 13.29214594
 13.30744329 13.32634682 13.52613806 13.35247617 13.39188498 13.28445148
 13.35459149 13.29831783 13.44957837 13.68832897 13.3303554  13.413879
 13.29973201 13.29310009 13.43018043 13.29023253 13.4605659  13.51233924
 13.52233597 13.39032602 13.29381459 13.47472423 13.28734966 13.299261
 13.54848523 13.29071149 13.41016724 13.30067271 13.39729796 13.34478283
 13.2935765  13.29119006 13.28879304 13.30813875 13.29214594 13.28879304
 13.36626551 13.61963899 13.29142918 13.49554605 13.32724038 13.47661244
 13.39806575 13.37523672 13.2950033  13.38876152 13.38005687 13.30395213
 13.60172514 13.42156736 13.34499818 13.38954446 13.3020807  13.44379129
 13.27787382 13.29023253 13.29737289 13.3571175  13.52233597 13.60812273
 13.31275146 13.37965711 13.41239825 13.28734966 13.29142918 13.29381459
 13.30860183 13.37442837 13.42337696 13.52613806 13.50664591 13.28999288
 13.38045622 13.28734966 13.28153777 13.35753722 13.27369179 13.299261
 13.42768722 13.28927328 13.35289994 13.49015611 13.44103759 13.28879304
 13.42337696 13.36461548 13.46963959 13.29405252 13.34219095 13.49256227
 13.43265823 13.29689984 13.28975313 13.43124423 13.31595614 13.41016724
 13.35459149 13.41755799 13.31321047 13.31389826 13.61125399 13.37442837
 13.44241689 13.29737289 13.30767517 13.47155481 13.38876152 13.47598411
 13.34864484 13.3816522  13.42409848 13.53517749 13.4182899  13.3104502
 13.4291138  13.43124423] 374
glb= [13.2734448  13.41535454 13.27393868 13.28566092 13.28031917 13.30395213
 13.28299655 13.45059055 13.41016724 13.27492509 13.27652428 13.28129427
 13.51848628 13.27738349 13.27381527 13.33565063 13.27443211 13.27689265
 13.45958029 13.27529456 13.66885232 13.28445148 13.47345982 13.30231499
 13.42265406 13.34693221 13.29689984 13.49075928 13.3034849  13.28566092
 13.35795657 13.28927328 13.28080698 13.27664712 13.51570702 13.2743088
 13.59346821 13.39188498 13.32500349 13.48955191 13.27750609 13.2923846
 13.27393868 13.34175763 13.27860861 13.65957626 13.33784039 13.29047209
 13.2735683  13.29618944 13.3245549  13.28541925 13.27590974 13.53307505
 13.37036504 13.39729796 13.28056312 13.28299655 13.35289994 13.45126388
 13.27652428 13.28614397 13.44652547 13.31068078 13.34348858 13.2868677
 13.32946736 13.28153777 13.44924036 13.29286171 13.32185518 13.32857774
 13.54445578 13.39382593 13.27443211 13.32049988 13.41461743 13.53307505
 13.36461548 13.34607358 13.30020258 13.30395213 13.43965338 13.27860861
 13.32365659 13.35963014 13.33079883 13.37523672 13.28614397 13.57649858
 13.53933778 13.27615563 13.44447663 13.40754935 13.27492509 13.49015611
 13.31091128 13.48035875 13.31777844 13.44652547 13.53307505 13.40942091
 13.32768657 13.46318145 13.37036504 13.30254919 13.29262323 13.40679833
 13.28226769 13.3245549  13.33521153 13.28226769 13.39459986 13.51903912
 13.35669743 13.43336334 13.42047781 13.32589945 13.28396695 13.31504254
 13.28614397 13.3816522  13.53095763 13.27369179 13.41902049 13.40491507
 13.30767517 13.31137191 13.32545166 13.28493556 13.27640142 13.41239825
 13.45793173 13.32857774 13.50026535 13.27541761 13.39188498 13.50549506
 13.45126388 13.45990914 13.32049988 13.40642237 13.29452817 13.2846936
 13.28348198 13.28903318 13.27455541 13.44652547 13.4772396  13.5668624
 13.51737752 13.31732347 13.4772396  13.28831236 13.46448225 13.28541925
 13.32679381 13.28299655 13.37036504 13.451936   13.312292   13.48924938
 13.42768722 13.2935765  13.39149574 13.34002049 13.28879304 13.49495145
 13.32768657 13.3186872  13.31549956 13.30721127 13.32320683 13.67364692
 13.3055842  13.4772396  13.42409848 13.40415946 13.27640142 13.47911441
 13.27393868 13.29381459 13.28105067 13.40415946 13.29737289 13.28927328
 13.46513094 13.30952686 13.42084134 13.30906453 13.43687023 13.27811886
 13.50201786 13.42982519 13.34650305 13.35416915 13.39729796 13.40378115
 13.27418541 13.29737289 13.42192996 13.45727028 13.39110622 13.28105067
 13.59093338 13.3186872  13.307907   13.33124184 13.28372448 13.27541761
 13.4840654  13.31412732 13.29405252 13.43265823 13.42337696 13.40566939
 13.43406721 13.40074239 13.3473609  13.28178117 13.29571532 13.34864484
 13.3439204  13.29973201 13.29119006 13.39498636 13.3034849  13.36708837
 13.45859202 13.41461743 13.48159871 13.36046476 13.45059055 13.56214588
 13.63267241 13.31823304 13.28396695 13.38443041 13.30767517 13.39691355
 13.5668624  13.312292   13.60454646 13.3848259  13.48283426 13.34045534
 13.27418541 13.3214038  13.3034849  13.28153777 13.29262323 13.2868677
 13.29405252 13.44788532 13.45126388 13.38640434 13.30628216 13.29214594
 13.30744329 13.32634682 13.52613806 13.35247617 13.39188498 13.28445148
 13.35459149 13.29831783 13.44957837 13.68832897 13.3303554  13.413879
 13.29973201 13.29310009 13.43018043 13.29023253 13.4605659  13.51233924
 13.52233597 13.39032602 13.29381459 13.47472423 13.28734966 13.299261
 13.54848523 13.29071149 13.41016724 13.30067271 13.39729796 13.34478283
 13.2935765  13.29119006 13.28879304 13.30813875 13.29214594 13.28879304
 13.36626551 13.61963899 13.29142918 13.49554605 13.32724038 13.47661244
 13.39806575 13.37523672 13.2950033  13.38876152 13.38005687 13.30395213
 13.60172514 13.42156736 13.34499818 13.38954446 13.3020807  13.44379129
 13.27787382 13.29023253 13.29737289 13.3571175  13.52233597 13.60812273
 13.31275146 13.37965711 13.41239825 13.28734966 13.29142918 13.29381459
 13.30860183 13.37442837 13.42337696 13.52613806 13.50664591 13.28999288
 13.38045622 13.28734966 13.28153777 13.35753722 13.27369179 13.299261
 13.42768722 13.28927328 13.35289994 13.49015611 13.44103759 13.28879304
 13.42337696 13.36461548 13.46963959 13.29405252 13.34219095 13.49256227
 13.43265823 13.29689984 13.28975313 13.43124423 13.31595614 13.41016724
 13.35459149 13.41755799 13.31321047 13.31389826 13.61125399 13.37442837
 13.44241689 13.29737289 13.30767517 13.47155481 13.38876152 13.47598411
 13.34864484 13.3816522  13.42409848 13.53517749 13.4182899  13.3104502
 13.4291138  13.43124423] 374
bidsort lists= 374 374
 374
SNAP 34
EPS 0.16695348356243017
galrad= 0.01
!!! agesel
Found 1021 stars.
Rotated pos.
Rotated vel.
Calculating circularities
dty= [13.2734448  13.26947814 13.26698466 13.27208447 13.29855376 13.2923846
 13.25969068 13.23394035 13.33958529 13.26234247 13.48955191 13.51848628
 13.26435456 13.30395213 13.2330137  13.25358304 13.29618944 13.33565063
 13.26798336 13.24364865 13.26145988 13.32185518 13.27003763 13.23526156
 13.41535454 13.2422156  13.26598414 13.24364865 13.25740793 13.27738349
 13.24130182 13.26095497 13.47345982 13.27022402 13.2355255  13.26422903
 13.23631651 13.24973268 13.25778906 13.24908846 13.31504254 13.24169361
 13.37036504 13.24299769 13.24663385 13.27034825 13.49075928 13.32365659
 13.2542223  13.65957626 13.2846936  13.28251074 13.25613581 13.28299655
 13.27233203 13.33784039 13.27393868 13.26145988 13.23986304 13.40340244
 13.2591842  13.49015611 13.24025577 13.26297198 13.26209041 13.237238
 13.26297198 13.24455884 13.27492509 13.36461548 13.45126388 13.51458841
 13.44652547 13.30721127 13.27443211 13.29286171 13.2525588  13.24624534
 13.2342048  13.33521153 13.33079883 13.26095497 13.66885232 13.27047247
 13.30254919 13.32857774 13.26070234 13.32946736 13.25994378 13.45059055
 13.26498186 13.256645   13.26082869 13.27134102 13.23407261 13.26685969
 13.27381527 13.24273711 13.2743088  13.26082869 13.24663385 13.28445148
 13.25050476 13.32857774 13.3034849  13.26535796 13.26972689 13.28396695
 13.2465044  13.2542223  13.28031917 13.23802674 13.31641229 13.24429893
 13.25319918 13.30581695 13.307907   13.24481859 13.57649858 13.32768657
 13.29047209 13.27958673 13.2484435  13.24130182 13.67364692 13.26095497
 13.23789534 13.28566092 13.23947002 13.31823304 13.59346821 13.2330137
 13.24779787 13.41461743 13.24908846 13.2467633  13.25956412 13.24403892
 13.41016724 13.30231499 13.23433704 13.24973268 13.25063336 13.35627701
 13.35459149 13.2591842  13.26748421 13.2367116  13.30767517 13.25956412
 13.39729796 13.256645   13.23473345 13.45990914 13.30301723 13.46448225
 13.24364865 13.25358304 13.2327487  13.35289994 13.24208513 13.26297198
 13.24364865 13.23815807 13.26773386 13.23407261 13.23221834 13.237238
 13.42265406 13.24390884 13.32049988 13.25358304 13.26435456 13.53933778
 13.26448009 13.3848259  13.26848206 13.53307505 13.32320683 13.26698466
 13.26960255 13.24064824 13.23512958 13.29571532 13.24351854 13.37523672
 13.35035141 13.42047781 13.25332715 13.2935765  13.28927328 13.32095206
 13.34607358 13.23394035 13.25804299 13.28129427 13.25230244 13.26947814
 13.2384207  13.24325817 13.25127589 13.26145988 13.2489595  13.28614397
 13.26234247 13.35795657 13.23486552 13.25332715 13.23802674 13.23907673
 13.31549956 13.27220826 13.41239825 13.2465044  13.23618473 13.37036504
 13.42047781 13.28299655 13.25893081 13.23288124 13.25383884 13.24637488
 13.43018043 13.31732347 13.24870155 13.34305646 13.27455541 13.28614397
 13.2389456  13.24585656 13.43687023 13.493759   13.25956412 13.24273711
 13.24507829 13.37036504 13.25307115 13.38954446 13.47091754 13.24130182
 13.24663385 13.33124184 13.23960106 13.23855194 13.25204598 13.4840654
 13.29381459 13.40942091 13.39382593 13.2534551  13.45793173 13.23354339
 13.26095497 13.23828939 13.30860183 13.25383884 13.24637488 13.23565739
 13.30767517 13.29142918 13.2553712  13.25217422 13.4559438  13.23592114
 13.39691355 13.34175763 13.24025577 13.24090975 13.34693221 13.31732347
 13.33124184 13.25969068 13.24247644 13.24598618 13.26019677 13.44924036
 13.27381527 13.31068078 13.39188498 13.23433704 13.50026535 13.3186872
 13.2344692  13.53307505 13.48035875 13.26523262 13.42768722 13.26660966
 13.25076195 13.44447663 13.28493556 13.28056312 13.25511606 13.25358304
 13.40074239 13.49495145 13.25715372 13.24299769 13.25076195 13.25358304
 13.50434011 13.24051747 13.51570702 13.3245549  13.44957837 13.23828939
 13.43756786 13.4772396  13.24908846 13.52613806 13.3186872  13.24299769
 13.23802674 13.26673471 13.25689941 13.23565739 13.23750102 13.25486083
 13.28105067 13.25931091 13.36708837 13.25842366 13.24637488 13.3848259
 13.2480562  13.29831783 13.34778928 13.24299769 13.31091128 13.23394035
 13.23618473 13.25307115 13.44618476 13.24442886 13.42047781 13.24792704
 13.24064824 13.2344692  13.43965338 13.23221834 13.407174   13.24312796
 13.2735683  13.39188498 13.23750102 13.24325817 13.23697488 13.2346013
 13.50549506 13.2332786  13.44652547 13.28541925 13.43687023 13.26158605
 13.27072076 13.24286741 13.24143247 13.37442837 13.24766863 13.24208513
 13.25050476 13.3055842  13.34693221 13.24325817 13.27615563 13.25101897
 13.29262323 13.30395213 13.41091222 13.53933778 13.24598618 13.237238
 13.32768657 13.23907673 13.26523262 13.23407261 13.40642237 13.25943749
 13.256645   13.25332715 13.58051962 13.43756786 13.24025577 13.25230244
 13.28396695 13.28251074 13.23657991 13.23248354 13.23407261 13.23618473
 13.56214588 13.37765321 13.42337696 13.39729796 13.2868677  13.23565739
 13.43265823 13.2553712  13.23802674 13.32679381 13.23592114 13.24143247
 13.2935765  13.29310009 13.23920786 13.23618473 13.24637488 13.24481859
 13.25319918 13.42409848 13.51007401 13.2525588  13.23776393 13.48035875
 13.47911441 13.23907673 13.29262323 13.41091222 13.23828939 13.23815807
 13.34175763 13.24117116 13.40340244 13.31321047 13.26171222 13.32410593
 13.24585656 13.49495145 13.38403458 13.25867725 13.4877328  13.24481859
 13.24559728 13.42337696 13.41461743 13.23907673 13.24090975 13.2489595
 13.23618473 13.24429893 13.23592114 13.49196236 13.43406721 13.44652547
 13.25050476 13.25101897 13.2422156  13.23960106 13.2461158  13.24689273
 13.26573373 13.2422156  13.24273711 13.24689273 13.24792704 13.25867725
 13.2489595  13.256645   13.24429893 13.24947503 13.24585656 13.26070234
 13.37199475 13.2422156  13.2692293 ] 465
glb= [13.2734448  13.26947814 13.26698466 13.27208447 13.29855376 13.2923846
 13.25969068 13.23394035 13.33958529 13.26234247 13.48955191 13.51848628
 13.26435456 13.30395213 13.2330137  13.25358304 13.29618944 13.33565063
 13.26798336 13.24364865 13.26145988 13.32185518 13.27003763 13.23526156
 13.41535454 13.2422156  13.26598414 13.24364865 13.25740793 13.27738349
 13.24130182 13.26095497 13.47345982 13.27022402 13.2355255  13.26422903
 13.23631651 13.24973268 13.25778906 13.24908846 13.31504254 13.24169361
 13.37036504 13.24299769 13.24663385 13.27034825 13.49075928 13.32365659
 13.2542223  13.65957626 13.2846936  13.28251074 13.25613581 13.28299655
 13.27233203 13.33784039 13.27393868 13.26145988 13.23986304 13.40340244
 13.2591842  13.49015611 13.24025577 13.26297198 13.26209041 13.237238
 13.26297198 13.24455884 13.27492509 13.36461548 13.45126388 13.51458841
 13.44652547 13.30721127 13.27443211 13.29286171 13.2525588  13.24624534
 13.2342048  13.33521153 13.33079883 13.26095497 13.66885232 13.27047247
 13.30254919 13.32857774 13.26070234 13.32946736 13.25994378 13.45059055
 13.26498186 13.256645   13.26082869 13.27134102 13.23407261 13.26685969
 13.27381527 13.24273711 13.2743088  13.26082869 13.24663385 13.28445148
 13.25050476 13.32857774 13.3034849  13.26535796 13.26972689 13.28396695
 13.2465044  13.2542223  13.28031917 13.23802674 13.31641229 13.24429893
 13.25319918 13.30581695 13.307907   13.24481859 13.57649858 13.32768657
 13.29047209 13.27958673 13.2484435  13.24130182 13.67364692 13.26095497
 13.23789534 13.28566092 13.23947002 13.31823304 13.59346821 13.2330137
 13.24779787 13.41461743 13.24908846 13.2467633  13.25956412 13.24403892
 13.41016724 13.30231499 13.23433704 13.24973268 13.25063336 13.35627701
 13.35459149 13.2591842  13.26748421 13.2367116  13.30767517 13.25956412
 13.39729796 13.256645   13.23473345 13.45990914 13.30301723 13.46448225
 13.24364865 13.25358304 13.2327487  13.35289994 13.24208513 13.26297198
 13.24364865 13.23815807 13.26773386 13.23407261 13.23221834 13.237238
 13.42265406 13.24390884 13.32049988 13.25358304 13.26435456 13.53933778
 13.26448009 13.3848259  13.26848206 13.53307505 13.32320683 13.26698466
 13.26960255 13.24064824 13.23512958 13.29571532 13.24351854 13.37523672
 13.35035141 13.42047781 13.25332715 13.2935765  13.28927328 13.32095206
 13.34607358 13.23394035 13.25804299 13.28129427 13.25230244 13.26947814
 13.2384207  13.24325817 13.25127589 13.26145988 13.2489595  13.28614397
 13.26234247 13.35795657 13.23486552 13.25332715 13.23802674 13.23907673
 13.31549956 13.27220826 13.41239825 13.2465044  13.23618473 13.37036504
 13.42047781 13.28299655 13.25893081 13.23288124 13.25383884 13.24637488
 13.43018043 13.31732347 13.24870155 13.34305646 13.27455541 13.28614397
 13.2389456  13.24585656 13.43687023 13.493759   13.25956412 13.24273711
 13.24507829 13.37036504 13.25307115 13.38954446 13.47091754 13.24130182
 13.24663385 13.33124184 13.23960106 13.23855194 13.25204598 13.4840654
 13.29381459 13.40942091 13.39382593 13.2534551  13.45793173 13.23354339
 13.26095497 13.23828939 13.30860183 13.25383884 13.24637488 13.23565739
 13.30767517 13.29142918 13.2553712  13.25217422 13.4559438  13.23592114
 13.39691355 13.34175763 13.24025577 13.24090975 13.34693221 13.31732347
 13.33124184 13.25969068 13.24247644 13.24598618 13.26019677 13.44924036
 13.27381527 13.31068078 13.39188498 13.23433704 13.50026535 13.3186872
 13.2344692  13.53307505 13.48035875 13.26523262 13.42768722 13.26660966
 13.25076195 13.44447663 13.28493556 13.28056312 13.25511606 13.25358304
 13.40074239 13.49495145 13.25715372 13.24299769 13.25076195 13.25358304
 13.50434011 13.24051747 13.51570702 13.3245549  13.44957837 13.23828939
 13.43756786 13.4772396  13.24908846 13.52613806 13.3186872  13.24299769
 13.23802674 13.26673471 13.25689941 13.23565739 13.23750102 13.25486083
 13.28105067 13.25931091 13.36708837 13.25842366 13.24637488 13.3848259
 13.2480562  13.29831783 13.34778928 13.24299769 13.31091128 13.23394035
 13.23618473 13.25307115 13.44618476 13.24442886 13.42047781 13.24792704
 13.24064824 13.2344692  13.43965338 13.23221834 13.407174   13.24312796
 13.2735683  13.39188498 13.23750102 13.24325817 13.23697488 13.2346013
 13.50549506 13.2332786  13.44652547 13.28541925 13.43687023 13.26158605
 13.27072076 13.24286741 13.24143247 13.37442837 13.24766863 13.24208513
 13.25050476 13.3055842  13.34693221 13.24325817 13.27615563 13.25101897
 13.29262323 13.30395213 13.41091222 13.53933778 13.24598618 13.237238
 13.32768657 13.23907673 13.26523262 13.23407261 13.40642237 13.25943749
 13.256645   13.25332715 13.58051962 13.43756786 13.24025577 13.25230244
 13.28396695 13.28251074 13.23657991 13.23248354 13.23407261 13.23618473
 13.56214588 13.37765321 13.42337696 13.39729796 13.2868677  13.23565739
 13.43265823 13.2553712  13.23802674 13.32679381 13.23592114 13.24143247
 13.2935765  13.29310009 13.23920786 13.23618473 13.24637488 13.24481859
 13.25319918 13.42409848 13.51007401 13.2525588  13.23776393 13.48035875
 13.47911441 13.23907673 13.29262323 13.41091222 13.23828939 13.23815807
 13.34175763 13.24117116 13.40340244 13.31321047 13.26171222 13.32410593
 13.24585656 13.49495145 13.38403458 13.25867725 13.4877328  13.24481859
 13.24559728 13.42337696 13.41461743 13.23907673 13.24090975 13.2489595
 13.23618473 13.24429893 13.23592114 13.49196236 13.43406721 13.44652547
 13.25050476 13.25101897 13.2422156  13.23960106 13.2461158  13.24689273
 13.26573373 13.2422156  13.24273711 13.24689273 13.24792704 13.25867725
 13.2489595  13.256645   13.24429893 13.24947503 13.24585656 13.26070234
 13.37199475 13.2422156  13.2692293 ] 465
bidsort lists= 465 465
 465
SNAP 35
EPS 0.05506377017862602
galrad= 0.01
!!! agesel
Found 1616 stars.
Rotated pos.
Rotated vel.
Calculating circularities
dty= [13.21676717 13.47345982 13.21799064 ... 13.23855194 13.22151143
 13.21390292] 1049
glb= [13.21676717 13.47345982 13.21799064 ... 13.23855194 13.22151143
 13.21390292] 1049
bidsort lists= 1049 1049
 1049
SNAP 36
EPS 0.16399974713257265
galrad= 0.01
!!! agesel
Found 1671 stars.
Rotated pos.
Rotated vel.
Calculating circularities
dty= [13.22205127 13.48955191 13.47345982 ... 13.19839991 13.17383027
 13.19615362] 1405
glb= [13.22205127 13.48955191 13.47345982 ... 13.19839991 13.17383027
 13.19615362] 1405
bidsort lists= 1405 1405
 1405
SNAP 37
EPS 0.06980092369997004
galrad= 0.01
!!! agesel
Found 1623 stars.
Rotated pos.
Rotated vel.
Calculating circularities
dty= [13.48955191 13.14284077 13.26234247 ... 13.19502746 13.15672382
 13.1217933 ] 1975
glb= [13.48955191 13.14284077 13.26234247 ... 13.19502746 13.15672382
 13.1217933 ] 1975
bidsort lists= 1975 1975
 1975
SNAP 38
EPS 0.0213856616371225
galrad= 0.01
!!! agesel
Found 2228 stars.
Rotated pos.
Rotated vel.
Calculating circularities
dty= [13.18178883 13.2330137  13.0563458  ... 13.06699562 13.06699562
 13.08107921] 2683
glb= [13.18178883 13.2330137  13.0563458  ... 13.06699562 13.06699562
 13.08107921] 2683
bidsort lists= 2683 2683
 2683
SNAP 39
EPS 0.014972895388314643
galrad= 0.01
!!! agesel
Found 2978 stars.
Rotated pos.
Rotated vel.
Calculating circularities
dty= [13.48955191 13.00687697 13.00660317 ... 13.04153619 13.02742355
 13.19952004] 4103
glb= [13.48955191 13.00687697 13.00660317 ... 13.04153619 13.02742355
 13.19952004] 4103
bidsort lists= 4103 4103
 4103
SNAP 40
EPS 0.06344463361989788
galrad= 0.01
!!! agesel
Found 1577 stars.
Rotated pos.
Rotated vel.
Calculating circularities
dty= [13.01739513 13.23221834 13.0202731  ... 12.98954124 13.39883224
 12.99991218] 1236
glb= [13.01739513 13.23221834 13.0202731  ... 12.98954124 13.39883224
 12.99991218] 1236
bidsort lists= 1236 1236
 1236
SNAP 41
EPS -0.10773118100495421
galrad= 0.01
!!! agesel
Found 3413 stars.
Rotated pos.
Rotated vel.
Calculating circularities
dty= [12.93432884 12.9009661  12.91526849 ... 13.05540153 13.22474344
 12.91567381] 3042
glb= [12.93432884 12.9009661  12.91526849 ... 13.05540153 13.22474344
 12.91567381] 3042
bidsort lists= 3042 3042
 3042
SNAP 42
EPS 0.004525249523280318
galrad= 0.01
!!! agesel
Found 4730 stars.
Rotated pos.
Rotated vel.
Calculating circularities
dty= [12.80514562 13.31412732 12.87222056 ... 12.85195282 13.2279583
 12.8784615 ] 4846
glb= [12.80514562 13.31412732 12.87222056 ... 12.85195282 13.2279583
 12.8784615 ] 4846
bidsort lists= 4846 4846
 4846
SNAP 43
EPS 0.00047818231219728935
galrad= 0.01
!!! agesel
Found 12980 stars.
Rotated pos.
Rotated vel.
Calculating circularities
dty= [12.89694227 12.72201919 12.79419017 ... 13.00331023 13.2137662
 13.17673549] 13645
glb= [12.89694227 12.72201919 12.79419017 ... 13.00331023 13.2137662
 13.17673549] 13645
bidsort lists= 13645 13645
 13645
SNAP 44
EPS 0.07625638608473309
galrad= 0.01
!!! agesel
Found 25562 stars.
Rotated pos.
Rotated vel.
Calculating circularities
dty= [12.66000228 12.67955318 12.63457811 ... 12.97298248 13.01160869
 12.90261179] 41758
glb= [12.66000228 12.67955318 12.63457811 ... 12.97298248 13.01160869
 12.90261179] 41758
bidsort lists= 41758 41758
 41758
SNAP 45
EPS 0.07723539311992496
galrad= 0.01
!!! agesel
Found 18073 stars.
Rotated pos.
Rotated vel.
Calculating circularities
dty= [12.62384847 12.62244644 12.62060771 ... 12.57889372 12.59539286
 12.61275397] 56588
glb= [12.62384847 12.62244644 12.62060771 ... 12.57889372 12.59539286
 12.61275397] 56588
bidsort lists= 56588 56588
 56588
SNAP 46
EPS 0.0858415437721176
galrad= 0.01
!!! agesel
Found 15960 stars.
Rotated pos.
Rotated vel.
Calculating circularities
dty= [12.59709915 12.6103273  12.63514026 ... 12.58000039 12.51359543
 12.54580452] 69075
glb= [12.59709915 12.6103273  12.63514026 ... 12.58000039 12.51359543
 12.54580452] 69075
bidsort lists= 69075 69075
 69075
SNAP 47
EPS 0.06355120167553206
galrad= 0.01
!!! agesel
Found 11852 stars.
Rotated pos.
Rotated vel.
Calculating circularities
dty= [12.63368483 12.63471035 12.59341075 ... 12.45103009 12.55090767
 12.53381879] 80447
glb= [12.63368483 12.63471035 12.59341075 ... 12.45103009 12.55090767
 12.53381879] 80447
bidsort lists= 80447 80447
 80447
SNAP 48
EPS 0.11561358227359438
galrad= 0.01
!!! agesel
Found 8396 stars.
Rotated pos.
Rotated vel.
Calculating circularities
dty= [12.6103273  12.59709915 12.63471035 ... 12.38360422 12.34867764
 12.35911233] 89405
glb= [12.6103273  12.59709915 12.63471035 ... 12.38360422 12.34867764
 12.35911233] 89405
bidsort lists= 89405 89405
 89405
SNAP 49
EPS 0.15257520942006644
galrad= 0.01
!!! agesel
Found 9800 stars.
Rotated pos.
Rotated vel.
Calculating circularities
dty= [12.6103273  12.63514026 12.59709915 ... 12.23881689 12.27904519
 12.27904519] 100605
glb= [12.6103273  12.63514026 12.59709915 ... 12.23881689 12.27904519
 12.27904519] 100605
bidsort lists= 100605 100605
 100605
SNAP 50
EPS 0.0708624394579854
galrad= 0.01
!!! agesel
Found 9296 stars.
Rotated pos.
Rotated vel.
Calculating circularities
dty= [12.63514026 12.6103273  12.59709915 ... 12.8801469  12.86230037
 12.86998934] 111900
glb= [12.63514026 12.6103273  12.59709915 ... 12.8801469  12.86230037
 12.86998934] 111900
bidsort lists= 111900 111900
 111900
SNAP 51
EPS 0.0973240993466768
galrad= 0.01
!!! agesel
Found 6473 stars.
Rotated pos.
Rotated vel.
Calculating circularities
dty= [12.63514026 12.62384847 12.62060771 ... 12.82381821 12.90261179
 13.02742355] 121422
glb= [12.63514026 12.62384847 12.62060771 ... 12.82381821 12.90261179
 13.02742355] 121422
bidsort lists= 121422 121422
 121422
SNAP 52
EPS 0.119750473380367
galrad= 0.01
!!! agesel
Found 8474 stars.
Rotated pos.
Rotated vel.
Calculating circularities
dty= [12.63514026 12.6008105  12.59337665 ... 12.46437841 12.57000495
 12.88518548] 133675
glb= [12.63514026 12.6008105  12.59337665 ... 12.46437841 12.57000495
 12.88518548] 133675
bidsort lists= 133675 133675
 133675
SNAP 53
EPS 0.12300053909074142
galrad= 0.01
!!! agesel
Found 10750 stars.
Rotated pos.
Rotated vel.
Calculating circularities
dty= [12.6103273  12.63735287 12.62060771 ... 12.62134347 12.98205436
 12.71983962] 149893
glb= [12.6103273  12.63735287 12.62060771 ... 12.62134347 12.98205436
 12.71983962] 149893
bidsort lists= 149893 149893
 149893
SNAP 54
EPS 0.10353204944565868
galrad= 0.01
!!! agesel
Found 7171 stars.
Rotated pos.
Rotated vel.
Calculating circularities
dty= [12.6103273  12.63514026 12.63471035 ... 12.54523625 12.50366024
 12.76133036] 161230
glb= [12.6103273  12.63514026 12.63471035 ... 12.54523625 12.50366024
 12.76133036] 161230
bidsort lists= 161230 161230
 161230
SNAP 55
EPS -0.07993856003756261
galrad= 0.01
!!! agesel
Found 7573 stars.
Rotated pos.
Rotated vel.
Calculating circularities
dty= [12.63692385 12.59337665 12.6008105  ... 12.51359543 12.45103009
 12.97601715] 174379
glb= [12.63692385 12.59337665 12.6008105  ... 12.51359543 12.45103009
 12.97601715] 174379
bidsort lists= 174379 174379
 174379
SNAP 56
EPS -0.061172008656762054
galrad= 0.01
!!! agesel
Found 7090 stars.
Rotated pos.
Rotated vel.
Calculating circularities
dty= [12.63735287 12.57702401 12.62060771 ... 13.21444957 12.35651052
 13.30674687] 186179
glb= [12.63735287 12.57702401 12.62060771 ... 13.21444957 12.35651052
 13.30674687] 186179
bidsort lists= 186179 186179
 186179
SNAP 57
EPS -0.028298485467604214
galrad= 0.01
!!! agesel
Found 9402 stars.
Rotated pos.
Rotated vel.
Calculating circularities
dty= [12.59279492 12.63692385 12.62384847 ... 11.08388509 11.12371818
 11.11425657] 200950
glb= [12.59279492 12.63692385 12.62384847 ... 11.08388509 11.12371818
 11.11425657] 200950
bidsort lists= 200950 200950
 200950
SNAP 58
EPS 0.011680609247690342
galrad= 0.01
!!! agesel
Found 9833 stars.
Rotated pos.
Rotated vel.
Calculating circularities
dty= [12.63471035 12.63692385 12.61886684 ... 11.84479859 11.8465444
 12.51882552] 215683
glb= [12.63471035 12.63692385 12.61886684 ... 11.84479859 11.8465444
 12.51882552] 215683
bidsort lists= 215683 215683
 215683
SNAP 59
EPS 0.04463607268660906
galrad= 0.01
!!! agesel
Found 8436 stars.
Rotated pos.
Rotated vel.
Calculating circularities
dty= [12.6103273  12.63735287 12.63471035 ... 12.1254343  11.85698783
 11.93194172] 228325
glb= [12.6103273  12.63735287 12.63471035 ... 12.1254343  11.85698783
 11.93194172] 228325
bidsort lists= 228325 228325
 228325
SNAP 60
EPS 0.07279773097949324
galrad= 0.01
!!! agesel
Found 7065 stars.
Rotated pos.
Rotated vel.
Calculating circularities
dty= [12.6103273  12.63735287 12.62060771 ... 13.00504976 12.64518018
 13.04223534] 240196
glb= [12.6103273  12.63735287 12.62060771 ... 13.00504976 12.64518018
 13.04223534] 240196
bidsort lists= 240196 240196
 240196
SNAP 61
EPS 0.09076953654000561
galrad= 0.01
!!! agesel
Found 8855 stars.
Rotated pos.
Rotated vel.
Calculating circularities
dty= [12.63471035 12.6103273  12.63735287 ... 13.41091222 13.19952004
 11.64039946] 255083
glb= [12.63471035 12.6103273  12.63735287 ... 13.41091222 13.19952004
 11.64039946] 255083
bidsort lists= 255083 255083
 255083
SNAP 62
EPS 0.10070981161482402
galrad= 0.01
!!! agesel
Found 8465 stars.
Rotated pos.
Rotated vel.
Calculating circularities
dty= [12.6103273  12.67882065 12.62194513 ... 11.70201409 12.93174415
 10.2377853 ] 269048
glb= [12.6103273  12.67882065 12.62194513 ... 11.70201409 12.93174415
 10.2377853 ] 269048
bidsort lists= 269048 269048
 269048
SNAP 63
EPS 0.1128552008322298
galrad= 0.01
!!! agesel
Found 12912 stars.
Rotated pos.
Rotated vel.
Calculating circularities
dty= [12.63735287 12.6103273  12.62698088 ... 11.11662531 12.01212353
 12.3155951 ] 287970
glb= [12.63735287 12.6103273  12.62698088 ... 11.11662531 12.01212353
 12.3155951 ] 287970
bidsort lists= 287970 287970
 287970
SNAP 64
EPS 0.15313750132550435
galrad= 0.01
!!! agesel
Found 12411 stars.
Rotated pos.
Rotated vel.
Calculating circularities
dty= [12.63735287 12.6103273  12.62698088 ... 11.32289676 11.88799547
 12.30350746] 308698
glb= [12.63735287 12.6103273  12.62698088 ... 11.32289676 11.88799547
 12.30350746] 308698
bidsort lists= 308698 308698
 308698
SNAP 65
EPS 0.19957803294757537
galrad= 0.01
!!! agesel
Found 9601 stars.
Rotated pos.
Rotated vel.
Calculating circularities
dty= [12.63735287 12.6103273  12.62194513 ... 12.09050565 11.02704688
 11.98550251] 321351
glb= [12.63735287 12.6103273  12.62194513 ... 12.09050565 11.02704688
 11.98550251] 321351
bidsort lists= 321351 321351
 321351
SNAP 66
EPS 0.2317335212968896
galrad= 0.01001202240586281
!!! agesel
Found 8886 stars.
Rotated pos.
Rotated vel.
Calculating circularities
dty= [11.34317184 10.37067018  9.91257122 ... 12.90671348 12.92615172
 12.3075472 ]