loading halo 29 level 4
/eagle/projects/Auriga/Auriga/level4/Original/mergertrees/Au-29/trees_sf1_127
Hubble parameter= 0.6777
There are 1286 trees in file /eagle/projects/Auriga/Auriga/level4/Original/mergertrees/Au-29/trees_sf1_127.0.hdf5
Loading desc (Descendant) for blockname /Tree0.
Loading fnum (FileNr) for blockname /Tree0.
Loading fhfg (FirstHaloInFOFGroup) for blockname /Tree0.
Loading fpin (FirstProgenitor) for blockname /Tree0.
Loading fmc2 (Group_M_Crit200) for blockname /Tree0.
Loading fmm2 (Group_M_Mean200) for blockname /Tree0.
Loading fmt2 (Group_M_TopHat200) for blockname /Tree0.
Loading frc2 (Group_R_Crit200) for blockname /Tree0.
Loading nhfg (NextHaloInFOFGroup) for blockname /Tree0.
Loading npin (NextProgenitor) for blockname /Tree0.
Loading snum (SnapNum) for blockname /Tree0.
Loading sbhm (SubhaloBHMass) for blockname /Tree0.
Loading sbhd (SubhaloBHMdot) for blockname /Tree0.
Loading sgmt (SubhaloGasMetallicity) for blockname /Tree0.
Loading sgmf (SubhaloGasMetallicitySfr) for blockname /Tree0.
Loading sgnr (SubhaloGrNr) for blockname /Tree0.
Loading shmt (SubhaloHalfmassRadType) for blockname /Tree0.
Key SubhaloIDMostBound not found in conversion table, skipping.
Loading slen (SubhaloLen) for blockname /Tree0.
Loading slty (SubhaloLenType) for blockname /Tree0.
Loading smit (SubhaloMassInRadType) for blockname /Tree0.
Loading smty (SubhaloMassType) for blockname /Tree0.
Loading sbnr (SubhaloNumber) for blockname /Tree0.
Loading soty (SubhaloOffsetType) for blockname /Tree0.
Loading spos (SubhaloPos) for blockname /Tree0.
Loading ssfr (SubhaloSFR) for blockname /Tree0.
Loading ssfi (SubhaloSFRinRad) for blockname /Tree0.
Loading sspi (SubhaloSpin) for blockname /Tree0.
Loading ssmt (SubhaloStarMetallicity) for blockname /Tree0.
Loading ssph (SubhaloStellarPhotometrics) for blockname /Tree0.
Loading svmx (SubhaloVMax) for blockname /Tree0.
Loading svel (SubhaloVel) for blockname /Tree0.
Loading svdi (SubhaloVelDisp) for blockname /Tree0.
galrad= 0.01
!!! agesel
Found 100 stars.
Rotated pos.
Rotated vel.
Calculating circularities
dty= [13.65372497 13.43826425 13.44103759 13.51626486 13.47973713] 5
glb= [13.65372497 13.43826425 13.44103759 13.51626486 13.47973713] 5
bidsort lists= 5 5
 5
SNAP 30
EPS -0.5445692129267
galrad= 0.01
!!! agesel
Found 157 stars.
Rotated pos.
Rotated vel.
Calculating circularities
dty= [13.42553782 13.40642237 13.40340244] 3
glb= [13.42553782 13.40642237 13.40340244] 3
bidsort lists= 3 3
 3
SNAP 31
EPS 0.5697613030890443
galrad= 0.01
!!! agesel
Found 179 stars.
Rotated pos.
Rotated vel.
Calculating circularities
dty= [13.4772396  13.45760116 13.45260696 13.34650305 13.49584301 13.440692
 13.43124423 13.44957837 13.45892176 13.42732976 13.41609031 13.49761899
 13.46771415 13.34800331 13.49643605 13.46122152 13.377854   13.37604367
 13.45394522 13.39691355 13.43195188 13.4559438  13.50779268 13.4171916
 13.53778458 13.38836954 13.4840654  13.45427907 13.48159871 13.35627701
 13.36461548 13.35205193 13.48498595 13.52855748 13.51402764 13.39768202
 13.46480675 13.70276781 13.35837551 13.65636709 13.36667712 13.4772396
 13.44034608 13.5072198  13.38443041 13.49673217 13.44618476 13.36129783
 13.45494584 13.4536111  13.37564037 13.48221701 13.4712363  13.3587941
 13.50836451 13.51430817 13.49256227 13.51290306 13.50978972 13.48924938
 13.52775316 13.64357828 13.36295961 13.61963899 13.49850347 13.50318107
 13.4946537  13.36502856 13.45059055 13.50434011 13.65008627 13.45394522
 13.50779268 13.51205696 13.51542777 13.3587941  13.36872964 13.49286183
 13.58051962 13.52935968 13.52315466 13.36913901 13.47598411 13.5362231
 13.51570702 13.53570075 13.50779268 13.3550134  13.51233924 13.48590401
 13.50318107 13.37765321 13.52342711 13.51120863 13.50434011 13.612803
 13.37361862 13.37845586] 98
glb= [13.4772396  13.45760116 13.45260696 13.34650305 13.49584301 13.440692
 13.43124423 13.44957837 13.45892176 13.42732976 13.41609031 13.49761899
 13.46771415 13.34800331 13.49643605 13.46122152 13.377854   13.37604367
 13.45394522 13.39691355 13.43195188 13.4559438  13.50779268 13.4171916
 13.53778458 13.38836954 13.4840654  13.45427907 13.48159871 13.35627701
 13.36461548 13.35205193 13.48498595 13.52855748 13.51402764 13.39768202
 13.46480675 13.70276781 13.35837551 13.65636709 13.36667712 13.4772396
 13.44034608 13.5072198  13.38443041 13.49673217 13.44618476 13.36129783
 13.45494584 13.4536111  13.37564037 13.48221701 13.4712363  13.3587941
 13.50836451 13.51430817 13.49256227 13.51290306 13.50978972 13.48924938
 13.52775316 13.64357828 13.36295961 13.61963899 13.49850347 13.50318107
 13.4946537  13.36502856 13.45059055 13.50434011 13.65008627 13.45394522
 13.50779268 13.51205696 13.51542777 13.3587941  13.36872964 13.49286183
 13.58051962 13.52935968 13.52315466 13.36913901 13.47598411 13.5362231
 13.51570702 13.53570075 13.50779268 13.3550134  13.51233924 13.48590401
 13.50318107 13.37765321 13.52342711 13.51120863 13.50434011 13.612803
 13.37361862 13.37845586] 98
bidsort lists= 98 98
 98
SNAP 32
EPS 0.022457897692666026
galrad= 0.01
!!! agesel
Found 271 stars.
Rotated pos.
Rotated vel.
Calculating circularities
dty= [13.47973713 13.32768657 13.3338918  13.5179324  13.36790971 13.3571175
 13.49495145 13.51626486 13.33212675 13.46771415 13.48529225 13.31777844
 13.32589945 13.47027916 13.32813234 13.44103759 13.34607358 13.44310468
 13.57918641 13.49256227 13.42192996 13.42553782 13.55588786 13.42265406
 13.3571175  13.33124184 13.39459986 13.40415946 13.43406721 13.65372497
 13.36046476 13.43265823 13.39806575 13.42481881 13.43547117 13.43265823
 13.51570702] 37
glb= [13.47973713 13.32768657 13.3338918  13.5179324  13.36790971 13.3571175
 13.49495145 13.51626486 13.33212675 13.46771415 13.48529225 13.31777844
 13.32589945 13.47027916 13.32813234 13.44103759 13.34607358 13.44310468
 13.57918641 13.49256227 13.42192996 13.42553782 13.55588786 13.42265406
 13.3571175  13.33124184 13.39459986 13.40415946 13.43406721 13.65372497
 13.36046476 13.43265823 13.39806575 13.42481881 13.43547117 13.43265823
 13.51570702] 37
bidsort lists= 37 37
 37
SNAP 33
EPS -0.17673664406704925
galrad= 0.01
!!! agesel
Found 350 stars.
Rotated pos.
Rotated vel.
Calculating circularities
dty= [13.42732976 13.34650305 13.377854   13.28105067 13.3060496  13.33367151
 13.41609031 13.35627701 13.46771415 13.28614397 13.45427907 13.30929574
 13.46122152 13.4772396  13.32477927 13.31982088 13.48159871 13.34800331
 13.39691355 13.32724038 13.50779268 13.65636709 13.4559438  13.51402764
 13.51458841 13.33696567 13.29618944 13.38443041 13.35205193 13.29214594
 13.28226769 13.36129783 13.46899891 13.43124423 13.45760116 13.35837551
 13.33565063 13.32004733 13.70276781 13.36461548 13.49761899 13.30651456
 13.32095206 13.4536111  13.31732347 13.45892176 13.39768202 13.4772396
 13.32857774 13.31936771 13.49554605 13.4877328  13.5072198  13.42373786
 13.440692   13.45260696 13.51374687 13.49702806 13.54948368 13.49850347
 13.44034608 13.49673217 13.50607097 13.50289063 13.52855748 13.45494584
 13.4712363  13.48221701 13.29666312 13.48894661 13.29405252 13.46480675
 13.49643605 13.51848628 13.41682482 13.45394522 13.39149574 13.52096654
 13.28226769 13.3245549  13.36378831 13.41682482 13.52069195 13.42011394
 13.49584301 13.27909783 13.53778458 13.45527881 13.4840654  13.53386518
 13.30161177 13.51007401 13.37564037 13.38836954 13.33696567 13.44957837
 13.31021952 13.52505659 13.44618476 13.3934384  13.28951328 13.52041707
 13.31366911 13.50114277 13.36667712 13.42084134 13.4946537  13.32410593
 13.51820943 13.35247617 13.3387136  13.49015611 13.52694667 13.49316115
 13.4171916  13.3245549  13.37604367 13.49286183 13.40491507 13.28638535
 13.28927328 13.3041856  13.27934233 13.30254919 13.29547806 13.27319771
 13.50491809 13.28372448 13.43195188 13.28879304 13.53175339 13.49909182
 13.64357828 13.29831783 13.2950033  13.51233924 13.48498595 13.27836375
 13.30906453 13.52315466 13.31641229 13.50779268 13.30020258 13.32365659
 13.30581695 13.60009714 13.48894661 13.53175339 13.34607358 13.29547806
 13.33914965 13.53254709 13.50085054 13.28299655 13.46448225 13.53570075
 13.45793173 13.44103759 13.49732365 13.3034849  13.3848259  13.30581695
 13.53042591 13.45793173 13.53726499 13.32049988 13.39768202 13.44516079
 13.55245779 13.34305646 13.28153777 13.50607097 13.27369179 13.3848259
 13.30488539 13.29310009 13.35374646 13.38561584 13.44584374 13.37442837
 13.4772396  13.40642237 13.29831783 13.46513094 13.29166819] 185
glb= [13.42732976 13.34650305 13.377854   13.28105067 13.3060496  13.33367151
 13.41609031 13.35627701 13.46771415 13.28614397 13.45427907 13.30929574
 13.46122152 13.4772396  13.32477927 13.31982088 13.48159871 13.34800331
 13.39691355 13.32724038 13.50779268 13.65636709 13.4559438  13.51402764
 13.51458841 13.33696567 13.29618944 13.38443041 13.35205193 13.29214594
 13.28226769 13.36129783 13.46899891 13.43124423 13.45760116 13.35837551
 13.33565063 13.32004733 13.70276781 13.36461548 13.49761899 13.30651456
 13.32095206 13.4536111  13.31732347 13.45892176 13.39768202 13.4772396
 13.32857774 13.31936771 13.49554605 13.4877328  13.5072198  13.42373786
 13.440692   13.45260696 13.51374687 13.49702806 13.54948368 13.49850347
 13.44034608 13.49673217 13.50607097 13.50289063 13.52855748 13.45494584
 13.4712363  13.48221701 13.29666312 13.48894661 13.29405252 13.46480675
 13.49643605 13.51848628 13.41682482 13.45394522 13.39149574 13.52096654
 13.28226769 13.3245549  13.36378831 13.41682482 13.52069195 13.42011394
 13.49584301 13.27909783 13.53778458 13.45527881 13.4840654  13.53386518
 13.30161177 13.51007401 13.37564037 13.38836954 13.33696567 13.44957837
 13.31021952 13.52505659 13.44618476 13.3934384  13.28951328 13.52041707
 13.31366911 13.50114277 13.36667712 13.42084134 13.4946537  13.32410593
 13.51820943 13.35247617 13.3387136  13.49015611 13.52694667 13.49316115
 13.4171916  13.3245549  13.37604367 13.49286183 13.40491507 13.28638535
 13.28927328 13.3041856  13.27934233 13.30254919 13.29547806 13.27319771
 13.50491809 13.28372448 13.43195188 13.28879304 13.53175339 13.49909182
 13.64357828 13.29831783 13.2950033  13.51233924 13.48498595 13.27836375
 13.30906453 13.52315466 13.31641229 13.50779268 13.30020258 13.32365659
 13.30581695 13.60009714 13.48894661 13.53175339 13.34607358 13.29547806
 13.33914965 13.53254709 13.50085054 13.28299655 13.46448225 13.53570075
 13.45793173 13.44103759 13.49732365 13.3034849  13.3848259  13.30581695
 13.53042591 13.45793173 13.53726499 13.32049988 13.39768202 13.44516079
 13.55245779 13.34305646 13.28153777 13.50607097 13.27369179 13.3848259
 13.30488539 13.29310009 13.35374646 13.38561584 13.44584374 13.37442837
 13.4772396  13.40642237 13.29831783 13.46513094 13.29166819] 185
bidsort lists= 185 185
 185
SNAP 34
EPS -0.04260056181013074
galrad= 0.01
!!! agesel
Found 433 stars.
Rotated pos.
Rotated vel.
Calculating circularities
dty= [13.30929574 13.33367151 13.43195188 13.4772396  13.45892176 13.53175339
 13.3245549  13.44957837 13.49584301 13.440692   13.32365659 13.43124423
 13.34650305 13.45260696 13.29618944 13.36667712 13.49643605 13.32095206
 13.28927328 13.50114277 13.30651456 13.24921734 13.28372448 13.256645
 13.24195465 13.53778458 13.53175339 13.38836954 13.27022402 13.34607358
 13.27047247 13.32477927 13.24247644 13.26120751 13.31641229 13.2367116
 13.28105067 13.3060496  13.37604367 13.25076195 13.51007401 13.4559438
 13.45760116 13.27934233 13.45793173 13.377854   13.60009714 13.41609031
 13.32724038 13.45527881 13.4171916  13.27022402 13.23960106 13.257916
 13.39691355 13.48498595 13.45394522 13.32410593 13.31732347 13.27836375
 13.46771415 13.4712363  13.49909182 13.42732976 13.37564037 13.4946537
 13.36913901 13.28662657 13.4840654  13.50289063 13.58316483 13.3848259
 13.42084134 13.5072198  13.46577845 13.27072076 13.37765321 13.26873126
 13.4536111  13.56119249 13.49761899 13.23697488 13.2639778  13.33914965
 13.42011394 13.45427907 13.25639049 13.31021952 13.48159871 13.52748457
 13.46122152 13.5072198  13.3587941  13.25816991 13.24792704 13.38443041
 13.30581695 13.25511606 13.49850347 13.50779268 13.53570075 13.26848206
 13.35205193 13.35837551 13.29214594 13.30674687 13.39768202 13.24741012
 13.24247644 13.4772396  13.3034849  13.64357828 13.2632236  13.28951328
 13.65008627 13.29405252 13.31982088 13.39266238 13.51402764 13.36461548
 13.44034608 13.48221701 13.25689941 13.53042591 13.35120242 13.32004733
 13.36872964 13.35627701 13.44310468 13.26523262 13.49286183 13.27909783
 13.34800331 13.36378831 13.24689273 13.52855748 13.33696567 13.34949891
 13.3550134  13.43791624 13.23380802 13.24792704 13.237238   13.34607358
 13.54647766 13.25153271 13.3934384  13.25050476 13.26498186 13.45494584
 13.44618476 13.48097931 13.45059055 13.65636709 13.46480675 13.28614397
 13.27418541 13.48924938 13.52694667 13.49015611 13.36129783 13.49673217
 13.53726499 13.28007512 13.49732365 13.2692293  13.42192996 13.27713809
 13.27664712 13.40415946 13.35795657 13.48894661 13.24792704 13.32857774
 13.27319771 13.51120863 13.29689984 13.28226769 13.31595614 13.58751134
 13.3934384  13.50978972 13.24741012 13.42732976 13.3041856  13.31936771
 13.52935968 13.28299655 13.27517143 13.52505659 13.27319771 13.48894661
 13.51290306 13.54088271 13.2489595  13.55146993 13.50779268 13.42625558
 13.53726499 13.39305059 13.70276781 13.4182899  13.2950033  13.52775316
 13.31366911 13.39768202 13.51848628 13.3587941  13.53726499 13.34305646
 13.25562617 13.52315466 13.50318107 13.36295961 13.41682482 13.29405252
 13.48097931 13.40491507 13.27072076 13.51430817 13.23907673 13.3387136
 13.30581695 13.58228621 13.4877328  13.50607097 13.53254709 13.3245549
 13.23248354 13.3571175  13.46899891 13.40679833 13.51205696 13.28638535
 13.51458841 13.52069195 13.23986304 13.29666312 13.50318107 13.41682482
 13.49316115 13.29071149 13.29547806 13.46642483 13.25816991 13.30161177
 13.44447663 13.25562617 13.34949891 13.53517749 13.51542777 13.39149574
 13.27909783 13.26070234 13.48590401 13.50491809 13.24999016 13.33696567
 13.24064824 13.42373786 13.43088997 13.27713809 13.53386518 13.40188447
 13.35247617 13.53201822 13.24559728 13.49554605 13.30906453 13.30254919
 13.44991606 13.51820943 13.45394522 13.47598411 13.34478283 13.32768657
 13.36790971 13.47661244 13.38005687 13.24689273 13.24585656 13.31777844
 13.25153271 13.51007401 13.48894661 13.27615563 13.24741012 13.35205193
 13.4079243  13.45727028 13.28105067 13.25867725 13.44103759 13.37845586] 294
glb= [13.30929574 13.33367151 13.43195188 13.4772396  13.45892176 13.53175339
 13.3245549  13.44957837 13.49584301 13.440692   13.32365659 13.43124423
 13.34650305 13.45260696 13.29618944 13.36667712 13.49643605 13.32095206
 13.28927328 13.50114277 13.30651456 13.24921734 13.28372448 13.256645
 13.24195465 13.53778458 13.53175339 13.38836954 13.27022402 13.34607358
 13.27047247 13.32477927 13.24247644 13.26120751 13.31641229 13.2367116
 13.28105067 13.3060496  13.37604367 13.25076195 13.51007401 13.4559438
 13.45760116 13.27934233 13.45793173 13.377854   13.60009714 13.41609031
 13.32724038 13.45527881 13.4171916  13.27022402 13.23960106 13.257916
 13.39691355 13.48498595 13.45394522 13.32410593 13.31732347 13.27836375
 13.46771415 13.4712363  13.49909182 13.42732976 13.37564037 13.4946537
 13.36913901 13.28662657 13.4840654  13.50289063 13.58316483 13.3848259
 13.42084134 13.5072198  13.46577845 13.27072076 13.37765321 13.26873126
 13.4536111  13.56119249 13.49761899 13.23697488 13.2639778  13.33914965
 13.42011394 13.45427907 13.25639049 13.31021952 13.48159871 13.52748457
 13.46122152 13.5072198  13.3587941  13.25816991 13.24792704 13.38443041
 13.30581695 13.25511606 13.49850347 13.50779268 13.53570075 13.26848206
 13.35205193 13.35837551 13.29214594 13.30674687 13.39768202 13.24741012
 13.24247644 13.4772396  13.3034849  13.64357828 13.2632236  13.28951328
 13.65008627 13.29405252 13.31982088 13.39266238 13.51402764 13.36461548
 13.44034608 13.48221701 13.25689941 13.53042591 13.35120242 13.32004733
 13.36872964 13.35627701 13.44310468 13.26523262 13.49286183 13.27909783
 13.34800331 13.36378831 13.24689273 13.52855748 13.33696567 13.34949891
 13.3550134  13.43791624 13.23380802 13.24792704 13.237238   13.34607358
 13.54647766 13.25153271 13.3934384  13.25050476 13.26498186 13.45494584
 13.44618476 13.48097931 13.45059055 13.65636709 13.46480675 13.28614397
 13.27418541 13.48924938 13.52694667 13.49015611 13.36129783 13.49673217
 13.53726499 13.28007512 13.49732365 13.2692293  13.42192996 13.27713809
 13.27664712 13.40415946 13.35795657 13.48894661 13.24792704 13.32857774
 13.27319771 13.51120863 13.29689984 13.28226769 13.31595614 13.58751134
 13.3934384  13.50978972 13.24741012 13.42732976 13.3041856  13.31936771
 13.52935968 13.28299655 13.27517143 13.52505659 13.27319771 13.48894661
 13.51290306 13.54088271 13.2489595  13.55146993 13.50779268 13.42625558
 13.53726499 13.39305059 13.70276781 13.4182899  13.2950033  13.52775316
 13.31366911 13.39768202 13.51848628 13.3587941  13.53726499 13.34305646
 13.25562617 13.52315466 13.50318107 13.36295961 13.41682482 13.29405252
 13.48097931 13.40491507 13.27072076 13.51430817 13.23907673 13.3387136
 13.30581695 13.58228621 13.4877328  13.50607097 13.53254709 13.3245549
 13.23248354 13.3571175  13.46899891 13.40679833 13.51205696 13.28638535
 13.51458841 13.52069195 13.23986304 13.29666312 13.50318107 13.41682482
 13.49316115 13.29071149 13.29547806 13.46642483 13.25816991 13.30161177
 13.44447663 13.25562617 13.34949891 13.53517749 13.51542777 13.39149574
 13.27909783 13.26070234 13.48590401 13.50491809 13.24999016 13.33696567
 13.24064824 13.42373786 13.43088997 13.27713809 13.53386518 13.40188447
 13.35247617 13.53201822 13.24559728 13.49554605 13.30906453 13.30254919
 13.44991606 13.51820943 13.45394522 13.47598411 13.34478283 13.32768657
 13.36790971 13.47661244 13.38005687 13.24689273 13.24585656 13.31777844
 13.25153271 13.51007401 13.48894661 13.27615563 13.24741012 13.35205193
 13.4079243  13.45727028 13.28105067 13.25867725 13.44103759 13.37845586] 294
bidsort lists= 294 294
 294
SNAP 35
EPS 0.02440010745108786
galrad= 0.01
!!! agesel
Found 566 stars.
Rotated pos.
Rotated vel.
Calculating circularities
dty= [13.23062435 13.52069195 13.56451461 13.237238   13.20896166 13.19064483
 13.51402764 13.65636709 13.19615362 13.45260696 13.52748457 13.70276781
 13.50836451 13.20592261 13.28614397 13.30929574 13.2489595  13.25562617
 13.51205696 13.45760116 13.27022402 13.65008627 13.38443041 13.36129783
 13.3245549  13.19896025 13.19262783 13.1910703  13.203425   13.33367151
 13.20453628 13.24921734 13.58051962 13.3587941  13.35627701 13.51430817
 13.28226769 13.49584301 13.50978972 13.35120242 13.46642483 13.20007941
 13.18865573 13.36295961 13.51542777 13.49850347 13.20147554 13.50318107
 13.32410593 13.22259069 13.19248641 13.19601298 13.3387136  13.27909783
 13.5072198  13.31936771 13.39768202 13.42732976 13.53778458 13.61963899
 13.43195188 13.46122152 13.45059055 13.20509117 13.20035887 13.4772396
 13.32095206 13.21253433 13.20592261 13.19135379 13.440692   13.35837551
 13.23697488 13.19177871 13.35120242 13.35289994 13.19036105 13.32410593
 13.18879801 13.4712363  13.50289063 13.4536111  13.20370301 13.48159871
 13.20314688 13.50318107 13.2367116  13.19276924 13.19979977 13.27047247
 13.46480675 13.39188498 13.19488661 13.4840654  13.20398091 13.49643605
 13.19559079 13.51290306 13.51458841 13.26498186 13.32857774 13.4877328
 13.45494584 13.21006317 13.55442304 13.26848206 13.4772396  13.34800331
 13.45527881 13.40415946 13.18829986 13.21826217 13.25562617 13.31982088
 13.20896166 13.19587226 13.49673217 13.35205193 13.20035887 13.18879801
 13.19389936 13.48894661 13.50779268 13.31686813 13.29595243 13.27664712
 13.2166311  13.19615362 13.50779268 13.20370301 13.40491507 13.29666312
 13.52694667 13.27319771 13.37564037 13.53726499 13.25050476 13.19064483
 13.39691355 13.35247617 13.21880493 13.18936683 13.19868013 13.18837107
 13.2692293  13.44034608 13.1920619  13.20716766 13.20675292 13.25358304
 13.32049988 13.26070234 13.32004733 13.48924938 13.28927328 13.48221701
 13.36461548 13.18908248 13.50491809 13.35374646 13.19333457 13.23802674
 13.52775316 13.24273711 13.27934233 13.22474344 13.23248354 13.36667712
 13.20147554 13.36544123 13.52855748 13.19853999 13.18922466 13.29689984
 13.19671591 13.19727777 13.3934384  13.45892176 13.51848628 13.51007401
 13.19050295 13.20785829 13.24064824 13.36502856 13.53726499 13.30906453
 13.4772396  13.4946537  13.50114277 13.45427907 13.42697202 13.37442837
 13.44584374 13.48590401 13.20398091 13.30161177 13.49761899 13.30581695
 13.19177871 13.19755848 13.31366911 13.20203318 13.46771415 13.25358304
 13.19882019 13.20119656 13.25307115 13.42732976 13.44957837 13.49015611
 13.26120751 13.21717529 13.29214594 13.58228621 13.21934721 13.20481381
 13.3041856  13.29405252 13.36295961 13.28007512 13.27072076 13.19783908
 13.19727777 13.24064824 13.25816991 13.34949891 13.36378831 13.19938015
 13.41313929 13.20619949 13.52315466 13.29618944 13.51120863 13.27517143
 13.50779268 13.22097112 13.42697202 13.2639778  13.50434011 13.20509117
 13.23539353 13.19319327 13.19220341 13.2081343  13.38085523 13.44618476
 13.19446366 13.20286866 13.33696567 13.22635303 13.32365659 13.29310009
 13.49256227 13.21143721 13.2166311  13.22205127 13.42011394 13.20702942
 13.20007941 13.20063823 13.377854   13.41609031 13.28299655 13.21171168
 13.26523262 13.53254709 13.257916   13.29405252 13.53517749 13.30581695
 13.24947503 13.21171168 13.51064182 13.19643482 13.19432263 13.19896025
 13.23380802 13.18837107 13.25076195 13.19135379 13.3214038  13.20868602
 13.39149574 13.4182899  13.26171222 13.3245549  13.34650305 13.3303554
 13.43088997 13.26070234 13.23062435 13.19839991 13.21226024 13.40679833
 13.40415946 13.19149548 13.52505659 13.24247644 13.40491507 13.2950033
 13.20007941 13.28951328 13.47345982 13.28105067 13.49316115 13.26171222
 13.25766205 13.22955937 13.31732347 13.32095206 13.23380802 13.28226769
 13.20509117 13.31641229 13.413879   13.39305059 13.52613806 13.47661244
 13.48894661 13.39883224 13.2935765  13.31595614 13.43124423 13.23221834
 13.20007941 13.31021952 13.25689941 13.256645   13.24195465 13.21988895
 13.24064824 13.23644821 13.53175339 13.23009209 13.38836954 13.36872964
 13.4559438  13.37684916 13.24377881 13.20730582 13.48097931 13.3060496
 13.39883224 13.31595614 13.20063823 13.49909182 13.42084134 13.32724038
 13.49286183 13.20007941 13.19530921 13.30651456 13.44991606 13.64357828
 13.46963959 13.19643482 13.22501201 13.22232106 13.20370301 13.22366805
 13.20453628 13.22608503 13.21526853 13.52935968 13.19979977 13.47091754
 13.25383884 13.28372448 13.5072198  13.20841022 13.29262323 13.2632236
 13.5362231  13.32477927 13.20203318 13.51402764 13.4171916  13.20951269
 13.36913901 13.42840116 13.225817   13.23221834 13.3587941  13.45394522
 13.44447663 13.56592578 13.22688859 13.49673217 13.37036504 13.27369179
 13.45793173 13.21635882 13.3550134  13.53175339 13.28299655 13.32410593
 13.23960106 13.48498595 13.21554129 13.27836375 13.34002049 13.37604367
 13.19839991 13.28638535 13.26422903 13.53726499 13.24273711 13.20398091
 13.20425865 13.34607358 13.41974981 13.20035887 13.31641229 13.25639049
 13.19924019 13.19248641 13.21826217 13.60009714 13.31091128 13.40036104
 13.33914965 13.19868013 13.27467865 13.55047859 13.34305646 13.37765321
 13.51570702 13.3034849  13.21934721 13.39768202 13.24792704 13.3608815
 13.53570075 13.20951269 13.49732365 13.24741012 13.19811951 13.26473105
 13.20091748 13.20785829 13.29642636 13.22635303 13.30581695 13.19502746
 13.33565063 13.23115613 13.19530921 13.50607097 13.3848259  13.19389936
 13.19220341 13.33521153 13.27022402 13.32857774 13.23907673 13.2632236
 13.3034849  13.32365659 13.55146993 13.24741012 13.23802674 13.39806575
 13.23221834 13.26422903 13.21608644 13.34521344 13.58316483 13.20675292
 13.19135379 13.46252929 13.3104502  13.20564557 13.28105067 13.54088271
 13.21826217 13.44103759 13.19530921 13.22097112 13.45793173 13.24999016
 13.21417626 13.39266238 13.1916371  13.18879801 13.21390292 13.4182899
 13.20175441 13.26070234 13.53042591 13.28662657 13.1910703  13.44310468
 13.5072198  13.299261   13.51514824 13.48097931 13.20286866 13.24999016
 13.33168448 13.21988895 13.25383884 13.58751134 13.21171168 13.25153271
 13.18908248 13.19811951 13.26473105 13.20398091 13.19474561 13.2279583
 13.24247644 13.32095206 13.27369179 13.42840116 13.42192996 13.20398091
 13.3303554  13.25969068 13.56119249 13.45527881 13.32768657 13.3934384
 13.28299655 13.52828962 13.26070234 13.20564557 13.49643605 13.34348858
 13.45059055 13.51737752 13.37199475 13.21417626 13.36544123 13.3387136
 13.54647766 13.34607358 13.25562617 13.46642483 13.27811886 13.54292991
 13.38640434 13.20896166 13.3587941  13.45327667 13.23539353 13.20035887
 13.20453628 13.33652773 13.30628216 13.36378831 13.27664712 13.31275146
 13.40036104 13.39883224 13.40264413 13.47345982 13.37036504 13.31595614
 13.42697202 13.48590401 13.26070234 13.52342711 13.3443518  13.47472423
 13.21934721 13.21280826 13.27615563 13.3934384  13.28590249 13.20951269
 13.27909783 13.51570702 13.27909783 13.43053534 13.3020807  13.21335586
 13.44516079 13.37765321 13.39652881 13.20785829 13.40036104 13.29831783
 13.217719   13.52935968 13.20978795 13.51402764 13.21061318 13.52775316
 13.21226024 13.30020258 13.22902617 13.42625558 13.39883224 13.2279583
 13.21608644 13.34088982 13.32049988 13.23433704 13.33124184 13.34949891
 13.23221834 13.31412732 13.25816991 13.35289994 13.37361862 13.36544123] 606
glb= [13.23062435 13.52069195 13.56451461 13.237238   13.20896166 13.19064483
 13.51402764 13.65636709 13.19615362 13.45260696 13.52748457 13.70276781
 13.50836451 13.20592261 13.28614397 13.30929574 13.2489595  13.25562617
 13.51205696 13.45760116 13.27022402 13.65008627 13.38443041 13.36129783
 13.3245549  13.19896025 13.19262783 13.1910703  13.203425   13.33367151
 13.20453628 13.24921734 13.58051962 13.3587941  13.35627701 13.51430817
 13.28226769 13.49584301 13.50978972 13.35120242 13.46642483 13.20007941
 13.18865573 13.36295961 13.51542777 13.49850347 13.20147554 13.50318107
 13.32410593 13.22259069 13.19248641 13.19601298 13.3387136  13.27909783
 13.5072198  13.31936771 13.39768202 13.42732976 13.53778458 13.61963899
 13.43195188 13.46122152 13.45059055 13.20509117 13.20035887 13.4772396
 13.32095206 13.21253433 13.20592261 13.19135379 13.440692   13.35837551
 13.23697488 13.19177871 13.35120242 13.35289994 13.19036105 13.32410593
 13.18879801 13.4712363  13.50289063 13.4536111  13.20370301 13.48159871
 13.20314688 13.50318107 13.2367116  13.19276924 13.19979977 13.27047247
 13.46480675 13.39188498 13.19488661 13.4840654  13.20398091 13.49643605
 13.19559079 13.51290306 13.51458841 13.26498186 13.32857774 13.4877328
 13.45494584 13.21006317 13.55442304 13.26848206 13.4772396  13.34800331
 13.45527881 13.40415946 13.18829986 13.21826217 13.25562617 13.31982088
 13.20896166 13.19587226 13.49673217 13.35205193 13.20035887 13.18879801
 13.19389936 13.48894661 13.50779268 13.31686813 13.29595243 13.27664712
 13.2166311  13.19615362 13.50779268 13.20370301 13.40491507 13.29666312
 13.52694667 13.27319771 13.37564037 13.53726499 13.25050476 13.19064483
 13.39691355 13.35247617 13.21880493 13.18936683 13.19868013 13.18837107
 13.2692293  13.44034608 13.1920619  13.20716766 13.20675292 13.25358304
 13.32049988 13.26070234 13.32004733 13.48924938 13.28927328 13.48221701
 13.36461548 13.18908248 13.50491809 13.35374646 13.19333457 13.23802674
 13.52775316 13.24273711 13.27934233 13.22474344 13.23248354 13.36667712
 13.20147554 13.36544123 13.52855748 13.19853999 13.18922466 13.29689984
 13.19671591 13.19727777 13.3934384  13.45892176 13.51848628 13.51007401
 13.19050295 13.20785829 13.24064824 13.36502856 13.53726499 13.30906453
 13.4772396  13.4946537  13.50114277 13.45427907 13.42697202 13.37442837
 13.44584374 13.48590401 13.20398091 13.30161177 13.49761899 13.30581695
 13.19177871 13.19755848 13.31366911 13.20203318 13.46771415 13.25358304
 13.19882019 13.20119656 13.25307115 13.42732976 13.44957837 13.49015611
 13.26120751 13.21717529 13.29214594 13.58228621 13.21934721 13.20481381
 13.3041856  13.29405252 13.36295961 13.28007512 13.27072076 13.19783908
 13.19727777 13.24064824 13.25816991 13.34949891 13.36378831 13.19938015
 13.41313929 13.20619949 13.52315466 13.29618944 13.51120863 13.27517143
 13.50779268 13.22097112 13.42697202 13.2639778  13.50434011 13.20509117
 13.23539353 13.19319327 13.19220341 13.2081343  13.38085523 13.44618476
 13.19446366 13.20286866 13.33696567 13.22635303 13.32365659 13.29310009
 13.49256227 13.21143721 13.2166311  13.22205127 13.42011394 13.20702942
 13.20007941 13.20063823 13.377854   13.41609031 13.28299655 13.21171168
 13.26523262 13.53254709 13.257916   13.29405252 13.53517749 13.30581695
 13.24947503 13.21171168 13.51064182 13.19643482 13.19432263 13.19896025
 13.23380802 13.18837107 13.25076195 13.19135379 13.3214038  13.20868602
 13.39149574 13.4182899  13.26171222 13.3245549  13.34650305 13.3303554
 13.43088997 13.26070234 13.23062435 13.19839991 13.21226024 13.40679833
 13.40415946 13.19149548 13.52505659 13.24247644 13.40491507 13.2950033
 13.20007941 13.28951328 13.47345982 13.28105067 13.49316115 13.26171222
 13.25766205 13.22955937 13.31732347 13.32095206 13.23380802 13.28226769
 13.20509117 13.31641229 13.413879   13.39305059 13.52613806 13.47661244
 13.48894661 13.39883224 13.2935765  13.31595614 13.43124423 13.23221834
 13.20007941 13.31021952 13.25689941 13.256645   13.24195465 13.21988895
 13.24064824 13.23644821 13.53175339 13.23009209 13.38836954 13.36872964
 13.4559438  13.37684916 13.24377881 13.20730582 13.48097931 13.3060496
 13.39883224 13.31595614 13.20063823 13.49909182 13.42084134 13.32724038
 13.49286183 13.20007941 13.19530921 13.30651456 13.44991606 13.64357828
 13.46963959 13.19643482 13.22501201 13.22232106 13.20370301 13.22366805
 13.20453628 13.22608503 13.21526853 13.52935968 13.19979977 13.47091754
 13.25383884 13.28372448 13.5072198  13.20841022 13.29262323 13.2632236
 13.5362231  13.32477927 13.20203318 13.51402764 13.4171916  13.20951269
 13.36913901 13.42840116 13.225817   13.23221834 13.3587941  13.45394522
 13.44447663 13.56592578 13.22688859 13.49673217 13.37036504 13.27369179
 13.45793173 13.21635882 13.3550134  13.53175339 13.28299655 13.32410593
 13.23960106 13.48498595 13.21554129 13.27836375 13.34002049 13.37604367
 13.19839991 13.28638535 13.26422903 13.53726499 13.24273711 13.20398091
 13.20425865 13.34607358 13.41974981 13.20035887 13.31641229 13.25639049
 13.19924019 13.19248641 13.21826217 13.60009714 13.31091128 13.40036104
 13.33914965 13.19868013 13.27467865 13.55047859 13.34305646 13.37765321
 13.51570702 13.3034849  13.21934721 13.39768202 13.24792704 13.3608815
 13.53570075 13.20951269 13.49732365 13.24741012 13.19811951 13.26473105
 13.20091748 13.20785829 13.29642636 13.22635303 13.30581695 13.19502746
 13.33565063 13.23115613 13.19530921 13.50607097 13.3848259  13.19389936
 13.19220341 13.33521153 13.27022402 13.32857774 13.23907673 13.2632236
 13.3034849  13.32365659 13.55146993 13.24741012 13.23802674 13.39806575
 13.23221834 13.26422903 13.21608644 13.34521344 13.58316483 13.20675292
 13.19135379 13.46252929 13.3104502  13.20564557 13.28105067 13.54088271
 13.21826217 13.44103759 13.19530921 13.22097112 13.45793173 13.24999016
 13.21417626 13.39266238 13.1916371  13.18879801 13.21390292 13.4182899
 13.20175441 13.26070234 13.53042591 13.28662657 13.1910703  13.44310468
 13.5072198  13.299261   13.51514824 13.48097931 13.20286866 13.24999016
 13.33168448 13.21988895 13.25383884 13.58751134 13.21171168 13.25153271
 13.18908248 13.19811951 13.26473105 13.20398091 13.19474561 13.2279583
 13.24247644 13.32095206 13.27369179 13.42840116 13.42192996 13.20398091
 13.3303554  13.25969068 13.56119249 13.45527881 13.32768657 13.3934384
 13.28299655 13.52828962 13.26070234 13.20564557 13.49643605 13.34348858
 13.45059055 13.51737752 13.37199475 13.21417626 13.36544123 13.3387136
 13.54647766 13.34607358 13.25562617 13.46642483 13.27811886 13.54292991
 13.38640434 13.20896166 13.3587941  13.45327667 13.23539353 13.20035887
 13.20453628 13.33652773 13.30628216 13.36378831 13.27664712 13.31275146
 13.40036104 13.39883224 13.40264413 13.47345982 13.37036504 13.31595614
 13.42697202 13.48590401 13.26070234 13.52342711 13.3443518  13.47472423
 13.21934721 13.21280826 13.27615563 13.3934384  13.28590249 13.20951269
 13.27909783 13.51570702 13.27909783 13.43053534 13.3020807  13.21335586
 13.44516079 13.37765321 13.39652881 13.20785829 13.40036104 13.29831783
 13.217719   13.52935968 13.20978795 13.51402764 13.21061318 13.52775316
 13.21226024 13.30020258 13.22902617 13.42625558 13.39883224 13.2279583
 13.21608644 13.34088982 13.32049988 13.23433704 13.33124184 13.34949891
 13.23221834 13.31412732 13.25816991 13.35289994 13.37361862 13.36544123] 606
bidsort lists= 606 606
 606
SNAP 36
EPS -0.005660073036911144
galrad= 0.01
!!! agesel
Found 873 stars.
Rotated pos.
Rotated vel.
Calculating circularities
dty= [13.34650305 13.19882019 13.4772396  13.29618944 13.15252842 13.44957837
 13.19432263 13.440692   13.33367151 13.15011937 13.16665782 13.15582697
 13.45892176 13.43124423 13.30929574 13.30651456 13.16296832 13.17120453
 13.15627551 13.15222778 13.15657444 13.38836954 13.18049314 13.53175339
 13.43195188 13.14876051 13.28927328 13.36667712 13.26171222 13.27047247
 13.26120751 13.51007401 13.16577417 13.17047327 13.34607358 13.14162013
 13.16856828 13.36913901 13.14238328 13.19979977 13.27934233 13.5362231
 13.17076587 13.15072241 13.16089326 13.32095206 13.50289063 13.256645
 13.49643605 13.16724624 13.17688039 13.24921734 13.3245549  13.257916
 13.45760116 13.2367116  13.18265119 13.24195465 13.19530921 13.28105067
 13.15372975 13.4712363  13.52748457 13.49584301 13.22097112 13.21880493
 13.15057173 13.23697488 13.17528445 13.18243567 13.15896063 13.26848206
 13.53726499 13.41609031 13.16089326 13.45260696 13.50114277 13.18200449
 13.27022402 13.20147554 13.45527881 13.49702806 13.50836451 13.147096
 13.53778458 13.18034903 13.39691355 13.16222798 13.18078128 13.4877328
 13.18049314 13.3060496  13.16415115 13.60009714 13.15132494 13.18408587
 13.5072198  13.22474344 13.21253433 13.16326424 13.17061961 13.51458841
 13.16282031 13.18515988 13.4946537  13.32477927 13.14223074 13.27467865
 13.20619949 13.15042098 13.14891165 13.16370781 13.4840654  13.37564037
 13.15597654 13.20592261 13.20063823 13.16812787 13.32365659 13.53175339
 13.5072198  13.17455775 13.51290306 13.20785829 13.46771415 13.46899891
 13.27836375 13.16959476 13.53386518 13.29689984 13.18494522 13.23248354
 13.27909783 13.39768202 13.15327953 13.14466767 13.20035887 13.45059055
 13.4536111  13.46122152 13.25076195 13.41682482 13.28372448 13.1448197
 13.16222798 13.18765883 13.14588295 13.17832792 13.52315466 13.15327953
 13.22501201 13.26848206 13.16768723 13.17673549 13.15417974 13.237238
 13.38443041 13.14542745 13.65008627 13.147096   13.35247617 13.17324768
 13.14542745 13.377854   13.49850347 13.16119007 13.18214829 13.65636709
 13.20509117 13.16842153 13.51402764 13.15747024 13.23062435 13.14405923
 13.45660759 13.29405252 13.15896063 13.50318107 13.35205193 13.28299655
 13.48894661 13.20592261 13.15702249 13.21554129 13.28226769 13.42732976
 13.18523141 13.16119007 13.17003413 13.14284077 13.52069195 13.18537446
 13.49761899 13.70276781 13.36872964 13.36129783 13.19135379 13.14375485
 13.20951269 13.51542777 13.51598608 13.21143721 13.16326424 13.19064483
 13.49909182 13.16621614 13.14724753 13.16680495 13.16237609 13.50491809
 13.25383884 13.14253581 13.35120242 13.51205696 13.48159871 13.27664712
 13.18837107 13.55442304 13.1579177  13.15836487 13.17412133 13.14497172
 13.22097112 13.14207812 13.15402977 13.15597654 13.35837551 13.28614397
 13.17586527 13.32724038 13.50779268 13.45494584 13.52855748 13.49316115
 13.18765883 13.20147554 13.48894661 13.28153777 13.53726499 13.43088997
 13.29666312 13.14951576 13.31732347 13.49316115 13.23009209 13.18222012
 13.18236384 13.19248641 13.15057173 13.16695208 13.28951328 13.17193493
 13.46480675 13.44034608 13.1659215  13.49015611 13.18865573 13.35627701
 13.20007941 13.19036105 13.14451562 13.49673217 13.4559438  13.15267869
 13.18293837 13.21608644 13.16089326 13.4772396  13.17601036 13.26422903
 13.45427907 13.36378831 13.15657444 13.17919485 13.14542745 13.29547806
 13.20035887 13.26070234 13.35120242 13.28226769 13.16237609 13.15102373
 13.17266454 13.51848628 13.46963959 13.40491507 13.19064483 13.29214594
 13.28007512 13.24064824 13.37604367 13.15732105 13.3387136  13.17847245
 13.31936771 13.15492893 13.51430817 13.14557929 13.31982088 13.16178336
 13.22608503 13.4011234  13.17774932 13.15462936 13.16768723 13.17061961
 13.53570075 13.17745983 13.20453628 13.33696567 13.17528445 13.17586527
 13.25816991 13.30161177 13.21635882 13.46642483 13.34800331 13.17991641
 13.17803864 13.14951576 13.17876153 13.19868013 13.26070234 13.15042098
 13.1659215  13.53254709 13.17455775 13.52505659 13.32857774 13.42084134
 13.15806679 13.31366911 13.1910703  13.14284077 13.27467865 13.25562617
 13.26422903 13.32004733 13.19601298 13.17018056 13.32049988 13.16488941
 13.20203318 13.15985329 13.2489595  13.24273711 13.27022402 13.53517749
 13.49286183 13.15011937 13.31595614 13.42697202 13.17789402 13.17091212
 13.48221701 13.20716766 13.22554879 13.34949891 13.23960106 13.27517143
 13.49435571 13.29405252 13.16444656 13.33740324 13.18651763 13.3245549
 13.33124184 13.16856828 13.17962789 13.39149574 13.20370301 13.16267223
 13.50779268 13.1555278  13.3550134  13.32857774 13.25562617 13.36461548
 13.23380802 13.15072241 13.15492893 13.19727777 13.48097931 13.15940711
 13.52694667 13.19177871 13.18879801 13.3934384  13.44618476 13.21826217
 13.31641229 13.32410593 13.48590401 13.14497172 13.14755034 13.26498186
 13.39305059 13.15851386 13.28299655 13.2639778  13.21988895 13.51120863
 13.19896025 13.21006317 13.2081343  13.15732105 13.44447663 13.16459419
 13.19783908 13.225817   13.50779268 13.15851386 13.19177871 13.42011394
 13.16474181 13.22955937 13.29071149 13.15072241 13.18006063 13.23907673
 13.18236384 13.18666039 13.48498595 13.3587941  13.27072076 13.15252842
 13.41313929 13.18837107 13.2692293  13.3041856  13.19727777 13.16915504
 13.18608916 13.14770177 13.16856828 13.25307115 13.51570702 13.16944822
 13.29119006 13.42047781 13.16886174 13.24247644 13.19559079 13.18651763
 13.4171916  13.51233924 13.18480208 13.18780131 13.1670992  13.21717529
 13.15732105 13.20286866 13.19587226 13.23221834 13.24741012 13.14314561
 13.19839991 13.17208089 13.40415946 13.14436357 13.23221834 13.16148677
 13.24377881 13.21417626 13.15940711 13.15821587 13.1665106  13.19671591
 13.21171168 13.16444656 13.18594629 13.55146993 13.16296832 13.22151143
 13.34607358 13.15582697 13.45859202 13.17818332 13.40942091 13.14891165
 13.15372975 13.15492893 13.28299655 13.21171168 13.16237609 13.14860936
 13.20007941 13.51064182 13.25383884 13.26070234 13.15910951 13.21826217
 13.20175441 13.23644821 13.18222012 13.49643605 13.1670992  13.14648973
 13.32095206 13.30301723 13.50201786 13.15402977 13.2632236  13.15612603
 13.49673217 13.1916371  13.49732365 13.25101897 13.32275669 13.15582697
 13.3034849  13.16089326 13.50085054 13.32500349 13.16355998 13.18106932
 13.21061318 13.5072198  13.15432962 13.16163507 13.21226024 13.23644821
 13.17018056 13.23115613 13.16385562 13.27811886 13.3816522  13.1555278
 13.2484435  13.21934721 13.15252842 13.27713809 13.56119249 13.55047859
 13.16974123 13.15642498 13.25101897 13.27121705 13.15970459 13.225817
 13.14557929 13.21934721 13.24325817 13.29547806 13.19135379 13.15522845
 13.24012485 13.16944822 13.413879   13.15970459 13.28493556 13.15342961
 13.16326424 13.27615563 13.3571175  13.16015058 13.15402977 13.25613581
 13.2632236  13.44103759 13.27811886 13.30767517 13.51514824 13.29262323
 13.24999016 13.39421307 13.27811886 13.2327487  13.14192549 13.35205193
 13.49613962 13.16533191 13.39575824 13.25867725 13.22366805 13.30952686
 13.15732105 13.43195188 13.29452817 13.26823276 13.16415115 13.16915504
 13.26019677 13.22218617 13.33212675 13.16621614 13.46513094 13.2632236
 13.17032692 13.16207978 13.15132494 13.16326424 13.16562682 13.29071149
 13.16207978 13.16856828 13.17789402 13.17091212 13.46963959 13.16326424
 13.1555278  13.31777844 13.16089326 13.32946736 13.30674687 13.17731497
 13.17324768 13.15672382 13.19050295 13.52342711 13.17324768 13.18250756
 13.18020483] 613
glb= [13.34650305 13.19882019 13.4772396  13.29618944 13.15252842 13.44957837
 13.19432263 13.440692   13.33367151 13.15011937 13.16665782 13.15582697
 13.45892176 13.43124423 13.30929574 13.30651456 13.16296832 13.17120453
 13.15627551 13.15222778 13.15657444 13.38836954 13.18049314 13.53175339
 13.43195188 13.14876051 13.28927328 13.36667712 13.26171222 13.27047247
 13.26120751 13.51007401 13.16577417 13.17047327 13.34607358 13.14162013
 13.16856828 13.36913901 13.14238328 13.19979977 13.27934233 13.5362231
 13.17076587 13.15072241 13.16089326 13.32095206 13.50289063 13.256645
 13.49643605 13.16724624 13.17688039 13.24921734 13.3245549  13.257916
 13.45760116 13.2367116  13.18265119 13.24195465 13.19530921 13.28105067
 13.15372975 13.4712363  13.52748457 13.49584301 13.22097112 13.21880493
 13.15057173 13.23697488 13.17528445 13.18243567 13.15896063 13.26848206
 13.53726499 13.41609031 13.16089326 13.45260696 13.50114277 13.18200449
 13.27022402 13.20147554 13.45527881 13.49702806 13.50836451 13.147096
 13.53778458 13.18034903 13.39691355 13.16222798 13.18078128 13.4877328
 13.18049314 13.3060496  13.16415115 13.60009714 13.15132494 13.18408587
 13.5072198  13.22474344 13.21253433 13.16326424 13.17061961 13.51458841
 13.16282031 13.18515988 13.4946537  13.32477927 13.14223074 13.27467865
 13.20619949 13.15042098 13.14891165 13.16370781 13.4840654  13.37564037
 13.15597654 13.20592261 13.20063823 13.16812787 13.32365659 13.53175339
 13.5072198  13.17455775 13.51290306 13.20785829 13.46771415 13.46899891
 13.27836375 13.16959476 13.53386518 13.29689984 13.18494522 13.23248354
 13.27909783 13.39768202 13.15327953 13.14466767 13.20035887 13.45059055
 13.4536111  13.46122152 13.25076195 13.41682482 13.28372448 13.1448197
 13.16222798 13.18765883 13.14588295 13.17832792 13.52315466 13.15327953
 13.22501201 13.26848206 13.16768723 13.17673549 13.15417974 13.237238
 13.38443041 13.14542745 13.65008627 13.147096   13.35247617 13.17324768
 13.14542745 13.377854   13.49850347 13.16119007 13.18214829 13.65636709
 13.20509117 13.16842153 13.51402764 13.15747024 13.23062435 13.14405923
 13.45660759 13.29405252 13.15896063 13.50318107 13.35205193 13.28299655
 13.48894661 13.20592261 13.15702249 13.21554129 13.28226769 13.42732976
 13.18523141 13.16119007 13.17003413 13.14284077 13.52069195 13.18537446
 13.49761899 13.70276781 13.36872964 13.36129783 13.19135379 13.14375485
 13.20951269 13.51542777 13.51598608 13.21143721 13.16326424 13.19064483
 13.49909182 13.16621614 13.14724753 13.16680495 13.16237609 13.50491809
 13.25383884 13.14253581 13.35120242 13.51205696 13.48159871 13.27664712
 13.18837107 13.55442304 13.1579177  13.15836487 13.17412133 13.14497172
 13.22097112 13.14207812 13.15402977 13.15597654 13.35837551 13.28614397
 13.17586527 13.32724038 13.50779268 13.45494584 13.52855748 13.49316115
 13.18765883 13.20147554 13.48894661 13.28153777 13.53726499 13.43088997
 13.29666312 13.14951576 13.31732347 13.49316115 13.23009209 13.18222012
 13.18236384 13.19248641 13.15057173 13.16695208 13.28951328 13.17193493
 13.46480675 13.44034608 13.1659215  13.49015611 13.18865573 13.35627701
 13.20007941 13.19036105 13.14451562 13.49673217 13.4559438  13.15267869
 13.18293837 13.21608644 13.16089326 13.4772396  13.17601036 13.26422903
 13.45427907 13.36378831 13.15657444 13.17919485 13.14542745 13.29547806
 13.20035887 13.26070234 13.35120242 13.28226769 13.16237609 13.15102373
 13.17266454 13.51848628 13.46963959 13.40491507 13.19064483 13.29214594
 13.28007512 13.24064824 13.37604367 13.15732105 13.3387136  13.17847245
 13.31936771 13.15492893 13.51430817 13.14557929 13.31982088 13.16178336
 13.22608503 13.4011234  13.17774932 13.15462936 13.16768723 13.17061961
 13.53570075 13.17745983 13.20453628 13.33696567 13.17528445 13.17586527
 13.25816991 13.30161177 13.21635882 13.46642483 13.34800331 13.17991641
 13.17803864 13.14951576 13.17876153 13.19868013 13.26070234 13.15042098
 13.1659215  13.53254709 13.17455775 13.52505659 13.32857774 13.42084134
 13.15806679 13.31366911 13.1910703  13.14284077 13.27467865 13.25562617
 13.26422903 13.32004733 13.19601298 13.17018056 13.32049988 13.16488941
 13.20203318 13.15985329 13.2489595  13.24273711 13.27022402 13.53517749
 13.49286183 13.15011937 13.31595614 13.42697202 13.17789402 13.17091212
 13.48221701 13.20716766 13.22554879 13.34949891 13.23960106 13.27517143
 13.49435571 13.29405252 13.16444656 13.33740324 13.18651763 13.3245549
 13.33124184 13.16856828 13.17962789 13.39149574 13.20370301 13.16267223
 13.50779268 13.1555278  13.3550134  13.32857774 13.25562617 13.36461548
 13.23380802 13.15072241 13.15492893 13.19727777 13.48097931 13.15940711
 13.52694667 13.19177871 13.18879801 13.3934384  13.44618476 13.21826217
 13.31641229 13.32410593 13.48590401 13.14497172 13.14755034 13.26498186
 13.39305059 13.15851386 13.28299655 13.2639778  13.21988895 13.51120863
 13.19896025 13.21006317 13.2081343  13.15732105 13.44447663 13.16459419
 13.19783908 13.225817   13.50779268 13.15851386 13.19177871 13.42011394
 13.16474181 13.22955937 13.29071149 13.15072241 13.18006063 13.23907673
 13.18236384 13.18666039 13.48498595 13.3587941  13.27072076 13.15252842
 13.41313929 13.18837107 13.2692293  13.3041856  13.19727777 13.16915504
 13.18608916 13.14770177 13.16856828 13.25307115 13.51570702 13.16944822
 13.29119006 13.42047781 13.16886174 13.24247644 13.19559079 13.18651763
 13.4171916  13.51233924 13.18480208 13.18780131 13.1670992  13.21717529
 13.15732105 13.20286866 13.19587226 13.23221834 13.24741012 13.14314561
 13.19839991 13.17208089 13.40415946 13.14436357 13.23221834 13.16148677
 13.24377881 13.21417626 13.15940711 13.15821587 13.1665106  13.19671591
 13.21171168 13.16444656 13.18594629 13.55146993 13.16296832 13.22151143
 13.34607358 13.15582697 13.45859202 13.17818332 13.40942091 13.14891165
 13.15372975 13.15492893 13.28299655 13.21171168 13.16237609 13.14860936
 13.20007941 13.51064182 13.25383884 13.26070234 13.15910951 13.21826217
 13.20175441 13.23644821 13.18222012 13.49643605 13.1670992  13.14648973
 13.32095206 13.30301723 13.50201786 13.15402977 13.2632236  13.15612603
 13.49673217 13.1916371  13.49732365 13.25101897 13.32275669 13.15582697
 13.3034849  13.16089326 13.50085054 13.32500349 13.16355998 13.18106932
 13.21061318 13.5072198  13.15432962 13.16163507 13.21226024 13.23644821
 13.17018056 13.23115613 13.16385562 13.27811886 13.3816522  13.1555278
 13.2484435  13.21934721 13.15252842 13.27713809 13.56119249 13.55047859
 13.16974123 13.15642498 13.25101897 13.27121705 13.15970459 13.225817
 13.14557929 13.21934721 13.24325817 13.29547806 13.19135379 13.15522845
 13.24012485 13.16944822 13.413879   13.15970459 13.28493556 13.15342961
 13.16326424 13.27615563 13.3571175  13.16015058 13.15402977 13.25613581
 13.2632236  13.44103759 13.27811886 13.30767517 13.51514824 13.29262323
 13.24999016 13.39421307 13.27811886 13.2327487  13.14192549 13.35205193
 13.49613962 13.16533191 13.39575824 13.25867725 13.22366805 13.30952686
 13.15732105 13.43195188 13.29452817 13.26823276 13.16415115 13.16915504
 13.26019677 13.22218617 13.33212675 13.16621614 13.46513094 13.2632236
 13.17032692 13.16207978 13.15132494 13.16326424 13.16562682 13.29071149
 13.16207978 13.16856828 13.17789402 13.17091212 13.46963959 13.16326424
 13.1555278  13.31777844 13.16089326 13.32946736 13.30674687 13.17731497
 13.17324768 13.15672382 13.19050295 13.52342711 13.17324768 13.18250756
 13.18020483] 613
bidsort lists= 613 613
 613
SNAP 37
EPS 0.045882232437301926
galrad= 0.01
!!! agesel
Found 1042 stars.
Rotated pos.
Rotated vel.
Calculating circularities
dty= [13.4772396  13.17047327 13.18049314 ... 13.35374646 13.147096
 13.27022402] 1086
glb= [13.4772396  13.17047327 13.18049314 ... 13.35374646 13.147096
 13.27022402] 1086
bidsort lists= 1086 1086
 1086
SNAP 38
EPS -0.003856168335604094
galrad= 0.01
!!! agesel
Found 924 stars.
Rotated pos.
Rotated vel.
Calculating circularities
dty= [13.33367151 13.18049314 13.15252842 ... 13.19050295 13.08373228
 13.10268857] 1334
glb= [13.33367151 13.18049314 13.15252842 ... 13.19050295 13.08373228
 13.10268857] 1334
bidsort lists= 1334 1334
 1334
SNAP 39
EPS 0.06534655848273918
galrad= 0.01
!!! agesel
Found 840 stars.
Rotated pos.
Rotated vel.
Calculating circularities
dty= [13.10735214 13.4772396  13.33367151 ... 13.04153619 13.24689273
 13.34348858] 1683
glb= [13.10735214 13.4772396  13.33367151 ... 13.04153619 13.24689273
 13.34348858] 1683
bidsort lists= 1683 1683
 1683
SNAP 40
EPS 0.027167154282315437
galrad= 0.01
!!! agesel
Found 335 stars.
Rotated pos.
Rotated vel.
Calculating circularities
dty= [13.40264413 13.38284495 13.18020483 13.19418159 13.13794528 13.05814521
 13.02528503 13.14253581 13.21171168 13.07003562 13.59948364 13.25153271
 13.10687107 13.05402602 13.22688859 13.01811563 13.0584875  13.42625558
 13.23644821 13.22742368 13.08604598 13.33740324 13.06665711 13.15612603
 13.16355998 13.22366805 13.27319771 12.98355707 13.18480208 13.05608837
 13.09294433 13.07507544 13.11738075 13.20951269 12.96879226 12.94006799
 13.06292352 13.06087924 13.23539353 13.23697488 13.39729796 13.05333734
 13.25101897 13.34132393 12.969174   13.26523262 13.16856828 12.95609864
 13.18308191 12.94125088 13.07841678 13.22151143 13.05471408 13.15222778
 13.21390292 13.15672382 13.32857774 13.24273711 13.23750102 13.23907673
 13.10975256 13.07440538 13.32946736 13.10558671 13.11421221 13.16326424
 13.03062067 12.96573195 13.45859202 13.09294433 13.37118062 13.10590801
 12.99954397 13.04118647 12.94361182 12.93730201 12.92895225 12.95687331
 13.09457736 13.04502564 13.38005687 13.52288203 13.14648973 13.17499388
 13.32049988 13.07037268 13.52935968 13.05437014 12.95996474 13.06530155
 13.40642237 13.02170831 13.12836097 12.99991218 13.15881174 13.07239168
 13.10010269 13.1221074  13.3338918  13.43336334 13.01160869 13.4840654
 13.33565063 13.32230612 13.04606939 12.95571115 12.95299355 13.461876
 13.40942091 13.08835257 13.10751236 13.53095763 13.14039733 12.97525945
 13.09294433 13.25511606 13.37199475 13.14162013 13.33124184 13.00064815
 12.93967343 13.06428328 12.93571751 13.36954804 13.02314088 13.0916353
 12.93809319 13.27220826 13.41682482 13.35205193 13.04988487 13.18651763
 13.41609031 12.96150646 13.0491925  13.08074691 13.23433704 13.03697695
 12.95065746 13.1910703  13.06224266 13.13363313 13.07908322 13.06258311
 13.08373228 13.08835257 13.31686813 13.17178894 12.99548314 13.04223534
 13.29262323 13.56451461 13.10462194 13.37845586 13.44516079 13.11294087
 13.16798102 13.08439404 13.07239168 13.16915504 13.1255537  13.12867218
 13.01486863 13.24689273 13.2692293  13.24169361 13.14951576 13.0076067
 13.31137191 13.11039133 13.10911327 13.07808328 13.06564066 12.95764718
 13.01015571 13.13363313 13.05195814 13.04849952 13.16444656 13.22688859
 13.05299279 13.06834821 13.1555278  12.92855276 13.00870005 12.95609864
 13.4840654  13.36046476 13.19333457 13.08637593 13.03662517 13.1180128
 13.00431775 13.14223074 13.07808328 12.93967343 13.15970459 12.92133077
 13.10333357 13.11738075 12.95299355 13.07708202 13.35035141 12.9584204
 13.43547117 13.04711185 13.15612603 13.06868599 13.08637593 13.13363313
 13.06902366 13.06834821 13.27615563 13.40188447 13.03592106 13.09425104
 13.04572157 13.06496224 13.02955645 13.08703537 13.46642483 12.95377084
 12.96534872 12.93094723 12.99177432 12.94753299 13.00942813 12.93730201
 12.97601715 13.22528042 13.00870005 12.95919297 12.9498774  13.00942813
 13.30488539 13.00942813 12.9767742  13.38876152 13.24377881 12.98355707] 240
glb= [13.40264413 13.38284495 13.18020483 13.19418159 13.13794528 13.05814521
 13.02528503 13.14253581 13.21171168 13.07003562 13.59948364 13.25153271
 13.10687107 13.05402602 13.22688859 13.01811563 13.0584875  13.42625558
 13.23644821 13.22742368 13.08604598 13.33740324 13.06665711 13.15612603
 13.16355998 13.22366805 13.27319771 12.98355707 13.18480208 13.05608837
 13.09294433 13.07507544 13.11738075 13.20951269 12.96879226 12.94006799
 13.06292352 13.06087924 13.23539353 13.23697488 13.39729796 13.05333734
 13.25101897 13.34132393 12.969174   13.26523262 13.16856828 12.95609864
 13.18308191 12.94125088 13.07841678 13.22151143 13.05471408 13.15222778
 13.21390292 13.15672382 13.32857774 13.24273711 13.23750102 13.23907673
 13.10975256 13.07440538 13.32946736 13.10558671 13.11421221 13.16326424
 13.03062067 12.96573195 13.45859202 13.09294433 13.37118062 13.10590801
 12.99954397 13.04118647 12.94361182 12.93730201 12.92895225 12.95687331
 13.09457736 13.04502564 13.38005687 13.52288203 13.14648973 13.17499388
 13.32049988 13.07037268 13.52935968 13.05437014 12.95996474 13.06530155
 13.40642237 13.02170831 13.12836097 12.99991218 13.15881174 13.07239168
 13.10010269 13.1221074  13.3338918  13.43336334 13.01160869 13.4840654
 13.33565063 13.32230612 13.04606939 12.95571115 12.95299355 13.461876
 13.40942091 13.08835257 13.10751236 13.53095763 13.14039733 12.97525945
 13.09294433 13.25511606 13.37199475 13.14162013 13.33124184 13.00064815
 12.93967343 13.06428328 12.93571751 13.36954804 13.02314088 13.0916353
 12.93809319 13.27220826 13.41682482 13.35205193 13.04988487 13.18651763
 13.41609031 12.96150646 13.0491925  13.08074691 13.23433704 13.03697695
 12.95065746 13.1910703  13.06224266 13.13363313 13.07908322 13.06258311
 13.08373228 13.08835257 13.31686813 13.17178894 12.99548314 13.04223534
 13.29262323 13.56451461 13.10462194 13.37845586 13.44516079 13.11294087
 13.16798102 13.08439404 13.07239168 13.16915504 13.1255537  13.12867218
 13.01486863 13.24689273 13.2692293  13.24169361 13.14951576 13.0076067
 13.31137191 13.11039133 13.10911327 13.07808328 13.06564066 12.95764718
 13.01015571 13.13363313 13.05195814 13.04849952 13.16444656 13.22688859
 13.05299279 13.06834821 13.1555278  12.92855276 13.00870005 12.95609864
 13.4840654  13.36046476 13.19333457 13.08637593 13.03662517 13.1180128
 13.00431775 13.14223074 13.07808328 12.93967343 13.15970459 12.92133077
 13.10333357 13.11738075 12.95299355 13.07708202 13.35035141 12.9584204
 13.43547117 13.04711185 13.15612603 13.06868599 13.08637593 13.13363313
 13.06902366 13.06834821 13.27615563 13.40188447 13.03592106 13.09425104
 13.04572157 13.06496224 13.02955645 13.08703537 13.46642483 12.95377084
 12.96534872 12.93094723 12.99177432 12.94753299 13.00942813 12.93730201
 12.97601715 13.22528042 13.00870005 12.95919297 12.9498774  13.00942813
 13.30488539 13.00942813 12.9767742  13.38876152 13.24377881 12.98355707] 240
bidsort lists= 240 240
 240
SNAP 41
EPS -0.037993400667514124
galrad= 0.01
!!! agesel
Found 1053 stars.
Rotated pos.
Rotated vel.
Calculating circularities
dty= [13.4772396  13.33367151 12.97050886 ... 12.88518548 12.86529779
 13.29642636] 2655
glb= [13.4772396  13.33367151 12.97050886 ... 12.88518548 12.86529779
 13.29642636] 2655
bidsort lists= 2655 2655
 2655
SNAP 42
EPS 0.02680522803173008
galrad= 0.01
!!! agesel
Found 1603 stars.
Rotated pos.
Rotated vel.
Calculating circularities
dty= [13.4772396  13.33367151 13.18049314 ... 12.85281935 12.83798473
 13.225817  ] 3490
glb= [13.4772396  13.33367151 13.18049314 ... 12.85281935 12.83798473
 13.225817  ] 3490
bidsort lists= 3490 3490
 3490
SNAP 43
EPS 0.0646761781325345
galrad= 0.01
!!! agesel
Found 1494 stars.
Rotated pos.
Rotated vel.
Calculating circularities
dty= [13.33367151 13.18049314 12.90732716 ... 12.77450328 12.78195812
 13.08901027] 4396
glb= [13.33367151 13.18049314 12.90732716 ... 12.77450328 12.78195812
 13.08901027] 4396
bidsort lists= 4396 4396
 4396
SNAP 44
EPS 0.07884465121262027
galrad= 0.01
!!! agesel
Found 887 stars.
Rotated pos.
Rotated vel.
Calculating circularities
dty= [13.18279482 13.07507544 13.18336896 12.80899805 12.80491861 12.98879556
 12.81170867 12.84847931 13.01847553 12.8026452  12.79671104 12.8331376
 12.87168981 12.94714168 13.23195297 13.05471408 12.63199572 12.63199572
 12.88308925 12.85800226 13.08901027 13.08901027 12.67060482 12.67163094
 12.84499345 12.83402058 12.85281935 13.06564066 13.01160869 12.94596667
 13.00064815 12.94596667 12.65406302 12.94518238 12.7824224  12.64045048
 13.17557491 12.65145729 12.90261179 12.93532088 13.15432962 12.90916596
 13.07974913 12.6741925  13.16415115 12.82203322 13.0259985  12.95803382
 13.24741012 12.92855276 12.79899748 13.10815313 12.87083999 12.79716879
 12.87253879 12.87338722 12.80491861 12.88518548 12.65197887 13.21880493
 12.66442891 13.10075007 12.63781476 13.27517143 12.76227667 12.81215973
 12.65977565 12.6545836  13.312292   12.95377084 12.75086545 13.17760455
 13.04223534 13.16207978 13.0567746  13.24689273 13.06019668 12.79166322
 13.10687107 12.9584204  12.77916879 13.15732105 13.15011937 12.77916879
 13.19839991 13.17962789 12.70299807 12.86358609 13.18078128 13.00431775
 12.74703495 13.04988487 13.11990552 13.147096   13.06564066 13.06053812
 12.65510379 12.95415919 13.10333357 12.89725238 13.17441235 13.01559127
 12.67368056 12.64779972 13.19924019 13.11927522 12.7651106  13.10590801
 12.86230037 13.1261785  12.82959743 13.17149676 13.03978582 12.89766571
 12.79028224 12.78843822 13.1670992  12.71983962 12.90753165 13.16207978
 13.27615563 12.78195812 13.18879801 12.94675016 12.80718691 12.97601715
 13.17324768 13.15072241 13.06902366 13.11294087 13.3571175  12.66081131
 12.96611513 12.90753165 12.95609864 12.78751483 12.78751483 13.20619949
 12.83181145 12.74990912 13.27811886 13.0971827  13.07841678 12.70698353
 12.69448236 13.1261785  13.17120453 12.97222219 12.69498507 12.8597237
 12.68031699 13.18708848 12.65718237 13.21961816 13.11484706 12.73546187
 12.84542983 12.6680355  12.9843074  13.24999016 12.78751483 13.29737289
 12.73109026 12.846738   13.1670992  13.01342132 12.92253842 12.64018705
 12.7575366  13.30581695 12.7854346  12.69999979 12.84061887 12.77263148
 12.87677307 13.29214594 13.17557491 12.87909377 13.15851386 12.88434752
 12.65197887 12.76793719 12.83092648 13.00724186 12.65041343 12.85455001
 12.733521   12.64308035 12.80673362 12.64518018 12.66442891 12.81306121
 12.81800563 13.13239624 13.50950519 12.63781476 12.88434752 13.03838255
 12.83666516 13.09880636 12.87803967 12.86529779 13.06631848 12.65770155
 13.29119006 12.847609   12.83048368 13.17962789 13.10365587 12.76416679
 13.19220341 12.74511459 13.12242139 13.18708848 13.25613581 12.76274942
 13.1348679  13.24429893 13.08901027 12.87930454 12.98505708 12.83136907
 12.93373292 12.64360566 12.99806963 12.86615246 13.13579256 12.65406302
 13.17266454 13.33740324 12.77075616 13.11039133 12.73933318 12.97146112
 13.17383027 12.86615246 13.03838255 12.95571115 13.04363166 13.24429893
 12.65041343 12.82826675 12.94909654 13.01811563 12.82247979 13.20007941
 12.79671104 12.86187133 13.26221647 13.22849244 13.18537446 12.9638138
 12.67111799 12.99696208 13.15072241 12.93373292 13.11611501 13.16798102
 13.18623201 12.91018581 12.8964251  13.0636037  12.79120316 12.90178928
 13.01631328 13.20730582 13.17818332 12.95454747 13.16267223 13.26723452
 13.01955462 13.08901027 13.14951576 12.95065746 12.89890475 12.81890212
 12.64202904 13.23644821 12.90178928 12.88329915 13.00578114 13.2489595
 13.17847245 13.01233424 12.78009944 12.77590506 13.19559079 12.67776906
 12.85584606 12.89393904 13.28007512 12.70150003 12.6798078  13.03592106
 13.14527559 12.92253842 12.960736   12.81621052 13.05126762 12.7948783
 12.82693415 13.18537446 13.10204297 13.12304897 13.01811563 13.14679292
 12.81486205 12.88936399 13.2279583  13.00211789 13.36295961 12.65822034
 13.10010269 13.181645   12.94439743 13.16089326 13.51402764 12.68438208
 13.17847245 13.19021914 12.65977565 13.02421375 12.82515486 12.84193329
 12.81755721 13.1388658  13.0453737  13.33827724 12.88476653 13.11389454
 12.67674832 12.83225376 12.88434752 12.83092648 13.14951576 13.17032692
 12.97979538 12.94675016 13.34262386 13.17499388 12.89061382 12.95609864
 12.96227627 12.97525945 12.96993702 12.75848629 12.67827901 12.8510856
 12.94125088 12.846738   13.10975256 12.74990912 12.84412005 13.01955462
 13.17441235 12.74847288 12.75468266 12.9009661  12.64229201 13.29166819
 12.66597605 13.27319771 12.64832292 13.06122031 13.20536842 12.76416679
 12.81351178 13.08769427 13.18993517 13.2422156  13.18193265 12.78009944
 12.64858434 12.82515486 12.66391274 13.15132494 13.38125389 13.11484706
 13.17586527 13.06019668 12.90671348 13.21499567 12.94518238 13.41461743
 12.88434752 12.91283224 13.11864427 13.00285181 12.72987284 13.2422156
 13.24273711 12.68387473 12.66236299 13.15672382 12.82203322 12.65614346
 12.81418714 12.91038965 12.66649114 12.83181145 13.1916371  13.14527559
 13.22742368 12.91120457 13.15940711 13.16207978 12.71983962 13.20730582
 13.14466767 13.08439404 13.01811563 12.7489519  13.18879801 13.23009209
 12.92695278 12.79051257 12.75515879 12.95726034 12.98505708 12.98505708
 12.733521   12.89019741 13.04432896 12.79166322 13.20259027 12.76038317
 12.68488921 12.91486281 12.90466491 13.15492893 13.02457094 13.01595237
 12.8562776  12.70299807 13.19050295 12.99696208 13.16326424 12.71688583
 13.15970459 13.14039733 12.99028629 12.89019741 13.26623445 12.89683884
 12.92855276 13.13579256 13.13115709 12.84847931 12.88769481 12.71688583
 13.18308191 12.90630423 12.91486281 12.66700616 12.86487022 13.34907203
 12.88873836 12.70399584 12.76934759 12.73449188 12.9801724  12.93054861
 12.99733151 12.74029885 12.63252594 13.17557491 13.01305916 12.84455686
 13.16974123 12.76038317 13.33914965 12.98767577 12.63411503 12.76274942
 13.37118062 12.80355515 12.72865421 12.83930268 12.74029885 12.64150303
 13.14284077 12.64727627 12.68893827 12.75086545 12.94831517 12.63913333
 12.99065852 12.84978333 12.86487022 12.97450111 13.01739513 12.99363089
 12.64989115 12.84804426 12.7608568  13.26823276 12.92253842 13.12804958
 13.15732105 13.181645   13.11039133 12.99251745 13.14223074 13.16415115
 12.92414617 12.79120316 12.92855276 12.89725238 13.19474561 12.87930454
 12.98879556 13.17644552 12.87550474 12.69799654 12.87592767 12.90507498
 12.76652481 12.69397958 13.17208089 13.07708202 12.66700616 12.93373292
 12.77637203 13.13363313 13.32049988 12.65562374 12.6592574  13.15732105
 12.69095732 13.08835257 12.72865421 13.16444656 12.7267014  12.9756384
 12.89144629 13.04223534 13.20619949 13.2166311  12.86998934 12.93054861
 13.08174338 12.93571751 12.86807278 12.97450111 13.13978513 13.18020483
 12.72816627 12.70150003 12.67316854 12.97753047 12.91120457 13.02564193
 12.65822034 12.93293802 12.99622307 12.8012788  13.19839991 12.90589464
 12.66649114 12.68285933 12.75420615 12.98130211 13.21390292 13.09815734
 12.89393904 12.6383424  12.80355515 13.00724186 13.17991641 12.97069939
 13.19050295 12.74655519 12.76227667 12.68031699 12.87761763 13.21280826
 12.82737852 12.70499254 12.6989987  13.3816522  13.11484706 13.11738075
 12.73739916 12.86101291 13.14497172 13.12929426 12.65822034 13.20785829
 12.65951645 13.17441235 12.70797766 12.64989115 12.77075616 12.69699363
 12.93532088 13.13115709 12.94909654 13.16000197 12.67572665 12.84499345
 12.93333557 12.84847931 13.38324188 12.92855276 12.77075616 13.13825223
 12.68488921 12.97184175 13.02813514 12.97828608 12.89207001 12.86058338
 13.35035141 12.65041343 12.93014979 12.85065167 12.9965926  13.01522998
 12.68184302 12.87550474 13.20951269 12.91079714 12.92534999 13.3338918
 12.66442891 13.14223074 12.68893827 12.87126493 13.15612603 13.13855914
 13.1659215  12.90507498 12.88350888 12.93888357 13.12430244 12.73109026
 12.88350888 13.12929426 12.83622483 12.86657955 12.90261179 12.65977565
 12.85151932 13.15910951 13.04780592 13.15072241 12.86487022 12.68893827
 12.89393904 13.12867218 13.14588295 13.21934721 12.78659087 12.92213598
 13.06019668 13.03943529 12.77777132 13.26723452 12.6383424  12.82559993
 12.72082247 13.0202731  13.14100902 13.19021914 12.79120316 12.84390155
 13.30114246 13.40415946 13.01919502 12.89019741 12.87740658 13.06631848
 12.9498774  13.14039733 13.24273711 13.16739327 12.93254012 12.87930454
 13.29452817 12.91729366 13.23750102 12.97450111 12.87338722 13.27811886
 12.73157685 12.8803573  13.24792704 12.7646388  13.21088796 12.95143686
 12.96227627 12.76227667 13.19389936 12.91323879 12.82203322 12.85411762
 12.64465557 12.65250037 13.2422156  13.3186872  12.69297302 13.18908248
 13.13177692 13.43895946 12.87930454 12.90014209 13.41091222 13.19839991
 13.00906426 12.94518238 12.80763998 13.21280826 13.29737289 12.82292614
 13.51903912 12.67470406 12.90220064 12.97525945 13.06087924 13.12680277
 12.98054907 13.16680495 12.99400164 12.82693415 12.95957895 13.07104624
 12.87508159 13.03521646 12.92575096 12.72865421 12.82715642 12.80945026
 12.9009661  13.02385622 13.14375485 12.66752094 13.04780592 12.81215973
 13.02884611 13.44447663 13.16444656 13.413879   12.85455001 13.15702249
 13.01883537 13.21499567 13.20619949 13.04606939 13.16915504 13.03662517
 13.01559127 12.81306121 13.16856828 12.7257238  12.81576125 13.01522998
 13.15252842 13.07708202 13.20286866 13.17905045 13.00578114 12.75038747
 12.65510379 12.84934892 13.15642498 13.26422903 12.85800226 13.0345111
 13.30952686 12.92294066 12.96150646 13.27022402 12.89310876 12.84237101
 12.74799379 13.02063212 12.75658617 12.81845398 12.89559714 12.82113958
 12.90343363 12.65197887 13.15970459 13.12680277 13.48035875 13.39188498
 12.66236299 13.10590801 12.72865421 13.48221701 12.72816627 12.80310028
 13.04676446 12.98580611 13.24377881 13.16768723 13.15851386 13.19952004
 12.90875765 13.15072241 12.99288879 12.64150303 12.90794057 12.80854548
 12.64622869 13.00285181 12.81215973 12.91688901 13.15011937 12.71885588
 12.76227667 13.3836384  12.82648972 13.16148677 13.28493556 12.84149536
 12.98280611 13.34607358 13.31504254 13.04711185 13.28975313 13.24117116
 12.84193329 13.11294087 13.07339923 12.83974152 12.96764586 12.6488459
 13.24999016 12.81845398 12.80945026 13.14162013 13.08306984 12.66029352
 12.82826675 13.30767517 12.83578444 12.7575366  13.39575824 12.90834914
 12.98054907 12.80219005 13.22151143 13.04188586 12.82737852 12.75277575
 12.79579503 13.1217933  12.83534368 12.75372957 13.02671134 13.0567746
 13.1579177  13.20841022 12.86700644 13.20398091 13.19050295 13.01160869
 13.16856828 13.14830696 12.93730201 12.86187133 13.17962789 12.79945414
 12.7257238  12.86315768 12.89435388 12.67725873 12.67776906 13.23221834
 12.74990912 12.82292614 12.75658617 13.31137191 13.22205127 12.87677307
 12.75325277 12.99177432 12.893524   12.82381821 12.65197887 13.21608644
 12.98355707 13.29831783 12.91567381 12.65302149 12.76416679 13.20231178
 12.884138   13.20564557 12.80036683 12.83754504 13.23750102 12.8704147
 12.65197887 12.75848629 12.84934892 13.22474344 13.18879801 12.73449188
 12.89061382 12.69297302 12.86615246 12.67368056 12.88852974 12.784277
 12.70199955 12.70897089 12.75848629 12.89435388 12.80491861 12.66854983
 13.09555543 13.07171926 12.83490286 12.92935168 12.69799654 12.71293536
 12.68893827 12.95609864 12.69598981 12.72474515 12.70698353 12.6989987 ] 924
glb= [13.18279482 13.07507544 13.18336896 12.80899805 12.80491861 12.98879556
 12.81170867 12.84847931 13.01847553 12.8026452  12.79671104 12.8331376
 12.87168981 12.94714168 13.23195297 13.05471408 12.63199572 12.63199572
 12.88308925 12.85800226 13.08901027 13.08901027 12.67060482 12.67163094
 12.84499345 12.83402058 12.85281935 13.06564066 13.01160869 12.94596667
 13.00064815 12.94596667 12.65406302 12.94518238 12.7824224  12.64045048
 13.17557491 12.65145729 12.90261179 12.93532088 13.15432962 12.90916596
 13.07974913 12.6741925  13.16415115 12.82203322 13.0259985  12.95803382
 13.24741012 12.92855276 12.79899748 13.10815313 12.87083999 12.79716879
 12.87253879 12.87338722 12.80491861 12.88518548 12.65197887 13.21880493
 12.66442891 13.10075007 12.63781476 13.27517143 12.76227667 12.81215973
 12.65977565 12.6545836  13.312292   12.95377084 12.75086545 13.17760455
 13.04223534 13.16207978 13.0567746  13.24689273 13.06019668 12.79166322
 13.10687107 12.9584204  12.77916879 13.15732105 13.15011937 12.77916879
 13.19839991 13.17962789 12.70299807 12.86358609 13.18078128 13.00431775
 12.74703495 13.04988487 13.11990552 13.147096   13.06564066 13.06053812
 12.65510379 12.95415919 13.10333357 12.89725238 13.17441235 13.01559127
 12.67368056 12.64779972 13.19924019 13.11927522 12.7651106  13.10590801
 12.86230037 13.1261785  12.82959743 13.17149676 13.03978582 12.89766571
 12.79028224 12.78843822 13.1670992  12.71983962 12.90753165 13.16207978
 13.27615563 12.78195812 13.18879801 12.94675016 12.80718691 12.97601715
 13.17324768 13.15072241 13.06902366 13.11294087 13.3571175  12.66081131
 12.96611513 12.90753165 12.95609864 12.78751483 12.78751483 13.20619949
 12.83181145 12.74990912 13.27811886 13.0971827  13.07841678 12.70698353
 12.69448236 13.1261785  13.17120453 12.97222219 12.69498507 12.8597237
 12.68031699 13.18708848 12.65718237 13.21961816 13.11484706 12.73546187
 12.84542983 12.6680355  12.9843074  13.24999016 12.78751483 13.29737289
 12.73109026 12.846738   13.1670992  13.01342132 12.92253842 12.64018705
 12.7575366  13.30581695 12.7854346  12.69999979 12.84061887 12.77263148
 12.87677307 13.29214594 13.17557491 12.87909377 13.15851386 12.88434752
 12.65197887 12.76793719 12.83092648 13.00724186 12.65041343 12.85455001
 12.733521   12.64308035 12.80673362 12.64518018 12.66442891 12.81306121
 12.81800563 13.13239624 13.50950519 12.63781476 12.88434752 13.03838255
 12.83666516 13.09880636 12.87803967 12.86529779 13.06631848 12.65770155
 13.29119006 12.847609   12.83048368 13.17962789 13.10365587 12.76416679
 13.19220341 12.74511459 13.12242139 13.18708848 13.25613581 12.76274942
 13.1348679  13.24429893 13.08901027 12.87930454 12.98505708 12.83136907
 12.93373292 12.64360566 12.99806963 12.86615246 13.13579256 12.65406302
 13.17266454 13.33740324 12.77075616 13.11039133 12.73933318 12.97146112
 13.17383027 12.86615246 13.03838255 12.95571115 13.04363166 13.24429893
 12.65041343 12.82826675 12.94909654 13.01811563 12.82247979 13.20007941
 12.79671104 12.86187133 13.26221647 13.22849244 13.18537446 12.9638138
 12.67111799 12.99696208 13.15072241 12.93373292 13.11611501 13.16798102
 13.18623201 12.91018581 12.8964251  13.0636037  12.79120316 12.90178928
 13.01631328 13.20730582 13.17818332 12.95454747 13.16267223 13.26723452
 13.01955462 13.08901027 13.14951576 12.95065746 12.89890475 12.81890212
 12.64202904 13.23644821 12.90178928 12.88329915 13.00578114 13.2489595
 13.17847245 13.01233424 12.78009944 12.77590506 13.19559079 12.67776906
 12.85584606 12.89393904 13.28007512 12.70150003 12.6798078  13.03592106
 13.14527559 12.92253842 12.960736   12.81621052 13.05126762 12.7948783
 12.82693415 13.18537446 13.10204297 13.12304897 13.01811563 13.14679292
 12.81486205 12.88936399 13.2279583  13.00211789 13.36295961 12.65822034
 13.10010269 13.181645   12.94439743 13.16089326 13.51402764 12.68438208
 13.17847245 13.19021914 12.65977565 13.02421375 12.82515486 12.84193329
 12.81755721 13.1388658  13.0453737  13.33827724 12.88476653 13.11389454
 12.67674832 12.83225376 12.88434752 12.83092648 13.14951576 13.17032692
 12.97979538 12.94675016 13.34262386 13.17499388 12.89061382 12.95609864
 12.96227627 12.97525945 12.96993702 12.75848629 12.67827901 12.8510856
 12.94125088 12.846738   13.10975256 12.74990912 12.84412005 13.01955462
 13.17441235 12.74847288 12.75468266 12.9009661  12.64229201 13.29166819
 12.66597605 13.27319771 12.64832292 13.06122031 13.20536842 12.76416679
 12.81351178 13.08769427 13.18993517 13.2422156  13.18193265 12.78009944
 12.64858434 12.82515486 12.66391274 13.15132494 13.38125389 13.11484706
 13.17586527 13.06019668 12.90671348 13.21499567 12.94518238 13.41461743
 12.88434752 12.91283224 13.11864427 13.00285181 12.72987284 13.2422156
 13.24273711 12.68387473 12.66236299 13.15672382 12.82203322 12.65614346
 12.81418714 12.91038965 12.66649114 12.83181145 13.1916371  13.14527559
 13.22742368 12.91120457 13.15940711 13.16207978 12.71983962 13.20730582
 13.14466767 13.08439404 13.01811563 12.7489519  13.18879801 13.23009209
 12.92695278 12.79051257 12.75515879 12.95726034 12.98505708 12.98505708
 12.733521   12.89019741 13.04432896 12.79166322 13.20259027 12.76038317
 12.68488921 12.91486281 12.90466491 13.15492893 13.02457094 13.01595237
 12.8562776  12.70299807 13.19050295 12.99696208 13.16326424 12.71688583
 13.15970459 13.14039733 12.99028629 12.89019741 13.26623445 12.89683884
 12.92855276 13.13579256 13.13115709 12.84847931 12.88769481 12.71688583
 13.18308191 12.90630423 12.91486281 12.66700616 12.86487022 13.34907203
 12.88873836 12.70399584 12.76934759 12.73449188 12.9801724  12.93054861
 12.99733151 12.74029885 12.63252594 13.17557491 13.01305916 12.84455686
 13.16974123 12.76038317 13.33914965 12.98767577 12.63411503 12.76274942
 13.37118062 12.80355515 12.72865421 12.83930268 12.74029885 12.64150303
 13.14284077 12.64727627 12.68893827 12.75086545 12.94831517 12.63913333
 12.99065852 12.84978333 12.86487022 12.97450111 13.01739513 12.99363089
 12.64989115 12.84804426 12.7608568  13.26823276 12.92253842 13.12804958
 13.15732105 13.181645   13.11039133 12.99251745 13.14223074 13.16415115
 12.92414617 12.79120316 12.92855276 12.89725238 13.19474561 12.87930454
 12.98879556 13.17644552 12.87550474 12.69799654 12.87592767 12.90507498
 12.76652481 12.69397958 13.17208089 13.07708202 12.66700616 12.93373292
 12.77637203 13.13363313 13.32049988 12.65562374 12.6592574  13.15732105
 12.69095732 13.08835257 12.72865421 13.16444656 12.7267014  12.9756384
 12.89144629 13.04223534 13.20619949 13.2166311  12.86998934 12.93054861
 13.08174338 12.93571751 12.86807278 12.97450111 13.13978513 13.18020483
 12.72816627 12.70150003 12.67316854 12.97753047 12.91120457 13.02564193
 12.65822034 12.93293802 12.99622307 12.8012788  13.19839991 12.90589464
 12.66649114 12.68285933 12.75420615 12.98130211 13.21390292 13.09815734
 12.89393904 12.6383424  12.80355515 13.00724186 13.17991641 12.97069939
 13.19050295 12.74655519 12.76227667 12.68031699 12.87761763 13.21280826
 12.82737852 12.70499254 12.6989987  13.3816522  13.11484706 13.11738075
 12.73739916 12.86101291 13.14497172 13.12929426 12.65822034 13.20785829
 12.65951645 13.17441235 12.70797766 12.64989115 12.77075616 12.69699363
 12.93532088 13.13115709 12.94909654 13.16000197 12.67572665 12.84499345
 12.93333557 12.84847931 13.38324188 12.92855276 12.77075616 13.13825223
 12.68488921 12.97184175 13.02813514 12.97828608 12.89207001 12.86058338
 13.35035141 12.65041343 12.93014979 12.85065167 12.9965926  13.01522998
 12.68184302 12.87550474 13.20951269 12.91079714 12.92534999 13.3338918
 12.66442891 13.14223074 12.68893827 12.87126493 13.15612603 13.13855914
 13.1659215  12.90507498 12.88350888 12.93888357 13.12430244 12.73109026
 12.88350888 13.12929426 12.83622483 12.86657955 12.90261179 12.65977565
 12.85151932 13.15910951 13.04780592 13.15072241 12.86487022 12.68893827
 12.89393904 13.12867218 13.14588295 13.21934721 12.78659087 12.92213598
 13.06019668 13.03943529 12.77777132 13.26723452 12.6383424  12.82559993
 12.72082247 13.0202731  13.14100902 13.19021914 12.79120316 12.84390155
 13.30114246 13.40415946 13.01919502 12.89019741 12.87740658 13.06631848
 12.9498774  13.14039733 13.24273711 13.16739327 12.93254012 12.87930454
 13.29452817 12.91729366 13.23750102 12.97450111 12.87338722 13.27811886
 12.73157685 12.8803573  13.24792704 12.7646388  13.21088796 12.95143686
 12.96227627 12.76227667 13.19389936 12.91323879 12.82203322 12.85411762
 12.64465557 12.65250037 13.2422156  13.3186872  12.69297302 13.18908248
 13.13177692 13.43895946 12.87930454 12.90014209 13.41091222 13.19839991
 13.00906426 12.94518238 12.80763998 13.21280826 13.29737289 12.82292614
 13.51903912 12.67470406 12.90220064 12.97525945 13.06087924 13.12680277
 12.98054907 13.16680495 12.99400164 12.82693415 12.95957895 13.07104624
 12.87508159 13.03521646 12.92575096 12.72865421 12.82715642 12.80945026
 12.9009661  13.02385622 13.14375485 12.66752094 13.04780592 12.81215973
 13.02884611 13.44447663 13.16444656 13.413879   12.85455001 13.15702249
 13.01883537 13.21499567 13.20619949 13.04606939 13.16915504 13.03662517
 13.01559127 12.81306121 13.16856828 12.7257238  12.81576125 13.01522998
 13.15252842 13.07708202 13.20286866 13.17905045 13.00578114 12.75038747
 12.65510379 12.84934892 13.15642498 13.26422903 12.85800226 13.0345111
 13.30952686 12.92294066 12.96150646 13.27022402 12.89310876 12.84237101
 12.74799379 13.02063212 12.75658617 12.81845398 12.89559714 12.82113958
 12.90343363 12.65197887 13.15970459 13.12680277 13.48035875 13.39188498
 12.66236299 13.10590801 12.72865421 13.48221701 12.72816627 12.80310028
 13.04676446 12.98580611 13.24377881 13.16768723 13.15851386 13.19952004
 12.90875765 13.15072241 12.99288879 12.64150303 12.90794057 12.80854548
 12.64622869 13.00285181 12.81215973 12.91688901 13.15011937 12.71885588
 12.76227667 13.3836384  12.82648972 13.16148677 13.28493556 12.84149536
 12.98280611 13.34607358 13.31504254 13.04711185 13.28975313 13.24117116
 12.84193329 13.11294087 13.07339923 12.83974152 12.96764586 12.6488459
 13.24999016 12.81845398 12.80945026 13.14162013 13.08306984 12.66029352
 12.82826675 13.30767517 12.83578444 12.7575366  13.39575824 12.90834914
 12.98054907 12.80219005 13.22151143 13.04188586 12.82737852 12.75277575
 12.79579503 13.1217933  12.83534368 12.75372957 13.02671134 13.0567746
 13.1579177  13.20841022 12.86700644 13.20398091 13.19050295 13.01160869
 13.16856828 13.14830696 12.93730201 12.86187133 13.17962789 12.79945414
 12.7257238  12.86315768 12.89435388 12.67725873 12.67776906 13.23221834
 12.74990912 12.82292614 12.75658617 13.31137191 13.22205127 12.87677307
 12.75325277 12.99177432 12.893524   12.82381821 12.65197887 13.21608644
 12.98355707 13.29831783 12.91567381 12.65302149 12.76416679 13.20231178
 12.884138   13.20564557 12.80036683 12.83754504 13.23750102 12.8704147
 12.65197887 12.75848629 12.84934892 13.22474344 13.18879801 12.73449188
 12.89061382 12.69297302 12.86615246 12.67368056 12.88852974 12.784277
 12.70199955 12.70897089 12.75848629 12.89435388 12.80491861 12.66854983
 13.09555543 13.07171926 12.83490286 12.92935168 12.69799654 12.71293536
 12.68893827 12.95609864 12.69598981 12.72474515 12.70698353 12.6989987 ]