loading halo 17 level 4
/eagle/projects/Auriga/Auriga/level4/Original/mergertrees/Au-17/trees_sf1_127
Hubble parameter= 0.6777
There are 829 trees in file /eagle/projects/Auriga/Auriga/level4/Original/mergertrees/Au-17/trees_sf1_127.0.hdf5
Loading desc (Descendant) for blockname /Tree0.
Loading fnum (FileNr) for blockname /Tree0.
Loading fhfg (FirstHaloInFOFGroup) for blockname /Tree0.
Loading fpin (FirstProgenitor) for blockname /Tree0.
Loading fmc2 (Group_M_Crit200) for blockname /Tree0.
Loading fmm2 (Group_M_Mean200) for blockname /Tree0.
Loading fmt2 (Group_M_TopHat200) for blockname /Tree0.
Loading frc2 (Group_R_Crit200) for blockname /Tree0.
Loading nhfg (NextHaloInFOFGroup) for blockname /Tree0.
Loading npin (NextProgenitor) for blockname /Tree0.
Loading snum (SnapNum) for blockname /Tree0.
Loading sbhm (SubhaloBHMass) for blockname /Tree0.
Loading sbhd (SubhaloBHMdot) for blockname /Tree0.
Loading sgmt (SubhaloGasMetallicity) for blockname /Tree0.
Loading sgmf (SubhaloGasMetallicitySfr) for blockname /Tree0.
Loading sgnr (SubhaloGrNr) for blockname /Tree0.
Loading shmt (SubhaloHalfmassRadType) for blockname /Tree0.
Key SubhaloIDMostBound not found in conversion table, skipping.
Loading slen (SubhaloLen) for blockname /Tree0.
Loading slty (SubhaloLenType) for blockname /Tree0.
Loading smit (SubhaloMassInRadType) for blockname /Tree0.
Loading smty (SubhaloMassType) for blockname /Tree0.
Loading sbnr (SubhaloNumber) for blockname /Tree0.
Loading soty (SubhaloOffsetType) for blockname /Tree0.
Loading spos (SubhaloPos) for blockname /Tree0.
Loading ssfr (SubhaloSFR) for blockname /Tree0.
Loading ssfi (SubhaloSFRinRad) for blockname /Tree0.
Loading sspi (SubhaloSpin) for blockname /Tree0.
Loading ssmt (SubhaloStarMetallicity) for blockname /Tree0.
Loading ssph (SubhaloStellarPhotometrics) for blockname /Tree0.
Loading svmx (SubhaloVMax) for blockname /Tree0.
Loading svel (SubhaloVel) for blockname /Tree0.
Loading svdi (SubhaloVelDisp) for blockname /Tree0.
galrad= 0.01
!!! agesel
Found 110 stars.
Rotated pos.
Rotated vel.
Calculating circularities
dty= [13.50865009 13.50434011 13.42589686 13.41572259 13.47973713 13.51598608
 13.451936   13.52882511 13.43999989 13.54898489 13.55047859 13.48620946
 13.54948368 13.54546847 13.43617132 13.46867815 13.40904724 13.47027916
 13.48681962 13.42084134 13.5362231  13.55295046 13.49405748 13.45925118
 13.4171916  13.41535454 13.55999596 13.42047781 13.48651466 13.58051962
 13.47661244 13.50085054 13.42409848 13.51346582 13.53042591 13.42409848
 13.48834028 13.41350934 13.41202726 13.45859202 13.56071453 13.51290306
 13.50893538 13.43826425] 44
glb= [13.50865009 13.50434011 13.42589686 13.41572259 13.47973713 13.51598608
 13.451936   13.52882511 13.43999989 13.54898489 13.55047859 13.48620946
 13.54948368 13.54546847 13.43617132 13.46867815 13.40904724 13.47027916
 13.48681962 13.42084134 13.5362231  13.55295046 13.49405748 13.45925118
 13.4171916  13.41535454 13.55999596 13.42047781 13.48651466 13.58051962
 13.47661244 13.50085054 13.42409848 13.51346582 13.53042591 13.42409848
 13.48834028 13.41350934 13.41202726 13.45859202 13.56071453 13.51290306
 13.50893538 13.43826425] 44
bidsort lists= 44 44
 44
SNAP 30
EPS 0.005257424821389444
galrad= 0.01
!!! agesel
Found 105 stars.
Rotated pos.
Rotated vel.
Calculating circularities
dty= [13.50865009 13.42589686 13.451936   13.47973713 13.43617132 13.47027916
 13.43999989 13.3848259  13.48681962 13.42047781 13.50434011 13.40904724
 13.49405748 13.55999596 13.50085054 13.55295046 13.45925118 13.46867815
 13.47661244 13.51598608 13.54898489 13.54546847 13.48651466 13.51765508
 13.48620946 13.42409848 13.52882511 13.39071629 13.48834028 13.55047859
 13.42084134 13.41572259 13.51346582 13.54948368 13.5362231  13.54241947
 13.45859202 13.58051962 13.4171916  13.56071453 13.42409848 13.41535454
 13.38125389 13.55734487 13.3836384  13.58228621 13.51903912 13.56166962
 13.39110622 13.41902049 13.39883224 13.52667738 13.52559781] 53
glb= [13.50865009 13.42589686 13.451936   13.47973713 13.43617132 13.47027916
 13.43999989 13.3848259  13.48681962 13.42047781 13.50434011 13.40904724
 13.49405748 13.55999596 13.50085054 13.55295046 13.45925118 13.46867815
 13.47661244 13.51598608 13.54898489 13.54546847 13.48651466 13.51765508
 13.48620946 13.42409848 13.52882511 13.39071629 13.48834028 13.55047859
 13.42084134 13.41572259 13.51346582 13.54948368 13.5362231  13.54241947
 13.45859202 13.58051962 13.4171916  13.56071453 13.42409848 13.41535454
 13.38125389 13.55734487 13.3836384  13.58228621 13.51903912 13.56166962
 13.39110622 13.41902049 13.39883224 13.52667738 13.52559781] 53
bidsort lists= 53 53
 53
SNAP 31
EPS -0.0352138825182657
galrad= 0.01
!!! agesel
Found 106 stars.
Rotated pos.
Rotated vel.
Calculating circularities
dty= [13.50865009 13.42589686 13.43999989 13.47027916 13.47973713 13.451936
 13.43617132 13.35753722 13.36708837 13.3848259  13.48681962 13.51598608
 13.50085054 13.42047781 13.50434011 13.55295046 13.40904724 13.49405748
 13.54898489 13.55999596 13.46867815 13.55047859 13.36585354 13.45925118
 13.54948368 13.48620946 13.41572259 13.39071629 13.38085523 13.54546847
 13.51765508 13.42409848 13.58051962 13.47755272 13.51346582 13.56071453
 13.52882511 13.47661244 13.48834028 13.52935968 13.35921233 13.36004766
 13.5362231  13.4171916  13.54241947 13.45859202 13.41535454 13.4996791
 13.52288203 13.36212949 13.45059055 13.53042591 13.52178893 13.41202726
 13.3571175  13.36212949 13.4605659  13.39032602 13.52882511 13.43406721
 13.38561584 13.49850347 13.38797721 13.37523672] 64
glb= [13.50865009 13.42589686 13.43999989 13.47027916 13.47973713 13.451936
 13.43617132 13.35753722 13.36708837 13.3848259  13.48681962 13.51598608
 13.50085054 13.42047781 13.50434011 13.55295046 13.40904724 13.49405748
 13.54898489 13.55999596 13.46867815 13.55047859 13.36585354 13.45925118
 13.54948368 13.48620946 13.41572259 13.39071629 13.38085523 13.54546847
 13.51765508 13.42409848 13.58051962 13.47755272 13.51346582 13.56071453
 13.52882511 13.47661244 13.48834028 13.52935968 13.35921233 13.36004766
 13.5362231  13.4171916  13.54241947 13.45859202 13.41535454 13.4996791
 13.52288203 13.36212949 13.45059055 13.53042591 13.52178893 13.41202726
 13.3571175  13.36212949 13.4605659  13.39032602 13.52882511 13.43406721
 13.38561584 13.49850347 13.38797721 13.37523672] 64
bidsort lists= 64 64
 64
SNAP 32
EPS -0.005781719464100044
galrad= 0.01
!!! agesel
Found 115 stars.
Rotated pos.
Rotated vel.
Calculating circularities
dty= [13.50865009 13.47973713 13.47027916 13.35753722 13.43617132 13.31458514
 13.451936   13.33608936 13.36708837 13.54898489 13.50085054 13.42589686
 13.46867815 13.48681962 13.43999989 13.42047781 13.50434011 13.40904724
 13.31959434 13.55295046 13.51598608 13.55999596 13.3848259  13.49405748
 13.36585354 13.48651466 13.48620946 13.45925118 13.32095206 13.51765508
 13.55047859 13.39071629 13.51346582 13.37604367 13.47755272 13.52935968
 13.36004766 13.54546847 13.47661244 13.54948368 13.42409848 13.48834028
 13.41572259 13.56071453 13.52882511 13.32768657 13.35921233 13.58051962
 13.52288203 13.54647766 13.39498636 13.46707008 13.38085523 13.45859202
 13.4171916  13.41350934 13.41535454 13.45059055 13.31412732 13.32095206
 13.51290306 13.42409848 13.43124423 13.32500349 13.53042591 13.32185518
 13.38125389 13.56356965 13.5026     13.33565063 13.61105957 13.43756786
 13.61125399 13.32857774 13.36872964 13.36544123 13.34949891 13.34088982] 78
glb= [13.50865009 13.47973713 13.47027916 13.35753722 13.43617132 13.31458514
 13.451936   13.33608936 13.36708837 13.54898489 13.50085054 13.42589686
 13.46867815 13.48681962 13.43999989 13.42047781 13.50434011 13.40904724
 13.31959434 13.55295046 13.51598608 13.55999596 13.3848259  13.49405748
 13.36585354 13.48651466 13.48620946 13.45925118 13.32095206 13.51765508
 13.55047859 13.39071629 13.51346582 13.37604367 13.47755272 13.52935968
 13.36004766 13.54546847 13.47661244 13.54948368 13.42409848 13.48834028
 13.41572259 13.56071453 13.52882511 13.32768657 13.35921233 13.58051962
 13.52288203 13.54647766 13.39498636 13.46707008 13.38085523 13.45859202
 13.4171916  13.41350934 13.41535454 13.45059055 13.31412732 13.32095206
 13.51290306 13.42409848 13.43124423 13.32500349 13.53042591 13.32185518
 13.38125389 13.56356965 13.5026     13.33565063 13.61105957 13.43756786
 13.61125399 13.32857774 13.36872964 13.36544123 13.34949891 13.34088982] 78
bidsort lists= 78 78
 78
SNAP 33
EPS -0.037128272258044034
galrad= 0.01
!!! agesel
Found 149 stars.
Rotated pos.
Rotated vel.
Calculating circularities
dty= [13.28807182 13.50865009 13.2950033  13.47027916 13.47973713 13.33608936
 13.46867815 13.35753722 13.43617132 13.27664712 13.50434011 13.31458514
 13.31959434 13.36708837 13.43999989 13.451936   13.42589686 13.54898489
 13.50085054 13.30581695 13.40904724 13.49405748 13.42047781 13.27393868
 13.51765508 13.3848259  13.31091128 13.36004766 13.51598608 13.36585354
 13.52935968 13.48620946 13.45925118 13.2987896  13.27664712 13.29547806
 13.55999596 13.55295046 13.2868677  13.48681962 13.48834028 13.27443211
 13.32095206 13.30441898 13.48651466 13.47661244 13.55047859 13.42409848
 13.47755272 13.4171916  13.54948368 13.37077301 13.37604367 13.30488539
 13.32095206 13.42084134 13.46707008 13.41350934 13.38085523 13.32768657
 13.52882511 13.56071453 13.51346582 13.54647766 13.52288203 13.54546847
 13.39071629 13.41572259 13.33914965 13.45859202 13.39498636 13.27762873
 13.41535454 13.58051962 13.35921233 13.42409848 13.28638535 13.51290306
 13.28445148 13.43124423 13.46707008 13.51903912 13.32185518 13.53042591
 13.45059055 13.27860861 13.48467935 13.55734487 13.31412732 13.36212949
 13.5682611  13.5362231  13.41202726 13.46707008 13.55686007 13.61105957
 13.58316483 13.28783123 13.28831236 13.28541925 13.42697202 13.50201786
 13.30860183 13.34262386 13.39959732 13.40415946 13.46707008 13.30860183] 108
glb= [13.28807182 13.50865009 13.2950033  13.47027916 13.47973713 13.33608936
 13.46867815 13.35753722 13.43617132 13.27664712 13.50434011 13.31458514
 13.31959434 13.36708837 13.43999989 13.451936   13.42589686 13.54898489
 13.50085054 13.30581695 13.40904724 13.49405748 13.42047781 13.27393868
 13.51765508 13.3848259  13.31091128 13.36004766 13.51598608 13.36585354
 13.52935968 13.48620946 13.45925118 13.2987896  13.27664712 13.29547806
 13.55999596 13.55295046 13.2868677  13.48681962 13.48834028 13.27443211
 13.32095206 13.30441898 13.48651466 13.47661244 13.55047859 13.42409848
 13.47755272 13.4171916  13.54948368 13.37077301 13.37604367 13.30488539
 13.32095206 13.42084134 13.46707008 13.41350934 13.38085523 13.32768657
 13.52882511 13.56071453 13.51346582 13.54647766 13.52288203 13.54546847
 13.39071629 13.41572259 13.33914965 13.45859202 13.39498636 13.27762873
 13.41535454 13.58051962 13.35921233 13.42409848 13.28638535 13.51290306
 13.28445148 13.43124423 13.46707008 13.51903912 13.32185518 13.53042591
 13.45059055 13.27860861 13.48467935 13.55734487 13.31412732 13.36212949
 13.5682611  13.5362231  13.41202726 13.46707008 13.55686007 13.61105957
 13.58316483 13.28783123 13.28831236 13.28541925 13.42697202 13.50201786
 13.30860183 13.34262386 13.39959732 13.40415946 13.46707008 13.30860183] 108
bidsort lists= 108 108
 108
SNAP 34
EPS 0.031765105814751296
galrad= 0.01
!!! agesel
Found 14 stars.
Rotated pos.
Rotated vel.
Calculating circularities
dty= [] 0
glb= [] 0
bidsort lists= 0 0
 0
SNAP 35
EPS nan
galrad= 0.01
!!! agesel
Found 28 stars.
Rotated pos.
Rotated vel.
Calculating circularities
dty= [13.29547806 13.30952686 13.43687023 13.20286866 13.19502746 13.19050295
 13.21006317 13.21280826] 8
glb= [13.29547806 13.30952686 13.43687023 13.20286866 13.19502746 13.19050295
 13.21006317 13.21280826] 8
bidsort lists= 8 8
 8
SNAP 36
EPS 0.6790336415232627
galrad= 0.01
!!! agesel
Found 56 stars.
Rotated pos.
Rotated vel.
Calculating circularities
dty= [13.17208089 13.21006317 13.30952686 13.17557491 13.18708848 13.19502746
 13.1579177  13.29547806 13.1916371  13.19220341 13.16267223 13.15851386
 13.16385562 13.21499567 13.18020483 13.17208089 13.1882287 ] 17
glb= [13.17208089 13.21006317 13.30952686 13.17557491 13.18708848 13.19502746
 13.1579177  13.29547806 13.1916371  13.19220341 13.16267223 13.15851386
 13.16385562 13.21499567 13.18020483 13.17208089 13.1882287 ] 17
bidsort lists= 17 17
 17
SNAP 37
EPS 0.3133604459100959
galrad= 0.01
!!! agesel
Found 177 stars.
Rotated pos.
Rotated vel.
Calculating circularities
dty= [13.29547806 13.10462194 13.09880636 13.36544123 13.1916371  13.09848194
 13.30952686 13.17208089 13.19220341 13.1579177  13.15851386 13.17557491
 13.43687023 13.19502746 13.21006317 13.2868677  13.25204598 13.21826217
 13.09815734 13.18708848 13.13671595 13.30488539 13.38954446 13.12492839
 13.32589945 13.11357683 13.1261785  13.14830696 13.13363313 13.16148677
 13.17208089 13.12367596 13.12367596 13.12242139 13.11864427 13.10333357
 13.1261785  13.12242139 13.11990552 13.20286866 13.1348679 ] 41
glb= [13.29547806 13.10462194 13.09880636 13.36544123 13.1916371  13.09848194
 13.30952686 13.17208089 13.19220341 13.1579177  13.15851386 13.17557491
 13.43687023 13.19502746 13.21006317 13.2868677  13.25204598 13.21826217
 13.09815734 13.18708848 13.13671595 13.30488539 13.38954446 13.12492839
 13.32589945 13.11357683 13.1261785  13.14830696 13.13363313 13.16148677
 13.17208089 13.12367596 13.12367596 13.12242139 13.11864427 13.10333357
 13.1261785  13.12242139 13.11990552 13.20286866 13.1348679 ] 41
bidsort lists= 41 41
 41
SNAP 38
EPS -0.2436850898947569
galrad= 0.01
!!! agesel
Found 534 stars.
Rotated pos.
Rotated vel.
Calculating circularities
dty= [13.05814521 13.04223534 13.04711185 13.05951352 13.05540153 13.0453737
 13.0636037  13.09555543 13.07974913 13.1255537  13.04293388 13.15072241
 13.10075007 13.05540153 13.28396695 13.06156132 13.14100902 13.08769427
 13.09555543 13.12991576 13.25101897 13.44310468 13.06699562] 23
glb= [13.05814521 13.04223534 13.04711185 13.05951352 13.05540153 13.0453737
 13.0636037  13.09555543 13.07974913 13.1255537  13.04293388 13.15072241
 13.10075007 13.05540153 13.28396695 13.06156132 13.14100902 13.08769427
 13.09555543 13.12991576 13.25101897 13.44310468 13.06699562] 23
bidsort lists= 23 23
 23
SNAP 39
EPS -1.0266440501946839
galrad= 0.01
!!! agesel
Found 1024 stars.
Rotated pos.
Rotated vel.
Calculating circularities
dty= [12.98972756 12.9910307  12.99917572 13.11864427 13.14588295 13.14951576
 12.99177432 13.02099095 13.00248502 13.2868677  13.00541548 13.25204598
 13.01559127 13.17208089 13.30488539 12.98692841 13.12242139 12.98411984
 12.98842235 12.99733151 13.17208089 13.00979194 13.01233424 13.21499567
 13.09880636 13.20286866 12.99437234 13.03274507 13.00395159 12.99065852
 12.99733151 13.21006317 12.98954124 13.18708848 13.19615362 13.11738075
 12.98916843 13.00285181 13.02528503 13.01233424 13.00175071 13.29547806
 13.08174338 13.10333357 13.00138334 12.99696208 13.0968575  12.98355707
 12.99028629 13.06156132 13.00979194 12.99677742 12.99696208 13.14830696
 13.11357683 13.16503694 13.0202731  13.08505527 13.00833579 13.15851386
 12.98355707 13.19050295 13.32589945 13.0659796  12.99991218 13.17557491
 13.06631848 12.98355707 13.04083655 13.01378344 13.1261785  13.16385562
 13.36544123 12.99935992 13.00797134 13.17091212 13.12367596 13.16148677
 13.03838255 13.16385562 13.04711185 13.1916371  13.06019668 13.01160869
 13.15672382 12.99288879 13.01160869 13.08074691 13.03662517 13.43687023
 13.00906426 13.12367596 13.00376842 13.18365583 13.01667413 13.06496224
 13.13363313 13.00321855 13.09032394 13.01559127 13.17557491 13.09815734
 13.04711185 13.04572157 13.1579177  13.20286866 12.9989915  13.04048645
 13.00870005 13.13363313 13.19502746 13.03486388 13.07507544 13.30952686
 13.04502564 13.01486863 13.04572157 12.99880712 13.12492839 12.98468233
 12.99288879 12.98543162 13.06631848 13.07373471 13.02742355 13.03097512
 13.07708202 13.0794163  12.9938162  13.23221834 13.02991133 13.09750772
 13.1882287  13.04013616 12.98804909 13.07171926 13.19389936 13.21826217
 13.03838255 12.98879556 13.03662517 13.05057648 12.99917572 13.0636037
 13.09848194 12.98879556 13.05471408 12.98842235 13.06902366 12.99400164
 13.06969844 13.05608837 13.19220341 13.20286866 13.07373471 13.04849952
 13.00101577 13.08736491 13.38954446 13.06767222 13.13671595 13.08306984
 13.07104624 13.16267223 13.08373228 13.03873365 13.10847332 13.04363166
 13.11990552 12.98767577 13.10847332 13.18594629 12.98730212 13.04153619
 13.07171926 13.1882287  13.03732867 13.07841678 13.03097512 12.9843074
 13.01015571 13.07440538 13.05402602 13.00797134 13.18020483 13.30952686
 12.99529809 13.06224266 13.09945486 13.07641369 13.05264805 13.00376842
 13.46089386 13.04363166 13.03097512 13.10204297 13.00138334 13.08240688
 13.11674817 13.05471408 13.10719177 13.09425104 13.15432962 13.02457094
 13.03521646 13.41165588 13.08769427 13.02385622 13.18594629 13.21280826
 13.12242139 13.0588296  13.1261785  13.10462194 13.0035851  13.06631848
 13.04432896 13.28299655 13.05951352 13.0916353  13.01883537 13.02099095
 13.06564066 13.23009209 13.03309866 13.10462194 13.10975256 13.14466767
 13.10462194 12.99140254 13.0968575  12.98954124 12.99177432 13.10268857
 13.00211789 12.9977006  13.30488539 13.00211789 13.04013616 12.9871152
 13.13363313 13.10911327 12.98655437 13.00285181 12.99548314 13.22151143
 13.00541548 12.98730212 13.13363313 13.0035851  12.99363089 13.20007941
 12.99696208 13.06767222 13.00651175 13.35035141 12.98655437 13.02813514
 13.00101577 13.00541548 13.34949891 13.04432896 13.04711185 13.00797134] 264
glb= [12.98972756 12.9910307  12.99917572 13.11864427 13.14588295 13.14951576
 12.99177432 13.02099095 13.00248502 13.2868677  13.00541548 13.25204598
 13.01559127 13.17208089 13.30488539 12.98692841 13.12242139 12.98411984
 12.98842235 12.99733151 13.17208089 13.00979194 13.01233424 13.21499567
 13.09880636 13.20286866 12.99437234 13.03274507 13.00395159 12.99065852
 12.99733151 13.21006317 12.98954124 13.18708848 13.19615362 13.11738075
 12.98916843 13.00285181 13.02528503 13.01233424 13.00175071 13.29547806
 13.08174338 13.10333357 13.00138334 12.99696208 13.0968575  12.98355707
 12.99028629 13.06156132 13.00979194 12.99677742 12.99696208 13.14830696
 13.11357683 13.16503694 13.0202731  13.08505527 13.00833579 13.15851386
 12.98355707 13.19050295 13.32589945 13.0659796  12.99991218 13.17557491
 13.06631848 12.98355707 13.04083655 13.01378344 13.1261785  13.16385562
 13.36544123 12.99935992 13.00797134 13.17091212 13.12367596 13.16148677
 13.03838255 13.16385562 13.04711185 13.1916371  13.06019668 13.01160869
 13.15672382 12.99288879 13.01160869 13.08074691 13.03662517 13.43687023
 13.00906426 13.12367596 13.00376842 13.18365583 13.01667413 13.06496224
 13.13363313 13.00321855 13.09032394 13.01559127 13.17557491 13.09815734
 13.04711185 13.04572157 13.1579177  13.20286866 12.9989915  13.04048645
 13.00870005 13.13363313 13.19502746 13.03486388 13.07507544 13.30952686
 13.04502564 13.01486863 13.04572157 12.99880712 13.12492839 12.98468233
 12.99288879 12.98543162 13.06631848 13.07373471 13.02742355 13.03097512
 13.07708202 13.0794163  12.9938162  13.23221834 13.02991133 13.09750772
 13.1882287  13.04013616 12.98804909 13.07171926 13.19389936 13.21826217
 13.03838255 12.98879556 13.03662517 13.05057648 12.99917572 13.0636037
 13.09848194 12.98879556 13.05471408 12.98842235 13.06902366 12.99400164
 13.06969844 13.05608837 13.19220341 13.20286866 13.07373471 13.04849952
 13.00101577 13.08736491 13.38954446 13.06767222 13.13671595 13.08306984
 13.07104624 13.16267223 13.08373228 13.03873365 13.10847332 13.04363166
 13.11990552 12.98767577 13.10847332 13.18594629 12.98730212 13.04153619
 13.07171926 13.1882287  13.03732867 13.07841678 13.03097512 12.9843074
 13.01015571 13.07440538 13.05402602 13.00797134 13.18020483 13.30952686
 12.99529809 13.06224266 13.09945486 13.07641369 13.05264805 13.00376842
 13.46089386 13.04363166 13.03097512 13.10204297 13.00138334 13.08240688
 13.11674817 13.05471408 13.10719177 13.09425104 13.15432962 13.02457094
 13.03521646 13.41165588 13.08769427 13.02385622 13.18594629 13.21280826
 13.12242139 13.0588296  13.1261785  13.10462194 13.0035851  13.06631848
 13.04432896 13.28299655 13.05951352 13.0916353  13.01883537 13.02099095
 13.06564066 13.23009209 13.03309866 13.10462194 13.10975256 13.14466767
 13.10462194 12.99140254 13.0968575  12.98954124 12.99177432 13.10268857
 13.00211789 12.9977006  13.30488539 13.00211789 13.04013616 12.9871152
 13.13363313 13.10911327 12.98655437 13.00285181 12.99548314 13.22151143
 13.00541548 12.98730212 13.13363313 13.0035851  12.99363089 13.20007941
 12.99696208 13.06767222 13.00651175 13.35035141 12.98655437 13.02813514
 13.00101577 13.00541548 13.34949891 13.04432896 13.04711185 13.00797134] 264
bidsort lists= 264 264
 264
SNAP 40
EPS 0.03877354295221587
galrad= 0.01
!!! agesel
Found 1872 stars.
Rotated pos.
Rotated vel.
Calculating circularities
dty= [13.06631848 13.21006317 12.96458165 13.01342132 12.949487   13.05264805
 13.38954446 12.95880678 12.94557455 13.1579177  12.93730201 13.32589945
 13.15432962 12.99028629 12.98054907 13.01305916 12.93809319 12.92775303
 13.02242491 12.94831517 13.01160869 13.00175071 12.95026746 13.01811563
 12.98580611 13.08306984 12.92294066 12.95338229 12.93888357 13.15851386
 12.95454747 12.9965926  13.00138334 13.01160869 13.09032394 12.95026746
 13.25204598 13.36544123 13.1882287  12.94675016 13.06496224 13.29547806
 13.05471408 13.00376842 13.04849952 13.00979194 12.98842235 13.00285181
 13.02099095 13.10268857 13.04153619 13.16267223 12.93571751 12.99991218
 13.19502746 13.01559127 13.00797134 12.92253842 12.9584204  13.10847332
 13.36544123 13.23009209 12.97260243 13.05402602 13.32230612 12.93254012
 12.93094723 13.1916371  13.30952686 12.92695278 13.03662517 13.09880636
 13.02457094 12.93769763 13.18365583 13.19050295 12.96993702 13.11864427
 12.99437234 13.07373471 13.12304897 13.07171926 13.30952686 12.97601715
 13.13363313 13.07104624 12.96611513 13.30488539 12.98842235 12.93254012
 13.17557491 13.12867218 12.97222219 13.07507544 13.13671595 13.08736491
 13.2868677  12.93254012 13.06902366 12.97979538 13.03486388 13.40829897
 13.08174338 13.03873365 13.04083655 13.08373228 12.98468233 12.99935992
 12.96688089 13.20619949 13.03097512 12.93967343 12.98972756 12.99880712
 12.92334256 13.1348679  13.03521646 13.18594629 12.97753047 13.02742355
 13.12242139 13.14951576 13.10847332 12.98916843 13.05057648 12.96611513
 12.94125088 13.03521646 13.0380314  12.9843074  13.04572157 13.01015571
 13.04432896 12.99696208 13.06631848 12.97184175 13.04013616 13.03838255
 13.04363166 13.17208089 12.94361182 13.00285181 12.97355223 13.14588295
 13.12492839 13.14830696 13.11611501 13.04048645 13.37765321 13.15672382
 13.04502564 13.06156132 13.12367596 13.17208089 13.20286866 12.92775303
 13.04363166 13.0916353  13.06969844 13.11990552 13.04572157 12.99177432
 13.03732867 13.17557491 12.93094723 13.04711185 12.98355707 12.95435334
 12.97260243 13.09848194 13.19220341 12.94596667 12.95919297 13.09425104
 12.93492419 12.949487   12.97715236 13.00321855 13.03097512 12.95571115
 13.05057648 12.94753299 12.99991218 12.97525945 13.03309866 12.93927853
 13.11864427 13.0659796  13.10462194 12.95338229 13.09815734 13.21499567
 12.96458165 13.18708848 12.9584204  12.95919297 12.94870588 13.03732867
 13.02099095 13.21826217 13.0949035  13.43687023 13.10462194 13.07708202
 12.99400164 12.95957895 12.96304543 12.94909654 12.93769763 13.11738075
 12.97658496 13.03838255 13.01703466 12.92735308 12.969174   12.96227627
 12.97525945 13.02991133 13.03274507 13.0794163  12.97336233 12.96515694
 12.96496529 12.99288879 12.94831517 13.10333357 13.17208089 13.35205193
 13.12242139 12.95454747 13.18020483 13.19615362 12.99917572 13.03097512
 12.94714168 13.11102959 12.94831517 12.97904106 13.18594629 12.97979538
 12.9958532  13.1261785  12.98730212 13.05402602 12.92775303 13.08505527
 12.96227627 13.00138334 12.9703183  12.9938162  13.00248502 13.00979194
 12.95143686 13.10462194 12.9910307  12.95764718 13.07574484 13.01269679
 13.07641369 12.96189139 12.98767577 12.93254012 13.06019668 12.98879556
 12.96726348 13.05608837 12.95764718 13.04572157 13.06019668 12.94243211
 12.96266095 13.03662517 12.96573195 12.97412171 13.04641702 12.99622307
 12.97601715 12.9910307  12.98355707 12.96035046 13.00687697 12.98130211
 12.96112133 13.16385562 13.00101577 12.98804909 13.04223534 12.99696208
 13.16974123 12.96419783 12.99714687 12.98804909 12.99065852 13.02242491
 13.08505527 13.17383027 12.97298248 12.97184175 13.01233424 12.94753299
 12.9756384  12.98804909 13.10204297 13.11357683 13.00870005 13.01486863
 12.98543162 13.03309866 12.94361182 12.98879556 13.04711185 13.00248502
 13.07708202 13.12367596 13.01233424 12.94125088 13.05608837 13.13363313
 12.96458165 13.01559127 13.00669444 13.00833579 13.07373471 12.99474271
 12.97412171 13.02884611 12.98655437 13.09620676 13.0968575  12.99288879
 13.00395159 13.06224266 12.98393226 12.98692841 12.9965926  12.98411984
 13.0112457  12.99843847 13.05780274 13.15672382 13.22259069 13.06631848
 13.00687697 13.16267223 12.99991218 12.98954124 13.03732867 13.02884611
 12.97260243 12.97601715 13.00541548 13.20286866 13.0968575  12.96688089
 13.00833579 12.97450111 13.1882287  13.20286866 12.99696208 13.16385562
 13.03592106 13.01739513 13.08074691 13.01667413 13.00614661 13.12492839
 12.99917572 12.98243033 13.05126762 13.01305916 13.00906426 12.98580611
 13.07507544 13.02884611 12.99474271 12.92855276 13.02991133 13.01847553
 13.1910703  13.05505783 12.97069939 13.27909783 13.02528503 13.22043027
 12.99991218 13.00797134 13.03592106 13.00285181 13.00614661 12.95221546
 12.9989915  12.93094723 12.98054907 12.99474271 13.0202731  13.04153619
 13.01955462 12.92775303 13.0968575  13.10462194 13.06834821] 401
glb= [13.06631848 13.21006317 12.96458165 13.01342132 12.949487   13.05264805
 13.38954446 12.95880678 12.94557455 13.1579177  12.93730201 13.32589945
 13.15432962 12.99028629 12.98054907 13.01305916 12.93809319 12.92775303
 13.02242491 12.94831517 13.01160869 13.00175071 12.95026746 13.01811563
 12.98580611 13.08306984 12.92294066 12.95338229 12.93888357 13.15851386
 12.95454747 12.9965926  13.00138334 13.01160869 13.09032394 12.95026746
 13.25204598 13.36544123 13.1882287  12.94675016 13.06496224 13.29547806
 13.05471408 13.00376842 13.04849952 13.00979194 12.98842235 13.00285181
 13.02099095 13.10268857 13.04153619 13.16267223 12.93571751 12.99991218
 13.19502746 13.01559127 13.00797134 12.92253842 12.9584204  13.10847332
 13.36544123 13.23009209 12.97260243 13.05402602 13.32230612 12.93254012
 12.93094723 13.1916371  13.30952686 12.92695278 13.03662517 13.09880636
 13.02457094 12.93769763 13.18365583 13.19050295 12.96993702 13.11864427
 12.99437234 13.07373471 13.12304897 13.07171926 13.30952686 12.97601715
 13.13363313 13.07104624 12.96611513 13.30488539 12.98842235 12.93254012
 13.17557491 13.12867218 12.97222219 13.07507544 13.13671595 13.08736491
 13.2868677  12.93254012 13.06902366 12.97979538 13.03486388 13.40829897
 13.08174338 13.03873365 13.04083655 13.08373228 12.98468233 12.99935992
 12.96688089 13.20619949 13.03097512 12.93967343 12.98972756 12.99880712
 12.92334256 13.1348679  13.03521646 13.18594629 12.97753047 13.02742355
 13.12242139 13.14951576 13.10847332 12.98916843 13.05057648 12.96611513
 12.94125088 13.03521646 13.0380314  12.9843074  13.04572157 13.01015571
 13.04432896 12.99696208 13.06631848 12.97184175 13.04013616 13.03838255
 13.04363166 13.17208089 12.94361182 13.00285181 12.97355223 13.14588295
 13.12492839 13.14830696 13.11611501 13.04048645 13.37765321 13.15672382
 13.04502564 13.06156132 13.12367596 13.17208089 13.20286866 12.92775303
 13.04363166 13.0916353  13.06969844 13.11990552 13.04572157 12.99177432
 13.03732867 13.17557491 12.93094723 13.04711185 12.98355707 12.95435334
 12.97260243 13.09848194 13.19220341 12.94596667 12.95919297 13.09425104
 12.93492419 12.949487   12.97715236 13.00321855 13.03097512 12.95571115
 13.05057648 12.94753299 12.99991218 12.97525945 13.03309866 12.93927853
 13.11864427 13.0659796  13.10462194 12.95338229 13.09815734 13.21499567
 12.96458165 13.18708848 12.9584204  12.95919297 12.94870588 13.03732867
 13.02099095 13.21826217 13.0949035  13.43687023 13.10462194 13.07708202
 12.99400164 12.95957895 12.96304543 12.94909654 12.93769763 13.11738075
 12.97658496 13.03838255 13.01703466 12.92735308 12.969174   12.96227627
 12.97525945 13.02991133 13.03274507 13.0794163  12.97336233 12.96515694
 12.96496529 12.99288879 12.94831517 13.10333357 13.17208089 13.35205193
 13.12242139 12.95454747 13.18020483 13.19615362 12.99917572 13.03097512
 12.94714168 13.11102959 12.94831517 12.97904106 13.18594629 12.97979538
 12.9958532  13.1261785  12.98730212 13.05402602 12.92775303 13.08505527
 12.96227627 13.00138334 12.9703183  12.9938162  13.00248502 13.00979194
 12.95143686 13.10462194 12.9910307  12.95764718 13.07574484 13.01269679
 13.07641369 12.96189139 12.98767577 12.93254012 13.06019668 12.98879556
 12.96726348 13.05608837 12.95764718 13.04572157 13.06019668 12.94243211
 12.96266095 13.03662517 12.96573195 12.97412171 13.04641702 12.99622307
 12.97601715 12.9910307  12.98355707 12.96035046 13.00687697 12.98130211
 12.96112133 13.16385562 13.00101577 12.98804909 13.04223534 12.99696208
 13.16974123 12.96419783 12.99714687 12.98804909 12.99065852 13.02242491
 13.08505527 13.17383027 12.97298248 12.97184175 13.01233424 12.94753299
 12.9756384  12.98804909 13.10204297 13.11357683 13.00870005 13.01486863
 12.98543162 13.03309866 12.94361182 12.98879556 13.04711185 13.00248502
 13.07708202 13.12367596 13.01233424 12.94125088 13.05608837 13.13363313
 12.96458165 13.01559127 13.00669444 13.00833579 13.07373471 12.99474271
 12.97412171 13.02884611 12.98655437 13.09620676 13.0968575  12.99288879
 13.00395159 13.06224266 12.98393226 12.98692841 12.9965926  12.98411984
 13.0112457  12.99843847 13.05780274 13.15672382 13.22259069 13.06631848
 13.00687697 13.16267223 12.99991218 12.98954124 13.03732867 13.02884611
 12.97260243 12.97601715 13.00541548 13.20286866 13.0968575  12.96688089
 13.00833579 12.97450111 13.1882287  13.20286866 12.99696208 13.16385562
 13.03592106 13.01739513 13.08074691 13.01667413 13.00614661 13.12492839
 12.99917572 12.98243033 13.05126762 13.01305916 13.00906426 12.98580611
 13.07507544 13.02884611 12.99474271 12.92855276 13.02991133 13.01847553
 13.1910703  13.05505783 12.97069939 13.27909783 13.02528503 13.22043027
 12.99991218 13.00797134 13.03592106 13.00285181 13.00614661 12.95221546
 12.9989915  12.93094723 12.98054907 12.99474271 13.0202731  13.04153619
 13.01955462 12.92775303 13.0968575  13.10462194 13.06834821] 401
bidsort lists= 401 401
 401
SNAP 41
EPS 0.17162186003146793
galrad= 0.01
!!! agesel
Found 2293 stars.
Rotated pos.
Rotated vel.
Calculating circularities
dty= [12.960736   12.98543162 12.87062743 ... 13.14830696 13.0659796
 13.17208089] 1078
glb= [12.960736   12.98543162 12.87062743 ... 13.14830696 13.0659796
 13.17208089] 1078
bidsort lists= 1078 1078
 1078
SNAP 42
EPS 0.1024063177022443
galrad= 0.01
!!! agesel
Found 3154 stars.
Rotated pos.
Rotated vel.
Calculating circularities
dty= [12.79131814 12.80310028 12.86487022 ... 12.79166322 13.21006317
 13.06087924] 2770
glb= [12.79131814 12.80310028 12.86487022 ... 12.79166322 13.21006317
 13.06087924] 2770
bidsort lists= 2770 2770
 2770
SNAP 43
EPS 0.13526133136234908
galrad= 0.01
!!! agesel
Found 5964 stars.
Rotated pos.
Rotated vel.
Calculating circularities
dty= [12.96477348 13.00175071 12.74475411 ... 13.09880636 13.30952686
 13.1916371 ] 5998
glb= [12.96477348 13.00175071 12.74475411 ... 13.09880636 13.30952686
 13.1916371 ] 5998
bidsort lists= 5998 5998
 5998
SNAP 44
EPS -0.015320762191990763
galrad= 0.01
!!! agesel
Found 9098 stars.
Rotated pos.
Rotated vel.
Calculating circularities
dty= [12.64413073 12.73400663 12.64110848 ... 12.69999979 12.6919657
 12.95454747] 11640
glb= [12.64413073 12.73400663 12.64110848 ... 12.69999979 12.6919657
 12.95454747] 11640
bidsort lists= 11640 11640
 11640
SNAP 45
EPS -0.030490955902201047
galrad= 0.01
!!! agesel
Found 10180 stars.
Rotated pos.
Rotated vel.
Calculating circularities
dty= [12.5586652  12.54963375 12.58923125 ... 12.59320549 12.59975617
 12.54523625] 18762
glb= [12.5586652  12.54963375 12.58923125 ... 12.59320549 12.59975617
 12.54523625] 18762
bidsort lists= 18762 18762
 18762
SNAP 46
EPS 0.11101289708868933
galrad= 0.01
!!! agesel
Found 9335 stars.
Rotated pos.
Rotated vel.
Calculating circularities
dty= [12.57875534 12.52230069 12.47055387 ... 13.06631848 13.29547806
 12.64413073] 25685
glb= [12.57875534 12.52230069 12.47055387 ... 13.06631848 13.29547806
 12.64413073] 25685
bidsort lists= 25685 25685
 25685
SNAP 47
EPS 0.21496316587586867
galrad= 0.01
!!! agesel
Found 14537 stars.
Rotated pos.
Rotated vel.
Calculating circularities
dty= [12.53596724 12.53668254 12.51955022 ... 13.00028019 13.20841022
 12.38807151] 39070
glb= [12.53596724 12.53668254 12.51955022 ... 13.00028019 13.20841022
 12.38807151] 39070
bidsort lists= 39070 39070
 39070
SNAP 48
EPS 0.2940547468906326
galrad= 0.01
!!! agesel
Found 12990 stars.
Rotated pos.
Rotated vel.
Calculating circularities
dty= [12.33767543 12.26321434 12.31935301 ... 13.237238   13.37077301
 12.8883211 ] 51383
glb= [12.33767543 12.26321434 12.31935301 ... 13.237238   13.37077301
 12.8883211 ] 51383
bidsort lists= 51383 51383
 51383
SNAP 49
EPS 0.387657412245026
galrad= 0.01
!!! agesel
Found 10703 stars.
Rotated pos.
Rotated vel.
Calculating circularities
dty= [12.30721105 12.16665742 12.33965189 ... 12.98411984 13.02564193
 12.35194633] 62083
glb= [12.30721105 12.16665742 12.33965189 ... 12.98411984 13.02564193
 12.35194633] 62083
bidsort lists= 62083 62083
 62083
SNAP 50
EPS 0.4344694474495167
galrad= 0.01
!!! agesel
Found 11827 stars.
Rotated pos.
Rotated vel.
Calculating circularities
dty= [12.06812387 12.409263   12.33940488 ... 12.52461234 12.17726447
 12.07973582] 73890
glb= [12.06812387 12.409263   12.33940488 ... 12.52461234 12.17726447
 12.07973582]