loading halo 22 level 4
/eagle/projects/Auriga/Auriga/level4/Original/mergertrees/Au-22/trees_sf1_127
Hubble parameter= 0.6777
There are 265 trees in file /eagle/projects/Auriga/Auriga/level4/Original/mergertrees/Au-22/trees_sf1_127.0.hdf5
Loading desc (Descendant) for blockname /Tree0.
Loading fnum (FileNr) for blockname /Tree0.
Loading fhfg (FirstHaloInFOFGroup) for blockname /Tree0.
Loading fpin (FirstProgenitor) for blockname /Tree0.
Loading fmc2 (Group_M_Crit200) for blockname /Tree0.
Loading fmm2 (Group_M_Mean200) for blockname /Tree0.
Loading fmt2 (Group_M_TopHat200) for blockname /Tree0.
Loading frc2 (Group_R_Crit200) for blockname /Tree0.
Loading nhfg (NextHaloInFOFGroup) for blockname /Tree0.
Loading npin (NextProgenitor) for blockname /Tree0.
Loading snum (SnapNum) for blockname /Tree0.
Loading sbhm (SubhaloBHMass) for blockname /Tree0.
Loading sbhd (SubhaloBHMdot) for blockname /Tree0.
Loading sgmt (SubhaloGasMetallicity) for blockname /Tree0.
Loading sgmf (SubhaloGasMetallicitySfr) for blockname /Tree0.
Loading sgnr (SubhaloGrNr) for blockname /Tree0.
Loading shmt (SubhaloHalfmassRadType) for blockname /Tree0.
Key SubhaloIDMostBound not found in conversion table, skipping.
Loading slen (SubhaloLen) for blockname /Tree0.
Loading slty (SubhaloLenType) for blockname /Tree0.
Loading smit (SubhaloMassInRadType) for blockname /Tree0.
Loading smty (SubhaloMassType) for blockname /Tree0.
Loading sbnr (SubhaloNumber) for blockname /Tree0.
Loading soty (SubhaloOffsetType) for blockname /Tree0.
Loading spos (SubhaloPos) for blockname /Tree0.
Loading ssfr (SubhaloSFR) for blockname /Tree0.
Loading ssfi (SubhaloSFRinRad) for blockname /Tree0.
Loading sspi (SubhaloSpin) for blockname /Tree0.
Loading ssmt (SubhaloStarMetallicity) for blockname /Tree0.
Loading ssph (SubhaloStellarPhotometrics) for blockname /Tree0.
Loading svmx (SubhaloVMax) for blockname /Tree0.
Loading svel (SubhaloVel) for blockname /Tree0.
Loading svdi (SubhaloVelDisp) for blockname /Tree0.
galrad= 0.01
!!! agesel
Found 3 stars.
Rotated pos.
Rotated vel.
Calculating circularities
dty= [] 0
glb= [] 0
bidsort lists= 0 0
 0
SNAP 30
EPS nan
galrad= 0.01
!!! agesel
Found 7 stars.
Rotated pos.
Rotated vel.
Calculating circularities
dty= [13.44103759] 1
glb= [13.44103759] 1
bidsort lists= 1 1
 1
SNAP 31
EPS 1.0
galrad= 0.01
!!! agesel
Found 3 stars.
Rotated pos.
Rotated vel.
Calculating circularities
dty= [13.36046476] 1
glb= [13.36046476] 1
bidsort lists= 1 1
 1
SNAP 32
EPS 1.0
galrad= 0.01
!!! agesel
Found 7 stars.
Rotated pos.
Rotated vel.
Calculating circularities
dty= [] 0
glb= [] 0
bidsort lists= 0 0
 0
SNAP 33
EPS nan
galrad= 0.01
!!! agesel
Found 24 stars.
Rotated pos.
Rotated vel.
Calculating circularities
dty= [13.43406721 13.49791409 13.33652773 13.32679381 13.27664712 13.30952686
 13.34521344 13.43124423 13.32410593 13.30952686] 10
glb= [13.43406721 13.49791409 13.33652773 13.32679381 13.27664712 13.30952686
 13.34521344 13.43124423 13.32410593 13.30952686] 10
bidsort lists= 10 10
 10
SNAP 34
EPS -0.010411645104190743
galrad= 0.01
!!! agesel
Found 40 stars.
Rotated pos.
Rotated vel.
Calculating circularities
dty= [13.33652773 13.49791409 13.34521344 13.25867725 13.43124423 13.27664712
 13.40642237 13.43406721 13.24169361 13.27615563 13.25307115 13.32857774
 13.24169361 13.27121705 13.2591842  13.25307115] 16
glb= [13.33652773 13.49791409 13.34521344 13.25867725 13.43124423 13.27664712
 13.40642237 13.43406721 13.24169361 13.27615563 13.25307115 13.32857774
 13.24169361 13.27121705 13.2591842  13.25307115] 16
bidsort lists= 16 16
 16
SNAP 35
EPS 0.03535088133235767
galrad= 0.01
!!! agesel
Found 59 stars.
Rotated pos.
Rotated vel.
Calculating circularities
dty= [13.33652773 13.49791409 13.43124423 13.34521344 13.32679381 13.1910703
 13.28202448 13.19559079 13.25867725 13.27319771 13.21826217 13.43406721
 13.26823276 13.21171168 13.30952686 13.50549506 13.46642483 13.28879304
 13.19502746 13.20175441 13.30721127 13.19839991 13.23009209 13.20175441] 24
glb= [13.33652773 13.49791409 13.43124423 13.34521344 13.32679381 13.1910703
 13.28202448 13.19559079 13.25867725 13.27319771 13.21826217 13.43406721
 13.26823276 13.21171168 13.30952686 13.50549506 13.46642483 13.28879304
 13.19502746 13.20175441 13.30721127 13.19839991 13.23009209 13.20175441] 24
bidsort lists= 24 24
 24
SNAP 36
EPS 0.014975389057762193
galrad= 0.01
!!! agesel
Found 70 stars.
Rotated pos.
Rotated vel.
Calculating circularities
dty= [13.43124423 13.21826217 13.33652773 13.43406721 13.30952686 13.15132494
 13.49791409 13.21171168 13.28202448 13.24064824 13.26823276 13.17499388
 13.15222778 13.32679381 13.22043027 13.18480208 13.34521344 13.15821587
 13.16267223 13.16326424 13.19559079 13.225817   13.17905045 13.16148677
 13.25867725 13.27319771 13.1910703  13.16503694 13.25715372 13.2692293
 13.24689273 13.15132494 13.28879304 13.46642483 13.27418541 13.28007512
 13.19050295] 37
glb= [13.43124423 13.21826217 13.33652773 13.43406721 13.30952686 13.15132494
 13.49791409 13.21171168 13.28202448 13.24064824 13.26823276 13.17499388
 13.15222778 13.32679381 13.22043027 13.18480208 13.34521344 13.15821587
 13.16267223 13.16326424 13.19559079 13.225817   13.17905045 13.16148677
 13.25867725 13.27319771 13.1910703  13.16503694 13.25715372 13.2692293
 13.24689273 13.15132494 13.28879304 13.46642483 13.27418541 13.28007512
 13.19050295] 37
bidsort lists= 37 37
 37
SNAP 37
EPS 0.038584339627052634
galrad= 0.01
!!! agesel
Found 87 stars.
Rotated pos.
Rotated vel.
Calculating circularities
dty= [13.25867725 13.11357683 13.49791409 13.10268857 13.1910703  13.21934721
 13.33652773 13.11102959 13.14192549 13.11421221 13.15222778 13.43124423
 13.19559079 13.24169361 13.21826217 13.34521344 13.27319771 13.17499388
 13.15821587 13.10333357 13.10010269 13.15132494 13.18078128 13.20675292
 13.32679381 13.28202448 13.16326424 13.12367596 13.46642483 13.225817
 13.24064824 13.19021914 13.18480208 13.17702528 13.18480208 13.17615545
 13.18993517 13.17383027 13.24169361 13.37684916 13.12742647 13.43406721
 13.18308191 13.32049988 13.27664712 13.11484706 13.40642237 13.50549506
 13.10139678 13.10847332 13.24999016 13.15672382 13.26120751 13.3020807 ] 54
glb= [13.25867725 13.11357683 13.49791409 13.10268857 13.1910703  13.21934721
 13.33652773 13.11102959 13.14192549 13.11421221 13.15222778 13.43124423
 13.19559079 13.24169361 13.21826217 13.34521344 13.27319771 13.17499388
 13.15821587 13.10333357 13.10010269 13.15132494 13.18078128 13.20675292
 13.32679381 13.28202448 13.16326424 13.12367596 13.46642483 13.225817
 13.24064824 13.19021914 13.18480208 13.17702528 13.18480208 13.17615545
 13.18993517 13.17383027 13.24169361 13.37684916 13.12742647 13.43406721
 13.18308191 13.32049988 13.27664712 13.11484706 13.40642237 13.50549506
 13.10139678 13.10847332 13.24999016 13.15672382 13.26120751 13.3020807 ] 54
bidsort lists= 54 54
 54
SNAP 38
EPS 0.04747576883545447
galrad= 0.01
!!! agesel
Found 91 stars.
Rotated pos.
Rotated vel.
Calculating circularities
dty= [13.25867725 13.49791409 13.07003562 13.05471408 13.04815288 13.06428328
 13.11357683 13.10268857 13.19559079 13.1910703  13.33652773 13.09229008
 13.0536817  13.21826217 13.21934721 13.43124423 13.27319771 13.14192549
 13.32679381 13.11421221 13.15132494 13.08306984 13.15222778 13.06902366
 13.34521344 13.10010269 13.09196274 13.28202448 13.15821587 13.20675292
 13.12053536 13.17499388 13.16326424 13.09032394 13.11674817 13.19021914
 13.18480208 13.17905045 13.17702528 13.13270566 13.12680277 13.46642483
 13.24064824 13.08901027 13.15970459 13.18993517 13.08505527 13.16562682
 13.05264805 13.06496224 13.05814521 13.2279583  13.25715372 13.07507544
 13.27615563 13.17557491 13.2591842  13.45260696 13.30721127] 59
glb= [13.25867725 13.49791409 13.07003562 13.05471408 13.04815288 13.06428328
 13.11357683 13.10268857 13.19559079 13.1910703  13.33652773 13.09229008
 13.0536817  13.21826217 13.21934721 13.43124423 13.27319771 13.14192549
 13.32679381 13.11421221 13.15132494 13.08306984 13.15222778 13.06902366
 13.34521344 13.10010269 13.09196274 13.28202448 13.15821587 13.20675292
 13.12053536 13.17499388 13.16326424 13.09032394 13.11674817 13.19021914
 13.18480208 13.17905045 13.17702528 13.13270566 13.12680277 13.46642483
 13.24064824 13.08901027 13.15970459 13.18993517 13.08505527 13.16562682
 13.05264805 13.06496224 13.05814521 13.2279583  13.25715372 13.07507544
 13.27615563 13.17557491 13.2591842  13.45260696 13.30721127] 59
bidsort lists= 59 59
 59
SNAP 39
EPS 0.0003560641905333848
galrad= 0.01
!!! agesel
Found 82 stars.
Rotated pos.
Rotated vel.
Calculating circularities
dty= [13.24038663 13.03838255 13.13084691 13.05402602 12.99177432 13.21988895
 13.04363166 13.04711185 13.08240688 13.00942813 13.0730635  13.23380802
 12.99696208 13.13301497 13.04258464 13.10462194 13.29737289 13.00175071
 13.08174338 13.27418541 13.25816991 13.36046476 13.06428328 13.37684916
 12.99622307 13.27121705 13.22688859 13.4605659  13.14951576 13.21934721
 13.225817   13.13239624 13.40415946 13.15432962 13.10590801 12.99696208
 13.03943529 12.99400164 13.22259069 12.98618041 12.9910307  13.05195814
 13.20619949 13.16739327 13.24481859 13.00578114 13.1217933  13.32857774
 13.07440538 13.17441235 13.00504976 13.5602357  13.07171926 13.08637593
 13.11357683 13.01378344 13.33124184 13.00870005 13.225817   13.00504976
 13.09294433 13.20730582 13.17673549 13.18135718 12.99991218 13.18651763
 12.99622307 13.30020258 13.04572157 13.45925118 13.04013616] 71
glb= [13.24038663 13.03838255 13.13084691 13.05402602 12.99177432 13.21988895
 13.04363166 13.04711185 13.08240688 13.00942813 13.0730635  13.23380802
 12.99696208 13.13301497 13.04258464 13.10462194 13.29737289 13.00175071
 13.08174338 13.27418541 13.25816991 13.36046476 13.06428328 13.37684916
 12.99622307 13.27121705 13.22688859 13.4605659  13.14951576 13.21934721
 13.225817   13.13239624 13.40415946 13.15432962 13.10590801 12.99696208
 13.03943529 12.99400164 13.22259069 12.98618041 12.9910307  13.05195814
 13.20619949 13.16739327 13.24481859 13.00578114 13.1217933  13.32857774
 13.07440538 13.17441235 13.00504976 13.5602357  13.07171926 13.08637593
 13.11357683 13.01378344 13.33124184 13.00870005 13.225817   13.00504976
 13.09294433 13.20730582 13.17673549 13.18135718 12.99991218 13.18651763
 12.99622307 13.30020258 13.04572157 13.45925118 13.04013616] 71
bidsort lists= 71 71
 71
SNAP 40
EPS 0.028637829486289474
galrad= 0.01
!!! agesel
Found 84 stars.
Rotated pos.
Rotated vel.
Calculating circularities
dty= [13.24038663 12.99177432 13.03838255 13.05402602 13.13084691 13.00942813
 13.23380802 13.04363166 13.08240688 13.21988895 13.0730635  12.94596667
 12.94518238 12.98243033 13.25816991 13.29737289 13.13301497 13.10462194
 13.36046476 12.97374212 12.94282554 13.06428328 13.37684916 13.40415946
 12.94518238 13.225817   12.98205436 12.99696208 13.04711185 13.21934721
 13.4605659  13.04258464 13.15432962 13.27121705 12.99622307 12.9910307
 13.27418541 13.00175071 13.08174338 13.05195814 13.22688859 13.10590801
 12.97069939 13.01450709 12.94831517 13.22259069 13.2868677  13.17091212
 13.24481859 13.13239624 13.14951576 13.07440538 13.16739327 12.94557455
 13.1217933  12.93888357 12.95687331 12.96993702 12.93651002 12.97146112
 13.00870005 12.93888357 13.11864427 13.01160869 13.32857774 13.12430244
 12.93967343 13.03592106 13.05264805 13.18135718 13.30020258 12.94203861
 13.04083655 12.94361182 13.0916353  13.11102959 12.93651002] 77
glb= [13.24038663 12.99177432 13.03838255 13.05402602 13.13084691 13.00942813
 13.23380802 13.04363166 13.08240688 13.21988895 13.0730635  12.94596667
 12.94518238 12.98243033 13.25816991 13.29737289 13.13301497 13.10462194
 13.36046476 12.97374212 12.94282554 13.06428328 13.37684916 13.40415946
 12.94518238 13.225817   12.98205436 12.99696208 13.04711185 13.21934721
 13.4605659  13.04258464 13.15432962 13.27121705 12.99622307 12.9910307
 13.27418541 13.00175071 13.08174338 13.05195814 13.22688859 13.10590801
 12.97069939 13.01450709 12.94831517 13.22259069 13.2868677  13.17091212
 13.24481859 13.13239624 13.14951576 13.07440538 13.16739327 12.94557455
 13.1217933  12.93888357 12.95687331 12.96993702 12.93651002 12.97146112
 13.00870005 12.93888357 13.11864427 13.01160869 13.32857774 13.12430244
 12.93967343 13.03592106 13.05264805 13.18135718 13.30020258 12.94203861
 13.04083655 12.94361182 13.0916353  13.11102959 12.93651002] 77
bidsort lists= 77 77
 77
SNAP 41
EPS 0.010216334732647887
galrad= 0.01
!!! agesel
Found 68 stars.
Rotated pos.
Rotated vel.
Calculating circularities
dty= [12.99177432 13.24038663 12.87550474 13.03838255 13.23380802 13.37684916
 13.04363166 13.25816991 12.97374212 13.13301497 12.99696208 13.10462194
 13.21934721 13.05402602 13.36046476 13.06428328 13.0730635  13.13084691
 13.00175071 13.08174338 13.08240688 13.21988895 13.00942813 13.27418541
 12.94518238 13.29737289 12.94518238 13.22688859 13.4605659  13.10590801
 12.98243033 12.94596667 12.8993174  13.17091212 12.94439743 12.91891069
 13.225817   13.03380512 12.97374212 12.99622307 13.14951576 12.97069939
 12.94557455 12.96993702 13.04258464 12.9009661  13.04711185 13.15432962
 13.27121705 12.95609864 13.22259069 13.40415946 13.24481859 12.98205436
 12.96841033 12.93651002 13.01450709 12.94831517 13.05195814 13.20730582
 13.14951576 12.91323879 12.86572531 13.07641369 12.91486281 12.95687331
 13.07171926 13.12242139 13.01378344 13.1555278  13.24585656 13.01160869
 13.22902617 12.95764718 13.24377881 13.30767517 12.86828597 12.9843074
 13.24585656 12.89518293 13.07774966 13.21499567 13.2489595  12.8784615
 13.5602357  13.01378344 13.33124184 13.05814521 12.95764718 13.03309866
 12.92935168] 91
glb= [12.99177432 13.24038663 12.87550474 13.03838255 13.23380802 13.37684916
 13.04363166 13.25816991 12.97374212 13.13301497 12.99696208 13.10462194
 13.21934721 13.05402602 13.36046476 13.06428328 13.0730635  13.13084691
 13.00175071 13.08174338 13.08240688 13.21988895 13.00942813 13.27418541
 12.94518238 13.29737289 12.94518238 13.22688859 13.4605659  13.10590801
 12.98243033 12.94596667 12.8993174  13.17091212 12.94439743 12.91891069
 13.225817   13.03380512 12.97374212 12.99622307 13.14951576 12.97069939
 12.94557455 12.96993702 13.04258464 12.9009661  13.04711185 13.15432962
 13.27121705 12.95609864 13.22259069 13.40415946 13.24481859 12.98205436
 12.96841033 12.93651002 13.01450709 12.94831517 13.05195814 13.20730582
 13.14951576 12.91323879 12.86572531 13.07641369 12.91486281 12.95687331
 13.07171926 13.12242139 13.01378344 13.1555278  13.24585656 13.01160869
 13.22902617 12.95764718 13.24377881 13.30767517 12.86828597 12.9843074
 13.24585656 12.89518293 13.07774966 13.21499567 13.2489595  12.8784615
 13.5602357  13.01378344 13.33124184 13.05814521 12.95764718 13.03309866
 12.92935168] 91
bidsort lists= 91 91
 91
SNAP 42
EPS -0.08351902558489815
galrad= 0.01
!!! agesel
Found 122 stars.
Rotated pos.
Rotated vel.
Calculating circularities
dty= [12.82158658 12.84542983 12.89019741 12.81845398 12.80628027 12.92374439
 12.79120316 12.85238626 13.00651175 12.82158658 12.91405114 12.846738
 12.82915413 12.82959743 12.80582655 12.93730201 12.82069252 12.8784615
 12.8592937  12.84847931 12.85281935 13.06156132 12.81351178 12.79762617
 12.83754504 12.84412005 12.90998196 12.79304225 12.82737852 12.83886363
 12.80219005 12.84061887 12.83004066 12.9638138  12.86358609 12.80491861
 12.86572531 12.79212306 12.960736   12.93413021 12.80854548 12.94675016
 12.80763998 12.83269571 13.17905045 12.94046249 12.83666516 12.96993702
 12.85281935 13.13301497 13.08107921 12.81215973 12.80582655 12.83622483
 13.05402602 12.81125739 12.80945026 12.94361182 12.93888357 13.10847332
 13.00138334 12.82292614 12.81845398] 63
glb= [12.82158658 12.84542983 12.89019741 12.81845398 12.80628027 12.92374439
 12.79120316 12.85238626 13.00651175 12.82158658 12.91405114 12.846738
 12.82915413 12.82959743 12.80582655 12.93730201 12.82069252 12.8784615
 12.8592937  12.84847931 12.85281935 13.06156132 12.81351178 12.79762617
 12.83754504 12.84412005 12.90998196 12.79304225 12.82737852 12.83886363
 12.80219005 12.84061887 12.83004066 12.9638138  12.86358609 12.80491861
 12.86572531 12.79212306 12.960736   12.93413021 12.80854548 12.94675016
 12.80763998 12.83269571 13.17905045 12.94046249 12.83666516 12.96993702
 12.85281935 13.13301497 13.08107921 12.81215973 12.80582655 12.83622483
 13.05402602 12.81125739 12.80945026 12.94361182 12.93888357 13.10847332
 13.00138334 12.82292614 12.81845398] 63
bidsort lists= 63 63
 63
SNAP 43
EPS -0.0021641915202267664
galrad= 0.01
!!! agesel
Found 65 stars.
Rotated pos.
Rotated vel.
Calculating circularities
dty= [13.00651175 12.74415307 12.78936059 12.73739916 12.77497076 12.82959743
 12.84542983 12.92374439 12.78612842 12.80219005 12.82158658 12.79212306
 12.80628027 12.89019741 12.80582655 12.82915413 12.85238626 12.81845398
 12.846738   12.82069252 12.73011654 12.81125739 12.82158658 12.84847931
 12.8784615  12.80582655 12.83754504 12.733521   12.79120316 12.78195812
 12.960736   12.71983962 12.85281935 12.83710513 12.83886363 12.84412005
 12.7489519  12.86572531 12.9638138  12.75990932 12.93730201 12.71983962
 12.90998196 12.96993702 12.83269571 12.87296303 12.84061887 12.85455001
 13.07037268 12.9910307  12.84280851 12.79762617 12.77309969 12.86337197
 12.86529779 13.13301497 12.82737852 12.81351178 13.17905045 12.74126363
 12.79396071 12.80582655 12.94046249 12.9245476  12.76038317 12.86657955
 12.83842421 12.86743311 12.81755721 12.93888357 12.86015365 12.9245476
 12.94675016 12.79304225 12.93413021 12.91810251 12.84499345 12.85281935
 12.86721985 12.87930454 13.08107921 12.80491861 12.84368303 12.80945026
 12.76133036 12.7838136  12.8784615  12.77637203 13.10847332 12.80763998
 12.87083999 12.76416679 12.86785972 12.85281935 13.11990552 12.81755721
 12.77356782 12.846738   13.06631848 12.969174   12.86828597 13.02457094
 12.80310028 12.92615172 12.89103016 12.79166322 12.74511459 12.76227667
 12.92294066 12.92213598 12.85021768 12.893524   12.80036683 12.93730201
 13.147096   12.96688089 12.90178928 13.33256859 12.93730201 13.06292352
 13.0968575  12.82915413 12.95299355 12.92935168 13.08240688 12.90589464
 12.90671348 12.90507498 12.88224951 12.91079714 13.02385622] 131
glb= [13.00651175 12.74415307 12.78936059 12.73739916 12.77497076 12.82959743
 12.84542983 12.92374439 12.78612842 12.80219005 12.82158658 12.79212306
 12.80628027 12.89019741 12.80582655 12.82915413 12.85238626 12.81845398
 12.846738   12.82069252 12.73011654 12.81125739 12.82158658 12.84847931
 12.8784615  12.80582655 12.83754504 12.733521   12.79120316 12.78195812
 12.960736   12.71983962 12.85281935 12.83710513 12.83886363 12.84412005
 12.7489519  12.86572531 12.9638138  12.75990932 12.93730201 12.71983962
 12.90998196 12.96993702 12.83269571 12.87296303 12.84061887 12.85455001
 13.07037268 12.9910307  12.84280851 12.79762617 12.77309969 12.86337197
 12.86529779 13.13301497 12.82737852 12.81351178 13.17905045 12.74126363
 12.79396071 12.80582655 12.94046249 12.9245476  12.76038317 12.86657955
 12.83842421 12.86743311 12.81755721 12.93888357 12.86015365 12.9245476
 12.94675016 12.79304225 12.93413021 12.91810251 12.84499345 12.85281935
 12.86721985 12.87930454 13.08107921 12.80491861 12.84368303 12.80945026
 12.76133036 12.7838136  12.8784615  12.77637203 13.10847332 12.80763998
 12.87083999 12.76416679 12.86785972 12.85281935 13.11990552 12.81755721
 12.77356782 12.846738   13.06631848 12.969174   12.86828597 13.02457094
 12.80310028 12.92615172 12.89103016 12.79166322 12.74511459 12.76227667
 12.92294066 12.92213598 12.85021768 12.893524   12.80036683 12.93730201
 13.147096   12.96688089 12.90178928 13.33256859 12.93730201 13.06292352
 13.0968575  12.82915413 12.95299355 12.92935168 13.08240688 12.90589464
 12.90671348 12.90507498 12.88224951 12.91079714 13.02385622] 131
bidsort lists= 131 131
 131
SNAP 44
EPS -0.004270533980176049
galrad= 0.01
!!! agesel
Found 215 stars.
Rotated pos.
Rotated vel.
Calculating circularities
dty= [12.65718237 12.66649114 13.10204297 12.84499345 12.68082595 12.9767742
 12.67009142 12.88308925 12.70449422 12.88518548 12.63358551 12.67674832
 12.81755721 12.67060482 12.85886333 12.94831517 12.6798078  12.64832292
 12.63992377 12.97298248 12.6798078  12.92374439 12.63543761 12.79166322
 12.63728689 12.8784615  12.77637203 12.81845398 12.9638138  12.67265628
 12.81755721 12.6488459  12.66752094 12.7838136  12.87930454 12.87296303
 13.08505527 12.85281935 12.92213598 12.63358551 12.90507498 12.83534368
 12.81351178 13.03309866 12.63252594 12.68285933 12.63728689 12.63570201
 13.17905045 12.63252594 12.6383424  13.06631848 12.80491861 12.9245476
 12.63305592 12.82292614 12.75990932 13.06224266 13.02457094 12.63781476
 12.77309969 12.73739916 12.6351732  12.87508159 12.80854548 12.79304225
 12.6467526  12.9245476  12.90014209 12.89849189 12.846738   12.89103016
 12.82158658 12.86529779 12.81306121 12.79762617 12.86785972 12.66339649
 12.84368303 12.65406302 13.08769427 12.64202904 12.79808349 12.79899748
 13.20896166 12.63570201 13.1261785  12.63305592 12.76133036 12.93094723
 12.84542983 12.82158658 12.63358551 13.00285181 12.86101291 12.86743311
 12.80763998 12.68285933 12.80310028 13.11166725 13.00138334 12.89019741
 12.99028629 12.95764718 12.78195812 12.68285933 12.90671348 12.81845398
 12.846738   12.64202904 12.74126363 12.84412005 12.74415307 12.82959743
 12.64097695 12.67060482 12.94361182 12.97979538 12.84586615 12.68082595
 12.73643096 13.06428328 12.92374439 13.05746021 12.94675016 12.82737852
 12.6467526  12.65302149 13.00285181 12.85455001 12.79945414 12.83004066
 12.83710513 12.66752094 12.85238626 12.8784615  12.67060482 12.77497076
 12.92855276 12.78612842 12.89186222 12.80582655 12.81215973 12.86615246
 13.06699562 12.80673362 12.99843847 12.90998196 12.80219005 12.63781476
 12.78843822 13.21390292 12.98505708 12.93413021 12.91810251 12.79762617
 12.94046249 12.85281935 12.68184302 13.01233424 13.01811563 12.93730201
 12.79120316 12.86572531 12.6741925  12.80219005 13.10010269 13.04502564
 12.88852974 12.91405114 12.7489519  12.84847931 12.82069252 12.66236299
 12.9009661  12.65718237 12.70698353 12.81396199 12.82915413 12.69799654
 12.66752094 12.73546187 13.10847332 12.92735308 12.85455001 13.12116456
 12.72962927 12.83886363 12.8040098  12.733521   12.85368503 12.71983962
 12.63675877 12.64150303 12.83754504 12.96611513 12.66236299 12.63570201
 12.82024524 12.846738   12.65770155 12.84061887 12.66649114 13.00651175
 12.66339649 12.86358609 12.79396071 12.66339649 12.73449188 12.79212306
 12.73011654 12.85541415 12.69498507 12.960736   12.94282554 13.4079243
 12.6351732  12.77916879 12.83842421 13.01991388 12.78936059 12.63675877
 12.80945026 13.12492839 12.7838136  12.96112133 12.83269571 12.71983962
 13.08107921 12.80628027 12.83666516 12.9009661  12.72474515 12.91810251
 12.67470406 12.65510379 12.74847288 12.86828597 13.06156132 12.96993702
 12.87508159 12.960736   12.98280611 13.16148677 13.04153619 12.93888357
 12.87508159 12.65822034 12.86144222 12.65197887 12.81934989 12.81125739
 13.06834821 13.2332786  12.65302149 13.04780592 12.82737852 12.960736
 13.00906426 12.94282554 12.66132872 13.01739513 13.22259069 12.63358551
 12.88769481 13.11927522 12.96841033 13.05402602 12.90425464 13.11990552
 12.82559993 12.84586615 12.80582655 13.03943529 12.77823726 12.8592937
 12.76038317 12.97146112 12.94870588 12.94831517 13.03097512 12.66442891
 12.64465557 13.00942813 12.83710513 13.13301497 12.78751483 12.88518548
 12.78751483 13.03521646 12.90589464 13.07037268 13.30488539 12.76887763
 12.71095494 12.8640143  12.97525945 12.78195812 12.89019741 12.86743311
 12.91729366 12.84061887 12.76887763 12.86657955 12.81845398 12.90507498
 12.91405114 12.95919297 12.91729366 12.98954124 12.77075616 12.90014209
 12.78659087 12.81934989 12.87253879 12.6488459  12.80673362 13.09522952
 12.66029352] 319
glb= [12.65718237 12.66649114 13.10204297 12.84499345 12.68082595 12.9767742
 12.67009142 12.88308925 12.70449422 12.88518548 12.63358551 12.67674832
 12.81755721 12.67060482 12.85886333 12.94831517 12.6798078  12.64832292
 12.63992377 12.97298248 12.6798078  12.92374439 12.63543761 12.79166322
 12.63728689 12.8784615  12.77637203 12.81845398 12.9638138  12.67265628
 12.81755721 12.6488459  12.66752094 12.7838136  12.87930454 12.87296303
 13.08505527 12.85281935 12.92213598 12.63358551 12.90507498 12.83534368
 12.81351178 13.03309866 12.63252594 12.68285933 12.63728689 12.63570201
 13.17905045 12.63252594 12.6383424  13.06631848 12.80491861 12.9245476
 12.63305592 12.82292614 12.75990932 13.06224266 13.02457094 12.63781476
 12.77309969 12.73739916 12.6351732  12.87508159 12.80854548 12.79304225
 12.6467526  12.9245476  12.90014209 12.89849189 12.846738   12.89103016
 12.82158658 12.86529779 12.81306121 12.79762617 12.86785972 12.66339649
 12.84368303 12.65406302 13.08769427 12.64202904 12.79808349 12.79899748
 13.20896166 12.63570201 13.1261785  12.63305592 12.76133036 12.93094723
 12.84542983 12.82158658 12.63358551 13.00285181 12.86101291 12.86743311
 12.80763998 12.68285933 12.80310028 13.11166725 13.00138334 12.89019741
 12.99028629 12.95764718 12.78195812 12.68285933 12.90671348 12.81845398
 12.846738   12.64202904 12.74126363 12.84412005 12.74415307 12.82959743
 12.64097695 12.67060482 12.94361182 12.97979538 12.84586615 12.68082595
 12.73643096 13.06428328 12.92374439 13.05746021 12.94675016 12.82737852
 12.6467526  12.65302149 13.00285181 12.85455001 12.79945414 12.83004066
 12.83710513 12.66752094 12.85238626 12.8784615  12.67060482 12.77497076
 12.92855276 12.78612842 12.89186222 12.80582655 12.81215973 12.86615246
 13.06699562 12.80673362 12.99843847 12.90998196 12.80219005 12.63781476
 12.78843822 13.21390292 12.98505708 12.93413021 12.91810251 12.79762617
 12.94046249 12.85281935 12.68184302 13.01233424 13.01811563 12.93730201
 12.79120316 12.86572531 12.6741925  12.80219005 13.10010269 13.04502564
 12.88852974 12.91405114 12.7489519  12.84847931 12.82069252 12.66236299
 12.9009661  12.65718237 12.70698353 12.81396199 12.82915413 12.69799654
 12.66752094 12.73546187 13.10847332 12.92735308 12.85455001 13.12116456
 12.72962927 12.83886363 12.8040098  12.733521   12.85368503 12.71983962
 12.63675877 12.64150303 12.83754504 12.96611513 12.66236299 12.63570201
 12.82024524 12.846738   12.65770155 12.84061887 12.66649114 13.00651175
 12.66339649 12.86358609 12.79396071 12.66339649 12.73449188 12.79212306
 12.73011654 12.85541415 12.69498507 12.960736   12.94282554 13.4079243
 12.6351732  12.77916879 12.83842421 13.01991388 12.78936059 12.63675877
 12.80945026 13.12492839 12.7838136  12.96112133 12.83269571 12.71983962
 13.08107921 12.80628027 12.83666516 12.9009661  12.72474515 12.91810251
 12.67470406 12.65510379 12.74847288 12.86828597 13.06156132 12.96993702
 12.87508159 12.960736   12.98280611 13.16148677 13.04153619 12.93888357
 12.87508159 12.65822034 12.86144222 12.65197887 12.81934989 12.81125739
 13.06834821 13.2332786  12.65302149 13.04780592 12.82737852 12.960736
 13.00906426 12.94282554 12.66132872 13.01739513 13.22259069 12.63358551
 12.88769481 13.11927522 12.96841033 13.05402602 12.90425464 13.11990552
 12.82559993 12.84586615 12.80582655 13.03943529 12.77823726 12.8592937
 12.76038317 12.97146112 12.94870588 12.94831517 13.03097512 12.66442891
 12.64465557 13.00942813 12.83710513 13.13301497 12.78751483 12.88518548
 12.78751483 13.03521646 12.90589464 13.07037268 13.30488539 12.76887763
 12.71095494 12.8640143  12.97525945 12.78195812 12.89019741 12.86743311
 12.91729366 12.84061887 12.76887763 12.86657955 12.81845398 12.90507498
 12.91405114 12.95919297 12.91729366 12.98954124 12.77075616 12.90014209
 12.78659087 12.81934989 12.87253879 12.6488459  12.80673362 13.09522952
 12.66029352] 319
bidsort lists= 319 319
 319
SNAP 45
EPS 0.1373898592403714
galrad= 0.01
!!! agesel
Found 553 stars.
Rotated pos.
Rotated vel.
Calculating circularities
dty= [12.65197887 12.76133036 12.80582655 12.86358609 12.92374439 12.55316925
 12.8784615  13.05402602 12.9009661  12.7489519  12.59156249 12.84542983
 12.56665545 12.59347912 12.81215973 12.85238626 12.86743311 12.58964283
 12.56777302 12.66132872 12.73011654 12.55034159 13.00651175 12.8592937
 12.84061887 12.54694033 12.85281935 13.06156132 12.79396071 12.83622483
 12.73739916 12.54694033 12.81351178 12.90507498 13.10204297 12.94046249
 13.05126762 12.93413021 12.91405114 12.89019741 12.6003004  12.77497076
 12.9638138  12.82158658 12.84061887 12.60301843 12.79762617 12.9245476
 12.80854548 12.58055353 12.80310028 12.82959743 12.78936059 12.84499345
 12.94675016 12.85281935 12.71983962 12.60789588 12.76227667 13.08107921
 12.68184302 12.82915413 12.68285933 12.91810251 12.85455001 12.75990932
 12.79120316 12.58772028 12.99843847 12.7838136  12.66339649 12.79304225
 12.93730201 12.81845398 12.83886363 12.82737852 12.56777302 12.77916879
 12.88308925 12.93094723 12.59211045 12.56441757 13.12492839 12.88518548
 12.57111947 13.17905045 12.71983962 12.62747993 12.92374439 12.79212306
 12.57667733 12.97979538 12.83754504 12.63728689 12.85886333 12.84586615
 12.86101291 12.59648519 12.82158658 12.76133036 12.57944717 12.80491861
 12.9767742  12.92855276 12.85455001 12.74126363 12.59757642 12.63781476
 12.81755721 13.02457094 12.78195812 12.95764718 12.79166322 13.06631848
 12.62880996 12.83666516 12.55429842 12.58110627 12.9245476  12.58964283
 12.66752094 12.59975617 12.80673362 12.63358551 12.8784615  12.58221102
 13.06224266 12.60843654 12.56105344 13.08505527 12.846738   12.58607013
 12.54637254 12.80763998 12.56777302 12.59539286 12.92213598 12.67060482
 13.20896166 12.57556778 12.89269345 12.5835906  12.59320549 12.61920176
 12.55599052 12.86058338 12.61329267 12.89103016 12.59265817 12.86785972
 12.55655402 12.58991736 12.55429842 12.58165876 12.59757642 12.79762617
 12.61194563 12.9009661  13.00651175 12.64045048 12.83710513 12.89518293
 12.82292614 12.56329727 12.58276304 12.58221102 12.82024524 12.59156249
 12.56665545 12.60356139 12.58331482 12.60627214 12.60518852 12.56777302
 12.59211045] 175
glb= [12.65197887 12.76133036 12.80582655 12.86358609 12.92374439 12.55316925
 12.8784615  13.05402602 12.9009661  12.7489519  12.59156249 12.84542983
 12.56665545 12.59347912 12.81215973 12.85238626 12.86743311 12.58964283
 12.56777302 12.66132872 12.73011654 12.55034159 13.00651175 12.8592937
 12.84061887 12.54694033 12.85281935 13.06156132 12.79396071 12.83622483
 12.73739916 12.54694033 12.81351178 12.90507498 13.10204297 12.94046249
 13.05126762 12.93413021 12.91405114 12.89019741 12.6003004  12.77497076
 12.9638138  12.82158658 12.84061887 12.60301843 12.79762617 12.9245476
 12.80854548 12.58055353 12.80310028 12.82959743 12.78936059 12.84499345
 12.94675016 12.85281935 12.71983962 12.60789588 12.76227667 13.08107921
 12.68184302 12.82915413 12.68285933 12.91810251 12.85455001 12.75990932
 12.79120316 12.58772028 12.99843847 12.7838136  12.66339649 12.79304225
 12.93730201 12.81845398 12.83886363 12.82737852 12.56777302 12.77916879
 12.88308925 12.93094723 12.59211045 12.56441757 13.12492839 12.88518548
 12.57111947 13.17905045 12.71983962 12.62747993 12.92374439 12.79212306
 12.57667733 12.97979538 12.83754504 12.63728689 12.85886333 12.84586615
 12.86101291 12.59648519 12.82158658 12.76133036 12.57944717 12.80491861
 12.9767742  12.92855276 12.85455001 12.74126363 12.59757642 12.63781476
 12.81755721 13.02457094 12.78195812 12.95764718 12.79166322 13.06631848
 12.62880996 12.83666516 12.55429842 12.58110627 12.9245476  12.58964283
 12.66752094 12.59975617 12.80673362 12.63358551 12.8784615  12.58221102
 13.06224266 12.60843654 12.56105344 13.08505527 12.846738   12.58607013
 12.54637254 12.80763998 12.56777302 12.59539286 12.92213598 12.67060482
 13.20896166 12.57556778 12.89269345 12.5835906  12.59320549 12.61920176
 12.55599052 12.86058338 12.61329267 12.89103016 12.59265817 12.86785972
 12.55655402 12.58991736 12.55429842 12.58165876 12.59757642 12.79762617
 12.61194563 12.9009661  13.00651175 12.64045048 12.83710513 12.89518293
 12.82292614 12.56329727 12.58276304 12.58221102 12.82024524 12.59156249
 12.56665545 12.60356139 12.58331482 12.60627214 12.60518852 12.56777302
 12.59211045] 175
bidsort lists= 175 175
 175
SNAP 46
EPS 0.03634695124701971
galrad= 0.01
!!! agesel
Found 731 stars.
Rotated pos.
Rotated vel.
Calculating circularities
dty= [12.45953934 12.91405114 12.9009661  12.55316925 12.77916879 12.54694033
 12.93730201 13.05402602 12.49128455 12.78936059 12.86358609 12.81215973
 12.49009992 12.65197887 12.83710513 12.85281935 12.51126444 12.93413021
 12.56777302 12.733521   12.92374439 13.06156132 13.08107921 12.80582655
 12.46558566 12.83754504 12.49778124 12.68184302 12.50717531 12.94046249
 12.8592937  12.54239127 12.46196105 12.51534117 12.46317031 12.76133036
 12.7489519  12.80219005 12.80628027 13.00651175 12.49837029 12.54864205
 12.71983962 12.46135596 12.82915413 12.85238626 12.83622483 12.66132872
 12.4793917  12.52461234 12.79212306 12.79120316 12.92294066 12.77497076
 12.53267145 12.83666516 12.51126444 12.73739916 12.6003004  12.79304225
 12.49719195 12.9638138  13.1261785  12.86743311 12.79396071 12.50951353
 12.46256572 13.12492839 12.84542983 12.76133036 12.51301314 12.50600455
 12.94831517 12.50483297 13.05126762 12.73011654 12.50892934 12.45953934
 12.84061887 12.68285933 12.49954764 12.81845398 12.56665545 12.45953934
 12.46377448 12.80854548 12.8784615  13.0345111  12.91810251 12.71983962
 12.85021768 12.64202904 12.7838136  12.52864806 12.9767742  12.82737852
 12.53496499 12.82158658 13.06631848 12.54352999 12.59921155 12.53553781
 12.91729366 12.70698353 12.50658997 12.79762617 12.81351178 12.99843847
 12.59757642 12.46196105 12.51708437 12.82959743 12.47879437 12.98954124
 12.63146543 12.59893913 12.50307342 12.48832112 12.95764718 12.75990932
 12.94831517 12.51592248 12.79166322 12.54750786 12.83842421 12.46256572
 12.58221102 12.5383979  12.92374439 12.55034159 12.80036683 12.82158658
 12.91405114 12.93730201 12.98804909 12.46920058 12.61973762 13.17905045
 12.84586615 12.54694033 12.74415307 12.68691542 12.82737852 12.9245476
 12.80491861 12.83269571 12.85455001 12.51534117 12.74511459 13.06292352
 12.53954003 12.9245476  12.80763998 12.67674832 12.6798078  12.80310028
 12.70449422 12.76227667 13.04293388 12.55542678 12.84061887 12.46317031
 12.51417765 12.53496499 12.58772028 12.90507498 12.846738   12.65770155
 12.66649114 12.46075078 12.51359543 12.846738   12.6003004  12.46920058
 12.64832292 12.56665545 12.96688089 12.51009731 13.10204297 12.47280614
 12.960736   12.92855276 12.84368303 12.58496872 12.58964283 12.66339649
 12.57972387 12.83886363 12.65718237 12.93094723 12.74126363 12.81755721
 12.46859883 12.85281935 12.53725463 12.59156249 12.59347912 12.86101291
 12.53267145 12.53954003 12.46498224 12.81755721 12.54466774 12.54523625
 12.53381879 12.90998196 12.80945026 12.5133043  12.8784615  12.97979538
 12.85886333 12.67009142 12.80673362 12.86572531 12.6798078  12.87296303
 13.00870005 12.93809319 13.02457094 12.46437841 12.5315233  12.84847931
 12.63252594 12.89019741 12.66752094 12.82069252 12.52345701 12.77637203
 13.07037268 12.61625076 12.57362357 12.48594557 12.94675016 12.91079714
 12.51998494 12.6383424  12.63781476 12.84499345 12.57944717 12.78612842
 12.55599052 12.83710513 12.66236299 12.48237479 12.67060482 12.78195812
 12.93094723 12.77823726 12.61410009 12.62747993 13.10590801 12.90261179
 12.8597237  12.46196105 12.85455001 12.56777302 12.54694033 12.96993702
 13.09522952 12.55599052 12.49365065 12.53381879 12.90014209 12.92213598
 12.83181145 12.89103016 12.47879437 12.51650355 12.76699572 12.51824544
 12.58991736 12.97525945 12.77309969 12.58496872 12.56777302 12.78195812
 12.6467526  13.13301497 12.68082595 12.98730212 12.56217584 12.49305945
 12.68082595 12.47640221 12.76887763 12.50248652 12.63992377 12.80582655
 12.86529779 12.9009661  12.79808349 12.66339649 12.61920176 12.46558566
 12.83004066 12.55090767 12.48950724 12.83092648 12.77075616 12.63675877
 12.51301314 12.53954003 12.50131164 12.84412005 12.60789588 13.20896166
 12.53725463 12.66752094 12.58441766 12.73546187 13.10010269 12.56553707
 12.69598981 12.48237479 12.65510379 12.97298248 12.76038317 12.93730201
 12.51126444 12.62880996 12.64150303 12.66854983 13.15672382 12.86785972
 12.48118237 12.90589464 12.63728689 12.93254012 13.00285181 12.61383097
 12.6741925  12.61383097 12.63358551 12.62134347 12.46135596 12.92935168
 13.03168359 12.50013594 12.72278561 12.80219005 12.61759308 12.93730201
 12.66287986 12.67060482 12.94282554 12.63675877 13.2332786  12.46859883
 12.83710513 12.51998494 12.81125739 12.82292614 12.4716054  12.87338722
 12.61759308 12.56385746 12.51824544 12.87508159 13.08901027 13.02170831
 12.510681   12.65614346 12.51184764 12.52461234 12.90425464 12.58551954
 12.846738   13.30079018 12.64989115 12.9977006  12.52807231 12.59757642
 12.55373395 12.48356605 12.66029352 12.62508248 12.93611394 12.90794057
 12.64465557 12.53267145 13.00138334 12.89683884 12.57111947 12.94439743
 12.6351732  12.53209758 12.47280614 12.9910307  12.85886333 12.61329267
 13.10847332 13.12116456 12.52807231 12.61705627 12.61598212 12.78751483
 12.91729366 12.6488459  12.65666311 12.55655402 12.50600455 12.66029352
 12.48950724 12.64518018 12.5315233  12.50366024 12.65666311 12.88518548
 12.49778124 12.46196105 12.51534117 13.09425104 12.90671348 12.50366024
 12.68285933 12.49187648 12.51650355 12.49069236 12.52114323 13.37845586
 12.51417765 12.53267145 12.8597237  12.55090767 12.55090767 12.54068135
 12.74126363 12.94675016 12.56553707 12.51534117 12.54864205 12.51882552
 12.52114323 12.54523625 12.48594557 12.56665545 12.54296075 12.53381879
 13.06122031 12.9498774 ] 440
glb= [12.45953934 12.91405114 12.9009661  12.55316925 12.77916879 12.54694033
 12.93730201 13.05402602 12.49128455 12.78936059 12.86358609 12.81215973
 12.49009992 12.65197887 12.83710513 12.85281935 12.51126444 12.93413021
 12.56777302 12.733521   12.92374439 13.06156132 13.08107921 12.80582655
 12.46558566 12.83754504 12.49778124 12.68184302 12.50717531 12.94046249
 12.8592937  12.54239127 12.46196105 12.51534117 12.46317031 12.76133036
 12.7489519  12.80219005 12.80628027 13.00651175 12.49837029 12.54864205
 12.71983962 12.46135596 12.82915413 12.85238626 12.83622483 12.66132872
 12.4793917  12.52461234 12.79212306 12.79120316 12.92294066 12.77497076
 12.53267145 12.83666516 12.51126444 12.73739916 12.6003004  12.79304225
 12.49719195 12.9638138  13.1261785  12.86743311 12.79396071 12.50951353
 12.46256572 13.12492839 12.84542983 12.76133036 12.51301314 12.50600455
 12.94831517 12.50483297 13.05126762 12.73011654 12.50892934 12.45953934
 12.84061887 12.68285933 12.49954764 12.81845398 12.56665545 12.45953934
 12.46377448 12.80854548 12.8784615  13.0345111  12.91810251 12.71983962
 12.85021768 12.64202904 12.7838136  12.52864806 12.9767742  12.82737852
 12.53496499 12.82158658 13.06631848 12.54352999 12.59921155 12.53553781
 12.91729366 12.70698353 12.50658997 12.79762617 12.81351178 12.99843847
 12.59757642 12.46196105 12.51708437 12.82959743 12.47879437 12.98954124
 12.63146543 12.59893913 12.50307342 12.48832112 12.95764718 12.75990932
 12.94831517 12.51592248 12.79166322 12.54750786 12.83842421 12.46256572
 12.58221102 12.5383979  12.92374439 12.55034159 12.80036683 12.82158658
 12.91405114 12.93730201 12.98804909 12.46920058 12.61973762 13.17905045
 12.84586615 12.54694033 12.74415307 12.68691542 12.82737852 12.9245476
 12.80491861 12.83269571 12.85455001 12.51534117 12.74511459 13.06292352
 12.53954003 12.9245476  12.80763998 12.67674832 12.6798078  12.80310028
 12.70449422 12.76227667 13.04293388 12.55542678 12.84061887 12.46317031
 12.51417765 12.53496499 12.58772028 12.90507498 12.846738   12.65770155
 12.66649114 12.46075078 12.51359543 12.846738   12.6003004  12.46920058
 12.64832292 12.56665545 12.96688089 12.51009731 13.10204297 12.47280614
 12.960736   12.92855276 12.84368303 12.58496872 12.58964283 12.66339649
 12.57972387 12.83886363 12.65718237 12.93094723 12.74126363 12.81755721
 12.46859883 12.85281935 12.53725463 12.59156249 12.59347912 12.86101291
 12.53267145 12.53954003 12.46498224 12.81755721 12.54466774 12.54523625
 12.53381879 12.90998196 12.80945026 12.5133043  12.8784615  12.97979538
 12.85886333 12.67009142 12.80673362 12.86572531 12.6798078  12.87296303
 13.00870005 12.93809319 13.02457094 12.46437841 12.5315233  12.84847931
 12.63252594 12.89019741 12.66752094 12.82069252 12.52345701 12.77637203
 13.07037268 12.61625076 12.57362357 12.48594557 12.94675016 12.91079714
 12.51998494 12.6383424  12.63781476 12.84499345 12.57944717 12.78612842
 12.55599052 12.83710513 12.66236299 12.48237479 12.67060482 12.78195812
 12.93094723 12.77823726 12.61410009 12.62747993 13.10590801 12.90261179
 12.8597237  12.46196105 12.85455001 12.56777302 12.54694033 12.96993702
 13.09522952 12.55599052 12.49365065 12.53381879 12.90014209 12.92213598
 12.83181145 12.89103016 12.47879437 12.51650355 12.76699572 12.51824544
 12.58991736 12.97525945 12.77309969 12.58496872 12.56777302 12.78195812
 12.6467526  13.13301497 12.68082595 12.98730212 12.56217584 12.49305945
 12.68082595 12.47640221 12.76887763 12.50248652 12.63992377 12.80582655
 12.86529779 12.9009661  12.79808349 12.66339649 12.61920176 12.46558566
 12.83004066 12.55090767 12.48950724 12.83092648 12.77075616 12.63675877
 12.51301314 12.53954003 12.50131164 12.84412005 12.60789588 13.20896166
 12.53725463 12.66752094 12.58441766 12.73546187 13.10010269 12.56553707
 12.69598981 12.48237479 12.65510379 12.97298248 12.76038317 12.93730201
 12.51126444 12.62880996 12.64150303 12.66854983 13.15672382 12.86785972
 12.48118237 12.90589464 12.63728689 12.93254012 13.00285181 12.61383097
 12.6741925  12.61383097 12.63358551 12.62134347 12.46135596 12.92935168
 13.03168359 12.50013594 12.72278561 12.80219005 12.61759308 12.93730201
 12.66287986 12.67060482 12.94282554 12.63675877 13.2332786  12.46859883
 12.83710513 12.51998494 12.81125739 12.82292614 12.4716054  12.87338722
 12.61759308 12.56385746 12.51824544 12.87508159 13.08901027 13.02170831
 12.510681   12.65614346 12.51184764 12.52461234 12.90425464 12.58551954
 12.846738   13.30079018 12.64989115 12.9977006  12.52807231 12.59757642
 12.55373395 12.48356605 12.66029352 12.62508248 12.93611394 12.90794057
 12.64465557 12.53267145 13.00138334 12.89683884 12.57111947 12.94439743
 12.6351732  12.53209758 12.47280614 12.9910307  12.85886333 12.61329267
 13.10847332 13.12116456 12.52807231 12.61705627 12.61598212 12.78751483
 12.91729366 12.6488459  12.65666311 12.55655402 12.50600455 12.66029352
 12.48950724 12.64518018 12.5315233  12.50366024 12.65666311 12.88518548
 12.49778124 12.46196105 12.51534117 13.09425104 12.90671348 12.50366024
 12.68285933 12.49187648 12.51650355 12.49069236 12.52114323 13.37845586
 12.51417765 12.53267145 12.8597237  12.55090767 12.55090767 12.54068135
 12.74126363 12.94675016 12.56553707 12.51534117 12.54864205 12.51882552
 12.52114323 12.54523625 12.48594557 12.56665545 12.54296075 12.53381879
 13.06122031 12.9498774 ] 440
bidsort lists= 440 440
 440
SNAP 47
EPS 0.08156144505025409
galrad= 0.01
!!! agesel
Found 830 stars.
Rotated pos.
Rotated vel.
Calculating circularities
dty= [12.48832112 12.83710513 13.06292352 12.76133036 12.82915413 12.68285933
 12.42270078 12.80628027 12.46317031 12.97525945 12.51417765 12.85281935
 12.42704867 12.83622483 12.66854983 12.48950724 12.96688089 12.9498774
 12.41896339 12.530374   12.93730201 12.9638138  12.733521   12.9009661
 12.8592937  12.55542678 12.53954003 12.51301314 12.83357912 12.50951353
 12.42952715 13.05126762 12.76227667 12.4430818  12.66287986 12.48237479
 12.36138528 12.64202904 12.50013594 12.53954003 12.91729366 12.66132872
 12.960736   13.00285181 12.79396071 12.91405114 12.86358609 12.396332
 12.4332369  12.82959743 12.79212306 12.55316925 12.40957707 12.9009661
 13.00870005 12.77916879 12.49009992 12.78936059 12.51534117 12.35976201
 12.45953934 12.83754504 12.93094723 12.93730201 12.59921155 12.43878314
 12.37848171 12.68691542 12.80310028 12.61383097 12.42052188 12.39949657
 12.7489519  12.54694033 12.74511459 12.98954124 12.54694033 12.52864806
 12.56553707 12.49128455 12.55599052 12.74415307 12.70698353 13.00651175
 12.71983962 13.08107921 13.06156132 12.83092648 12.6798078  12.36235826
 12.38360422 12.91405114 12.4716054  12.41896339 12.59757642 12.55090767
 12.83269571 12.89683884 12.7838136  12.38232518 12.80219005 12.84061887
 12.56777302 12.84586615 12.85021768 12.82737852 12.56665545 12.73011654
 12.46920058 12.83710513 12.83181145 12.66752094 12.56217584 12.94831517
 12.71983962 12.44522621 12.86743311 12.8597237  12.42021026 12.84542983
 12.82158658 12.80036683 12.81215973 12.4350881  12.61383097 12.42332282
 12.65197887 13.03168359 12.46135596 12.64832292 12.51126444 12.50717531
 12.58441766 12.93611394 12.53381879 12.48237479 12.53496499 12.53954003
 12.61167603 12.46437841 12.40894908 13.05402602 12.44553223 13.1261785
 12.70449422 12.37140904 12.47640221 12.6003004  12.65770155 12.94675016
 12.86785972 12.51650355 12.44981026 12.90794057 12.77497076 12.46558566
 12.90261179 12.82069252 12.53725463 13.02457094 12.846738   12.8784615
 12.50248652 12.51534117 12.43014621 12.41833957 12.53496499 12.53381879
 12.46558566 12.6383424  12.80673362 12.39442989 12.78195812 12.92374439
 12.46256572 12.79762617 12.50892934 12.53267145 12.73739916 12.47280614
 12.39696546 12.66339649 12.49601245 13.09522952 12.46135596 13.10590801
 12.93413021 12.78612842 12.92294066 12.40391541 12.39886431 12.38424318
 12.58772028 12.85238626 12.40706356 12.54068135 12.55034159 12.80582655
 12.54466774 12.51592248 12.94831517 12.61598212 12.60193196 12.60464643
 12.83710513 12.42083332 12.57972387 12.44981026 12.59757642 12.92213598
 12.77075616 12.89103016 12.90425464 13.13301497 12.49719195 12.75990932
 12.6003004  12.54239127 12.51126444 12.42145612 12.4424684  12.4424684
 12.39188987 12.87296303 13.0345111  12.79304225 12.38615867 12.94046249
 12.46498224 12.4393979  12.6467526  12.49778124 12.57944717 12.57362357
 12.84061887 12.55768044 12.38040469 12.68082595 12.61410009 13.20896166
 13.06631848 12.81845398 12.43755253 12.68285933 12.41646641 13.06224266
 12.76887763 12.68184302 12.6798078  12.5383979  12.37462823 12.41833957
 12.80582655 12.90998196 12.37205343 12.62134347 12.67009142 12.46256572
 12.91729366 12.63252594 12.44062699 12.81755721 12.5315233  12.97979538
 12.89019741 12.61759308 12.79120316 12.55880574 12.846738   12.84847931
 12.43632074 12.36170963 12.530374   12.82737852 12.82292614 12.42145612
 12.40265439 12.76133036 12.84368303 12.60301843 12.52345701 12.59921155
 12.61329267 12.66649114 12.50600455 12.43693685 12.48356605 12.54694033
 12.58496872 13.07037268 12.4504203  12.36170963 12.65718237 12.36268237
 12.54920886 12.53267145 12.37719836 12.61920176 12.64465557 12.82158658
 12.51708437 12.92855276 12.53553781 12.81351178 12.51998494 12.83886363
 12.91810251 12.61625076 12.41646641 12.5257667  12.83666516 12.3937954
 12.80763998 12.54352999 12.365597   12.45589899 12.85281935 12.42704867
 12.68285933 12.41771549 12.45711345 12.41833957 12.45468336 12.4152163
 12.59893913 12.86101291 12.54523625 12.38360422 12.44675577 12.45224891
 12.56609646 12.74126363 12.50131164 12.50483297 12.67060482 12.85455001
 12.56777302 12.46558566 12.55599052 13.12492839 12.42207866 12.78195812
 12.41459078 12.37140904 12.40611975 12.44981026 12.90014209 12.44001257
 12.46196105 12.72278561 12.79762617 12.54637254 12.52922372 12.64150303
 12.4424684  12.42332282 12.530374   12.80854548 12.68082595 12.39061823
 12.60843654 12.38488188 12.53954003 12.80945026 12.76038317 12.38488188
 12.38488188 12.98730212 12.93809319 12.45529122 12.81125739 12.81755721
 12.51534117 12.58991736 12.365597   12.86828597 12.43632074 13.08505527
 12.73546187 12.49837029 12.56105344 12.54864205 12.36689053 12.52461234
 12.84412005 13.04293388 12.58221102 12.99843847 12.98804909 12.86572531
 12.47879437 12.846738   12.45953934 12.56665545 12.46437841 12.43076486
 12.89269345 12.37719836 12.80491861 12.85455001 12.55993007 12.46075078
 12.61973762 12.67674832 12.44430752 12.51126444 12.38934555 12.51708437
 12.43261927 12.93094723 12.86529779 12.61920176 12.40863496 12.39759867
 12.61329267 13.17905045 12.68285933 12.76699572 12.49954764 12.43693685
 12.40517558 12.59265817 12.5888193  12.54352999 12.53267145 12.37462823
 12.38934555 12.37976401 12.77637203 12.58662047 12.40391541 12.57111947
 12.68082595 12.4007605  12.63146543 12.43385411 12.37527115 12.59757642
 12.40706356 12.39569828 12.96993702 12.4424684  12.41145917 12.43755253
 12.63675877 12.84499345 12.95764718 12.58991736 12.39125418 12.50189921
 13.15672382 12.45346672 12.67060482 12.61759308 12.58221102 12.69598981
 12.38168528 12.3937954  12.36494984 12.548075   12.3950643  12.40517558
 12.50541889 12.41333897 12.55768044 12.83004066 12.48118237 12.83842421
 12.42145612 12.54750786 12.58936845 12.36947432 12.46196105 12.91079714
 12.9767742  12.42518689 12.51824544 12.4152163  12.40863496 12.5744571
 12.63781476 12.54637254 12.46196105 12.510681   12.40391541 12.43755253
 12.38807151 12.35976201 12.66236299 12.43878314 12.55429842 12.51475945
 12.41208614 12.46196105 12.51359543 12.54523625 12.45224891 12.39316048
 12.48297046 12.42642833 12.5257667  12.36170963 12.51301314 12.41208614
 12.46317031 12.47879437 12.396332   12.44124099 12.39316048 12.65718237
 12.90178928 12.56385746 12.43755253 12.48118237 12.46859883 12.3925253
 12.92615172 12.4152163  12.44369479 12.67674832 12.54068135 12.50307342
 12.52749631 12.44124099 12.50717531 12.46196105 12.38998202 12.52807231
 12.69799654 12.45224891 12.92935168 12.49778124 12.35911233 12.69498507
 12.58276304 12.36041159 12.59156249 12.53209758 13.00651175 12.54182154
 12.4424684  12.51417765 12.3950643  12.40391541 12.44369479 12.40265439
 12.43138325 12.50366024 12.43138325 12.37591381 12.38870866 12.8640143
 12.4350881  12.39759867 12.36753691 12.52518973 12.51475945 12.44001257
 12.53611038 12.58991736 12.36106074 12.3950643  12.3937954  12.53725463
 12.65510379 12.43632074 12.5383979  12.49305945 12.52922372 12.93254012
 12.93730201 12.96993702 12.42394443 13.30079018 13.33256859 12.36882872
 12.49187648 12.45468336 12.43138325 12.36235826 12.3937954  12.365597
 12.48950724 12.38615867 12.50131164 12.36818303 12.36430242 12.37527115
 12.55599052 12.42766876 12.57944717 12.44858925 12.42021026 12.51882552
 12.48475631 12.51417765 12.36947432 12.44553223 12.95609864 12.55768044
 12.37462823 12.49778124 12.43755253 12.43261927 12.44001257 12.37784025
 12.38296483 12.47100465 12.37591381 12.3909363  12.66649114 12.43632074
 12.54296075 12.38743427 12.56329727 12.37269756 12.4424684  12.56777302
 12.40643438 12.36300663 12.40233882 12.46075078 12.58662047 12.38998202
 12.45711345 12.48356605 12.36430242 12.969174   12.67878889 12.60247523
 12.893524   12.36300663 12.55880574 12.51301314 12.37205343 12.38232518
 12.48118237 12.60356139 12.38168528 12.78751483 12.50483297 12.36882872
 12.87296303 12.77356782 12.36300663 12.48950724 12.48832112 12.92133077
 12.57111947 12.59484649 12.88769481 12.38488188 12.60084454 12.54920886
 12.67776906 12.38615867 12.58772028 12.54750786 12.4152163  12.36170963
 12.98730212 12.59812175 12.45346672 12.38615867 12.3925253  12.62348141
 12.5888193  12.38360422 12.50248652 12.40643438 12.55542678 12.80673362
 12.67572665 12.61490701 12.56553707 12.3707644  12.58607013 12.5888193
 12.41020464 12.46196105 12.45224891 12.94361182 12.61275397 12.52403488
 12.63728689 12.90507498 12.59429973 12.96611513 12.38998202 12.5910143
 12.60843654 12.59539286 12.62668143 12.38488188 12.42642833 12.62880996
 12.68184302 12.59648519 12.67368056 12.47040349 12.94361182 12.87592767
 12.64465557 12.44369479 12.413965   12.401392   12.41020464 12.401392  ] 708
glb= [12.48832112 12.83710513 13.06292352 12.76133036 12.82915413 12.68285933
 12.42270078 12.80628027 12.46317031 12.97525945 12.51417765 12.85281935
 12.42704867 12.83622483 12.66854983 12.48950724 12.96688089 12.9498774
 12.41896339 12.530374   12.93730201 12.9638138  12.733521   12.9009661
 12.8592937  12.55542678 12.53954003 12.51301314 12.83357912 12.50951353
 12.42952715 13.05126762 12.76227667 12.4430818  12.66287986 12.48237479
 12.36138528 12.64202904 12.50013594 12.53954003 12.91729366 12.66132872
 12.960736   13.00285181 12.79396071 12.91405114 12.86358609 12.396332
 12.4332369  12.82959743 12.79212306 12.55316925 12.40957707 12.9009661
 13.00870005 12.77916879 12.49009992 12.78936059 12.51534117 12.35976201
 12.45953934 12.83754504 12.93094723 12.93730201 12.59921155 12.43878314
 12.37848171 12.68691542 12.80310028 12.61383097 12.42052188 12.39949657
 12.7489519  12.54694033 12.74511459 12.98954124 12.54694033 12.52864806
 12.56553707 12.49128455 12.55599052 12.74415307 12.70698353 13.00651175
 12.71983962 13.08107921 13.06156132 12.83092648 12.6798078  12.36235826
 12.38360422 12.91405114 12.4716054  12.41896339 12.59757642 12.55090767
 12.83269571 12.89683884 12.7838136  12.38232518 12.80219005 12.84061887
 12.56777302 12.84586615 12.85021768 12.82737852 12.56665545 12.73011654
 12.46920058 12.83710513 12.83181145 12.66752094 12.56217584 12.94831517
 12.71983962 12.44522621 12.86743311 12.8597237  12.42021026 12.84542983
 12.82158658 12.80036683 12.81215973 12.4350881  12.61383097 12.42332282
 12.65197887 13.03168359 12.46135596 12.64832292 12.51126444 12.50717531
 12.58441766 12.93611394 12.53381879 12.48237479 12.53496499 12.53954003
 12.61167603 12.46437841 12.40894908 13.05402602 12.44553223 13.1261785
 12.70449422 12.37140904 12.47640221 12.6003004  12.65770155 12.94675016
 12.86785972 12.51650355 12.44981026 12.90794057 12.77497076 12.46558566
 12.90261179 12.82069252 12.53725463 13.02457094 12.846738   12.8784615
 12.50248652 12.51534117 12.43014621 12.41833957 12.53496499 12.53381879
 12.46558566 12.6383424  12.80673362 12.39442989 12.78195812 12.92374439
 12.46256572 12.79762617 12.50892934 12.53267145 12.73739916 12.47280614
 12.39696546 12.66339649 12.49601245 13.09522952 12.46135596 13.10590801
 12.93413021 12.78612842 12.92294066 12.40391541 12.39886431 12.38424318
 12.58772028 12.85238626 12.40706356 12.54068135 12.55034159 12.80582655
 12.54466774 12.51592248 12.94831517 12.61598212 12.60193196 12.60464643
 12.83710513 12.42083332 12.57972387 12.44981026 12.59757642 12.92213598
 12.77075616 12.89103016 12.90425464 13.13301497 12.49719195 12.75990932
 12.6003004  12.54239127 12.51126444 12.42145612 12.4424684  12.4424684
 12.39188987 12.87296303 13.0345111  12.79304225 12.38615867 12.94046249
 12.46498224 12.4393979  12.6467526  12.49778124 12.57944717 12.57362357
 12.84061887 12.55768044 12.38040469 12.68082595 12.61410009 13.20896166
 13.06631848 12.81845398 12.43755253 12.68285933 12.41646641 13.06224266
 12.76887763 12.68184302 12.6798078  12.5383979  12.37462823 12.41833957
 12.80582655 12.90998196 12.37205343 12.62134347 12.67009142 12.46256572
 12.91729366 12.63252594 12.44062699 12.81755721 12.5315233  12.97979538
 12.89019741 12.61759308 12.79120316 12.55880574 12.846738   12.84847931
 12.43632074 12.36170963 12.530374   12.82737852 12.82292614 12.42145612
 12.40265439 12.76133036 12.84368303 12.60301843 12.52345701 12.59921155
 12.61329267 12.66649114 12.50600455 12.43693685 12.48356605 12.54694033
 12.58496872 13.07037268 12.4504203  12.36170963 12.65718237 12.36268237
 12.54920886 12.53267145 12.37719836 12.61920176 12.64465557 12.82158658
 12.51708437 12.92855276 12.53553781 12.81351178 12.51998494 12.83886363
 12.91810251 12.61625076 12.41646641 12.5257667  12.83666516 12.3937954
 12.80763998 12.54352999 12.365597   12.45589899 12.85281935 12.42704867
 12.68285933 12.41771549 12.45711345 12.41833957 12.45468336 12.4152163
 12.59893913 12.86101291 12.54523625 12.38360422 12.44675577 12.45224891
 12.56609646 12.74126363 12.50131164 12.50483297 12.67060482 12.85455001
 12.56777302 12.46558566 12.55599052 13.12492839 12.42207866 12.78195812
 12.41459078 12.37140904 12.40611975 12.44981026 12.90014209 12.44001257
 12.46196105 12.72278561 12.79762617 12.54637254 12.52922372 12.64150303
 12.4424684  12.42332282 12.530374   12.80854548 12.68082595 12.39061823
 12.60843654 12.38488188 12.53954003 12.80945026 12.76038317 12.38488188
 12.38488188 12.98730212 12.93809319 12.45529122 12.81125739 12.81755721
 12.51534117 12.58991736 12.365597   12.86828597 12.43632074 13.08505527
 12.73546187 12.49837029 12.56105344 12.54864205 12.36689053 12.52461234
 12.84412005 13.04293388 12.58221102 12.99843847 12.98804909 12.86572531
 12.47879437 12.846738   12.45953934 12.56665545 12.46437841 12.43076486
 12.89269345 12.37719836 12.80491861 12.85455001 12.55993007 12.46075078
 12.61973762 12.67674832 12.44430752 12.51126444 12.38934555 12.51708437
 12.43261927 12.93094723 12.86529779 12.61920176 12.40863496 12.39759867
 12.61329267 13.17905045 12.68285933 12.76699572 12.49954764 12.43693685
 12.40517558 12.59265817 12.5888193  12.54352999 12.53267145 12.37462823
 12.38934555 12.37976401 12.77637203 12.58662047 12.40391541 12.57111947
 12.68082595 12.4007605  12.63146543 12.43385411 12.37527115 12.59757642
 12.40706356 12.39569828 12.96993702 12.4424684  12.41145917 12.43755253
 12.63675877 12.84499345 12.95764718 12.58991736 12.39125418 12.50189921
 13.15672382 12.45346672 12.67060482 12.61759308 12.58221102 12.69598981
 12.38168528 12.3937954  12.36494984 12.548075   12.3950643  12.40517558
 12.50541889 12.41333897 12.55768044 12.83004066 12.48118237 12.83842421
 12.42145612 12.54750786 12.58936845 12.36947432 12.46196105 12.91079714
 12.9767742  12.42518689 12.51824544 12.4152163  12.40863496 12.5744571
 12.63781476 12.54637254 12.46196105 12.510681   12.40391541 12.43755253
 12.38807151 12.35976201 12.66236299 12.43878314 12.55429842 12.51475945
 12.41208614 12.46196105 12.51359543 12.54523625 12.45224891 12.39316048
 12.48297046 12.42642833 12.5257667  12.36170963 12.51301314 12.41208614
 12.46317031 12.47879437 12.396332   12.44124099 12.39316048 12.65718237
 12.90178928 12.56385746 12.43755253 12.48118237 12.46859883 12.3925253
 12.92615172 12.4152163  12.44369479 12.67674832 12.54068135 12.50307342
 12.52749631 12.44124099 12.50717531 12.46196105 12.38998202 12.52807231
 12.69799654 12.45224891 12.92935168 12.49778124 12.35911233 12.69498507
 12.58276304 12.36041159 12.59156249 12.53209758 13.00651175 12.54182154
 12.4424684  12.51417765 12.3950643  12.40391541 12.44369479 12.40265439
 12.43138325 12.50366024 12.43138325 12.37591381 12.38870866 12.8640143
 12.4350881  12.39759867 12.36753691 12.52518973 12.51475945 12.44001257
 12.53611038 12.58991736 12.36106074 12.3950643  12.3937954  12.53725463
 12.65510379 12.43632074 12.5383979  12.49305945 12.52922372 12.93254012
 12.93730201 12.96993702 12.42394443 13.30079018 13.33256859 12.36882872
 12.49187648 12.45468336 12.43138325 12.36235826 12.3937954  12.365597
 12.48950724 12.38615867 12.50131164 12.36818303 12.36430242 12.37527115
 12.55599052 12.42766876 12.57944717 12.44858925 12.42021026 12.51882552
 12.48475631 12.51417765 12.36947432 12.44553223 12.95609864 12.55768044
 12.37462823 12.49778124 12.43755253 12.43261927 12.44001257 12.37784025
 12.38296483 12.47100465 12.37591381 12.3909363  12.66649114 12.43632074
 12.54296075 12.38743427 12.56329727 12.37269756 12.4424684  12.56777302
 12.40643438 12.36300663 12.40233882 12.46075078 12.58662047 12.38998202
 12.45711345 12.48356605 12.36430242 12.969174   12.67878889 12.60247523
 12.893524   12.36300663 12.55880574 12.51301314 12.37205343 12.38232518
 12.48118237 12.60356139 12.38168528 12.78751483 12.50483297 12.36882872
 12.87296303 12.77356782 12.36300663 12.48950724 12.48832112 12.92133077
 12.57111947 12.59484649 12.88769481 12.38488188 12.60084454 12.54920886
 12.67776906 12.38615867 12.58772028 12.54750786 12.4152163  12.36170963
 12.98730212 12.59812175 12.45346672 12.38615867 12.3925253  12.62348141
 12.5888193  12.38360422 12.50248652 12.40643438 12.55542678 12.80673362
 12.67572665 12.61490701 12.56553707 12.3707644  12.58607013 12.5888193
 12.41020464 12.46196105 12.45224891 12.94361182 12.61275397 12.52403488
 12.63728689 12.90507498 12.59429973 12.96611513 12.38998202 12.5910143
 12.60843654 12.59539286 12.62668143 12.38488188 12.42642833 12.62880996
 12.68184302 12.59648519 12.67368056 12.47040349 12.94361182 12.87592767
 12.64465557 12.44369479 12.413965   12.401392   12.41020464 12.401392  ] 708
bidsort lists= 708 708
 708
SNAP 48
EPS 0.11893297924878865
galrad= 0.01
!!! agesel
Found 1481 stars.
Rotated pos.
Rotated vel.
Calculating circularities
dty= [12.28109852 12.28519692 12.65718237 ... 13.2422156  12.85757141
 12.83534368] 1488
glb= [12.28109852 12.28519692 12.65718237 ... 13.2422156  12.85757141
 12.83534368] 1488
bidsort lists= 1488 1488
 1488
SNAP 49
EPS 0.13332643212283257
galrad= 0.01
!!! agesel
Found 1514 stars.
Rotated pos.
Rotated vel.
Calculating circularities
dty= [12.2058221  12.30114605 12.28451458 ... 12.19899854 12.16629041
 12.19323048] 2386
glb= [12.2058221  12.30114605 12.28451458 ... 12.19899854 12.16629041
 12.19323048] 2386
bidsort lists= 2386 2386
 2386
SNAP 50
EPS 0.02792804135449562
galrad= 0.01
!!! agesel
Found 1050 stars.
Rotated pos.
Rotated vel.
Calculating circularities
dty= [12.60735482 12.28519692 13.12367596 ... 12.85455001 12.6592574
 13.12742647] 3079
glb= [12.60735482 12.28519692 13.12367596 ... 12.85455001 12.6592574
 13.12742647] 3079
bidsort lists= 3079 3079
 3079
SNAP 51
EPS 0.20963502605619322
galrad= 0.01
!!! agesel
Found 1559 stars.
Rotated pos.
Rotated vel.
Calculating circularities
dty= [12.03441429 12.12355393 12.78195812 ... 12.74990912 12.14858253
 12.37140904] 7102
glb= [12.03441429 12.12355393 12.78195812 ... 12.74990912 12.14858253
 12.37140904] 7102
bidsort lists= 7102 7102
 7102
SNAP 52
EPS 0.10601599713674006
galrad= 0.01
!!! agesel
Found 4289 stars.
Rotated pos.
Rotated vel.
Calculating circularities
dty= [11.83165677 11.81510934 11.76079583 ... 11.889704   12.11260712
 12.40643438] 11205
glb= [11.83165677 11.81510934 11.76079583 ... 11.889704   12.11260712
 12.40643438] 11205
bidsort lists= 11205 11205
 11205
SNAP 53
EPS 0.021983100146614983
galrad= 0.01
!!! agesel
Found 4639 stars.
Rotated pos.
Rotated vel.
Calculating circularities
dty= [12.0024871  11.63269663 11.91051458 ... 12.22753912 13.04293388
 12.27355691] 17384
glb= [12.0024871  11.63269663 11.91051458 ... 12.22753912 13.04293388
 12.27355691] 17384
bidsort lists= 17384 17384
 17384
SNAP 54
EPS 0.04534082210939053
galrad= 0.01
!!! agesel
Found 11141 stars.
Rotated pos.
Rotated vel.
Calculating circularities
dty= [11.83560818 11.44394829 11.68276707 ... 12.69799654 12.4770007
 11.77823124] 33395
glb= [11.83560818 11.44394829 11.68276707 ... 12.69799654 12.4770007
 11.77823124] 33395
bidsort lists= 33395 33395
 33395
SNAP 55
EPS 0.04559822345833996
galrad= 0.01
!!! agesel
Found 10682 stars.
Rotated pos.
Rotated vel.
Calculating circularities
dty= [11.44995022 11.43956775 11.42841826 ... 12.0213115  12.44430752
 11.34051845] 57601
glb= [11.44995022 11.43956775 11.42841826 ... 12.0213115  12.44430752
 11.34051845] 57601
bidsort lists= 57601 57601
 57601
SNAP 56
EPS 0.09023564542240772
galrad= 0.01
!!! agesel
Found 14938 stars.
Rotated pos.
Rotated vel.
Calculating circularities
dty= [13.21280826 11.1899284  13.38561584 ... 13.18480208 12.29471817
 12.32758821] 70863
glb= [13.21280826 11.1899284  13.38561584 ... 13.18480208 12.29471817
 12.32758821] 70863
bidsort lists= 70863 70863
 70863
SNAP 57
EPS 0.08570583309735698
galrad= 0.01
!!! agesel
Found 7903 stars.
Rotated pos.
Rotated vel.
Calculating circularities
dty= [11.19201684 11.38224176 11.1969799  ... 12.17799342 12.94046249
 12.9910307 ] 85821
glb= [11.19201684 11.38224176 11.1969799  ... 12.17799342 12.94046249
 12.9910307 ] 85821
bidsort lists= 85821 85821
 85821
SNAP 58
EPS 0.05867372165867763
galrad= 0.01
!!! agesel
Found 7577 stars.
Rotated pos.
Rotated vel.
Calculating circularities
dty= [11.69944209 11.16423057 10.99743357 ... 12.48118237 12.15228686
 12.6351732 ] 106289
glb= [11.69944209 11.16423057 10.99743357 ... 12.48118237 12.15228686
 12.6351732 ] 106289
bidsort lists= 106289 106289
 106289
SNAP 59
EPS 0.057821599052494656
galrad= 0.01
!!! agesel
Found 18086 stars.
Rotated pos.
Rotated vel.
Calculating circularities
dty= [11.01434823 13.21280826 11.33370264 ... 11.84479859 11.8665135
 12.17288353] 128120
glb= [11.01434823 13.21280826 11.33370264 ... 11.84479859 11.8665135
 12.17288353] 128120
bidsort lists= 128120 128120
 128120
SNAP 60
EPS 0.10416879807962506
galrad= 0.01
!!! agesel
Found 18643 stars.
Rotated pos.
Rotated vel.
Calculating circularities
dty= [13.21280826 11.1969799  11.38291131 ... 12.03283111 11.4365558
 12.21902912] 159588
glb= [13.21280826 11.1969799  11.38291131 ... 12.03283111 11.4365558
 12.21902912] 159588
bidsort lists= 159588 159588
 159588
SNAP 61
EPS -0.006888097341465617
galrad= 0.01
!!! agesel
Found 8763 stars.
Rotated pos.
Rotated vel.
Calculating circularities
dty= [10.67186068 11.38291131 10.67408427 ... 12.17945066 12.00971917
 10.48615198] 175457
glb= [10.67186068 11.38291131 10.67408427 ... 12.17945066 12.00971917
 10.48615198] 175457
bidsort lists= 175457 175457
 175457
SNAP 62
EPS 0.03704227361796072
galrad= 0.01
!!! agesel
Found 13900 stars.
Rotated pos.
Rotated vel.
Calculating circularities
dty= [13.21280826 11.1969799  11.33942939 ... 11.76102318 12.92052474
 12.00971917] 198173
glb= [13.21280826 11.1969799  11.33942939 ... 11.76102318 12.92052474
 12.00971917] 198173
bidsort lists= 198173 198173
 198173
SNAP 63
EPS 0.08427860740313842
galrad= 0.01
!!! agesel
Found 15720 stars.
Rotated pos.
Rotated vel.
Calculating circularities
dty= [13.38561584 11.33942939 10.69126909 ... 11.27866034 11.99118128
 12.01532449] 221812
glb= [13.38561584 11.33942939 10.69126909 ... 11.27866034 11.99118128
 12.01532449] 221812
bidsort lists= 221812 221812
 221812
SNAP 64
EPS 0.1353579478957545
galrad= 0.01
!!! agesel
Found 18268 stars.
Rotated pos.
Rotated vel.
Calculating circularities
dty= [11.1969799  13.21280826 11.17656643 ... 11.31080636 12.49895909
 12.05721757] 252887
glb= [11.1969799  13.21280826 11.17656643 ... 11.31080636 12.49895909
 12.05721757] 252887
bidsort lists= 252887 252887
 252887
SNAP 65
EPS 0.19254639809125165
galrad= 0.01
!!! agesel
Found 16331 stars.
Rotated pos.
Rotated vel.
Calculating circularities
dty= [11.35856103 11.33942939 11.35538225 ... 11.97163954 11.15775025
 12.43878314] 274269
glb= [11.35856103 11.33942939 11.35538225 ... 11.97163954 11.15775025
 12.43878314] 274269
bidsort lists= 274269 274269
 274269
SNAP 66
EPS 0.25387798052446797
galrad= 0.010118828713893892
!!! agesel
Found 14700 stars.
Rotated pos.
Rotated vel.
Calculating circularities
dty= [11.33942939 11.19144102 11.1969799  ... 12.74126363 11.20171901
 11.89311673] 304197
glb= [11.33942939 11.19144102 11.1969799  ... 12.74126363 11.20171901
 11.89311673] 304197
bidsort lists= 304197 304197
 304197
SNAP 67
EPS 0.3068687421209461
galrad= 0.010399527847766876
!!! agesel
Found 16023 stars.
Rotated pos.
Rotated vel.
Calculating circularities
dty= [10.69126909 13.38561584 13.21280826 ... 10.49625483 11.30639616
 10.94970878] 328760
glb= [10.69126909 13.38561584 13.21280826 ... 10.49625483 11.30639616
 10.94970878] 328760
bidsort lists= 328760 328760
 328760
SNAP 68
EPS 0.34560503608496806
galrad= 0.01070053204894066
!!! agesel
Found 15277 stars.
Rotated pos.
Rotated vel.
Calculating circularities
dty= [10.58197917 11.02559615 10.90987872 ... 11.02765743 10.77959109
 11.15483283] 354065
glb= [10.58197917 11.02559615 10.90987872 ... 11.02765743 10.77959109
 11.15483283] 354065
bidsort lists= 354065 354065
 354065
SNAP 69
EPS 0.37669774016626617
galrad= 0.01100555881857872
!!! agesel
Found 17171 stars.
Rotated pos.
Rotated vel.
Calculating circularities
dty= [13.38561584 11.30777521 11.33942939 ... 12.04230997 12.80673362
 11.79529898] 381849
glb= [13.38561584 11.30777521 11.33942939 ... 12.04230997 12.80673362
 11.79529898] 381849
bidsort lists= 381849 381849
 381849
SNAP 70
EPS 0.4181325784771578
galrad= 0.011270999163389207
!!! agesel
Found 15191 stars.
Rotated pos.
Rotated vel.
Calculating circularities
dty= [13.38561584 11.33942939 10.58197917 ... 11.91178157 11.85003146
 12.80582655] 408509
glb= [13.38561584 11.33942939 10.58197917 ... 11.91178157 11.85003146
 12.80582655] 408509
bidsort lists= 408509 408509
 408509
SNAP 71
EPS 0.4509711351198847
galrad= 0.01149277910590172
!!! agesel
Found 18349 stars.
Rotated pos.
Rotated vel.
Calculating circularities
dty= [11.02559615 10.58197917 13.38561584 ... 12.893524   11.22002227
 11.20171901]