loading halo 20 level 4
/eagle/projects/Auriga/Auriga/level4/Original/mergertrees/Au-20/trees_sf1_127
Hubble parameter= 0.6777
There are 651 trees in file /eagle/projects/Auriga/Auriga/level4/Original/mergertrees/Au-20/trees_sf1_127.0.hdf5
Loading desc (Descendant) for blockname /Tree0.
Loading fnum (FileNr) for blockname /Tree0.
Loading fhfg (FirstHaloInFOFGroup) for blockname /Tree0.
Loading fpin (FirstProgenitor) for blockname /Tree0.
Loading fmc2 (Group_M_Crit200) for blockname /Tree0.
Loading fmm2 (Group_M_Mean200) for blockname /Tree0.
Loading fmt2 (Group_M_TopHat200) for blockname /Tree0.
Loading frc2 (Group_R_Crit200) for blockname /Tree0.
Loading nhfg (NextHaloInFOFGroup) for blockname /Tree0.
Loading npin (NextProgenitor) for blockname /Tree0.
Loading snum (SnapNum) for blockname /Tree0.
Loading sbhm (SubhaloBHMass) for blockname /Tree0.
Loading sbhd (SubhaloBHMdot) for blockname /Tree0.
Loading sgmt (SubhaloGasMetallicity) for blockname /Tree0.
Loading sgmf (SubhaloGasMetallicitySfr) for blockname /Tree0.
Loading sgnr (SubhaloGrNr) for blockname /Tree0.
Loading shmt (SubhaloHalfmassRadType) for blockname /Tree0.
Key SubhaloIDMostBound not found in conversion table, skipping.
Loading slen (SubhaloLen) for blockname /Tree0.
Loading slty (SubhaloLenType) for blockname /Tree0.
Loading smit (SubhaloMassInRadType) for blockname /Tree0.
Loading smty (SubhaloMassType) for blockname /Tree0.
Loading sbnr (SubhaloNumber) for blockname /Tree0.
Loading soty (SubhaloOffsetType) for blockname /Tree0.
Loading spos (SubhaloPos) for blockname /Tree0.
Loading ssfr (SubhaloSFR) for blockname /Tree0.
Loading ssfi (SubhaloSFRinRad) for blockname /Tree0.
Loading sspi (SubhaloSpin) for blockname /Tree0.
Loading ssmt (SubhaloStarMetallicity) for blockname /Tree0.
Loading ssph (SubhaloStellarPhotometrics) for blockname /Tree0.
Loading svmx (SubhaloVMax) for blockname /Tree0.
Loading svel (SubhaloVel) for blockname /Tree0.
Loading svdi (SubhaloVelDisp) for blockname /Tree0.
galrad= 0.01
!!! agesel
Found 7 stars.
Rotated pos.
Rotated vel.
Calculating circularities
dty= [13.41239825] 1
glb= [13.41239825] 1
bidsort lists= 1 1
 1
SNAP 30
EPS 1.0
galrad= 0.01
!!! agesel
Found 10 stars.
Rotated pos.
Rotated vel.
Calculating circularities
dty= [13.3848259] 1
glb= [13.3848259] 1
bidsort lists= 1 1
 1
SNAP 31
EPS 1.0
galrad= 0.01
!!! agesel
Found 28 stars.
Rotated pos.
Rotated vel.
Calculating circularities
dty= [] 0
glb= [] 0
bidsort lists= 0 0
 0
SNAP 32
EPS nan
galrad= 0.01
!!! agesel
Found 39 stars.
Rotated pos.
Rotated vel.
Calculating circularities
dty= [13.33652773 13.37036504] 2
glb= [13.33652773 13.37036504] 2
bidsort lists= 2 2
 2
SNAP 33
EPS -86.10815964598713
galrad= 0.01
!!! agesel
Found 50 stars.
Rotated pos.
Rotated vel.
Calculating circularities
dty= [13.37036504 13.40036104] 2
glb= [13.37036504 13.40036104] 2
bidsort lists= 2 2
 2
SNAP 34
EPS 1.0959462440808294
galrad= 0.01
!!! agesel
Found 76 stars.
Rotated pos.
Rotated vel.
Calculating circularities
dty= [13.24741012 13.28493556 13.32589945 13.23486552 13.23802674 13.39149574
 13.24533783 13.25409453 13.3848259  13.24792704 13.24792704 13.2632236 ] 12
glb= [13.24741012 13.28493556 13.32589945 13.23486552 13.23802674 13.39149574
 13.24533783 13.25409453 13.3848259  13.24792704 13.24792704 13.2632236 ] 12
bidsort lists= 12 12
 12
SNAP 35
EPS -0.08451936542003849
galrad= 0.01
!!! agesel
Found 91 stars.
Rotated pos.
Rotated vel.
Calculating circularities
dty= [13.3848259  13.3848259  13.19276924 13.20509117 13.20841022] 5
glb= [13.3848259  13.3848259  13.19276924 13.20509117 13.20841022] 5
bidsort lists= 5 5
 5
SNAP 36
EPS -1.3541271071282481
galrad= 0.01
!!! agesel
Found 97 stars.
Rotated pos.
Rotated vel.
Calculating circularities
dty= [13.17149676 13.15432962 13.19446366 13.18594629 13.17557491 13.3848259
 13.15011937 13.18193265 13.16856828 13.15702249 13.18078128 13.3848259
 13.15011937 13.18537446 13.23115613 13.18993517 13.23802674 13.19615362
 13.24689273 13.21988895 13.24012485 13.37036504 13.25409453 13.26070234
 13.16503694 13.17557491 13.34348858 13.42265406 13.37036504 13.18135718] 30
glb= [13.17149676 13.15432962 13.19446366 13.18594629 13.17557491 13.3848259
 13.15011937 13.18193265 13.16856828 13.15702249 13.18078128 13.3848259
 13.15011937 13.18537446 13.23115613 13.18993517 13.23802674 13.19615362
 13.24689273 13.21988895 13.24012485 13.37036504 13.25409453 13.26070234
 13.16503694 13.17557491 13.34348858 13.42265406 13.37036504 13.18135718] 30
bidsort lists= 30 30
 30
SNAP 37
EPS 0.01212317282572875
galrad= 0.01
!!! agesel
Found 175 stars.
Rotated pos.
Rotated vel.
Calculating circularities
dty= [13.10815313 13.17149676 13.15432962 13.10975256 13.3848259  13.0968575
 13.19446366 13.17557491 13.32589945 13.18594629 13.12929426 13.18193265
 13.13053669 13.09555543 13.47598411 13.15011937 13.3848259  13.11039133
 13.16856828 13.15702249 13.10911327 13.0968575  13.10719177 13.15011937
 13.19952004 13.18078128 13.27220826 13.13917243 13.18537446 13.19615362
 13.12053536 13.11990552 13.24533783 13.22259069 13.37036504 13.11738075
 13.11039133 13.10397805 13.19839991 13.10975256 13.28493556 13.16915504
 13.32410593 13.10719177 13.24741012 13.25050476 13.10975256 13.32589945
 13.21390292 13.21826217 13.33301007 13.20841022 13.39110622 13.38640434
 13.10590801 13.11230432 13.28007512] 57
glb= [13.10815313 13.17149676 13.15432962 13.10975256 13.3848259  13.0968575
 13.19446366 13.17557491 13.32589945 13.18594629 13.12929426 13.18193265
 13.13053669 13.09555543 13.47598411 13.15011937 13.3848259  13.11039133
 13.16856828 13.15702249 13.10911327 13.0968575  13.10719177 13.15011937
 13.19952004 13.18078128 13.27220826 13.13917243 13.18537446 13.19615362
 13.12053536 13.11990552 13.24533783 13.22259069 13.37036504 13.11738075
 13.11039133 13.10397805 13.19839991 13.10975256 13.28493556 13.16915504
 13.32410593 13.10719177 13.24741012 13.25050476 13.10975256 13.32589945
 13.21390292 13.21826217 13.33301007 13.20841022 13.39110622 13.38640434
 13.10590801 13.11230432 13.28007512] 57
bidsort lists= 57 57
 57
SNAP 38
EPS 0.10512953864930898
galrad= 0.01
!!! agesel
Found 212 stars.
Rotated pos.
Rotated vel.
Calculating circularities
dty= [13.3848259  13.0968575  13.19446366 13.09425104 13.11039133 13.10719177
 13.10975256 13.04711185 13.27220826 13.16856828 13.12929426 13.17149676
 13.19839991 13.10815313 13.19952004 13.11674817 13.09229008 13.07440538
 13.07641369 13.12053536 13.10911327 13.04572157 13.15011937 13.09229008
 13.32589945 13.1373309  13.09555543 13.18594629 13.08637593 13.0968575
 13.11990552 13.11039133 13.13053669 13.09425104 13.11484706 13.21390292
 13.12053536 13.04849952 13.23115613 13.28493556 13.06834821 13.18078128
 13.37036504 13.07841678 13.30860183 13.20175441 13.3848259  13.15432962
 13.12804958 13.19615362 13.09261729 13.04641702 13.15011937 13.18537446
 13.10719177 13.13917243 13.47598411 13.25050476 13.17557491 13.147096
 13.06019668 13.38005687 13.15702249 13.18193265 13.07138281 13.23644821
 13.11738075 13.2868677  13.16915504 13.18480208 13.24741012 13.32320683
 13.20231178 13.10397805 13.26422903 13.05540153 13.05814521 13.17847245
 13.31412732 13.23960106 13.07104624 13.07037268 13.22259069 13.10975256
 13.2868677  13.26823276 13.32946736 13.13794528 13.25409453 13.33652773
 13.34693221 13.21988895 13.16444656 13.37036504 13.23697488 13.16856828
 13.26070234 13.21826217 13.06902366 13.225817   13.28396695 13.08901027
 13.27615563 13.09815734 13.09815734 13.07974913] 106
glb= [13.3848259  13.0968575  13.19446366 13.09425104 13.11039133 13.10719177
 13.10975256 13.04711185 13.27220826 13.16856828 13.12929426 13.17149676
 13.19839991 13.10815313 13.19952004 13.11674817 13.09229008 13.07440538
 13.07641369 13.12053536 13.10911327 13.04572157 13.15011937 13.09229008
 13.32589945 13.1373309  13.09555543 13.18594629 13.08637593 13.0968575
 13.11990552 13.11039133 13.13053669 13.09425104 13.11484706 13.21390292
 13.12053536 13.04849952 13.23115613 13.28493556 13.06834821 13.18078128
 13.37036504 13.07841678 13.30860183 13.20175441 13.3848259  13.15432962
 13.12804958 13.19615362 13.09261729 13.04641702 13.15011937 13.18537446
 13.10719177 13.13917243 13.47598411 13.25050476 13.17557491 13.147096
 13.06019668 13.38005687 13.15702249 13.18193265 13.07138281 13.23644821
 13.11738075 13.2868677  13.16915504 13.18480208 13.24741012 13.32320683
 13.20231178 13.10397805 13.26422903 13.05540153 13.05814521 13.17847245
 13.31412732 13.23960106 13.07104624 13.07037268 13.22259069 13.10975256
 13.2868677  13.26823276 13.32946736 13.13794528 13.25409453 13.33652773
 13.34693221 13.21988895 13.16444656 13.37036504 13.23697488 13.16856828
 13.26070234 13.21826217 13.06902366 13.225817   13.28396695 13.08901027
 13.27615563 13.09815734 13.09815734 13.07974913] 106
bidsort lists= 106 106
 106
SNAP 39
EPS -0.01802954514111062
galrad= 0.01
!!! agesel
Found 282 stars.
Rotated pos.
Rotated vel.
Calculating circularities
dty= [13.03062067 13.17557491 12.99880712 12.99084462 12.98954124 13.32589945
 12.99121662 13.10975256 13.18193265 12.98505708 13.3848259  13.03274507
 13.18594629 12.98374468 13.0968575  13.03097512 12.98468233 13.10815313
 13.47598411 12.98355707 13.13053669 13.09261729 13.09229008 13.10911327
 13.17905045 12.98767577 13.10590801 13.19446366 12.99177432 13.15011937
 13.12804958 13.03732867 13.04849952 13.15432962 13.15011937 13.20509117
 13.02528503 13.12053536 13.12929426 13.16856828 13.32946736 13.0968575
 13.15702249 13.18537446 13.09425104 13.18936683 13.03768006 13.02955645
 13.09229008 12.98580611 13.00815351 13.00614661 13.11039133 13.13917243
 13.07841678 13.00942813 13.07641369 13.11738075 13.20730582 12.9965926
 13.02063212 13.33301007 13.10719177 13.07138281 13.11230432 13.20231178
 13.00942813 13.0035851  13.19615362 13.3848259  13.09032394 13.17149676
 13.04641702 13.0259985  13.19952004 13.02528503 13.09425104 13.39110622
 13.06834821 13.10975256 13.18078128 13.27220826 13.10397805 13.03873365
 13.19276924 13.21988895 13.12053536 13.04572157 13.06087924 13.01305916
 13.28007512 12.98505708 13.04711185 13.00064815 13.05402602 13.25409453
 13.07440538 12.99140254 13.11674817 13.00211789 13.01233424 13.20175441
 13.07104624 13.19446366 13.03380512 13.16915504 13.09555543 13.22259069
 13.19502746 13.16148677 13.06156132 13.23115613 13.18708848 13.217719
 13.08373228 13.24689273 13.01015571 13.42768722 13.38640434 13.23802674
 13.21499567 13.02170831 13.37036504 13.24533783 13.00101577 13.24012485
 13.07104624 13.09294433 13.08637593 13.07171926 13.02884611 13.20841022
 13.11990552 13.00064815 13.13794528 13.21390292 12.98599327 13.40036104
 12.99214605 12.99548314 13.11039133 12.9965926  13.27220826 13.32589945
 13.28202448 13.04572157 12.99548314 13.39149574 13.10719177 13.11611501
 13.34693221 13.09425104 13.14527559 13.07373471 13.00431775 13.18993517
 13.16444656 13.08769427 13.21988895 13.07440538 12.99548314 13.14100902
 13.09425104 13.32320683 12.99733151 13.23644821 13.04641702 13.17847245
 13.04013616 13.03873365 12.99251745 13.28493556 13.01233424 13.39266238
 13.01811563 13.07104624 13.01305916 13.21826217 13.12116456 13.01015571
 13.02278292 13.18708848 13.26823276 13.05814521 13.11484706 13.32410593
 13.19839991 13.25050476 13.07974913 13.00942813 13.29166819 13.18480208
 13.17557491 12.99325993 13.21826217 13.01233424 13.16503694 13.01378344
 13.33301007 12.99843847 13.03592106 13.2868677  13.00138334 13.00942813
 13.03097512 13.12742647 13.1373309  13.09425104 12.98730212 13.34478283
 13.0916353  13.09815734 13.00870005 13.24741012 13.32946736 13.07708202
 13.02242491 13.23115613 13.00064815 13.2868677  13.0804145  13.27811886
 13.17673549 13.30860183 13.13978513 13.0949035  13.42265406 13.16739327
 13.33652773 12.98954124 13.4086733  13.34348858 13.07841678 13.14223074
 13.20509117 13.12867218 13.00797134 13.29262323 13.18020483 12.99177432
 13.00431775 13.08637593 12.99474271 12.99696208 13.2591842  13.10204297
 13.00797134 13.27517143 13.09815734 13.09359798 13.01595237 13.31137191
 13.33212675 13.01811563 13.17091212 13.01378344 13.40188447 13.1373309
 13.30395213 13.18480208 13.00870005 13.01667413 13.00064815 13.10010269
 13.03309866 13.03168359 13.01015571 12.99917572 13.11039133 13.00504976
 13.41239825 13.13425084 13.00578114 13.06902366 13.15192696 13.17673549
 13.17441235 13.49136137 13.13855914 13.01088252 13.22688859 13.13855914
 13.10075007 13.00285181 13.28975313 13.04849952 13.09294433 13.0345111
 13.27121705 13.01305916 13.06087924 13.12492839 13.11357683] 293
glb= [13.03062067 13.17557491 12.99880712 12.99084462 12.98954124 13.32589945
 12.99121662 13.10975256 13.18193265 12.98505708 13.3848259  13.03274507
 13.18594629 12.98374468 13.0968575  13.03097512 12.98468233 13.10815313
 13.47598411 12.98355707 13.13053669 13.09261729 13.09229008 13.10911327
 13.17905045 12.98767577 13.10590801 13.19446366 12.99177432 13.15011937
 13.12804958 13.03732867 13.04849952 13.15432962 13.15011937 13.20509117
 13.02528503 13.12053536 13.12929426 13.16856828 13.32946736 13.0968575
 13.15702249 13.18537446 13.09425104 13.18936683 13.03768006 13.02955645
 13.09229008 12.98580611 13.00815351 13.00614661 13.11039133 13.13917243
 13.07841678 13.00942813 13.07641369 13.11738075 13.20730582 12.9965926
 13.02063212 13.33301007 13.10719177 13.07138281 13.11230432 13.20231178
 13.00942813 13.0035851  13.19615362 13.3848259  13.09032394 13.17149676
 13.04641702 13.0259985  13.19952004 13.02528503 13.09425104 13.39110622
 13.06834821 13.10975256 13.18078128 13.27220826 13.10397805 13.03873365
 13.19276924 13.21988895 13.12053536 13.04572157 13.06087924 13.01305916
 13.28007512 12.98505708 13.04711185 13.00064815 13.05402602 13.25409453
 13.07440538 12.99140254 13.11674817 13.00211789 13.01233424 13.20175441
 13.07104624 13.19446366 13.03380512 13.16915504 13.09555543 13.22259069
 13.19502746 13.16148677 13.06156132 13.23115613 13.18708848 13.217719
 13.08373228 13.24689273 13.01015571 13.42768722 13.38640434 13.23802674
 13.21499567 13.02170831 13.37036504 13.24533783 13.00101577 13.24012485
 13.07104624 13.09294433 13.08637593 13.07171926 13.02884611 13.20841022
 13.11990552 13.00064815 13.13794528 13.21390292 12.98599327 13.40036104
 12.99214605 12.99548314 13.11039133 12.9965926  13.27220826 13.32589945
 13.28202448 13.04572157 12.99548314 13.39149574 13.10719177 13.11611501
 13.34693221 13.09425104 13.14527559 13.07373471 13.00431775 13.18993517
 13.16444656 13.08769427 13.21988895 13.07440538 12.99548314 13.14100902
 13.09425104 13.32320683 12.99733151 13.23644821 13.04641702 13.17847245
 13.04013616 13.03873365 12.99251745 13.28493556 13.01233424 13.39266238
 13.01811563 13.07104624 13.01305916 13.21826217 13.12116456 13.01015571
 13.02278292 13.18708848 13.26823276 13.05814521 13.11484706 13.32410593
 13.19839991 13.25050476 13.07974913 13.00942813 13.29166819 13.18480208
 13.17557491 12.99325993 13.21826217 13.01233424 13.16503694 13.01378344
 13.33301007 12.99843847 13.03592106 13.2868677  13.00138334 13.00942813
 13.03097512 13.12742647 13.1373309  13.09425104 12.98730212 13.34478283
 13.0916353  13.09815734 13.00870005 13.24741012 13.32946736 13.07708202
 13.02242491 13.23115613 13.00064815 13.2868677  13.0804145  13.27811886
 13.17673549 13.30860183 13.13978513 13.0949035  13.42265406 13.16739327
 13.33652773 12.98954124 13.4086733  13.34348858 13.07841678 13.14223074
 13.20509117 13.12867218 13.00797134 13.29262323 13.18020483 12.99177432
 13.00431775 13.08637593 12.99474271 12.99696208 13.2591842  13.10204297
 13.00797134 13.27517143 13.09815734 13.09359798 13.01595237 13.31137191
 13.33212675 13.01811563 13.17091212 13.01378344 13.40188447 13.1373309
 13.30395213 13.18480208 13.00870005 13.01667413 13.00064815 13.10010269
 13.03309866 13.03168359 13.01015571 12.99917572 13.11039133 13.00504976
 13.41239825 13.13425084 13.00578114 13.06902366 13.15192696 13.17673549
 13.17441235 13.49136137 13.13855914 13.01088252 13.22688859 13.13855914
 13.10075007 13.00285181 13.28975313 13.04849952 13.09294433 13.0345111
 13.27121705 13.01305916 13.06087924 13.12492839 13.11357683] 293
bidsort lists= 293 293
 293
SNAP 40
EPS 0.11901355715901153
galrad= 0.01
!!! agesel
Found 572 stars.
Rotated pos.
Rotated vel.
Calculating circularities
dty= [12.92514956 12.96898321 13.09229008 13.3848259  12.92615172 13.0968575
 13.03274507 13.03062067 12.99880712 13.16856828 13.00815351 12.99177432
 13.18594629 12.92354355 13.17149676 13.04711185 13.11039133 13.19446366
 13.10719177 13.03097512 13.09425104 13.12929426 12.92715294 12.97298248
 13.02528503 13.10815313 13.04849952 12.96879226 12.98580611 13.07641369
 13.17557491 13.06834821 12.95026746 13.19952004 13.04572157 13.10911327
 13.11674817 12.99084462 13.13053669 12.98954124 12.96802819 12.969174
 13.13917243 12.93749982 12.97696329 13.09261729 12.93591573 13.09229008
 13.10975256 13.32589945 13.09425104 13.02063212 12.93254012 12.9345273
 12.97525945 12.97847492 12.95065746 12.99121662 13.18537446 12.93512262
 13.07440538 12.96419783 12.94223537 13.27220826 12.94046249 13.02170831
 13.12053536 12.95803382 12.94085678 12.93730201 13.18193265 13.0259985
 13.02955645 12.98374468 13.12053536 13.15011937 12.92615172 13.19615362
 12.97960693 13.09555543 12.93927853 13.15011937 12.96764586 13.03768006
 13.0968575  12.93353425 12.94125088 13.24689273 13.47598411 12.960736
 12.9345273  13.15432962 13.19276924 12.95861367 13.18078128 12.98505708
 13.02528503 13.17905045 12.97393199 13.10397805 13.07841678 12.96936477
 12.92615172 13.11990552 12.94714168 13.11039133 13.04641702 13.15702249
 13.10590801 13.11738075 13.12804958 13.20175441 13.00942813 12.93134579
 12.94557455 12.96208384 13.3848259  13.06156132 13.20231178 13.03380512
 12.93611394 12.9965926  12.97165144 13.07104624 12.92374439 12.98355707
 12.96649811 13.24012485 12.95415919 12.96362176 12.97412171 12.96246855
 12.97828608 12.97241232 13.07138281 12.98468233 13.09294433 12.96611513
 13.32946736 12.95512952 13.00064815 12.93730201 12.92675261 12.93413021
 13.17905045 13.28493556 13.33301007 12.93532088 12.98505708 13.18936683
 12.938686   13.00614661 12.9628532  12.9638138  13.00211789 13.18993517
 12.94557455 12.95065746 12.97904106 13.21988895 13.16915504 12.97184175
 13.28202448 13.217719   13.07104624 13.10719177 13.09032394 13.16148677
 13.01811563 12.95318793 13.08637593 13.08769427 12.97260243 12.92173347
 13.37036504 12.95648607 13.52069195 13.11230432 12.97127078 12.93809319
 12.94479    12.9801724  13.01015571 13.39149574 13.01378344 13.00101577
 12.9526046  13.00942813 12.94537847 12.96342971 12.93730201 13.05814521
 12.95435334 12.9965926  12.98299391 12.94714168 12.99325993 13.19839991
 12.9526046  13.20730582 12.99843847 13.07440538 12.97941832 12.94439743
 13.23115613 13.14527559 13.17673549 13.04572157 13.02278292 12.95726034
 13.14100902 12.94772863 13.17847245 12.96035046 13.25050476 12.9756384
 13.39110622 13.20509117 12.99733151 12.95104726 12.94479    12.94635844
 13.17557491 12.96573195 13.05951352 13.21390292 12.95104726 13.21499567
 12.95571115 12.99140254 13.2868677  12.98767577 12.94792411 13.09425104
 13.27220826 12.95338229 13.03873365 13.38640434 12.92975076 12.94105377
 13.20509117 12.92173347 12.92855276 13.23644821 13.20841022 12.92253842
 12.94361182 13.08769427 12.99548314 13.10975256 13.04641702 13.25511606
 13.03097512 13.18480208 13.03592106 12.94675016 13.34348858 12.92775303
 13.13794528 12.93373292 12.93094723 12.93413021 13.09815734 12.94792411
 12.92334256 12.95880678 13.07708202 12.92213598 13.2868677  12.92935168
 13.0491925  12.9526046  12.94772863 12.94596667 12.9345273  13.12867218
 13.11039133 13.00870005 12.98599327 12.92975076 13.04780592 12.94596667
 12.93254012 13.16974123 12.94400479 12.94203861 12.95571115 13.34478283
 12.9345273  12.97753047 13.03592106 13.29166819 13.06087924 13.07974913
 12.94753299 13.09425104 12.93014979 13.04711185 12.94753299 13.23486552
 12.99214605 13.06087924 12.9498774  13.35205193 12.97279239 12.94714168
 13.03168359 12.95571115 13.09815734 13.05402602 13.13548445 12.95182626
 12.93174415 13.04988487 12.95415919 12.9526046  12.95299355 13.33827724
 12.93730201 13.15072241 12.95338229 13.07171926 12.94085678 13.34521344
 13.07974913 12.92655242 12.93888357 12.94006799 13.3020807  13.06902366
 12.93730201 12.92615172 12.93571751 13.13978513 13.13115709 12.94203861
 13.23644821 12.96458165 12.94125088 12.94203861 12.94596667 13.14830696
 12.98355707 12.93967343 12.93967343 12.93413021 12.960736   12.9910307
 13.06224266 12.93413021 12.93730201 12.94831517 13.23221834 12.95377084
 12.95996474 12.95065746 12.94282554 12.99991218 12.96227627 12.98054907] 360
glb= [12.92514956 12.96898321 13.09229008 13.3848259  12.92615172 13.0968575
 13.03274507 13.03062067 12.99880712 13.16856828 13.00815351 12.99177432
 13.18594629 12.92354355 13.17149676 13.04711185 13.11039133 13.19446366
 13.10719177 13.03097512 13.09425104 13.12929426 12.92715294 12.97298248
 13.02528503 13.10815313 13.04849952 12.96879226 12.98580611 13.07641369
 13.17557491 13.06834821 12.95026746 13.19952004 13.04572157 13.10911327
 13.11674817 12.99084462 13.13053669 12.98954124 12.96802819 12.969174
 13.13917243 12.93749982 12.97696329 13.09261729 12.93591573 13.09229008
 13.10975256 13.32589945 13.09425104 13.02063212 12.93254012 12.9345273
 12.97525945 12.97847492 12.95065746 12.99121662 13.18537446 12.93512262
 13.07440538 12.96419783 12.94223537 13.27220826 12.94046249 13.02170831
 13.12053536 12.95803382 12.94085678 12.93730201 13.18193265 13.0259985
 13.02955645 12.98374468 13.12053536 13.15011937 12.92615172 13.19615362
 12.97960693 13.09555543 12.93927853 13.15011937 12.96764586 13.03768006
 13.0968575  12.93353425 12.94125088 13.24689273 13.47598411 12.960736
 12.9345273  13.15432962 13.19276924 12.95861367 13.18078128 12.98505708
 13.02528503 13.17905045 12.97393199 13.10397805 13.07841678 12.96936477
 12.92615172 13.11990552 12.94714168 13.11039133 13.04641702 13.15702249
 13.10590801 13.11738075 13.12804958 13.20175441 13.00942813 12.93134579
 12.94557455 12.96208384 13.3848259  13.06156132 13.20231178 13.03380512
 12.93611394 12.9965926  12.97165144 13.07104624 12.92374439 12.98355707
 12.96649811 13.24012485 12.95415919 12.96362176 12.97412171 12.96246855
 12.97828608 12.97241232 13.07138281 12.98468233 13.09294433 12.96611513
 13.32946736 12.95512952 13.00064815 12.93730201 12.92675261 12.93413021
 13.17905045 13.28493556 13.33301007 12.93532088 12.98505708 13.18936683
 12.938686   13.00614661 12.9628532  12.9638138  13.00211789 13.18993517
 12.94557455 12.95065746 12.97904106 13.21988895 13.16915504 12.97184175
 13.28202448 13.217719   13.07104624 13.10719177 13.09032394 13.16148677
 13.01811563 12.95318793 13.08637593 13.08769427 12.97260243 12.92173347
 13.37036504 12.95648607 13.52069195 13.11230432 12.97127078 12.93809319
 12.94479    12.9801724  13.01015571 13.39149574 13.01378344 13.00101577
 12.9526046  13.00942813 12.94537847 12.96342971 12.93730201 13.05814521
 12.95435334 12.9965926  12.98299391 12.94714168 12.99325993 13.19839991
 12.9526046  13.20730582 12.99843847 13.07440538 12.97941832 12.94439743
 13.23115613 13.14527559 13.17673549 13.04572157 13.02278292 12.95726034
 13.14100902 12.94772863 13.17847245 12.96035046 13.25050476 12.9756384
 13.39110622 13.20509117 12.99733151 12.95104726 12.94479    12.94635844
 13.17557491 12.96573195 13.05951352 13.21390292 12.95104726 13.21499567
 12.95571115 12.99140254 13.2868677  12.98767577 12.94792411 13.09425104
 13.27220826 12.95338229 13.03873365 13.38640434 12.92975076 12.94105377
 13.20509117 12.92173347 12.92855276 13.23644821 13.20841022 12.92253842
 12.94361182 13.08769427 12.99548314 13.10975256 13.04641702 13.25511606
 13.03097512 13.18480208 13.03592106 12.94675016 13.34348858 12.92775303
 13.13794528 12.93373292 12.93094723 12.93413021 13.09815734 12.94792411
 12.92334256 12.95880678 13.07708202 12.92213598 13.2868677  12.92935168
 13.0491925  12.9526046  12.94772863 12.94596667 12.9345273  13.12867218
 13.11039133 13.00870005 12.98599327 12.92975076 13.04780592 12.94596667
 12.93254012 13.16974123 12.94400479 12.94203861 12.95571115 13.34478283
 12.9345273  12.97753047 13.03592106 13.29166819 13.06087924 13.07974913
 12.94753299 13.09425104 12.93014979 13.04711185 12.94753299 13.23486552
 12.99214605 13.06087924 12.9498774  13.35205193 12.97279239 12.94714168
 13.03168359 12.95571115 13.09815734 13.05402602 13.13548445 12.95182626
 12.93174415 13.04988487 12.95415919 12.9526046  12.95299355 13.33827724
 12.93730201 13.15072241 12.95338229 13.07171926 12.94085678 13.34521344
 13.07974913 12.92655242 12.93888357 12.94006799 13.3020807  13.06902366
 12.93730201 12.92615172 12.93571751 13.13978513 13.13115709 12.94203861
 13.23644821 12.96458165 12.94125088 12.94203861 12.94596667 13.14830696
 12.98355707 12.93967343 12.93967343 12.93413021 12.960736   12.9910307
 13.06224266 12.93413021 12.93730201 12.94831517 13.23221834 12.95377084
 12.95996474 12.95065746 12.94282554 12.99991218 12.96227627 12.98054907] 360
bidsort lists= 360 360
 360
SNAP 41
EPS 0.06564280105711987
galrad= 0.01
!!! agesel
Found 231 stars.
Rotated pos.
Rotated vel.
Calculating circularities
dty= [13.31777844 12.89061382 12.9977006  13.36212949 12.87677307 12.89725238
 12.93571751 12.92895225 13.01522998 12.98205436 13.07037268 13.03008869
 12.93690604 13.10655019 12.89331646 13.23115613 12.92775303 12.92133077
 13.1910703  13.00064815 13.18879801 13.01269679 12.8640143  12.94164478
 13.32230612 12.87083999 13.06241296 13.00028019 13.32230612 12.86871217
 13.06087924 12.87083999 13.08604598 13.05951352 13.16267223 12.86743311
 12.91749597 12.86572531 13.03380512 13.3020807  12.86743311 13.02813514
 12.92294066 13.1882287  12.90014209 13.38954446 13.39032602 12.98730212
 12.88350888 13.06902366 13.13239624 13.15072241 13.20564557 12.94518238
 13.15970459 12.9345273  12.99325993 13.39071629 12.94557455 13.25409453
 13.00285181 12.98991387 12.90834914 12.94085678 12.97941832 12.93809319
 12.86956378 13.00285181 12.87211447 13.02849065 12.86187133 12.94675016
 13.13053669 13.09555543 12.92494897 13.40188447 12.97828608 13.07037268
 13.23644821 12.86444229 12.90014209 13.00395159 13.10010269 12.99917572
 13.13855914 13.0380314  12.94518238 12.96688089 13.32185518 13.10333357
 12.89310876 12.96879226 12.93769763 13.10107348 13.09620676 13.11548133
 13.46835715 13.08273845 13.06224266 12.9801724  12.88476653 12.92855276
 13.0035851  12.90425464 12.96726348 12.95163149 12.8860226  13.10430005
 13.00504976 13.30674687 13.03838255 12.91607908 12.92374439 13.26823276
 12.88266956 12.94753299 13.21608644 12.94831517 12.95299355 12.93967343
 12.95571115 13.00064815 12.9843074  13.18308191 12.99806963 12.94164478
 13.16029918 12.95667977 13.25101897 13.05814521 12.98167833 12.97525945
 13.0584875  12.88852974 12.95143686 12.97488045 12.96458165 12.9009661
 12.90384416 13.11484706 12.95996474 13.08868144 12.92294066 13.24792704
 12.87719538 12.93769763 12.91262901 12.94361182 12.95648607 13.28975313
 12.87719538 13.13978513 12.86615246 12.94909654 12.96974643 13.07037268
 12.87508159 13.14830696 12.98842235 12.94518238 12.87423482 12.89019741
 13.00724186 12.87803967 12.91931447 12.97450111 13.03943529 13.0949035
 12.9965926  13.03168359 13.04849952 12.96496529 12.89704569 13.27121705
 12.95919297 12.95803382 12.94046249 13.03838255 12.94164478 13.15672382
 13.21880493 13.01197149 12.98916843 12.96458165 12.87423482 12.88224951
 13.04223534 13.04572157 13.09032394 12.86657955 12.87211447 12.99511302
 12.9009661  13.09588115 12.93888357 12.87592767 13.34607358 13.20951269
 12.949487   12.86743311 13.02457094 12.89683884 12.99954397 12.93571751
 12.88811231 12.86998934 13.05660306 12.95221546 12.96726348 13.21717529
 12.91486281 13.21061318 13.10783284 13.1348679  12.98468233 13.04083655
 12.90507498 12.98655437 12.94596667 13.34693221 12.93054861 13.04118647
 13.1882287  13.39959732 12.98505708 12.96764586 13.02884611 13.0502307
 12.90384416 13.32768657 13.23960106 12.8704147  12.95415919 12.93690604
 12.93730201 13.02742355 13.03168359 12.94753299 12.95454747 12.94753299
 12.97298248 12.9763957  13.01811563 12.87592767 12.96573195 12.8860226
 12.9638138  12.92895225 12.89103016 12.98205436 12.98130211 12.97374212
 13.19276924 12.96227627 13.23115613 12.96688089 13.21061318 13.0380314
 12.98767577 13.02099095 12.9977006  12.93492419 12.89849189 13.0491925
 12.9843074  13.11039133 13.13548445 13.01269679 12.95415919 13.11864427
 13.17383027 12.92895225 13.00175071 12.98130211 12.93333557 12.96112133
 12.87761763 13.05643151 12.97941832 12.88434752 12.98280611 13.00942813
 12.95026746 12.87677307 12.89186222 12.92133077 13.11421221 13.15672382
 13.01522998 13.03521646 13.00175071 13.0453737  13.04293388 13.05505783
 13.00578114 13.05264805 13.00942813 12.86572531 13.00138334 12.97601715
 13.25969068 12.86998934 13.08240688 13.10975256 13.10783284 12.87168981
 13.0857159  12.89186222 12.893524   12.8801469  13.10397805 13.06834821
 13.37965711 13.00797134 12.88098857 13.14770177 12.9638138  12.88434752
 13.3571175  12.8801469  12.92695278 13.3104502  13.2332786 ] 323
glb= [13.31777844 12.89061382 12.9977006  13.36212949 12.87677307 12.89725238
 12.93571751 12.92895225 13.01522998 12.98205436 13.07037268 13.03008869
 12.93690604 13.10655019 12.89331646 13.23115613 12.92775303 12.92133077
 13.1910703  13.00064815 13.18879801 13.01269679 12.8640143  12.94164478
 13.32230612 12.87083999 13.06241296 13.00028019 13.32230612 12.86871217
 13.06087924 12.87083999 13.08604598 13.05951352 13.16267223 12.86743311
 12.91749597 12.86572531 13.03380512 13.3020807  12.86743311 13.02813514
 12.92294066 13.1882287  12.90014209 13.38954446 13.39032602 12.98730212
 12.88350888 13.06902366 13.13239624 13.15072241 13.20564557 12.94518238
 13.15970459 12.9345273  12.99325993 13.39071629 12.94557455 13.25409453
 13.00285181 12.98991387 12.90834914 12.94085678 12.97941832 12.93809319
 12.86956378 13.00285181 12.87211447 13.02849065 12.86187133 12.94675016
 13.13053669 13.09555543 12.92494897 13.40188447 12.97828608 13.07037268
 13.23644821 12.86444229 12.90014209 13.00395159 13.10010269 12.99917572
 13.13855914 13.0380314  12.94518238 12.96688089 13.32185518 13.10333357
 12.89310876 12.96879226 12.93769763 13.10107348 13.09620676 13.11548133
 13.46835715 13.08273845 13.06224266 12.9801724  12.88476653 12.92855276
 13.0035851  12.90425464 12.96726348 12.95163149 12.8860226  13.10430005
 13.00504976 13.30674687 13.03838255 12.91607908 12.92374439 13.26823276
 12.88266956 12.94753299 13.21608644 12.94831517 12.95299355 12.93967343
 12.95571115 13.00064815 12.9843074  13.18308191 12.99806963 12.94164478
 13.16029918 12.95667977 13.25101897 13.05814521 12.98167833 12.97525945
 13.0584875  12.88852974 12.95143686 12.97488045 12.96458165 12.9009661
 12.90384416 13.11484706 12.95996474 13.08868144 12.92294066 13.24792704
 12.87719538 12.93769763 12.91262901 12.94361182 12.95648607 13.28975313
 12.87719538 13.13978513 12.86615246 12.94909654 12.96974643 13.07037268
 12.87508159 13.14830696 12.98842235 12.94518238 12.87423482 12.89019741
 13.00724186 12.87803967 12.91931447 12.97450111 13.03943529 13.0949035
 12.9965926  13.03168359 13.04849952 12.96496529 12.89704569 13.27121705
 12.95919297 12.95803382 12.94046249 13.03838255 12.94164478 13.15672382
 13.21880493 13.01197149 12.98916843 12.96458165 12.87423482 12.88224951
 13.04223534 13.04572157 13.09032394 12.86657955 12.87211447 12.99511302
 12.9009661  13.09588115 12.93888357 12.87592767 13.34607358 13.20951269
 12.949487   12.86743311 13.02457094 12.89683884 12.99954397 12.93571751
 12.88811231 12.86998934 13.05660306 12.95221546 12.96726348 13.21717529
 12.91486281 13.21061318 13.10783284 13.1348679  12.98468233 13.04083655
 12.90507498 12.98655437 12.94596667 13.34693221 12.93054861 13.04118647
 13.1882287  13.39959732 12.98505708 12.96764586 13.02884611 13.0502307
 12.90384416 13.32768657 13.23960106 12.8704147  12.95415919 12.93690604
 12.93730201 13.02742355 13.03168359 12.94753299 12.95454747 12.94753299
 12.97298248 12.9763957  13.01811563 12.87592767 12.96573195 12.8860226
 12.9638138  12.92895225 12.89103016 12.98205436 12.98130211 12.97374212
 13.19276924 12.96227627 13.23115613 12.96688089 13.21061318 13.0380314
 12.98767577 13.02099095 12.9977006  12.93492419 12.89849189 13.0491925
 12.9843074  13.11039133 13.13548445 13.01269679 12.95415919 13.11864427
 13.17383027 12.92895225 13.00175071 12.98130211 12.93333557 12.96112133
 12.87761763 13.05643151 12.97941832 12.88434752 12.98280611 13.00942813
 12.95026746 12.87677307 12.89186222 12.92133077 13.11421221 13.15672382
 13.01522998 13.03521646 13.00175071 13.0453737  13.04293388 13.05505783
 13.00578114 13.05264805 13.00942813 12.86572531 13.00138334 12.97601715
 13.25969068 12.86998934 13.08240688 13.10975256 13.10783284 12.87168981
 13.0857159  12.89186222 12.893524   12.8801469  13.10397805 13.06834821
 13.37965711 13.00797134 12.88098857 13.14770177 12.9638138  12.88434752
 13.3571175  12.8801469  12.92695278 13.3104502  13.2332786 ] 323
bidsort lists= 323 323
 323
SNAP 42
EPS 0.006491931525701607
galrad= 0.01
!!! agesel
Found 412 stars.
Rotated pos.
Rotated vel.
Calculating circularities
dty= [12.97525945 12.96898321 12.87338722 13.09229008 13.07440538 13.17557491
 13.03062067 12.88685905 12.93730201 12.94223537 12.88957241 12.95026746
 13.09425104 12.85821751 13.10815313 13.0968575  13.3848259  12.89331646
 13.10975256 13.09261729 12.88665    12.99880712 12.8197976  12.92715294
 12.9345273  13.12929426 12.93254012 13.03274507 13.02528503 12.8964251
 12.92514956 13.19446366 12.86358609 12.89144629 13.18193265 12.91769826
 12.92615172 12.94006799 12.866793   12.82113958 12.80219005 12.93749982
 13.19276924 13.25307115 13.16856828 12.88685905 13.10397805 12.96246855
 12.92534999 13.32589945 12.96649811 12.80899805 13.00942813 12.92374439
 12.91161179 12.91384814 12.86743311 13.17149676 12.87211447 12.97696329
 12.96208384 13.28493556 13.15432962 12.96764586 12.94557455 12.86657955
 12.8945612  12.93532088 12.87317514 13.13053669 12.96419783 13.21988895
 12.92032309 12.87698416 13.02955645 12.80809284 13.20175441 13.07641369
 13.04572157 13.47598411 12.969174   13.02278292 12.81621052 13.0259985
 12.87317514 12.86700644 12.81261058 12.88998904 12.98954124 12.94046249
 12.93927853 12.97941832 13.03380512 12.98580611 12.88308925 12.94046249
 12.96879226 12.97184175 12.91140819 12.97960693 12.81396199 12.80763998
 13.24689273 12.8803573  12.89725238 12.95803382 12.89766571 13.04711185
 12.83930268 13.18594629 12.90014209 13.00815351 12.93809319 12.88957241
 12.87105254 12.88329915 13.01811563 12.80582655 13.07104624 13.11990552
 12.84499345 13.11039133 12.95726034 12.8964251  12.79304225 12.84280851
 12.94792411 12.97904106 12.92615172 12.86636609 13.07104624 12.93611394
 12.8784615  12.960736   12.9638138  12.99177432 12.938686   13.09229008
 12.82002143 13.11674817 12.83114771 12.800823   12.91222223 13.06834821
 12.94085678 13.02063212 12.91709134 12.91870863 12.96936477 13.05951352
 12.87613912 12.95861367 12.90794057 13.09555543 12.94714168 12.9526046
 12.847609   12.92354355 13.15011937 13.12053536 12.93651002 12.79762617
 12.81688409 13.09294433 12.81035418 13.09425104 13.02528503 12.91181524
 12.87105254 13.06156132 12.98374468 12.86272906 12.87508159 12.95435334
 12.99140254 12.93413021 12.84978333 13.25409453 12.95065746 12.84847931
 13.20231178 13.12804958 12.92012157 13.17905045 12.97847492 12.99084462
 12.94125088 12.94831517 12.94870588 12.98505708 12.96802819 13.10719177
 12.91991974 12.90220064 12.90896174 13.01015571 12.79899748 12.93730201
 12.95512952 12.91059347 12.88685905 13.09032394 12.85907852 12.95104726
 13.16915504 12.90466491 12.8562776  13.17557491 13.27220826 12.87761763
 12.85130254 12.93512262 12.88978081 13.02170831 13.28202448 13.52069195
 12.93611394 13.18078128 12.84149536 13.18936683 12.84934892 12.92012157
 12.99121662 13.39110622 13.08637593 13.10975256 12.94361182 12.97222219
 12.8801469  12.85065167 13.10911327 13.07171926 12.80582655 12.83181145
 12.86657955 13.20175441 12.92775303 12.95415919 12.81890212 12.94125088
 12.90630423 12.95299355 13.19952004 12.85800226 12.93293802 12.97393199
 12.93174415 12.89061382 12.85455001 12.86079815 13.11039133 12.92253842
 13.19615362 12.86615246 12.96227627 12.93353425 12.97298248 12.90916596
 12.81576125 12.81800563 13.10719177 13.03768006 12.89310876 12.87677307
 13.07440538 12.90507498 13.11738075 12.81755721 12.86743311 12.85670908
 12.82247979 12.94714168 13.38640434 13.00064815 12.86871217 13.0968575
 12.95571115 13.18537446 13.07841678 12.9638138  12.95104726 12.91120457
 12.90404948 13.04849952 13.20730582 12.88392831 13.37036504 12.92374439
 12.91120457 12.95803382 12.96821934 12.88894697 13.08769427 12.98299391
 13.01378344 12.87083999 12.8803573  13.11039133 12.82915413 13.12053536
 12.90568975 13.18936683 12.85238626 12.93591573 12.86572531 13.39149574
 12.96266095 12.97165144 12.92173347 12.95065746 12.83490286 12.95318793
 12.8562776  12.80763998 12.93413021 13.27220826 12.98468233 12.90343363
 12.90609937 13.19839991 12.84934892 12.94479    12.95648607 12.88685905
 12.96419783 13.04572157 12.9345273  13.02242491 12.84542983 12.89144629
 13.03097512 13.03097512 13.13917243 13.18993517 12.98767577 12.97279239
 12.8584329  12.93413021 12.89683884 13.11039133 12.99733151 12.79212306
 12.93014979 13.05402602 12.91364499 13.14527559 12.84717353 12.90753165
 13.24012485 12.94105377 12.83886363 13.07138281 12.97715236 13.17905045
 12.9009661  12.9638138  12.95880678 12.84149536 12.79396071 12.93333557
 13.25511606 12.84586615 12.9245476  12.82292614 12.89144629 12.82871047
 12.86657955 12.96342971 13.15702249 12.92815292 12.91079714 12.83048368
 13.03873365 12.99548314 12.9965926  13.04641702 13.16148677 12.83710513
 12.85151932 12.90671348 12.85325237 12.97866374 12.96342971 12.95571115
 13.10590801 12.89103016 12.80219005 12.97412171 12.92975076 12.86529779
 12.95454747 13.15011937 12.9801724  12.82693415 12.80582655 13.00614661
 12.91120457 13.03732867 13.17673549 13.25050476 13.14100902 13.05814521
 12.92675261 12.80628027 12.93532088 12.92615172 13.19050295 13.1373309
 13.20841022 12.85325237 12.96993702 12.87359915 12.86871217 12.88560407
 12.9756384  12.82804472 12.98280611 12.79808349 12.93094723 13.00101577
 12.9009661  12.93730201 12.79166322 12.97828608 13.48283426 12.88852974
 12.90630423 13.04223534 12.86487022 12.86444229 12.80718691 13.00870005
 12.86785972 12.9009661  12.80036683 12.92775303 12.9703183  12.87803967
 12.80446439 12.92855276 13.13794528 12.81215973 13.01015571 13.3848259
 12.96611513 12.80537261 12.91038965 12.85886333 13.20509117 12.98954124
 12.7948783  12.89144629 12.86144222 12.9801724  12.9498774  12.86144222
 12.87508159 12.95919297 12.88560407 12.93134579 12.9628532  12.80854548
 12.87465824 12.94772863 13.32410593 12.80537261 13.32946736 12.98599327
 13.06087924 13.32320683 12.97374212 13.00211789 12.99325993 12.90548484
 12.94400479 12.93174415 12.94557455 12.96841033 12.90425464 12.9526046
 12.80945026 13.11611501 12.81755721 12.88224951 12.87592767 12.96362176
 13.0491925  12.79716879 12.95085229 12.83357912 13.00064815 12.8640143
 12.84237101 13.23433704 12.87211447 12.96035046 13.18594629 12.92173347
 12.88644093 12.97260243 12.91769826 12.92374439 12.93690604 12.91971805
 13.27713809 12.98505708 12.85498219 12.95299355 12.87083999 12.82247979
 12.90158351 13.21499567 12.90753165 12.93888357 12.88350888 13.23855194
 13.02528503 12.94596667 13.02955645 12.95396502 12.88476653 12.80628027
 12.91283224 13.06019668 13.33301007 12.81125739 12.84499345 12.85800226
 12.85714035 13.21390292 12.9526046  12.91445708 12.83225376 13.09815734
 13.09815734 13.20509117 12.83842421 12.94635844 12.8964251  12.92494897
 13.10975256 12.95338229 12.82915413 13.34693221 13.09425104 12.8960113
 12.84324595 12.94203861 12.81800563 12.84586615 12.79120316 12.96112133
 12.9345273  12.95415919 12.91079714 12.80446439 13.32410593 12.97279239
 13.37036504 12.88936399 12.96112133 12.96993702 13.18480208 12.94792411
 13.03873365 13.11230432 12.87083999 12.81665958 13.17673549 12.88182941
 12.82515486 12.87508159 12.9965926  12.91201881 12.84149536 13.33652773
 12.84499345 12.8040098  12.81170867 12.85541415 12.83886363 12.88182941
 13.23697488 12.84368303 12.90589464 12.91283224 12.86487022 12.8640143
 12.85800226 12.85541415 12.88098857 13.38005687 12.88434752 12.94439743
 12.94792411 12.89269345 12.80673362 12.86529779 12.91688901 12.93254012
 12.893524   12.87972575 12.91079714 12.88936399 13.23433704 12.99917572
 13.07373471 12.81261058 13.12116456 13.04083655 12.88936399 12.88350888
 12.93254012 12.8960113  12.82693415 13.21226024 12.87381105 12.89807897
 12.88769481 13.04780592 12.86101291 12.89559714 12.90753165 12.89849189
 12.94596667 13.08769427 12.8331376  12.90630423 12.80491861 12.80809284
 13.30674687 12.86956378 13.23644821 13.02884611 12.88434752 12.94753299
 12.90671348 12.87465824 12.93174415 12.91971805 12.8012788  12.869138
 12.93214217 12.86743311 12.88350888 12.94753299 12.89972985 12.81531175
 13.05814521 12.89476851 12.94909654 13.09359798 13.16503694 13.09425104
 12.91364499 12.94046249 12.87338722 13.32946736 12.8099024  12.90834914
 12.92775303 13.312292   12.88308925 13.19502746 12.893524   12.90014209
 12.94870588 12.97753047 13.16856828 12.83534368 12.90589464 12.92213598
 12.96342971 12.92735308 12.87592767 12.98205436 13.26070234 12.92294066
 13.21826217 12.96974643 12.91891069 13.0804145  12.90507498 12.90957406
 12.82737852 13.16444656 12.87253879 12.91201881 13.40188447 13.20619949
 12.90875765 13.13053669 12.93967343 13.0035851  12.92975076 13.20730582
 13.02742355 12.97790837 12.7948783  12.96955568 13.13978513 12.97904106
 12.91486281 12.93293802 13.28299655 13.42768722 12.81755721 12.90998196
 13.31321047 12.7948783  13.22688859 13.31321047 12.92012157 13.19446366
 13.00064815 12.90998196 12.8964251  13.18708848 12.94361182 12.90178928
 13.28879304 13.01233424 12.90957406 13.2279583  12.81665958 13.06699562
 13.11864427 12.84499345 12.92052474 12.90753165 12.83622483 12.80673362
 12.95377084 12.93174415 13.00504976 12.82737852 12.97374212 12.85800226
 12.98355707 13.07641369 12.9843074  12.95687331 12.82737852 13.15072241
 13.0259985  12.99548314 13.00138334 12.84847931 13.02884611] 749
glb= [12.97525945 12.96898321 12.87338722 13.09229008 13.07440538 13.17557491
 13.03062067 12.88685905 12.93730201 12.94223537 12.88957241 12.95026746
 13.09425104 12.85821751 13.10815313 13.0968575  13.3848259  12.89331646
 13.10975256 13.09261729 12.88665    12.99880712 12.8197976  12.92715294
 12.9345273  13.12929426 12.93254012 13.03274507 13.02528503 12.8964251
 12.92514956 13.19446366 12.86358609 12.89144629 13.18193265 12.91769826
 12.92615172 12.94006799 12.866793   12.82113958 12.80219005 12.93749982
 13.19276924 13.25307115 13.16856828 12.88685905 13.10397805 12.96246855
 12.92534999 13.32589945 12.96649811 12.80899805 13.00942813 12.92374439
 12.91161179 12.91384814 12.86743311 13.17149676 12.87211447 12.97696329
 12.96208384 13.28493556 13.15432962 12.96764586 12.94557455 12.86657955
 12.8945612  12.93532088 12.87317514 13.13053669 12.96419783 13.21988895
 12.92032309 12.87698416 13.02955645 12.80809284 13.20175441 13.07641369
 13.04572157 13.47598411 12.969174   13.02278292 12.81621052 13.0259985
 12.87317514 12.86700644 12.81261058 12.88998904 12.98954124 12.94046249
 12.93927853 12.97941832 13.03380512 12.98580611 12.88308925 12.94046249
 12.96879226 12.97184175 12.91140819 12.97960693 12.81396199 12.80763998
 13.24689273 12.8803573  12.89725238 12.95803382 12.89766571 13.04711185
 12.83930268 13.18594629 12.90014209 13.00815351 12.93809319 12.88957241
 12.87105254 12.88329915 13.01811563 12.80582655 13.07104624 13.11990552
 12.84499345 13.11039133 12.95726034 12.8964251  12.79304225 12.84280851
 12.94792411 12.97904106 12.92615172 12.86636609 13.07104624 12.93611394
 12.8784615  12.960736   12.9638138  12.99177432 12.938686   13.09229008
 12.82002143 13.11674817 12.83114771 12.800823   12.91222223 13.06834821
 12.94085678 13.02063212 12.91709134 12.91870863 12.96936477 13.05951352
 12.87613912 12.95861367 12.90794057 13.09555543 12.94714168 12.9526046
 12.847609   12.92354355 13.15011937 13.12053536 12.93651002 12.79762617
 12.81688409 13.09294433 12.81035418 13.09425104 13.02528503 12.91181524
 12.87105254 13.06156132 12.98374468 12.86272906 12.87508159 12.95435334
 12.99140254 12.93413021 12.84978333 13.25409453 12.95065746 12.84847931
 13.20231178 13.12804958 12.92012157 13.17905045 12.97847492 12.99084462
 12.94125088 12.94831517 12.94870588 12.98505708 12.96802819 13.10719177
 12.91991974 12.90220064 12.90896174 13.01015571 12.79899748 12.93730201
 12.95512952 12.91059347 12.88685905 13.09032394 12.85907852 12.95104726
 13.16915504 12.90466491 12.8562776  13.17557491 13.27220826 12.87761763
 12.85130254 12.93512262 12.88978081 13.02170831 13.28202448 13.52069195
 12.93611394 13.18078128 12.84149536 13.18936683 12.84934892 12.92012157
 12.99121662 13.39110622 13.08637593 13.10975256 12.94361182 12.97222219
 12.8801469  12.85065167 13.10911327 13.07171926 12.80582655 12.83181145
 12.86657955 13.20175441 12.92775303 12.95415919 12.81890212 12.94125088
 12.90630423 12.95299355 13.19952004 12.85800226 12.93293802 12.97393199
 12.93174415 12.89061382 12.85455001 12.86079815 13.11039133 12.92253842
 13.19615362 12.86615246 12.96227627 12.93353425 12.97298248 12.90916596
 12.81576125 12.81800563 13.10719177 13.03768006 12.89310876 12.87677307
 13.07440538 12.90507498 13.11738075 12.81755721 12.86743311 12.85670908
 12.82247979 12.94714168 13.38640434 13.00064815 12.86871217 13.0968575
 12.95571115 13.18537446 13.07841678 12.9638138  12.95104726 12.91120457
 12.90404948 13.04849952 13.20730582 12.88392831 13.37036504 12.92374439
 12.91120457 12.95803382 12.96821934 12.88894697 13.08769427 12.98299391
 13.01378344 12.87083999 12.8803573  13.11039133 12.82915413 13.12053536
 12.90568975 13.18936683 12.85238626 12.93591573 12.86572531 13.39149574
 12.96266095 12.97165144 12.92173347 12.95065746 12.83490286 12.95318793
 12.8562776  12.80763998 12.93413021 13.27220826 12.98468233 12.90343363
 12.90609937 13.19839991 12.84934892 12.94479    12.95648607 12.88685905
 12.96419783 13.04572157 12.9345273  13.02242491 12.84542983 12.89144629
 13.03097512 13.03097512 13.13917243 13.18993517 12.98767577 12.97279239
 12.8584329  12.93413021 12.89683884 13.11039133 12.99733151 12.79212306
 12.93014979 13.05402602 12.91364499 13.14527559 12.84717353 12.90753165
 13.24012485 12.94105377 12.83886363 13.07138281 12.97715236 13.17905045
 12.9009661  12.9638138  12.95880678 12.84149536 12.79396071 12.93333557
 13.25511606 12.84586615 12.9245476  12.82292614 12.89144629 12.82871047
 12.86657955 12.96342971 13.15702249 12.92815292 12.91079714 12.83048368
 13.03873365 12.99548314 12.9965926  13.04641702 13.16148677 12.83710513
 12.85151932 12.90671348 12.85325237 12.97866374 12.96342971 12.95571115
 13.10590801 12.89103016 12.80219005 12.97412171 12.92975076 12.86529779
 12.95454747 13.15011937 12.9801724  12.82693415 12.80582655 13.00614661
 12.91120457 13.03732867 13.17673549 13.25050476 13.14100902 13.05814521
 12.92675261 12.80628027 12.93532088 12.92615172 13.19050295 13.1373309
 13.20841022 12.85325237 12.96993702 12.87359915 12.86871217 12.88560407
 12.9756384  12.82804472 12.98280611 12.79808349 12.93094723 13.00101577
 12.9009661  12.93730201 12.79166322 12.97828608 13.48283426 12.88852974
 12.90630423 13.04223534 12.86487022 12.86444229 12.80718691 13.00870005
 12.86785972 12.9009661  12.80036683 12.92775303 12.9703183  12.87803967
 12.80446439 12.92855276 13.13794528 12.81215973 13.01015571 13.3848259
 12.96611513 12.80537261 12.91038965 12.85886333 13.20509117 12.98954124
 12.7948783  12.89144629 12.86144222 12.9801724  12.9498774  12.86144222
 12.87508159 12.95919297 12.88560407 12.93134579 12.9628532  12.80854548
 12.87465824 12.94772863 13.32410593 12.80537261 13.32946736 12.98599327
 13.06087924 13.32320683 12.97374212 13.00211789 12.99325993 12.90548484
 12.94400479 12.93174415 12.94557455 12.96841033 12.90425464 12.9526046
 12.80945026 13.11611501 12.81755721 12.88224951 12.87592767 12.96362176
 13.0491925  12.79716879 12.95085229 12.83357912 13.00064815 12.8640143
 12.84237101 13.23433704 12.87211447 12.96035046 13.18594629 12.92173347
 12.88644093 12.97260243 12.91769826 12.92374439 12.93690604 12.91971805
 13.27713809 12.98505708 12.85498219 12.95299355 12.87083999 12.82247979
 12.90158351 13.21499567 12.90753165 12.93888357 12.88350888 13.23855194
 13.02528503 12.94596667 13.02955645 12.95396502 12.88476653 12.80628027
 12.91283224 13.06019668 13.33301007 12.81125739 12.84499345 12.85800226
 12.85714035 13.21390292 12.9526046  12.91445708 12.83225376 13.09815734
 13.09815734 13.20509117 12.83842421 12.94635844 12.8964251  12.92494897
 13.10975256 12.95338229 12.82915413 13.34693221 13.09425104 12.8960113
 12.84324595 12.94203861 12.81800563 12.84586615 12.79120316 12.96112133
 12.9345273  12.95415919 12.91079714 12.80446439 13.32410593 12.97279239
 13.37036504 12.88936399 12.96112133 12.96993702 13.18480208 12.94792411
 13.03873365 13.11230432 12.87083999 12.81665958 13.17673549 12.88182941
 12.82515486 12.87508159 12.9965926  12.91201881 12.84149536 13.33652773
 12.84499345 12.8040098  12.81170867 12.85541415 12.83886363 12.88182941
 13.23697488 12.84368303 12.90589464 12.91283224 12.86487022 12.8640143
 12.85800226 12.85541415 12.88098857 13.38005687 12.88434752 12.94439743
 12.94792411 12.89269345 12.80673362 12.86529779 12.91688901 12.93254012
 12.893524   12.87972575 12.91079714 12.88936399 13.23433704 12.99917572
 13.07373471 12.81261058 13.12116456 13.04083655 12.88936399 12.88350888
 12.93254012 12.8960113  12.82693415 13.21226024 12.87381105 12.89807897
 12.88769481 13.04780592 12.86101291 12.89559714 12.90753165 12.89849189
 12.94596667 13.08769427 12.8331376  12.90630423 12.80491861 12.80809284
 13.30674687 12.86956378 13.23644821 13.02884611 12.88434752 12.94753299
 12.90671348 12.87465824 12.93174415 12.91971805 12.8012788  12.869138
 12.93214217 12.86743311 12.88350888 12.94753299 12.89972985 12.81531175
 13.05814521 12.89476851 12.94909654 13.09359798 13.16503694 13.09425104
 12.91364499 12.94046249 12.87338722 13.32946736 12.8099024  12.90834914
 12.92775303 13.312292   12.88308925 13.19502746 12.893524   12.90014209
 12.94870588 12.97753047 13.16856828 12.83534368 12.90589464 12.92213598
 12.96342971 12.92735308 12.87592767 12.98205436 13.26070234 12.92294066
 13.21826217 12.96974643 12.91891069 13.0804145  12.90507498 12.90957406
 12.82737852 13.16444656 12.87253879 12.91201881 13.40188447 13.20619949
 12.90875765 13.13053669 12.93967343 13.0035851  12.92975076 13.20730582
 13.02742355 12.97790837 12.7948783  12.96955568 13.13978513 12.97904106
 12.91486281 12.93293802 13.28299655 13.42768722 12.81755721 12.90998196
 13.31321047 12.7948783  13.22688859 13.31321047 12.92012157 13.19446366
 13.00064815 12.90998196 12.8964251  13.18708848 12.94361182 12.90178928
 13.28879304 13.01233424 12.90957406 13.2279583  12.81665958 13.06699562
 13.11864427 12.84499345 12.92052474 12.90753165 12.83622483 12.80673362
 12.95377084 12.93174415 13.00504976 12.82737852 12.97374212 12.85800226
 12.98355707 13.07641369 12.9843074  12.95687331 12.82737852 13.15072241
 13.0259985  12.99548314 13.00138334 12.84847931 13.02884611] 749
bidsort lists= 749 749
 749
SNAP 43
EPS 0.014374763460935976
galrad= 0.01
!!! agesel
Found 347 stars.
Rotated pos.
Rotated vel.
Calculating circularities
dty= [12.92715294 13.03062067 12.96898321 ... 12.7594351  12.83181145
 12.90014209] 1019
glb= [12.92715294 13.03062067 12.96898321 ... 12.7594351  12.83181145
 12.90014209] 1019
bidsort lists= 1019 1019
 1019
SNAP 44
EPS 0.01421213989529106
galrad= 0.01
!!! agesel
Found 695 stars.
Rotated pos.
Rotated vel.
Calculating circularities
dty= [12.68387473 13.37036504 13.01015571 ... 13.00211789 12.960736
 12.98655437] 1601
glb= [12.68387473 13.37036504 13.01015571 ... 13.00211789 12.960736
 12.98655437] 1601
bidsort lists= 1601 1601
 1601
SNAP 45
EPS -0.01211990165846969
galrad= 0.01
!!! agesel
Found 1561 stars.
Rotated pos.
Rotated vel.
Calculating circularities
dty= [12.96246855 12.80809284 12.64779972 ... 12.60193196 12.65822034
 12.66132872] 2342
glb= [12.96246855 12.80809284 12.64779972 ... 12.60193196 12.65822034
 12.66132872] 2342
bidsort lists= 2342 2342
 2342
SNAP 46
EPS 0.02511830617034263
galrad= 0.01
!!! agesel
Found 2660 stars.
Rotated pos.
Rotated vel.
Calculating circularities
dty= [12.47040349 12.55810249 13.16856828 ... 12.83710513 12.54182154
 12.56105344] 3630
glb= [12.47040349 12.55810249 13.16856828 ... 12.83710513 12.54182154
 12.56105344] 3630
bidsort lists= 3630 3630
 3630
SNAP 47
EPS 0.07065158892073228
galrad= 0.01
!!! agesel
Found 3494 stars.
Rotated pos.
Rotated vel.
Calculating circularities
dty= [12.65951645 12.91384814 12.47115485 ... 12.42270078 12.46437841
 12.49895909] 6507
glb= [12.65951645 12.91384814 12.47115485 ... 12.42270078 12.46437841
 12.49895909] 6507
bidsort lists= 6507 6507
 6507
SNAP 48
EPS 0.16364548606719367
galrad= 0.01
!!! agesel
Found 3981 stars.
Rotated pos.
Rotated vel.
Calculating circularities
dty= [12.5045399  12.51824544 12.96419783 ... 12.49305945 12.8099024
 12.45802378] 8619
glb= [12.5045399  12.51824544 12.96419783 ... 12.49305945 12.8099024
 12.45802378] 8619
bidsort lists= 8619 8619
 8619
SNAP 49
EPS 0.10120508869738487
galrad= 0.01
!!! agesel
Found 3804 stars.
Rotated pos.
Rotated vel.
Calculating circularities
dty= [12.59648519 13.15432962 12.91769826 ... 12.2416241  12.24022104
 12.46859883] 13095
glb= [12.59648519 13.15432962 12.91769826 ... 12.2416241  12.24022104
 12.46859883] 13095
bidsort lists= 13095 13095
 13095
SNAP 50
EPS 0.03687114379881197
galrad= 0.01
!!! agesel
Found 3905 stars.
Rotated pos.
Rotated vel.
Calculating circularities
dty= [12.03223704 12.14858253 13.19276924 ... 12.47759879 12.91971805
 12.04467202] 17726
glb= [12.03223704 12.14858253 13.19276924 ... 12.47759879 12.91971805
 12.04467202] 17726
bidsort lists= 17726 17726
 17726
SNAP 51
EPS -0.07509147389057222
galrad= 0.01
!!! agesel
Found 5662 stars.
Rotated pos.
Rotated vel.
Calculating circularities
dty= [12.37607438 12.68387473 12.14542738 ... 12.46679158 11.93611552
 11.92440622] 22859
glb= [12.37607438 12.68387473 12.14542738 ... 12.46679158 11.93611552
 11.92440622] 22859
bidsort lists= 22859 22859
 22859
SNAP 52
EPS 0.0650538005775888
galrad= 0.01
!!! agesel
Found 7000 stars.
Rotated pos.
Rotated vel.
Calculating circularities
dty= [12.09012201 11.99795286 12.96419783 ... 13.00870005 12.61598212
 12.40706356] 30105
glb= [12.09012201 11.99795286 12.96419783 ... 13.00870005 12.61598212
 12.40706356] 30105
bidsort lists= 30105 30105
 30105
SNAP 53
EPS 0.07225118579722124
galrad= 0.01
!!! agesel
Found 6840 stars.
Rotated pos.
Rotated vel.
Calculating circularities
dty= [11.92922398 13.03062067 11.945266   ... 12.76227667 12.81125739
 12.84934892] 40219
glb= [11.92922398 13.03062067 11.945266   ... 12.76227667 12.81125739
 12.84934892] 40219
bidsort lists= 40219 40219
 40219
SNAP 54
EPS 0.12756359073009682
galrad= 0.01
!!! agesel
Found 7026 stars.
Rotated pos.
Rotated vel.
Calculating circularities
dty= [12.23142471 12.59648519 12.18707991 ... 12.21902912 12.37784025
 12.78474018] 50604
glb= [12.23142471 12.59648519 12.18707991 ... 12.21902912 12.37784025
 12.78474018] 50604
bidsort lists= 50604 50604
 50604
SNAP 55
EPS 0.1395702379594811
galrad= 0.01
!!! agesel
Found 6976 stars.
Rotated pos.
Rotated vel.
Calculating circularities
dty= [11.40510501 11.98570577 11.92922398 ... 12.22753912 12.21547023
 12.17653506] 62724
glb= [11.40510501 11.98570577 11.92922398 ... 12.22753912 12.21547023
 12.17653506] 62724
bidsort lists= 62724 62724
 62724
SNAP 56
EPS 0.2157070135793101
galrad= 0.01
!!! agesel
Found 10102 stars.
Rotated pos.
Rotated vel.
Calculating circularities
dty= [12.3662439  11.5024841  11.52463341 ... 12.73157685 11.53213907
 11.60455198] 78162
glb= [12.3662439  11.5024841  11.52463341 ... 12.73157685 11.53213907
 11.60455198] 78162
bidsort lists= 78162 78162
 78162
SNAP 57
EPS 0.23409970294851115
galrad= 0.01
!!! agesel
Found 12704 stars.
Rotated pos.
Rotated vel.
Calculating circularities
dty= [11.92922398 11.945266   12.00107762 ... 11.62012333 11.78812958
 11.6945233 ] 95847
glb= [11.92922398 11.945266   12.00107762 ... 11.62012333 11.78812958
 11.6945233 ] 95847
bidsort lists= 95847 95847
 95847
SNAP 58
EPS 0.22377311780740505
galrad= 0.01
!!! agesel
Found 9405 stars.
Rotated pos.
Rotated vel.
Calculating circularities
dty= [11.9435017  13.0968575  11.63787493 ... 11.94858269 12.45468336
 12.34867764] 110109
glb= [11.9435017  13.0968575  11.63787493 ... 11.94858269 12.45468336
 12.34867764] 110109
bidsort lists= 110109 110109
 110109
SNAP 59
EPS 0.2683224606074775
galrad= 0.01
!!! agesel
Found 8112 stars.
Rotated pos.
Rotated vel.
Calculating circularities
dty= [12.86700644 10.93958449 11.84130238 ... 11.49865552 10.85936831
 11.89311673] 124224
glb= [12.86700644 10.93958449 11.84130238 ... 11.49865552 10.85936831
 11.89311673] 124224
bidsort lists= 124224 124224
 124224
SNAP 60
EPS 0.29963957829434706
galrad= 0.01
!!! agesel
Found 7677 stars.
Rotated pos.
Rotated vel.
Calculating circularities
dty= [12.47100465 12.59648519 11.40510501 ... 12.95065746 13.00504976
 12.85541415] 135046
glb= [12.47100465 12.59648519 11.40510501 ... 12.95065746 13.00504976
 12.85541415] 135046
bidsort lists= 135046 135046
 135046
SNAP 61
EPS 0.33434595757385466
galrad= 0.01
!!! agesel
Found 8528 stars.
Rotated pos.
Rotated vel.
Calculating circularities
dty= [12.59648519 12.47100465 12.00107762 ... 12.1254343  12.70399584
 12.25280385] 150851
glb= [12.59648519 12.47100465 12.00107762 ... 12.1254343  12.70399584
 12.25280385] 150851
bidsort lists= 150851 150851
 150851
SNAP 62
EPS 0.3853742316225944
galrad= 0.01
!!! agesel
Found 10474 stars.
Rotated pos.
Rotated vel.
Calculating circularities
dty= [11.945266   12.18707991 11.01703046 ... 11.52507556 12.17434501
 11.86478498] 167453
glb= [11.945266   12.18707991 11.01703046 ... 11.52507556 12.17434501
 11.86478498] 167453
bidsort lists= 167453 167453
 167453
SNAP 63
EPS 0.423419907526556
galrad= 0.01
!!! agesel
Found 10166 stars.
Rotated pos.
Rotated vel.
Calculating circularities
dty= [11.40510501 11.45372699 11.34113122 ... 11.9984572  13.00138334
 11.4344585 ] 184117
glb= [11.40510501 11.45372699 11.34113122 ... 11.9984572  13.00138334
 11.4344585 ] 184117
bidsort lists= 184117 184117
 184117
SNAP 64
EPS 0.42948519714702305
galrad= 0.01
!!! agesel
Found 12443 stars.
Rotated pos.
Rotated vel.
Calculating circularities
dty= [11.02952634 12.59648519 12.1363006  ... 11.83253542 12.19755848
 12.30889143] 204013
glb= [11.02952634 12.59648519 12.1363006  ... 11.83253542 12.19755848
 12.30889143] 204013
bidsort lists= 204013 204013
 204013
SNAP 65
EPS 0.43504103273385536
galrad= 0.01
!!! agesel
Found 13985 stars.
Rotated pos.
Rotated vel.
Calculating circularities
dty= [10.32788864 11.08747504 11.33151784 ... 11.84130238 11.42815547
 12.53725463] 223811
glb= [10.32788864 11.08747504 11.33151784 ... 11.84130238 11.42815547
 12.53725463] 223811
bidsort lists= 223811 223811
 223811
SNAP 66
EPS 0.44475244908858874
galrad= 0.01
!!! agesel
Found 9699 stars.
Rotated pos.
Rotated vel.
Calculating circularities
dty= [11.92922398 11.945266   12.00107762 ... 11.81488775 11.1751905
 11.92608331] 239624
glb= [11.92922398 11.945266   12.00107762 ... 11.81488775 11.1751905
 11.92608331] 239624
bidsort lists= 239624 239624
 