loading halo 12 level 4
/eagle/projects/Auriga/Auriga/level4/Original/mergertrees/Au-12/trees_sf1_127
Hubble parameter= 0.6777
There are 530 trees in file /eagle/projects/Auriga/Auriga/level4/Original/mergertrees/Au-12/trees_sf1_127.0.hdf5
Loading desc (Descendant) for blockname /Tree0.
Loading fnum (FileNr) for blockname /Tree0.
Loading fhfg (FirstHaloInFOFGroup) for blockname /Tree0.
Loading fpin (FirstProgenitor) for blockname /Tree0.
Loading fmc2 (Group_M_Crit200) for blockname /Tree0.
Loading fmm2 (Group_M_Mean200) for blockname /Tree0.
Loading fmt2 (Group_M_TopHat200) for blockname /Tree0.
Loading frc2 (Group_R_Crit200) for blockname /Tree0.
Loading nhfg (NextHaloInFOFGroup) for blockname /Tree0.
Loading npin (NextProgenitor) for blockname /Tree0.
Loading snum (SnapNum) for blockname /Tree0.
Loading sbhm (SubhaloBHMass) for blockname /Tree0.
Loading sbhd (SubhaloBHMdot) for blockname /Tree0.
Loading sgmt (SubhaloGasMetallicity) for blockname /Tree0.
Loading sgmf (SubhaloGasMetallicitySfr) for blockname /Tree0.
Loading sgnr (SubhaloGrNr) for blockname /Tree0.
Loading shmt (SubhaloHalfmassRadType) for blockname /Tree0.
Key SubhaloIDMostBound not found in conversion table, skipping.
Loading slen (SubhaloLen) for blockname /Tree0.
Loading slty (SubhaloLenType) for blockname /Tree0.
Loading smit (SubhaloMassInRadType) for blockname /Tree0.
Loading smty (SubhaloMassType) for blockname /Tree0.
Loading sbnr (SubhaloNumber) for blockname /Tree0.
Loading soty (SubhaloOffsetType) for blockname /Tree0.
Loading spos (SubhaloPos) for blockname /Tree0.
Loading ssfr (SubhaloSFR) for blockname /Tree0.
Loading ssfi (SubhaloSFRinRad) for blockname /Tree0.
Loading sspi (SubhaloSpin) for blockname /Tree0.
Loading ssmt (SubhaloStarMetallicity) for blockname /Tree0.
Loading ssph (SubhaloStellarPhotometrics) for blockname /Tree0.
Loading svmx (SubhaloVMax) for blockname /Tree0.
Loading svel (SubhaloVel) for blockname /Tree0.
Loading svdi (SubhaloVelDisp) for blockname /Tree0.
galrad= 0.01
!!! agesel
Found 13 stars.
Rotated pos.
Rotated vel.
Calculating circularities
dty= [] 0
glb= [] 0
bidsort lists= 0 0
 0
SNAP 30
EPS nan
galrad= 0.01
!!! agesel
Found 23 stars.
Rotated pos.
Rotated vel.
Calculating circularities
dty= [13.38876152 13.40188447] 2
glb= [13.38876152 13.40188447] 2
bidsort lists= 2 2
 2
SNAP 31
EPS 0.4025792860427215
galrad= 0.01
!!! agesel
Found 30 stars.
Rotated pos.
Rotated vel.
Calculating circularities
dty= [13.35205193 13.40642237 13.47282592 13.53148838] 4
glb= [13.35205193 13.40642237 13.47282592 13.53148838] 4
bidsort lists= 4 4
 4
SNAP 32
EPS 0.1373668069900488
galrad= 0.01
!!! agesel
Found 45 stars.
Rotated pos.
Rotated vel.
Calculating circularities
dty= [13.31504254 13.40642237 13.3338918  13.44788532 13.35205193 13.3338918
 13.35120242 13.38876152] 8
glb= [13.31504254 13.40642237 13.3338918  13.44788532 13.35205193 13.3338918
 13.35120242 13.38876152] 8
bidsort lists= 8 8
 8
SNAP 33
EPS -0.22209520961113485
galrad= 0.01
!!! agesel
Found 63 stars.
Rotated pos.
Rotated vel.
Calculating circularities
dty= [13.44788532 13.27566376 13.40642237 13.29214594 13.28299655 13.35205193
 13.4877328  13.3338918  13.31504254 13.3034849  13.40188447 13.27811886
 13.29262323 13.34262386 13.29737289 13.32679381 13.39188498 13.53148838
 13.35120242 13.28590249 13.2935765  13.28299655 13.33477201 13.28879304
 13.29547806 13.43965338 13.28783123 13.32500349] 28
glb= [13.44788532 13.27566376 13.40642237 13.29214594 13.28299655 13.35205193
 13.4877328  13.3338918  13.31504254 13.3034849  13.40188447 13.27811886
 13.29262323 13.34262386 13.29737289 13.32679381 13.39188498 13.53148838
 13.35120242 13.28590249 13.2935765  13.28299655 13.33477201 13.28879304
 13.29547806 13.43965338 13.28783123 13.32500349] 28
bidsort lists= 28 28
 28
SNAP 34
EPS 0.11870634175159663
galrad= 0.01
!!! agesel
Found 96 stars.
Rotated pos.
Rotated vel.
Calculating circularities
dty= [13.23433704 13.25358304 13.3338918  13.31504254 13.26523262 13.25204598
 13.40642237 13.26070234 13.40188447 13.35205193 13.27566376 13.3034849
 13.4877328  13.25766205 13.26422903 13.25562617 13.24689273 13.23539353
 13.26673471 13.26120751 13.44788532 13.28299655 13.27517143 13.32679381
 13.23855194 13.2591842  13.29214594 13.53148838 13.49136137 13.29973201
 13.413879   13.25409453 13.25511606 13.38797721 13.31504254 13.36708837
 13.24585656 13.26723452 13.25204598] 39
glb= [13.23433704 13.25358304 13.3338918  13.31504254 13.26523262 13.25204598
 13.40642237 13.26070234 13.40188447 13.35205193 13.27566376 13.3034849
 13.4877328  13.25766205 13.26422903 13.25562617 13.24689273 13.23539353
 13.26673471 13.26120751 13.44788532 13.28299655 13.27517143 13.32679381
 13.23855194 13.2591842  13.29214594 13.53148838 13.49136137 13.29973201
 13.413879   13.25409453 13.25511606 13.38797721 13.31504254 13.36708837
 13.24585656 13.26723452 13.25204598] 39
bidsort lists= 39 39
 39
SNAP 35
EPS 0.039510767593071275
galrad= 0.01
!!! agesel
Found 134 stars.
Rotated pos.
Rotated vel.
Calculating circularities
dty= [13.40642237 13.27566376 13.19896025 13.19671591 13.20509117 13.26523262
 13.3034849  13.19276924 13.25204598 13.19418159 13.21635882 13.21880493
 13.25358304 13.21033823 13.19559079 13.19305196 13.26823276 13.21717529
 13.26422903 13.19839991 13.23433704 13.21934721 13.35205193 13.22474344
 13.31504254 13.32679381 13.26070234 13.38876152 13.20619949 13.19839991
 13.40188447 13.3338918  13.25766205 13.27517143 13.4877328  13.23539353
 13.20286866 13.25562617 13.20841022 13.38085523 13.26422903 13.28299655
 13.28590249 13.21608644 13.21226024 13.21116264 13.2546055  13.29214594
 13.44788532 13.21171168 13.22151143 13.3587941  13.28299655 13.28783123
 13.29973201 13.28879304 13.29547806 13.37845586 13.54647766 13.28007512
 13.32500349 13.27022402 13.28202448] 63
glb= [13.40642237 13.27566376 13.19896025 13.19671591 13.20509117 13.26523262
 13.3034849  13.19276924 13.25204598 13.19418159 13.21635882 13.21880493
 13.25358304 13.21033823 13.19559079 13.19305196 13.26823276 13.21717529
 13.26422903 13.19839991 13.23433704 13.21934721 13.35205193 13.22474344
 13.31504254 13.32679381 13.26070234 13.38876152 13.20619949 13.19839991
 13.40188447 13.3338918  13.25766205 13.27517143 13.4877328  13.23539353
 13.20286866 13.25562617 13.20841022 13.38085523 13.26422903 13.28299655
 13.28590249 13.21608644 13.21226024 13.21116264 13.2546055  13.29214594
 13.44788532 13.21171168 13.22151143 13.3587941  13.28299655 13.28783123
 13.29973201 13.28879304 13.29547806 13.37845586 13.54647766 13.28007512
 13.32500349 13.27022402 13.28202448] 63
bidsort lists= 63 63
 63
SNAP 36
EPS 0.08812953658423488
galrad= 0.01
!!! agesel
Found 156 stars.
Rotated pos.
Rotated vel.
Calculating circularities
dty= [13.25204598 13.23433704 13.21717529 13.18708848 13.26070234 13.25358304
 13.19839991 13.21033823 13.17760455 13.40642237 13.3034849  13.20286866
 13.35205193 13.32679381 13.27566376 13.20509117 13.3338918  13.19671591
 13.21635882 13.25766205 13.49136137 13.26523262 13.14891165 13.3338918
 13.31504254 13.19896025 13.38085523 13.16621614 13.17962789 13.20619949
 13.17324768 13.19418159 13.28590249 13.27517143 13.26422903 13.18193265
 13.38876152 13.40188447 13.34088982 13.25562617 13.26422903 13.16059627
 13.21880493 13.4877328  13.14679292 13.29214594 13.22151143 13.29973201
 13.16029918 13.21934721 13.44788532 13.14284077 13.16267223 13.35120242
 13.16680495 13.21226024 13.17032692 13.21690328 13.16089326 13.16444656
 13.19979977 13.26573373 13.3587941  13.15910951 13.2546055  13.28299655
 13.23221834 13.47282592 13.23750102 13.34262386 13.17091212 13.33477201
 13.16621614 13.15910951 13.16974123 13.25409453 13.27121705 13.18020483
 13.413879   13.38797721 13.17091212 13.312292   13.27517143 13.21608644
 13.28590249 13.299261  ] 86
glb= [13.25204598 13.23433704 13.21717529 13.18708848 13.26070234 13.25358304
 13.19839991 13.21033823 13.17760455 13.40642237 13.3034849  13.20286866
 13.35205193 13.32679381 13.27566376 13.20509117 13.3338918  13.19671591
 13.21635882 13.25766205 13.49136137 13.26523262 13.14891165 13.3338918
 13.31504254 13.19896025 13.38085523 13.16621614 13.17962789 13.20619949
 13.17324768 13.19418159 13.28590249 13.27517143 13.26422903 13.18193265
 13.38876152 13.40188447 13.34088982 13.25562617 13.26422903 13.16059627
 13.21880493 13.4877328  13.14679292 13.29214594 13.22151143 13.29973201
 13.16029918 13.21934721 13.44788532 13.14284077 13.16267223 13.35120242
 13.16680495 13.21226024 13.17032692 13.21690328 13.16089326 13.16444656
 13.19979977 13.26573373 13.3587941  13.15910951 13.2546055  13.28299655
 13.23221834 13.47282592 13.23750102 13.34262386 13.17091212 13.33477201
 13.16621614 13.15910951 13.16974123 13.25409453 13.27121705 13.18020483
 13.413879   13.38797721 13.17091212 13.312292   13.27517143 13.21608644
 13.28590249 13.299261  ] 86
bidsort lists= 86 86
 86
SNAP 37
EPS -0.004950441233987431
galrad= 0.01
!!! agesel
Found 164 stars.
Rotated pos.
Rotated vel.
Calculating circularities
dty= [13.40642237 13.27566376 13.17324768 13.31504254 13.4877328  13.19896025
 13.17760455 13.21033823 13.25358304 13.25562617 13.25204598 13.35205193
 13.21717529 13.26422903 13.26523262 13.11895977 13.16621614 13.21635882
 13.09913067 13.23433704 13.19839991 13.25766205 13.12586619 13.11166725
 13.49136137 13.21880493 13.18708848 13.29262323 13.0971827  13.26070234
 13.10687107 13.20619949 13.32679381 13.44788532 13.3034849  13.11548133
 13.21934721 13.26573373 13.11769683 13.10236586 13.20509117 13.3338918
 13.3338918  13.10268857 13.29973201 13.35120242 13.25816991 13.451936
 13.19418159 13.3587941  13.38085523 13.14679292 13.2546055  13.21690328
 13.20286866 13.17962789 13.15132494 13.26422903 13.17032692 13.14588295
 13.17499388 13.18193265 13.16119007 13.11007204 13.19671591 13.43965338
 13.17120453 13.19276924 13.26422903 13.14891165 13.11039133 13.12430244
 13.14891165 13.19305196 13.17731497 13.16059627 13.21226024 13.22151143
 13.29214594 13.47282592 13.53148838 13.40188447 13.16029918 13.19839991
 13.11039133 13.27517143 13.23855194 13.09977887 13.34088982 13.34521344
 13.1261785  13.15910951 13.10075007 13.14830696 13.1217933  13.10333357
 13.10847332 13.11166725 13.15132494 13.18737371 13.19559079 13.38876152
 13.1373309  13.27811886 13.24012485 13.22474344 13.17962789 13.14284077
 13.26673471 13.1555278  13.16680495 13.17905045 13.13978513 13.24689273
 13.23907673 13.22688859 13.23221834 13.21390292 13.14951576 13.13053669
 13.19979977 13.14466767 13.27022402 13.34002049 13.22902617 13.12367596
 13.18651763 13.10911327 13.11738075 13.23644821 13.18250756 13.26723452
 13.22474344 13.23221834 13.2591842  13.11102959 13.13115709 13.1217933
 13.1217933  13.12242139 13.26823276 13.12492839 13.12742647 13.12116456
 13.12367596 13.11674817 13.56522114 13.54647766 13.36872964 13.12804958
 13.12742647 13.12867218 13.38561584 13.26523262] 154
glb= [13.40642237 13.27566376 13.17324768 13.31504254 13.4877328  13.19896025
 13.17760455 13.21033823 13.25358304 13.25562617 13.25204598 13.35205193
 13.21717529 13.26422903 13.26523262 13.11895977 13.16621614 13.21635882
 13.09913067 13.23433704 13.19839991 13.25766205 13.12586619 13.11166725
 13.49136137 13.21880493 13.18708848 13.29262323 13.0971827  13.26070234
 13.10687107 13.20619949 13.32679381 13.44788532 13.3034849  13.11548133
 13.21934721 13.26573373 13.11769683 13.10236586 13.20509117 13.3338918
 13.3338918  13.10268857 13.29973201 13.35120242 13.25816991 13.451936
 13.19418159 13.3587941  13.38085523 13.14679292 13.2546055  13.21690328
 13.20286866 13.17962789 13.15132494 13.26422903 13.17032692 13.14588295
 13.17499388 13.18193265 13.16119007 13.11007204 13.19671591 13.43965338
 13.17120453 13.19276924 13.26422903 13.14891165 13.11039133 13.12430244
 13.14891165 13.19305196 13.17731497 13.16059627 13.21226024 13.22151143
 13.29214594 13.47282592 13.53148838 13.40188447 13.16029918 13.19839991
 13.11039133 13.27517143 13.23855194 13.09977887 13.34088982 13.34521344
 13.1261785  13.15910951 13.10075007 13.14830696 13.1217933  13.10333357
 13.10847332 13.11166725 13.15132494 13.18737371 13.19559079 13.38876152
 13.1373309  13.27811886 13.24012485 13.22474344 13.17962789 13.14284077
 13.26673471 13.1555278  13.16680495 13.17905045 13.13978513 13.24689273
 13.23907673 13.22688859 13.23221834 13.21390292 13.14951576 13.13053669
 13.19979977 13.14466767 13.27022402 13.34002049 13.22902617 13.12367596
 13.18651763 13.10911327 13.11738075 13.23644821 13.18250756 13.26723452
 13.22474344 13.23221834 13.2591842  13.11102959 13.13115709 13.1217933
 13.1217933  13.12242139 13.26823276 13.12492839 13.12742647 13.12116456
 13.12367596 13.11674817 13.56522114 13.54647766 13.36872964 13.12804958
 13.12742647 13.12867218 13.38561584 13.26523262] 154
bidsort lists= 154 154
 154
SNAP 38
EPS 0.014358617145303738
galrad= 0.01
!!! agesel
Found 132 stars.
Rotated pos.
Rotated vel.
Calculating circularities
dty= [13.147096   13.16029918 13.23960106 13.13115709 13.15192696 13.07708202
 13.12742647 13.42409848 13.30860183 13.06122031 13.30860183 13.05126762
 13.1842292  13.1261785  13.13794528 13.04884611 13.09880636 13.13855914
 13.25562617 13.05333734 13.23960106 13.06767222 13.05402602 13.14891165
 13.07171926 13.13363313 13.51458841 13.05471408 13.08074691 13.06767222
 13.29166819 13.27220826 13.08174338 13.06902366 13.07808328 13.09750772
 13.19727777 13.12991576 13.2632236  13.49435571 13.06224266 13.24585656
 13.10526524 13.12116456 13.25153271 13.05195814 13.09815734 13.06087924
 13.05264805 13.07507544 13.55686007 13.11166725 13.06969844 13.17731497
 13.06834821 13.07037268] 56
glb= [13.147096   13.16029918 13.23960106 13.13115709 13.15192696 13.07708202
 13.12742647 13.42409848 13.30860183 13.06122031 13.30860183 13.05126762
 13.1842292  13.1261785  13.13794528 13.04884611 13.09880636 13.13855914
 13.25562617 13.05333734 13.23960106 13.06767222 13.05402602 13.14891165
 13.07171926 13.13363313 13.51458841 13.05471408 13.08074691 13.06767222
 13.29166819 13.27220826 13.08174338 13.06902366 13.07808328 13.09750772
 13.19727777 13.12991576 13.2632236  13.49435571 13.06224266 13.24585656
 13.10526524 13.12116456 13.25153271 13.05195814 13.09815734 13.06087924
 13.05264805 13.07507544 13.55686007 13.11166725 13.06969844 13.17731497
 13.06834821 13.07037268] 56
bidsort lists= 56 56
 56
SNAP 39
EPS -0.02189717092365242
galrad= 0.01
!!! agesel
Found 265 stars.
Rotated pos.
Rotated vel.
Calculating circularities
dty= [13.42409848 13.14891165 13.12742647 12.99696208 13.09359798 13.30860183
 13.13363313 12.9965926  13.27220826 13.07808328 13.06122031 13.36212949
 13.11864427 13.15192696 13.16739327 13.09880636 13.14405923 13.23960106
 13.16029918 13.13794528 12.98804909 13.24585656 13.2632236  13.1261785
 13.06902366 13.08174338 13.06087924 12.99548314 13.55686007 13.08306984
 13.10139678 12.98935491 13.26120751 12.99825406 13.22366805 13.13115709
 13.0916353  13.10526524 12.99325993 13.12991576 13.25153271 13.11548133
 12.99677742 13.08074691 12.98355707 13.01378344 13.05402602 13.26120751
 13.51458841 13.49435571 13.01811563 13.08240688 12.98561894 12.9843074
 13.18020483 13.10042647 13.13855914 13.05264805 13.05195814 13.07171926
 13.05402602 13.14223074 13.12116456 13.1842292  12.99325993 13.29166819
 13.28783123 12.99954397 12.99733151 13.14405923 13.01811563 13.19671591
 12.98692841 13.1579177  13.03873365 13.23960106 12.99529809 13.01233424
 12.98580611 13.01305916 13.16739327 13.25562617 13.19727777 13.06224266
 13.12742647 13.02671134 13.18936683 13.03627321 12.98730212 13.02457094
 13.00468385 13.09815734 13.09229008 12.99400164 12.99733151 12.99363089
 13.12304897 13.16148677 13.05471408 12.99140254 13.17731497 13.00211789
 12.9843074  13.07708202 12.99400164 13.00687697 13.06969844 12.98916843
 13.20951269 13.09750772 13.2868677  13.01775541 13.30860183 13.03097512
 13.05126762 13.00138334 13.147096   13.02457094 13.08439404 13.01342132
 12.99880712 12.99065852 12.98730212 13.03943529 12.98991387 13.25204598
 13.01269679 12.99917572 13.00797134 13.05057648 12.98580611 13.01233424
 13.07440538 13.06767222 13.03662517 12.98692841 13.147096   13.03873365
 12.99437234 13.00211789 12.99991218 13.04884611 13.02671134 13.02920137
 13.07641369 13.00797134 13.00101577 13.14223074 13.08373228 13.01305916
 13.08373228 13.00395159 13.01378344 13.01342132 13.05814521 13.02099095
 13.01667413 13.02742355 13.06224266 13.06665711 13.09294433 12.99917572
 13.08736491 12.99400164 13.02671134 13.17905045 13.00064815 12.99917572
 13.0857159  13.00138334 13.11357683 13.07607936 13.08966737 12.99177432
 13.10975256 12.9910307  13.0949035  13.07171926 13.01088252 12.99696208
 12.99917572 13.00211789 13.01450709 12.98804909 13.12742647 13.10975256
 13.16385562 12.99474271 13.00724186] 189
glb= [13.42409848 13.14891165 13.12742647 12.99696208 13.09359798 13.30860183
 13.13363313 12.9965926  13.27220826 13.07808328 13.06122031 13.36212949
 13.11864427 13.15192696 13.16739327 13.09880636 13.14405923 13.23960106
 13.16029918 13.13794528 12.98804909 13.24585656 13.2632236  13.1261785
 13.06902366 13.08174338 13.06087924 12.99548314 13.55686007 13.08306984
 13.10139678 12.98935491 13.26120751 12.99825406 13.22366805 13.13115709
 13.0916353  13.10526524 12.99325993 13.12991576 13.25153271 13.11548133
 12.99677742 13.08074691 12.98355707 13.01378344 13.05402602 13.26120751
 13.51458841 13.49435571 13.01811563 13.08240688 12.98561894 12.9843074
 13.18020483 13.10042647 13.13855914 13.05264805 13.05195814 13.07171926
 13.05402602 13.14223074 13.12116456 13.1842292  12.99325993 13.29166819
 13.28783123 12.99954397 12.99733151 13.14405923 13.01811563 13.19671591
 12.98692841 13.1579177  13.03873365 13.23960106 12.99529809 13.01233424
 12.98580611 13.01305916 13.16739327 13.25562617 13.19727777 13.06224266
 13.12742647 13.02671134 13.18936683 13.03627321 12.98730212 13.02457094
 13.00468385 13.09815734 13.09229008 12.99400164 12.99733151 12.99363089
 13.12304897 13.16148677 13.05471408 12.99140254 13.17731497 13.00211789
 12.9843074  13.07708202 12.99400164 13.00687697 13.06969844 12.98916843
 13.20951269 13.09750772 13.2868677  13.01775541 13.30860183 13.03097512
 13.05126762 13.00138334 13.147096   13.02457094 13.08439404 13.01342132
 12.99880712 12.99065852 12.98730212 13.03943529 12.98991387 13.25204598
 13.01269679 12.99917572 13.00797134 13.05057648 12.98580611 13.01233424
 13.07440538 13.06767222 13.03662517 12.98692841 13.147096   13.03873365
 12.99437234 13.00211789 12.99991218 13.04884611 13.02671134 13.02920137
 13.07641369 13.00797134 13.00101577 13.14223074 13.08373228 13.01305916
 13.08373228 13.00395159 13.01378344 13.01342132 13.05814521 13.02099095
 13.01667413 13.02742355 13.06224266 13.06665711 13.09294433 12.99917572
 13.08736491 12.99400164 13.02671134 13.17905045 13.00064815 12.99917572
 13.0857159  13.00138334 13.11357683 13.07607936 13.08966737 12.99177432
 13.10975256 12.9910307  13.0949035  13.07171926 13.01088252 12.99696208
 12.99917572 13.00211789 13.01450709 12.98804909 13.12742647 13.10975256
 13.16385562 12.99474271 13.00724186] 189
bidsort lists= 189 189
 189
SNAP 40
EPS 0.0640647665841387
galrad= 0.01
!!! agesel
Found 529 stars.
Rotated pos.
Rotated vel.
Calculating circularities
dty= [13.18020483 12.93848841 12.93373292 12.98318169 13.0916353  13.1579177
 12.92173347 12.92394536 12.93054861 12.92895225 12.92835285 12.92233721
 13.08306984 12.92855276 13.00614661 12.92795313 12.93134579 13.12991576
 12.98730212 12.97866374 12.96573195 12.96189139 12.98336932 13.24481859
 12.92855276 12.93848841 12.92354355 12.95764718 12.96150646 12.98205436
 12.95609864 13.06122031 12.96573195 12.97108028 12.92775303 12.94203861
 12.92233721 13.12742647 12.97336233 12.92314169 12.97450111 12.92253842
 13.55686007 12.97828608 12.97828608 12.98991387 12.97260243 13.09555543
 12.95919297 12.94792411 12.93492419 12.9638138  12.93353425 13.12742647
 12.96458165 12.93848841 12.97450111 12.99400164 12.96458165 13.30628216
 12.94675016 12.92394536 12.99251745 13.07440538 12.92414617 13.00797134
 12.98730212 12.95143686 12.95919297 13.26120751 13.10268857 12.96993702
 13.51458841 13.39729796 13.00797134 12.99214605 12.9843074  13.06087924
 13.49435571 13.23644821 13.13794528 12.92294066 12.93254012 12.93174415
 13.31686813 12.92635208 12.99733151 12.96764586 12.99733151 12.97108028
 13.20951269 12.92414617 12.93888357 12.95143686 12.93174415 12.95396502
 12.99325993 13.147096   12.99065852 12.92133077 13.03309866 12.97753047
 12.92133077 12.96496529 12.98561894 12.94714168 12.94046249 12.93254012
 12.96649811 12.92895225 12.95163149 12.97298248 12.92494897 12.93293802
 13.35795657 12.95338229 12.92875251 12.99825406 12.93393158 12.99529809
 13.06969844 12.96342971 13.05264805 12.94085678 12.92173347 12.93373292
 13.36212949 12.93094723 12.96266095 12.92935168 12.95415919 12.93273915
 12.93551927 13.15192696 13.19727777 13.08901027 13.05402602 13.42409848
 12.97506996 12.92975076 12.96534872 12.95493556 12.93254012 12.94203861
 13.03592106 12.98355707 13.25204598 12.97753047 12.94518238 13.23960106
 13.29166819 13.24585656 12.99677742 12.98692841 12.9767742  12.93690604
 12.96150646 12.97450111 12.9843074  12.96688089 12.94321878 13.2868677
 12.96764586 12.92675261 13.17731497 12.93492419 12.98692841 12.95609864
 12.93690604 12.97753047 13.14891165 12.94557455 12.99548314 12.95996474
 12.94065964 13.16739327 12.95571115 13.1842292  12.92815292 12.93611394
 12.97960693 12.97146112 12.93413021 12.99400164 12.94125088 12.94105377
 12.93254012 12.95299355 13.25562617 12.93492419 13.16029918 12.92494897
 12.95996474 13.14345029 12.93134579 13.27220826 12.95377084 12.92575096
 12.98580611 12.92193473 12.97450111 13.03662517 13.23960106 12.92715294
 12.92955123 12.98580611 12.98935491 13.05195814 12.94125088 13.11548133
 12.98054907 13.08240688 12.94518238 13.08439404 12.97979538 12.95065746
 12.99954397 13.06902366 13.03943529 12.9756384  13.09880636 12.93927853
 12.95221546 12.94439743 12.94753299 12.95338229 12.94400479 12.93888357
 12.99325993 13.09815734 13.00395159 12.93293802 13.16148677 13.03943529
 12.94046249 13.10139678 13.00395159 13.01378344 13.0345111  13.10526524
 13.09815734 12.94439743 12.95065746 13.16739327 13.25511606 13.07171926
 13.23750102 12.95454747 12.97450111 12.93809319 13.25153271 12.97904106
 13.07808328 12.94675016 12.96304543 12.9498774  13.06834821 12.92374439
 12.98393226 12.98054907 12.96993702 12.97260243 13.00797134 12.93571751
 12.9245476  12.92534999 13.06224266 13.21826217 12.98655437 12.97146112
 12.94596667 13.09359798 12.9801724  13.16385562 13.14405923 12.94518238
 12.93234122 12.92334256 13.02884611 12.96841033 13.07507544 13.12116456
 12.93690604 13.07841678 12.97979538 12.99437234 12.92735308 13.13363313
 13.02955645 12.94164478 12.94361182 12.92675261 13.3214038  12.94400479
 12.96611513 13.03662517 12.92895225 12.92133077 12.94753299 13.2632236
 13.03380512 13.11611501 12.98804909 12.97412171 12.94282554 12.99917572
 13.30860183 13.26120751 12.97828608 12.97941832 12.99696208 13.01305916
 12.94085678 12.92955123 13.05402602 13.30860183 12.96342971 13.32185518
 12.98130211 13.0035851  12.95454747 12.97828608 13.11864427 13.01811563
 12.93492419 12.93333557 12.92374439 12.9965926  12.94792411 13.11166725
 12.98167833 13.24585656 12.97904106 12.949487   13.14527559 13.08174338
 13.05126762 12.92815292 12.95221546 12.9584204  13.10783284 12.92975076
 12.93174415 12.93014979 13.07708202 13.25816991 13.02314088 12.92815292
 13.22366805 13.09229008 13.1261785  13.09750772 12.97298248 13.24792704
 12.92534999 12.9910307  13.18135718 12.95764718 13.3186872  13.02671134
 12.95996474 13.0916353  13.06834821 13.10975256 12.97222219 13.08373228
 12.95377084 12.94439743 13.23697488 13.16798102 13.04153619 13.10042647
 12.95143686 13.13855914 12.94831517 13.14223074 13.19671591 12.97601715
 13.18936683 13.05471408 13.17847245 13.36378831 12.95996474 13.0804145
 13.28783123 12.92575096 12.9584204  13.13115709 13.16267223 12.93809319
 12.94125088 12.92575096 12.99806963 13.09032394 12.95609864 12.95687331
 13.16148677 13.14405923 12.9584204  12.95919297 12.93888357 13.1555278
 12.93571751 13.203425   12.98730212 12.99251745 13.09815734 13.02170831
 12.99622307 12.96458165 12.94831517 13.1842292  12.9763957  12.93809319
 13.13978513 12.92615172 12.98916843 12.93014979 12.93651002 13.31641229
 13.16798102 13.00285181 13.08107921 13.04780592 12.93014979 12.9584204
 13.16385562 13.10075007 13.29547806 13.01811563 13.0949035  12.94753299
 13.01378344 13.14284077 12.96993702 12.97298248 13.09359798 13.03239144
 13.08703537 12.94753299 13.02813514 13.31686813 13.09555543 13.09294433
 13.407174   12.94203861] 446
glb= [13.18020483 12.93848841 12.93373292 12.98318169 13.0916353  13.1579177
 12.92173347 12.92394536 12.93054861 12.92895225 12.92835285 12.92233721
 13.08306984 12.92855276 13.00614661 12.92795313 12.93134579 13.12991576
 12.98730212 12.97866374 12.96573195 12.96189139 12.98336932 13.24481859
 12.92855276 12.93848841 12.92354355 12.95764718 12.96150646 12.98205436
 12.95609864 13.06122031 12.96573195 12.97108028 12.92775303 12.94203861
 12.92233721 13.12742647 12.97336233 12.92314169 12.97450111 12.92253842
 13.55686007 12.97828608 12.97828608 12.98991387 12.97260243 13.09555543
 12.95919297 12.94792411 12.93492419 12.9638138  12.93353425 13.12742647
 12.96458165 12.93848841 12.97450111 12.99400164 12.96458165 13.30628216
 12.94675016 12.92394536 12.99251745 13.07440538 12.92414617 13.00797134
 12.98730212 12.95143686 12.95919297 13.26120751 13.10268857 12.96993702
 13.51458841 13.39729796 13.00797134 12.99214605 12.9843074  13.06087924
 13.49435571 13.23644821 13.13794528 12.92294066 12.93254012 12.93174415
 13.31686813 12.92635208 12.99733151 12.96764586 12.99733151 12.97108028
 13.20951269 12.92414617 12.93888357 12.95143686 12.93174415 12.95396502
 12.99325993 13.147096   12.99065852 12.92133077 13.03309866 12.97753047
 12.92133077 12.96496529 12.98561894 12.94714168 12.94046249 12.93254012
 12.96649811 12.92895225 12.95163149 12.97298248 12.92494897 12.93293802
 13.35795657 12.95338229 12.92875251 12.99825406 12.93393158 12.99529809
 13.06969844 12.96342971 13.05264805 12.94085678 12.92173347 12.93373292
 13.36212949 12.93094723 12.96266095 12.92935168 12.95415919 12.93273915
 12.93551927 13.15192696 13.19727777 13.08901027 13.05402602 13.42409848
 12.97506996 12.92975076 12.96534872 12.95493556 12.93254012 12.94203861
 13.03592106 12.98355707 13.25204598 12.97753047 12.94518238 13.23960106
 13.29166819 13.24585656 12.99677742 12.98692841 12.9767742  12.93690604
 12.96150646 12.97450111 12.9843074  12.96688089 12.94321878 13.2868677
 12.96764586 12.92675261 13.17731497 12.93492419 12.98692841 12.95609864
 12.93690604 12.97753047 13.14891165 12.94557455 12.99548314 12.95996474
 12.94065964 13.16739327 12.95571115 13.1842292  12.92815292 12.93611394
 12.97960693 12.97146112 12.93413021 12.99400164 12.94125088 12.94105377
 12.93254012 12.95299355 13.25562617 12.93492419 13.16029918 12.92494897
 12.95996474 13.14345029 12.93134579 13.27220826 12.95377084 12.92575096
 12.98580611 12.92193473 12.97450111 13.03662517 13.23960106 12.92715294
 12.92955123 12.98580611 12.98935491 13.05195814 12.94125088 13.11548133
 12.98054907 13.08240688 12.94518238 13.08439404 12.97979538 12.95065746
 12.99954397 13.06902366 13.03943529 12.9756384  13.09880636 12.93927853
 12.95221546 12.94439743 12.94753299 12.95338229 12.94400479 12.93888357
 12.99325993 13.09815734 13.00395159 12.93293802 13.16148677 13.03943529
 12.94046249 13.10139678 13.00395159 13.01378344 13.0345111  13.10526524
 13.09815734 12.94439743 12.95065746 13.16739327 13.25511606 13.07171926
 13.23750102 12.95454747 12.97450111 12.93809319 13.25153271 12.97904106
 13.07808328 12.94675016 12.96304543 12.9498774  13.06834821 12.92374439
 12.98393226 12.98054907 12.96993702 12.97260243 13.00797134 12.93571751
 12.9245476  12.92534999 13.06224266 13.21826217 12.98655437 12.97146112
 12.94596667 13.09359798 12.9801724  13.16385562 13.14405923 12.94518238
 12.93234122 12.92334256 13.02884611 12.96841033 13.07507544 13.12116456
 12.93690604 13.07841678 12.97979538 12.99437234 12.92735308 13.13363313
 13.02955645 12.94164478 12.94361182 12.92675261 13.3214038  12.94400479
 12.96611513 13.03662517 12.92895225 12.92133077 12.94753299 13.2632236
 13.03380512 13.11611501 12.98804909 12.97412171 12.94282554 12.99917572
 13.30860183 13.26120751 12.97828608 12.97941832 12.99696208 13.01305916
 12.94085678 12.92955123 13.05402602 13.30860183 12.96342971 13.32185518
 12.98130211 13.0035851  12.95454747 12.97828608 13.11864427 13.01811563
 12.93492419 12.93333557 12.92374439 12.9965926  12.94792411 13.11166725
 12.98167833 13.24585656 12.97904106 12.949487   13.14527559 13.08174338
 13.05126762 12.92815292 12.95221546 12.9584204  13.10783284 12.92975076
 12.93174415 12.93014979 13.07708202 13.25816991 13.02314088 12.92815292
 13.22366805 13.09229008 13.1261785  13.09750772 12.97298248 13.24792704
 12.92534999 12.9910307  13.18135718 12.95764718 13.3186872  13.02671134
 12.95996474 13.0916353  13.06834821 13.10975256 12.97222219 13.08373228
 12.95377084 12.94439743 13.23697488 13.16798102 13.04153619 13.10042647
 12.95143686 13.13855914 12.94831517 13.14223074 13.19671591 12.97601715
 13.18936683 13.05471408 13.17847245 13.36378831 12.95996474 13.0804145
 13.28783123 12.92575096 12.9584204  13.13115709 13.16267223 12.93809319
 12.94125088 12.92575096 12.99806963 13.09032394 12.95609864 12.95687331
 13.16148677 13.14405923 12.9584204  12.95919297 12.93888357 13.1555278
 12.93571751 13.203425   12.98730212 12.99251745 13.09815734 13.02170831
 12.99622307 12.96458165 12.94831517 13.1842292  12.9763957  12.93809319
 13.13978513 12.92615172 12.98916843 12.93014979 12.93651002 13.31641229
 13.16798102 13.00285181 13.08107921 13.04780592 12.93014979 12.9584204
 13.16385562 13.10075007 13.29547806 13.01811563 13.0949035  12.94753299
 13.01378344 13.14284077 12.96993702 12.97298248 13.09359798 13.03239144
 13.08703537 12.94753299 13.02813514 13.31686813 13.09555543 13.09294433
 13.407174   12.94203861] 446
bidsort lists= 446 446
 446
SNAP 41
EPS 0.18155508246410218
galrad= 0.01
!!! agesel
Found 792 stars.
Rotated pos.
Rotated vel.
Calculating circularities
dty= [12.90384416 13.00614661 12.90261179 12.8638002  13.18020483 12.89103016
 12.96189139 12.96573195 12.97260243 12.89310876 12.88873836 12.92895225
 12.91059347 12.91769826 12.86977657 12.97866374 12.95143686 12.91466002
 13.12991576 12.87083999 12.91425411 12.87359915 12.96458165 12.8640143
 12.90671348 12.86165679 12.92233721 12.91405114 12.97828608 12.91891069
 12.97450111 12.87381105 12.86187133 12.94203861 12.98730212 13.0916353
 12.87275106 12.89310876 12.92012157 13.55686007 12.88978081 12.91323879
 12.94361182 12.91161179 12.87930454 12.88350888 13.06969844 12.88665
 12.9843074  12.89331646 13.20951269 12.98318169 12.91547123 12.86785972
 12.87359915 13.1842292  13.19727777 12.93054861 12.89040562 12.91547123
 12.87972575 12.89559714 12.90343363 12.88329915 13.03309866 12.9185067
 12.87972575 12.93848841 12.87126493 13.12742647 12.92715294 12.8993174
 12.89890475 12.99400164 12.93134579 12.92414617 12.89766571 13.23644821
 13.00797134 12.95143686 12.99065852 12.88978081 12.91668666 12.99733151
 12.97108028 12.91222223 12.93134579 13.12742647 12.88434752 12.94675016
 13.13794528 12.97525945 12.98205436 12.87867232 13.1579177  12.95609864
 12.92173347 12.95415919 13.06122031 13.0345111  12.88978081 13.39729796
 13.51458841 12.98205436 12.91607908 12.9767742  12.90466491 12.97753047
 12.94125088 13.07171926 12.86956378 12.96649811 12.86272906 12.86807278
 13.35795657 12.87465824 12.86935097 12.93373292 12.91790039 13.15192696
 12.91567381 12.93393158 12.90158351 13.14345029 12.90896174 13.25204598
 13.07440538 12.95338229 12.92052474 13.49435571 12.97146112 13.03943529
 13.08240688 12.96688089 12.94321878 12.92835285 12.95571115 12.93888357
 12.93254012 12.8999359  12.86508394 12.92092786 12.98336932 12.86828597
 12.90055412 12.90834914 12.93094723 12.92233721 12.94557455 12.94125088
 12.96342971 12.91567381 12.88811231 12.8960113  12.95764718 12.89061382
 12.98991387 12.92374439 12.90834914 12.88308925 12.87930454 12.99214605
 12.96150646 13.08306984 12.97450111 12.90487002 12.86508394 12.97450111
 12.97753047 12.9638138  12.90957406 12.88811231 12.89103016 12.91749597
 12.98655437 12.8960113  12.8784615  12.95396502 12.91567381 13.03943529
 12.89766571 12.92855276 12.93611394 12.87888312 12.95065746 12.92855276
 13.10526524 12.96993702 12.90302274 12.93848841 12.8837186  12.94518238
 12.8960113  12.99251745 12.90076012 12.88308925 13.05264805 12.88852974
 12.92253842 12.94439743 12.92253842 12.86636609 12.96458165 12.88350888
 12.93254012 12.95299355 13.09555543 12.86230037 13.16385562 12.9843074
 13.05195814 12.97753047 12.95163149 13.16029918 13.17731497 12.88518548
 12.94046249 12.97108028 12.86187133 12.96764586 12.91201881 12.9245476
 12.88706808 13.23960106 12.96496529 12.9767742  12.86487022 12.89061382
 12.93273915 12.8993174  13.09815734 12.88769481 12.97146112 12.96611513
 12.96764586 12.98580611 12.91201881 12.93848841 13.11230432 12.92795313
 12.86849901 12.94714168 12.95065746 12.87083999 13.02955645 12.97960693
 12.96611513 12.93927853 12.89972985 12.93888357 12.98692841 12.87930454
 12.89704569 12.9498774  12.95454747 12.92895225 12.89040562 13.2868677
 13.23960106 13.09880636 12.89807897 13.3214038  13.29166819 12.91931447
 12.89103016 12.90220064 12.97260243 12.98730212 12.88811231 12.94753299
 12.86315768 12.86487022 12.99325993 13.27220826 12.89890475 12.87338722
 12.86230037 13.25153271 12.90753165 12.93690604 12.94046249 12.90834914
 12.89269345 13.07808328 13.12116456 12.97506996 12.95899988 12.95065746
 13.25562617 13.08174338 13.03662517 13.16739327 13.00395159 12.93293802
 12.94792411 13.41016724 12.88434752 12.92955123 12.98655437 12.88350888
 13.00797134 13.08439404 12.92775303 13.14891165 12.99954397 12.95919297
 13.03662517 13.10526524 13.42409848 12.93809319 13.22366805 12.96150646
 12.86657955 12.97979538 12.88350888 13.30860183 13.09229008 12.93413021
 12.94085678 12.88518548 13.11166725 12.97601715 13.10397805 12.87381105
 13.24792704 12.97828608 13.37280736 12.87423482 12.87677307 12.86358609
 12.94361182 13.17905045 13.16798102 13.10783284 12.96266095 13.10333357
 13.17847245 12.87508159 12.94085678 12.86358609 12.95377084 12.8763504
 12.99400164 12.86935097 13.10333357 12.94439743 12.88182941 13.14830696
 12.86358609 13.16089326 13.11102959 12.86615246 13.16029918 12.86487022
 12.88434752 13.30581695 12.97601715 13.00064815 12.88350888 12.89683884
 12.87253879 13.07607936 13.09815734 12.89518293 13.05814521 13.0949035
 12.90343363 12.88769481 13.00138334 12.86572531 13.02671134 12.91079714
 12.87083999 13.01088252 12.89186222 13.24689273 13.10847332 12.89103016
 12.88434752 12.89186222] 380
glb= [12.90384416 13.00614661 12.90261179 12.8638002  13.18020483 12.89103016
 12.96189139 12.96573195 12.97260243 12.89310876 12.88873836 12.92895225
 12.91059347 12.91769826 12.86977657 12.97866374 12.95143686 12.91466002
 13.12991576 12.87083999 12.91425411 12.87359915 12.96458165 12.8640143
 12.90671348 12.86165679 12.92233721 12.91405114 12.97828608 12.91891069
 12.97450111 12.87381105 12.86187133 12.94203861 12.98730212 13.0916353
 12.87275106 12.89310876 12.92012157 13.55686007 12.88978081 12.91323879
 12.94361182 12.91161179 12.87930454 12.88350888 13.06969844 12.88665
 12.9843074  12.89331646 13.20951269 12.98318169 12.91547123 12.86785972
 12.87359915 13.1842292  13.19727777 12.93054861 12.89040562 12.91547123
 12.87972575 12.89559714 12.90343363 12.88329915 13.03309866 12.9185067
 12.87972575 12.93848841 12.87126493 13.12742647 12.92715294 12.8993174
 12.89890475 12.99400164 12.93134579 12.92414617 12.89766571 13.23644821
 13.00797134 12.95143686 12.99065852 12.88978081 12.91668666 12.99733151
 12.97108028 12.91222223 12.93134579 13.12742647 12.88434752 12.94675016
 13.13794528 12.97525945 12.98205436 12.87867232 13.1579177  12.95609864
 12.92173347 12.95415919 13.06122031 13.0345111  12.88978081 13.39729796
 13.51458841 12.98205436 12.91607908 12.9767742  12.90466491 12.97753047
 12.94125088 13.07171926 12.86956378 12.96649811 12.86272906 12.86807278
 13.35795657 12.87465824 12.86935097 12.93373292 12.91790039 13.15192696
 12.91567381 12.93393158 12.90158351 13.14345029 12.90896174 13.25204598
 13.07440538 12.95338229 12.92052474 13.49435571 12.97146112 13.03943529
 13.08240688 12.96688089 12.94321878 12.92835285 12.95571115 12.93888357
 12.93254012 12.8999359  12.86508394 12.92092786 12.98336932 12.86828597
 12.90055412 12.90834914 12.93094723 12.92233721 12.94557455 12.94125088
 12.96342971 12.91567381 12.88811231 12.8960113  12.95764718 12.89061382
 12.98991387 12.92374439 12.90834914 12.88308925 12.87930454 12.99214605
 12.96150646 13.08306984 12.97450111 12.90487002 12.86508394 12.97450111
 12.97753047 12.9638138  12.90957406 12.88811231 12.89103016 12.91749597
 12.98655437 12.8960113  12.8784615  12.95396502 12.91567381 13.03943529
 12.89766571 12.92855276 12.93611394 12.87888312 12.95065746 12.92855276
 13.10526524 12.96993702 12.90302274 12.93848841 12.8837186  12.94518238
 12.8960113  12.99251745 12.90076012 12.88308925 13.05264805 12.88852974
 12.92253842 12.94439743 12.92253842 12.86636609 12.96458165 12.88350888
 12.93254012 12.95299355 13.09555543 12.86230037 13.16385562 12.9843074
 13.05195814 12.97753047 12.95163149 13.16029918 13.17731497 12.88518548
 12.94046249 12.97108028 12.86187133 12.96764586 12.91201881 12.9245476
 12.88706808 13.23960106 12.96496529 12.9767742  12.86487022 12.89061382
 12.93273915 12.8993174  13.09815734 12.88769481 12.97146112 12.96611513
 12.96764586 12.98580611 12.91201881 12.93848841 13.11230432 12.92795313
 12.86849901 12.94714168 12.95065746 12.87083999 13.02955645 12.97960693
 12.96611513 12.93927853 12.89972985 12.93888357 12.98692841 12.87930454
 12.89704569 12.9498774  12.95454747 12.92895225 12.89040562 13.2868677
 13.23960106 13.09880636 12.89807897 13.3214038  13.29166819 12.91931447
 12.89103016 12.90220064 12.97260243 12.98730212 12.88811231 12.94753299
 12.86315768 12.86487022 12.99325993 13.27220826 12.89890475 12.87338722
 12.86230037 13.25153271 12.90753165 12.93690604 12.94046249 12.90834914
 12.89269345 13.07808328 13.12116456 12.97506996 12.95899988 12.95065746
 13.25562617 13.08174338 13.03662517 13.16739327 13.00395159 12.93293802
 12.94792411 13.41016724 12.88434752 12.92955123 12.98655437 12.88350888
 13.00797134 13.08439404 12.92775303 13.14891165 12.99954397 12.95919297
 13.03662517 13.10526524 13.42409848 12.93809319 13.22366805 12.96150646
 12.86657955 12.97979538 12.88350888 13.30860183 13.09229008 12.93413021
 12.94085678 12.88518548 13.11166725 12.97601715 13.10397805 12.87381105
 13.24792704 12.97828608 13.37280736 12.87423482 12.87677307 12.86358609
 12.94361182 13.17905045 13.16798102 13.10783284 12.96266095 13.10333357
 13.17847245 12.87508159 12.94085678 12.86358609 12.95377084 12.8763504
 12.99400164 12.86935097 13.10333357 12.94439743 12.88182941 13.14830696
 12.86358609 13.16089326 13.11102959 12.86615246 13.16029918 12.86487022
 12.88434752 13.30581695 12.97601715 13.00064815 12.88350888 12.89683884
 12.87253879 13.07607936 13.09815734 12.89518293 13.05814521 13.0949035
 12.90343363 12.88769481 13.00138334 12.86572531 13.02671134 12.91079714
 12.87083999 13.01088252 12.89186222 13.24689273 13.10847332 12.89103016
 12.88434752 12.89186222] 380
bidsort lists= 380 380
 380
SNAP 42
EPS -0.047758098369062446
galrad= 0.01
!!! agesel
Found 950 stars.
Rotated pos.
Rotated vel.
Calculating circularities
dty= [12.85455001 12.85411762 12.90199504 12.79854059 12.91931447 13.02528503
 12.8040098  12.81890212 12.84717353 12.91769826 12.79166322 12.86187133
 12.86230037 12.8912383  12.89331646 12.80945026 12.90794057 12.86785972
 12.79762617 12.92394536 12.86058338 12.85670908 12.80332773 12.80150667
 12.90261179 12.95919297 12.79739756 12.90384416 12.97450111 12.90507498
 12.83930268 13.20951269 13.10268857 12.93373292 12.94203861 12.87529325
 12.81328658 13.147096   12.86956378 12.8012788  12.88224951 13.06969844
 12.92715294 12.91547123 12.84412005 12.86015365 12.97260243 12.87083999
 13.28783123 13.19727777 12.98655437 12.85130254 13.31686813 12.83402058
 12.79441962 12.9843074  12.90998196 13.04013616 12.98954124 12.79694
 12.80854548 12.83446183 12.79510755 12.79808349 12.88329915 12.91466002
 12.92895225 12.79051257 12.85670908 12.91547123 12.86935097 12.86251472
 12.88978081 12.98054907 12.79396071 12.85950871 12.85238626 12.88077821
 13.00797134 13.30628216 12.79074273 12.79028224 12.92815292 12.94125088
 12.80173453 12.81351178 12.8801469  12.87359915 12.79051257 13.03662517
 12.94518238 12.80673362 12.82158658 12.84542983 12.84105722 12.83754504
 12.80605334 12.84127623 12.84368303 12.79396071 12.85886333 12.86871217
 12.87275106 12.82915413 12.79327193 12.84542983 12.81621052 12.83402058
 12.84913154 12.86165679 12.96649811 12.97828608 12.79051257 12.8704147
 12.91567381 12.85778684 12.96150646 12.80423718 12.87126493 12.80469143
 12.80763998 12.90487002 12.90794057 12.93134579 12.90671348 12.84105722
 12.97069939 13.0453737  12.86165679 12.97525945 12.83776489 12.83842421
 12.88811231 12.89019741 12.87930454 12.79235296 12.79212306 12.960736
 12.85000052 12.91262901 12.84564807 12.79854059 12.79556599 13.2935765
 12.8638002  12.82515486 12.95571115 12.81845398 13.225817   12.84804426
 13.09880636 12.81643506 12.81463709 12.90302274 12.89766571 12.8331376
 12.81441212 12.88182941 12.92012157 12.9767742  13.07440538 12.83534368
 12.79533678 12.87930454 12.81665958 12.8401803  12.80673362 12.79258284
 12.81845398 12.82113958 12.99065852 12.81800563 12.85021768 12.79464904
 12.83424129 12.92354355 12.96993702 12.85498219 12.98205436 12.81845398
 12.85086864 13.10204297 12.85714035 12.81576125 12.83622483 13.19050295
 12.85455001 12.83534368 12.84804426 12.88434752 12.85455001 12.98879556
 12.81621052 12.84193329 12.87867232 12.92052474 12.90834914 12.83446183
 12.92112932 12.9584204  12.87105254 12.8784615  13.13115709 12.80537261
 13.3020807  12.88476653 12.90466491 12.86508394 12.85541415 12.79510755
 12.80310028 12.85670908 13.03943529 12.869138   12.85303586 12.79625322
 12.79945414 12.83710513 12.79120316 13.02813514 12.8584329  12.89766571
 12.79304225 12.82247979 12.81621052 12.84847931 12.91262901 12.86079815
 12.83930268 12.82959743 13.19839991 12.86487022 13.10590801 12.85238626
 12.90055412 12.86508394 12.79166322 12.9185067  12.86785972 12.7999106
 12.79648221 12.84891415 12.8010509  13.25816991 13.0345111  12.85832528
 12.84412005 12.7948783  12.80196222 12.82871047 12.98991387 12.8026452
 13.10462194 12.84324595 12.82359526 12.8195739  12.96993702 12.97753047
 12.83996092 12.93492419 12.86743311 12.82559993 12.82113958 12.81621052
 12.83136907 12.84061887 12.88518548 12.79419017 12.86721985 12.96688089
 12.80310028 12.81845398 12.81710843 12.84934892 12.84412005 12.82760075
 12.92855276 12.79028224 12.81733275 12.8993174  12.83908309 12.90896174
 12.79166322 12.83754504 12.86337197 12.85043469 12.83842421 12.82893231
 12.83556414 12.95919297 12.81080589 12.83556414 12.86101291 12.82203322
 12.83181145 13.13978513 12.83974152 12.86337197 12.81035418 12.86122765
 13.14223074 12.89310876 12.79854059 12.96955568 13.16798102 12.81486205
 12.82782282 12.92012157 12.8197976  12.86529779 12.82915413 12.89393904
 13.06019668 12.82559993 12.94753299 12.79945414 12.83534368 12.80514562
 12.88476653 12.8562776  12.80537261 12.80559959 13.02849065 12.90425464
 12.79143312 13.10975256 12.8026452  12.95338229 12.79235296 13.19559079
 12.81261058 12.86871217 13.09815734 12.82737852 12.81643506 12.81373697
 12.80628027 12.80036683 12.91790039 12.83092648 12.85886333 13.10333357
 13.23433704 12.79579503 13.03662517 12.98580611 12.84804426 13.11990552
 12.88308925 12.89683884 12.80945026 12.84934892 13.07037268 12.86101291
 12.82959743 12.85476611 12.8026452  12.83556414 12.94557455 13.00724186
 12.79464904 12.8597237  12.89435388 12.89061382 12.84412005 12.8597237
 12.98580611 12.80491861 12.82515486 12.85498219 12.82648972 12.81351178
 12.8763504  12.90712267 12.79625322 12.94164478 12.846738   12.80673362
 12.87168981 12.79968245 12.84542983 12.86315768 12.79854059 13.21934721
 12.80537261 12.82247979 12.81800563 12.86828597 12.84193329 12.838644
 12.79464904 12.83622483 13.30301723 12.84061887 12.88308925 13.14527559
 12.84193329 12.86422837 13.03592106 12.80491861 12.86230037 12.92374439
 12.81800563 12.81283598 12.86615246 12.83578444 12.847609   12.82203322
 12.83578444 12.80945026 12.83269571 12.82826675 13.12116456 12.92314169
 12.98692841 12.81486205 12.83512335 12.80173453 12.90220064 12.84826187
 13.36790971 12.8993174  13.06292352 12.81710843 13.11357683 12.86230037
 12.95454747 12.86807278 12.85021768 12.9958532  12.82915413 12.94831517
 12.92052474 13.17557491 12.89518293 13.05333734 12.86058338 12.80036683
 12.81035418 12.89310876 12.88852974 12.84149536 12.82559993 12.95609864
 12.83269571 12.884138   13.21390292 12.99917572 12.92414617 13.23644821
 12.846738   13.10268857 12.92294066 12.87930454 12.87888312 12.79166322
 12.84847931 12.79166322 12.847609   12.98130211 12.95919297 12.79143312
 12.7948783  12.83666516 12.85541415 12.80809284 12.84891415 12.79441962
 13.08107921 12.82158658 13.00248502 12.83710513 12.85173608 13.02884611
 12.83952211 12.86015365 12.80763998 12.84237101 12.80763998 12.847609
 12.8960113  12.81486205 12.83842421 13.19220341 12.93234122 12.84061887
 13.09815734 12.85065167 12.8801469  12.82515486 12.92775303 12.81261058
 12.94518238 12.93293802 13.1255537  12.93254012 12.91445708 12.96534872
 12.9910307  12.8784615  13.05402602 12.8040098  12.90014209 12.91810251
 12.83886363 12.90384416 12.87338722 12.86828597 12.82782282 12.86785972
 13.08505527 12.86444229 12.960736   12.82381821 12.83974152 12.9245476
 12.92394536 12.92494897 12.83556414 12.80628027 12.81125739 12.91971805
 13.22259069 12.87677307 12.91405114 12.79028224 12.91038965 12.91971805
 12.79189315 12.82559993 12.8026452  12.89766571 13.25511606 12.8584329
 12.87126493 12.83886363 12.92052474 12.87359915 12.91405114 12.8584329
 12.84368303 12.95919297 12.86657955 12.81486205 12.80899805 12.82693415
 12.88119876 12.81125739 12.88329915 12.82915413 13.08373228 13.22955937
 12.82915413 13.30020258 12.86187133 12.86871217 13.09294433 12.82826675
 12.80718691 13.08901027 13.10333357 12.84847931 12.87930454 12.79762617
 12.87465824 13.23750102 12.8763504  13.09032394 12.98916843 13.19952004
 12.85541415 12.90507498 12.91607908 13.03521646 12.90834914 12.86657955
 13.03097512 12.90014209 12.93967343 12.83930268 13.33256859 12.82737852
 12.87275106 13.03838255 12.89040562 12.99991218 13.12991576 13.31641229
 12.81486205 12.87508159 12.86272906 12.83710513 13.0202731  12.88434752
 12.81845398 13.15192696 12.89435388 12.91931447 13.0380314  12.80854548
 13.01269679 12.94675016 12.9767742  12.86015365 12.89207001 12.91951634
 13.00101577 12.90753165 12.88098857 12.92875251 12.86015365 12.79074273
 13.00138334 13.02457094 13.04223534 13.06767222 12.89227794 13.03873365
 12.85800226 13.01775541 12.90343363 12.87423482 12.83357912 12.97601715
 13.18135718 12.98280611 12.82024524 12.98130211 13.01305916 13.32185518
 12.87571621 12.92775303 12.88098857 12.90137772 12.87677307 12.99363089
 12.847609   12.87381105 12.83092648 13.29642636 12.83092648 12.81576125
 12.84455686 12.92173347 12.92815292 12.81621052 12.83446183 12.98692841
 12.99288879 12.83004066 13.24481859 12.83886363 12.90425464 12.88392831
 12.88098857 13.06767222 12.86315768 12.94557455 12.93254012 12.91425411
 12.97450111 12.8763504  12.8040098  13.02242491 13.03873365 13.03097512
 13.08373228 12.80582655 12.98318169 13.11990552 12.85886333 12.86871217
 12.89663198 12.85281935 13.07641369 12.99140254 12.90014209 12.8197976
 12.93492419 12.80582655 13.00468385 13.04884611 12.89683884 12.97222219
 13.01233424 12.97525945 13.04293388 12.83181145 12.94439743 12.90957406
 12.85151932 12.85021768 13.06224266 12.84193329 12.87761763 12.80763998
 12.85455001 13.3571175  13.12304897 12.97979538 13.00395159 13.23433704
 12.95919297 12.94596667 13.0202731  12.90178928 13.11484706 13.13978513
 12.86871217 13.11611501 13.1842292  13.04780592 12.87761763 12.93333557
 13.17441235 13.147096   12.97753047 12.92494897 12.92975076 13.08074691
 13.06428328 12.93014979 12.92032309 13.2591842  12.82737852 13.02813514
 13.04432896 13.14405923 13.00285181 13.00687697 13.03943529 12.98054907
 13.07841678 13.2591842  12.99806963 12.89061382 12.80310028 12.94518238
 12.9763957  12.98130211 13.01378344 13.10975256 12.91810251 12.98167833
 12.91709134 13.10075007 12.98730212 12.81665958 13.00285181 13.08703537
 12.81306121 12.93014979 12.79212306 12.81576125 12.80582655 12.82292614
 12.83004066] 757
glb= [12.85455001 12.85411762 12.90199504 12.79854059 12.91931447 13.02528503
 12.8040098  12.81890212 12.84717353 12.91769826 12.79166322 12.86187133
 12.86230037 12.8912383  12.89331646 12.80945026 12.90794057 12.86785972
 12.79762617 12.92394536 12.86058338 12.85670908 12.80332773 12.80150667
 12.90261179 12.95919297 12.79739756 12.90384416 12.97450111 12.90507498
 12.83930268 13.20951269 13.10268857 12.93373292 12.94203861 12.87529325
 12.81328658 13.147096   12.86956378 12.8012788  12.88224951 13.06969844
 12.92715294 12.91547123 12.84412005 12.86015365 12.97260243 12.87083999
 13.28783123 13.19727777 12.98655437 12.85130254 13.31686813 12.83402058
 12.79441962 12.9843074  12.90998196 13.04013616 12.98954124 12.79694
 12.80854548 12.83446183 12.79510755 12.79808349 12.88329915 12.91466002
 12.92895225 12.79051257 12.85670908 12.91547123 12.86935097 12.86251472
 12.88978081 12.98054907 12.79396071 12.85950871 12.85238626 12.88077821
 13.00797134 13.30628216 12.79074273 12.79028224 12.92815292 12.94125088
 12.80173453 12.81351178 12.8801469  12.87359915 12.79051257 13.03662517
 12.94518238 12.80673362 12.82158658 12.84542983 12.84105722 12.83754504
 12.80605334 12.84127623 12.84368303 12.79396071 12.85886333 12.86871217
 12.87275106 12.82915413 12.79327193 12.84542983 12.81621052 12.83402058
 12.84913154 12.86165679 12.96649811 12.97828608 12.79051257 12.8704147
 12.91567381 12.85778684 12.96150646 12.80423718 12.87126493 12.80469143
 12.80763998 12.90487002 12.90794057 12.93134579 12.90671348 12.84105722
 12.97069939 13.0453737  12.86165679 12.97525945 12.83776489 12.83842421
 12.88811231 12.89019741 12.87930454 12.79235296 12.79212306 12.960736
 12.85000052 12.91262901 12.84564807 12.79854059 12.79556599 13.2935765
 12.8638002  12.82515486 12.95571115 12.81845398 13.225817   12.84804426
 13.09880636 12.81643506 12.81463709 12.90302274 12.89766571 12.8331376
 12.81441212 12.88182941 12.92012157 12.9767742  13.07440538 12.83534368
 12.79533678 12.87930454 12.81665958 12.8401803  12.80673362 12.79258284
 12.81845398 12.82113958 12.99065852 12.81800563 12.85021768 12.79464904
 12.83424129 12.92354355 12.96993702 12.85498219 12.98205436 12.81845398
 12.85086864 13.10204297 12.85714035 12.81576125 12.83622483 13.19050295
 12.85455001 12.83534368 12.84804426 12.88434752 12.85455001 12.98879556
 12.81621052 12.84193329 12.87867232 12.92052474 12.90834914 12.83446183
 12.92112932 12.9584204  12.87105254 12.8784615  13.13115709 12.80537261
 13.3020807  12.88476653 12.90466491 12.86508394 12.85541415 12.79510755
 12.80310028 12.85670908 13.03943529 12.869138   12.85303586 12.79625322
 12.79945414 12.83710513 12.79120316 13.02813514 12.8584329  12.89766571
 12.79304225 12.82247979 12.81621052 12.84847931 12.91262901 12.86079815
 12.83930268 12.82959743 13.19839991 12.86487022 13.10590801 12.85238626
 12.90055412 12.86508394 12.79166322 12.9185067  12.86785972 12.7999106
 12.79648221 12.84891415 12.8010509  13.25816991 13.0345111  12.85832528
 12.84412005 12.7948783  12.80196222 12.82871047 12.98991387 12.8026452
 13.10462194 12.84324595 12.82359526 12.8195739  12.96993702 12.97753047
 12.83996092 12.93492419 12.86743311 12.82559993 12.82113958 12.81621052
 12.83136907 12.84061887 12.88518548 12.79419017 12.86721985 12.96688089
 12.80310028 12.81845398 12.81710843 12.84934892 12.84412005 12.82760075
 12.92855276 12.79028224 12.81733275 12.8993174  12.83908309 12.90896174
 12.79166322 12.83754504 12.86337197 12.85043469 12.83842421 12.82893231
 12.83556414 12.95919297 12.81080589 12.83556414 12.86101291 12.82203322
 12.83181145 13.13978513 12.83974152 12.86337197 12.81035418 12.86122765
 13.14223074 12.89310876 12.79854059 12.96955568 13.16798102 12.81486205
 12.82782282 12.92012157 12.8197976  12.86529779 12.82915413 12.89393904
 13.06019668 12.82559993 12.94753299 12.79945414 12.83534368 12.80514562
 12.88476653 12.8562776  12.80537261 12.80559959 13.02849065 12.90425464
 12.79143312 13.10975256 12.8026452  12.95338229 12.79235296 13.19559079
 12.81261058 12.86871217 13.09815734 12.82737852 12.81643506 12.81373697
 12.80628027 12.80036683 12.91790039 12.83092648 12.85886333 13.10333357
 13.23433704 12.79579503 13.03662517 12.98580611 12.84804426 13.11990552
 12.88308925 12.89683884 12.80945026 12.84934892 13.07037268 12.86101291
 12.82959743 12.85476611 12.8026452  12.83556414 12.94557455 13.00724186
 12.79464904 12.8597237  12.89435388 12.89061382 12.84412005 12.8597237
 12.98580611 12.80491861 12.82515486 12.85498219 12.82648972 12.81351178
 12.8763504  12.90712267 12.79625322 12.94164478 12.846738   12.80673362
 12.87168981 12.79968245 12.84542983 12.86315768 12.79854059 13.21934721
 12.80537261 12.82247979 12.81800563 12.86828597 12.84193329 12.838644
 12.79464904 12.83622483 13.30301723 12.84061887 12.88308925 13.14527559
 12.84193329 12.86422837 13.03592106 12.80491861 12.86230037 12.92374439
 12.81800563 12.81283598 12.86615246 12.83578444 12.847609   12.82203322
 12.83578444 12.80945026 12.83269571 12.82826675 13.12116456 12.92314169
 12.98692841 12.81486205 12.83512335 12.80173453 12.90220064 12.84826187
 13.36790971 12.8993174  13.06292352 12.81710843 13.11357683 12.86230037
 12.95454747 12.86807278 12.85021768 12.9958532  12.82915413 12.94831517
 12.92052474 13.17557491 12.89518293 13.05333734 12.86058338 12.80036683
 12.81035418 12.89310876 12.88852974 12.84149536 12.82559993 12.95609864
 12.83269571 12.884138   13.21390292 12.99917572 12.92414617 13.23644821
 12.846738   13.10268857 12.92294066 12.87930454 12.87888312 12.79166322
 12.84847931 12.79166322 12.847609   12.98130211 12.95919297 12.79143312
 12.7948783  12.83666516 12.85541415 12.80809284 12.84891415 12.79441962
 13.08107921 12.82158658 13.00248502 12.83710513 12.85173608 13.02884611
 12.83952211 12.86015365 12.80763998 12.84237101 12.80763998 12.847609
 12.8960113  12.81486205 12.83842421 13.19220341 12.93234122 12.84061887
 13.09815734 12.85065167 12.8801469  12.82515486 12.92775303 12.81261058
 12.94518238 12.93293802 13.1255537  12.93254012 12.91445708 12.96534872
 12.9910307  12.8784615  13.05402602 12.8040098  12.90014209 12.91810251
 12.83886363 12.90384416 12.87338722 12.86828597 12.82782282 12.86785972
 13.08505527 12.86444229 12.960736   12.82381821 12.83974152 12.9245476
 12.92394536 12.92494897 12.83556414 12.80628027 12.81125739 12.91971805
 13.22259069 12.87677307 12.91405114 12.79028224 12.91038965 12.91971805
 12.79189315 12.82559993 12.8026452  12.89766571 13.25511606 12.8584329
 12.87126493 12.83886363 12.92052474 12.87359915 12.91405114 12.8584329
 12.84368303 12.95919297 12.86657955 12.81486205 12.80899805 12.82693415
 12.88119876 12.81125739 12.88329915 12.82915413 13.08373228 13.22955937
 12.82915413 13.30020258 12.86187133 12.86871217 13.09294433 12.82826675
 12.80718691 13.08901027 13.10333357 12.84847931 12.87930454 12.79762617
 12.87465824 13.23750102 12.8763504  13.09032394 12.98916843 13.19952004
 12.85541415 12.90507498 12.91607908 13.03521646 12.90834914 12.86657955
 13.03097512 12.90014209 12.93967343 12.83930268 13.33256859 12.82737852
 12.87275106 13.03838255 12.89040562 12.99991218 13.12991576 13.31641229
 12.81486205 12.87508159 12.86272906 12.83710513 13.0202731  12.88434752
 12.81845398 13.15192696 12.89435388 12.91931447 13.0380314  12.80854548
 13.01269679 12.94675016 12.9767742  12.86015365 12.89207001 12.91951634
 13.00101577 12.90753165 12.88098857 12.92875251 12.86015365 12.79074273
 13.00138334 13.02457094 13.04223534 13.06767222 12.89227794 13.03873365
 12.85800226 13.01775541 12.90343363 12.87423482 12.83357912 12.97601715
 13.18135718 12.98280611 12.82024524 12.98130211 13.01305916 13.32185518
 12.87571621 12.92775303 12.88098857 12.90137772 12.87677307 12.99363089
 12.847609   12.87381105 12.83092648 13.29642636 12.83092648 12.81576125
 12.84455686 12.92173347 12.92815292 12.81621052 12.83446183 12.98692841
 12.99288879 12.83004066 13.24481859 12.83886363 12.90425464 12.88392831
 12.88098857 13.06767222 12.86315768 12.94557455 12.93254012 12.91425411
 12.97450111 12.8763504  12.8040098  13.02242491 13.03873365 13.03097512
 13.08373228 12.80582655 12.98318169 13.11990552 12.85886333 12.86871217
 12.89663198 12.85281935 13.07641369 12.99140254 12.90014209 12.8197976
 12.93492419 12.80582655 13.00468385 13.04884611 12.89683884 12.97222219
 13.01233424 12.97525945 13.04293388 12.83181145 12.94439743 12.90957406
 12.85151932 12.85021768 13.06224266 12.84193329 12.87761763 12.80763998
 12.85455001 13.3571175  13.12304897 12.97979538 13.00395159 13.23433704
 12.95919297 12.94596667 13.0202731  12.90178928 13.11484706 13.13978513
 12.86871217 13.11611501 13.1842292  13.04780592 12.87761763 12.93333557
 13.17441235 13.147096   12.97753047 12.92494897 12.92975076 13.08074691
 13.06428328 12.93014979 12.92032309 13.2591842  12.82737852 13.02813514
 13.04432896 13.14405923 13.00285181 13.00687697 13.03943529 12.98054907
 13.07841678 13.2591842  12.99806963 12.89061382 12.80310028 12.94518238
 12.9763957  12.98130211 13.01378344 13.10975256 12.91810251 12.98167833
 12.91709134 13.10075007 12.98730212 12.81665958 13.00285181 13.08703537
 12.81306121 12.93014979 12.79212306 12.81576125 12.80582655 12.82292614
 12.83004066] 757
bidsort lists= 757 757
 757
SNAP 43
EPS -0.011121913844172623
galrad= 0.01
!!! agesel
Found 818 stars.
Rotated pos.
Rotated vel.
Calculating circularities
dty= [12.7646388  12.78311823 12.74990912 ... 13.17557491 12.74990912
 13.08505527] 1171
glb= [12.7646388  12.78311823 12.74990912 ... 13.17557491 12.74990912
 13.08505527] 1171
bidsort lists= 1171 1171
 1171
SNAP 44
EPS 0.06476759161623954
galrad= 0.01
!!! agesel
Found 617 stars.
Rotated pos.
Rotated vel.
Calculating circularities
dty= [12.90507498 13.10268857 12.84368303 ... 13.13855914 13.14345029
 12.98730212] 1400
glb= [12.90507498 13.10268857 12.84368303 ... 13.13855914 13.14345029
 12.98730212] 1400
bidsort lists= 1400 1400
 1400
SNAP 45
EPS 0.08688235315387886
galrad= 0.01
!!! agesel
Found 733 stars.
Rotated pos.
Rotated vel.
Calculating circularities
dty= [12.81080589 12.73230631 12.80491861 ... 12.60843654 12.60735482
 12.62134347] 1872
glb= [12.81080589 12.73230631 12.80491861 ... 12.60843654 12.60735482
 12.62134347] 1872
bidsort lists= 1872 1872
 1872
SNAP 46
EPS 0.08523608949740166
galrad= 0.01
!!! agesel
Found 199 stars.
Rotated pos.
Rotated vel.
Calculating circularities
dty= [12.9638138  12.960736   12.69799654 13.2332786  12.58772028 12.59429973
 13.0857159  12.95221546 12.76133036 12.97298248 13.07171926 12.58441766
 13.07037268 12.73739916 13.18020483 12.77637203 12.9910307  12.62454897
 13.10268857 12.5383979  13.31321047 13.39729796 12.48713384 12.49424143
 12.46709309 12.49069236 12.4722059  13.11357683 12.8784615  12.98655437
 12.50366024 13.12242139 12.57111947 12.6351732  13.08637593 12.94831517
 12.69297302 13.08240688 13.47345982 13.25613581 12.64150303 12.98205436
 13.44241689 13.30301723 12.50307342 13.1373309  12.87423482 12.52230069
 13.00870005 13.04013616 13.13239624 12.46980224 12.48772769 12.48535115
 13.00942813 12.50892934 12.51534117 12.65614346 13.27811886 12.79212306
 12.66649114 13.02742355 13.30581695 13.19502746 13.03662517 13.19389936
 13.05402602 13.10010269 13.38797721 12.98954124 13.38954446 12.49660224
 12.76322209 12.93888357 12.76133036 12.89849189 12.78195812 13.13978513
 12.52461234 12.77169426 12.68691542 12.4716054  13.02099095 13.09294433
 12.61059715 12.97601715 12.92775303 13.15432962 12.64045048 12.82737852
 12.72082247 12.74607521 12.77637203 12.49954764 12.460448   12.87677307
 12.49069236 12.92775303 12.75182105 13.312292   13.11864427 13.00578114
 13.08637593 12.80673362 12.64570455 12.57889372 12.46739425 13.00724186
 13.16029918 12.63199572 12.99548314 12.5744571  13.55270423 12.510681
 12.56777302 12.51650355 12.59539286 12.61383097 12.47460538 12.89103016
 12.51708437 12.78843822 12.50892934 12.7594351  12.48356605 12.69598981
 12.84237101 12.48713384 13.299261   12.87508159 13.00870005 12.64255481
 12.72082247 12.92775303 12.70598849 12.6383424  12.95143686 12.49778124
 12.94125088 13.09555543 13.04780592 12.9584204  12.77730501 13.04988487
 12.54182154 13.44856345 13.04849952 12.88852974 12.52922372 12.530374
 12.70946732 13.27615563 12.50131164 13.147096   12.49424143 12.49424143
 12.80310028 12.53725463 13.12742647 12.97525945 12.58110627 13.07574484
 13.10975256 12.56665545 12.49895909 12.91161179 13.23115613 13.00064815
 12.86487022 12.51301314 12.72767826 12.51766511 12.48832112 12.98505708
 12.91971805 12.96993702 12.51184764 12.8640143  13.42840116 12.76793719
 12.69699363 13.09425104 12.51359543 12.95687331 12.61812949 12.71293536
 13.28590249 12.94909654 13.22688859 13.08637593 12.4722059  12.88350888
 12.99251745 12.96688089 12.6879273  12.48832112 12.8801469  13.10333357
 12.47520463 12.85886333 12.69699363 12.9910307  13.02314088 13.0730635
 13.27909783 12.9767742  13.00724186 12.55880574 13.02314088 13.10719177
 12.61490701 12.71885588 12.75277575 12.59757642 12.72865421 12.70797766
 12.59211045 12.60084454 12.83446183 13.02385622 13.04780592 13.0259985
 13.10333357 12.63199572 12.51184764 12.59429973 12.62348141 13.0345111
 12.68387473 12.65718237 13.18936683] 231
glb= [12.9638138  12.960736   12.69799654 13.2332786  12.58772028 12.59429973
 13.0857159  12.95221546 12.76133036 12.97298248 13.07171926 12.58441766
 13.07037268 12.73739916 13.18020483 12.77637203 12.9910307  12.62454897
 13.10268857 12.5383979  13.31321047 13.39729796 12.48713384 12.49424143
 12.46709309 12.49069236 12.4722059  13.11357683 12.8784615  12.98655437
 12.50366024 13.12242139 12.57111947 12.6351732  13.08637593 12.94831517
 12.69297302 13.08240688 13.47345982 13.25613581 12.64150303 12.98205436
 13.44241689 13.30301723 12.50307342 13.1373309  12.87423482 12.52230069
 13.00870005 13.04013616 13.13239624 12.46980224 12.48772769 12.48535115
 13.00942813 12.50892934 12.51534117 12.65614346 13.27811886 12.79212306
 12.66649114 13.02742355 13.30581695 13.19502746 13.03662517 13.19389936
 13.05402602 13.10010269 13.38797721 12.98954124 13.38954446 12.49660224
 12.76322209 12.93888357 12.76133036 12.89849189 12.78195812 13.13978513
 12.52461234 12.77169426 12.68691542 12.4716054  13.02099095 13.09294433
 12.61059715 12.97601715 12.92775303 13.15432962 12.64045048 12.82737852
 12.72082247 12.74607521 12.77637203 12.49954764 12.460448   12.87677307
 12.49069236 12.92775303 12.75182105 13.312292   13.11864427 13.00578114
 13.08637593 12.80673362 12.64570455 12.57889372 12.46739425 13.00724186
 13.16029918 12.63199572 12.99548314 12.5744571  13.55270423 12.510681
 12.56777302 12.51650355 12.59539286 12.61383097 12.47460538 12.89103016
 12.51708437 12.78843822 12.50892934 12.7594351  12.48356605 12.69598981
 12.84237101 12.48713384 13.299261   12.87508159 13.00870005 12.64255481
 12.72082247 12.92775303 12.70598849 12.6383424  12.95143686 12.49778124
 12.94125088 13.09555543 13.04780592 12.9584204  12.77730501 13.04988487
 12.54182154 13.44856345 13.04849952 12.88852974 12.52922372 12.530374
 12.70946732 13.27615563 12.50131164 13.147096   12.49424143 12.49424143
 12.80310028 12.53725463 13.12742647 12.97525945 12.58110627 13.07574484
 13.10975256 12.56665545 12.49895909 12.91161179 13.23115613 13.00064815
 12.86487022 12.51301314 12.72767826 12.51766511 12.48832112 12.98505708
 12.91971805 12.96993702 12.51184764 12.8640143  13.42840116 12.76793719
 12.69699363 13.09425104 12.51359543 12.95687331 12.61812949 12.71293536
 13.28590249 12.94909654 13.22688859 13.08637593 12.4722059  12.88350888
 12.99251745 12.96688089 12.6879273  12.48832112 12.8801469  13.10333357
 12.47520463 12.85886333 12.69699363 12.9910307  13.02314088 13.0730635
 13.27909783 12.9767742  13.00724186 12.55880574 13.02314088 13.10719177
 12.61490701 12.71885588 12.75277575 12.59757642 12.72865421 12.70797766
 12.59211045 12.60084454 12.83446183 13.02385622 13.04780592 13.0259985
 13.10333357 12.63199572 12.51184764 12.59429973 12.62348141 13.0345111
 12.68387473 12.65718237 13.18936683] 231
bidsort lists= 231 231
 231
SNAP 47
EPS 0.0695846357830128
galrad= 0.01
!!! agesel
Found 348 stars.
Rotated pos.
Rotated vel.
Calculating circularities
dty= [12.62161094 13.16739327 12.65614346 ... 12.67368056 12.93927853
 12.82203322] 1340
glb= [12.62161094 13.16739327 12.65614346 ... 12.67368056 12.93927853
 12.82203322] 1340
bidsort lists= 1340 1340
 1340
SNAP 48
EPS 0.06123924523330979
galrad= 0.01
!!! agesel
Found 350 stars.
Rotated pos.
Rotated vel.
Calculating circularities
dty= [12.62161094 12.62641496 12.93927853 ... 12.54409899 12.72180441
 12.60193196] 1643
glb= [12.62161094 12.62641496 12.93927853 ... 12.54409899 12.72180441
 12.60193196] 1643
bidsort lists= 1643 1643
 1643
SNAP 49
EPS 0.016589478338883287
galrad= 0.01
!!! agesel
Found 938 stars.
Rotated pos.
Rotated vel.
Calculating circularities
dty= [12.44736724 12.55542678 12.36381658 ... 12.5888193  12.16482194
 12.27218181] 5956
glb= [12.44736724 12.55542678 12.36381658 ... 12.5888193  12.16482194
 12.27218181] 5956
bidsort lists= 5956 5956
 5956
SNAP 50
EPS 0.05522593969419613
galrad= 0.01
!!! agesel
Found 1122 stars.
Rotated pos.
Rotated vel.
Calculating circularities
dty= [12.06209466 12.06773547 12.06656993 ... 12.46618883 12.08897095
 12.09510112] 7260
glb= [12.06209466 12.06773547 12.06656993 ... 12.46618883 12.08897095
 12.09510112] 7260
bidsort lists= 7260 7260
 7260
SNAP 51
EPS 0.05783949840876318
galrad= 0.01
!!! agesel
Found 1412 stars.
Rotated pos.
Rotated vel.
Calculating circularities
dty= [12.55542678 12.36381658 12.06209466 ... 12.55655402 12.88518548
 11.92440622] 8962
glb= [12.55542678 12.36381658 12.06209466 ... 12.55655402 12.88518548
 11.92440622] 8962
bidsort lists= 8962 8962
 8962
SNAP 52
EPS 0.04242481491790193
galrad= 0.01
!!! agesel
Found 1182 stars.
Rotated pos.
Rotated vel.
Calculating circularities
dty= [12.51272179 12.32559593 11.91114811 ... 12.87930454 13.10494364
 12.57223303] 10862
glb= [12.51272179 12.32559593 11.91114811 ... 12.87930454 13.10494364
 12.57223303] 10862
bidsort lists= 10862 10862
 10862
SNAP 53
EPS 0.05191590691193852
galrad= 0.01
!!! agesel
Found 4277 stars.
Rotated pos.
Rotated vel.
Calculating circularities
dty= [12.34605756 12.37623511 11.97593173 ... 11.627869   12.89683884
 11.69639841] 14797
glb= [12.34605756 12.37623511 11.97593173 ... 11.627869   12.89683884
 11.69639841] 14797
bidsort lists= 14797 14797
 14797
SNAP 54
EPS -0.044983440497676073
galrad= 0.01
!!! agesel
Found 5742 stars.
Rotated pos.
Rotated vel.
Calculating circularities
dty= [12.3055287  11.50159135 11.50420529 ... 11.52254805 12.46075078
 13.13053669] 22355
glb= [12.3055287  11.50159135 11.50420529 ... 11.52254805 12.46075078
 13.13053669] 22355
bidsort lists= 22355 22355
 22355
SNAP 55
EPS 0.06718116028622183
galrad= 0.01
!!! agesel
Found 1753 stars.
Rotated pos.
Rotated vel.
Calculating circularities
dty= [11.44074562 11.41748227 11.43930611 ... 12.47400589 12.51650355
 12.59648519] 25668
glb= [11.44074562 11.41748227 11.43930611 ... 12.47400589 12.51650355
 12.59648519] 25668
bidsort lists= 25668 25668
 25668
SNAP 56
EPS 0.01926946427144951
galrad= 0.01
!!! agesel
Found 2210 stars.
Rotated pos.
Rotated vel.
Calculating circularities
dty= [11.46987343 11.47954841 12.55542678 ... 11.66999921 11.32289676
 12.03124641] 29275
glb= [11.46987343 11.47954841 12.55542678 ... 11.66999921 11.32289676
 12.03124641] 29275
bidsort lists= 29275 29275
 29275
SNAP 57
EPS 0.03727458510691742
galrad= 0.01
!!! agesel
Found 2440 stars.
Rotated pos.
Rotated vel.
Calculating circularities
dty= [11.50617932 11.43681792 11.73402542 ... 13.16739327 12.85800226
 11.37929391] 33073
glb= [11.50617932 11.43681792 11.73402542 ... 13.16739327 12.85800226
 11.37929391] 33073
bidsort lists= 33073 33073
 33073
SNAP 58
EPS 0.08245752639377592
galrad= 0.01
!!! agesel
Found 3745 stars.
Rotated pos.
Rotated vel.
Calculating circularities
dty= [11.49616356 13.02528503 11.22813304 ... 11.6945233  11.63366108
 12.70797766] 38311
glb= [11.49616356 13.02528503 11.22813304 ... 11.6945233  11.63366108
 12.70797766] 38311
bidsort lists= 38311 38311
 38311
SNAP 59
EPS 0.06564285079422988
galrad= 0.01
!!! agesel
Found 4353 stars.
Rotated pos.
Rotated vel.
Calculating circularities
dty= [11.46456773 10.82234687 11.49891093 ... 11.30639616 11.33602232
 11.355044  ] 44830
glb= [11.46456773 10.82234687 11.49891093 ... 11.30639616 11.33602232
 11.355044  ] 44830
bidsort lists= 44830 44830
 44830
SNAP 60
EPS 0.060311974865293425
galrad= 0.01
!!! agesel
Found 4224 stars.
Rotated pos.
Rotated vel.
Calculating circularities
dty= [11.50159135 12.06209466 11.73310424 ... 11.2652428  11.31300882
 11.47916202] 51370
glb= [11.50159135 12.06209466 11.73310424 ... 11.2652428  11.31300882
 11.47916202] 51370
bidsort lists= 51370 51370
 51370
SNAP 61
EPS 0.11584887422590318
galrad= 0.01
!!! agesel
Found 3631 stars.
Rotated pos.
Rotated vel.
Calculating circularities
dty= [11.80667422 11.73287388 11.50159135 ... 11.15074318 11.25288322
 11.47400591] 57307
glb= [11.80667422 11.73287388 11.50159135 ... 11.15074318 11.25288322
 11.47400591] 57307
bidsort lists= 57307 57307
 57307
SNAP 62
EPS 0.11152548334997306
galrad= 0.01
!!! agesel
Found 3741 stars.
Rotated pos.
Rotated vel.
Calculating circularities
dty= [12.28758264 12.74799379 11.41272427 ... 11.24950244 13.25307115
 11.67189551] 63020
glb= [12.28758264 12.74799379 11.41272427 ... 11.24950244 13.25307115
 11.67189551] 63020
bidsort lists= 63020 63020
 63020
SNAP 63
EPS 0.08841175828014719
galrad= 0.01
!!! agesel
Found 5415 stars.
Rotated pos.
Rotated vel.
Calculating circularities
dty= [11.40171865 11.73287388 11.41272427 ... 11.80956373 11.07819151
 11.08837212] 72308
glb= [11.40171865 11.73287388 11.41272427 ... 11.80956373 11.07819151
 11.08837212] 72308
bidsort lists= 72308 72308
 72308
SNAP 64
EPS 0.1339810464964914
galrad= 0.01
!!! agesel
Found 7116 stars.
Rotated pos.
Rotated vel.
Calculating circularities
dty= [12.06209466 11.50159135 10.20239635 ... 10.93588702 10.93462735
 10.90741672] 83453
glb= [12.06209466 11.50159135 10.20239635 ... 10.93588702 10.93462735
 10.90741672] 83453
bidsort lists= 83453 83453
 83453
SNAP 65
EPS 0.1614045141676745
galrad= 0.01
!!! agesel
Found 7202 stars.
Rotated pos.
Rotated vel.
Calculating circularities
dty= [11.50853392 10.20239635 11.73287388 ... 10.88124337 10.95847139
 12.9009661 ] 93357
glb= [11.50853392 10.20239635 11.73287388 ... 10.88124337 10.95847139
 12.9009661 ] 93357
bidsort lists= 93357 93357
 93357
SNAP 66
EPS 0.21319734809211915
galrad= 0.01
!!! agesel
Found 7347 stars.
Rotated pos.
Rotated vel.
Calculating circularities
dty= [12.06209466 11.50159135 11.85046704 ... 10.86130475 10.88124337
 10.79544528] 105677
glb= [12.06209466 11.50159135 11.85046704 ... 10.86130475 10.88124337
 10.79544528] 105677
bidsort lists= 105677 105677
 105677
SNAP 67
EPS 0.2866763238688206
galrad= 0.01
!!! agesel
Found 7119 stars.
Rotated pos.
Rotated vel.
Calculating circularities
dty= [12.06209466 11.50159135 11.37607381 ... 10.94343392 10.90932318
 11.03009844] 116291
glb= [12.06209466 11.50159135 11.37607381 ... 10.94343392 10.90932318
 11.03009844] 116291
bidsort lists= 116291 116291
 116291
SNAP 68
EPS 0.35269492111376327
galrad= 0.01
!!! agesel
Found 6194 stars.
Rotated pos.
Rotated vel.
Calculating circularities
dty= [12.06209466 11.50159135 11.50356799 ... 10.85031621 10.90550908
 10.94469003] 125486
glb= [12.06209466 11.50159135 11.50356799 ... 10.85031621 10.90550908
 10.94469003] 125486
bidsort lists= 125486 125486
 125486
SNAP 69
EPS 0.39558044766327527
galrad= 0.01
!!! agesel
Found 6559 stars.
Rotated pos.
Rotated vel.
Calculating circularities
dty= [11.50159135 12.05741294 12.06209466 ... 12.1254343  11.09762255
 11.12607844] 137125
glb= [11.50159135 12.05741294 12.06209466 ... 12.1254343  11.09762255
 11.12607844] 137125
bidsort lists= 137125 137125
 137125
SNAP 70
EPS 0.4248944124887355
galrad= 0.01
!!! agesel
Found 7839 stars.
Rotated pos.
Rotated vel.
Calculating circularities
dty= [12.06209466 10.20239635 11.50853392 ... 11.48430734 10.99697118
 10.79412689] 150114
glb= [12.06209466 10.20239635 11.50853392 ... 11.48430734 10.99697118
 10.79412689] 150114
bidsort lists= 150114 150114
 150114
SNAP 71
EPS 0.47092550916279236
galrad= 0.01
!!! agesel
Found 9880 stars.
Rotated pos.
Rotated vel.
Calculating circularities
dty= [12.06209466 12.06656993 11.85046704 ... 12.15819723 12.64045048
 10.94970878] 166419
glb= [12.06209466 12.06656993 11.85046704 ... 12.15819723 12.64045048
 10.94970878] 166419
bidsort lists= 166419 166419
 166419
SNAP 72
EPS 0.47518397438852983
galrad= 0.01
!!! agesel
Found 9047 stars.
Rotated pos.
Rotated vel.
Calculating circularities
dty= [12.06209466 11.80667422 11.47374813 ... 11.97572741 12.949487
 11.66049409] 177972
glb= [12.06209466 11.80667422 11.47374813 ... 11.97572741 12.949487
 11.66049409] 177972
bidsort lists= 177972 177972
 177972
SNAP 73
EPS 0.5161988214500025
galrad= 0.010005564987659456
!!! agesel
Found 9941 stars.
Rotated pos.
Rotated vel.
Calculating circularities
dty= [12.06209466 11.50159135 11.73310424 ... 10.48904179 10.74764562
 10.86324001] 199066
glb= [12.06209466 11.50159135 11.73310424 ... 10.48904179 10.74764562
 10.86324001] 199066
bidsort lists= 199066 199066
 199066
SNAP 74
EPS 0.5123142465079045
galrad= 0.010855800658464433
!!! agesel
Found 11470 stars.
Rotated pos.
Rotated vel.
Calculating circularities
dty= [11.50356799 11.52419124 11.7655654  ...  9.53093259 10.88124337
 11.48430734] 216149
glb= [11.50356799 11.52419124 11.7655654  ...  9.53093259 10.88124337
 11.48430734] 216149
bidsort lists= 216149 216149
 216149
SNAP 75