loading halo 1 level 4
/eagle/projects/Auriga/Auriga/level4/Original/mergertrees/Au-1/trees_sf1_127
Hubble parameter= 0.6777
There are 705 trees in file /eagle/projects/Auriga/Auriga/level4/Original/mergertrees/Au-1/trees_sf1_127.0.hdf5
Loading desc (Descendant) for blockname /Tree0.
Loading fnum (FileNr) for blockname /Tree0.
Loading fhfg (FirstHaloInFOFGroup) for blockname /Tree0.
Loading fpin (FirstProgenitor) for blockname /Tree0.
Loading fmc2 (Group_M_Crit200) for blockname /Tree0.
Loading fmm2 (Group_M_Mean200) for blockname /Tree0.
Loading fmt2 (Group_M_TopHat200) for blockname /Tree0.
Loading frc2 (Group_R_Crit200) for blockname /Tree0.
Loading nhfg (NextHaloInFOFGroup) for blockname /Tree0.
Loading npin (NextProgenitor) for blockname /Tree0.
Loading snum (SnapNum) for blockname /Tree0.
Loading sbhm (SubhaloBHMass) for blockname /Tree0.
Loading sbhd (SubhaloBHMdot) for blockname /Tree0.
Loading sgmt (SubhaloGasMetallicity) for blockname /Tree0.
Loading sgmf (SubhaloGasMetallicitySfr) for blockname /Tree0.
Loading sgnr (SubhaloGrNr) for blockname /Tree0.
Loading shmt (SubhaloHalfmassRadType) for blockname /Tree0.
Key SubhaloIDMostBound not found in conversion table, skipping.
Loading slen (SubhaloLen) for blockname /Tree0.
Loading slty (SubhaloLenType) for blockname /Tree0.
Loading smit (SubhaloMassInRadType) for blockname /Tree0.
Loading smty (SubhaloMassType) for blockname /Tree0.
Loading sbnr (SubhaloNumber) for blockname /Tree0.
Loading soty (SubhaloOffsetType) for blockname /Tree0.
Loading spos (SubhaloPos) for blockname /Tree0.
Loading ssfr (SubhaloSFR) for blockname /Tree0.
Loading ssfi (SubhaloSFRinRad) for blockname /Tree0.
Loading sspi (SubhaloSpin) for blockname /Tree0.
Loading ssmt (SubhaloStarMetallicity) for blockname /Tree0.
Loading ssph (SubhaloStellarPhotometrics) for blockname /Tree0.
Loading svmx (SubhaloVMax) for blockname /Tree0.
Loading svel (SubhaloVel) for blockname /Tree0.
Loading svdi (SubhaloVelDisp) for blockname /Tree0.
galrad= 0.01
!!! agesel
Found 91 stars.
Rotated pos.
Rotated vel.
Calculating circularities
dty= [13.43687023 13.41792411 13.5682611  13.43371544 13.57423675 13.41974981
 13.48864359 13.43441866 13.57604781 13.42481881 13.43088997 13.46963959
 13.47911441 13.41755799 13.47849058 13.58922844 13.4105399  13.50779268
 13.50434011 13.48345041 13.58404032 13.45693909 13.42840116 13.53517749] 24
glb= [13.43687023 13.41792411 13.5682611  13.43371544 13.57423675 13.41974981
 13.48864359 13.43441866 13.57604781 13.42481881 13.43088997 13.46963959
 13.47911441 13.41755799 13.47849058 13.58922844 13.4105399  13.50779268
 13.50434011 13.48345041 13.58404032 13.45693909 13.42840116 13.53517749] 24
bidsort lists= 24 24
 24
SNAP 30
EPS -0.05815816780434949
galrad= 0.01
!!! agesel
Found 110 stars.
Rotated pos.
Rotated vel.
Calculating circularities
dty= [13.43441866 13.47911441 13.5682611  13.40642237 13.41755799 13.57604781
 13.45693909 13.4105399  13.43687023 13.43371544 13.48864359 13.39921495
 13.48345041 13.41792411 13.46835715 13.47849058 13.46963959 13.58922844
 13.43088997 13.5413959  13.41974981 13.42840116 13.58404032 13.39768202
 13.41202726 13.42982519 13.53517749 13.43053534 13.39652881 13.39806575
 13.4877328  13.60574491 13.54445578 13.38640434 13.54445578 13.55146993] 36
glb= [13.43441866 13.47911441 13.5682611  13.40642237 13.41755799 13.57604781
 13.45693909 13.4105399  13.43687023 13.43371544 13.48864359 13.39921495
 13.48345041 13.41792411 13.46835715 13.47849058 13.46963959 13.58922844
 13.43088997 13.5413959  13.41974981 13.42840116 13.58404032 13.39768202
 13.41202726 13.42982519 13.53517749 13.43053534 13.39652881 13.39806575
 13.4877328  13.60574491 13.54445578 13.38640434 13.54445578 13.55146993] 36
bidsort lists= 36 36
 36
SNAP 31
EPS -0.07881106248260075
galrad= 0.01
!!! agesel
Found 148 stars.
Rotated pos.
Rotated vel.
Calculating circularities
dty= [13.45693909 13.40642237 13.5682611  13.43687023 13.43441866 13.36626551
 13.37199475 13.48864359 13.37705031 13.41755799 13.48345041 13.37483278
 13.37644656 13.47911441 13.47849058 13.37280736 13.35795657 13.52828962
 13.41792411 13.46835715 13.35247617 13.43371544 13.57604781 13.58922844
 13.41128422 13.41276897 13.36995677 13.41202726 13.39921495 13.35120242
 13.35395785 13.451936   13.4105399  13.37036504 13.46963959 13.36954804
 13.3816522  13.41974981 13.58404032 13.42840116 13.5413959  13.5563744
 13.52882511 13.43053534 13.43195188 13.45126388 13.53517749 13.48035875
 13.37361862 13.37199475 13.3571175  13.40264413] 52
glb= [13.45693909 13.40642237 13.5682611  13.43687023 13.43441866 13.36626551
 13.37199475 13.48864359 13.37705031 13.41755799 13.48345041 13.37483278
 13.37644656 13.47911441 13.47849058 13.37280736 13.35795657 13.52828962
 13.41792411 13.46835715 13.35247617 13.43371544 13.57604781 13.58922844
 13.41128422 13.41276897 13.36995677 13.41202726 13.39921495 13.35120242
 13.35395785 13.451936   13.4105399  13.37036504 13.46963959 13.36954804
 13.3816522  13.41974981 13.58404032 13.42840116 13.5413959  13.5563744
 13.52882511 13.43053534 13.43195188 13.45126388 13.53517749 13.48035875
 13.37361862 13.37199475 13.3571175  13.40264413] 52
bidsort lists= 52 52
 52
SNAP 32
EPS -0.054666558451852296
galrad= 0.01
!!! agesel
Found 189 stars.
Rotated pos.
Rotated vel.
Calculating circularities
dty= [13.31481392 13.43441866 13.36954804 13.5682611  13.47911441 13.41755799
 13.57604781 13.41974981 13.41792411 13.35035141 13.35395785 13.43371544
 13.32790953 13.39921495 13.34175763 13.52828962 13.34907203 13.36295961
 13.4105399  13.34284024 13.33079883 13.41202726 13.35543496 13.33740324
 13.36790971 13.44379129 13.43687023 13.33168448 13.5413959  13.35627701
 13.37483278 13.45126388 13.55442304 13.48864359 13.52882511 13.34305646
 13.31137191 13.35120242 13.37199475 13.451936   13.42840116 13.49613962
 13.35627701 13.40642237 13.46963959 13.31252178 13.48834028 13.32902276
 13.35795657 13.45693909 13.54343941 13.43336334 13.5563744  13.41202726
 13.41128422 13.47786564 13.37705031 13.34088982 13.31777844 13.32275669
 13.461876   13.34262386 13.40036104 13.3816522  13.3161843  13.37604367
 13.48345041 13.58404032 13.47849058 13.31686813 13.37644656 13.50779268
 13.32813234 13.32275669 13.38403458 13.38125389 13.39110622 13.58922844
 13.46835715 13.41461743 13.42982519 13.3186872  13.52775316 13.43053534
 13.57423675 13.42481881 13.47535473 13.42982519 13.37077301 13.32768657
 13.38601023 13.34175763 13.44788532 13.35332341 13.43088997 13.60574491
 13.4877328  13.34778928 13.33827724 13.34864484 13.34262386] 101
glb= [13.31481392 13.43441866 13.36954804 13.5682611  13.47911441 13.41755799
 13.57604781 13.41974981 13.41792411 13.35035141 13.35395785 13.43371544
 13.32790953 13.39921495 13.34175763 13.52828962 13.34907203 13.36295961
 13.4105399  13.34284024 13.33079883 13.41202726 13.35543496 13.33740324
 13.36790971 13.44379129 13.43687023 13.33168448 13.5413959  13.35627701
 13.37483278 13.45126388 13.55442304 13.48864359 13.52882511 13.34305646
 13.31137191 13.35120242 13.37199475 13.451936   13.42840116 13.49613962
 13.35627701 13.40642237 13.46963959 13.31252178 13.48834028 13.32902276
 13.35795657 13.45693909 13.54343941 13.43336334 13.5563744  13.41202726
 13.41128422 13.47786564 13.37705031 13.34088982 13.31777844 13.32275669
 13.461876   13.34262386 13.40036104 13.3816522  13.3161843  13.37604367
 13.48345041 13.58404032 13.47849058 13.31686813 13.37644656 13.50779268
 13.32813234 13.32275669 13.38403458 13.38125389 13.39110622 13.58922844
 13.46835715 13.41461743 13.42982519 13.3186872  13.52775316 13.43053534
 13.57423675 13.42481881 13.47535473 13.42982519 13.37077301 13.32768657
 13.38601023 13.34175763 13.44788532 13.35332341 13.43088997 13.60574491
 13.4877328  13.34778928 13.33827724 13.34864484 13.34262386] 101
bidsort lists= 101 101
 101
SNAP 33
EPS -0.0004834531802717281
galrad= 0.01
!!! agesel
Found 250 stars.
Rotated pos.
Rotated vel.
Calculating circularities
dty= [13.41974981 13.30651456 13.43687023 13.5682611  13.39921495 13.28153777
 13.47911441 13.52882511 13.28031917 13.28903318 13.35120242 13.41755799
 13.37199475 13.28903318 13.43441866 13.36954804 13.33740324 13.43371544
 13.48864359 13.30975782 13.28178117 13.40642237 13.45126388 13.5413959
 13.35035141 13.29571532 13.46963959 13.30278323 13.29262323 13.29831783
 13.34175763 13.28807182 13.28251074 13.30371856 13.4105399  13.43336334
 13.57604781 13.29902535 13.451936   13.41792411 13.41202726 13.31481392
 13.29023253 13.30975782 13.34305646 13.37483278 13.35162738 13.28999288
 13.53517749 13.36790971 13.52828962 13.28080698 13.35395785 13.29119006
 13.32049988 13.34907203 13.33079883 13.36295961 13.55442304 13.33521153
 13.28007512 13.45693909 13.30860183 13.32790953 13.28299655 13.34262386
 13.35837551 13.35543496 13.32790953 13.34284024 13.28831236 13.27590974
 13.29476581 13.29595243 13.29476581 13.33168448 13.54748319 13.35795657
 13.44379129 13.41202726 13.48834028 13.29784555 13.31777844 13.3816522
 13.3443518  13.4086733  13.42409848 13.42625558 13.31160212 13.29071149
 13.42840116 13.29689984 13.47849058 13.28299655 13.29405252 13.29214594
 13.46771415 13.33168448 13.48345041 13.37644656 13.2987896  13.36171387
 13.38324188 13.39110622 13.31137191 13.43053534 13.4182899  13.44447663
 13.28831236 13.34132393 13.31321047 13.48035875 13.29166819 13.30301723
 13.37199475 13.46642483 13.37684916 13.46252929 13.41682482 13.38797721
 13.4011234  13.41313929 13.31137191 13.4559438 ] 124
glb= [13.41974981 13.30651456 13.43687023 13.5682611  13.39921495 13.28153777
 13.47911441 13.52882511 13.28031917 13.28903318 13.35120242 13.41755799
 13.37199475 13.28903318 13.43441866 13.36954804 13.33740324 13.43371544
 13.48864359 13.30975782 13.28178117 13.40642237 13.45126388 13.5413959
 13.35035141 13.29571532 13.46963959 13.30278323 13.29262323 13.29831783
 13.34175763 13.28807182 13.28251074 13.30371856 13.4105399  13.43336334
 13.57604781 13.29902535 13.451936   13.41792411 13.41202726 13.31481392
 13.29023253 13.30975782 13.34305646 13.37483278 13.35162738 13.28999288
 13.53517749 13.36790971 13.52828962 13.28080698 13.35395785 13.29119006
 13.32049988 13.34907203 13.33079883 13.36295961 13.55442304 13.33521153
 13.28007512 13.45693909 13.30860183 13.32790953 13.28299655 13.34262386
 13.35837551 13.35543496 13.32790953 13.34284024 13.28831236 13.27590974
 13.29476581 13.29595243 13.29476581 13.33168448 13.54748319 13.35795657
 13.44379129 13.41202726 13.48834028 13.29784555 13.31777844 13.3816522
 13.3443518  13.4086733  13.42409848 13.42625558 13.31160212 13.29071149
 13.42840116 13.29689984 13.47849058 13.28299655 13.29405252 13.29214594
 13.46771415 13.33168448 13.48345041 13.37644656 13.2987896  13.36171387
 13.38324188 13.39110622 13.31137191 13.43053534 13.4182899  13.44447663
 13.28831236 13.34132393 13.31321047 13.48035875 13.29166819 13.30301723
 13.37199475 13.46642483 13.37684916 13.46252929 13.41682482 13.38797721
 13.4011234  13.41313929 13.31137191 13.4559438 ] 124
bidsort lists= 124 124
 124
SNAP 34
EPS 0.04129210111498106
galrad= 0.01
!!! agesel
Found 328 stars.
Rotated pos.
Rotated vel.
Calculating circularities
dty= [13.31481392 13.47911441 13.41755799 13.34284024 13.27096895 13.34175763
 13.43441866 13.52828962 13.2332786  13.30278323 13.45693909 13.5682611
 13.27196062 13.35795657 13.43371544 13.34305646 13.43687023 13.29831783
 13.57604781 13.33079883 13.25435006 13.41792411 13.41202726 13.26171222
 13.47849058 13.34907203 13.39110622 13.46771415 13.3816522  13.34262386
 13.24169361 13.25816991 13.23960106 13.39921495 13.48864359 13.28807182
 13.33168448 13.23221834 13.24090975 13.24533783 13.35543496 13.27590974
 13.42409848 13.28999288 13.26448009 13.24559728 13.46963959 13.24117116
 13.30975782 13.4105399  13.29262323 13.33740324 13.23697488 13.5413959
 13.53517749 13.28031917 13.26196439 13.37644656 13.32790953 13.26171222
 13.40642237 13.28080698 13.256645   13.23828939 13.25994378 13.24064824
 13.48345041 13.41974981 13.3034849  13.25409453 13.28903318 13.35395785
 13.23486552 13.24455884 13.45126388 13.53517749 13.30067271 13.2484435
 13.413879   13.35627701 13.26422903 13.37199475 13.47786564 13.31091128
 13.31777844 13.43336334 13.25562617 13.34088982 13.24766863 13.28153777
 13.27196062 13.23618473 13.52882511 13.3161843  13.35120242 13.2724558
 13.24792704 13.26145988 13.28396695 13.28299655 13.31686813 13.28807182
 13.27196062 13.24973268 13.50779268 13.29119006 13.42840116 13.32813234
 13.2489595  13.28178117 13.44856345 13.25153271 13.30975782 13.29571532
 13.26448009 13.30651456 13.24741012 13.24792704 13.3186872  13.451936
 13.54748319 13.26070234 13.41202726 13.26221647 13.36790971 13.28251074
 13.35035141 13.58404032 13.28903318 13.26145988 13.26723452 13.24792704
 13.25816991 13.25943749 13.24637488 13.256645   13.42625558 13.25562617
 13.23750102 13.31777844 13.32004733 13.48834028 13.25101897 13.36954804
 13.29902535 13.257916   13.36295961 13.43053534 13.29476581 13.31298104
 13.29071149 13.32230612 13.47535473 13.27860861 13.33608936 13.45059055
 13.43547117 13.53307505 13.32790953 13.31091128 13.30860183 13.2987896
 13.35162738 13.2525588  13.29595243 13.3186872  13.24585656 13.24973268
 13.25511606 13.39188498 13.35332341 13.3034849  13.33565063 13.33168448
 13.36626551 13.35459149 13.29689984 13.35205193 13.41461743 13.52989328
 13.24429893 13.32320683 13.31321047 13.27517143 13.38601023 13.42982519
 13.32589945 13.25358304 13.317551   13.37280736 13.35205193 13.36954804
 13.25153271 13.3186872  13.32902276 13.36461548 13.31504254 13.32768657
 13.35247617 13.42982519 13.60574491 13.4877328  13.25050476] 203
glb= [13.31481392 13.47911441 13.41755799 13.34284024 13.27096895 13.34175763
 13.43441866 13.52828962 13.2332786  13.30278323 13.45693909 13.5682611
 13.27196062 13.35795657 13.43371544 13.34305646 13.43687023 13.29831783
 13.57604781 13.33079883 13.25435006 13.41792411 13.41202726 13.26171222
 13.47849058 13.34907203 13.39110622 13.46771415 13.3816522  13.34262386
 13.24169361 13.25816991 13.23960106 13.39921495 13.48864359 13.28807182
 13.33168448 13.23221834 13.24090975 13.24533783 13.35543496 13.27590974
 13.42409848 13.28999288 13.26448009 13.24559728 13.46963959 13.24117116
 13.30975782 13.4105399  13.29262323 13.33740324 13.23697488 13.5413959
 13.53517749 13.28031917 13.26196439 13.37644656 13.32790953 13.26171222
 13.40642237 13.28080698 13.256645   13.23828939 13.25994378 13.24064824
 13.48345041 13.41974981 13.3034849  13.25409453 13.28903318 13.35395785
 13.23486552 13.24455884 13.45126388 13.53517749 13.30067271 13.2484435
 13.413879   13.35627701 13.26422903 13.37199475 13.47786564 13.31091128
 13.31777844 13.43336334 13.25562617 13.34088982 13.24766863 13.28153777
 13.27196062 13.23618473 13.52882511 13.3161843  13.35120242 13.2724558
 13.24792704 13.26145988 13.28396695 13.28299655 13.31686813 13.28807182
 13.27196062 13.24973268 13.50779268 13.29119006 13.42840116 13.32813234
 13.2489595  13.28178117 13.44856345 13.25153271 13.30975782 13.29571532
 13.26448009 13.30651456 13.24741012 13.24792704 13.3186872  13.451936
 13.54748319 13.26070234 13.41202726 13.26221647 13.36790971 13.28251074
 13.35035141 13.58404032 13.28903318 13.26145988 13.26723452 13.24792704
 13.25816991 13.25943749 13.24637488 13.256645   13.42625558 13.25562617
 13.23750102 13.31777844 13.32004733 13.48834028 13.25101897 13.36954804
 13.29902535 13.257916   13.36295961 13.43053534 13.29476581 13.31298104
 13.29071149 13.32230612 13.47535473 13.27860861 13.33608936 13.45059055
 13.43547117 13.53307505 13.32790953 13.31091128 13.30860183 13.2987896
 13.35162738 13.2525588  13.29595243 13.3186872  13.24585656 13.24973268
 13.25511606 13.39188498 13.35332341 13.3034849  13.33565063 13.33168448
 13.36626551 13.35459149 13.29689984 13.35205193 13.41461743 13.52989328
 13.24429893 13.32320683 13.31321047 13.27517143 13.38601023 13.42982519
 13.32589945 13.25358304 13.317551   13.37280736 13.35205193 13.36954804
 13.25153271 13.3186872  13.32902276 13.36461548 13.31504254 13.32768657
 13.35247617 13.42982519 13.60574491 13.4877328  13.25050476] 203
bidsort lists= 203 203
 203
SNAP 35
EPS 0.03843678884263541
galrad= 0.01
!!! agesel
Found 444 stars.
Rotated pos.
Rotated vel.
Calculating circularities
dty= [13.2332786  13.5682611  13.25435006 13.22205127 13.48864359 13.47911441
 13.43441866 13.26422903 13.26171222 13.23221834 13.52882511 13.28031917
 13.30651456 13.2489595  13.43687023 13.24792704 13.40642237 13.41974981
 13.35120242 13.33079883 13.34175763 13.25816991 13.21934721 13.39921495
 13.41755799 13.21143721 13.26196439 13.27096895 13.27196062 13.28153777
 13.25867725 13.37199475 13.31481392 13.28080698 13.43336334 13.41792411
 13.30975782 13.29831783 13.26171222 13.2632236  13.26145988 13.21390292
 13.33740324 13.30975782 13.28903318 13.45126388 13.317551   13.24455884
 13.32790953 13.20119656 13.39959732 13.34305646 13.35627701 13.52828962
 13.23486552 13.28807182 13.24559728 13.19783908 13.41202726 13.451936
 13.26145988 13.46963959 13.26448009 13.43371544 13.41128422 13.37341594
 13.34907203 13.28999288 13.5413959  13.30278323 13.45693909 13.57604781
 13.31777844 13.29119006 13.34284024 13.33168448 13.28178117 13.4105399
 13.37705031 13.203425   13.35543496 13.25994378 13.35795657 13.35395785
 13.27196062 13.2724558  13.29262323 13.36790971 13.53517749 13.26221647
 13.27590974 13.58404032 13.21116264 13.42481881 13.47849058 13.34088982
 13.57423675 13.34132393 13.48345041 13.47535473 13.37644656 13.44379129
 13.21171168 13.34262386 13.26070234 13.37925706 13.33608936 13.39110622
 13.24169361 13.23697488 13.36295961 13.21061318 13.41202726 13.20536842
 13.22339889 13.25943749 13.5563744  13.5668624  13.26448009 13.42840116
 13.52775316 13.46771415 13.21799064 13.41276897 13.42982519 13.20314688
 13.44447663 13.29571532 13.24117116 13.32813234 13.19615362 13.54748319
 13.37077301 13.20091748 13.22312957 13.20675292 13.3816522  13.53517749
 13.28299655 13.36585354 13.21335586 13.34305646 13.19446366 13.27196062
 13.25153271 13.20147554 13.35035141 13.26723452 13.3571175  13.217719
 13.22528042 13.22366805 13.31321047 13.58922844 13.25409453 13.42409848
 13.18936683 13.20841022 13.47282592 13.19559079 13.19839991 13.23960106
 13.22875939 13.29559669 13.41461743 13.27319771 13.31298104 13.24533783
 13.22742368 13.27860861 13.20286866 13.24090975 13.21499567 13.30581695
 13.21116264 13.31091128 13.31527107 13.25689941 13.22528042 13.413879
 13.37361862 13.29571532 13.48834028 13.43053534 13.32004733 13.22688859
 13.3186872  13.32230612 13.44856345 13.24429893 13.19333457 13.22420598
 13.19952004 13.23828939 13.23565739 13.35627701 13.30535136 13.21554129
 13.47973713 13.21006317 13.26120751 13.21006317 13.23802674 13.237238
 13.24921734 13.25816991 13.39806575 13.24766863 13.23115613 13.49613962
 13.41016724 13.46252929 13.31137191 13.2632236  13.4877328  13.40036104
 13.25740793 13.25050476 13.37604367 13.21116264 13.203425   13.461876
 13.20619949 13.19389936 13.26019677 13.28445148 13.32902276 13.24637488
 13.2461158  13.20978795 13.3303554  13.34693221 13.40150413 13.22742368
 13.23168744 13.2279583  13.39149574 13.4559438  13.25409453 13.34132393
 13.23168744 13.24325817 13.34778928 13.25893081 13.2166311  13.44103759
 13.21499567 13.33958529 13.2692293  13.24117116 13.38324188 13.27393868
 13.21934721 13.27615563 13.36171387 13.24377881 13.217719   13.37442837
 13.33652773 13.40264413 13.26120751 13.31321047 13.33301007 13.19896025
 13.30860183 13.48035875 13.40491507 13.30581695 13.46252929 13.54445578
 13.44034608 13.32230612 13.54445578 13.43336334 13.34949891 13.5072198
 13.23009209] 277
glb= [13.2332786  13.5682611  13.25435006 13.22205127 13.48864359 13.47911441
 13.43441866 13.26422903 13.26171222 13.23221834 13.52882511 13.28031917
 13.30651456 13.2489595  13.43687023 13.24792704 13.40642237 13.41974981
 13.35120242 13.33079883 13.34175763 13.25816991 13.21934721 13.39921495
 13.41755799 13.21143721 13.26196439 13.27096895 13.27196062 13.28153777
 13.25867725 13.37199475 13.31481392 13.28080698 13.43336334 13.41792411
 13.30975782 13.29831783 13.26171222 13.2632236  13.26145988 13.21390292
 13.33740324 13.30975782 13.28903318 13.45126388 13.317551   13.24455884
 13.32790953 13.20119656 13.39959732 13.34305646 13.35627701 13.52828962
 13.23486552 13.28807182 13.24559728 13.19783908 13.41202726 13.451936
 13.26145988 13.46963959 13.26448009 13.43371544 13.41128422 13.37341594
 13.34907203 13.28999288 13.5413959  13.30278323 13.45693909 13.57604781
 13.31777844 13.29119006 13.34284024 13.33168448 13.28178117 13.4105399
 13.37705031 13.203425   13.35543496 13.25994378 13.35795657 13.35395785
 13.27196062 13.2724558  13.29262323 13.36790971 13.53517749 13.26221647
 13.27590974 13.58404032 13.21116264 13.42481881 13.47849058 13.34088982
 13.57423675 13.34132393 13.48345041 13.47535473 13.37644656 13.44379129
 13.21171168 13.34262386 13.26070234 13.37925706 13.33608936 13.39110622
 13.24169361 13.23697488 13.36295961 13.21061318 13.41202726 13.20536842
 13.22339889 13.25943749 13.5563744  13.5668624  13.26448009 13.42840116
 13.52775316 13.46771415 13.21799064 13.41276897 13.42982519 13.20314688
 13.44447663 13.29571532 13.24117116 13.32813234 13.19615362 13.54748319
 13.37077301 13.20091748 13.22312957 13.20675292 13.3816522  13.53517749
 13.28299655 13.36585354 13.21335586 13.34305646 13.19446366 13.27196062
 13.25153271 13.20147554 13.35035141 13.26723452 13.3571175  13.217719
 13.22528042 13.22366805 13.31321047 13.58922844 13.25409453 13.42409848
 13.18936683 13.20841022 13.47282592 13.19559079 13.19839991 13.23960106
 13.22875939 13.29559669 13.41461743 13.27319771 13.31298104 13.24533783
 13.22742368 13.27860861 13.20286866 13.24090975 13.21499567 13.30581695
 13.21116264 13.31091128 13.31527107 13.25689941 13.22528042 13.413879
 13.37361862 13.29571532 13.48834028 13.43053534 13.32004733 13.22688859
 13.3186872  13.32230612 13.44856345 13.24429893 13.19333457 13.22420598
 13.19952004 13.23828939 13.23565739 13.35627701 13.30535136 13.21554129
 13.47973713 13.21006317 13.26120751 13.21006317 13.23802674 13.237238
 13.24921734 13.25816991 13.39806575 13.24766863 13.23115613 13.49613962
 13.41016724 13.46252929 13.31137191 13.2632236  13.4877328  13.40036104
 13.25740793 13.25050476 13.37604367 13.21116264 13.203425   13.461876
 13.20619949 13.19389936 13.26019677 13.28445148 13.32902276 13.24637488
 13.2461158  13.20978795 13.3303554  13.34693221 13.40150413 13.22742368
 13.23168744 13.2279583  13.39149574 13.4559438  13.25409453 13.34132393
 13.23168744 13.24325817 13.34778928 13.25893081 13.2166311  13.44103759
 13.21499567 13.33958529 13.2692293  13.24117116 13.38324188 13.27393868
 13.21934721 13.27615563 13.36171387 13.24377881 13.217719   13.37442837
 13.33652773 13.40264413 13.26120751 13.31321047 13.33301007 13.19896025
 13.30860183 13.48035875 13.40491507 13.30581695 13.46252929 13.54445578
 13.44034608 13.32230612 13.54445578 13.43336334 13.34949891 13.5072198
 13.23009209] 277
bidsort lists= 277 277
 277
SNAP 36
EPS 0.07190371682525099
galrad= 0.01
!!! agesel
Found 539 stars.
Rotated pos.
Rotated vel.
Calculating circularities
dty= [13.16104167 13.17847245 13.17933925 13.41974981 13.2632236  13.37644656
 13.2724558  13.35627701 13.31504254 13.20286866 13.32790953 13.18480208
 13.15282895 13.42982519 13.14527559 13.33521153 13.47849058 13.23697488
 13.22205127 13.46771415 13.26422903 13.39110622 13.14497172 13.15582697
 13.21061318 13.22875939 13.14177285 13.21116264 13.35120242 13.28153777
 13.29476581 13.24117116 13.43441866 13.30975782 13.34132393 13.15132494
 13.22849244 13.19446366 13.28299655 13.2489595  13.25153271 13.44447663
 13.57423675 13.15282895 13.37199475 13.20091748 13.5682611  13.14770177
 13.21171168 13.21934721 13.18651763 13.28903318 13.25943749 13.16812787
 13.41128422 13.1555278  13.25867725 13.14648973 13.47911441 13.48345041
 13.14192549 13.30975782 13.17091212 13.27418541 13.18594629 13.46835715
 13.34778928 13.4086733  13.29571532 13.1842292  13.41792411 13.39768202
 13.26448009 13.16503694 13.18336896 13.27196062 13.29166819 13.37341594
 13.25689941 13.413879   13.16267223 13.37705031 13.25740793 13.25562617
 13.26145988 13.2332786  13.26019677 13.26171222 13.22312957 13.29831783
 13.43336334 13.26523262 13.19952004 13.15582697 13.25435006 13.26171222
 13.20147554 13.35543496 13.27196062 13.45126388 13.20619949 13.22688859
 13.21390292 13.19559079 13.35627701 13.52882511 13.21499567 13.203425
 13.237238   13.28031917 13.30651456 13.42982519 13.21499567 13.50085054
 13.19783908 13.42840116 13.29119006 13.24792704 13.40642237 13.43687023
 13.17003413 13.20841022 13.48864359 13.16680495 13.18078128 13.29949655
 13.22366805 13.23486552 13.23221834 13.26196439 13.42481881 13.47973713
 13.23828939 13.37483278 13.19839991 13.15462936 13.28080698 13.29689984
 13.21116264 13.35395785 13.14770177 13.29559669 13.3587941  13.27958673
 13.34907203 13.317551   13.25409453 13.41755799 13.33079883 13.23960106
 13.21799064 13.24012485 13.34175763 13.18106932 13.33168448 13.17339336
 13.17905045 13.22339889 13.28831236 13.23486552 13.26448009 13.29476581
 13.461876   13.37604367 13.1723728  13.26598414 13.29689984 13.39921495
 13.31321047 13.28999288 13.16503694 13.21006317 13.16827471 13.26221647
 13.20536842 13.17673549 13.21335586 13.451936   13.33740324 13.2724558
 13.27096895 13.34088982 13.14223074 13.35837551 13.5413959  13.28807182
 13.34088982 13.17789402 13.1747032  13.44856345 13.32049988 13.27072076
 13.21143721 13.29023253 13.30278323 13.29595243 13.30535136 13.31481392
 13.23802674 13.24429893 13.20314688 13.23750102 13.33168448 13.4105399
 13.30371856 13.18765883 13.217719   13.22742368 13.20119656 13.1842292
 13.28299655 13.31527107 13.25562617 13.23115613 13.46252929 13.58404032
 13.23618473 13.30395213 13.37925706 13.23565739 13.32320683 13.40036104
 13.21934721 13.41202726 13.17905045 13.17702528 13.17091212 13.18020483
 13.17441235 13.26070234 13.16562682 13.25816991 13.41461743 13.28396695
 13.42409848 13.29214594 13.26145988 13.24481859 13.42625558 13.39806575
 13.43371544 13.25358304 13.14770177 13.17962789 13.15102373 13.34284024
 13.24455884 13.29071149 13.36790971 13.16089326 13.57604781 13.55442304
 13.46963959 13.26019677 13.15312937 13.16267223 13.41016724 13.32004733
 13.2987896  13.17499388 13.14527559 13.22528042 13.17905045 13.1665106
 13.19615362 13.49613962 13.21554129 13.3816522  13.17499388 13.5668624
 13.29784555 13.24559728 13.4559438  13.22902617 13.3303554  13.1842292
 13.39959732 13.52828962 13.19446366 13.37199475 13.25511606 13.16089326
 13.27196062 13.21472264 13.28831236 13.19783908 13.41974981 13.1723728
 13.50664591 13.31160212 13.20675292 13.14223074 13.14921376 13.27590974
 13.30067271 13.23168744 13.5563744  13.16915504 13.24585656 13.17091212
 13.14951576 13.27958673 13.29902535 13.22420598 13.41276897 13.21826217
 13.53517749 13.25816991 13.35795657 13.43053534 13.30441898 13.29405252
 13.25994378 13.53517749 13.31091128 13.24169361 13.38601023 13.3104502
 13.47282592 13.41461743 13.17412133 13.45693909 13.14284077 13.4877328
 13.18020483 13.26221647 13.35205193 13.27220826 13.46899891 13.34262386
 13.15732105 13.27860861 13.24973268 13.28007512 13.25153271 13.41202726
 13.34305646 13.32230612 13.31777844 13.15821587 13.14527559 13.26723452
 13.52775316 13.30020258 13.25943749 13.15132494 13.39652881 13.54748319
 13.36585354 13.42982519 13.26145988 13.20730582 13.31183218 13.17905045
 13.29262323 13.407174   13.28178117 13.24792704 13.25101897 13.16089326
 13.3186872  13.15192696 13.299261   13.52775316 13.44379129 13.29571532
 13.4182899  13.18936683 13.41682482 13.31091128 13.35035141 13.56356965
 13.18651763 13.256645   13.18651763 13.31298104 13.48834028 13.16385562
 13.47535473 13.41682482 13.15102373 13.32813234 13.16326424 13.22528042
 13.18508829 13.4011234  13.31321047 13.44379129 13.41461743 13.44788532
 13.18537446 13.38797721 13.32049988 13.36295961 13.35459149 13.58922844
 13.43965338 13.31183218 13.299261   13.3034849  13.34305646 13.18365583
 13.19952004 13.14192549 13.33608936 13.34305646 13.24921734 13.27319771
 13.21006317 13.31137191 13.37077301 13.16503694 13.33652773 13.23115613
 13.14981766 13.19839991 13.41165588 13.27319771 13.22151143 13.2461158
 13.43965338 13.34693221 13.18193265 13.37361862 13.3571175  13.24325817
 13.36667712 13.16119007 13.25613581 13.47155481 13.32813234 13.19559079
 13.225817   13.28879304 13.17905045 13.19446366 13.34175763 13.21335586
 13.16029918 13.31595614 13.39883224 13.38915316 13.31412732 13.23644821
 13.38640434 13.147096   13.3186872  13.14648973 13.30395213 13.21280826
 13.16207978 13.22124133 13.15011937 13.45059055 13.29642636 13.3186872
 13.18480208 13.33521153 13.35795657 13.1579177  13.34607358 13.52775316
 13.28975313 13.15372975 13.34521344 13.34607358 13.2332786  13.14679292
 13.33914965 13.21390292 13.3608815  13.1916371  13.3104502  13.37765321
 13.2935765  13.27517143 13.20509117 13.4772396  13.18308191 13.20063823
 13.30581695 13.35627701 13.37402367 13.17266454 13.17091212 13.17905045
 13.50607097 13.17789402 13.17673549 13.34262386 13.15492893] 491
glb= [13.16104167 13.17847245 13.17933925 13.41974981 13.2632236  13.37644656
 13.2724558  13.35627701 13.31504254 13.20286866 13.32790953 13.18480208
 13.15282895 13.42982519 13.14527559 13.33521153 13.47849058 13.23697488
 13.22205127 13.46771415 13.26422903 13.39110622 13.14497172 13.15582697
 13.21061318 13.22875939 13.14177285 13.21116264 13.35120242 13.28153777
 13.29476581 13.24117116 13.43441866 13.30975782 13.34132393 13.15132494
 13.22849244 13.19446366 13.28299655 13.2489595  13.25153271 13.44447663
 13.57423675 13.15282895 13.37199475 13.20091748 13.5682611  13.14770177
 13.21171168 13.21934721 13.18651763 13.28903318 13.25943749 13.16812787
 13.41128422 13.1555278  13.25867725 13.14648973 13.47911441 13.48345041
 13.14192549 13.30975782 13.17091212 13.27418541 13.18594629 13.46835715
 13.34778928 13.4086733  13.29571532 13.1842292  13.41792411 13.39768202
 13.26448009 13.16503694 13.18336896 13.27196062 13.29166819 13.37341594
 13.25689941 13.413879   13.16267223 13.37705031 13.25740793 13.25562617
 13.26145988 13.2332786  13.26019677 13.26171222 13.22312957 13.29831783
 13.43336334 13.26523262 13.19952004 13.15582697 13.25435006 13.26171222
 13.20147554 13.35543496 13.27196062 13.45126388 13.20619949 13.22688859
 13.21390292 13.19559079 13.35627701 13.52882511 13.21499567 13.203425
 13.237238   13.28031917 13.30651456 13.42982519 13.21499567 13.50085054
 13.19783908 13.42840116 13.29119006 13.24792704 13.40642237 13.43687023
 13.17003413 13.20841022 13.48864359 13.16680495 13.18078128 13.29949655
 13.22366805 13.23486552 13.23221834 13.26196439 13.42481881 13.47973713
 13.23828939 13.37483278 13.19839991 13.15462936 13.28080698 13.29689984
 13.21116264 13.35395785 13.14770177 13.29559669 13.3587941  13.27958673
 13.34907203 13.317551   13.25409453 13.41755799 13.33079883 13.23960106
 13.21799064 13.24012485 13.34175763 13.18106932 13.33168448 13.17339336
 13.17905045 13.22339889 13.28831236 13.23486552 13.26448009 13.29476581
 13.461876   13.37604367 13.1723728  13.26598414 13.29689984 13.39921495
 13.31321047 13.28999288 13.16503694 13.21006317 13.16827471 13.26221647
 13.20536842 13.17673549 13.21335586 13.451936   13.33740324 13.2724558
 13.27096895 13.34088982 13.14223074 13.35837551 13.5413959  13.28807182
 13.34088982 13.17789402 13.1747032  13.44856345 13.32049988 13.27072076
 13.21143721 13.29023253 13.30278323 13.29595243 13.30535136 13.31481392
 13.23802674 13.24429893 13.20314688 13.23750102 13.33168448 13.4105399
 13.30371856 13.18765883 13.217719   13.22742368 13.20119656 13.1842292
 13.28299655 13.31527107 13.25562617 13.23115613 13.46252929 13.58404032
 13.23618473 13.30395213 13.37925706 13.23565739 13.32320683 13.40036104
 13.21934721 13.41202726 13.17905045 13.17702528 13.17091212 13.18020483
 13.17441235 13.26070234 13.16562682 13.25816991 13.41461743 13.28396695
 13.42409848 13.29214594 13.26145988 13.24481859 13.42625558 13.39806575
 13.43371544 13.25358304 13.14770177 13.17962789 13.15102373 13.34284024
 13.24455884 13.29071149 13.36790971 13.16089326 13.57604781 13.55442304
 13.46963959 13.26019677 13.15312937 13.16267223 13.41016724 13.32004733
 13.2987896  13.17499388 13.14527559 13.22528042 13.17905045 13.1665106
 13.19615362 13.49613962 13.21554129 13.3816522  13.17499388 13.5668624
 13.29784555 13.24559728 13.4559438  13.22902617 13.3303554  13.1842292
 13.39959732 13.52828962 13.19446366 13.37199475 13.25511606 13.16089326
 13.27196062 13.21472264 13.28831236 13.19783908 13.41974981 13.1723728
 13.50664591 13.31160212 13.20675292 13.14223074 13.14921376 13.27590974
 13.30067271 13.23168744 13.5563744  13.16915504 13.24585656 13.17091212
 13.14951576 13.27958673 13.29902535 13.22420598 13.41276897 13.21826217
 13.53517749 13.25816991 13.35795657 13.43053534 13.30441898 13.29405252
 13.25994378 13.53517749 13.31091128 13.24169361 13.38601023 13.3104502
 13.47282592 13.41461743 13.17412133 13.45693909 13.14284077 13.4877328
 13.18020483 13.26221647 13.35205193 13.27220826 13.46899891 13.34262386
 13.15732105 13.27860861 13.24973268 13.28007512 13.25153271 13.41202726
 13.34305646 13.32230612 13.31777844 13.15821587 13.14527559 13.26723452
 13.52775316 13.30020258 13.25943749 13.15132494 13.39652881 13.54748319
 13.36585354 13.42982519 13.26145988 13.20730582 13.31183218 13.17905045
 13.29262323 13.407174   13.28178117 13.24792704 13.25101897 13.16089326
 13.3186872  13.15192696 13.299261   13.52775316 13.44379129 13.29571532
 13.4182899  13.18936683 13.41682482 13.31091128 13.35035141 13.56356965
 13.18651763 13.256645   13.18651763 13.31298104 13.48834028 13.16385562
 13.47535473 13.41682482 13.15102373 13.32813234 13.16326424 13.22528042
 13.18508829 13.4011234  13.31321047 13.44379129 13.41461743 13.44788532
 13.18537446 13.38797721 13.32049988 13.36295961 13.35459149 13.58922844
 13.43965338 13.31183218 13.299261   13.3034849  13.34305646 13.18365583
 13.19952004 13.14192549 13.33608936 13.34305646 13.24921734 13.27319771
 13.21006317 13.31137191 13.37077301 13.16503694 13.33652773 13.23115613
 13.14981766 13.19839991 13.41165588 13.27319771 13.22151143 13.2461158
 13.43965338 13.34693221 13.18193265 13.37361862 13.3571175  13.24325817
 13.36667712 13.16119007 13.25613581 13.47155481 13.32813234 13.19559079
 13.225817   13.28879304 13.17905045 13.19446366 13.34175763 13.21335586
 13.16029918 13.31595614 13.39883224 13.38915316 13.31412732 13.23644821
 13.38640434 13.147096   13.3186872  13.14648973 13.30395213 13.21280826
 13.16207978 13.22124133 13.15011937 13.45059055 13.29642636 13.3186872
 13.18480208 13.33521153 13.35795657 13.1579177  13.34607358 13.52775316
 13.28975313 13.15372975 13.34521344 13.34607358 13.2332786  13.14679292
 13.33914965 13.21390292 13.3608815  13.1916371  13.3104502  13.37765321
 13.2935765  13.27517143 13.20509117 13.4772396  13.18308191 13.20063823
 13.30581695 13.35627701 13.37402367 13.17266454 13.17091212 13.17905045
 13.50607097 13.17789402 13.17673549 13.34262386 13.15492893] 491
bidsort lists= 491 491
 491
SNAP 37
EPS 0.03838972123239611
galrad= 0.01
!!! agesel
Found 243 stars.
Rotated pos.
Rotated vel.
Calculating circularities
dty= [13.39959732 13.18765883 13.2332786  13.18020483 13.22688859 13.32589945
 13.14860936 13.31321047 13.10687107 13.13425084 13.30767517 13.25307115
 13.38561584 13.11674817 13.38719146 13.17208089 13.11738075 13.21171168
 13.21499567 13.44172783 13.12804958 13.17731497 13.12492839 13.17441235
 13.21717529 13.38244773 13.21390292 13.26523262 13.52233597 13.14648973
 13.13363313 13.16444656 13.15732105 13.11230432 13.16385562 13.10333357
 13.26422903 13.36544123 13.36544123 13.3303554  13.10397805 13.13239624
 13.25715372 13.17091212 13.51318453 13.31321047 13.10783284 13.17557491
 13.14100902 13.13610049 13.10975256 13.30952686] 52
glb= [13.39959732 13.18765883 13.2332786  13.18020483 13.22688859 13.32589945
 13.14860936 13.31321047 13.10687107 13.13425084 13.30767517 13.25307115
 13.38561584 13.11674817 13.38719146 13.17208089 13.11738075 13.21171168
 13.21499567 13.44172783 13.12804958 13.17731497 13.12492839 13.17441235
 13.21717529 13.38244773 13.21390292 13.26523262 13.52233597 13.14648973
 13.13363313 13.16444656 13.15732105 13.11230432 13.16385562 13.10333357
 13.26422903 13.36544123 13.36544123 13.3303554  13.10397805 13.13239624
 13.25715372 13.17091212 13.51318453 13.31321047 13.10783284 13.17557491
 13.14100902 13.13610049 13.10975256 13.30952686] 52
bidsort lists= 52 52
 52
SNAP 38
EPS 0.03530441819657058
galrad= 0.01
!!! agesel
Found 567 stars.
Rotated pos.
Rotated vel.
Calculating circularities
dty= [13.05195814 13.35374646 13.23009209 13.20730582 13.40491507 13.13548445
 13.15132494 13.17615545 13.04572157 13.11927522 13.05746021 13.06292352
 13.16267223 13.22420598 13.05608837 13.40036104 13.39188498 13.0453737
 13.15970459 13.33740324 13.14891165 13.08637593 13.08306984 13.05574505
 13.05161297 13.06665711 13.52775316 13.21171168 13.06224266 13.05814521
 13.27909783 13.06834821 13.06564066 13.17557491 13.41535454 13.08637593
 13.27121705 13.14557929 13.04606939 13.06834821 13.06156132 13.05299279
 13.15402977 13.06224266 13.16856828 13.47409261 13.16207978 13.04275926
 13.09425104 13.13548445 13.05264805 13.18250756 13.26723452 13.1261785
 13.04258464 13.17557491 13.05264805 13.15402977 13.11166725 13.05643151
 13.08107921 13.06767222 13.05746021 13.36378831 13.24273711 13.38797721
 13.47849058 13.04275926 13.3186872  13.06801031 13.1373309  13.22259069
 13.0804145  13.13053669 13.06969844 13.13610049 13.11927522 13.2279583
 13.15102373 13.06699562 13.15252842 13.08538564 13.5026     13.05057648
 13.09425104 13.0567746  13.04380607 13.17789402 13.18936683 13.11484706
 13.04467739 13.04432896 13.28396695 13.11230432 13.17441235 13.04171103
 13.05643151 13.06224266 13.04589555 13.13610049 13.15732105 13.20509117
 13.04988487 13.06394355 13.0453737  13.0536817  13.08240688 13.27713809
 13.1261785  13.20286866 13.06292352 13.24377881 13.07239168 13.14527559
 13.05917165 13.07774966 13.0916353  13.04711185 13.04293388 13.06530155
 13.06969844 13.07440538 13.07070955 13.38719146 13.08901027 13.05092221
 13.07037268 13.13947887 13.05333734 13.04780592 13.04780592 13.07574484
 13.06496224 13.09945486 13.08604598 13.17905045 13.06936114 13.12492839
 13.0491925  13.08306984 13.07507544 13.13301497 13.07003562 13.07003562
 13.06733401 13.10333357 13.06224266 13.10139678 13.16385562 13.06564066
 13.04502564 13.2332786  13.36544123 13.1579177  13.06292352 13.07440538
 13.30767517 13.39959732 13.10687107 13.05643151 13.06969844 13.06902366
 13.08637593 13.39498636 13.06969844 13.08240688 13.18020483 13.22688859
 13.17905045 13.17208089 13.10397805 13.43195188 13.12680277 13.11230432
 13.31321047 13.21171168 13.18765883 13.13084691 13.04153619 13.31504254
 13.26422903 13.05195814 13.44172783 13.05951352 13.12804958 13.31504254
 13.17731497 13.19502746 13.06834821 13.11230432 13.27615563 13.21171168
 13.12492839 13.11674817 13.12804958 13.2692293  13.30767517 13.26523262
 13.20175441 13.05540153 13.3303554  13.06699562 13.2332786  13.31595614
 13.08174338 13.36544123 13.14860936 13.08505527 13.21390292 13.17441235
 13.21717529 13.06631848 13.08174338 13.21499567 13.0588296  13.20951269
 13.3338918  13.32589945 13.38561584 13.14648973 13.05402602 13.08835257
 13.25307115 13.21116264 13.2692293  13.18135718 13.08373228 13.16444656
 13.38244773 13.18480208 13.43652094 13.07104624 13.15432962 13.08107921
 13.31595614 13.30860183 13.0804145  13.07574484 13.22474344 13.27319771
 13.17091212 13.06902366 13.07037268 13.09945486] 244
glb= [13.05195814 13.35374646 13.23009209 13.20730582 13.40491507 13.13548445
 13.15132494 13.17615545 13.04572157 13.11927522 13.05746021 13.06292352
 13.16267223 13.22420598 13.05608837 13.40036104 13.39188498 13.0453737
 13.15970459 13.33740324 13.14891165 13.08637593 13.08306984 13.05574505
 13.05161297 13.06665711 13.52775316 13.21171168 13.06224266 13.05814521
 13.27909783 13.06834821 13.06564066 13.17557491 13.41535454 13.08637593
 13.27121705 13.14557929 13.04606939 13.06834821 13.06156132 13.05299279
 13.15402977 13.06224266 13.16856828 13.47409261 13.16207978 13.04275926
 13.09425104 13.13548445 13.05264805 13.18250756 13.26723452 13.1261785
 13.04258464 13.17557491 13.05264805 13.15402977 13.11166725 13.05643151
 13.08107921 13.06767222 13.05746021 13.36378831 13.24273711 13.38797721
 13.47849058 13.04275926 13.3186872  13.06801031 13.1373309  13.22259069
 13.0804145  13.13053669 13.06969844 13.13610049 13.11927522 13.2279583
 13.15102373 13.06699562 13.15252842 13.08538564 13.5026     13.05057648
 13.09425104 13.0567746  13.04380607 13.17789402 13.18936683 13.11484706
 13.04467739 13.04432896 13.28396695 13.11230432 13.17441235 13.04171103
 13.05643151 13.06224266 13.04589555 13.13610049 13.15732105 13.20509117
 13.04988487 13.06394355 13.0453737  13.0536817  13.08240688 13.27713809
 13.1261785  13.20286866 13.06292352 13.24377881 13.07239168 13.14527559
 13.05917165 13.07774966 13.0916353  13.04711185 13.04293388 13.06530155
 13.06969844 13.07440538 13.07070955 13.38719146 13.08901027 13.05092221
 13.07037268 13.13947887 13.05333734 13.04780592 13.04780592 13.07574484
 13.06496224 13.09945486 13.08604598 13.17905045 13.06936114 13.12492839
 13.0491925  13.08306984 13.07507544 13.13301497 13.07003562 13.07003562
 13.06733401 13.10333357 13.06224266 13.10139678 13.16385562 13.06564066
 13.04502564 13.2332786  13.36544123 13.1579177  13.06292352 13.07440538
 13.30767517 13.39959732 13.10687107 13.05643151 13.06969844 13.06902366
 13.08637593 13.39498636 13.06969844 13.08240688 13.18020483 13.22688859
 13.17905045 13.17208089 13.10397805 13.43195188 13.12680277 13.11230432
 13.31321047 13.21171168 13.18765883 13.13084691 13.04153619 13.31504254
 13.26422903 13.05195814 13.44172783 13.05951352 13.12804958 13.31504254
 13.17731497 13.19502746 13.06834821 13.11230432 13.27615563 13.21171168
 13.12492839 13.11674817 13.12804958 13.2692293  13.30767517 13.26523262
 13.20175441 13.05540153 13.3303554  13.06699562 13.2332786  13.31595614
 13.08174338 13.36544123 13.14860936 13.08505527 13.21390292 13.17441235
 13.21717529 13.06631848 13.08174338 13.21499567 13.0588296  13.20951269
 13.3338918  13.32589945 13.38561584 13.14648973 13.05402602 13.08835257
 13.25307115 13.21116264 13.2692293  13.18135718 13.08373228 13.16444656
 13.38244773 13.18480208 13.43652094 13.07104624 13.15432962 13.08107921
 13.31595614 13.30860183 13.0804145  13.07574484 13.22474344 13.27319771
 13.17091212 13.06902366 13.07037268 13.09945486] 244
bidsort lists= 244 244
 244
SNAP 39
EPS 0.03549381816623893
galrad= 0.01
!!! agesel
Found 1268 stars.
Rotated pos.
Rotated vel.
Calculating circularities
dty= [12.99788519 12.98982071 12.99390892 12.99242467 12.9965926  12.9873955
 12.99223884 12.99344542 12.98954124 12.98618041 12.98674147 12.98832914
 13.0052327  12.99140254 12.99566818 12.98383847 12.9965926  12.98533803
 12.99372361 12.99084462 13.00046418 12.98776914 12.99037928 12.98524443
 12.98832914 12.99686975 12.98646095 13.00395159 13.00778903 12.98599327
 13.00230146 12.99557566 12.98580611 12.99908361 12.99353815 12.98393226
 12.998715   12.99880712 12.98870222 13.00028019 12.99557566 12.9938162
 13.00083197 13.31504254 12.98804909 12.98916843 13.00321855 13.00833579
 12.99149563 13.15732105 12.99028629 12.98468233 12.98730212 12.98767577
 12.98907525 12.99686975 12.99409436 13.0035851  13.08240688 13.03627321
 12.99028629 12.9871152  12.99325993 12.98561894 13.16148677 12.99344542
 12.98730212 12.99991218 12.99492794 13.02170831 13.00257672 12.99214605
 12.99862288 12.98991387 13.0112457  12.98748888 12.99149563 13.12304897
 12.99251745 12.99010001 12.99047241 13.14223074 12.99130958 12.99075164
 12.99733151 13.10719177 12.99686975 13.06834821 13.00906426 12.99529809
 12.9989915  12.99279589 13.01051914 13.08901027 12.98571253 12.98543162
 13.02367744 12.9871152  13.02170831 12.99437234 12.9977006  13.00541548
 12.9948354  12.9989915  12.98832914 12.98786251 12.98411984 12.98486971
 13.11738075 13.10333357 12.98692841 12.98393226 12.99028629 12.9977006
 13.00046418 13.13363313 12.98954124 13.00870005 13.00395159 13.01486863
 13.00037225 13.00101577 13.04380607 12.9882358  12.98618041 12.99502048
 13.01595237 12.9871152  12.98991387 12.9843074  12.99186726 12.98355707
 12.99288879 12.98674147 12.99251745 12.99650026 12.98449494 12.98505708
 12.99400164 12.9977929  13.17905045 13.02314088 12.99843847 13.00431775
 13.00064815 12.99548314 12.99325993 13.02117034 12.98972756 13.31504254
 12.98411984 13.00321855 12.99650026 13.15102373 12.99251745 12.99372361
 12.99733151 12.99797734 13.02242491 12.98954124 13.05092221 13.14100902
 13.00870005 13.0190152  13.02063212 13.14100902 13.21934721 13.05746021
 12.98804909 13.15192696 12.98842235 13.0035851  12.9871152  12.98543162
 12.98580611 13.06224266 12.99121662 13.02314088 13.01197149 12.99437234
 12.99344542 13.09425104 13.10590801 12.98543162 13.00119956 12.98524443
 13.03521646 12.99279589 13.04188586 13.00101577 12.98636739 12.99196019
 13.03521646 13.0345111  13.00119956 13.03026617 13.00156696 13.15612603
 13.02206671 13.00193431 13.00504976 13.04275926 12.99954397 12.99917572
 12.99733151 13.05540153 13.04171103 13.1373309  13.01269679 13.00778903
 13.01631328 13.15312937 12.99196019 13.01269679 12.99325993 12.98748888
 12.98411984 13.0092462  13.00083197 13.00596389 13.16148677 13.0034019
 13.11166725 13.21280826 13.42840116 12.9938162  13.01919502 13.04258464
 13.05917165 12.99529809 12.99677742 13.07774966 12.99696208 13.01269679
 13.15910951 13.02742355 12.98486971 13.01142721 13.01739513 12.98440117
 13.00541548 13.0190152  12.99288879 13.19615362 13.05951352 13.06767222
 13.05299279 13.02134973 13.04118647 12.99723919 12.99084462 13.04153619
 13.02742355 12.98468233 13.01559127 12.99437234 12.98692841 13.01847553
 12.99862288 12.99991218 13.01595237 12.99972815 13.16089326 12.99363089
 13.01414536 13.00083197 12.98730212 12.9965926  12.99047241 12.99733151
 13.01215294 12.9896344  12.99010001 13.18020483 13.02134973 13.00614661
 13.00979194 13.04275926 13.00797134 13.02206671 13.04188586 13.14405923
 13.20509117 13.02528503 13.01233424 13.01233424 13.01051914 13.05264805
 13.02742355 13.01504931 13.07708202 13.01955462 12.99492794 13.14527559
 12.99065852 12.98730212 12.98795573 12.99751613 12.98449494 13.09425104
 13.00504976 13.01269679 13.01160869 12.99917572 13.31412732 13.02385622
 13.03309866 12.99418693 13.37845586 13.02706761 13.0200935  13.00431775
 13.00395159 13.00248502 13.17324768 13.02314088 13.02955645 13.0659796
 13.16207978 12.98842235 13.01414536 13.01414536 12.98879556 13.00028019
 12.99954397 13.01142721 13.03943529 13.05540153 13.03026617 13.01631328
 13.01883537 13.11927522 13.01955462 12.98954124 13.00778903 13.3338918
 13.00468385 12.99733151 13.00833579 12.99288879 13.01051914 12.9938162
 12.99140254 12.99880712 13.03203761 13.03556885 13.05951352 13.00541548
 13.00651175 13.13363313 13.1261785  13.01450709 13.00376842 13.01847553
 13.04711185 13.00797134 13.03239144 13.03592106 13.00230146 13.47409261
 13.02706761 13.01883537 12.98730212 12.99140254 13.02884611 13.05471408
 12.98692841 13.00321855 12.99065852 13.1261785  12.98355707 12.99511302
 13.00651175 12.99548314 13.00285181 13.38797721 13.35543496 12.98561894
 12.98730212 13.02242491 13.02813514 12.98393226 13.01305916 13.0172149
 13.03486388 12.9958532  13.00138334 12.98355707 13.03943529 13.03556885
 13.0076067  13.03961056 12.99991218 12.99788519 12.98655437 13.22259069
 13.00248502 13.2692293  13.13053669 12.98355707 13.00321855 13.17789402
 13.18708848 13.15252842 13.01883537 13.01305916 13.00321855 13.0035851
 13.17905045 12.99733151 13.0567746  13.13610049 12.99843847 13.03592106
 13.03097512 12.98618041 13.05814521 13.02421375 13.02813514 13.02457094
 13.02920137 13.03925986 13.17441235 13.03996106 13.3186872  13.01703466
 13.03132952 13.01342132 13.04013616 13.04293388 13.08637593 13.21171168
 13.13548445 13.03697695 13.00138334 13.0636037  13.03943529 13.03662517
 12.98786251 13.14527559 13.02777944 13.00651175 13.01305916 13.04676446
 13.18936683 13.00778903 13.0259985  13.02457094 13.14284077 12.9843074
 12.99935992 13.20509117 12.99196019 13.00395159 13.04031138 13.01342132
 13.04502564 13.23433704 13.00724186 12.98767577 13.15851386 13.20730582
 13.00064815 13.0804145  13.0283129  13.0179356  13.0502307  13.05333734
 12.99400164 13.10847332 13.01883537 13.17905045 13.21280826 13.04467739
 13.01811563 13.40491507 12.99806963 13.04502564 12.99991218 13.08538564
 13.0453737  13.03380512 13.27517143 13.03943529 13.04572157 13.06631848
 13.02706761 13.00979194 13.15402977 13.02706761 13.00138334 13.16267223
 13.04572157 13.11927522 13.05505783 12.99400164 13.04013616 13.27121705
 12.98674147 13.2279583  13.03132952 13.15970459 13.04101145 13.01378344
 13.02528503 13.00064815 13.01703466 13.02742355 13.01378344 13.03132952
 13.01559127 13.01015571 13.14557929 13.03398178 12.98991387 13.02849065
 13.03486388 13.35795657 13.10590801 13.26723452 12.98505708 13.03239144
 13.03415828 13.06834821 13.00651175 13.01595237 13.00285181 13.01595237
 13.39188498 13.00431775 12.99288879 13.00942813 13.06631848 13.02920137
 12.98991387 12.99511302 13.15402977 13.07037268 13.21171168 13.01739513
 13.06564066 13.18250756 13.08769427 13.13548445 13.00009619 12.99251745
 13.0035851  13.04083655 13.04083655 13.05264805 13.07574484 13.06224266
 13.05746021 13.05540153 13.06224266 13.07373471 12.99548314 13.06564066
 13.14891165 13.06087924 13.03943529 13.15132494 13.00578114 13.01305916
 13.33740324 13.5026     13.04606939 12.99880712 13.24273711 12.9958532
 13.00578114 13.01197149 13.01631328 13.01378344 13.36378831 13.01522998
 13.01305916 12.99400164 13.14588295 13.16856828 13.0112457  13.00504976
 13.07171926 12.9958532  13.09032394 13.06834821 13.07440538 12.99325993
 12.99917572 12.98468233 13.07440538 12.98842235 12.99251745 12.98786251
 13.09032394 12.9977006  12.98618041 13.3571175  12.98599327 13.4182899
 13.01015571 13.48283426 12.99288879 13.00724186 13.00724186 13.00651175
 13.10333357 13.19952004 13.11230432 12.99917572 13.01088252 13.1261785
 12.99028629 13.02170831 13.02385622 12.99696208 13.01811563 13.00504976
 12.99917572 13.147096   13.29071149 13.18936683 13.01160869 13.0730635
 13.0259985  13.00651175 13.23009209 13.29831783 13.04988487 13.14223074
 13.0035851  13.00578114 13.00797134 13.00285181] 634
glb= [12.99788519 12.98982071 12.99390892 12.99242467 12.9965926  12.9873955
 12.99223884 12.99344542 12.98954124 12.98618041 12.98674147 12.98832914
 13.0052327  12.99140254 12.99566818 12.98383847 12.9965926  12.98533803
 12.99372361 12.99084462 13.00046418 12.98776914 12.99037928 12.98524443
 12.98832914 12.99686975 12.98646095 13.00395159 13.00778903 12.98599327
 13.00230146 12.99557566 12.98580611 12.99908361 12.99353815 12.98393226
 12.998715   12.99880712 12.98870222 13.00028019 12.99557566 12.9938162
 13.00083197 13.31504254 12.98804909 12.98916843 13.00321855 13.00833579
 12.99149563 13.15732105 12.99028629 12.98468233 12.98730212 12.98767577
 12.98907525 12.99686975 12.99409436 13.0035851  13.08240688 13.03627321
 12.99028629 12.9871152  12.99325993 12.98561894 13.16148677 12.99344542
 12.98730212 12.99991218 12.99492794 13.02170831 13.00257672 12.99214605
 12.99862288 12.98991387 13.0112457  12.98748888 12.99149563 13.12304897
 12.99251745 12.99010001 12.99047241 13.14223074 12.99130958 12.99075164
 12.99733151 13.10719177 12.99686975 13.06834821 13.00906426 12.99529809
 12.9989915  12.99279589 13.01051914 13.08901027 12.98571253 12.98543162
 13.02367744 12.9871152  13.02170831 12.99437234 12.9977006  13.00541548
 12.9948354  12.9989915  12.98832914 12.98786251 12.98411984 12.98486971
 13.11738075 13.10333357 12.98692841 12.98393226 12.99028629 12.9977006
 13.00046418 13.13363313 12.98954124 13.00870005 13.00395159 13.01486863
 13.00037225 13.00101577 13.04380607 12.9882358  12.98618041 12.99502048
 13.01595237 12.9871152  12.98991387 12.9843074  12.99186726 12.98355707
 12.99288879 12.98674147 12.99251745 12.99650026 12.98449494 12.98505708
 12.99400164 12.9977929  13.17905045 13.02314088 12.99843847 13.00431775
 13.00064815 12.99548314 12.99325993 13.02117034 12.98972756 13.31504254
 12.98411984 13.00321855 12.99650026 13.15102373 12.99251745 12.99372361
 12.99733151 12.99797734 13.02242491 12.98954124 13.05092221 13.14100902
 13.00870005 13.0190152  13.02063212 13.14100902 13.21934721 13.05746021
 12.98804909 13.15192696 12.98842235 13.0035851  12.9871152  12.98543162
 12.98580611 13.06224266 12.99121662 13.02314088 13.01197149 12.99437234
 12.99344542 13.09425104 13.10590801 12.98543162 13.00119956 12.98524443
 13.03521646 12.99279589 13.04188586 13.00101577 12.98636739 12.99196019
 13.03521646 13.0345111  13.00119956 13.03026617 13.00156696 13.15612603
 13.02206671 13.00193431 13.00504976 13.04275926 12.99954397 12.99917572
 12.99733151 13.05540153 13.04171103 13.1373309  13.01269679 13.00778903
 13.01631328 13.15312937 12.99196019 13.01269679 12.99325993 12.98748888
 12.98411984 13.0092462  13.00083197 13.00596389 13.16148677 13.0034019
 13.11166725 13.21280826 13.42840116 12.9938162  13.01919502 13.04258464
 13.05917165 12.99529809 12.99677742 13.07774966 12.99696208 13.01269679
 13.15910951 13.02742355 12.98486971 13.01142721 13.01739513 12.98440117
 13.00541548 13.0190152  12.99288879 13.19615362 13.05951352 13.06767222
 13.05299279 13.02134973 13.04118647 12.99723919 12.99084462 13.04153619
 13.02742355 12.98468233 13.01559127 12.99437234 12.98692841 13.01847553
 12.99862288 12.99991218 13.01595237 12.99972815 13.16089326 12.99363089
 13.01414536 13.00083197 12.98730212 12.9965926  12.99047241 12.99733151
 13.01215294 12.9896344  12.99010001 13.18020483 13.02134973 13.00614661
 13.00979194 13.04275926 13.00797134 13.02206671 13.04188586 13.14405923
 13.20509117 13.02528503 13.01233424 13.01233424 13.01051914 13.05264805
 13.02742355 13.01504931 13.07708202 13.01955462 12.99492794 13.14527559
 12.99065852 12.98730212 12.98795573 12.99751613 12.98449494 13.09425104
 13.00504976 13.01269679 13.01160869 12.99917572 13.31412732 13.02385622
 13.03309866 12.99418693 13.37845586 13.02706761 13.0200935  13.00431775
 13.00395159 13.00248502 13.17324768 13.02314088 13.02955645 13.0659796
 13.16207978 12.98842235 13.01414536 13.01414536 12.98879556 13.00028019
 12.99954397 13.01142721 13.03943529 13.05540153 13.03026617 13.01631328
 13.01883537 13.11927522 13.01955462 12.98954124 13.00778903 13.3338918
 13.00468385 12.99733151 13.00833579 12.99288879 13.01051914 12.9938162
 12.99140254 12.99880712 13.03203761 13.03556885 13.05951352 13.00541548
 13.00651175 13.13363313 13.1261785  13.01450709 13.00376842 13.01847553
 13.04711185 13.00797134 13.03239144 13.03592106 13.00230146 13.47409261
 13.02706761 13.01883537 12.98730212 12.99140254 13.02884611 13.05471408
 12.98692841 13.00321855 12.99065852 13.1261785  12.98355707 12.99511302
 13.00651175 12.99548314 13.00285181 13.38797721 13.35543496 12.98561894
 12.98730212 13.02242491 13.02813514 12.98393226 13.01305916 13.0172149
 13.03486388 12.9958532  13.00138334 12.98355707 13.03943529 13.03556885
 13.0076067  13.03961056 12.99991218 12.99788519 12.98655437 13.22259069
 13.00248502 13.2692293  13.13053669 12.98355707 13.00321855 13.17789402
 13.18708848 13.15252842 13.01883537 13.01305916 13.00321855 13.0035851
 13.17905045 12.99733151 13.0567746  13.13610049 12.99843847 13.03592106
 13.03097512 12.98618041 13.05814521 13.02421375 13.02813514 13.02457094
 13.02920137 13.03925986 13.17441235 13.03996106 13.3186872  13.01703466
 13.03132952 13.01342132 13.04013616 13.04293388 13.08637593 13.21171168
 13.13548445 13.03697695 13.00138334 13.0636037  13.03943529 13.03662517
 12.98786251 13.14527559 13.02777944 13.00651175 13.01305916 13.04676446
 13.18936683 13.00778903 13.0259985  13.02457094 13.14284077 12.9843074
 12.99935992 13.20509117 12.99196019 13.00395159 13.04031138 13.01342132
 13.04502564 13.23433704 13.00724186 12.98767577 13.15851386 13.20730582
 13.00064815 13.0804145  13.0283129  13.0179356  13.0502307  13.05333734
 12.99400164 13.10847332 13.01883537 13.17905045 13.21280826 13.04467739
 13.01811563 13.40491507 12.99806963 13.04502564 12.99991218 13.08538564
 13.0453737  13.03380512 13.27517143 13.03943529 13.04572157 13.06631848
 13.02706761 13.00979194 13.15402977 13.02706761 13.00138334 13.16267223
 13.04572157 13.11927522 13.05505783 12.99400164 13.04013616 13.27121705
 12.98674147 13.2279583  13.03132952 13.15970459 13.04101145 13.01378344
 13.02528503 13.00064815 13.01703466 13.02742355 13.01378344 13.03132952
 13.01559127 13.01015571 13.14557929 13.03398178 12.98991387 13.02849065
 13.03486388 13.35795657 13.10590801 13.26723452 12.98505708 13.03239144
 13.03415828 13.06834821 13.00651175 13.01595237 13.00285181 13.01595237
 13.39188498 13.00431775 12.99288879 13.00942813 13.06631848 13.02920137
 12.98991387 12.99511302 13.15402977 13.07037268 13.21171168 13.01739513
 13.06564066 13.18250756 13.08769427 13.13548445 13.00009619 12.99251745
 13.0035851  13.04083655 13.04083655 13.05264805 13.07574484 13.06224266
 13.05746021 13.05540153 13.06224266 13.07373471 12.99548314 13.06564066
 13.14891165 13.06087924 13.03943529 13.15132494 13.00578114 13.01305916
 13.33740324 13.5026     13.04606939 12.99880712 13.24273711 12.9958532
 13.00578114 13.01197149 13.01631328 13.01378344 13.36378831 13.01522998
 13.01305916 12.99400164 13.14588295 13.16856828 13.0112457  13.00504976
 13.07171926 12.9958532  13.09032394 13.06834821 13.07440538 12.99325993
 12.99917572 12.98468233 13.07440538 12.98842235 12.99251745 12.98786251
 13.09032394 12.9977006  12.98618041 13.3571175  12.98599327 13.4182899
 13.01015571 13.48283426 12.99288879 13.00724186 13.00724186 13.00651175
 13.10333357 13.19952004 13.11230432 12.99917572 13.01088252 13.1261785
 12.99028629 13.02170831 13.02385622 12.99696208 13.01811563 13.00504976
 12.99917572 13.147096   13.29071149 13.18936683 13.01160869 13.0730635
 13.0259985  13.00651175 13.23009209 13.29831783 13.04988487 13.14223074
 13.0035851  13.00578114 13.00797134 13.00285181] 634
bidsort lists= 634 634
 634
SNAP 40
EPS 0.017469643111034175
galrad= 0.01
!!! agesel
Found 1793 stars.
Rotated pos.
Rotated vel.
Calculating circularities
dty= [12.99788519 12.9965926  12.9873955  12.99390892 12.96477348 12.96400582
 12.92915197 12.97753047 12.98533803 12.99372361 12.97222219 12.96611513
 12.99908361 12.92675261 12.9215322  12.98383847 12.96342971 13.00395159
 12.98776914 12.99223884 13.27615563 12.98393226 12.99325993 12.95880678
 13.00321855 12.9628532  13.2332786  12.998715   12.9703183  13.0052327
 12.98730212 12.96688089 12.95026746 12.96419783 12.99242467 12.99010001
 12.9434153  12.93074793 12.93174415 12.96169893 12.99075164 12.9801724
 12.98646095 12.96515694 12.94203861 12.92715294 12.92935168 12.96438968
 12.96208384 12.93353425 12.95241004 12.95899988 12.95357665 12.99409436
 12.96993702 12.95571115 12.95241004 12.9814903  12.93967343 12.9686013
 12.96323751 12.92735308 13.39959732 12.99686975 12.97620643 12.99084462
 12.98870222 12.98130211 12.9584204  13.22688859 12.93848841 13.00486681
 12.98524443 12.92955123 12.92474822 12.95182626 12.92875251 12.96707212
 12.97326744 12.93293802 12.97696329 13.20175441 12.96993702 12.98073745
 12.93014979 13.08901027 12.98982071 12.94577062 12.97847492 12.96936477
 12.92534999 12.97998397 13.00083197 13.38719146 12.99130958 12.96362176
 13.19502746 13.14223074 12.96266095 12.96477348 12.93947606 12.95396502
 12.93532088 12.9767742  12.94772863 12.99686975 12.96841033 13.30767517
 12.95318793 12.9763957  12.93967343 12.96745468 12.97412171 12.9496822
 12.97298248 13.01414536 12.98832914 12.94144784 12.99557566 13.18765883
 13.2692293  12.97298248 12.93492419 12.97146112 12.99037928 12.95919297
 12.98243033 12.9418417  13.07003562 13.38244773 12.99344542 13.21116264
 12.93908113 12.98916843 12.96323751 12.92595135 12.92975076 12.95648607
 12.94498627 12.95299355 12.99149563 12.93551927 13.00778903 12.94203861
 12.99437234 12.94006799 12.95938604 12.93651002 12.98618041 12.96342971
 13.32589945 12.95396502 12.93214217 12.95957895 12.96592355 12.92835285
 13.20286866 12.93591573 12.96169893 12.93848841 12.95182626 13.06699562
 12.98468233 13.09425104 12.93888357 13.14100902 13.13363313 12.96150646
 12.96993702 13.26422903 13.18020483 12.94203861 12.98233634 12.99529809
 13.03097512 12.99991218 12.96783704 12.9801724  12.93293802 12.96092867
 13.16385562 12.92534999 12.93631198 13.00101577 12.96879226 12.98907525
 13.31321047 12.96726348 12.99502048 12.93848841 13.16148677 13.00230146
 12.92173347 12.92514956 13.44172783 12.98767577 12.94811972 12.94498627
 12.93313673 13.02457094 12.94811972 12.98561894 12.92253842 13.17731497
 12.93690604 12.97941832 12.96955568 13.09620676 12.969174   12.96458165
 13.26523262 12.95104726 12.96974643 13.05951352 12.95764718 12.95299355
 12.99251745 13.00395159 12.92575096 12.96035046 12.96955568 12.98167833
 13.17208089 12.99344542 12.93532088 12.96227627 12.9871152  13.15192696
 13.31504254 12.97979538 12.92133077 13.0035851  12.98280611 12.96150646
 12.95007243 12.9584204  13.03026617 12.98411984 13.06156132 13.01595237
 12.98054907 12.96323751 12.93254012 13.21171168 12.9215322  12.93927853
 13.10397805 12.97809724 12.95880678 13.01486863 12.93413021 12.97374212
 12.97847492 12.96477348 12.96112133 12.97904106 12.94164478 12.98832914
 12.93967343 13.07440538 13.0076067  12.94479    12.94164478 12.93908113
 13.05643151 12.94203861 12.9938162  12.98177234 13.00037225 13.00870005
 13.17441235 12.97582785 12.94400479 12.97544893 12.97847492 12.97696329
 12.9977006  12.92133077 12.93730201 13.10687107 12.96802819 12.93134579
 12.94753299 13.2332786  12.98243033 12.99733151 12.96208384 12.99566818
 12.95396502 12.9434153  12.98393226 12.99492794 12.97165144 12.95026746
 12.98543162 12.93730201 12.97279239 12.98449494 12.98674147 13.0588296
 12.9345273  12.97412171 12.93809319 12.92915197 12.96246855 12.98280611
 12.98092569 12.94282554 13.0259985  12.93631198 12.94733734 12.92775303
 12.98205436 12.97715236 12.95512952 12.97696329 12.96266095 12.97355223
 13.3303554  12.92173347 12.97374212 12.96802819 12.92615172 13.00431775
 13.03521646 12.95551738 12.95182626 13.12492839 12.94909654 12.97088991
 12.92253842 13.0345111  12.98571253 13.19615362 12.97279239 13.03203761
 12.98954124 13.04589555 12.96208384 12.95977185 13.07070955 12.99686975
 12.94792411 12.93532088 12.93512262 12.97393199 12.99149563 12.95571115
 12.92735308 12.97298248 13.14648973 12.94792411 12.96458165 12.9843074
 12.96630656 12.99548314 12.99251745 12.9763957  12.96764586 12.94400479
 12.93551927 12.98261816 13.04188586 12.94518238 12.9345273  12.92775303
 12.95667977 12.94792411 12.9584204  12.92735308 12.95919297 12.96150646
 12.97203191 12.97809724 12.97336233 12.94518238 12.93373292 12.96573195
 13.02991133 13.11738075 12.98804909 12.98186635 12.92855276 12.9792297
 12.99186726 12.96323751 12.98954124 12.96015761 12.93670804 12.9801724
 12.94046249 12.96015761 13.05540153 13.11230432 12.94065964 13.38561584
 12.99028629 12.98580611 13.00046418 12.93333557 12.95007243 12.98618041
 12.95104726 12.93651002 13.02671134 12.9756384  12.9777195  13.1579177
 12.99353815 13.08604598 13.00596389 12.98954124 12.9871152  13.06394355
 12.93214217 12.99028629 12.96112133 12.98543162 12.99196019 13.21171168
 12.94046249 12.9638138  12.97734142 12.95415919 12.92575096 12.96688089
 12.95532345 12.99028629 12.96745468 12.98261816 12.960736   12.95163149
 13.47849058 13.11230432 12.96898321 12.93134579 12.98730212 12.93413021
 12.98543162 12.93333557 12.95415919 13.01775541 12.94203861 13.13084691
 12.9526046  13.15312937 12.94929177 13.12492839 12.97828608 13.0916353
 12.95609864 12.95803382 12.96266095 13.00541548 12.96458165 12.99325993
 12.94596667 12.95065746 13.06834821 13.0491925  12.96054317 12.92575096
 13.08835257 13.43195188 12.9871152  12.92615172 13.25307115 12.92414617
 13.12804958 12.98543162 12.95648607 12.94203861 12.9628532  12.969174
 12.96266095 13.09945486 12.95454747 12.97222219 12.95182626 12.96821934
 12.97979538 13.31504254 13.06969844 12.99288879 12.93373292 12.96342971
 12.99214605 12.94006799 13.08306984 12.93769763 12.98580611 12.93947606
 13.31412732 13.03380512 13.14860936 12.95832383 12.9814903  13.05195814
 12.93054861 13.09359798 12.96092867 12.92494897 12.97412171 12.96458165
 12.98486971 13.02314088 12.96150646 12.97374212 12.93413021 13.30767517
 12.93967343 13.07507544 12.93551927 12.96745468 13.12680277 12.96783704
 12.94518238 13.05540153 12.92935168 13.13301497 12.93293802 12.95026746
 13.03345192 12.92855276 13.20509117 12.99010001 12.98205436 12.98036081
 13.08174338 13.00101577 12.93492419 13.21717529 12.98468233 12.98411984
 12.97525945 12.96668951 12.99251745 12.95726034 13.36544123 12.92735308
 12.93651002 12.96227627 13.00119956 12.96246855 12.94557455 13.00504976
 12.96573195 12.98054907 13.14648973 12.96304543 13.05402602 13.11674817
 13.12304897 13.07908322 12.93967343 13.03521646 12.95026746 13.08505527
 12.99917572 13.12804958 12.95629236 13.02920137 12.9882358  13.10075007
 12.97847492 13.07239168 13.18135718 12.98991387 13.17905045 13.02314088
 13.10139678 12.93908113 12.94518238 12.9215322  12.9843074  12.98524443
 13.03873365 13.02457094 13.2692293  12.94518238 12.94361182 12.95532345
 12.9215322  13.10333357 12.97715236 12.97790837 13.03592106 13.31137191
 12.97374212 12.96035046 13.11039133 12.95454747 13.01847553 12.92935168
 13.29642636 12.98692841 12.93532088 13.08240688 13.21499567 13.02528503
 12.93134579 12.95803382 13.31595614 12.92434682 13.08174338 13.05402602
 12.95493556 13.13425084 12.92213598 13.31595614 12.95221546 12.95571115
 13.00614661 13.20951269 12.94635844 13.00979194 12.99529809 12.94635844
 13.00797134 12.93789542 13.08835257 13.21390292 13.06902366 13.08373228
 13.09425104 13.21171168 12.94439743 12.96035046 12.98730212 12.99288879
 13.06631848 13.00651175 12.93927853 12.94831517 13.07708202 12.96458165
 13.02457094 12.95065746 13.02314088 12.95104726 13.36544123 13.43652094
 12.92394536 12.96304543 13.01955462 12.95764718 13.01051914 12.96035046
 13.18480208 12.93373292 13.03026617 13.03026617 12.949487   13.03592106
 13.22474344 13.01414536 12.93651002 13.00504976 13.08769427 12.94439743
 12.93214217 13.30860183 13.01160869 13.00468385 13.01051914 13.15432962
 12.95919297 12.94909654 12.94203861 13.01414536 13.2632236  12.93492419
 13.01631328 13.00376842 12.9345273  12.93333557 13.02813514 13.06699562
 13.08107921 13.2692293  12.949487   12.93333557 13.02671134 13.04849952
 12.94282554 12.9498774  13.02314088 13.14466767 12.93014979 13.11611501
 12.92915197 12.92374439 13.17905045 13.02457094 12.94675016 13.07104624
 12.93551927 12.93174415 12.93809319 13.08901027 12.94085678 12.95919297
 12.96611513 12.94046249 12.94909654 12.94596667 12.95143686 13.16621614
 12.96304543 13.19727777 13.22688859 12.95571115 12.9584204  13.15851386
 12.93571751 12.94046249 12.95377084 12.96304543 13.11738075] 719
glb= [12.99788519 12.9965926  12.9873955  12.99390892 12.96477348 12.96400582
 12.92915197 12.97753047 12.98533803 12.99372361 12.97222219 12.96611513
 12.99908361 12.92675261 12.9215322  12.98383847 12.96342971 13.00395159
 12.98776914 12.99223884 13.27615563 12.98393226 12.99325993 12.95880678
 13.00321855 12.9628532  13.2332786  12.998715   12.9703183  13.0052327
 12.98730212 12.96688089 12.95026746 12.96419783 12.99242467 12.99010001
 12.9434153  12.93074793 12.93174415 12.96169893 12.99075164 12.9801724
 12.98646095 12.96515694 12.94203861 12.92715294 12.92935168 12.96438968
 12.96208384 12.93353425 12.95241004 12.95899988 12.95357665 12.99409436
 12.96993702 12.95571115 12.95241004 12.9814903  12.93967343 12.9686013
 12.96323751 12.92735308 13.39959732 12.99686975 12.97620643 12.99084462
 12.98870222 12.98130211 12.9584204  13.22688859 12.93848841 13.00486681
 12.98524443 12.92955123 12.92474822 12.95182626 12.92875251 12.96707212
 12.97326744 12.93293802 12.97696329 13.20175441 12.96993702 12.98073745
 12.93014979 13.08901027 12.98982071 12.94577062 12.97847492 12.96936477
 12.92534999 12.97998397 13.00083197 13.38719146 12.99130958 12.96362176
 13.19502746 13.14223074 12.96266095 12.96477348 12.93947606 12.95396502
 12.93532088 12.9767742  12.94772863 12.99686975 12.96841033 13.30767517
 12.95318793 12.9763957  12.93967343 12.96745468 12.97412171 12.9496822
 12.97298248 13.01414536 12.98832914 12.94144784 12.99557566 13.18765883
 13.2692293  12.97298248 12.93492419 12.97146112 12.99037928 12.95919297
 12.98243033 12.9418417  13.07003562 13.38244773 12.99344542 13.21116264
 12.93908113 12.98916843 12.96323751 12.92595135 12.92975076 12.95648607
 12.94498627 12.95299355 12.99149563 12.93551927 13.00778903 12.94203861
 12.99437234 12.94006799 12.95938604 12.93651002 12.98618041 12.96342971
 13.32589945 12.95396502 12.93214217 12.95957895 12.96592355 12.92835285
 13.20286866 12.93591573 12.96169893 12.93848841 12.95182626 13.06699562
 12.98468233 13.09425104 12.93888357 13.14100902 13.13363313 12.96150646
 12.96993702 13.26422903 13.18020483 12.94203861 12.98233634 12.99529809
 13.03097512 12.99991218 12.96783704 12.9801724  12.93293802 12.96092867
 13.16385562 12.92534999 12.93631198 13.00101577 12.96879226 12.98907525
 13.31321047 12.96726348 12.99502048 12.93848841 13.16148677 13.00230146
 12.92173347 12.92514956 13.44172783 12.98767577 12.94811972 12.94498627
 12.93313673 13.02457094 12.94811972 12.98561894 12.92253842 13.17731497
 12.93690604 12.97941832 12.96955568 13.09620676 12.969174   12.96458165
 13.26523262 12.95104726 12.96974643 13.05951352 12.95764718 12.95299355
 12.99251745 13.00395159 12.92575096 12.96035046 12.96955568 12.98167833
 13.17208089 12.99344542 12.93532088 12.96227627 12.9871152  13.15192696
 13.31504254 12.97979538 12.92133077 13.0035851  12.98280611 12.96150646
 12.95007243 12.9584204  13.03026617 12.98411984 13.06156132 13.01595237
 12.98054907 12.96323751 12.93254012 13.21171168 12.9215322  12.93927853
 13.10397805 12.97809724 12.95880678 13.01486863 12.93413021 12.97374212
 12.97847492 12.96477348 12.96112133 12.97904106 12.94164478 12.98832914
 12.93967343 13.07440538 13.0076067  12.94479    12.94164478 12.93908113
 13.05643151 12.94203861 12.9938162  12.98177234 13.00037225 13.00870005
 13.17441235 12.97582785 12.94400479 12.97544893 12.97847492 12.97696329
 12.9977006  12.92133077 12.93730201 13.10687107 12.96802819 12.93134579
 12.94753299 13.2332786  12.98243033 12.99733151 12.96208384 12.99566818
 12.95396502 12.9434153  12.98393226 12.99492794 12.97165144 12.95026746
 12.98543162 12.93730201 12.97279239 12.98449494 12.98674147 13.0588296
 12.9345273  12.97412171 12.93809319 12.92915197 12.96246855 12.98280611
 12.98092569 12.94282554 13.0259985  12.93631198 12.94733734 12.92775303
 12.98205436 12.97715236 12.95512952 12.97696329 12.96266095 12.97355223
 13.3303554  12.92173347 12.97374212 12.96802819 12.92615172 13.00431775
 13.03521646 12.95551738 12.95182626 13.12492839 12.94909654 12.97088991
 12.92253842 13.0345111  12.98571253 13.19615362 12.97279239 13.03203761
 12.98954124 13.04589555 12.96208384 12.95977185 13.07070955 12.99686975
 12.94792411 12.93532088 12.93512262 12.97393199 12.99149563 12.95571115
 12.92735308 12.97298248 13.14648973 12.94792411 12.96458165 12.9843074
 12.96630656 12.99548314 12.99251745 12.9763957  12.96764586 12.94400479
 12.93551927 12.98261816 13.04188586 12.94518238 12.9345273  12.92775303
 12.95667977 12.94792411 12.9584204  12.92735308 12.95919297 12.96150646
 12.97203191 12.97809724 12.97336233 12.94518238 12.93373292 12.96573195
 13.02991133 13.11738075 12.98804909 12.98186635 12.92855276 12.9792297
 12.99186726 12.96323751 12.98954124 12.96015761 12.93670804 12.9801724
 12.94046249 12.96015761 13.05540153 13.11230432 12.94065964 13.38561584
 12.99028629 12.98580611 13.00046418 12.93333557 12.95007243 12.98618041
 12.95104726 12.93651002 13.02671134 12.9756384  12.9777195  13.1579177
 12.99353815 13.08604598 13.00596389 12.98954124 12.9871152  13.06394355
 12.93214217 12.99028629 12.96112133 12.98543162 12.99196019 13.21171168
 12.94046249 12.9638138  12.97734142 12.95415919 12.92575096 12.96688089
 12.95532345 12.99028629 12.96745468 12.98261816 12.960736   12.95163149
 13.47849058 13.11230432 12.96898321 12.93134579 12.98730212 12.93413021
 12.98543162 12.93333557 12.95415919 13.01775541 12.94203861 13.13084691
 12.9526046  13.15312937 12.94929177 13.12492839 12.97828608 13.0916353
 12.95609864 12.95803382 12.96266095 13.00541548 12.96458165 12.99325993
 12.94596667 12.95065746 13.06834821 13.0491925  12.96054317 12.92575096
 13.08835257 13.43195188 12.9871152  12.92615172 13.25307115 12.92414617
 13.12804958 12.98543162 12.95648607 12.94203861 12.9628532  12.969174
 12.96266095 13.09945486 12.95454747 12.97222219 12.95182626 12.96821934
 12.97979538 13.31504254 13.06969844 12.99288879 12.93373292 12.96342971
 12.99214605 12.94006799 13.08306984 12.93769763 12.98580611 12.93947606
 13.31412732 13.03380512 13.14860936 12.95832383 12.9814903  13.05195814
 12.93054861 13.09359798 12.96092867 12.92494897 12.97412171 12.96458165
 12.98486971 13.02314088 12.96150646 12.97374212 12.93413021 13.30767517
 12.93967343 13.07507544 12.93551927 12.96745468 13.12680277 12.96783704
 12.94518238 13.05540153 12.92935168 13.13301497 12.93293802 12.95026746
 13.03345192 12.92855276 13.20509117 12.99010001 12.98205436 12.98036081
 13.08174338 13.00101577 12.93492419 13.21717529 12.98468233 12.98411984
 12.97525945 12.96668951 12.99251745 12.95726034 13.36544123 12.92735308
 12.93651002 12.96227627 13.00119956 12.96246855 12.94557455 13.00504976
 12.96573195 12.98054907 13.14648973 12.96304543 13.05402602 13.11674817
 13.12304897 13.07908322 12.93967343 13.03521646 12.95026746 13.08505527
 12.99917572 13.12804958 12.95629236 13.02920137 12.9882358  13.10075007
 12.97847492 13.07239168 13.18135718 12.98991387 13.17905045 13.02314088
 13.10139678 12.93908113 12.94518238 12.9215322  12.9843074  12.98524443
 13.03873365 13.02457094 13.2692293  12.94518238 12.94361182 12.95532345
 12.9215322  13.10333357 12.97715236 12.97790837 13.03592106 13.31137191
 12.97374212 12.96035046 13.11039133 12.95454747 13.01847553 12.92935168
 13.29642636 12.98692841 12.93532088 13.08240688 13.21499567 13.02528503
 12.93134579 12.95803382 13.31595614 12.92434682 13.08174338 13.05402602
 12.95493556 13.13425084 12.92213598 13.31595614 12.95221546 12.95571115
 13.00614661 13.20951269 12.94635844 13.00979194 12.99529809 12.94635844
 13.00797134 12.93789542 13.08835257 13.21390292 13.06902366 13.08373228
 13.09425104 13.21171168 12.94439743 12.96035046 12.98730212 12.99288879
 13.06631848 13.00651175 12.93927853 12.94831517 13.07708202 12.96458165
 13.02457094 12.95065746 13.02314088 12.95104726 13.36544123 13.43652094
 12.92394536 12.96304543 13.01955462 12.95764718 13.01051914 12.96035046
 13.18480208 12.93373292 13.03026617 13.03026617 12.949487   13.03592106
 13.22474344 13.01414536 12.93651002 13.00504976 13.08769427 12.94439743
 12.93214217 13.30860183 13.01160869 13.00468385 13.01051914 13.15432962
 12.95919297 12.94909654 12.94203861 13.01414536 13.2632236  12.93492419
 13.01631328 13.00376842 12.9345273  12.93333557 13.02813514 13.06699562
 13.08107921 13.2692293  12.949487   12.93333557 13.02671134 13.04849952
 12.94282554 12.9498774  13.02314088 13.14466767 12.93014979 13.11611501
 12.92915197 12.92374439 13.17905045 13.02457094 12.94675016 13.07104624
 12.93551927 12.93174415 12.93809319 13.08901027 12.94085678 12.95919297
 12.96611513 12.94046249 12.94909654 12.94596667 12.95143686 13.16621614
 12.96304543 13.19727777 13.22688859 12.95571115 12.9584204  13.15851386
 12.93571751 12.94046249 12.95377084 12.96304543 13.11738075] 719
bidsort lists= 719 719
 719
SNAP 41
EPS 0.008782873648478618
galrad= 0.01
!!! agesel
Found 1986 stars.
Rotated pos.
Rotated vel.
Calculating circularities
dty= [12.98130211 12.86849901 12.95880678 ... 12.87677307 12.8960113
 12.87592767] 1879
glb= [12.98130211 12.86849901 12.95880678 ... 12.87677307 12.8960113
 12.87592767] 1879
bidsort lists= 1879 1879
 1879
SNAP 42
EPS -0.0145544756002607
galrad= 0.01
!!! agesel
Found 2150 stars.
Rotated pos.
Rotated vel.
Calculating circularities
dty= [12.84586615 12.93393158 12.96400582 ... 12.93254012 12.88978081
 13.39959732] 2697
glb= [12.84586615 12.93393158 12.96400582 ... 12.93254012 12.88978081
 13.39959732] 2697
bidsort lists= 2697 2697
 2697
SNAP 43
EPS 0.032822455858027885
galrad= 0.01
!!! agesel
Found 2233 stars.
Rotated pos.
Rotated vel.
Calculating circularities
dty= [12.82848862 12.77052152 12.86828597 ... 12.83357912 13.39959732
 12.88978081] 3047
glb= [12.82848862 12.77052152 12.86828597 ... 12.83357912 13.39959732
 12.88978081] 3047
bidsort lists= 3047 3047
 3047
SNAP 44
EPS -0.024778848389252938
galrad= 0.01
!!! agesel
Found 2122 stars.
Rotated pos.
Rotated vel.
Calculating circularities
dty= [12.83070509 12.71219307 12.91038965 ... 12.69498507 12.67163094
 12.68438208] 4598
glb= [12.83070509 12.71219307 12.91038965 ... 12.69498507 12.67163094
 12.68438208] 4598
bidsort lists= 4598 4598
 4598
SNAP 45
EPS 0.09717665938294125
galrad= 0.01
!!! agesel
Found 2624 stars.
Rotated pos.
Rotated vel.
Calculating circularities
dty= [12.83644508 12.58607013 12.75979077 ... 12.61275397 12.75658617
 12.63173058] 6047
glb= [12.83644508 12.58607013 12.75979077 ... 12.61275397 12.75658617
 12.63173058] 6047
bidsort lists= 6047 6047
 6047
SNAP 46
EPS 0.10488398730186015
galrad= 0.01
!!! agesel
Found 3617 stars.
Rotated pos.
Rotated vel.
Calculating circularities
dty= [12.76322209 12.49394597 12.5835906  ... 12.46859883 12.9767742
 12.48950724] 7228
glb= [12.76322209 12.49394597 12.5835906  ... 12.46859883 12.9767742
 12.48950724] 7228
bidsort lists= 7228 7228
 7228
SNAP 47
EPS 0.037160695196785554
galrad= 0.01
!!! agesel
Found 4307 stars.
Rotated pos.
Rotated vel.
Calculating circularities
dty= [12.54580452 12.80559959 12.82715642 ... 12.74126363 12.82737852
 12.81665958] 11163
glb= [12.54580452 12.80559959 12.82715642 ... 12.74126363 12.82737852
 12.81665958] 11163
bidsort lists= 11163 11163
 11163
SNAP 48
EPS 0.0967600496976372
galrad= 0.01
!!! agesel
Found 4310 stars.
Rotated pos.
Rotated vel.
Calculating circularities
dty= [12.36672897 13.06156132 12.36737537 ... 12.78474018 13.07440538
 13.00285181] 14782
glb= [12.36672897 13.06156132 12.36737537 ... 12.78474018 13.07440538
 13.00285181] 14782
bidsort lists= 14782 14782
 14782
SNAP 49
EPS -0.0073349603741276505
galrad= 0.01
!!! agesel
Found 5253 stars.
Rotated pos.
Rotated vel.
Calculating circularities
dty= [12.76322209 13.26523262 12.34392536 ... 12.98054907 12.19755848
 12.43138325] 21506
glb= [12.76322209 13.26523262 12.34392536 ... 12.98054907 12.19755848
 12.43138325] 21506
bidsort lists= 21506 21506
 21506
SNAP 50
EPS 0.02653566724669226
galrad= 0.01
!!! agesel
Found 21442 stars.
Rotated pos.
Rotated vel.
Calculating circularities
dty= [13.39959732 12.0144748  12.10121008 ... 12.10881643 13.00285181
 12.37205343] 51081
glb= [13.39959732 12.0144748  12.10121008 ... 12.10881643 13.00285181
 12.37205343] 51081
bidsort lists= 51081 51081
 51081
SNAP 51
EPS 0.12487733257228463
galrad= 0.01
!!! agesel
Found 14911 stars.
Rotated pos.
Rotated vel.
Calculating circularities
dty= [12.00359392 12.00444864 11.89795901 ... 12.54750786 12.85238626
 13.05057648] 72007
glb= [12.00359392 12.00444864 11.89795901 ... 12.54750786 12.85238626
 13.05057648] 72007
bidsort lists= 72007 72007
 72007
SNAP 52
EPS 0.03278182958688673
galrad= 0.01
!!! agesel
Found 8000 stars.
Rotated pos.
Rotated vel.
Calculating circularities
dty= [12.00359392 11.98382601 12.11194444 ... 11.79171721 12.76793719
 12.73449188] 84919
glb= [12.00359392 11.98382601 12.11194444 ... 11.79171721 12.76793719
 12.73449188] 84919
bidsort lists= 84919 84919
 84919
SNAP 53
EPS 0.024419353751416066
galrad= 0.01
!!! agesel
Found 8189 stars.
Rotated pos.
Rotated vel.
Calculating circularities
dty= [12.37591381 11.86024027 11.97924631 ... 12.48950724 12.81215973
 12.50951353] 98400
glb= [12.37591381 11.86024027 11.97924631 ... 12.48950724 12.81215973
 12.50951353] 98400
bidsort lists= 98400 98400
 98400
SNAP 54
EPS 0.030360883041332408
galrad= 0.01
!!! agesel
Found 31454 stars.
Rotated pos.
Rotated vel.
Calculating circularities
dty= [11.98991516 11.58173377 11.83516954 ... 12.29539599 12.2360048
 12.54523625] 132396
glb= [11.98991516 11.58173377 11.83516954 ... 12.29539599 12.2360048
 12.54523625] 132396
bidsort lists= 132396 132396
 132396
SNAP 55
EPS 0.030331238079847347
galrad= 0.01
!!! agesel
Found 18986 stars.
Rotated pos.
Rotated vel.
Calculating circularities
dty= [11.96287183 11.8660816  13.39959732 ... 11.37499964 11.889704
 12.18816704] 177681
glb= [11.96287183 11.8660816  13.39959732 ... 11.37499964 11.889704
 12.18816704] 177681
bidsort lists= 177681 177681
 177681
SNAP 56
EPS 0.030814405578437783
galrad= 0.01
!!! agesel
Found 10596 stars.
Rotated pos.
Rotated vel.
Calculating circularities
dty= [11.98240243 11.41843969 11.96287183 ... 11.2393343  11.23706938
 12.20904447] 193774
glb= [11.98240243 11.41843969 11.96287183 ... 11.2393343  11.23706938
 12.20904447] 193774
bidsort lists= 193774 193774
 193774
SNAP 57
EPS 0.06547868227830515
galrad= 0.01
!!! agesel
Found 9854 stars.
Rotated pos.
Rotated vel.
Calculating circularities
dty= [11.98382601 13.39959732 11.38398208 ... 12.08050718 12.13742068
 12.49895909] 211336
glb= [11.98382601 13.39959732 11.38398208 ... 12.08050718 12.13742068
 12.49895909] 211336
bidsort lists= 211336 211336
 211336
SNAP 58
EPS 0.07953387891351898
galrad= 0.01
!!! agesel
Found 7872 stars.
Rotated pos.
Rotated vel.
Calculating circularities
dty= [11.8053391  11.96287183 13.39959732 ... 13.07574484 12.0689004
 13.12304897] 224495
glb= [11.8053391  11.96287183 13.39959732 ... 13.07574484 12.0689004
 13.12304897] 224495
bidsort lists= 224495 224495
 224495
SNAP 59
EPS 0.10442915746559435
galrad= 0.01
!!! agesel
Found 7453 stars.
Rotated pos.
Rotated vel.
Calculating circularities
dty= [13.39959732 11.96287183 11.8053391  ... 12.30350746 12.15228686
 12.19467436] 235709
glb= [13.39959732 11.96287183 11.8053391  ... 12.30350746 12.15228686
 12.19467436] 235709
bidsort lists= 235709 235709
 235709
SNAP 60
EPS 0.12938893241693047
galrad= 0.01
!!! agesel
Found 9995 stars.
Rotated pos.
Rotated vel.
Calculating circularities
dty= [13.39959732 11.98550251 11.85024925 ... 12.35129318 12.30687469
 12.84891415] 254110
glb= [13.39959732 11.98550251 11.85024925 ... 12.35129318 12.30687469
 12.84891415] 254110
bidsort lists= 254110 254110
 254110
SNAP 61
EPS 0.15485985997760687
galrad= 0.01
!!! agesel
Found 11905 stars.
Rotated pos.
Rotated vel.
Calculating circularities
dty= [11.96287183 11.352945   11.86262218 ... 12.1027339  12.16408711
 12.13517957] 275799
glb= [11.96287183 11.352945   11.86262218 ... 12.1027339  12.16408711
 12.13517957] 275799
bidsort lists= 275799 275799
 275799
SNAP 62
EPS 0.19336862755403228
galrad= 0.01
!!! agesel
Found 11535 stars.
Rotated pos.
Rotated vel.
Calculating circularities
dty= [13.39959732 11.96287183 11.88778191 ... 12.0843595  11.55020456
 10.27103033] 293311
glb= [13.39959732 11.96287183 11.88778191 ... 12.0843595  11.55020456
 10.27103033] 293311
bidsort lists= 293311 293311
 293311
SNAP 63
EPS 0.2378551674598918
galrad= 0.01
!!! agesel
Found 14713 stars.
Rotated pos.
Rotated vel.
Calculating circularities
dty= [13.39959732 11.45086256 11.37604011 ... 11.49967708 11.49661085
 11.5681321 ] 316687
glb= [13.39959732 11.45086256 11.37604011 ... 11.49967708 11.49661085
 11.5681321 ] 316687
bidsort lists= 316687 316687
 316687
SNAP 64
EPS 0.269555178842695
galrad= 0.01
!!! agesel
Found 13461 stars.
Rotated pos.
Rotated vel.
Calculating circularities
dty= [11.96287183 11.88778191 11.41259164 ... 11.56912395 12.25975161
 11.62980136] 340288
glb= [11.96287183 11.88778191 11.41259164 ... 11.56912395 12.25975161
 11.62980136] 340288
bidsort lists=