loading halo 7 level 4
/eagle/projects/Auriga/Auriga/level4/Original/mergertrees/Au-7/trees_sf1_127
Hubble parameter= 0.6777
There are 513 trees in file /eagle/projects/Auriga/Auriga/level4/Original/mergertrees/Au-7/trees_sf1_127.0.hdf5
Loading desc (Descendant) for blockname /Tree0.
Loading fnum (FileNr) for blockname /Tree0.
Loading fhfg (FirstHaloInFOFGroup) for blockname /Tree0.
Loading fpin (FirstProgenitor) for blockname /Tree0.
Loading fmc2 (Group_M_Crit200) for blockname /Tree0.
Loading fmm2 (Group_M_Mean200) for blockname /Tree0.
Loading fmt2 (Group_M_TopHat200) for blockname /Tree0.
Loading frc2 (Group_R_Crit200) for blockname /Tree0.
Loading nhfg (NextHaloInFOFGroup) for blockname /Tree0.
Loading npin (NextProgenitor) for blockname /Tree0.
Loading snum (SnapNum) for blockname /Tree0.
Loading sbhm (SubhaloBHMass) for blockname /Tree0.
Loading sbhd (SubhaloBHMdot) for blockname /Tree0.
Loading sgmt (SubhaloGasMetallicity) for blockname /Tree0.
Loading sgmf (SubhaloGasMetallicitySfr) for blockname /Tree0.
Loading sgnr (SubhaloGrNr) for blockname /Tree0.
Loading shmt (SubhaloHalfmassRadType) for blockname /Tree0.
Key SubhaloIDMostBound not found in conversion table, skipping.
Loading slen (SubhaloLen) for blockname /Tree0.
Loading slty (SubhaloLenType) for blockname /Tree0.
Loading smit (SubhaloMassInRadType) for blockname /Tree0.
Loading smty (SubhaloMassType) for blockname /Tree0.
Loading sbnr (SubhaloNumber) for blockname /Tree0.
Loading soty (SubhaloOffsetType) for blockname /Tree0.
Loading spos (SubhaloPos) for blockname /Tree0.
Loading ssfr (SubhaloSFR) for blockname /Tree0.
Loading ssfi (SubhaloSFRinRad) for blockname /Tree0.
Loading sspi (SubhaloSpin) for blockname /Tree0.
Loading ssmt (SubhaloStarMetallicity) for blockname /Tree0.
Loading ssph (SubhaloStellarPhotometrics) for blockname /Tree0.
Loading svmx (SubhaloVMax) for blockname /Tree0.
Loading svel (SubhaloVel) for blockname /Tree0.
Loading svdi (SubhaloVelDisp) for blockname /Tree0.
galrad= 0.01
!!! agesel
Found 5 stars.
Rotated pos.
Rotated vel.
Calculating circularities
dty= [] 0
glb= [] 0
bidsort lists= 0 0
 0
SNAP 30
EPS nan
galrad= 0.01
!!! agesel
Found 8 stars.
Rotated pos.
Rotated vel.
Calculating circularities
dty= [13.3848259 13.4086733] 2
glb= [13.3848259 13.4086733] 2
bidsort lists= 2 2
 2
SNAP 31
EPS 0.26506006193614273
galrad= 0.01
!!! agesel
Found 11 stars.
Rotated pos.
Rotated vel.
Calculating circularities
dty= [13.3848259  13.36544123] 2
glb= [13.3848259  13.36544123] 2
bidsort lists= 2 2
 2
SNAP 32
EPS 0.08457733957437352
galrad= 0.01
!!! agesel
Found 18 stars.
Rotated pos.
Rotated vel.
Calculating circularities
dty= [13.36544123 13.3848259  13.37036504 13.33914965] 4
glb= [13.36544123 13.3848259  13.37036504 13.33914965] 4
bidsort lists= 4 4
 4
SNAP 33
EPS -49.55350612991056
galrad= 0.01
!!! agesel
Found 21 stars.
Rotated pos.
Rotated vel.
Calculating circularities
dty= [13.3848259  13.36544123 13.37036504 13.32410593 13.41461743 13.3816522
 13.29642636 13.42047781] 8
glb= [13.3848259  13.36544123 13.37036504 13.32410593 13.41461743 13.3816522
 13.29642636 13.42047781] 8
bidsort lists= 8 8
 8
SNAP 34
EPS 0.12384522833464445
galrad= 0.01
!!! agesel
Found 35 stars.
Rotated pos.
Rotated vel.
Calculating circularities
dty= [13.36544123 13.3848259  13.37036504 13.33914965 13.25153271 13.39806575
 13.25307115 13.29547806 13.26523262 13.4086733 ] 10
glb= [13.36544123 13.3848259  13.37036504 13.33914965 13.25153271 13.39806575
 13.25307115 13.29547806 13.26523262 13.4086733 ] 10
bidsort lists= 10 10
 10
SNAP 35
EPS -0.08470686644589123
galrad= 0.01
!!! agesel
Found 41 stars.
Rotated pos.
Rotated vel.
Calculating circularities
dty= [13.20675292 13.22849244 13.3848259  13.36544123 13.44516079 13.37036504
 13.30020258 13.26120751 13.42047781 13.29642636 13.41461743 13.25101897
 13.36129783 13.2692293  13.20509117 13.22259069 13.22688859 13.19839991] 18
glb= [13.20675292 13.22849244 13.3848259  13.36544123 13.44516079 13.37036504
 13.30020258 13.26120751 13.42047781 13.29642636 13.41461743 13.25101897
 13.36129783 13.2692293  13.20509117 13.22259069 13.22688859 13.19839991] 18
bidsort lists= 18 18
 18
SNAP 36
EPS 0.04100830679096727
galrad= 0.01
!!! agesel
Found 48 stars.
Rotated pos.
Rotated vel.
Calculating circularities
dty= [13.20675292 13.44516079 13.3848259  13.18708848 13.14588295 13.22849244
 13.36544123 13.29642636 13.14497172 13.37036504 13.26120751 13.25101897
 13.22474344 13.41461743 13.25153271 13.3816522  13.17208089 13.42047781
 13.17324768 13.33914965 13.27220826 13.2332786  13.25715372 13.29547806
 13.24481859 13.15910951] 26
glb= [13.20675292 13.44516079 13.3848259  13.18708848 13.14588295 13.22849244
 13.36544123 13.29642636 13.14497172 13.37036504 13.26120751 13.25101897
 13.22474344 13.41461743 13.25153271 13.3816522  13.17208089 13.42047781
 13.17324768 13.33914965 13.27220826 13.2332786  13.25715372 13.29547806
 13.24481859 13.15910951] 26
bidsort lists= 26 26
 26
SNAP 37
EPS 0.03981904525742209
galrad= 0.01
!!! agesel
Found 55 stars.
Rotated pos.
Rotated vel.
Calculating circularities
dty= [13.10815313 13.20675292 13.22849244 13.36544123 13.44516079 13.10558671
 13.09815734 13.13548445 13.17208089 13.14497172 13.26120751 13.3848259
 13.29642636 13.22474344 13.41461743 13.18480208 13.18250756 13.14588295
 13.3816522  13.17962789 13.25153271 13.37036504 13.18708848 13.17324768
 13.21880493 13.13363313 13.25101897 13.25307115 13.20509117 13.50026535
 13.32410593 13.11357683 13.10783284 13.12492839 13.25409453 13.22259069
 13.12742647 13.11927522 13.24689273 13.27909783 13.12867218 13.31412732
 13.11484706 13.14466767 13.10975256 13.29262323] 46
glb= [13.10815313 13.20675292 13.22849244 13.36544123 13.44516079 13.10558671
 13.09815734 13.13548445 13.17208089 13.14497172 13.26120751 13.3848259
 13.29642636 13.22474344 13.41461743 13.18480208 13.18250756 13.14588295
 13.3816522  13.17962789 13.25153271 13.37036504 13.18708848 13.17324768
 13.21880493 13.13363313 13.25101897 13.25307115 13.20509117 13.50026535
 13.32410593 13.11357683 13.10783284 13.12492839 13.25409453 13.22259069
 13.12742647 13.11927522 13.24689273 13.27909783 13.12867218 13.31412732
 13.11484706 13.14466767 13.10975256 13.29262323] 46
bidsort lists= 46 46
 46
SNAP 38
EPS -0.027467303929736193
galrad= 0.01
!!! agesel
Found 75 stars.
Rotated pos.
Rotated vel.
Calculating circularities
dty= [13.10815313 13.10558671 13.08107921 13.13548445 13.20675292 13.36544123
 13.44516079 13.3848259  13.08340112 13.06699562 13.08340112 13.08933891
 13.14497172 13.14588295 13.22849244 13.41461743 13.09815734 13.17208089
 13.25153271 13.26120751 13.29642636 13.07171926 13.18480208 13.18708848
 13.22474344 13.04223534 13.30020258 13.42047781 13.11357683 13.3816522
 13.04988487 13.17962789 13.37036504 13.09359798 13.12492839 13.18250756
 13.05746021 13.21880493 13.12867218 13.07708202 13.06428328 13.07003562
 13.13363313 13.50026535 13.25307115 13.08373228 13.0857159  13.06224266
 13.22688859 13.24273711 13.06733401 13.26221647 13.29831783 13.04849952
 13.06834821 13.04641702 13.0730635  13.3186872  13.15910951 13.26523262
 13.08240688] 61
glb= [13.10815313 13.10558671 13.08107921 13.13548445 13.20675292 13.36544123
 13.44516079 13.3848259  13.08340112 13.06699562 13.08340112 13.08933891
 13.14497172 13.14588295 13.22849244 13.41461743 13.09815734 13.17208089
 13.25153271 13.26120751 13.29642636 13.07171926 13.18480208 13.18708848
 13.22474344 13.04223534 13.30020258 13.42047781 13.11357683 13.3816522
 13.04988487 13.17962789 13.37036504 13.09359798 13.12492839 13.18250756
 13.05746021 13.21880493 13.12867218 13.07708202 13.06428328 13.07003562
 13.13363313 13.50026535 13.25307115 13.08373228 13.0857159  13.06224266
 13.22688859 13.24273711 13.06733401 13.26221647 13.29831783 13.04849952
 13.06834821 13.04641702 13.0730635  13.3186872  13.15910951 13.26523262
 13.08240688] 61
bidsort lists= 61 61
 61
SNAP 39
EPS 0.061856085572962016
galrad= 0.01
!!! agesel
Found 176 stars.
Rotated pos.
Rotated vel.
Calculating circularities
dty= [13.02777944 13.3816522  13.44516079 13.10558671 13.10815313 13.07171926
 13.03132952 13.26120751 12.99622307 13.13548445 13.36544123 13.20675292
 13.00064815 13.14588295 13.08107921 13.3848259  13.08340112 13.08933891
 13.0112457  13.09815734 13.18480208 13.0857159  13.01595237 13.04988487
 13.27615563 13.07003562 13.25153271 13.06699562 13.04013616 13.18250756
 13.08207518 13.22849244 13.25307115 13.08933891 13.22474344 13.00578114
 13.29642636 13.18708848 13.08340112 13.06733401 13.41461743 13.00101577
 13.14497172 13.17208089 13.04223534 13.13363313 13.17962789 13.2332786
 13.06428328 13.11357683 13.25101897 13.24689273 13.07708202 13.37036504
 13.26221647 13.09359798 13.27220826 13.09294433 13.25715372 13.36129783
 13.13947887 13.21880493 13.50026535 13.01955462 13.07774966 13.02134973
 13.04641702 13.30020258 13.0730635  13.05402602 13.08439404 13.08373228
 13.22688859 13.39806575 12.99474271 12.99251745 12.9910307  12.98580611
 13.42047781 13.10783284 13.12492839 13.09229008 13.23115613 13.0035851
 13.19952004 13.05746021 13.33827724 13.08769427 12.99843847 13.01955462
 13.06224266 13.00870005 13.00797134 13.0202731  12.99843847 13.19839991
 13.29831783 13.03380512 13.09032394 13.16385562 13.00431775 13.00578114
 13.00431775 13.25409453 13.12742647 13.29547806 13.09620676 13.18135718] 108
glb= [13.02777944 13.3816522  13.44516079 13.10558671 13.10815313 13.07171926
 13.03132952 13.26120751 12.99622307 13.13548445 13.36544123 13.20675292
 13.00064815 13.14588295 13.08107921 13.3848259  13.08340112 13.08933891
 13.0112457  13.09815734 13.18480208 13.0857159  13.01595237 13.04988487
 13.27615563 13.07003562 13.25153271 13.06699562 13.04013616 13.18250756
 13.08207518 13.22849244 13.25307115 13.08933891 13.22474344 13.00578114
 13.29642636 13.18708848 13.08340112 13.06733401 13.41461743 13.00101577
 13.14497172 13.17208089 13.04223534 13.13363313 13.17962789 13.2332786
 13.06428328 13.11357683 13.25101897 13.24689273 13.07708202 13.37036504
 13.26221647 13.09359798 13.27220826 13.09294433 13.25715372 13.36129783
 13.13947887 13.21880493 13.50026535 13.01955462 13.07774966 13.02134973
 13.04641702 13.30020258 13.0730635  13.05402602 13.08439404 13.08373228
 13.22688859 13.39806575 12.99474271 12.99251745 12.9910307  12.98580611
 13.42047781 13.10783284 13.12492839 13.09229008 13.23115613 13.0035851
 13.19952004 13.05746021 13.33827724 13.08769427 12.99843847 13.01955462
 13.06224266 13.00870005 13.00797134 13.0202731  12.99843847 13.19839991
 13.29831783 13.03380512 13.09032394 13.16385562 13.00431775 13.00578114
 13.00431775 13.25409453 13.12742647 13.29547806 13.09620676 13.18135718] 108
bidsort lists= 108 108
 108
SNAP 40
EPS 0.10548652598799237
galrad= 0.01
!!! agesel
Found 199 stars.
Rotated pos.
Rotated vel.
Calculating circularities
dty= [13.39575824 13.13301497 12.92815292 12.92534999 12.960736   12.93651002
 12.92995028 12.93809319 13.17847245 12.92695278 12.95919297 13.00724186
 12.96841033 12.93174415 13.05471408 13.26120751 13.02849065 12.95143686
 12.93134579 13.24481859 13.14648973 13.20730582 13.14375485 13.04013616
 12.9638138  13.03239144 13.16974123 13.24792704 12.95532345 13.09294433
 13.00504976 13.00906426 13.04293388 12.94282554 13.07440538 13.07774966
 13.11990552 13.04988487 13.01269679 13.04780592 13.05608837 13.0345111
 13.36708837 13.02813514 12.95454747 13.26723452 12.94596667 12.93174415
 12.93967343 13.16856828 13.05402602 13.12242139 12.95182626 13.07908322
 13.14770177 13.5362231  12.98655437 12.93054861 13.07708202 13.0567746
 13.1373309  13.03521646 13.28975313 13.37845586 12.95065746 13.02528503
 13.37925706 12.99400164 12.96534872 12.94557455 12.93809319 12.94909654
 12.96227627 13.17441235 12.92935168 13.18936683 12.9638138  13.15011937
 12.93809319 13.08107921 13.16148677 12.95221546 12.99288879 12.99325993
 12.99325993 13.07373471 13.07841678 13.08439404 13.02349865 13.0259985
 13.04258464 13.06496224 13.07037268 12.9498774  13.14527559 13.17003413
 13.17149676 13.21171168 12.97979538 13.17905045 13.1842292  13.16621614
 13.03521646 13.07440538 12.92935168 13.2632236  13.24585656 13.09880636
 13.25511606 13.03592106 13.09229008 13.07037268 12.99696208 13.11738075
 13.30952686 13.08373228 13.02955645 12.92213598 13.38005687 13.01450709
 12.92414617 12.93809319 12.98280611 13.11039133 13.33124184 12.93413021
 13.05814521 13.15432962 12.94675016 12.93492419] 130
glb= [13.39575824 13.13301497 12.92815292 12.92534999 12.960736   12.93651002
 12.92995028 12.93809319 13.17847245 12.92695278 12.95919297 13.00724186
 12.96841033 12.93174415 13.05471408 13.26120751 13.02849065 12.95143686
 12.93134579 13.24481859 13.14648973 13.20730582 13.14375485 13.04013616
 12.9638138  13.03239144 13.16974123 13.24792704 12.95532345 13.09294433
 13.00504976 13.00906426 13.04293388 12.94282554 13.07440538 13.07774966
 13.11990552 13.04988487 13.01269679 13.04780592 13.05608837 13.0345111
 13.36708837 13.02813514 12.95454747 13.26723452 12.94596667 12.93174415
 12.93967343 13.16856828 13.05402602 13.12242139 12.95182626 13.07908322
 13.14770177 13.5362231  12.98655437 12.93054861 13.07708202 13.0567746
 13.1373309  13.03521646 13.28975313 13.37845586 12.95065746 13.02528503
 13.37925706 12.99400164 12.96534872 12.94557455 12.93809319 12.94909654
 12.96227627 13.17441235 12.92935168 13.18936683 12.9638138  13.15011937
 12.93809319 13.08107921 13.16148677 12.95221546 12.99288879 12.99325993
 12.99325993 13.07373471 13.07841678 13.08439404 13.02349865 13.0259985
 13.04258464 13.06496224 13.07037268 12.9498774  13.14527559 13.17003413
 13.17149676 13.21171168 12.97979538 13.17905045 13.1842292  13.16621614
 13.03521646 13.07440538 12.92935168 13.2632236  13.24585656 13.09880636
 13.25511606 13.03592106 13.09229008 13.07037268 12.99696208 13.11738075
 13.30952686 13.08373228 13.02955645 12.92213598 13.38005687 13.01450709
 12.92414617 12.93809319 12.98280611 13.11039133 13.33124184 12.93413021
 13.05814521 13.15432962 12.94675016 12.93492419] 130
bidsort lists= 130 130
 130
SNAP 41
EPS 0.09985654036989339
galrad= 0.01
!!! agesel
Found 302 stars.
Rotated pos.
Rotated vel.
Calculating circularities
dty= [12.92815292 13.17003413 13.24585656 13.39575824 13.17847245 13.5362231
 13.26723452 13.36708837 13.01450709 12.94557455 12.95532345 13.21171168
 13.07440538 13.0259985  13.07708202 13.04988487 12.91323879 13.37925706
 13.13301497 13.08373228 12.98205436 13.15432962 13.1842292  12.92092786
 12.86998934 13.02849065 12.9638138  13.37845586 13.00504976 13.2632236
 13.03521646 12.92935168 12.9498774  13.09294433 13.16148677 13.00906426
 13.24481859 13.11738075 13.07774966 13.03521646 13.13115709 12.88769481
 13.06496224 12.95221546 13.07440538 12.95065746 13.15011937 12.96227627
 13.01269679 12.90343363 12.96227627 13.12242139 13.28975313 12.99325993
 13.03239144 13.14375485 13.02813514 13.04013616 13.11990552 13.07037268
 12.97979538 13.07908322 13.11039133 12.89476851 13.05471408 13.07841678
 12.92995028 12.87465824 12.99325993 12.88476653 12.91648415 12.99696208
 13.38005687 13.02242491 13.25511606 13.14648973 13.05608837 13.16856828
 12.93809319 12.90343363 13.02955645 12.99400164 13.26120751 12.8784615
 12.94909654 12.93809319 13.13115709 13.0345111  12.9009661  13.09880636
 12.90671348 12.86743311 12.98505708 13.04258464 13.04293388 12.91729366
 12.91769826 12.86743311 13.05402602 12.86529779 13.1180128  13.16974123
 12.95182626 13.17905045 13.1373309  13.16621614 12.90630423 13.32589945
 13.07373471 12.89890475 12.99288879 13.10462194 13.18936683 13.12742647
 13.0567746  13.17149676 12.90507498 13.36337417 13.24792704 13.12742647
 12.93134579 12.92414617 12.87761763 12.94675016 12.91971805 12.90384416
 13.20730582 13.14770177 12.86828597 13.02349865 12.88350888 12.87338722
 12.86144222 12.98280611 12.90998196 12.88434752 12.8860226  12.99325993
 12.91038965 12.92534999 12.93967343 12.8883211  12.96841033 12.93651002
 13.1261785  12.91688901 12.90896174 13.02528503 12.89186222 12.90834914
 13.0636037  13.17441235 12.99843847 12.87888312 12.91120457 13.13917243
 12.89144629 12.88476653 12.97904106 12.89227794 12.89186222 12.90055412
 12.92935168 12.90466491 12.93809319 12.88434752 13.05951352 13.01015571
 13.09555543 13.06564066 12.8801469  13.40415946 12.95065746 13.03662517
 12.91201881 12.89890475 13.21717529 12.98280611 12.89683884 12.9009661
 12.94203861 13.43791624 12.89683884] 183
glb= [12.92815292 13.17003413 13.24585656 13.39575824 13.17847245 13.5362231
 13.26723452 13.36708837 13.01450709 12.94557455 12.95532345 13.21171168
 13.07440538 13.0259985  13.07708202 13.04988487 12.91323879 13.37925706
 13.13301497 13.08373228 12.98205436 13.15432962 13.1842292  12.92092786
 12.86998934 13.02849065 12.9638138  13.37845586 13.00504976 13.2632236
 13.03521646 12.92935168 12.9498774  13.09294433 13.16148677 13.00906426
 13.24481859 13.11738075 13.07774966 13.03521646 13.13115709 12.88769481
 13.06496224 12.95221546 13.07440538 12.95065746 13.15011937 12.96227627
 13.01269679 12.90343363 12.96227627 13.12242139 13.28975313 12.99325993
 13.03239144 13.14375485 13.02813514 13.04013616 13.11990552 13.07037268
 12.97979538 13.07908322 13.11039133 12.89476851 13.05471408 13.07841678
 12.92995028 12.87465824 12.99325993 12.88476653 12.91648415 12.99696208
 13.38005687 13.02242491 13.25511606 13.14648973 13.05608837 13.16856828
 12.93809319 12.90343363 13.02955645 12.99400164 13.26120751 12.8784615
 12.94909654 12.93809319 13.13115709 13.0345111  12.9009661  13.09880636
 12.90671348 12.86743311 12.98505708 13.04258464 13.04293388 12.91729366
 12.91769826 12.86743311 13.05402602 12.86529779 13.1180128  13.16974123
 12.95182626 13.17905045 13.1373309  13.16621614 12.90630423 13.32589945
 13.07373471 12.89890475 12.99288879 13.10462194 13.18936683 13.12742647
 13.0567746  13.17149676 12.90507498 13.36337417 13.24792704 13.12742647
 12.93134579 12.92414617 12.87761763 12.94675016 12.91971805 12.90384416
 13.20730582 13.14770177 12.86828597 13.02349865 12.88350888 12.87338722
 12.86144222 12.98280611 12.90998196 12.88434752 12.8860226  12.99325993
 12.91038965 12.92534999 12.93967343 12.8883211  12.96841033 12.93651002
 13.1261785  12.91688901 12.90896174 13.02528503 12.89186222 12.90834914
 13.0636037  13.17441235 12.99843847 12.87888312 12.91120457 13.13917243
 12.89144629 12.88476653 12.97904106 12.89227794 12.89186222 12.90055412
 12.92935168 12.90466491 12.93809319 12.88434752 13.05951352 13.01015571
 13.09555543 13.06564066 12.8801469  13.40415946 12.95065746 13.03662517
 12.91201881 12.89890475 13.21717529 12.98280611 12.89683884 12.9009661
 12.94203861 13.43791624 12.89683884] 183
bidsort lists= 183 183
 183
SNAP 42
EPS 0.08713958858955889
galrad= 0.01
!!! agesel
Found 404 stars.
Rotated pos.
Rotated vel.
Calculating circularities
dty= [12.95065746 12.80854548 13.37845586 13.36708837 12.95221546 13.28975313
 13.12242139 13.08373228 13.09294433 12.91323879 12.91729366 12.9498774
 13.26723452 13.07908322 13.00906426 12.81755721 12.79097303 13.24585656
 13.01450709 13.01269679 12.92995028 13.37925706 13.03521646 13.07440538
 13.30952686 13.05471408 12.98954124 13.17847245 13.03239144 12.79625322
 13.05402602 12.94557455 12.96688089 12.85021768 12.92092786 12.79258284
 12.85541415 13.25511606 12.91648415 12.95182626 12.98205436 13.10462194
 12.81800563 12.91971805 12.79648221 12.88769481 12.85670908 12.99288879
 13.03521646 12.79762617 13.1842292  12.85368503 12.80036683 12.96227627
 13.17003413 13.26120751 13.09880636 12.79074273 13.16148677 13.14375485
 13.13301497 13.11990552 13.04988487 12.92935168 12.91769826 12.90671348
 13.16974123 13.12742647 12.84499345 12.81576125 13.02813514 13.13115709
 12.7999106  12.79028224 12.79602421 12.8784615  13.2632236  12.80537261
 12.92815292 12.80491861 13.14648973 13.15432962 12.84934892 13.06496224
 12.91242563 13.00504976 13.02849065 13.39575824 13.1180128  12.93809319
 13.21171168 13.24481859 12.81934989 13.0259985  12.84324595 13.18936683
 12.94361182 13.14770177 13.08107921 13.24792704 12.82203322 12.86998934
 12.90384416 13.07440538 12.8801469  12.99400164 12.95532345 13.05746021
 12.89476851 12.81755721 13.1916371  13.08174338 12.90630423 12.80854548
 13.07774966 12.81125739 12.86058338 12.9638138  12.82470942 13.5362231
 12.85800226 12.84891415 12.90343363 12.93809319 12.8099024  13.1373309
 13.16621614 13.36337417 13.07708202 12.83402058 12.90343363 13.04293388
 12.91729366 12.80310028 12.83269571 12.88852974 13.26723452 13.38005687
 13.15011937 13.0567746  12.80036683 12.80582655 13.0345111  12.94909654
 13.17149676 12.99325993 12.82113958 12.86743311 12.800823   12.81306121
 12.82292614 12.84412005 12.82470942 13.11039133 12.96227627 12.83490286
 12.83754504 13.06019668 13.16856828 12.93967343 13.07841678 12.81890212
 12.98280611 12.86828597 12.89890475 12.84368303 12.82559993 13.04013616
 13.12742647 13.09229008 13.13115709 12.93054861 13.07037268 12.86700644
 12.83048368 12.7948783  12.97979538 12.83092648 12.84368303 12.88434752
 12.8592937  12.86743311 12.93888357 12.86529779 13.10847332 12.83534368
 12.87592767 12.92935168 12.79074273 13.17557491 12.84324595 13.04258464
 12.82604493 12.80763998 13.04780592 12.80446439 13.16621614 12.83622483
 12.90507498 12.8960113  12.82270297 12.81306121 12.93134579 12.93888357
 12.85021768 12.87211447 13.20730582 13.1261785  13.07708202 12.86529779
 12.91688901 12.95919297 12.80673362 12.95143686 12.83666516 12.91120457
 12.93174415 12.83578444 13.20619949 12.84586615 12.9009661  13.02349865
 12.87761763 12.8592937  12.89559714 12.84237101 12.82024524 12.846738
 13.02528503 12.82648972 12.92695278 12.99843847 12.90896174 12.82826675
 12.83842421 13.08240688 13.23855194 13.19727777 12.82203322 12.8099024
 12.88852974 13.02955645 12.91445708 12.84934892 13.0636037  13.01233424
 13.17441235 12.7948783  12.89186222 12.82693415 12.84412005 12.82515486
 12.96150646 12.92935168 12.87253879 13.23221834 12.90466491 12.8784615
 12.81306121 12.93809319 12.80173453 13.02742355 13.1555278  13.16503694
 12.79854059 12.82203322 12.95299355 12.83710513 12.80673362] 269
glb= [12.95065746 12.80854548 13.37845586 13.36708837 12.95221546 13.28975313
 13.12242139 13.08373228 13.09294433 12.91323879 12.91729366 12.9498774
 13.26723452 13.07908322 13.00906426 12.81755721 12.79097303 13.24585656
 13.01450709 13.01269679 12.92995028 13.37925706 13.03521646 13.07440538
 13.30952686 13.05471408 12.98954124 13.17847245 13.03239144 12.79625322
 13.05402602 12.94557455 12.96688089 12.85021768 12.92092786 12.79258284
 12.85541415 13.25511606 12.91648415 12.95182626 12.98205436 13.10462194
 12.81800563 12.91971805 12.79648221 12.88769481 12.85670908 12.99288879
 13.03521646 12.79762617 13.1842292  12.85368503 12.80036683 12.96227627
 13.17003413 13.26120751 13.09880636 12.79074273 13.16148677 13.14375485
 13.13301497 13.11990552 13.04988487 12.92935168 12.91769826 12.90671348
 13.16974123 13.12742647 12.84499345 12.81576125 13.02813514 13.13115709
 12.7999106  12.79028224 12.79602421 12.8784615  13.2632236  12.80537261
 12.92815292 12.80491861 13.14648973 13.15432962 12.84934892 13.06496224
 12.91242563 13.00504976 13.02849065 13.39575824 13.1180128  12.93809319
 13.21171168 13.24481859 12.81934989 13.0259985  12.84324595 13.18936683
 12.94361182 13.14770177 13.08107921 13.24792704 12.82203322 12.86998934
 12.90384416 13.07440538 12.8801469  12.99400164 12.95532345 13.05746021
 12.89476851 12.81755721 13.1916371  13.08174338 12.90630423 12.80854548
 13.07774966 12.81125739 12.86058338 12.9638138  12.82470942 13.5362231
 12.85800226 12.84891415 12.90343363 12.93809319 12.8099024  13.1373309
 13.16621614 13.36337417 13.07708202 12.83402058 12.90343363 13.04293388
 12.91729366 12.80310028 12.83269571 12.88852974 13.26723452 13.38005687
 13.15011937 13.0567746  12.80036683 12.80582655 13.0345111  12.94909654
 13.17149676 12.99325993 12.82113958 12.86743311 12.800823   12.81306121
 12.82292614 12.84412005 12.82470942 13.11039133 12.96227627 12.83490286
 12.83754504 13.06019668 13.16856828 12.93967343 13.07841678 12.81890212
 12.98280611 12.86828597 12.89890475 12.84368303 12.82559993 13.04013616
 13.12742647 13.09229008 13.13115709 12.93054861 13.07037268 12.86700644
 12.83048368 12.7948783  12.97979538 12.83092648 12.84368303 12.88434752
 12.8592937  12.86743311 12.93888357 12.86529779 13.10847332 12.83534368
 12.87592767 12.92935168 12.79074273 13.17557491 12.84324595 13.04258464
 12.82604493 12.80763998 13.04780592 12.80446439 13.16621614 12.83622483
 12.90507498 12.8960113  12.82270297 12.81306121 12.93134579 12.93888357
 12.85021768 12.87211447 13.20730582 13.1261785  13.07708202 12.86529779
 12.91688901 12.95919297 12.80673362 12.95143686 12.83666516 12.91120457
 12.93174415 12.83578444 13.20619949 12.84586615 12.9009661  13.02349865
 12.87761763 12.8592937  12.89559714 12.84237101 12.82024524 12.846738
 13.02528503 12.82648972 12.92695278 12.99843847 12.90896174 12.82826675
 12.83842421 13.08240688 13.23855194 13.19727777 12.82203322 12.8099024
 12.88852974 13.02955645 12.91445708 12.84934892 13.0636037  13.01233424
 13.17441235 12.7948783  12.89186222 12.82693415 12.84412005 12.82515486
 12.96150646 12.92935168 12.87253879 13.23221834 12.90466491 12.8784615
 12.81306121 12.93809319 12.80173453 13.02742355 13.1555278  13.16503694
 12.79854059 12.82203322 12.95299355 12.83710513 12.80673362] 269
bidsort lists= 269 269
 269
SNAP 43
EPS 0.04873715784218521
galrad= 0.01
!!! agesel
Found 110 stars.
Rotated pos.
Rotated vel.
Calculating circularities
dty= [12.79441962 12.81306121 13.02671134 12.8040098  12.80763998 12.83402058
 12.82381821 13.13610049 13.01595237 12.7267014  12.90671348 12.71983962
 13.13115709 12.83136907 12.81080589 13.13115709 12.75134336 12.84237101
 12.87930454 12.94518238 12.80310028 12.9638138  12.83004066 12.77730501
 12.94125088 12.71983962 12.77777132 12.96227627 12.76416679 12.82158658
 12.98130211 12.83048368 12.88434752 12.8784615  12.89019741 12.74990912
 12.71589953 12.73981613 12.71688583 12.8640143  13.12867218 12.99622307
 12.81396199 12.75182105 12.75420615 12.99991218 12.737883   12.94282554
 12.7999106  12.86230037 12.77543802 12.72621272 12.74029885 12.78566589
 12.77169426 12.7489519  12.74126363 12.74511459 12.72376575 12.88434752
 12.81080589 12.98205436 12.91405114 12.75563486 12.7267014  12.71983962
 12.76981734 12.78889944 12.7651106  13.26523262 12.76180355 12.79579503
 13.03309866 12.94046249 12.78102922 12.90753165 12.79441962 12.77823726
 12.92935168 12.91323879 12.78102922 12.73449188 12.78566589 12.75563486
 12.75563486 12.74367198 12.77169426 12.77263148 12.81306121 13.00285181
 12.84978333 12.73157685 12.8801469  12.74990912 12.73157685 12.79945414
 12.7369151  12.73254937 12.81125739 12.89849189 12.77543802 12.75086545
 12.84847931 12.99251745 12.77075616 12.72865421 12.71885588 12.97298248
 12.75277575 13.29808173 13.21061318] 111
glb= [12.79441962 12.81306121 13.02671134 12.8040098  12.80763998 12.83402058
 12.82381821 13.13610049 13.01595237 12.7267014  12.90671348 12.71983962
 13.13115709 12.83136907 12.81080589 13.13115709 12.75134336 12.84237101
 12.87930454 12.94518238 12.80310028 12.9638138  12.83004066 12.77730501
 12.94125088 12.71983962 12.77777132 12.96227627 12.76416679 12.82158658
 12.98130211 12.83048368 12.88434752 12.8784615  12.89019741 12.74990912
 12.71589953 12.73981613 12.71688583 12.8640143  13.12867218 12.99622307
 12.81396199 12.75182105 12.75420615 12.99991218 12.737883   12.94282554
 12.7999106  12.86230037 12.77543802 12.72621272 12.74029885 12.78566589
 12.77169426 12.7489519  12.74126363 12.74511459 12.72376575 12.88434752
 12.81080589 12.98205436 12.91405114 12.75563486 12.7267014  12.71983962
 12.76981734 12.78889944 12.7651106  13.26523262 12.76180355 12.79579503
 13.03309866 12.94046249 12.78102922 12.90753165 12.79441962 12.77823726
 12.92935168 12.91323879 12.78102922 12.73449188 12.78566589 12.75563486
 12.75563486 12.74367198 12.77169426 12.77263148 12.81306121 13.00285181
 12.84978333 12.73157685 12.8801469  12.74990912 12.73157685 12.79945414
 12.7369151  12.73254937 12.81125739 12.89849189 12.77543802 12.75086545
 12.84847931 12.99251745 12.77075616 12.72865421 12.71885588 12.97298248
 12.75277575 13.29808173 13.21061318] 111
bidsort lists= 111 111
 111
SNAP 44
EPS 0.17918337246902008
galrad= 0.01
!!! agesel
Found 73 stars.
Rotated pos.
Rotated vel.
Calculating circularities
dty= [12.79441962 12.71589953 12.90753165 12.71983962 12.72621272 12.81306121
 12.99991218 12.82381821 12.66494485 13.09032394 12.74367198 12.75134336
 12.8784615  12.7369151  12.76934759 12.74029885 12.77169426 12.76180355
 13.13115709 12.64779972 12.94518238 12.66236299 12.75182105 13.13115709
 12.737883   12.81080589 12.77777132 12.81396199 12.77263148 12.76416679
 12.74126363 12.76981734 12.7267014  12.7119456  12.77730501 12.73981613
 12.7651106  12.74029885 12.78889944 12.65614346 12.80763998 12.78474018
 12.6879273  12.94125088 12.98205436 13.06631848 12.65822034 12.7489519
 12.75277575 12.75563486 12.6592574  13.02671134 13.13610049 12.70847439
 12.83136907 13.14951576 12.7999106  12.78102922 12.66752094 13.00285181
 12.8801469  12.96993702 12.77543802 12.80310028 12.79945414 12.86230037
 12.74799379 12.73157685 12.98130211 13.01595237 12.79579503 12.97298248
 13.04988487 12.88434752 12.71688583 12.91810251 12.72376575 12.75563486
 12.78102922 12.91405114 12.89019741 12.84978333 12.87930454 12.75182105
 13.03309866 12.88434752 12.65510379 12.67572665 12.94046249 12.80219005
 13.14223074 12.82113958 12.82737852 12.83446183 12.90998196 13.0916353 ] 96
glb= [12.79441962 12.71589953 12.90753165 12.71983962 12.72621272 12.81306121
 12.99991218 12.82381821 12.66494485 13.09032394 12.74367198 12.75134336
 12.8784615  12.7369151  12.76934759 12.74029885 12.77169426 12.76180355
 13.13115709 12.64779972 12.94518238 12.66236299 12.75182105 13.13115709
 12.737883   12.81080589 12.77777132 12.81396199 12.77263148 12.76416679
 12.74126363 12.76981734 12.7267014  12.7119456  12.77730501 12.73981613
 12.7651106  12.74029885 12.78889944 12.65614346 12.80763998 12.78474018
 12.6879273  12.94125088 12.98205436 13.06631848 12.65822034 12.7489519
 12.75277575 12.75563486 12.6592574  13.02671134 13.13610049 12.70847439
 12.83136907 13.14951576 12.7999106  12.78102922 12.66752094 13.00285181
 12.8801469  12.96993702 12.77543802 12.80310028 12.79945414 12.86230037
 12.74799379 12.73157685 12.98130211 13.01595237 12.79579503 12.97298248
 13.04988487 12.88434752 12.71688583 12.91810251 12.72376575 12.75563486
 12.78102922 12.91405114 12.89019741 12.84978333 12.87930454 12.75182105
 13.03309866 12.88434752 12.65510379 12.67572665 12.94046249 12.80219005
 13.14223074 12.82113958 12.82737852 12.83446183 12.90998196 13.0916353 ] 96
bidsort lists= 96 96
 96
SNAP 45
EPS 0.046011736518619895
galrad= 0.01
!!! agesel
Found 414 stars.
Rotated pos.
Rotated vel.
Calculating circularities
dty= [12.95532345 13.04363166 13.38954446 13.225817   12.5978491  13.19050295
 12.56105344 13.2489595  12.54722402 12.59320549 12.70150003 12.6989987
 12.60681368 13.31321047 12.62534904 12.71095494 12.70199955 12.55711743
 12.94753299 12.62294736 12.5747348  12.71342998 13.05814521 12.84324595
 12.78520315 12.55993007 12.60708426 12.62588212 13.01739513 12.55147335
 12.80219005 12.66081131 12.73060343 12.73836662 12.60193196 12.58276304
 12.58936845 12.6680355  12.93571751 12.77075616 12.82648972 13.03873365
 13.51514824 12.61140642 12.66700616 13.43265823 12.6467526  12.55429842
 13.11230432 12.57056225 12.65171817 12.68640921 12.6543234  12.59975617
 12.5548628  12.76038317 12.67623752 12.61705627 13.24481859 12.54466774
 12.64989115 12.60356139 12.62987282 12.64727627 12.5744571  12.62880996
 12.57723191 12.60193196 12.94439743 12.63464431 12.61651939 12.85281935
 12.65328194 12.64360566 12.60410395 12.66546057 12.6866624  12.66158747
 12.57501264 12.58165876 12.70224929 12.61866582 13.30488539 12.93413021
 13.47027916 12.6003004  12.56777302 12.56217584 12.86487022 12.58110627
 12.58248704 12.64779972 12.70623731 12.68742155 12.59648519 12.57612267
 12.57612267 12.54665645 12.89019741 12.62134347 12.57111947 12.69221756
 12.98280611 12.58331482 12.84586615 12.69209164 12.54864205 12.62668143
 12.84586615 12.58331482 12.58991736 12.6545836  12.59265817 12.58331482
 12.63781476 12.99843847 12.69297302 12.56553707 12.60681368 12.7267014
 12.6721438  12.63570201 12.64649058 12.69473373 12.63305592 12.64150303
 12.61759308 12.6853961  12.69297302 12.63358551 12.6383424  12.95143686
 12.61973762 12.79671104 12.58441766 12.60708426 12.57889372 12.67265628
 12.60843654 12.66546057 12.57278937 12.55768044 12.67572665 12.85541415
 12.61167603 12.67878889 12.76981734 12.73060343 12.66184605 12.6282781
 12.68716857 12.58991736 12.96841033 12.69095732 12.75658617 12.59921155
 12.60951732 12.77075616 12.55316925 12.82826675 12.59648519 12.60951732
 12.63252594 12.67674832 12.66674874 12.7589608  12.71095494 12.64832292
 12.55203894 12.55005844 12.68640921 12.60464643 12.54864205 12.60138829
 12.58193482 12.68691542 12.6282781  12.56777302 13.33477201 12.57167629
 12.62080847 12.57944717 12.55993007 12.64622869 12.62080847 12.96458165
 12.57111947 12.57278937 12.59074017 12.58579485 12.62508248 12.67111799
 12.56665545 12.55936803 12.56888947 12.59211045 12.7948783  12.61194563
 12.59539286 12.64936864 12.59046603 12.95919297 12.75086545 12.64413073
 12.65197887 12.71392437 12.58991736 12.60410395 12.59975617 12.69849781
 12.59675811 12.72278561 12.68514266 12.59593914 12.65197887 12.74990912
 12.57889372 12.68311325 12.54920886 12.70499254 12.77263148 12.59975617
 12.61275397 12.67265628 12.62187839 12.63411503 12.66957778 12.57889372
 12.61651939 12.63437968 12.68235129 12.55316925 12.62187839 12.58662047
 12.68336715 12.64832292 12.62348141 12.59757642 12.60573053 12.83181145
 12.73449188 13.34262386 12.55768044 12.98730212 12.6924694  12.82648972
 12.55880574 12.59593914 12.59757642 13.29547806 12.82470942 12.65718237
 12.63358551 12.82648972 12.67060482 12.56161476 12.69070522 12.59375273
 13.36954804 12.69974958 12.59375273 12.71589953 12.686156   12.57501264
 12.55711743 12.66236299 12.60410395 12.65302149 12.7828863  13.03732867
 12.74319081 12.6351732  12.86828597 12.67547111 12.57612267 12.72376575
 12.75372957 12.61436919 12.59757642 12.67623752 12.54864205 12.65510379
 12.83092648 12.9245476  12.96227627 12.61383097 12.71293536 12.55090767
 12.59429973 12.58331482 12.64779972 13.08505527 12.56665545 12.59320549
 12.68184302 12.68944334 12.64832292 12.55993007 12.56161476 12.66494485
 12.80036683 13.451936   12.59320549 12.70598849 12.60951732 12.67802413
 12.733521   12.6853961  12.71787123 12.98205436 12.65666311 12.66442891
 12.58772028 12.61490701 12.81576125 12.5744571  12.58165876 12.68691542
 12.58055353 12.6800624  12.67444829 12.60002821 12.6122152  12.56888947
 12.64150303 12.62774616 12.6805714  12.55655402 12.7257238  12.57111947
 12.71145031 12.60247523 12.70847439 12.94909654 12.57889372 13.10139678
 12.59211045 12.87168981 13.16029918 12.60627214 12.65510379 12.68387473
 12.6974952  12.65510379 12.58221102 12.62187839 12.67572665 12.58772028
 13.36295961 13.12116456 12.70299807 12.68209717 12.70772927 12.73739916
 12.6488459  12.57223303 12.67316854 12.58991736 12.70996337 12.6805714
 12.82737852 12.68640921 12.70698353 12.60301843 12.59211045 12.61167603
 12.81125739 12.98054907 12.58331482 12.68438208 12.70648612 12.71392437
 12.68640921 12.69221756 13.16856828 12.68184302 12.55768044 12.82203322
 12.66597605 12.70424512 12.77543802 12.70648612 12.70274855 13.1916371
 12.77730501 12.77028686 12.75658617 12.7267014  12.68994818 12.56217584
 13.10975256 12.73206322 12.89683884 12.5744571  12.95299355 12.88685905
 12.86487022 12.77543802 12.84412005 12.73254937 12.88769481 12.87677307
 12.77963423 12.94361182 12.57278937 12.8801469  12.58772028 13.09359798
 12.72962927 12.91891069 12.76887763 12.55034159 12.55429842 13.26972689
 12.91729366 12.74029885 12.76887763 12.58110627 12.7594351  12.70399584
 12.73449188 12.68387473 12.88852974 12.91486281 12.77263148 12.57667733
 12.77543802 12.76322209 12.7489519  12.74222767 12.847609   13.10783284
 12.74415307 12.69397958 13.01305916 12.58000039 12.55542678 12.78474018
 12.77916879 12.5888193  12.58221102 12.56441757 12.59648519 12.57111947
 12.60843654 12.61490701 12.55090767 12.60193196 12.60193196 12.58000039
 12.59320549] 451
glb= [12.95532345 13.04363166 13.38954446 13.225817   12.5978491  13.19050295
 12.56105344 13.2489595  12.54722402 12.59320549 12.70150003 12.6989987
 12.60681368 13.31321047 12.62534904 12.71095494 12.70199955 12.55711743
 12.94753299 12.62294736 12.5747348  12.71342998 13.05814521 12.84324595
 12.78520315 12.55993007 12.60708426 12.62588212 13.01739513 12.55147335
 12.80219005 12.66081131 12.73060343 12.73836662 12.60193196 12.58276304
 12.58936845 12.6680355  12.93571751 12.77075616 12.82648972 13.03873365
 13.51514824 12.61140642 12.66700616 13.43265823 12.6467526  12.55429842
 13.11230432 12.57056225 12.65171817 12.68640921 12.6543234  12.59975617
 12.5548628  12.76038317 12.67623752 12.61705627 13.24481859 12.54466774
 12.64989115 12.60356139 12.62987282 12.64727627 12.5744571  12.62880996
 12.57723191 12.60193196 12.94439743 12.63464431 12.61651939 12.85281935
 12.65328194 12.64360566 12.60410395 12.66546057 12.6866624  12.66158747
 12.57501264 12.58165876 12.70224929 12.61866582 13.30488539 12.93413021
 13.47027916 12.6003004  12.56777302 12.56217584 12.86487022 12.58110627
 12.58248704 12.64779972 12.70623731 12.68742155 12.59648519 12.57612267
 12.57612267 12.54665645 12.89019741 12.62134347 12.57111947 12.69221756
 12.98280611 12.58331482 12.84586615 12.69209164 12.54864205 12.62668143
 12.84586615 12.58331482 12.58991736 12.6545836  12.59265817 12.58331482
 12.63781476 12.99843847 12.69297302 12.56553707 12.60681368 12.7267014
 12.6721438  12.63570201 12.64649058 12.69473373 12.63305592 12.64150303
 12.61759308 12.6853961  12.69297302 12.63358551 12.6383424  12.95143686
 12.61973762 12.79671104 12.58441766 12.60708426 12.57889372 12.67265628
 12.60843654 12.66546057 12.57278937 12.55768044 12.67572665 12.85541415
 12.61167603 12.67878889 12.76981734 12.73060343 12.66184605 12.6282781
 12.68716857 12.58991736 12.96841033 12.69095732 12.75658617 12.59921155
 12.60951732 12.77075616 12.55316925 12.82826675 12.59648519 12.60951732
 12.63252594 12.67674832 12.66674874 12.7589608  12.71095494 12.64832292
 12.55203894 12.55005844 12.68640921 12.60464643 12.54864205 12.60138829
 12.58193482 12.68691542 12.6282781  12.56777302 13.33477201 12.57167629
 12.62080847 12.57944717 12.55993007 12.64622869 12.62080847 12.96458165
 12.57111947 12.57278937 12.59074017 12.58579485 12.62508248 12.67111799
 12.56665545 12.55936803 12.56888947 12.59211045 12.7948783  12.61194563
 12.59539286 12.64936864 12.59046603 12.95919297 12.75086545 12.64413073
 12.65197887 12.71392437 12.58991736 12.60410395 12.59975617 12.69849781
 12.59675811 12.72278561 12.68514266 12.59593914 12.65197887 12.74990912
 12.57889372 12.68311325 12.54920886 12.70499254 12.77263148 12.59975617
 12.61275397 12.67265628 12.62187839 12.63411503 12.66957778 12.57889372
 12.61651939 12.63437968 12.68235129 12.55316925 12.62187839 12.58662047
 12.68336715 12.64832292 12.62348141 12.59757642 12.60573053 12.83181145
 12.73449188 13.34262386 12.55768044 12.98730212 12.6924694  12.82648972
 12.55880574 12.59593914 12.59757642 13.29547806 12.82470942 12.65718237
 12.63358551 12.82648972 12.67060482 12.56161476 12.69070522 12.59375273
 13.36954804 12.69974958 12.59375273 12.71589953 12.686156   12.57501264
 12.55711743 12.66236299 12.60410395 12.65302149 12.7828863  13.03732867
 12.74319081 12.6351732  12.86828597 12.67547111 12.57612267 12.72376575
 12.75372957 12.61436919 12.59757642 12.67623752 12.54864205 12.65510379
 12.83092648 12.9245476  12.96227627 12.61383097 12.71293536 12.55090767
 12.59429973 12.58331482 12.64779972 13.08505527 12.56665545 12.59320549
 12.68184302 12.68944334 12.64832292 12.55993007 12.56161476 12.66494485
 12.80036683 13.451936   12.59320549 12.70598849 12.60951732 12.67802413
 12.733521   12.6853961  12.71787123 12.98205436 12.65666311 12.66442891
 12.58772028 12.61490701 12.81576125 12.5744571  12.58165876 12.68691542
 12.58055353 12.6800624  12.67444829 12.60002821 12.6122152  12.56888947
 12.64150303 12.62774616 12.6805714  12.55655402 12.7257238  12.57111947
 12.71145031 12.60247523 12.70847439 12.94909654 12.57889372 13.10139678
 12.59211045 12.87168981 13.16029918 12.60627214 12.65510379 12.68387473
 12.6974952  12.65510379 12.58221102 12.62187839 12.67572665 12.58772028
 13.36295961 13.12116456 12.70299807 12.68209717 12.70772927 12.73739916
 12.6488459  12.57223303 12.67316854 12.58991736 12.70996337 12.6805714
 12.82737852 12.68640921 12.70698353 12.60301843 12.59211045 12.61167603
 12.81125739 12.98054907 12.58331482 12.68438208 12.70648612 12.71392437
 12.68640921 12.69221756 13.16856828 12.68184302 12.55768044 12.82203322
 12.66597605 12.70424512 12.77543802 12.70648612 12.70274855 13.1916371
 12.77730501 12.77028686 12.75658617 12.7267014  12.68994818 12.56217584
 13.10975256 12.73206322 12.89683884 12.5744571  12.95299355 12.88685905
 12.86487022 12.77543802 12.84412005 12.73254937 12.88769481 12.87677307
 12.77963423 12.94361182 12.57278937 12.8801469  12.58772028 13.09359798
 12.72962927 12.91891069 12.76887763 12.55034159 12.55429842 13.26972689
 12.91729366 12.74029885 12.76887763 12.58110627 12.7594351  12.70399584
 12.73449188 12.68387473 12.88852974 12.91486281 12.77263148 12.57667733
 12.77543802 12.76322209 12.7489519  12.74222767 12.847609   13.10783284
 12.74415307 12.69397958 13.01305916 12.58000039 12.55542678 12.78474018
 12.77916879 12.5888193  12.58221102 12.56441757 12.59648519 12.57111947
 12.60843654 12.61490701 12.55090767 12.60193196 12.60193196 12.58000039
 12.59320549] 451
bidsort lists= 451 451
 451
SNAP 46
EPS 0.0746218327467534
galrad= 0.01
!!! agesel
Found 348 stars.
Rotated pos.
Rotated vel.
Calculating circularities
dty= [12.55542678 13.28975313 12.76981734 ... 12.84586615 12.79854059
 13.0636037 ] 1117
glb= [12.55542678 13.28975313 12.76981734 ... 12.84586615 12.79854059
 13.0636037 ] 1117
bidsort lists= 1117 1117
 1117
SNAP 47
EPS 0.04730477325238033
galrad= 0.01
!!! agesel
Found 497 stars.
Rotated pos.
Rotated vel.
Calculating circularities
dty= [12.76981734 12.56721436 12.36769845 ... 12.40012875 12.64832292
 12.80673362] 1511
glb= [12.76981734 12.56721436 12.36769845 ... 12.40012875 12.64832292
 12.80673362] 1511
bidsort lists= 1511 1511
 1511
SNAP 48
EPS 0.027466681357981866
galrad= 0.01
!!! agesel
Found 375 stars.
Rotated pos.
Rotated vel.
Calculating circularities
dty= [12.6989987  13.51514824 12.53467864 12.62294736 13.04363166 12.5978491
 12.51126444 12.52172208 12.63464431 12.51155605 13.225817   13.31321047
 12.94753299 13.33477201 13.19050295 13.38954446 12.54722402 12.55711743
 12.98280611 12.68514266 12.51184764 12.77075616 12.9245476  12.52490105
 13.03732867 12.57111947 12.57612267 12.4555952  12.56105344 12.6467526
 12.81576125 12.44124099 12.60681368 12.98730212 12.76887763 12.43261927
 12.42145612 12.85541415 12.45589899 12.68742155 12.43570455 12.51097281
 12.58193482 12.77263148 12.42145612 12.52258988 12.94439743 12.42145612
 12.55203894 12.25210731 12.58276304 12.4817787  12.71342998 12.60193196
 12.54182154 12.52143266 12.38104512 12.95143686 12.5386835  12.38424318
 12.63358551 12.60138829 12.50424665 12.34572974 12.84586615 12.53639647
 12.59975617 12.43138325 12.37011949 12.28383198 12.57723191 12.50658997
 12.33421037 12.40265439 12.47460538 12.61140642 12.47998878 13.43265823
 12.51184764 12.49424143 12.59975617 12.52864806 12.50834491 12.4418549
 12.53725463 12.5747348  13.05814521 12.60193196 12.62934143 12.4770007
 12.49601245 12.73060343 12.52634343 12.55147335 12.86487022 13.08505527
 12.50248652 12.58248704 12.68640921 12.65171817 12.38488188 12.40265439
 12.29810459 12.57167629 12.49895909 12.36494984 12.6866624  13.30488539
 12.27183785 12.95532345 12.49660224 12.57056225 12.5315233  12.50366024
 12.33619135 12.86828597 12.25940505 12.41771549 12.49365065 12.42332282
 13.29547806 12.51737475 13.24481859 12.51184764 12.29200372 13.11230432
 12.3937954  13.2489595  12.46558566 12.67623752 12.6467526  12.51940535
 12.36041159 12.59648519 12.49778124 12.70150003 12.82648972 12.53181037
 12.59320549 12.68944334 12.59648519 12.54665645 12.52922372 12.77075616
 12.30889143 12.50658997 12.53811211 12.29742784 12.38040469 12.80219005
 12.34605756 13.34262386 12.35846223 12.48475631 12.4152163  12.2576705
 12.57278937 12.41865149 12.5744571  12.25384796 12.54920886 12.54296075
 12.3937954  12.51998494 12.58055353 12.49954764 12.40737796 12.60708426
 12.36882872 12.73836662 12.48950724 12.51650355 12.53553781 12.54239127
 13.47027916 12.89019741 12.38040469 12.54239127 12.93413021 13.07574484
 12.36882872 12.64989115 12.49365065 12.59320549 12.6545836  12.51417765
 12.50717531 13.03873365 12.60356139 12.58165876 12.29675082 12.7838136
 12.48594557 12.72278561 12.46799666 12.51940535 12.61194563 12.60897713
 12.31224701 12.41896339 12.52114323 12.46739425 13.01739513 12.48594557
 12.84324595 12.47759879 12.64360566 12.70623731 12.56777302 12.47670155
 12.63358551 12.42704867 12.33354945 12.44001257 12.62534904 12.57501264
 12.58331482 12.3539042  12.71095494 12.36818303 12.53954003 12.5383979
 12.64727627 12.70199955 12.56553707 12.45285794 12.49009992 12.37655622
 12.34540189 12.61973762 12.53668254 12.78520315 12.4491998  12.51882552
 12.6680355  12.54324554 12.38264502 12.52345701 12.30114605 12.53094877
 12.49895909 12.65822034 12.54864205 12.98205436 12.51184764 12.62134347
 12.51998494 12.45468336 12.65328194 12.35716141 12.61651939 12.54182154
 12.47340614 12.48713384 12.5383979  12.76981734 12.51184764 12.31258213
 12.60951732 12.47580346 12.73060343 12.58936845 12.50658997 12.62668143
 12.3937954  12.56217584 12.67265628 12.6721438  12.52056413 12.55936803
 12.4793917  12.66184605 12.48594557 12.50307342 12.58936845 12.68235129
 12.48713384 12.28451458 12.401392   12.55993007 12.58331482 12.79120316
 12.58991736 12.53181037 12.58579485 12.46135596 12.79028224 12.57612267
 12.55429842 12.57111947 12.45650634 12.37976401 12.50834491 12.29539599
 12.73449188 12.61651939 12.69297302 12.67878889 12.59375273 12.52461234
 12.60951732 12.60843654 12.93571751 12.40012875 12.51534117 12.6853961
 12.2987809  12.44858925 12.99843847 12.3539042  12.46317031 12.53611038
 12.52749631 12.96841033 12.39949657 12.61705627 12.77356782 12.59593914
 12.43878314 12.64832292 12.59975617 12.51417765 12.47759879 12.53353203
 12.44062699 12.62080847 12.27733219 12.68994818 12.49954764 13.36954804
 12.66081131 12.66674874 12.66236299 12.63781476 12.54068135 12.57501264
 12.53267145 12.67265628 12.41896339 12.75086545 12.67929838 12.52692008
 12.62880996 12.28656063 12.62454897 12.69209164 12.349332   12.59375273
 12.43755253 12.46075078 12.61866582 12.6003004  13.10139678 12.64150303
 12.94909654 12.57000495 12.46920058 12.54153665 12.40894908 12.58331482
 12.31157636 12.45103009 12.51998494 12.5548628  12.64622869 12.59046603
 12.69095732 12.75658617 12.58331482 12.56161476 12.67751398 12.38168528
 12.66158747 12.47640221 12.67265628 12.61705627 12.41145917 12.62987282
 12.60843654 12.68716857 12.61383097 12.70598849 12.60410395 12.54864205
 12.63728689 12.48297046 12.61812949 12.84586615 12.4424684  12.58165876
 12.57612267 12.60951732 12.80036683 12.58386636 12.82826675 12.57889372
 12.46135596 12.69849781 12.63570201 12.48832112 12.62508248 12.59921155
 12.66906392 12.64936864 12.35194633 12.686156   12.74990912 12.50600455
 12.70424512 12.52518973 12.52692008 12.67316854 12.95919297 12.60681368
 12.32360093 12.64779972 12.68590277 12.27218181 12.6383424  12.60301843
 12.7267014  12.50248652 12.69974958 12.3142567  12.60301843 12.58662047
 12.67547111 12.59757642 12.54182154 12.45103009 12.71095494 12.54125157
 12.61167603 12.26113762 12.64570455 12.64779972 12.64832292 12.60464643
 12.77916879 12.27493076 12.83181145 12.56777302 12.79671104 12.73449188
 12.76793719 12.58991736 12.47759879 12.65406302 12.69297302 12.61275397
 12.55993007 12.85281935 12.55880574 12.59265817 12.31291723 12.34998593
 12.40517558 12.61759308 12.59211045 12.66520272 12.55005844 12.6826054
 12.67572665 12.5369686  12.48118237 12.3867966  12.65197887 12.6282781
 12.27149369 12.6122152  12.25836453 12.42332282 12.76038317 12.63781476
 12.62561559 12.52461234 12.82470942 12.62588212 12.74319081 12.3925253
 12.39061823 12.6351732  12.48118237 12.64622869 12.61490701 12.59429973
 13.0730635  12.61059715 12.67470406 12.84412005 12.41896339 12.6543234
 12.71589953 12.59211045 12.61383097 12.64308035 12.56161476 12.36947432
 12.30080841 12.60410395 12.6879273  12.68944334 12.79579503 12.365597
 12.36008681 12.46799666 12.81306121 12.5426761  12.69070522 12.54864205
 12.58110627 12.64150303 12.42828842 12.68691542 12.66546057 12.43385411
 12.54210641 12.70847439 12.79212306 12.57889372 12.61167603 12.7948783
 12.36818303 12.59484649 12.62508248 12.33948733 12.60708426 12.36753691
 12.65666311 12.37011949 12.63781476 12.42145612 13.10975256 12.68311325
 12.733521   12.68640921 12.58991736 12.66700616 12.53553781 12.72376575
 12.30620174 12.71293536 12.70996337 12.48713384 12.56665545 12.60843654
 12.46135596 12.98054907 12.58662047 12.65718237 12.67316854 12.63437968
 12.57889372 12.60870684 13.0916353  12.39569828 12.75038747 12.57278937
 12.73643096 12.71392437 12.68336715 12.59211045 12.70598849 12.40391541
 12.70499254 12.5548628  12.82203322 12.67060482 12.80582655 12.59593914
 12.3142567  12.49542242 12.47998878 12.61866582 12.59975617 12.62987282
 12.41833957 12.75229851 12.49778124 12.82648972 12.54637254 12.42642833
 12.35846223 12.64465557 12.50131164 12.27904519 12.54466774 12.62080847
 12.34671298 12.59675811 12.7489519  12.58331482 12.56888947 12.59074017
 12.66957778 12.30350746 12.62774616 12.26183013 13.1373309  12.29200372
 12.83092648 12.29471817 12.41896339 12.82737852 12.33685104 12.50013594
 12.43200139 12.82648972 12.6853961  13.19896025 12.43200139 12.53496499
 12.70299807 12.62987282 12.64727627 12.3142567  12.72376575 12.42518689
 12.500724   12.38040469 12.71589953 12.6800624  12.60627214 12.66546057
 12.510681   12.92294066 12.73739916 12.62187839 12.6924694  12.62348141
 12.5315233  13.16029918 12.26321434 12.893524   12.36300663 12.59429973
 12.83534368 12.34605756 13.451936   12.41145917 12.2987809  12.87168981
 12.62774616 12.44797845 12.36818303 12.75372957 12.68184302 12.70399584
 12.61436919 12.7257238  12.55655402 12.59320549 13.36295961 12.37784025
 12.68640921 12.96227627 12.3950643  12.36041159 12.64413073 12.37527115
 12.27630337 12.413965   12.4332369  12.3867966  12.40265439 12.40012875
 12.26942787 12.27973002 12.65510379 12.41771549 12.39886431 12.68438208
 12.42890799 12.94361182 12.27630337 12.66339649 12.30418148 12.37784025
 12.26113762 12.44492001 12.47280614 12.9638138  12.42704867 12.51009731
 12.28928449 12.32093695 12.68640921 12.3539042  12.95299355 12.3182684
 12.81035418 12.96993702 12.40894908 12.42021026 12.64360566 12.5257667
 12.60573053 12.37205343 12.46558566 12.54239127 12.58772028 12.64255481
 12.27424389 12.49660224 12.50366024 12.58551954 13.34262386 12.55034159
 12.65302149 12.2987809  12.60951732 12.43878314 12.45711345 12.62080847
 12.27080547 12.77028686 12.88182941 12.98730212 12.47040349 12.76887763
 12.46679158 12.3075472  12.88852974 12.34867764 12.28587882 12.28928449
 12.2776749  12.65145729 12.90753165 12.28656063 12.46014519 12.43138325
 12.31325213 12.52114323 13.26972689 12.32093695 12.62348141 12.64255481
 12.43138325 12.45711345 13.21444957 12.46437841 12.29810459 12.7594351
 12.31960329 12.32626017 12.44675577 12.43632074 12.53496499 12.63199572
 12.27493076 12.28383198 12.69649183 12.27630337 12.71392437 12.64989115
 12.31358701 12.51650355 12.30485522 12.3142567  12.50483297 12.59866669
 12.46679158 12.49954764 12.35259921 12.70698353 13.07841678 12.32226956
 12.98355707 12.69045294 12.54750786 12.63305592 12.81576125 12.55090767
 12.78982152 12.71491233 12.30956315 12.56217584 12.94596667 12.68994818
 12.69699363 12.30080841 12.6924694  12.69949936 12.84847931 12.54068135
 12.69498507 12.68691542 12.52922372 12.65302149 12.70100013 12.32692433
 12.71095494 12.55880574 12.70549063 12.70847439 13.11230432 12.77356782
 12.71885588 12.54523625 12.58331482 12.65718237 12.29810459 12.70399584
 13.0584875  12.69498507] 806
glb= [12.6989987  13.51514824 12.53467864 12.62294736 13.04363166 12.5978491
 12.51126444 12.52172208 12.63464431 12.51155605 13.225817   13.31321047
 12.94753299 13.33477201 13.19050295 13.38954446 12.54722402 12.55711743
 12.98280611 12.68514266 12.51184764 12.77075616 12.9245476  12.52490105
 13.03732867 12.57111947 12.57612267 12.4555952  12.56105344 12.6467526
 12.81576125 12.44124099 12.60681368 12.98730212 12.76887763 12.43261927
 12.42145612 12.85541415 12.45589899 12.68742155 12.43570455 12.51097281
 12.58193482 12.77263148 12.42145612 12.52258988 12.94439743 12.42145612
 12.55203894 12.25210731 12.58276304 12.4817787  12.71342998 12.60193196
 12.54182154 12.52143266 12.38104512 12.95143686 12.5386835  12.38424318
 12.63358551 12.60138829 12.50424665 12.34572974 12.84586615 12.53639647
 12.59975617 12.43138325 12.37011949 12.28383198 12.57723191 12.50658997
 12.33421037 12.40265439 12.47460538 12.61140642 12.47998878 13.43265823
 12.51184764 12.49424143 12.59975617 12.52864806 12.50834491 12.4418549
 12.53725463 12.5747348  13.05814521 12.60193196 12.62934143 12.4770007
 12.49601245 12.73060343 12.52634343 12.55147335 12.86487022 13.08505527
 12.50248652 12.58248704 12.68640921 12.65171817 12.38488188 12.40265439
 12.29810459 12.57167629 12.49895909 12.36494984 12.6866624  13.30488539
 12.27183785 12.95532345 12.49660224 12.57056225 12.5315233  12.50366024
 12.33619135 12.86828597 12.25940505 12.41771549 12.49365065 12.42332282
 13.29547806 12.51737475 13.24481859 12.51184764 12.29200372 13.11230432
 12.3937954  13.2489595  12.46558566 12.67623752 12.6467526  12.51940535
 12.36041159 12.59648519 12.49778124 12.70150003 12.82648972 12.53181037
 12.59320549 12.68944334 12.59648519 12.54665645 12.52922372 12.77075616
 12.30889143 12.50658997 12.53811211 12.29742784 12.38040469 12.80219005
 12.34605756 13.34262386 12.35846223 12.48475631 12.4152163  12.2576705
 12.57278937 12.41865149 12.5744571  12.25384796 12.54920886 12.54296075
 12.3937954  12.51998494 12.58055353 12.49954764 12.40737796 12.60708426
 12.36882872 12.73836662 12.48950724 12.51650355 12.53553781 12.54239127
 13.47027916 12.89019741 12.38040469 12.54239127 12.93413021 13.07574484
 12.36882872 12.64989115 12.49365065 12.59320549 12.6545836  12.51417765
 12.50717531 13.03873365 12.60356139 12.58165876 12.29675082 12.7838136
 12.48594557 12.72278561 12.46799666 12.51940535 12.61194563 12.60897713
 12.31224701 12.41896339 12.52114323 12.46739425 13.01739513 12.48594557
 12.84324595 12.47759879 12.64360566 12.70623731 12.56777302 12.47670155
 12.63358551 12.42704867 12.33354945 12.44001257 12.62534904 12.57501264
 12.58331482 12.3539042  12.71095494 12.36818303 12.53954003 12.5383979
 12.64727627 12.70199955 12.56553707 12.45285794 12.49009992 12.37655622
 12.34540189 12.61973762 12.53668254 12.78520315 12.4491998  12.51882552
 12.6680355  12.54324554 12.38264502 12.52345701 12.30114605 12.53094877
 12.49895909 12.65822034 12.54864205 12.98205436 12.51184764 12.62134347
 12.51998494 12.45468336 12.65328194 12.35716141 12.61651939 12.54182154
 12.47340614 12.48713384 12.5383979  12.76981734 12.51184764 12.31258213
 12.60951732 12.47580346 12.73060343 12.58936845 12.50658997 12.62668143
 12.3937954  12.56217584 12.67265628 12.6721438  12.52056413 12.55936803
 12.4793917  12.66184605 12.48594557 12.50307342 12.58936845 12.68235129
 12.48713384 12.28451458 12.401392   12.55993007 12.58331482 12.79120316
 12.58991736 12.53181037 12.58579485 12.46135596 12.79028224 12.57612267
 12.55429842 12.57111947 12.45650634 12.37976401 12.50834491 12.29539599
 12.73449188 12.61651939 12.69297302 12.67878889 12.59375273 12.52461234
 12.60951732 12.60843654 12.93571751 12.40012875 12.51534117 12.6853961
 12.2987809  12.44858925 12.99843847 12.3539042  12.46317031 12.53611038
 12.52749631 12.96841033 12.39949657 12.61705627 12.77356782 12.59593914
 12.43878314 12.64832292 12.59975617 12.51417765 12.47759879 12.53353203
 12.44062699 12.62080847 12.27733219 12.68994818 12.49954764 13.36954804
 12.66081131 12.66674874 12.66236299 12.63781476 12.54068135 12.57501264
 12.53267145 12.67265628 12.41896339 12.75086545 12.67929838 12.52692008
 12.62880996 12.28656063 12.62454897 12.69209164 12.349332   12.59375273
 12.43755253 12.46075078 12.61866582 12.6003004  13.10139678 12.64150303
 12.94909654 12.57000495 12.46920058 12.54153665 12.40894908 12.58331482
 12.31157636 12.45103009 12.51998494 12.5548628  12.64622869 12.59046603
 12.69095732 12.75658617 12.58331482 12.56161476 12.67751398 12.38168528
 12.66158747 12.47640221 12.67265628 12.61705627 12.41145917 12.62987282
 12.60843654 12.68716857 12.61383097 12.70598849 12.60410395 12.54864205
 12.63728689 12.48297046 12.61812949 12.84586615 12.4424684  12.58165876
 12.57612267 12.60951732 12.80036683 12.58386636 12.82826675 12.57889372
 12.46135596 12.69849781 12.63570201 12.48832112 12.62508248 12.59921155
 12.66906392 12.64936864 12.35194633 12.686156   12.74990912 12.50600455
 12.70424512 12.52518973 12.52692008 12.67316854 12.95919297 12.60681368
 12.32360093 12.64779972 12.68590277 12.27218181 12.6383424  12.60301843
 12.7267014  12.50248652 12.69974958 12.3142567  12.60301843 12.58662047
 12.67547111 12.59757642 12.54182154 12.45103009 12.71095494 12.54125157
 12.61167603 12.26113762 12.64570455 12.64779972 12.64832292 12.60464643
 12.77916879 12.27493076 12.83181145 12.56777302 12.79671104 12.73449188
 12.76793719 12.58991736 12.47759879 12.65406302 12.69297302 12.61275397
 12.55993007 12.85281935 12.55880574 12.59265817 12.31291723 12.34998593
 12.40517558 12.61759308 12.59211045 12.66520272 12.55005844 12.6826054
 12.67572665 12.5369686  12.48118237 12.3867966  12.65197887 12.6282781
 12.27149369 12.6122152  12.25836453 12.42332282 12.76038317 12.63781476
 12.62561559 12.52461234 12.82470942 12.62588212 12.74319081 12.3925253
 12.39061823 12.6351732  12.48118237 12.64622869 12.61490701 12.59429973
 13.0730635  12.61059715 12.67470406 12.84412005 12.41896339 12.6543234
 12.71589953 12.59211045 12.61383097 12.64308035 12.56161476 12.36947432
 12.30080841 12.60410395 12.6879273  12.68944334 12.79579503 12.365597
 12.36008681 12.46799666 12.81306121 12.5426761  12.69070522 12.54864205
 12.58110627 12.64150303 12.42828842 12.68691542 12.66546057 12.43385411
 12.54210641 12.70847439 12.79212306 12.57889372 12.61167603 12.7948783
 12.36818303 12.59484649 12.62508248 12.33948733 12.60708426 12.36753691
 12.65666311 12.37011949 12.63781476 12.42145612 13.10975256 12.68311325
 12.733521   12.68640921 12.58991736 12.66700616 12.53553781 12.72376575
 12.30620174 12.71293536 12.70996337 12.48713384 12.56665545 12.60843654
 12.46135596 12.98054907 12.58662047 12.65718237 12.67316854 12.63437968
 12.57889372 12.60870684 13.0916353  12.39569828 12.75038747 12.57278937
 12.73643096 12.71392437 12.68336715 12.59211045 12.70598849 12.40391541
 12.70499254 12.5548628  12.82203322 12.67060482 12.80582655 12.59593914
 12.3142567  12.49542242 12.47998878 12.61866582 12.59975617 12.62987282
 12.41833957 12.75229851 12.49778124 12.82648972 12.54637254 12.42642833
 12.35846223 12.64465557 12.50131164 12.27904519 12.54466774 12.62080847
 12.34671298 12.59675811 12.7489519  12.58331482 12.56888947 12.59074017
 12.66957778 12.30350746 12.62774616 12.26183013 13.1373309  12.29200372
 12.83092648 12.29471817 12.41896339 12.82737852 12.33685104 12.50013594
 12.43200139 12.82648972 12.6853961  13.19896025 12.43200139 12.53496499
 12.70299807 12.62987282 12.64727627 12.3142567  12.72376575 12.42518689
 12.500724   12.38040469 12.71589953 12.6800624  12.60627214 12.66546057
 12.510681   12.92294066 12.73739916 12.62187839 12.6924694  12.62348141
 12.5315233  13.16029918 12.26321434 12.893524   12.36300663 12.59429973
 12.83534368 12.34605756 13.451936   12.41145917 12.2987809  12.87168981
 12.62774616 12.44797845 12.36818303 12.75372957 12.68184302 12.70399584
 12.61436919 12.7257238  12.55655402 12.59320549 13.36295961 12.37784025
 12.68640921 12.96227627 12.3950643  12.36041159 12.64413073 12.37527115
 12.27630337 12.413965   12.4332369  12.3867966  12.40265439 12.40012875
 12.26942787 12.27973002 12.65510379 12.41771549 12.39886431 12.68438208
 12.42890799 12.94361182 12.27630337 12.66339649 12.30418148 12.37784025
 12.26113762 12.44492001 12.47280614 12.9638138  12.42704867 12.51009731
 12.28928449 12.32093695 12.68640921 12.3539042  12.95299355 12.3182684
 12.81035418 12.96993702 12.40894908 12.42021026 12.64360566 12.5257667
 12.60573053 12.37205343 12.46558566 12.54239127 12.58772028 12.64255481
 12.27424389 12.49660224 12.50366024 12.58551954 13.34262386 12.55034159
 12.65302149 12.2987809  12.60951732 12.43878314 12.45711345 12.62080847
 12.27080547 12.77028686 12.88182941 12.98730212 12.47040349 12.76887763
 12.46679158 12.3075472  12.88852974 12.34867764 12.28587882 12.28928449
 12.2776749  12.65145729 12.90753165 12.28656063 12.46014519 12.43138325
 12.31325213 12.52114323 13.26972689 12.32093695 12.62348141 12.64255481
 12.43138325 12.45711345 13.21444957 12.46437841 12.29810459 12.7594351
 12.31960329 12.32626017 12.44675577 12.43632074 12.53496499 12.63199572
 12.27493076 12.28383198 12.69649183 12.27630337 12.71392437 12.64989115
 12.31358701 12.51650355 12.30485522 12.3142567  12.50483297 12.59866669
 12.46679158 12.49954764 12.35259921 12.70698353 13.07841678 12.32226956
 12.98355707 12.69045294 12.54750786 12.63305592 12.81576125 12.55090767
 12.78982152 12.71491233 12.30956315 12.56217584 12.94596667 12.68994818
 12.69699363 12.30080841 12.6924694  12.69949936 12.84847931 12.54068135
 12.69498507 12.68691542 12.52922372 12.65302149 12.70100013 12.32692433
 12.71095494 12.55880574 12.70549063 12.70847439 13.11230432 12.77356782
 12.71885588 12.54523625 12.58331482 12.65718237 12.29810459 12.70399584
 13.0584875  12.69498507] 806
bidsort lists= 806 806
 806
SNAP 49
EPS 0.006047205542802471
galrad= 0.01
!!! agesel
Found 466 stars.
Rotated pos.
Rotated vel.
Calculating circularities
dty= [12.51155605 12.24582557 12.94439743 ... 12.6798078  12.70399584
 12.68387473] 1196
glb= [12.51155605 12.24582557 12.94439743 ... 12.6798078  12.70399584
 12.68387473] 1196
bidsort lists= 1196 1196
 1196
SNAP 50
EPS 0.02096694824387212
galrad= 0.01
!!! agesel
Found 361 stars.
Rotated pos.
Rotated vel.
Calculating circularities
dty= [13.51514824 12.24582557 13.225817   ... 12.45468336 12.062679
 12.06423634] 1554
glb= [13.51514824 12.24582557 13.225817   ... 12.45468336 12.062679
 12.06423634] 1554
bidsort lists= 1554 1554
 1554
SNAP 51
EPS 0.03337865408426377
galrad= 0.01
!!! agesel
Found 480 stars.
Rotated pos.
Rotated vel.
Calculating circularities
dty= [12.12993908 11.94277464 11.96096935 ... 12.38104512 12.37655622
 11.94692512] 2236
glb= [12.12993908 11.94277464 11.96096935 ... 12.38104512 12.37655622
 11.94692512] 2236
bidsort lists= 2236 2236
 2236
SNAP 52
EPS 0.07020087987800977
galrad= 0.01
!!! agesel
Found 2112 stars.
Rotated pos.
Rotated vel.
Calculating circularities
dty= [12.00570493 12.62134347 12.57612267 ... 12.66546057 12.3925253
 12.7489519 ] 3965
glb= [12.00570493 12.62134347 12.57612267 ... 12.66546057 12.3925253
 12.7489519 ] 3965
bidsort lists= 3965 3965
 3965
SNAP 53
EPS 0.07229293935449355
galrad= 0.01
!!! agesel
Found 1725 stars.
Rotated pos.
Rotated vel.
Calculating circularities
dty= [11.64184072 11.75578784 12.51155605 ... 12.64150303 11.69076816
 12.34080365] 4831
glb= [11.64184072 11.75578784 12.51155605 ... 12.64150303 11.69076816
 12.34080365] 4831
bidsort lists= 4831 4831
 4831
SNAP 54
EPS 0.09134519116181296
galrad= 0.01
!!! agesel
Found 1764 stars.
Rotated pos.
Rotated vel.
Calculating circularities
dty= [11.49533221 11.55070458 12.51940535 ... 11.9460958  12.60084454
 12.59866669] 8285
glb= [11.49533221 11.55070458 12.51940535 ... 11.9460958  12.60084454
 12.59866669] 8285
bidsort lists= 8285 8285
 8285
SNAP 55
EPS 0.14813006650500432
galrad= 0.01
!!! agesel
Found 2813 stars.
Rotated pos.
Rotated vel.
Calculating circularities
dty= [11.98224981 12.11184966 12.77263148 ... 12.30485522 11.85177288
 11.80422605] 11899
glb= [11.98224981 12.11184966 12.77263148 ... 12.30485522 11.85177288
 11.80422605] 11899
bidsort lists= 11899 11899
 11899
SNAP 56
EPS 0.03842370816639808
galrad= 0.01
!!! agesel
Found 1983 stars.
Rotated pos.
Rotated vel.
Calculating circularities
dty= [11.32125155 11.74939667 11.53012303 ... 12.74511459 11.72340761
 11.7500823 ] 14584
glb= [11.32125155 11.74939667 11.53012303 ... 12.74511459 11.72340761
 11.7500823 ] 14584
bidsort lists= 14584 14584
 14584
SNAP 57
EPS 0.03655787858280375
galrad= 0.01
!!! agesel
Found 2078 stars.
Rotated pos.
Rotated vel.
Calculating circularities
dty= [11.60601649 11.88243259 11.00144052 ... 11.74367407 12.28587882
 11.72340761] 18139
glb= [11.60601649 11.88243259 11.00144052 ... 11.74367407 12.28587882
 11.72340761] 18139
bidsort lists= 18139 18139
 18139
SNAP 58
EPS -0.016892736779695123
galrad= 0.01
!!! agesel
Found 740 stars.
Rotated pos.
Rotated vel.
Calculating circularities
dty= [11.15775025 11.21031375 12.79441962 ... 12.25001624 12.93413021
 12.30215847] 5447
glb= [11.15775025 11.21031375 12.79441962 ... 12.25001624 12.93413021
 12.30215847] 5447
bidsort lists= 5447 5447
 5447
SNAP 59
EPS 0.3696918263417597
galrad= 0.01
!!! agesel
Found 725 stars.
Rotated pos.
Rotated vel.
Calculating circularities
dty= [10.79445671 12.05408944 10.99017702 ... 12.33948733 12.29268278
 12.29268278] 6356
glb= [10.79445671 12.05408944 10.99017702 ... 12.33948733 12.29268278
 12.29268278] 6356
bidsort lists= 6356 6356
 6356
SNAP 60
EPS 0.3705069198042986
galrad= 0.01
!!! agesel
Found 589 stars.
Rotated pos.
Rotated vel.
Calculating circularities
dty= [12.79441962 11.32042823 11.51748472 ... 10.95972152 10.97218995
 10.97218995] 7023
glb= [12.79441962 11.32042823 11.51748472 ... 10.95972152 10.97218995
 10.97218995] 7023
bidsort lists= 7023 7023
 7023
SNAP 61
EPS 0.415621126944189
galrad= 0.01
!!! agesel
Found 568 stars.
Rotated pos.
Rotated vel.
Calculating circularities
dty= [11.35016621 11.4981447  11.51748472 ... 12.87508159 12.23036601
 12.30620174] 8054
glb= [11.35016621 11.4981447  11.51748472 ... 12.87508159 12.23036601
 12.30620174] 8054
bidsort lists= 8054 8054
 8054
SNAP 62
EPS 0.4271007155835743
galrad= 0.01
!!! agesel
Found 857 stars.
Rotated pos.
Rotated vel.
Calculating circularities
dty= [10.53993778 12.79441962 10.3850066  ... 12.34540189 12.33553123
 12.34867764] 10892
glb= [10.53993778 12.79441962 10.3850066  ... 12.34540189 12.33553123
 12.34867764] 10892
bidsort lists= 10892 10892
 10892
SNAP 63
EPS 0.4744435653062816
galrad= 0.01
!!! agesel
Found 986 stars.
Rotated pos.
Rotated vel.
Calculating circularities
dty= [10.28937951 11.97204864 10.40058262 ... 12.86657955 10.31597996
 12.75277575] 12675
glb= [10.28937951 11.97204864 10.40058262 ... 12.86657955 10.31597996
 12.75277575] 12675
bidsort lists= 12675 12675
 12675
SNAP 64
EPS 0.33348324630470616
galrad= 0.01
!!! agesel
Found 2025 stars.
Rotated pos.
Rotated vel.
Calculating circularities
dty= [10.21155406 10.10082229 10.60758723 ... 12.37976401  9.93722749
  9.93013801] 22837
glb= [10.21155406 10.10082229 10.60758723 ... 12.37976401  9.93722749
  9.93013801] 22837
bidsort lists= 22837 22837
 22837
SNAP 65
EPS -0.03495942312575029
galrad= 0.01
!!! agesel
Found 3278 stars.
Rotated pos.
Rotated vel.
Calculating circularities
dty= [13.23433704 10.07652709  9.99556948 ... 12.8993174  10.95033564
 10.01933181] 19671
glb= [13.23433704 10.07652709  9.99556948 ... 12.8993174  10.95033564
 10.01933181] 19671
bidsort lists= 19671 19671
 19671
SNAP 66
EPS 0.178581984982331
galrad= 0.01
!!! agesel
Found 2623 stars.
Rotated pos.
Rotated vel.
Calculating circularities
dty= [10.64298627  9.9819885  11.35016621 ...  9.61509361 10.11461038
 12.24022104] 21908
glb= [10.64298627  9.9819885  11.35016621 ...  9.61509361 10.11461038
 12.24022104] 21908
bidsort lists= 21908 21908
 21908
SNAP 67
EPS 0.04590092155667863
galrad= 0.01
!!! agesel
Found 1339 stars.
Rotated pos.
Rotated vel.
Calculating circularities
dty= [ 9.96463862  9.58450159  9.52339301 ... 10.55485024 10.4285989
 10.75299215] 14743
glb= [ 9.96463862  9.58450159  9.52339301 ... 10.55485024 10.4285989
 10.75299215] 14743
bidsort lists= 14743 14743
 14743
SNAP 68
EPS 0.12065454737236313
galrad= 0.01
!!! agesel
Found 1242 stars.
Rotated pos.
Rotated vel.
Calculating circularities
dty= [ 9.96463862 10.02586251  9.52339301 ... 10.36413522 10.36712393
 10.89659121] 16939
glb= [ 9.96463862 10.02586251  9.52339301 ... 10.36413522 10.36712393
 10.89659121] 16939
bidsort lists= 16939 16939
 16939
SNAP 69
EPS 0.12779536363824584
galrad= 0.01
!!! agesel
Found 2573 stars.
Rotated pos.
Rotated vel.
Calculating circularities
dty= [11.07398924 11.05983551  9.75961628 ... 12.42270078 11.97409333
 11.78633326] 53359
glb= [11.07398924 11.05983551  9.75961628 ... 12.42270078 11.97409333
 11.78633326] 53359
bidsort lists= 53359 53359
 53359
SNAP 70
EPS 0.14690921133803683
galrad= 0.01
!!! agesel
Found 2488 stars.
Rotated pos.
Rotated vel.
Calculating circularities
dty= [ 9.75961628 10.80137019 11.07398924 ... 12.5383979   9.83815696
 12.1493241 ] 56999
glb= [ 9.75961628 10.80137019 11.07398924 ... 12.5383979   9.83815696
 12.1493241 ] 56999
bidsort lists= 56999 56999
 56999
SNAP 71
EPS 0.19100554357153032
galrad= 0.01
!!! agesel
Found 3477 stars.
Rotated pos.
Rotated vel.
Calculating circularities
dty= [10.97257851 10.58500991 11.13020452 ... 11.3392932  12.46317031
 12.33553123] 86449
glb= [10.97257851 10.58500991 11.13020452 ... 11.3392932  12.46317031
 12.33553123] 86449
bidsort lists= 86449 86449
 86449
SNAP 72
EPS 0.3410570286678819
galrad= 0.01
!!! agesel
Found 2501 stars.
Rotated pos.
Rotated vel.
Calculating circularities
dty= [ 9.53321512  9.09099466  9.55779384 ...  9.69950305  9.7245211
 12.37976401] 66135
glb= [ 9.53321512  9.09099466  9.55779384 ...  9.69950305  9.7245211
 12.37976401] 66135
bidsort lists= 66135 66135
 66135
SNAP 73
EPS 0.2390710920508157
galrad= 0.01
!!! agesel
Found 3121 stars.
Rotated pos.