loading halo 21 level 4
/eagle/projects/Auriga/Auriga/level4/Original/mergertrees/Au-21/trees_sf1_127
Hubble parameter= 0.6777
There are 888 trees in file /eagle/projects/Auriga/Auriga/level4/Original/mergertrees/Au-21/trees_sf1_127.0.hdf5
Loading desc (Descendant) for blockname /Tree0.
Loading fnum (FileNr) for blockname /Tree0.
Loading fhfg (FirstHaloInFOFGroup) for blockname /Tree0.
Loading fpin (FirstProgenitor) for blockname /Tree0.
Loading fmc2 (Group_M_Crit200) for blockname /Tree0.
Loading fmm2 (Group_M_Mean200) for blockname /Tree0.
Loading fmt2 (Group_M_TopHat200) for blockname /Tree0.
Loading frc2 (Group_R_Crit200) for blockname /Tree0.
Loading nhfg (NextHaloInFOFGroup) for blockname /Tree0.
Loading npin (NextProgenitor) for blockname /Tree0.
Loading snum (SnapNum) for blockname /Tree0.
Loading sbhm (SubhaloBHMass) for blockname /Tree0.
Loading sbhd (SubhaloBHMdot) for blockname /Tree0.
Loading sgmt (SubhaloGasMetallicity) for blockname /Tree0.
Loading sgmf (SubhaloGasMetallicitySfr) for blockname /Tree0.
Loading sgnr (SubhaloGrNr) for blockname /Tree0.
Loading shmt (SubhaloHalfmassRadType) for blockname /Tree0.
Key SubhaloIDMostBound not found in conversion table, skipping.
Loading slen (SubhaloLen) for blockname /Tree0.
Loading slty (SubhaloLenType) for blockname /Tree0.
Loading smit (SubhaloMassInRadType) for blockname /Tree0.
Loading smty (SubhaloMassType) for blockname /Tree0.
Loading sbnr (SubhaloNumber) for blockname /Tree0.
Loading soty (SubhaloOffsetType) for blockname /Tree0.
Loading spos (SubhaloPos) for blockname /Tree0.
Loading ssfr (SubhaloSFR) for blockname /Tree0.
Loading ssfi (SubhaloSFRinRad) for blockname /Tree0.
Loading sspi (SubhaloSpin) for blockname /Tree0.
Loading ssmt (SubhaloStarMetallicity) for blockname /Tree0.
Loading ssph (SubhaloStellarPhotometrics) for blockname /Tree0.
Loading svmx (SubhaloVMax) for blockname /Tree0.
Loading svel (SubhaloVel) for blockname /Tree0.
Loading svdi (SubhaloVelDisp) for blockname /Tree0.
galrad= 0.01
!!! agesel
Found 20 stars.
Rotated pos.
Rotated vel.
Calculating circularities
dty= [13.4877328] 1
glb= [13.4877328] 1
bidsort lists= 1 1
 1
SNAP 30
EPS 1.0
galrad= 0.01
!!! agesel
Found 34 stars.
Rotated pos.
Rotated vel.
Calculating circularities
dty= [13.45793173 13.3934384  13.38719146 13.4772396 ] 4
glb= [13.45793173 13.3934384  13.38719146 13.4772396 ] 4
bidsort lists= 4 4
 4
SNAP 31
EPS -0.6705729779344678
galrad= 0.01
!!! agesel
Found 42 stars.
Rotated pos.
Rotated vel.
Calculating circularities
dty= [13.34607358 13.35120242 13.57694854 13.37845586 13.35205193] 5
glb= [13.34607358 13.35120242 13.57694854 13.37845586 13.35205193] 5
bidsort lists= 5 5
 5
SNAP 32
EPS -0.11405219396648027
galrad= 0.01
!!! agesel
Found 66 stars.
Rotated pos.
Rotated vel.
Calculating circularities
dty= [13.45793173 13.44379129 13.31366911 13.34175763 13.32768657 13.37845586
 13.38005687 13.4772396  13.3245549  13.37199475 13.57694854 13.32589945
 13.3186872  13.33301007 13.32589945 13.34002049 13.33827724] 17
glb= [13.45793173 13.44379129 13.31366911 13.34175763 13.32768657 13.37845586
 13.38005687 13.4772396  13.3245549  13.37199475 13.57694854 13.32589945
 13.3186872  13.33301007 13.32589945 13.34002049 13.33827724] 17
bidsort lists= 17 17
 17
SNAP 33
EPS 0.19087196316900526
galrad= 0.01
!!! agesel
Found 23 stars.
Rotated pos.
Rotated vel.
Calculating circularities
dty= [] 0
glb= [] 0
bidsort lists= 0 0
 0
SNAP 34
EPS nan
galrad= 0.01
!!! agesel
Found 86 stars.
Rotated pos.
Rotated vel.
Calculating circularities
dty= [13.43965338 13.27762873 13.36461548 13.5828357  13.33914965 13.25307115] 6
glb= [13.43965338 13.27762873 13.36461548 13.5828357  13.33914965 13.25307115] 6
bidsort lists= 6 6
 6
SNAP 35
EPS 0.13815415906344794
galrad= 0.01
!!! agesel
Found 117 stars.
Rotated pos.
Rotated vel.
Calculating circularities
dty= [13.36461548 13.27418541 13.1916371  13.24064824 13.43965338 13.27762873
 13.21608644 13.26171222 13.25204598 13.21390292 13.5828357  13.36626551
 13.2632236  13.35035141 13.225817   13.21280826] 16
glb= [13.36461548 13.27418541 13.1916371  13.24064824 13.43965338 13.27762873
 13.21608644 13.26171222 13.25204598 13.21390292 13.5828357  13.36626551
 13.2632236  13.35035141 13.225817   13.21280826] 16
bidsort lists= 16 16
 16
SNAP 36
EPS 0.02916626374118412
galrad= 0.01
!!! agesel
Found 260 stars.
Rotated pos.
Rotated vel.
Calculating circularities
dty= [13.15881174 13.16768723 13.22769104 13.17003413 13.45793173 13.22688859
 13.22393703 13.16798102 13.17412133 13.147096   13.14557929 13.16237609
 13.1670992  13.18680314 13.17991641 13.17178894 13.18049314 13.18765883
 13.18394254 13.2327487  13.2327487  13.45793173 13.14436357 13.28638535
 13.21635882 13.20259027 13.18794379 13.203425   13.37199475 13.25867725
 13.38719146 13.29262323 13.147096   13.34607358 13.44103759 13.22501201
 13.22929279 13.24585656 13.15162604 13.21799064 13.22447476 13.23354339
 13.20370301 13.28734966 13.17991641 13.21499567 13.15970459 13.22286022
 13.18394254 13.21362948 13.19924019 13.1670992  13.27171288 13.3245549
 13.19952004 13.14100902 13.22232106 13.20896166 13.19643482 13.29642636
 13.21690328 13.203425   13.25715372 13.15072241 13.14921376 13.16827471
 13.20730582 13.24741012 13.21088796 13.16296832 13.22097112 13.2484435
 13.17208089 13.29142918 13.22259069 13.16533191 13.19896025 13.22635303
 13.36461548 13.19699689 13.4877328  13.57694854 13.15522845 13.2166311
 13.20730582 13.22474344 13.2935765  13.22982578 13.25178936 13.16415115
 13.19839991 13.30744329 13.20175441 13.19078671 13.21581395 13.44379129
 13.20951269 13.30674687 13.28251074 13.22312957 13.22635303 13.16385562
 13.14557929 13.26372654 13.19276924 13.15312937 13.25307115 13.28445148
 13.29310009 13.17208089 13.22742368 13.15372975 13.15672382 13.15462936
 13.20647626 13.21033823 13.25766205 13.24481859 13.29642636 13.30090763
 13.34175763 13.15312937 13.22339889 13.25639049 13.299261   13.17557491
 13.25281506 13.27517143 13.27541761 13.2422156  13.20453628 13.15582697
 13.14648973 13.22955937 13.2461158  13.26422903 13.2868677  13.27072076
 13.28202448 13.14770177 13.19643482 13.3587941  13.18135718 13.25409453
 13.16148677 13.22420598 13.17905045 13.26422903 13.25307115 13.29023253
 13.16148677 13.21880493 13.20259027 13.24792704 13.18708848 13.37036504
 13.28975313 13.26422903 13.16207978 13.20896166 13.35459149 13.22070075
 13.26272027 13.22635303 13.1579177  13.40340244 13.30488539 13.17383027
 13.25511606 13.21608644 13.33124184 13.3214038  13.25969068 13.30952686
 13.26221647 13.3848259  13.34002049 13.2692293  13.2692293  13.37805471
 13.15312937 13.16029918 13.18250756] 183
glb= [13.15881174 13.16768723 13.22769104 13.17003413 13.45793173 13.22688859
 13.22393703 13.16798102 13.17412133 13.147096   13.14557929 13.16237609
 13.1670992  13.18680314 13.17991641 13.17178894 13.18049314 13.18765883
 13.18394254 13.2327487  13.2327487  13.45793173 13.14436357 13.28638535
 13.21635882 13.20259027 13.18794379 13.203425   13.37199475 13.25867725
 13.38719146 13.29262323 13.147096   13.34607358 13.44103759 13.22501201
 13.22929279 13.24585656 13.15162604 13.21799064 13.22447476 13.23354339
 13.20370301 13.28734966 13.17991641 13.21499567 13.15970459 13.22286022
 13.18394254 13.21362948 13.19924019 13.1670992  13.27171288 13.3245549
 13.19952004 13.14100902 13.22232106 13.20896166 13.19643482 13.29642636
 13.21690328 13.203425   13.25715372 13.15072241 13.14921376 13.16827471
 13.20730582 13.24741012 13.21088796 13.16296832 13.22097112 13.2484435
 13.17208089 13.29142918 13.22259069 13.16533191 13.19896025 13.22635303
 13.36461548 13.19699689 13.4877328  13.57694854 13.15522845 13.2166311
 13.20730582 13.22474344 13.2935765  13.22982578 13.25178936 13.16415115
 13.19839991 13.30744329 13.20175441 13.19078671 13.21581395 13.44379129
 13.20951269 13.30674687 13.28251074 13.22312957 13.22635303 13.16385562
 13.14557929 13.26372654 13.19276924 13.15312937 13.25307115 13.28445148
 13.29310009 13.17208089 13.22742368 13.15372975 13.15672382 13.15462936
 13.20647626 13.21033823 13.25766205 13.24481859 13.29642636 13.30090763
 13.34175763 13.15312937 13.22339889 13.25639049 13.299261   13.17557491
 13.25281506 13.27517143 13.27541761 13.2422156  13.20453628 13.15582697
 13.14648973 13.22955937 13.2461158  13.26422903 13.2868677  13.27072076
 13.28202448 13.14770177 13.19643482 13.3587941  13.18135718 13.25409453
 13.16148677 13.22420598 13.17905045 13.26422903 13.25307115 13.29023253
 13.16148677 13.21880493 13.20259027 13.24792704 13.18708848 13.37036504
 13.28975313 13.26422903 13.16207978 13.20896166 13.35459149 13.22070075
 13.26272027 13.22635303 13.1579177  13.40340244 13.30488539 13.17383027
 13.25511606 13.21608644 13.33124184 13.3214038  13.25969068 13.30952686
 13.26221647 13.3848259  13.34002049 13.2692293  13.2692293  13.37805471
 13.15312937 13.16029918 13.18250756] 183
bidsort lists= 183 183
 183
SNAP 37
EPS 0.04582378259557833
galrad= 0.01
!!! agesel
Found 306 stars.
Rotated pos.
Rotated vel.
Calculating circularities
dty= [13.09929277 13.0971827  13.10365587 13.1882287  13.13825223 13.11769683
 13.10397805 13.11262262 13.5828357  13.10446104 13.27762873 13.16562682
 13.09750772 13.22043027 13.18365583 13.18078128 13.17499388 13.10268857
 13.19502746 13.20398091 13.11262262 13.10042647 13.21554129 13.13763815
 13.38915316 13.16267223 13.10975256 13.10815313 13.16326424 13.15432962
 13.59220418 13.18708848 13.19502746 13.09913067 13.35289994 13.33914965
 13.15732105 13.11452969 13.09555543 13.11134847 13.10333357 13.14466767
 13.14284077 13.43965338 13.14770177 13.15851386 13.11230432 13.10171997
 13.13610049 13.14770177 13.10975256 13.12053536 13.16267223 13.18993517
 13.11738075 13.19389936 13.13425084 13.11738075 13.32813234 13.09815734
 13.16385562 13.17324768 13.14162013 13.16621614 13.21171168 13.16029918
 13.12804958 13.15851386 13.1373309  13.11039133 13.1221074  13.10301116
 13.11166725 13.20730582 13.2632236  13.14345029 13.225817   13.1180128
 13.1255537  13.37158783 13.10010269 13.19276924 13.14009135 13.34088982
 13.12053536 13.12929426 13.3816522  13.14100902 13.19727777 13.15132494
 13.22259069 13.21499567] 92
glb= [13.09929277 13.0971827  13.10365587 13.1882287  13.13825223 13.11769683
 13.10397805 13.11262262 13.5828357  13.10446104 13.27762873 13.16562682
 13.09750772 13.22043027 13.18365583 13.18078128 13.17499388 13.10268857
 13.19502746 13.20398091 13.11262262 13.10042647 13.21554129 13.13763815
 13.38915316 13.16267223 13.10975256 13.10815313 13.16326424 13.15432962
 13.59220418 13.18708848 13.19502746 13.09913067 13.35289994 13.33914965
 13.15732105 13.11452969 13.09555543 13.11134847 13.10333357 13.14466767
 13.14284077 13.43965338 13.14770177 13.15851386 13.11230432 13.10171997
 13.13610049 13.14770177 13.10975256 13.12053536 13.16267223 13.18993517
 13.11738075 13.19389936 13.13425084 13.11738075 13.32813234 13.09815734
 13.16385562 13.17324768 13.14162013 13.16621614 13.21171168 13.16029918
 13.12804958 13.15851386 13.1373309  13.11039133 13.1221074  13.10301116
 13.11166725 13.20730582 13.2632236  13.14345029 13.225817   13.1180128
 13.1255537  13.37158783 13.10010269 13.19276924 13.14009135 13.34088982
 13.12053536 13.12929426 13.3816522  13.14100902 13.19727777 13.15132494
 13.22259069 13.21499567] 92
bidsort lists= 92 92
 92
SNAP 38
EPS 0.04294983024207061
galrad= 0.01
!!! agesel
Found 509 stars.
Rotated pos.
Rotated vel.
Calculating circularities
dty= [13.0971827  13.24792704 13.07373471 13.09032394 13.05299279 13.04223534
 13.1882287  13.08835257 13.21934721 13.0804145  13.06019668 13.0971827
 13.06733401 13.12492839 13.07641369 13.11895977 13.20286866 13.07339923
 13.0971827  13.08868144 13.04223534 13.09977887 13.17499388 13.0804145
 13.18135718 13.06292352 13.09294433 13.04884611 13.13825223 13.09425104
 13.5828357  13.09425104 13.12742647 13.09130767 13.05299279 13.13177692
 13.07037268 13.05471408 13.06428328 13.11484706 13.27860861 13.27418541
 13.10943297 13.05419802 13.34262386 13.21934721 13.07239168 13.08654086
 13.09327118 13.11738075 13.06053812 13.13084691 13.10365587 13.04398033
 13.06122031 13.12991576 13.32410593 13.06936114 13.08703537 13.0571175
 13.40491507 13.06224266 13.06462282 13.45793173 13.27418541 13.10333357
 13.07908322 13.07070955 13.11927522 13.04328279 13.11484706 13.09097992
 13.11769683 13.23009209 13.11990552 13.23960106 13.09783262 13.07908322
 13.10042647 13.05505783 13.07908322 13.10783284 13.05608837 13.08835257
 13.27762873 13.0588296  13.06122031 13.05333734 13.04988487 13.05608837
 13.08720018 13.10139678 13.15732105 13.15851386 13.17441235 13.04780592
 13.04258464 13.24999016 13.05057648 13.07104624 13.11134847 13.04572157
 13.07339923 13.28975313 13.08901027 13.11262262 13.10975256 13.06496224
 13.07641369 13.20398091 13.10815313 13.24169361 13.22474344 13.06496224
 13.11579823 13.10558671 13.11548133 13.16267223 13.16562682 13.0754102
 13.09555543 13.09032394 13.05092221 13.33914965 13.13763815 13.07037268
 13.07138281 13.21554129 13.19952004 13.05471408 13.12492839 13.04258464
 13.11134847 13.14223074 13.07070955 13.21826217 13.31959434 13.59220418
 13.05161297 13.06733401 13.05402602 13.43895946 13.43965338 13.07741593
 13.05402602 13.07070955 13.04606939 13.26221647 13.08373228 13.06564066
 13.18078128 13.06190201 13.38915316 13.13548445 13.22902617 13.11452969
 13.04884611 13.16326424 13.29547806 13.07974913 13.16267223 13.19502746
 13.04502564 13.0567746  13.11452969 13.10397805 13.07070955 13.07239168
 13.06053812 13.24377881 13.19276924 13.13115709 13.21608644 13.35289994
 13.22259069 13.04223534 13.22259069 13.06564066 13.13146703 13.23539353
 13.04398033 13.16148677 13.14770177 13.23644821 13.39110622 13.11230432
 13.16267223 13.07373471 13.12804958 13.14770177 13.13115709 13.13978513
 13.20509117 13.12053536 13.05195814 13.1579177  13.14100902 13.20730582
 13.12991576 13.21608644 13.2591842  13.26823276 13.13855914 13.15072241
 13.17557491 13.06767222 13.35035141 13.36461548 13.21826217 13.1221074
 13.12304897 13.21390292 13.05608837 13.05746021 13.17789402 13.18936683
 13.0636037  13.08505527 13.08240688] 219
glb= [13.0971827  13.24792704 13.07373471 13.09032394 13.05299279 13.04223534
 13.1882287  13.08835257 13.21934721 13.0804145  13.06019668 13.0971827
 13.06733401 13.12492839 13.07641369 13.11895977 13.20286866 13.07339923
 13.0971827  13.08868144 13.04223534 13.09977887 13.17499388 13.0804145
 13.18135718 13.06292352 13.09294433 13.04884611 13.13825223 13.09425104
 13.5828357  13.09425104 13.12742647 13.09130767 13.05299279 13.13177692
 13.07037268 13.05471408 13.06428328 13.11484706 13.27860861 13.27418541
 13.10943297 13.05419802 13.34262386 13.21934721 13.07239168 13.08654086
 13.09327118 13.11738075 13.06053812 13.13084691 13.10365587 13.04398033
 13.06122031 13.12991576 13.32410593 13.06936114 13.08703537 13.0571175
 13.40491507 13.06224266 13.06462282 13.45793173 13.27418541 13.10333357
 13.07908322 13.07070955 13.11927522 13.04328279 13.11484706 13.09097992
 13.11769683 13.23009209 13.11990552 13.23960106 13.09783262 13.07908322
 13.10042647 13.05505783 13.07908322 13.10783284 13.05608837 13.08835257
 13.27762873 13.0588296  13.06122031 13.05333734 13.04988487 13.05608837
 13.08720018 13.10139678 13.15732105 13.15851386 13.17441235 13.04780592
 13.04258464 13.24999016 13.05057648 13.07104624 13.11134847 13.04572157
 13.07339923 13.28975313 13.08901027 13.11262262 13.10975256 13.06496224
 13.07641369 13.20398091 13.10815313 13.24169361 13.22474344 13.06496224
 13.11579823 13.10558671 13.11548133 13.16267223 13.16562682 13.0754102
 13.09555543 13.09032394 13.05092221 13.33914965 13.13763815 13.07037268
 13.07138281 13.21554129 13.19952004 13.05471408 13.12492839 13.04258464
 13.11134847 13.14223074 13.07070955 13.21826217 13.31959434 13.59220418
 13.05161297 13.06733401 13.05402602 13.43895946 13.43965338 13.07741593
 13.05402602 13.07070955 13.04606939 13.26221647 13.08373228 13.06564066
 13.18078128 13.06190201 13.38915316 13.13548445 13.22902617 13.11452969
 13.04884611 13.16326424 13.29547806 13.07974913 13.16267223 13.19502746
 13.04502564 13.0567746  13.11452969 13.10397805 13.07070955 13.07239168
 13.06053812 13.24377881 13.19276924 13.13115709 13.21608644 13.35289994
 13.22259069 13.04223534 13.22259069 13.06564066 13.13146703 13.23539353
 13.04398033 13.16148677 13.14770177 13.23644821 13.39110622 13.11230432
 13.16267223 13.07373471 13.12804958 13.14770177 13.13115709 13.13978513
 13.20509117 13.12053536 13.05195814 13.1579177  13.14100902 13.20730582
 13.12991576 13.21608644 13.2591842  13.26823276 13.13855914 13.15072241
 13.17557491 13.06767222 13.35035141 13.36461548 13.21826217 13.1221074
 13.12304897 13.21390292 13.05608837 13.05746021 13.17789402 13.18936683
 13.0636037  13.08505527 13.08240688] 219
bidsort lists= 219 219
 219
SNAP 39
EPS 0.03164424700139971
galrad= 0.01
!!! agesel
Found 538 stars.
Rotated pos.
Rotated vel.
Calculating circularities
dty= [12.98786251 13.11452969 12.99325993 13.00724186 12.9958532  13.19502746
 13.06834821 13.05333734 13.00395159 13.01883537 13.05402602 13.00028019
 13.05402602 13.23539353 13.03943529 13.06053812 13.12991576 12.98730212
 13.00614661 13.03521646 13.03097512 13.04363166 13.43965338 13.00651175
 12.99843847 13.10333357 12.99214605 13.00248502 13.07339923 13.15851386
 13.07641369 13.02884611 13.13146703 13.05608837 13.04083655 13.09555543
 13.01450709 13.07037268 13.02457094 13.05299279 13.0916353  12.98991387
 13.27418541 12.99843847 13.00248502 13.33608936 13.07507544 13.0259985
 13.12742647 13.1882287  13.28975313 12.9965926  13.07138281 13.04884611
 13.08670571 13.01160869 13.22259069 13.16267223 13.0567746  13.0259985
 13.56918942 13.04398033 13.01559127 12.9977006  13.13363313 13.06122031
 13.00906426 13.02349865 13.00578114 13.09977887 13.10042647 13.17499388
 13.59220418 13.06496224 13.00395159 13.09343458 13.07908322 13.01667413
 13.03521646 13.21171168 13.01667413 13.0380314  13.20286866 12.98804909
 13.02671134 13.10975256 13.1261785  13.34262386 13.0857159  13.02099095
 13.09065199 12.99251745 13.0259985  13.02457094 13.40491507 13.36461548
 13.07908322 13.06019668 13.30301723 13.02528503 13.08654086 13.00064815
 13.12053536 13.13610049 13.13763815 13.0971827  13.09588115 13.16562682
 13.01269679 13.03697695 13.00138334 13.15432962 13.15072241 12.99843847
 13.00906426 13.06292352 13.01269679 13.06053812 13.15732105 13.03097512
 13.08868144 13.07373471 13.5828357  13.08835257 13.16326424 13.06122031
 13.06496224 13.10397805 13.09425104 13.00468385 13.09620676 13.27762873
 13.13825223 13.10815313 13.25101897 13.01811563 13.06462282 13.21608644
 13.00395159 12.99917572 12.98954124 13.45793173 13.09294433 13.00578114
 13.0804145  13.03504018 13.11864427 13.07507544 13.05471408 13.01883537
 13.01269679 13.04884611 13.02973397 13.17441235 13.10462194 13.12304897
 13.24792704 13.11895977 12.99622307 13.0345111  13.10268857 13.14466767
 13.05195814 12.98916843 13.05951352 13.00851793 12.99622307 13.10204297
 12.99251745 13.0636037  12.98618041 13.05195814 13.0259985  13.09032394
 13.0971827  12.99270312 13.08901027 13.00211789 13.11738075 13.11484706
 13.05299279 13.04083655 13.11579823 13.00724186 13.06733401 13.03838255
 13.13177692 13.04293388 13.06733401 13.08835257 13.0502307  13.05574505
 13.01739513 13.02706761 12.99880712 13.0035851  13.09327118 13.04223534
 13.28590249 13.00211789 13.02849065 13.36295961 13.0259985  13.15072241
 13.11769683 13.01378344 13.04780592 13.04223534 12.98804909 13.18135718
 13.0804145  13.05161297 13.21934721 13.05195814 12.98505708 13.00028019
 13.09097992 13.19952004 12.98580611 13.18078128 13.06428328 13.00285181
 12.98860903 13.1916371  13.01595237 12.99548314 13.07070955 13.09425104
 13.12742647 13.24481859 13.04328279 13.33914965 13.03873365 13.25511606
 13.07339923 13.27418541 13.11134847 13.23009209 13.27860861 13.12492839
 13.24999016 13.23644821 13.08868144 13.03309866 13.12867218 13.0588296
 13.00064815 13.01955462 13.05092221 13.06224266 13.02170831 12.98916843
 13.05419802 13.43895946 13.07239168 12.99437234 13.03662517 13.06969844
 13.00175071 13.05092221 13.04013616 13.10783284 13.04988487 13.04502564
 13.01955462 13.04988487 13.11452969 13.13794528 13.01486863 13.09359798
 13.02582029 12.99622307 13.24169361 13.29547806 13.10010269 12.99843847
 13.00321855 13.04258464 13.0035851  13.09097992 13.09032394 13.13084691
 13.00797134 13.23855194 13.05505783 13.23960106 13.05402602 13.04572157
 13.04013616 13.22474344 13.11927522 13.1261785  13.04988487 13.21934721
 13.07138281 12.99991218 13.06496224 13.21826217 13.05471408 13.08736491
 13.22259069 13.07908322 13.10590801 13.01051914 13.11134847 13.16267223
 13.07070955 13.22902617 13.07373471 13.39110622 12.99177432 12.99288879
 13.12804958 13.37158783 13.16621614 13.12053536 13.51820943 13.17324768
 13.147096   13.14100902 13.01450709 13.44584374 13.00504976 13.26171222
 13.01522998 13.17673549 13.01450709] 327
glb= [12.98786251 13.11452969 12.99325993 13.00724186 12.9958532  13.19502746
 13.06834821 13.05333734 13.00395159 13.01883537 13.05402602 13.00028019
 13.05402602 13.23539353 13.03943529 13.06053812 13.12991576 12.98730212
 13.00614661 13.03521646 13.03097512 13.04363166 13.43965338 13.00651175
 12.99843847 13.10333357 12.99214605 13.00248502 13.07339923 13.15851386
 13.07641369 13.02884611 13.13146703 13.05608837 13.04083655 13.09555543
 13.01450709 13.07037268 13.02457094 13.05299279 13.0916353  12.98991387
 13.27418541 12.99843847 13.00248502 13.33608936 13.07507544 13.0259985
 13.12742647 13.1882287  13.28975313 12.9965926  13.07138281 13.04884611
 13.08670571 13.01160869 13.22259069 13.16267223 13.0567746  13.0259985
 13.56918942 13.04398033 13.01559127 12.9977006  13.13363313 13.06122031
 13.00906426 13.02349865 13.00578114 13.09977887 13.10042647 13.17499388
 13.59220418 13.06496224 13.00395159 13.09343458 13.07908322 13.01667413
 13.03521646 13.21171168 13.01667413 13.0380314  13.20286866 12.98804909
 13.02671134 13.10975256 13.1261785  13.34262386 13.0857159  13.02099095
 13.09065199 12.99251745 13.0259985  13.02457094 13.40491507 13.36461548
 13.07908322 13.06019668 13.30301723 13.02528503 13.08654086 13.00064815
 13.12053536 13.13610049 13.13763815 13.0971827  13.09588115 13.16562682
 13.01269679 13.03697695 13.00138334 13.15432962 13.15072241 12.99843847
 13.00906426 13.06292352 13.01269679 13.06053812 13.15732105 13.03097512
 13.08868144 13.07373471 13.5828357  13.08835257 13.16326424 13.06122031
 13.06496224 13.10397805 13.09425104 13.00468385 13.09620676 13.27762873
 13.13825223 13.10815313 13.25101897 13.01811563 13.06462282 13.21608644
 13.00395159 12.99917572 12.98954124 13.45793173 13.09294433 13.00578114
 13.0804145  13.03504018 13.11864427 13.07507544 13.05471408 13.01883537
 13.01269679 13.04884611 13.02973397 13.17441235 13.10462194 13.12304897
 13.24792704 13.11895977 12.99622307 13.0345111  13.10268857 13.14466767
 13.05195814 12.98916843 13.05951352 13.00851793 12.99622307 13.10204297
 12.99251745 13.0636037  12.98618041 13.05195814 13.0259985  13.09032394
 13.0971827  12.99270312 13.08901027 13.00211789 13.11738075 13.11484706
 13.05299279 13.04083655 13.11579823 13.00724186 13.06733401 13.03838255
 13.13177692 13.04293388 13.06733401 13.08835257 13.0502307  13.05574505
 13.01739513 13.02706761 12.99880712 13.0035851  13.09327118 13.04223534
 13.28590249 13.00211789 13.02849065 13.36295961 13.0259985  13.15072241
 13.11769683 13.01378344 13.04780592 13.04223534 12.98804909 13.18135718
 13.0804145  13.05161297 13.21934721 13.05195814 12.98505708 13.00028019
 13.09097992 13.19952004 12.98580611 13.18078128 13.06428328 13.00285181
 12.98860903 13.1916371  13.01595237 12.99548314 13.07070955 13.09425104
 13.12742647 13.24481859 13.04328279 13.33914965 13.03873365 13.25511606
 13.07339923 13.27418541 13.11134847 13.23009209 13.27860861 13.12492839
 13.24999016 13.23644821 13.08868144 13.03309866 13.12867218 13.0588296
 13.00064815 13.01955462 13.05092221 13.06224266 13.02170831 12.98916843
 13.05419802 13.43895946 13.07239168 12.99437234 13.03662517 13.06969844
 13.00175071 13.05092221 13.04013616 13.10783284 13.04988487 13.04502564
 13.01955462 13.04988487 13.11452969 13.13794528 13.01486863 13.09359798
 13.02582029 12.99622307 13.24169361 13.29547806 13.10010269 12.99843847
 13.00321855 13.04258464 13.0035851  13.09097992 13.09032394 13.13084691
 13.00797134 13.23855194 13.05505783 13.23960106 13.05402602 13.04572157
 13.04013616 13.22474344 13.11927522 13.1261785  13.04988487 13.21934721
 13.07138281 12.99991218 13.06496224 13.21826217 13.05471408 13.08736491
 13.22259069 13.07908322 13.10590801 13.01051914 13.11134847 13.16267223
 13.07070955 13.22902617 13.07373471 13.39110622 12.99177432 12.99288879
 13.12804958 13.37158783 13.16621614 13.12053536 13.51820943 13.17324768
 13.147096   13.14100902 13.01450709 13.44584374 13.00504976 13.26171222
 13.01522998 13.17673549 13.01450709] 327
bidsort lists= 327 327
 327
SNAP 40
EPS 0.07688652643032044
galrad= 0.01
!!! agesel
Found 1004 stars.
Rotated pos.
Rotated vel.
Calculating circularities
dty= [13.09032394 13.22286022 13.0502307  13.03855818 13.04485146 13.01015571
 13.02706761 13.28638535 13.22097112 13.24351854 13.03521646 13.17003413
 13.13425084 13.203425   13.29642636 13.06496224 13.16296832 13.03203761
 13.05505783 13.24585656 13.01088252 13.02492808 13.18680314 13.21690328
 13.03592106 12.99991218 13.38005687 13.08074691 13.04432896 13.17991641
 13.19896025 13.28831236 13.06343369 13.03309866 13.14009135 13.03662517
 13.11007204 13.19924019 13.45793173 13.1180128  13.25715372 13.28299655
 13.19839991 13.26673471 13.10397805 13.10943297 13.10719177 13.24195465
 13.18993517 13.14557929 13.13022628 13.03486388 13.17412133 13.05195814
 13.09261729 13.18365583 13.17178894 13.0491925  13.34607358 12.99954397
 13.1882287  13.14436357 13.07841678 13.08472471 13.06868599 13.16768723
 13.19078671 13.18394254 13.28590249 13.28251074 13.30628216 13.2935765
 13.21280826 13.25867725 13.12273527 13.08901027 13.21635882 12.98468233
 13.04363166 13.11611501 12.92655242 13.13270566 12.99622307 12.93273915
 13.22688859 13.13239624 13.19530921 13.44379129 13.20259027 12.99251745
 13.0857159  13.1670992  13.38719146 13.22447476 12.99548314 13.04013616
 13.217719   13.26422903 13.11357683 13.4877328  13.25178936 13.06019668
 13.14921376 13.18765883 13.27171288 13.20398091 13.23380802 13.22501201
 13.06428328 13.21362948 13.21499567 13.01088252 13.02564193 12.98879556
 13.3245549  12.97847492 13.17905045 13.15072241 13.0730635  13.06411345
 13.14345029 12.99843847 13.06326367 13.26698466 13.10526524 13.20231178
 13.08835257 13.12273527 13.05230312 13.20370301 13.29262323 13.01015571
 13.28445148 13.10462194 13.17702528 13.14557929 13.26120751 13.05540153
 13.08107921 12.93094723 12.99696208 13.14223074 13.2591842  13.02099095
 13.19699689 13.16207978 13.17673549 12.98468233 13.10397805 13.03380512
 13.07373471 13.07070955 13.05985519 13.11007204 13.44103759 13.37036504
 13.4086733  13.16827471 13.10943297 13.0916353  13.05608837 12.92213598
 13.37118062 13.44584374 13.22769104 13.31137191 12.97184175 13.04815288
 13.28734966 13.11674817 13.25153271 13.40340244 13.23354339 13.1670992
 13.26873126 13.17208089 13.02671134 12.93809319 13.45793173 13.15672382
 13.30975782 13.18794379 12.99991218 13.11674817 13.15881174 12.93373292
 13.16798102 13.00138334 13.17847245 13.08637593 13.01015571 13.15970459
 13.14100902 13.22420598 13.20730582 13.09294433 13.13270566 13.08703537
 13.19952004 13.16915504 13.04048645 13.13794528 13.06496224 13.0567746
 13.30674687 13.20730582 13.18394254 13.19643482 12.99214605 13.12680277
 13.03943529 13.00395159 13.34175763 13.19276924 12.94282554 13.04988487
 13.20259027 13.31595614 13.12430244 12.99622307 13.07239168 13.00211789
 13.21934721 13.2327487  13.30090763 13.2484435  13.10204297 13.10042647
 13.18765883 13.16415115 13.30744329 13.3587941  13.09294433 13.32589945
 13.20175441 13.00870005 13.203425   13.25307115 13.2166311  13.03097512
 13.18537446 13.2327487  13.2868677  13.29642636 13.22929279 12.93571751
 13.02849065 13.09848194 13.25409453 12.92695278 13.29142918 13.21198604
 13.22232106 13.35459149 13.17991641 13.15522845 13.11357683 13.36129783
 12.99733151 13.19361702 13.2489595  13.29023253 13.19418159 13.26297198
 13.00541548 13.20286866 12.93094723 13.17557491 13.12711468 13.15312937
 12.96534872 12.97222219 13.37199475 12.93472576 13.30674687 13.23907673
 13.16237609 12.97336233 13.07708202 13.06699562 13.21526853 13.11832859
 13.05471408 13.22312957 13.2868677  13.27909783 12.92935168 13.23802674
 13.23168744 13.19727777 13.24064824 13.25281506 13.06087924 13.21799064
 13.20063823 13.02099095 13.09522952 13.22393703 12.9245476  13.13270566
 13.00578114 13.22635303 13.00431775 13.11611501 13.35120242 12.96054317
 12.93809319 13.06019668 12.9638138  13.18049314 13.0916353  13.10333357
 13.147096   13.24507829 13.10847332 13.27541761 12.96150646 13.04467739
 13.09783262 13.29737289 12.95065746 13.57694854 12.96419783 13.11421221
 13.17615545 12.94772863 13.22902617 13.23539353 13.147096   13.16148677
 12.98804909 12.95454747 13.32589945 13.27072076 13.15162604 13.14830696
 13.05951352 13.18993517 13.08406325 13.15462936 13.18879801 13.299261
 13.04815288 12.98130211 13.03978582 13.21526853 13.11294087 13.20951269
 13.36461548 13.01883537 13.12367596 13.08933891 13.36046476 13.18537446
 13.22982578 13.25358304 12.95241004 12.9843074  12.94596667 12.92374439
 13.20647626 13.19220341 13.04363166 13.10526524 13.2461158  12.94577062
 13.19276924 13.22742368 12.92775303 13.09229008 13.13640831 12.93809319
 13.10462194 13.22259069 12.95454747 12.93888357 13.28007512 13.25766205
 13.02528503 13.20286866 13.18908248 13.2950033  13.04849952 13.25307115
 13.00211789 13.15372975 13.21608644 13.2166311  13.00979194 12.95182626
 12.960736   13.04013616 13.22312957 13.24741012 13.28251074 13.15582697
 13.203425   13.10462194 13.34175763 13.14162013 13.16148677 13.13115709
 13.18193265 13.22339889 13.16385562 12.949487   12.94203861 13.14223074
 13.30674687 13.12804958 13.05608837 13.06496224 13.29310009 12.97601715
 13.21581395 13.03415828 13.18135718 13.35205193 12.93373292 12.97374212
 13.00724186 13.19671591 13.27022402 12.94557455 12.94929177 13.2632236
 12.92935168 13.28007512 13.38403458 13.19559079 12.96515694 13.04502564
 12.95202087 12.93651002 13.08240688 13.23644821 13.03521646 13.17557491
 13.0949035  13.20675292 12.93254012 13.15312937 12.98505708 13.13425084
 13.08472471 12.94694585 12.95026746 12.92534999 13.06190201 13.0636037
 13.0345111  13.12929426 13.15910951 12.94203861 12.9638138  13.04676446
 13.01955462 12.949487   12.9843074  13.21444957 13.43195188 13.09815734
 13.06496224 12.98580611 13.18480208 12.96496529 12.93532088 13.28879304
 13.22635303 12.99880712 12.97412171 12.92374439 12.94635844 13.26422903
 13.22474344 13.33652773 12.95026746 13.00285181 13.12742647 13.08769427
 13.09294433 12.94361182 12.93967343 13.20398091 12.98730212 13.07104624
 13.15612603 13.217719   12.96208384 13.20896166 12.92133077 12.99028629
 13.0916353  12.95221546 12.94321878 13.06053812 13.16089326 12.949487
 13.14770177 12.97355223 13.10783284 13.33301007 12.96898321 12.95609864
 13.09097992 13.07037268 13.12867218 13.19643482 12.94302224 13.26773386
 13.44103759 12.93413021 13.12304897 12.95880678 13.12053536 13.22097112
 13.26422903 12.960736   12.9498774  12.99325993 12.92334256 13.21499567
 13.32049988 12.99843847 12.92294066 12.95454747 12.94203861 13.01305916
 13.12680277 12.94635844 13.28493556 13.35543496 13.18135718 13.21988895
 13.15342961 13.40942091 13.26272027 13.14648973 12.9526046  12.93054861
 13.19050295 12.93174415 12.95143686 13.23960106 12.95454747 12.93809319
 13.20453628 12.97979538 12.92895225 12.98243033 12.9345273  13.18708848
 13.10655019 13.21006317 12.95687331 13.22635303 12.96342971 13.27615563
 12.94792411 13.22420598 13.09945486 12.93094723 12.93293802 12.95065746
 12.99696208 13.28202448 13.00211789 13.09425104 12.96458165 13.22043027
 12.95104726 13.21061318 13.14466767 13.22955937 13.09880636 13.17557491
 13.11548133 13.10590801 13.00724186 13.2422156  13.50085054 12.92695278
 13.03380512 13.01739513 13.11674817 13.23644821 13.16267223 13.12430244
 12.969174   13.25639049 13.44924036 12.98130211 13.02242491 12.94400479
 13.08901027 13.30301723 13.31777844 12.94006799 13.27517143 12.93254012
 13.25307115 13.11452969 13.32768657 13.26372654 12.94831517 13.29831783
 12.92173347 13.18651763 12.93690604 13.0968575  12.98355707 13.43547117
 13.19615362 13.19333457 13.37845586 13.18993517 12.94439743 13.21033823
 12.95609864 13.28105067 13.28831236 13.52935968 13.26623445 12.96304543
 13.3020807  13.31366911 12.96419783 13.35205193 13.24585656 13.26823276
 13.29547806 13.30067271 13.30860183 13.10783284 13.50950519 13.27909783
 13.21934721 13.34088982 13.2692293  13.37805471 13.01739513 13.09945486
 13.3104502  13.21280826 13.31091128 13.04849952 12.96611513 13.14830696
 12.93611394 13.08373228 13.28299655 13.19839991 13.23644821 13.23433704
 12.94203861 13.44103759 12.94400479 13.05402602 13.07774966 13.31777844
 13.25307115 12.96764586 13.23221834 13.10975256 13.0259985 ] 665
glb= [13.09032394 13.22286022 13.0502307  13.03855818 13.04485146 13.01015571
 13.02706761 13.28638535 13.22097112 13.24351854 13.03521646 13.17003413
 13.13425084 13.203425   13.29642636 13.06496224 13.16296832 13.03203761
 13.05505783 13.24585656 13.01088252 13.02492808 13.18680314 13.21690328
 13.03592106 12.99991218 13.38005687 13.08074691 13.04432896 13.17991641
 13.19896025 13.28831236 13.06343369 13.03309866 13.14009135 13.03662517
 13.11007204 13.19924019 13.45793173 13.1180128  13.25715372 13.28299655
 13.19839991 13.26673471 13.10397805 13.10943297 13.10719177 13.24195465
 13.18993517 13.14557929 13.13022628 13.03486388 13.17412133 13.05195814
 13.09261729 13.18365583 13.17178894 13.0491925  13.34607358 12.99954397
 13.1882287  13.14436357 13.07841678 13.08472471 13.06868599 13.16768723
 13.19078671 13.18394254 13.28590249 13.28251074 13.30628216 13.2935765
 13.21280826 13.25867725 13.12273527 13.08901027 13.21635882 12.98468233
 13.04363166 13.11611501 12.92655242 13.13270566 12.99622307 12.93273915
 13.22688859 13.13239624 13.19530921 13.44379129 13.20259027 12.99251745
 13.0857159  13.1670992  13.38719146 13.22447476 12.99548314 13.04013616
 13.217719   13.26422903 13.11357683 13.4877328  13.25178936 13.06019668
 13.14921376 13.18765883 13.27171288 13.20398091 13.23380802 13.22501201
 13.06428328 13.21362948 13.21499567 13.01088252 13.02564193 12.98879556
 13.3245549  12.97847492 13.17905045 13.15072241 13.0730635  13.06411345
 13.14345029 12.99843847 13.06326367 13.26698466 13.10526524 13.20231178
 13.08835257 13.12273527 13.05230312 13.20370301 13.29262323 13.01015571
 13.28445148 13.10462194 13.17702528 13.14557929 13.26120751 13.05540153
 13.08107921 12.93094723 12.99696208 13.14223074 13.2591842  13.02099095
 13.19699689 13.16207978 13.17673549 12.98468233 13.10397805 13.03380512
 13.07373471 13.07070955 13.05985519 13.11007204 13.44103759 13.37036504
 13.4086733  13.16827471 13.10943297 13.0916353  13.05608837 12.92213598
 13.37118062 13.44584374 13.22769104 13.31137191 12.97184175 13.04815288
 13.28734966 13.11674817 13.25153271 13.40340244 13.23354339 13.1670992
 13.26873126 13.17208089 13.02671134 12.93809319 13.45793173 13.15672382
 13.30975782 13.18794379 12.99991218 13.11674817 13.15881174 12.93373292
 13.16798102 13.00138334 13.17847245 13.08637593 13.01015571 13.15970459
 13.14100902 13.22420598 13.20730582 13.09294433 13.13270566 13.08703537
 13.19952004 13.16915504 13.04048645 13.13794528 13.06496224 13.0567746
 13.30674687 13.20730582 13.18394254 13.19643482 12.99214605 13.12680277
 13.03943529 13.00395159 13.34175763 13.19276924 12.94282554 13.04988487
 13.20259027 13.31595614 13.12430244 12.99622307 13.07239168 13.00211789
 13.21934721 13.2327487  13.30090763 13.2484435  13.10204297 13.10042647
 13.18765883 13.16415115 13.30744329 13.3587941  13.09294433 13.32589945
 13.20175441 13.00870005 13.203425   13.25307115 13.2166311  13.03097512
 13.18537446 13.2327487  13.2868677  13.29642636 13.22929279 12.93571751
 13.02849065 13.09848194 13.25409453 12.92695278 13.29142918 13.21198604
 13.22232106 13.35459149 13.17991641 13.15522845 13.11357683 13.36129783
 12.99733151 13.19361702 13.2489595  13.29023253 13.19418159 13.26297198
 13.00541548 13.20286866 12.93094723 13.17557491 13.12711468 13.15312937
 12.96534872 12.97222219 13.37199475 12.93472576 13.30674687 13.23907673
 13.16237609 12.97336233 13.07708202 13.06699562 13.21526853 13.11832859
 13.05471408 13.22312957 13.2868677  13.27909783 12.92935168 13.23802674
 13.23168744 13.19727777 13.24064824 13.25281506 13.06087924 13.21799064
 13.20063823 13.02099095 13.09522952 13.22393703 12.9245476  13.13270566
 13.00578114 13.22635303 13.00431775 13.11611501 13.35120242 12.96054317
 12.93809319 13.06019668 12.9638138  13.18049314 13.0916353  13.10333357
 13.147096   13.24507829 13.10847332 13.27541761 12.96150646 13.04467739
 13.09783262 13.29737289 12.95065746 13.57694854 12.96419783 13.11421221
 13.17615545 12.94772863 13.22902617 13.23539353 13.147096   13.16148677
 12.98804909 12.95454747 13.32589945 13.27072076 13.15162604 13.14830696
 13.05951352 13.18993517 13.08406325 13.15462936 13.18879801 13.299261
 13.04815288 12.98130211 13.03978582 13.21526853 13.11294087 13.20951269
 13.36461548 13.01883537 13.12367596 13.08933891 13.36046476 13.18537446
 13.22982578 13.25358304 12.95241004 12.9843074  12.94596667 12.92374439
 13.20647626 13.19220341 13.04363166 13.10526524 13.2461158  12.94577062
 13.19276924 13.22742368 12.92775303 13.09229008 13.13640831 12.93809319
 13.10462194 13.22259069 12.95454747 12.93888357 13.28007512 13.25766205
 13.02528503 13.20286866 13.18908248 13.2950033  13.04849952 13.25307115
 13.00211789 13.15372975 13.21608644 13.2166311  13.00979194 12.95182626
 12.960736   13.04013616 13.22312957 13.24741012 13.28251074 13.15582697
 13.203425   13.10462194 13.34175763 13.14162013 13.16148677 13.13115709
 13.18193265 13.22339889 13.16385562 12.949487   12.94203861 13.14223074
 13.30674687 13.12804958 13.05608837 13.06496224 13.29310009 12.97601715
 13.21581395 13.03415828 13.18135718 13.35205193 12.93373292 12.97374212
 13.00724186 13.19671591 13.27022402 12.94557455 12.94929177 13.2632236
 12.92935168 13.28007512 13.38403458 13.19559079 12.96515694 13.04502564
 12.95202087 12.93651002 13.08240688 13.23644821 13.03521646 13.17557491
 13.0949035  13.20675292 12.93254012 13.15312937 12.98505708 13.13425084
 13.08472471 12.94694585 12.95026746 12.92534999 13.06190201 13.0636037
 13.0345111  13.12929426 13.15910951 12.94203861 12.9638138  13.04676446
 13.01955462 12.949487   12.9843074  13.21444957 13.43195188 13.09815734
 13.06496224 12.98580611 13.18480208 12.96496529 12.93532088 13.28879304
 13.22635303 12.99880712 12.97412171 12.92374439 12.94635844 13.26422903
 13.22474344 13.33652773 12.95026746 13.00285181 13.12742647 13.08769427
 13.09294433 12.94361182 12.93967343 13.20398091 12.98730212 13.07104624
 13.15612603 13.217719   12.96208384 13.20896166 12.92133077 12.99028629
 13.0916353  12.95221546 12.94321878 13.06053812 13.16089326 12.949487
 13.14770177 12.97355223 13.10783284 13.33301007 12.96898321 12.95609864
 13.09097992 13.07037268 13.12867218 13.19643482 12.94302224 13.26773386
 13.44103759 12.93413021 13.12304897 12.95880678 13.12053536 13.22097112
 13.26422903 12.960736   12.9498774  12.99325993 12.92334256 13.21499567
 13.32049988 12.99843847 12.92294066 12.95454747 12.94203861 13.01305916
 13.12680277 12.94635844 13.28493556 13.35543496 13.18135718 13.21988895
 13.15342961 13.40942091 13.26272027 13.14648973 12.9526046  12.93054861
 13.19050295 12.93174415 12.95143686 13.23960106 12.95454747 12.93809319
 13.20453628 12.97979538 12.92895225 12.98243033 12.9345273  13.18708848
 13.10655019 13.21006317 12.95687331 13.22635303 12.96342971 13.27615563
 12.94792411 13.22420598 13.09945486 12.93094723 12.93293802 12.95065746
 12.99696208 13.28202448 13.00211789 13.09425104 12.96458165 13.22043027
 12.95104726 13.21061318 13.14466767 13.22955937 13.09880636 13.17557491
 13.11548133 13.10590801 13.00724186 13.2422156  13.50085054 12.92695278
 13.03380512 13.01739513 13.11674817 13.23644821 13.16267223 13.12430244
 12.969174   13.25639049 13.44924036 12.98130211 13.02242491 12.94400479
 13.08901027 13.30301723 13.31777844 12.94006799 13.27517143 12.93254012
 13.25307115 13.11452969 13.32768657 13.26372654 12.94831517 13.29831783
 12.92173347 13.18651763 12.93690604 13.0968575  12.98355707 13.43547117
 13.19615362 13.19333457 13.37845586 13.18993517 12.94439743 13.21033823
 12.95609864 13.28105067 13.28831236 13.52935968 13.26623445 12.96304543
 13.3020807  13.31366911 12.96419783 13.35205193 13.24585656 13.26823276
 13.29547806 13.30067271 13.30860183 13.10783284 13.50950519 13.27909783
 13.21934721 13.34088982 13.2692293  13.37805471 13.01739513 13.09945486
 13.3104502  13.21280826 13.31091128 13.04849952 12.96611513 13.14830696
 12.93611394 13.08373228 13.28299655 13.19839991 13.23644821 13.23433704
 12.94203861 13.44103759 12.94400479 13.05402602 13.07774966 13.31777844
 13.25307115 12.96764586 13.23221834 13.10975256 13.0259985 ] 665
bidsort lists= 665 665
 665
SNAP 41
EPS 0.11281368138717446
galrad= 0.01
!!! agesel
Found 1190 stars.
Rotated pos.
Rotated vel.
Calculating circularities
dty= [12.87317514 12.87423482 13.0259985  ... 12.87761763 13.05126762
 12.893524  ] 1070
glb= [12.87317514 12.87423482 13.0259985  ... 12.87761763 13.05126762
 12.893524  ] 1070
bidsort lists= 1070 1070
 1070
SNAP 42
EPS 0.06807101057666314
galrad= 0.01
!!! agesel
Found 1605 stars.
Rotated pos.
Rotated vel.
Calculating circularities
dty= [12.81710843 12.83070509 13.11452969 ... 12.99843847 13.27022402
 12.81576125] 1442
glb= [12.81710843 12.83070509 13.11452969 ... 12.99843847 13.27022402
 12.81576125] 1442
bidsort lists= 1442 1442
 1442
SNAP 43
EPS 0.09484401165385427
galrad= 0.01
!!! agesel
Found 2168 stars.
Rotated pos.
Rotated vel.
Calculating circularities
dty= [12.72816627 13.07373471 12.72999477 ... 13.11484706 12.82826675
 13.19727777] 3914
glb= [12.72816627 13.07373471 12.72999477 ... 13.11484706 12.82826675
 13.19727777] 3914
bidsort lists= 3914 3914
 3914
SNAP 44
EPS 0.09878207766092093
galrad= 0.01
!!! agesel
Found 3170 stars.
Rotated pos.
Rotated vel.
Calculating circularities
dty= [12.70299807 12.85616976 13.11452969 ... 12.71885588 12.98054907
 12.67827901] 4985
glb= [12.70299807 12.85616976 13.11452969 ... 12.71885588 12.98054907
 12.67827901] 4985
bidsort lists= 4985 4985
 4985
SNAP 45
EPS 0.04425035806549539
galrad= 0.01
!!! agesel
Found 2445 stars.
Rotated pos.
Rotated vel.
Calculating circularities
dty= [12.61906786 12.58648285 13.01015571 ... 12.55655402 12.57667733
 12.5888193 ] 6762
glb= [12.61906786 12.58648285 13.01015571 ... 12.55655402 12.57667733
 12.5888193 ] 6762
bidsort lists= 6762 6762
 6762
SNAP 46
EPS 0.07543326654565846
galrad= 0.01
!!! agesel
Found 2129 stars.
Rotated pos.
Rotated vel.
Calculating circularities
dty= [13.13239624 12.60735482 12.49895909 ... 12.49660224 13.04849952
 13.08901027] 8479
glb= [13.13239624 12.60735482 12.49895909 ... 12.49660224 13.04849952
 13.08901027] 8479
bidsort lists= 8479 8479
 8479
SNAP 47
EPS 0.054656185551182845
galrad= 0.01
!!! agesel
Found 2988 stars.
Rotated pos.
Rotated vel.
Calculating circularities
dty= [13.13239624 12.37920313 12.94065964 ... 12.78659087 12.76133036
 12.40769232] 11365
glb= [13.13239624 12.37920313 12.94065964 ... 12.78659087 12.76133036
 12.40769232] 11365
bidsort lists= 11365 11365
 11365
SNAP 48
EPS 0.11706748693865955
galrad= 0.01
!!! agesel
Found 3056 stars.
Rotated pos.
Rotated vel.
Calculating circularities
dty= [13.13239624 12.49895909 12.25680257 ... 12.75468266 13.312292
 13.19727777] 14202
glb= [13.13239624 12.49895909 12.25680257 ... 12.75468266 13.312292
 13.19727777] 14202
bidsort lists= 14202 14202
 14202
SNAP 49
EPS 0.07444705645485533
galrad= 0.01
!!! agesel
Found 3161 stars.
Rotated pos.
Rotated vel.
Calculating circularities
dty= [12.33470577 12.25680257 13.13239624 ... 12.201875   12.88852974
 12.54296075] 17847
glb= [12.33470577 12.25680257 13.13239624 ... 12.201875   12.88852974
 12.54296075] 17847
bidsort lists= 17847 17847
 17847
SNAP 50
EPS 0.10843535712509084
galrad= 0.01
!!! agesel
Found 3478 stars.
Rotated pos.
Rotated vel.
Calculating circularities
dty= [12.26865258 12.25680257 12.26615162 ... 12.07510008 12.09815831
 12.68843282] 21792
glb= [12.26865258 12.25680257 12.26615162 ... 12.07510008 12.09815831
 12.68843282] 21792
bidsort lists= 21792 21792
 21792
SNAP 51
EPS 0.08190765754190235
galrad= 0.01
!!! agesel
Found 3625 stars.
Rotated pos.
Rotated vel.
Calculating circularities
dty= [12.25680257 11.99199112 12.0072113  ... 12.37205343 11.9218878
 12.73739916] 26504
glb= [12.25680257 11.99199112 12.0072113  ... 12.37205343 11.9218878
 12.73739916] 26504
bidsort lists= 26504 26504
 26504
SNAP 52
EPS 0.169899139915564
galrad= 0.01
!!! agesel
Found 3794 stars.
Rotated pos.
Rotated vel.
Calculating circularities
dty= [12.16326006 12.42316728 12.62361499 ... 12.37976401 12.78474018
 12.79945414] 31585
glb= [12.16326006 12.42316728 12.62361499 ... 12.37976401 12.78474018
 12.79945414] 31585
bidsort lists= 31585 31585
 31585
SNAP 53
EPS 0.16907909430239812
galrad= 0.01
!!! agesel
Found 3726 stars.
Rotated pos.
Rotated vel.
Calculating circularities
dty= [12.94065964 12.30266443 12.35455613 ... 12.88852974 12.22187085
 11.72433312] 37077
glb= [12.94065964 12.30266443 12.35455613 ... 12.88852974 12.22187085
 11.72433312] 37077
bidsort lists= 37077 37077
 37077
SNAP 54
EPS 0.17126756887645608
galrad= 0.01
!!! agesel
Found 3452 stars.
Rotated pos.
Rotated vel.
Calculating circularities
dty= [12.26865258 13.13239624 12.03836637 ... 11.48738932 11.57308734
 12.79945414] 42268
glb= [12.26865258 13.13239624 12.03836637 ... 11.48738932 11.57308734
 12.79945414] 42268
bidsort lists= 42268 42268
 42268
SNAP 55
EPS 0.2033196837253291
galrad= 0.01
!!! agesel
Found 3682 stars.
Rotated pos.
Rotated vel.
Calculating circularities
dty= [11.99199112 11.85296924 12.27853159 ... 12.67163094 12.70598849
 12.13816715] 47955
glb= [11.99199112 11.85296924 12.27853159 ... 12.67163094 12.70598849
 12.13816715] 47955
bidsort lists= 47955 47955
 47955
SNAP 56
EPS 0.2398159646530963
galrad= 0.01
!!! agesel
Found 3408 stars.
Rotated pos.
Rotated vel.
Calculating circularities
dty= [11.85296924 12.25680257 12.94065964 ... 13.03168359 11.46573331
 11.24611757] 53427
glb= [11.85296924 12.25680257 12.94065964 ... 13.03168359 11.46573331
 11.24611757] 53427
bidsort lists= 53427 53427
 53427
SNAP 57
EPS 0.2183992627260382
galrad= 0.01
!!! agesel
Found 3797 stars.
Rotated pos.
Rotated vel.
Calculating circularities
dty= [12.03836637 11.84294198 11.84250495 ... 12.38104512 12.48118237
 12.73933318] 58365
glb= [12.03836637 11.84294198 11.84250495 ... 12.38104512 12.48118237
 12.73933318] 58365
bidsort lists= 58365 58365
 58365
SNAP 58
EPS 0.19441113777130722
galrad= 0.01
!!! agesel
Found 4129 stars.
Rotated pos.
Rotated vel.
Calculating circularities
dty= [11.84294198 12.26701447 12.34720435 ... 12.40012875 12.94361182
 12.37848171] 64637
glb= [11.84294198 12.26701447 12.34720435 ... 12.40012875 12.94361182
 12.37848171] 64637
bidsort lists= 64637 64637
 64637
SNAP 59
EPS 0.22047228541093739
galrad= 0.01
!!! agesel
Found 4687 stars.
Rotated pos.
Rotated vel.
Calculating circularities
dty= [12.26701447 11.84250495 11.84294198 ... 12.5257667  11.91515613
 12.78843822] 71425
glb= [12.26701447 11.84250495 11.84294198 ... 12.5257667  11.91515613
 12.78843822] 71425
bidsort lists= 71425 71425
 71425
SNAP 60
EPS 0.2652890534687628
galrad= 0.01
!!! agesel
Found 5073 stars.
Rotated pos.
Rotated vel.
Calculating circularities
dty= [12.26701447 11.84294198 11.84250495 ... 11.85351272 11.88114651
 12.45103009] 79083
glb= [12.26701447 11.84294198 11.84250495 ... 11.85351272 11.88114651
 12.45103009] 79083
bidsort lists= 79083 79083
 79083
SNAP 61
EPS 0.29932676072358777
galrad= 0.01
!!! agesel
Found 5636 stars.
Rotated pos.
Rotated vel.
Calculating circularities
dty= [12.26701447 11.84250495 11.84294198 ... 11.64328131 11.66810164
 12.72278561] 87112
glb= [12.26701447 11.84250495 11.84294198 ... 11.64328131 11.66810164
 12.72278561] 87112
bidsort lists= 87112 87112
 87112
SNAP 62
EPS 0.3150217018445819
galrad= 0.01
!!! agesel
Found 4272 stars.
Rotated pos.
Rotated vel.
Calculating circularities
dty= [12.26701447 11.84294198 11.99199112 ... 12.46165852 11.43025834
 11.5947655 ] 92842
glb= [12.26701447 11.84294198 11.99199112 ... 12.46165852 11.43025834
 11.5947655 ] 92842
bidsort lists= 92842 92842
 92842
SNAP 63
EPS 0.34776880784776354
galrad= 0.01
!!! agesel
Found 4987 stars.
Rotated pos.
Rotated vel.
Calculating circularities
dty= [12.26701447 11.84294198 12.03836637 ... 13.08769427 12.30080841
 12.71688583] 100147
glb= [12.26701447 11.84294198 12.03836637 ... 13.08769427 12.30080841
 12.71688583] 100147
bidsort lists= 100147 100147
 100147
SNAP 64
EPS 0.38637872620260927
galrad= 0.01
!!! agesel
Found 4566 stars.
Rotated pos.
Rotated vel.
Calculating circularities
dty= [12.26701447 12.03836637 11.06842646 ... 12.79212306 13.01595237
 12.7828863 ] 106250
glb= [12.26701447 12.03836637 11.06842646 ... 12.79212306 13.01595237
 12.7828863 ] 106250
bidsort lists= 106250 106250
 106250
SNAP 65
EPS 0.42719390428049675
galrad= 0.01
!!! agesel
Found 3886 stars.
Rotated pos.
Rotated vel.
Calculating circularities
dty= [12.26701447 11.84294198 12.03836637 ... 11.67757434 10.75165607
 12.3552078 ]