loading halo 5 level 4
/eagle/projects/Auriga/Auriga/level4/Original/mergertrees/Au-5/trees_sf1_127
Hubble parameter= 0.6777
There are 420 trees in file /eagle/projects/Auriga/Auriga/level4/Original/mergertrees/Au-5/trees_sf1_127.0.hdf5
Loading desc (Descendant) for blockname /Tree0.
Loading fnum (FileNr) for blockname /Tree0.
Loading fhfg (FirstHaloInFOFGroup) for blockname /Tree0.
Loading fpin (FirstProgenitor) for blockname /Tree0.
Loading fmc2 (Group_M_Crit200) for blockname /Tree0.
Loading fmm2 (Group_M_Mean200) for blockname /Tree0.
Loading fmt2 (Group_M_TopHat200) for blockname /Tree0.
Loading frc2 (Group_R_Crit200) for blockname /Tree0.
Loading nhfg (NextHaloInFOFGroup) for blockname /Tree0.
Loading npin (NextProgenitor) for blockname /Tree0.
Loading snum (SnapNum) for blockname /Tree0.
Loading sbhm (SubhaloBHMass) for blockname /Tree0.
Loading sbhd (SubhaloBHMdot) for blockname /Tree0.
Loading sgmt (SubhaloGasMetallicity) for blockname /Tree0.
Loading sgmf (SubhaloGasMetallicitySfr) for blockname /Tree0.
Loading sgnr (SubhaloGrNr) for blockname /Tree0.
Loading shmt (SubhaloHalfmassRadType) for blockname /Tree0.
Key SubhaloIDMostBound not found in conversion table, skipping.
Loading slen (SubhaloLen) for blockname /Tree0.
Loading slty (SubhaloLenType) for blockname /Tree0.
Loading smit (SubhaloMassInRadType) for blockname /Tree0.
Loading smty (SubhaloMassType) for blockname /Tree0.
Loading sbnr (SubhaloNumber) for blockname /Tree0.
Loading soty (SubhaloOffsetType) for blockname /Tree0.
Loading spos (SubhaloPos) for blockname /Tree0.
Loading ssfr (SubhaloSFR) for blockname /Tree0.
Loading ssfi (SubhaloSFRinRad) for blockname /Tree0.
Loading sspi (SubhaloSpin) for blockname /Tree0.
Loading ssmt (SubhaloStarMetallicity) for blockname /Tree0.
Loading ssph (SubhaloStellarPhotometrics) for blockname /Tree0.
Loading svmx (SubhaloVMax) for blockname /Tree0.
Loading svel (SubhaloVel) for blockname /Tree0.
Loading svdi (SubhaloVelDisp) for blockname /Tree0.
galrad= 0.01
!!! agesel
Found 44 stars.
Rotated pos.
Rotated vel.
Calculating circularities
dty= [13.46642483 13.48590401 13.54394806 13.47282592 13.43617132 13.42265406
 13.59178133 13.52559781 13.49791409 13.42265406 13.56965237 13.4182899
 13.413879   13.5563744  13.44516079] 15
glb= [13.46642483 13.48590401 13.54394806 13.47282592 13.43617132 13.42265406
 13.59178133 13.52559781 13.49791409 13.42265406 13.56965237 13.4182899
 13.413879   13.5563744  13.44516079] 15
bidsort lists= 15 15
 15
SNAP 30
EPS 0.1367964362664446
galrad= 0.01
!!! agesel
Found 63 stars.
Rotated pos.
Rotated vel.
Calculating circularities
dty= [13.60890972 13.45859202 13.45059055 13.59430716 13.42840116 13.48159871
 13.47973713 13.50950519 13.46707008 13.41682482 13.51682166 13.413879
 13.48955191 13.39883224] 14
glb= [13.60890972 13.45859202 13.45059055 13.59430716 13.42840116 13.48159871
 13.47973713 13.50950519 13.46707008 13.41682482 13.51682166 13.413879
 13.48955191 13.39883224] 14
bidsort lists= 14 14
 14
SNAP 31
EPS 0.11507439406738544
galrad= 0.01
!!! agesel
Found 92 stars.
Rotated pos.
Rotated vel.
Calculating circularities
dty= [13.36544123 13.42840116 13.37382122 13.59430716 13.45859202 13.35837551
 13.3608815  13.35416915 13.407174   13.3788566  13.37361862 13.47973713
 13.37523672 13.46707008 13.52014201 13.47535473 13.41682482 13.42047781
 13.36749922 13.42982519 13.48955191 13.47027916 13.36790971] 23
glb= [13.36544123 13.42840116 13.37382122 13.59430716 13.45859202 13.35837551
 13.3608815  13.35416915 13.407174   13.3788566  13.37361862 13.47973713
 13.37523672 13.46707008 13.52014201 13.47535473 13.41682482 13.42047781
 13.36749922 13.42982519 13.48955191 13.47027916 13.36790971] 23
bidsort lists= 23 23
 23
SNAP 32
EPS 0.00655917047873029
galrad= 0.01
!!! agesel
Found 116 stars.
Rotated pos.
Rotated vel.
Calculating circularities
dty= [13.42840116 13.33565063 13.37382122 13.32589945 13.59430716 13.3608815
 13.36544123 13.407174   13.31458514 13.35837551 13.33740324 13.45859202
 13.35416915 13.37845586 13.65574899 13.33652773 13.3788566  13.33124184
 13.32835511 13.46707008 13.32365659 13.46122152 13.41682482 13.3338918
 13.47973713 13.47535473 13.33565063 13.33433212 13.31641229 13.35035141
 13.35543496 13.37361862 13.43826425 13.36708837 13.33124184 13.42047781
 13.32049988 13.37321317 13.32813234 13.32500349 13.46771415 13.33301007
 13.45327667 13.39071629 13.3934384  13.451936   13.49850347 13.35627701] 48
glb= [13.42840116 13.33565063 13.37382122 13.32589945 13.59430716 13.3608815
 13.36544123 13.407174   13.31458514 13.35837551 13.33740324 13.45859202
 13.35416915 13.37845586 13.65574899 13.33652773 13.3788566  13.33124184
 13.32835511 13.46707008 13.32365659 13.46122152 13.41682482 13.3338918
 13.47973713 13.47535473 13.33565063 13.33433212 13.31641229 13.35035141
 13.35543496 13.37361862 13.43826425 13.36708837 13.33124184 13.42047781
 13.32049988 13.37321317 13.32813234 13.32500349 13.46771415 13.33301007
 13.45327667 13.39071629 13.3934384  13.451936   13.49850347 13.35627701] 48
bidsort lists= 48 48
 48
SNAP 33
EPS -0.0064487301965956
galrad= 0.01
!!! agesel
Found 139 stars.
Rotated pos.
Rotated vel.
Calculating circularities
dty= [13.31458514 13.407174   13.47535473 13.33652773 13.47973713 13.33433212
 13.33958529 13.28541925 13.32589945 13.31641229 13.30581695 13.37382122
 13.31504254 13.30906453 13.52014201 13.58491271 13.36544123 13.27738349
 13.33565063 13.30581695 13.27418541 13.30628216 13.65574899 13.45859202
 13.31549956 13.35416915 13.30067271 13.3608815  13.28734966 13.60890972
 13.42840116 13.58708016 13.35837551 13.36212949 13.29095086 13.28566092
 13.47219095 13.41682482 13.3587941  13.29618944 13.34907203 13.42047781
 13.30114246 13.33740324 13.32813234 13.59430716 13.33124184 13.35035141
 13.46122152 13.29831783 13.32835511 13.30581695 13.35900329 13.34305646
 13.32365659 13.37361862 13.35374646 13.35543496 13.35247617 13.34305646
 13.45059055 13.46771415 13.29071149 13.3934384  13.43336334 13.28927328] 66
glb= [13.31458514 13.407174   13.47535473 13.33652773 13.47973713 13.33433212
 13.33958529 13.28541925 13.32589945 13.31641229 13.30581695 13.37382122
 13.31504254 13.30906453 13.52014201 13.58491271 13.36544123 13.27738349
 13.33565063 13.30581695 13.27418541 13.30628216 13.65574899 13.45859202
 13.31549956 13.35416915 13.30067271 13.3608815  13.28734966 13.60890972
 13.42840116 13.58708016 13.35837551 13.36212949 13.29095086 13.28566092
 13.47219095 13.41682482 13.3587941  13.29618944 13.34907203 13.42047781
 13.30114246 13.33740324 13.32813234 13.59430716 13.33124184 13.35035141
 13.46122152 13.29831783 13.32835511 13.30581695 13.35900329 13.34305646
 13.32365659 13.37361862 13.35374646 13.35543496 13.35247617 13.34305646
 13.45059055 13.46771415 13.29071149 13.3934384  13.43336334 13.28927328] 66
bidsort lists= 66 66
 66
SNAP 34
EPS -0.05448787064770108
galrad= 0.01
!!! agesel
Found 133 stars.
Rotated pos.
Rotated vel.
Calculating circularities
dty= [13.31458514 13.407174   13.32589945 13.47535473 13.52014201 13.37382122
 13.47973713 13.35837551 13.45859202 13.28541925 13.36544123 13.30628216
 13.30581695 13.27418541 13.27738349 13.33565063 13.26523262 13.31914099
 13.65574899 13.26573373 13.60890972 13.41682482 13.30114246 13.35416915
 13.46707008 13.33652773 13.28566092 13.59430716 13.2484435  13.34907203
 13.42840116 13.48955191 13.26448009 13.29618944 13.312292   13.2950033
 13.24689273 13.33958529 13.24870155 13.3608815  13.29095086 13.33740324
 13.31641229 13.31504254 13.37361862 13.32813234 13.30581695 13.46122152
 13.31549956 13.50950519 13.24481859 13.33433212 13.35900329 13.29831783
 13.30067271 13.42047781 13.3587941  13.3507771  13.30581695 13.47219095
 13.28007512 13.24637488 13.42982519 13.58491271 13.30906453 13.28734966
 13.25358304 13.32902276 13.28007512 13.36212949 13.26972689 13.26120751
 13.25867725 13.41091222 13.30161177 13.37523672 13.24947503 13.47027916
 13.29689984 13.25969068 13.2632236  13.45327667 13.36872964 13.25613581
 13.25358304 13.53148838 13.36295961 13.53042591 13.30488539] 89
glb= [13.31458514 13.407174   13.32589945 13.47535473 13.52014201 13.37382122
 13.47973713 13.35837551 13.45859202 13.28541925 13.36544123 13.30628216
 13.30581695 13.27418541 13.27738349 13.33565063 13.26523262 13.31914099
 13.65574899 13.26573373 13.60890972 13.41682482 13.30114246 13.35416915
 13.46707008 13.33652773 13.28566092 13.59430716 13.2484435  13.34907203
 13.42840116 13.48955191 13.26448009 13.29618944 13.312292   13.2950033
 13.24689273 13.33958529 13.24870155 13.3608815  13.29095086 13.33740324
 13.31641229 13.31504254 13.37361862 13.32813234 13.30581695 13.46122152
 13.31549956 13.50950519 13.24481859 13.33433212 13.35900329 13.29831783
 13.30067271 13.42047781 13.3587941  13.3507771  13.30581695 13.47219095
 13.28007512 13.24637488 13.42982519 13.58491271 13.30906453 13.28734966
 13.25358304 13.32902276 13.28007512 13.36212949 13.26972689 13.26120751
 13.25867725 13.41091222 13.30161177 13.37523672 13.24947503 13.47027916
 13.29689984 13.25969068 13.2632236  13.45327667 13.36872964 13.25613581
 13.25358304 13.53148838 13.36295961 13.53042591 13.30488539] 89
bidsort lists= 89 89
 89
SNAP 35
EPS 0.06522837116446197
galrad= 0.01
!!! agesel
Found 148 stars.
Rotated pos.
Rotated vel.
Calculating circularities
dty= [13.52014201 13.47973713 13.407174   13.23115613 13.31458514 13.20536842
 13.37382122 13.47535473 13.30628216 13.20147554 13.36544123 13.22151143
 13.19559079 13.34907203 13.33652773 13.35837551 13.28541925 13.26573373
 13.41682482 13.26523262 13.20035887 13.42840116 13.20619949 13.31914099
 13.46707008 13.33958529 13.30581695 13.26448009 13.32589945 13.2484435
 13.60890972 13.31641229 13.19305196 13.27418541 13.19474561 13.31504254
 13.33565063 13.30114246 13.2950033  13.65574899 13.19050295 13.27738349
 13.20259027 13.19361702 13.59430716 13.35416915 13.45859202 13.19050295
 13.24870155 13.22259069 13.29737289 13.29618944 13.312292   13.24689273
 13.22742368 13.28566092 13.29095086 13.24195465 13.33740324 13.20675292
 13.30581695 13.48955191 13.20730582 13.50950519 13.20398091 13.42982519
 13.31549956 13.20841022 13.36295961 13.30721127 13.32813234 13.24481859
 13.31137191 13.30581695 13.27566376 13.42047781 13.3608815  13.58491271
 13.29831783 13.46122152 13.3104502  13.35900329 13.20951269 13.39071629
 13.25358304 13.19276924 13.31549956 13.33433212 13.35035141 13.20007941
 13.30067271 13.3934384  13.32049988 13.28007512 13.32902276 13.24637488
 13.20119656 13.23907673 13.3507771  13.3587941  13.22097112 13.30906453
 13.37321317 13.21061318 13.5519643  13.20370301 13.36212949 13.28007512
 13.26972689 13.28007512 13.26120751 13.25867725 13.30161177 13.37280736
 13.47027916 13.20286866 13.19305196 13.43826425 13.51682166 13.37523672
 13.42265406 13.49256227 13.22259069 13.28007512 13.43687023 13.33212675
 13.49613962 13.41091222 13.21608644 13.22474344 13.20730582 13.23750102
 13.20730582 13.2279583  13.21499567] 135
glb= [13.52014201 13.47973713 13.407174   13.23115613 13.31458514 13.20536842
 13.37382122 13.47535473 13.30628216 13.20147554 13.36544123 13.22151143
 13.19559079 13.34907203 13.33652773 13.35837551 13.28541925 13.26573373
 13.41682482 13.26523262 13.20035887 13.42840116 13.20619949 13.31914099
 13.46707008 13.33958529 13.30581695 13.26448009 13.32589945 13.2484435
 13.60890972 13.31641229 13.19305196 13.27418541 13.19474561 13.31504254
 13.33565063 13.30114246 13.2950033  13.65574899 13.19050295 13.27738349
 13.20259027 13.19361702 13.59430716 13.35416915 13.45859202 13.19050295
 13.24870155 13.22259069 13.29737289 13.29618944 13.312292   13.24689273
 13.22742368 13.28566092 13.29095086 13.24195465 13.33740324 13.20675292
 13.30581695 13.48955191 13.20730582 13.50950519 13.20398091 13.42982519
 13.31549956 13.20841022 13.36295961 13.30721127 13.32813234 13.24481859
 13.31137191 13.30581695 13.27566376 13.42047781 13.3608815  13.58491271
 13.29831783 13.46122152 13.3104502  13.35900329 13.20951269 13.39071629
 13.25358304 13.19276924 13.31549956 13.33433212 13.35035141 13.20007941
 13.30067271 13.3934384  13.32049988 13.28007512 13.32902276 13.24637488
 13.20119656 13.23907673 13.3507771  13.3587941  13.22097112 13.30906453
 13.37321317 13.21061318 13.5519643  13.20370301 13.36212949 13.28007512
 13.26972689 13.28007512 13.26120751 13.25867725 13.30161177 13.37280736
 13.47027916 13.20286866 13.19305196 13.43826425 13.51682166 13.37523672
 13.42265406 13.49256227 13.22259069 13.28007512 13.43687023 13.33212675
 13.49613962 13.41091222 13.21608644 13.22474344 13.20730582 13.23750102
 13.20730582 13.2279583  13.21499567] 135
bidsort lists= 135 135
 135
SNAP 36
EPS 0.022210170652392322
galrad= 0.01
!!! agesel
Found 186 stars.
Rotated pos.
Rotated vel.
Calculating circularities
dty= [13.52014201 13.31458514 13.407174   13.18308191 13.47973713 13.47535473
 13.18451569 13.20147554 13.30628216 13.23115613 13.15672382 13.36544123
 13.20536842 13.19559079 13.37382122 13.1448197  13.18222012 13.20035887
 13.33652773 13.31641229 13.28541925 13.42840116 13.16059627 13.14466767
 13.34907203 13.30581695 13.26523262 13.22259069 13.46707008 13.20619949
 13.60890972 13.41682482 13.26573373 13.30114246 13.33565063 13.59430716
 13.26448009 13.32589945 13.15761943 13.22151143 13.19474561 13.31914099
 13.20259027 13.33958529 13.19361702 13.27418541 13.35416915 13.15642498
 13.24689273 13.22366805 13.35837551 13.29618944 13.65574899 13.2950033
 13.27738349 13.29737289 13.312292   13.18537446 13.24870155 13.20675292
 13.2484435  13.17933925 13.37361862 13.28566092 13.19305196 13.20730582
 13.18020483 13.14345029 13.17876153 13.26120751 13.20398091 13.14466767
 13.32185518 13.37523672 13.3338918  13.3608815  13.19050295 13.22742368
 13.33740324 13.18078128 13.14588295 13.50950519 13.24481859 13.19050295
 13.31504254 13.17673549 13.29095086 13.30581695 13.16237609 13.15282895
 13.29831783 13.15761943 13.45859202 13.15057173 13.14497172 13.58491271
 13.31549956 13.22043027 13.20841022 13.16621614 13.48955191 13.24195465
 13.42047781 13.30067271 13.46122152 13.14830696 13.20951269 13.24637488
 13.30581695 13.30906453 13.35035141 13.17266454 13.20007941 13.25358304
 13.31137191 13.3934384  13.39071629 13.14679292 13.33433212 13.3104502
 13.26120751 13.25867725 13.36749922 13.17557491 13.42982519 13.20119656
 13.23907673 13.15072241 13.27566376 13.32813234 13.30721127 13.15881174
 13.14253581 13.19276924 13.28007512 13.18020483 13.15342961 13.36212949
 13.51064182 13.26347512 13.44241689 13.3587941  13.36708837 13.17441235
 13.22097112 13.37280736 13.36544123 13.28007512 13.31549956 13.36295961
 13.16267223 13.3507771  13.35900329 13.14588295 13.32589945 13.17383027
 13.32049988 13.16739327 13.5519643  13.20286866 13.14345029 13.43965338
 13.20370301 13.43826425 13.34305646 13.48159871 13.20841022 13.36790971
 13.28927328 13.23009209 13.37321317 13.16029918 13.21608644 13.49256227
 13.23802674 13.16562682 13.14405923 13.37925706 13.38244773 13.15732105
 13.49850347 13.32946736 13.36872964 13.24585656 13.26623445 13.62698254
 13.15672382 13.30860183 13.16029918 13.45327667 13.15432962 13.28975313
 13.17441235 13.20619949] 194
glb= [13.52014201 13.31458514 13.407174   13.18308191 13.47973713 13.47535473
 13.18451569 13.20147554 13.30628216 13.23115613 13.15672382 13.36544123
 13.20536842 13.19559079 13.37382122 13.1448197  13.18222012 13.20035887
 13.33652773 13.31641229 13.28541925 13.42840116 13.16059627 13.14466767
 13.34907203 13.30581695 13.26523262 13.22259069 13.46707008 13.20619949
 13.60890972 13.41682482 13.26573373 13.30114246 13.33565063 13.59430716
 13.26448009 13.32589945 13.15761943 13.22151143 13.19474561 13.31914099
 13.20259027 13.33958529 13.19361702 13.27418541 13.35416915 13.15642498
 13.24689273 13.22366805 13.35837551 13.29618944 13.65574899 13.2950033
 13.27738349 13.29737289 13.312292   13.18537446 13.24870155 13.20675292
 13.2484435  13.17933925 13.37361862 13.28566092 13.19305196 13.20730582
 13.18020483 13.14345029 13.17876153 13.26120751 13.20398091 13.14466767
 13.32185518 13.37523672 13.3338918  13.3608815  13.19050295 13.22742368
 13.33740324 13.18078128 13.14588295 13.50950519 13.24481859 13.19050295
 13.31504254 13.17673549 13.29095086 13.30581695 13.16237609 13.15282895
 13.29831783 13.15761943 13.45859202 13.15057173 13.14497172 13.58491271
 13.31549956 13.22043027 13.20841022 13.16621614 13.48955191 13.24195465
 13.42047781 13.30067271 13.46122152 13.14830696 13.20951269 13.24637488
 13.30581695 13.30906453 13.35035141 13.17266454 13.20007941 13.25358304
 13.31137191 13.3934384  13.39071629 13.14679292 13.33433212 13.3104502
 13.26120751 13.25867725 13.36749922 13.17557491 13.42982519 13.20119656
 13.23907673 13.15072241 13.27566376 13.32813234 13.30721127 13.15881174
 13.14253581 13.19276924 13.28007512 13.18020483 13.15342961 13.36212949
 13.51064182 13.26347512 13.44241689 13.3587941  13.36708837 13.17441235
 13.22097112 13.37280736 13.36544123 13.28007512 13.31549956 13.36295961
 13.16267223 13.3507771  13.35900329 13.14588295 13.32589945 13.17383027
 13.32049988 13.16739327 13.5519643  13.20286866 13.14345029 13.43965338
 13.20370301 13.43826425 13.34305646 13.48159871 13.20841022 13.36790971
 13.28927328 13.23009209 13.37321317 13.16029918 13.21608644 13.49256227
 13.23802674 13.16562682 13.14405923 13.37925706 13.38244773 13.15732105
 13.49850347 13.32946736 13.36872964 13.24585656 13.26623445 13.62698254
 13.15672382 13.30860183 13.16029918 13.45327667 13.15432962 13.28975313
 13.17441235 13.20619949] 194
bidsort lists= 194 194
 194
SNAP 37
EPS 0.01931748056067721
galrad= 0.01
!!! agesel
Found 102 stars.
Rotated pos.
Rotated vel.
Calculating circularities
dty= [13.28202448 13.19276924 13.36954804 13.14648973 13.3587941  13.44103759
 13.15672382 13.47973713 13.11927522 13.30161177 13.18250756 13.17557491
 13.41461743 13.44924036 13.1261785  13.30813875 13.10783284 13.27909783
 13.18250756 13.13115709 13.15372975 13.10397805 13.17149676 13.16974123
 13.10204297 13.21116264 13.12053536 13.13610049 13.2632236  13.30488539
 13.14223074 13.0971827  13.37765321 13.25153271 13.11230432 13.2692293
 13.27171288 13.10847332 13.22849244 13.48529225 13.47786564 13.25101897
 13.36461548 13.17673549 13.10783284 13.12116456 13.1579177  13.21390292
 13.24169361 13.41091222 13.26019677 13.16739327 13.48283426 13.10975256
 13.16267223 13.14588295 13.24999016 13.29831783 13.17266454 13.19952004
 13.40491507 13.31777844 13.1916371  13.33565063 13.10719177 13.11102959
 13.10783284 13.37036504 13.23750102 13.09620676 13.10911327 13.39575824
 13.20398091 13.32049988 13.10333357 13.1348679  13.38005687 13.12367596
 13.11738075 13.12991576 13.39149574 13.16267223] 82
glb= [13.28202448 13.19276924 13.36954804 13.14648973 13.3587941  13.44103759
 13.15672382 13.47973713 13.11927522 13.30161177 13.18250756 13.17557491
 13.41461743 13.44924036 13.1261785  13.30813875 13.10783284 13.27909783
 13.18250756 13.13115709 13.15372975 13.10397805 13.17149676 13.16974123
 13.10204297 13.21116264 13.12053536 13.13610049 13.2632236  13.30488539
 13.14223074 13.0971827  13.37765321 13.25153271 13.11230432 13.2692293
 13.27171288 13.10847332 13.22849244 13.48529225 13.47786564 13.25101897
 13.36461548 13.17673549 13.10783284 13.12116456 13.1579177  13.21390292
 13.24169361 13.41091222 13.26019677 13.16739327 13.48283426 13.10975256
 13.16267223 13.14588295 13.24999016 13.29831783 13.17266454 13.19952004
 13.40491507 13.31777844 13.1916371  13.33565063 13.10719177 13.11102959
 13.10783284 13.37036504 13.23750102 13.09620676 13.10911327 13.39575824
 13.20398091 13.32049988 13.10333357 13.1348679  13.38005687 13.12367596
 13.11738075 13.12991576 13.39149574 13.16267223] 82
bidsort lists= 82 82
 82
SNAP 38
EPS 0.005549535803890846
galrad= 0.01
!!! agesel
Found 131 stars.
Rotated pos.
Rotated vel.
Calculating circularities
dty= [13.14648973 13.41461743 13.27909783 13.47973713 13.13115709 13.3587941
 13.19276924 13.05917165 13.10783284 13.11927522 13.44103759 13.06665711
 13.36954804 13.10397805 13.10204297 13.09196274 13.15672382 13.28202448
 13.16974123 13.18250756 13.07440538 13.17557491 13.05985519 13.11230432
 13.06053812 13.30488539 13.06326367 13.05333734 13.0491925  13.06631848
 13.08966737 13.37765321 13.15372975 13.2692293  13.2422156  13.06053812
 13.44924036 13.0971827  13.16267223 13.08008191 13.1579177  13.25153271
 13.30161177 13.05161297 13.08174338 13.25101897 13.10847332 13.14223074
 13.12053536 13.04572157 13.05780274 13.06462282 13.21390292 13.08373228
 13.05746021 13.27171288 13.04606939 13.24169361 13.06156132 13.08933891
 13.48529225 13.10783284 13.1261785  13.04745891 13.14588295 13.09294433
 13.36461548 13.17266454 13.07407013 13.30813875 13.16739327 13.18250756
 13.2632236  13.12116456 13.06156132 13.41091222 13.29831783 13.3848259
 13.26019677 13.13610049 13.11927522 13.17673549 13.25816991 13.06224266
 13.48283426 13.10783284 13.29831783 13.47786564 13.37036504 13.21717529
 13.10975256 13.21116264 13.0536817  13.05126762 13.05264805 13.45990914
 13.22043027 13.31412732 13.40491507 13.05264805 13.28975313 13.36544123
 13.40942091 13.48529225 13.37523672 13.23539353 13.06087924 13.16029918
 13.07841678 13.08240688] 110
glb= [13.14648973 13.41461743 13.27909783 13.47973713 13.13115709 13.3587941
 13.19276924 13.05917165 13.10783284 13.11927522 13.44103759 13.06665711
 13.36954804 13.10397805 13.10204297 13.09196274 13.15672382 13.28202448
 13.16974123 13.18250756 13.07440538 13.17557491 13.05985519 13.11230432
 13.06053812 13.30488539 13.06326367 13.05333734 13.0491925  13.06631848
 13.08966737 13.37765321 13.15372975 13.2692293  13.2422156  13.06053812
 13.44924036 13.0971827  13.16267223 13.08008191 13.1579177  13.25153271
 13.30161177 13.05161297 13.08174338 13.25101897 13.10847332 13.14223074
 13.12053536 13.04572157 13.05780274 13.06462282 13.21390292 13.08373228
 13.05746021 13.27171288 13.04606939 13.24169361 13.06156132 13.08933891
 13.48529225 13.10783284 13.1261785  13.04745891 13.14588295 13.09294433
 13.36461548 13.17266454 13.07407013 13.30813875 13.16739327 13.18250756
 13.2632236  13.12116456 13.06156132 13.41091222 13.29831783 13.3848259
 13.26019677 13.13610049 13.11927522 13.17673549 13.25816991 13.06224266
 13.48283426 13.10783284 13.29831783 13.47786564 13.37036504 13.21717529
 13.10975256 13.21116264 13.0536817  13.05126762 13.05264805 13.45990914
 13.22043027 13.31412732 13.40491507 13.05264805 13.28975313 13.36544123
 13.40942091 13.48529225 13.37523672 13.23539353 13.06087924 13.16029918
 13.07841678 13.08240688] 110
bidsort lists= 110 110
 110
SNAP 39
EPS -0.022926282503069897
galrad= 0.01
!!! agesel
Found 142 stars.
Rotated pos.
Rotated vel.
Calculating circularities
dty= [13.14648973 13.41461743 13.00175071 13.02134973 13.17557491 13.01991388
 13.19276924 13.3587941  13.47973713 13.18250756 13.10397805 13.05917165
 13.30488539 13.44103759 13.06326367 13.0491925  13.36954804 13.06665711
 13.08966737 13.06053812 13.15672382 13.27909783 13.11230432 13.25101897
 13.28202448 13.30161177 13.06631848 13.36461548 13.10783284 13.10204297
 13.2422156  13.15372975 13.02635501 13.10847332 13.11927522 13.13115709
 13.00468385 13.06053812 13.16739327 13.08933891 13.02920137 13.12116456
 13.2692293  13.41091222 13.2632236  13.04745891 13.37765321 13.26019677
 13.00942813 13.08008191 12.98655437 13.30813875 13.1261785  13.09196274
 13.05985519 13.05161297 13.03521646 13.17149676 13.06462282 13.05333734
 13.07440538 13.0076067  13.04606939 13.18250756 13.09294433 13.01631328
 13.48529225 13.17673549 13.02421375 13.10975256 13.44924036 13.04572157
 13.1579177  13.03097512 13.02706761 13.14223074 13.02242491 13.16974123
 13.17266454 13.03556885 13.11927522 13.41091222 13.13363313 13.07407013
 13.16267223 13.05746021 12.9910307  13.02242491 13.08174338 13.14588295
 13.21116264 12.99177432 13.24169361 13.05780274 13.12053536 13.33827724
 12.99028629 13.29831783 13.06156132 13.21390292 13.0971827  13.49613962
 13.54948368 13.06156132 13.33565063 13.10783284 13.25153271 12.9910307
 13.22043027 13.48529225 13.50434011 13.13610049 12.99622307 13.43406721
 13.06224266 13.29831783 13.32679381 13.02099095 13.30674687 13.3848259
 13.24689273 13.38954446 13.37845586 13.07641369 13.29452817 13.32049988
 13.256645   13.42409848 13.05264805 13.00504976 13.11357683 13.28202448
 12.99843847 13.09880636 12.98655437 13.01775541 13.27909783 13.11102959
 13.25511606 13.25511606 12.99843847 13.12367596 13.27909783 13.06496224
 13.312292  ] 145
glb= [13.14648973 13.41461743 13.00175071 13.02134973 13.17557491 13.01991388
 13.19276924 13.3587941  13.47973713 13.18250756 13.10397805 13.05917165
 13.30488539 13.44103759 13.06326367 13.0491925  13.36954804 13.06665711
 13.08966737 13.06053812 13.15672382 13.27909783 13.11230432 13.25101897
 13.28202448 13.30161177 13.06631848 13.36461548 13.10783284 13.10204297
 13.2422156  13.15372975 13.02635501 13.10847332 13.11927522 13.13115709
 13.00468385 13.06053812 13.16739327 13.08933891 13.02920137 13.12116456
 13.2692293  13.41091222 13.2632236  13.04745891 13.37765321 13.26019677
 13.00942813 13.08008191 12.98655437 13.30813875 13.1261785  13.09196274
 13.05985519 13.05161297 13.03521646 13.17149676 13.06462282 13.05333734
 13.07440538 13.0076067  13.04606939 13.18250756 13.09294433 13.01631328
 13.48529225 13.17673549 13.02421375 13.10975256 13.44924036 13.04572157
 13.1579177  13.03097512 13.02706761 13.14223074 13.02242491 13.16974123
 13.17266454 13.03556885 13.11927522 13.41091222 13.13363313 13.07407013
 13.16267223 13.05746021 12.9910307  13.02242491 13.08174338 13.14588295
 13.21116264 12.99177432 13.24169361 13.05780274 13.12053536 13.33827724
 12.99028629 13.29831783 13.06156132 13.21390292 13.0971827  13.49613962
 13.54948368 13.06156132 13.33565063 13.10783284 13.25153271 12.9910307
 13.22043027 13.48529225 13.50434011 13.13610049 12.99622307 13.43406721
 13.06224266 13.29831783 13.32679381 13.02099095 13.30674687 13.3848259
 13.24689273 13.38954446 13.37845586 13.07641369 13.29452817 13.32049988
 13.256645   13.42409848 13.05264805 13.00504976 13.11357683 13.28202448
 12.99843847 13.09880636 12.98655437 13.01775541 13.27909783 13.11102959
 13.25511606 13.25511606 12.99843847 13.12367596 13.27909783 13.06496224
 13.312292  ] 145
bidsort lists= 145 145
 145
SNAP 40
EPS 0.08658547991763402
galrad= 0.01
!!! agesel
Found 158 stars.
Rotated pos.
Rotated vel.
Calculating circularities
dty= [13.11548133 13.05333734 13.06462282 13.0453737  13.10397805 13.147096
 13.01811563 13.06868599 13.07104624 13.09425104 13.06394355 13.17673549
 12.9703183  13.11579823 13.06224266 13.08107921 13.06969844 13.13425084
 13.03486388 12.97069939 13.0345111  12.95221546 13.07003562 13.01088252
 12.92294066 13.09294433 12.9638138  13.21988895 13.10075007 13.06868599
 12.93690604 13.04363166 13.02884611 12.94518238 13.00942813 13.06258311
 13.05643151 13.07641369 13.06699562 13.04328279 12.92855276 12.97222219
 13.0747405  12.92374439 13.02813514 13.07875009 13.06834821 13.06902366
 12.95764718 12.94753299 13.0949035  13.03486388 13.02099095 12.92213598
 12.99917572 13.05402602 12.94203861 13.05402602 13.01378344 13.08240688
 12.98954124 13.06224266 13.08769427 13.05333734 13.00211789 13.05917165
 12.969174   13.16503694 13.05505783 13.05814521 13.02955645 13.04013616
 13.11230432 13.0112457  13.06496224 13.00285181 13.09880636 13.05195814
 13.0345111  13.00942813 13.06530155 12.98280611 12.98730212 13.04432896
 12.97450111 13.01522998 12.96764586 13.04502564 13.02528503 13.06868599
 13.11102959 13.06969844 12.99843847 13.04258464 13.07774966 12.94753299
 13.06834821 13.20175441 12.98543162 13.17208089 12.94675016 13.08174338
 13.11230432 12.95996474 12.94753299 13.3214038  12.96227627 12.93174415
 13.03239144 12.97222219 12.9245476  12.93571751 13.20951269 12.93730201
 12.95532345 13.19615362 13.0857159  13.20175441 12.94753299 12.9245476
 13.0949035  13.08835257 13.09229008 13.03662517 12.93888357 13.07037268
 12.94831517 12.99548314 13.24999016 13.16798102 12.96227627 13.24064824
 12.97298248 12.96841033] 134
glb= [13.11548133 13.05333734 13.06462282 13.0453737  13.10397805 13.147096
 13.01811563 13.06868599 13.07104624 13.09425104 13.06394355 13.17673549
 12.9703183  13.11579823 13.06224266 13.08107921 13.06969844 13.13425084
 13.03486388 12.97069939 13.0345111  12.95221546 13.07003562 13.01088252
 12.92294066 13.09294433 12.9638138  13.21988895 13.10075007 13.06868599
 12.93690604 13.04363166 13.02884611 12.94518238 13.00942813 13.06258311
 13.05643151 13.07641369 13.06699562 13.04328279 12.92855276 12.97222219
 13.0747405  12.92374439 13.02813514 13.07875009 13.06834821 13.06902366
 12.95764718 12.94753299 13.0949035  13.03486388 13.02099095 12.92213598
 12.99917572 13.05402602 12.94203861 13.05402602 13.01378344 13.08240688
 12.98954124 13.06224266 13.08769427 13.05333734 13.00211789 13.05917165
 12.969174   13.16503694 13.05505783 13.05814521 13.02955645 13.04013616
 13.11230432 13.0112457  13.06496224 13.00285181 13.09880636 13.05195814
 13.0345111  13.00942813 13.06530155 12.98280611 12.98730212 13.04432896
 12.97450111 13.01522998 12.96764586 13.04502564 13.02528503 13.06868599
 13.11102959 13.06969844 12.99843847 13.04258464 13.07774966 12.94753299
 13.06834821 13.20175441 12.98543162 13.17208089 12.94675016 13.08174338
 13.11230432 12.95996474 12.94753299 13.3214038  12.96227627 12.93174415
 13.03239144 12.97222219 12.9245476  12.93571751 13.20951269 12.93730201
 12.95532345 13.19615362 13.0857159  13.20175441 12.94753299 12.9245476
 13.0949035  13.08835257 13.09229008 13.03662517 12.93888357 13.07037268
 12.94831517 12.99548314 13.24999016 13.16798102 12.96227627 13.24064824
 12.97298248 12.96841033] 134
bidsort lists= 134 134
 134
SNAP 41
EPS 0.01476538447568318
galrad= 0.01
!!! agesel
Found 230 stars.
Rotated pos.
Rotated vel.
Calculating circularities
dty= [12.90794057 13.147096   13.0453737  12.9703183  13.05333734 12.90055412
 12.893524   13.09425104 12.90875765 13.01811563 13.17673549 13.10397805
 12.91364499 13.11548133 13.00248502 12.95221546 12.92374439 13.05643151
 13.21988895 13.01088252 13.09294433 13.06969844 13.05402602 13.13425084
 13.03486388 13.06462282 13.08107921 13.11579823 12.91971805 13.06868599
 12.9009661  12.86998934 13.34949891 13.10075007 12.90794057 13.07641369
 12.95764718 13.04328279 13.02884611 13.06394355 12.90384416 13.06258311
 12.93690604 13.00541548 12.97069939 13.07875009 12.94753299 13.03486388
 12.9638138  12.92855276 13.06699562 13.00942813 13.07003562 13.05402602
 13.07104624 12.91567381 12.89683884 13.0949035  12.98954124 13.06834821
 12.90384416 12.90507498 13.0112457  12.92213598 13.06224266 13.05814521
 13.05333734 13.06868599 12.92294066 13.0345111  12.87465824 12.87803967
 12.8860226  13.06224266 13.05917165 12.99843847 12.88266956 12.9009661
 12.87719538 13.00211789 13.0259985  13.02813514 13.02099095 13.05195814
 12.92815292 12.91405114 12.86572531 13.16503694 13.0345111  12.91242563
 12.94518238 12.98280611 13.06834821 13.06631848 12.92052474 12.99917572
 12.89019741 12.969174   12.93492419 13.05505783 12.89725238 12.95454747
 12.86615246 12.88518548 13.11484706 12.8801469  12.97450111 13.0949035
 13.17208089 12.98505708 12.91364499 13.09880636 13.03521646 13.02170831
 13.11611501 13.09294433 12.88852974 13.06868599 13.11230432 12.98655437
 13.2868677  12.9638138  13.04988487 12.960736   13.17324768 12.99917572
 12.94831517 12.89186222 12.89144629 13.06564066 13.26523262 13.04641702
 13.17557491 12.869138   13.00138334 12.96227627 12.87719538 13.10847332
 12.87930454 12.88182941 13.11738075 12.97979538 13.14466767 13.04153619
 12.86743311 12.87761763 13.09555543 12.99028629 12.99474271 13.1373309
 12.869138   12.88098857 13.14100902 13.13115709 12.88434752 13.10975256
 12.8801469  13.14284077 12.87677307 13.14951576 13.03592106 13.13301497
 13.04988487 12.86828597 13.01811563 12.87677307 12.9009661  13.08240688
 12.91810251 12.893524  ] 170
glb= [12.90794057 13.147096   13.0453737  12.9703183  13.05333734 12.90055412
 12.893524   13.09425104 12.90875765 13.01811563 13.17673549 13.10397805
 12.91364499 13.11548133 13.00248502 12.95221546 12.92374439 13.05643151
 13.21988895 13.01088252 13.09294433 13.06969844 13.05402602 13.13425084
 13.03486388 13.06462282 13.08107921 13.11579823 12.91971805 13.06868599
 12.9009661  12.86998934 13.34949891 13.10075007 12.90794057 13.07641369
 12.95764718 13.04328279 13.02884611 13.06394355 12.90384416 13.06258311
 12.93690604 13.00541548 12.97069939 13.07875009 12.94753299 13.03486388
 12.9638138  12.92855276 13.06699562 13.00942813 13.07003562 13.05402602
 13.07104624 12.91567381 12.89683884 13.0949035  12.98954124 13.06834821
 12.90384416 12.90507498 13.0112457  12.92213598 13.06224266 13.05814521
 13.05333734 13.06868599 12.92294066 13.0345111  12.87465824 12.87803967
 12.8860226  13.06224266 13.05917165 12.99843847 12.88266956 12.9009661
 12.87719538 13.00211789 13.0259985  13.02813514 13.02099095 13.05195814
 12.92815292 12.91405114 12.86572531 13.16503694 13.0345111  12.91242563
 12.94518238 12.98280611 13.06834821 13.06631848 12.92052474 12.99917572
 12.89019741 12.969174   12.93492419 13.05505783 12.89725238 12.95454747
 12.86615246 12.88518548 13.11484706 12.8801469  12.97450111 13.0949035
 13.17208089 12.98505708 12.91364499 13.09880636 13.03521646 13.02170831
 13.11611501 13.09294433 12.88852974 13.06868599 13.11230432 12.98655437
 13.2868677  12.9638138  13.04988487 12.960736   13.17324768 12.99917572
 12.94831517 12.89186222 12.89144629 13.06564066 13.26523262 13.04641702
 13.17557491 12.869138   13.00138334 12.96227627 12.87719538 13.10847332
 12.87930454 12.88182941 13.11738075 12.97979538 13.14466767 13.04153619
 12.86743311 12.87761763 13.09555543 12.99028629 12.99474271 13.1373309
 12.869138   12.88098857 13.14100902 13.13115709 12.88434752 13.10975256
 12.8801469  13.14284077 12.87677307 13.14951576 13.03592106 13.13301497
 13.04988487 12.86828597 13.01811563 12.87677307 12.9009661  13.08240688
 12.91810251 12.893524  ] 170
bidsort lists= 170 170
 170
SNAP 42
EPS 0.049033119346805876
galrad= 0.01
!!! agesel
Found 245 stars.
Rotated pos.
Rotated vel.
Calculating circularities
dty= [13.00248502 12.83886363 12.83622483 12.79808349 12.7999106  12.893524
 12.85065167 12.90794057 13.147096   13.05333734 12.80718691 13.11548133
 13.34949891 12.84717353 12.92855276 12.91364499 12.8592937  13.13425084
 12.92374439 13.03486388 12.90875765 13.17673549 13.0453737  12.93492419
 12.94753299 12.9703183  13.08107921 12.81845398 12.80718691 12.95764718
 12.83622483 12.90055412 12.90794057 13.06224266 13.11579823 12.81035418
 12.90384416 13.10075007 12.81080589 13.0112457  12.90507498 13.10397805
 13.01811563 12.9009661  12.83842421 13.09294433 12.87719538 13.0949035
 13.09425104 12.82381821 12.84499345 13.00541548 13.06834821 13.03486388
 12.95454747 12.95221546 13.07875009 12.92052474 13.21988895 12.98954124
 12.82470942 13.06868599 13.05402602 13.06969844 12.93492419 12.8331376
 12.83666516 13.05333734 12.82024524 13.11230432 12.869138   12.79854059
 12.91971805 13.31504254 13.05402602 13.04328279 12.8860226  12.86998934
 12.82247979 13.00942813 12.89683884 12.97069939 13.16503694 12.85714035
 13.17324768 13.07003562 12.93690604 13.17557491 12.98505708 13.07574484
 13.06258311 12.89725238 13.01088252 13.02099095 12.85021768 13.07641369
 12.82203322 13.08637593 13.0968575  12.96227627 13.02884611 12.9638138
 12.81755721 13.05643151 12.98280611 13.00942813 13.06631848 13.11325888
 13.00285181 12.84891415 12.99917572 12.83622483 12.80763998 13.0949035
 13.05505783 12.92294066 13.05814521 12.92213598 12.87803967 13.05917165
 12.99843847 12.84499345 12.94753299 13.26723452 12.81508683 12.969174
 13.09880636 12.91567381 12.82247979 12.79533678 12.87465824 13.00211789
 12.88518548 13.02170831 13.11484706 13.06564066 12.86615246 12.86572531
 13.10526524 12.86487022 12.85886333 12.8510856  13.11548133 13.03521646
 12.88266956 12.81306121 12.99917572 12.90384416 13.00797134 12.92815292
 13.16444656 13.04641702 12.9009661  13.06834821 12.82559993 12.99917572
 13.04153619 12.97979538 12.83534368 13.06902366 13.15851386 13.0259985
 13.15910951 13.08373228 13.06868599 12.81170867 12.90014209 13.04988487
 12.84804426 12.84412005 12.82470942 12.8099024  12.88182941 13.09294433
 12.91405114 12.98655437 13.09945486 13.2868677  12.81755721 13.02955645
 13.17208089 12.82737852 12.81306121 13.11611501 13.11102959 13.06496224
 13.12147902 12.8801469  12.91364499 12.83886363 13.11611501 13.01378344
 12.82113958 12.81486205 13.00797134 12.90834914 13.10847332 12.92213598
 13.01883537 12.9245476  12.79808349 13.04432896 13.05814521 13.02528503
 12.9009661  12.89186222 12.89683884 12.94753299 13.1373309  13.04223534
 12.99548314 13.02955645 12.92534999 13.09425104 13.05746021 13.13978513
 12.90507498 13.41424838 12.92534999 12.80446439 12.79945414 12.81665958
 12.80854548 13.08373228 13.20175441 13.0035851  13.3214038  13.19276924
 12.94831517 13.04572157 13.40491507 12.79854059 12.82292614 12.96227627
 12.97298248 13.01450709 12.98954124 12.83622483] 238
glb= [13.00248502 12.83886363 12.83622483 12.79808349 12.7999106  12.893524
 12.85065167 12.90794057 13.147096   13.05333734 12.80718691 13.11548133
 13.34949891 12.84717353 12.92855276 12.91364499 12.8592937  13.13425084
 12.92374439 13.03486388 12.90875765 13.17673549 13.0453737  12.93492419
 12.94753299 12.9703183  13.08107921 12.81845398 12.80718691 12.95764718
 12.83622483 12.90055412 12.90794057 13.06224266 13.11579823 12.81035418
 12.90384416 13.10075007 12.81080589 13.0112457  12.90507498 13.10397805
 13.01811563 12.9009661  12.83842421 13.09294433 12.87719538 13.0949035
 13.09425104 12.82381821 12.84499345 13.00541548 13.06834821 13.03486388
 12.95454747 12.95221546 13.07875009 12.92052474 13.21988895 12.98954124
 12.82470942 13.06868599 13.05402602 13.06969844 12.93492419 12.8331376
 12.83666516 13.05333734 12.82024524 13.11230432 12.869138   12.79854059
 12.91971805 13.31504254 13.05402602 13.04328279 12.8860226  12.86998934
 12.82247979 13.00942813 12.89683884 12.97069939 13.16503694 12.85714035
 13.17324768 13.07003562 12.93690604 13.17557491 12.98505708 13.07574484
 13.06258311 12.89725238 13.01088252 13.02099095 12.85021768 13.07641369
 12.82203322 13.08637593 13.0968575  12.96227627 13.02884611 12.9638138
 12.81755721 13.05643151 12.98280611 13.00942813 13.06631848 13.11325888
 13.00285181 12.84891415 12.99917572 12.83622483 12.80763998 13.0949035
 13.05505783 12.92294066 13.05814521 12.92213598 12.87803967 13.05917165
 12.99843847 12.84499345 12.94753299 13.26723452 12.81508683 12.969174
 13.09880636 12.91567381 12.82247979 12.79533678 12.87465824 13.00211789
 12.88518548 13.02170831 13.11484706 13.06564066 12.86615246 12.86572531
 13.10526524 12.86487022 12.85886333 12.8510856  13.11548133 13.03521646
 12.88266956 12.81306121 12.99917572 12.90384416 13.00797134 12.92815292
 13.16444656 13.04641702 12.9009661  13.06834821 12.82559993 12.99917572
 13.04153619 12.97979538 12.83534368 13.06902366 13.15851386 13.0259985
 13.15910951 13.08373228 13.06868599 12.81170867 12.90014209 13.04988487
 12.84804426 12.84412005 12.82470942 12.8099024  12.88182941 13.09294433
 12.91405114 12.98655437 13.09945486 13.2868677  12.81755721 13.02955645
 13.17208089 12.82737852 12.81306121 13.11611501 13.11102959 13.06496224
 13.12147902 12.8801469  12.91364499 12.83886363 13.11611501 13.01378344
 12.82113958 12.81486205 13.00797134 12.90834914 13.10847332 12.92213598
 13.01883537 12.9245476  12.79808349 13.04432896 13.05814521 13.02528503
 12.9009661  12.89186222 12.89683884 12.94753299 13.1373309  13.04223534
 12.99548314 13.02955645 12.92534999 13.09425104 13.05746021 13.13978513
 12.90507498 13.41424838 12.92534999 12.80446439 12.79945414 12.81665958
 12.80854548 13.08373228 13.20175441 13.0035851  13.3214038  13.19276924
 12.94831517 13.04572157 13.40491507 12.79854059 12.82292614 12.96227627
 12.97298248 13.01450709 12.98954124 12.83622483] 238
bidsort lists= 238 238
 238
SNAP 43
EPS 0.09105828553682647
galrad= 0.01
!!! agesel
Found 292 stars.
Rotated pos.
Rotated vel.
Calculating circularities
dty= [12.7999106  12.80718691 13.11548133 12.73594645 13.00248502 12.79808349
 13.01811563 13.09425104 12.90875765 13.06462282 12.81845398 12.893524
 13.05643151 13.11579823 12.83886363 13.147096   13.0453737  12.90507498
 13.08107921 13.17673549 12.90794057 12.9703183  12.83622483 13.05333734
 12.85714035 12.84717353 12.94518238 13.17557491 12.9638138  13.06969844
 13.07641369 13.06258311 13.07104624 12.90055412 13.03486388 12.85065167
 13.1555278  12.72376575 12.85021768 12.92294066 12.90794057 12.78797664
 13.13425084 12.95221546 12.98505708 13.04328279 12.7651106  13.06224266
 13.0345111  12.91364499 12.81080589 12.95764718 13.06394355 13.01088252
 13.05402602 12.86572531 12.84499345 12.97069939 12.92374439 13.07003562
 12.94753299 13.09294433 13.0747405  12.74319081 12.87761763 12.84804426
 12.84891415 12.92855276 13.06699562 12.82203322 12.95454747 12.82247979
 12.97979538 12.93690604 13.06868599 12.76605368 12.8592937  12.80718691
 13.21988895 12.73981613 13.0112457  12.83622483 13.0949035  12.77497076
 12.8331376  13.02813514 12.99028629 13.10397805 12.74511459 12.79854059
 12.91971805 12.88852974 12.74943055 13.06868599 13.0345111  13.06224266
 12.86998934 13.10075007 12.74415307 13.04363166 13.03486388 13.06868599
 13.00211789 12.92133077 12.81306121 13.09555543 13.05402602 13.0259985
 13.02884611 12.81755721 12.93492419 13.06902366 13.09880636 12.969174
 12.90384416 12.71983962 12.98954124 12.7608568  13.05195814 13.07875009
 12.9009661  12.8099024  12.99843847 12.99917572 13.34949891 12.8860226
 12.72229512 13.05814521 12.74511459 12.9009661  12.87719538 13.04988487
 12.82247979 13.11102959 12.92052474 12.72816627 12.77590506 12.90014209
 12.88266956 12.75325277 12.72474515 12.83842421 12.84978333 13.11484706
 12.76605368 12.82381821 12.85886333 13.41424838 12.76887763 12.82470942
 12.73643096 12.91567381 12.82024524 12.91161179 12.75848629 12.87803967
 13.06631848 13.05333734 13.0949035  12.87465824 13.08240688 13.02955645
 12.83798473 12.82559993 12.97450111 12.81508683 13.00942813 12.81080589
 12.94831517 12.83666516 12.72718987 13.01522998 13.17208089 12.82737852
 12.92213598 13.06834821 13.05917165 12.73643096 12.89683884 12.94203861
 13.05505783 12.869138   12.7257238  12.79533678 12.98655437 12.73546187
 13.19615362 12.74847288 13.08769427 12.8801469  12.8040098  13.00541548
 12.75038747 12.75848629 12.98730212 13.16503694 12.75086545 13.17324768
 12.81035418 12.83534368 12.83886363 12.76981734 13.11548133 13.08174338
 12.91729366 12.76934759 12.81306121 12.85886333 12.89725238 12.92815292
 12.87381105 13.02099095 12.83622483 12.73933318 13.06087924 13.11102959
 13.31504254 12.98280611 12.96150646 13.0968575  12.93492419 12.84412005
 12.78056444 13.07574484 12.88518548 13.10139678 13.11325888 13.00797134
 12.733521   12.93492419 13.04502564 12.74463394 13.08637593 13.0035851
 12.97222219 12.99917572 12.76699572 12.84499345 12.8510856  13.07774966
 12.80763998 12.94753299 12.81170867 13.2868677  13.04780592 13.03521646
 13.05057648 12.78705296 12.91405114 13.02170831 12.75086545 12.75277575
 13.00285181 12.77263148 13.09750772 13.00942813 12.98543162 12.74703495
 13.04153619 13.06496224 12.90384416 12.88182941 13.04780592 12.94753299
 12.81755721 12.89186222 13.26723452 12.86615246 13.0857159  13.10462194
 12.73836662 12.71639279 12.74511459 13.01450709 13.01847553 12.76038317
 12.9245476  12.86529779 13.08373228 12.86487022 12.80446439 12.73449188
 13.06834821 12.8099024  13.06564066 13.20951269 12.73109026 13.03662517
 12.73546187 12.96227627 12.82470942 13.40491507 13.20175441 13.10526524
 13.06969844 12.737883   13.15910951 12.71491233 12.85238626 12.71589953
 12.96764586 13.09945486 13.04223534 13.24999016 12.72082247 13.06530155
 12.82559993 12.82559993 13.04641702 12.74511459 13.09294433 12.94675016
 13.02528503 13.05746021 12.75372957 12.86058338 12.72180441 13.34348858
 12.84586615 12.81035418 13.01378344 12.72816627 12.73157685 12.91323879
 12.71441839 12.72082247 13.05814521 12.74319081 12.97222219 12.846738
 12.81486205 12.9245476  12.72914178 12.82959743 12.76369455 12.81665958
 13.08835257 12.95143686 13.27220826 12.95532345 13.11738075 12.94753299
 13.24325817 12.91648415 13.00797134 12.95299355 12.72523451 12.93571751
 12.99843847 12.71491233 12.82113958 12.72131348 12.72767826 12.88518548
 12.93730201 12.7369151  12.73060343 13.11611501 12.79762617 12.81665958
 13.03239144 12.84324595 13.11166725 12.78195812 12.74029885 12.74703495
 12.8510856  12.82915413 13.15312937 12.73546187 12.85455001 12.77637203
 12.87338722 12.87338722 12.90834914 12.82113958 12.72523451 12.84586615
 12.89766571 12.86230037 12.8640143  12.93888357 12.74126363 13.11864427
 12.88769481 12.72082247 12.86315768 12.8801469  12.85541415 12.7267014
 12.92294066 12.91648415 12.88769481 12.96841033 13.11927522 13.08240688
 12.8801469  12.90178928 12.77450328 12.8960113  12.73157685 13.14039733
 12.91971805 13.09359798 13.47880265 12.92855276 12.73546187 12.74222767
 12.79762617 12.94282554 13.37604367 12.78474018 13.02955645 12.84149536
 13.04293388 12.86657955 13.12804958 13.45227164 12.8960113  13.0035851
 12.9009661  13.08373228 13.26120751 13.25153271] 424
glb= [12.7999106  12.80718691 13.11548133 12.73594645 13.00248502 12.79808349
 13.01811563 13.09425104 12.90875765 13.06462282 12.81845398 12.893524
 13.05643151 13.11579823 12.83886363 13.147096   13.0453737  12.90507498
 13.08107921 13.17673549 12.90794057 12.9703183  12.83622483 13.05333734
 12.85714035 12.84717353 12.94518238 13.17557491 12.9638138  13.06969844
 13.07641369 13.06258311 13.07104624 12.90055412 13.03486388 12.85065167
 13.1555278  12.72376575 12.85021768 12.92294066 12.90794057 12.78797664
 13.13425084 12.95221546 12.98505708 13.04328279 12.7651106  13.06224266
 13.0345111  12.91364499 12.81080589 12.95764718 13.06394355 13.01088252
 13.05402602 12.86572531 12.84499345 12.97069939 12.92374439 13.07003562
 12.94753299 13.09294433 13.0747405  12.74319081 12.87761763 12.84804426
 12.84891415 12.92855276 13.06699562 12.82203322 12.95454747 12.82247979
 12.97979538 12.93690604 13.06868599 12.76605368 12.8592937  12.80718691
 13.21988895 12.73981613 13.0112457  12.83622483 13.0949035  12.77497076
 12.8331376  13.02813514 12.99028629 13.10397805 12.74511459 12.79854059
 12.91971805 12.88852974 12.74943055 13.06868599 13.0345111  13.06224266
 12.86998934 13.10075007 12.74415307 13.04363166 13.03486388 13.06868599
 13.00211789 12.92133077 12.81306121 13.09555543 13.05402602 13.0259985
 13.02884611 12.81755721 12.93492419 13.06902366 13.09880636 12.969174
 12.90384416 12.71983962 12.98954124 12.7608568  13.05195814 13.07875009
 12.9009661  12.8099024  12.99843847 12.99917572 13.34949891 12.8860226
 12.72229512 13.05814521 12.74511459 12.9009661  12.87719538 13.04988487
 12.82247979 13.11102959 12.92052474 12.72816627 12.77590506 12.90014209
 12.88266956 12.75325277 12.72474515 12.83842421 12.84978333 13.11484706
 12.76605368 12.82381821 12.85886333 13.41424838 12.76887763 12.82470942
 12.73643096 12.91567381 12.82024524 12.91161179 12.75848629 12.87803967
 13.06631848 13.05333734 13.0949035  12.87465824 13.08240688 13.02955645
 12.83798473 12.82559993 12.97450111 12.81508683 13.00942813 12.81080589
 12.94831517 12.83666516 12.72718987 13.01522998 13.17208089 12.82737852
 12.92213598 13.06834821 13.05917165 12.73643096 12.89683884 12.94203861
 13.05505783 12.869138   12.7257238  12.79533678 12.98655437 12.73546187
 13.19615362 12.74847288 13.08769427 12.8801469  12.8040098  13.00541548
 12.75038747 12.75848629 12.98730212 13.16503694 12.75086545 13.17324768
 12.81035418 12.83534368 12.83886363 12.76981734 13.11548133 13.08174338
 12.91729366 12.76934759 12.81306121 12.85886333 12.89725238 12.92815292
 12.87381105 13.02099095 12.83622483 12.73933318 13.06087924 13.11102959
 13.31504254 12.98280611 12.96150646 13.0968575  12.93492419 12.84412005
 12.78056444 13.07574484 12.88518548 13.10139678 13.11325888 13.00797134
 12.733521   12.93492419 13.04502564 12.74463394 13.08637593 13.0035851
 12.97222219 12.99917572 12.76699572 12.84499345 12.8510856  13.07774966
 12.80763998 12.94753299 12.81170867 13.2868677  13.04780592 13.03521646
 13.05057648 12.78705296 12.91405114 13.02170831 12.75086545 12.75277575
 13.00285181 12.77263148 13.09750772 13.00942813 12.98543162 12.74703495
 13.04153619 13.06496224 12.90384416 12.88182941 13.04780592 12.94753299
 12.81755721 12.89186222 13.26723452 12.86615246 13.0857159  13.10462194
 12.73836662 12.71639279 12.74511459 13.01450709 13.01847553 12.76038317
 12.9245476  12.86529779 13.08373228 12.86487022 12.80446439 12.73449188
 13.06834821 12.8099024  13.06564066 13.20951269 12.73109026 13.03662517
 12.73546187 12.96227627 12.82470942 13.40491507 13.20175441 13.10526524
 13.06969844 12.737883   13.15910951 12.71491233 12.85238626 12.71589953
 12.96764586 13.09945486 13.04223534 13.24999016 12.72082247 13.06530155
 12.82559993 12.82559993 13.04641702 12.74511459 13.09294433 12.94675016
 13.02528503 13.05746021 12.75372957 12.86058338 12.72180441 13.34348858
 12.84586615 12.81035418 13.01378344 12.72816627 12.73157685 12.91323879
 12.71441839 12.72082247 13.05814521 12.74319081 12.97222219 12.846738
 12.81486205 12.9245476  12.72914178 12.82959743 12.76369455 12.81665958
 13.08835257 12.95143686 13.27220826 12.95532345 13.11738075 12.94753299
 13.24325817 12.91648415 13.00797134 12.95299355 12.72523451 12.93571751
 12.99843847 12.71491233 12.82113958 12.72131348 12.72767826 12.88518548
 12.93730201 12.7369151  12.73060343 13.11611501 12.79762617 12.81665958
 13.03239144 12.84324595 13.11166725 12.78195812 12.74029885 12.74703495
 12.8510856  12.82915413 13.15312937 12.73546187 12.85455001 12.77637203
 12.87338722 12.87338722 12.90834914 12.82113958 12.72523451 12.84586615
 12.89766571 12.86230037 12.8640143  12.93888357 12.74126363 13.11864427
 12.88769481 12.72082247 12.86315768 12.8801469  12.85541415 12.7267014
 12.92294066 12.91648415 12.88769481 12.96841033 13.11927522 13.08240688
 12.8801469  12.90178928 12.77450328 12.8960113  12.73157685 13.14039733
 12.91971805 13.09359798 13.47880265 12.92855276 12.73546187 12.74222767
 12.79762617 12.94282554 13.37604367 12.78474018 13.02955645 12.84149536
 13.04293388 12.86657955 13.12804958 13.45227164 12.8960113  13.0035851
 12.9009661  13.08373228 13.26120751 13.25153271] 424
bidsort lists= 424 424
 424
SNAP 44
EPS 0.14078770526581885
galrad= 0.01
!!! agesel
Found 336 stars.
Rotated pos.
Rotated vel.
Calculating circularities
dty= [13.00248502 12.79808349 12.83622483 12.83886363 13.147096   12.90794057
 12.73594645 12.7651106  12.85065167 12.73981613 12.9703183  12.78797664
 12.7999106  12.94753299 12.81845398 13.05333734 13.09294433 12.8592937
 13.07875009 12.90055412 13.11548133 12.90875765 12.6383424  13.01811563
 13.21988895 13.08107921 13.03486388 12.86998934 12.84717353 12.76605368
 12.82203322 13.0453737  12.80718691 13.00541548 12.90507498 13.11579823
 12.893524   12.92374439 12.69849781 13.09425104 12.82470942 12.75325277
 12.72376575 13.07641369 12.92855276 12.85021768 13.00942813 12.81508683
 13.06462282 13.05333734 12.98655437 12.74943055 13.17673549 12.98954124
 12.74319081 12.79533678 12.9638138  13.0259985  12.76887763 13.10397805
 12.77497076 12.80718691 13.06258311 12.83622483 12.81080589 12.90384416
 13.05402602 12.65510379 12.85714035 13.06834821 12.64465557 12.97222219
 13.13425084 13.00211789 12.95221546 12.63886965 12.98505708 13.05643151
 12.95764718 13.06224266 12.92294066 12.7608568  12.90794057 13.06969844
 12.9009661  12.93492419 13.04328279 13.03486388 13.16503694 12.81306121
 12.95454747 12.94518238 12.79854059 13.0112457  12.8331376  12.72474515
 12.98280611 13.01088252 12.89683884 12.82247979 12.74511459 12.67009142
 13.17557491 12.85886333 13.34949891 12.81035418 13.07003562 13.02099095
 12.74511459 12.76605368 12.74415307 13.07104624 12.84891415 12.90384416
 12.72718987 13.10075007 12.86572531 12.91971805 12.81755721 12.82247979
 12.72229512 12.77590506 12.82559993 12.97069939 12.99917572 12.8860226
 12.91364499 13.02884611 13.06224266 13.09880636 12.87465824 13.05402602
 13.06868599 13.08769427 13.0949035  12.92052474 12.84499345 12.82381821
 13.10139678 12.65510379 13.05917165 13.06631848 12.83842421 12.85886333
 13.04780592 12.7257238  13.06868599 13.04988487 13.06902366 12.99917572
 12.87803967 12.87381105 13.07774966 12.92213598 13.05505783 13.08240688
 12.92133077 12.78056444 12.90014209 12.92815292 12.82024524 13.0345111
 12.67265628 13.2868677  12.75848629 12.69598981 12.94203861 12.86615246
 12.91729366 13.06699562 13.05814521 13.08174338 13.05195814 12.733521
 12.91405114 13.03521646 12.969174   13.0949035  12.87719538 12.75086545
 12.74463394 12.93690604 13.06496224 13.11230432 12.73643096 12.72816627
 12.82559993 12.83534368 12.73546187 13.01522998 12.84412005 13.06969844
 12.83666516 12.81306121 12.97450111 12.80763998 13.02955645 12.8801469
 12.87761763 12.9009661  12.6680355  12.91567381 12.73933318 12.96150646
 12.98730212 12.70399584 13.06834821 12.67009142 13.04432896 13.04258464
 12.84978333 12.89725238 12.73546187 13.04013616 13.11325888 13.04502564
 13.08637593 13.11102959 12.97979538 12.82737852 12.94753299 12.94831517
 12.83622483 12.83798473 13.04223534 12.869138   12.92695278 12.74847288
 12.68742155 12.99843847 12.93492419 12.76981734 12.81755721 12.75038747
 13.17208089 12.67725873 12.9245476  12.70946732 12.83886363 12.98543162
 12.68235129 12.78705296 13.00285181 12.88518548 13.07574484 13.11548133
 12.88266956 12.73643096 13.26723452 12.91161179 12.88182941 13.11484706
 13.17324768 13.05057648 12.71095494 12.76227667 12.96227627 12.94753299
 12.84499345 12.8099024  13.00942813 12.6974952  12.68235129 13.20951269
 12.93492419 12.73449188 12.65562374 12.74511459 13.02170831 12.96764586
 13.11102959 12.99917572 13.09750772 12.76934759 12.76699572 12.68893827
 12.94675016 13.06564066 13.09945486 13.31504254 12.8510856  13.20175441
 13.05746021 12.9245476  13.04641702 13.0035851  12.64360566 12.73109026
 13.15910951 13.40491507 13.06530155 13.02528503 12.74703495 12.86487022
 13.34348858 12.68742155 13.34693221 13.00797134 12.86529779 12.95609864
 12.81486205 13.27713809 12.71589953 12.72816627 12.869138   12.63464431
 13.41424838 12.97222219 13.05814521 12.69699363 13.11230432 12.84586615
 12.66494485 12.76038317 13.15851386 12.71491233 12.91323879 13.0857159
 12.70100013 13.01450709 12.81035418 12.87761763 12.65510379 12.86058338
 12.72180441 12.737883   12.94753299 13.08373228 12.72082247 12.73836662
 13.10526524 12.95532345 12.6680355  12.72082247 12.81170867 12.75372957
 12.74511459 12.6879273  12.76369455 12.67111799 12.93571751 12.63623059
 12.82959743 12.87719538 12.77263148 13.01847553 12.71491233 12.93730201
 12.82470942 12.66649114 13.00797134 12.68488921 12.78195812 12.79762617
 12.64045048 12.80446439 12.82113958 12.8784615  12.81665958 13.11611501
 12.846738   13.01811563 12.92575096 12.64936864 13.27220826 12.66132872
 12.94046249 12.73157685 13.2279583  13.08835257 12.79808349 12.65406302
 13.13855914 12.93174415 12.6383424  13.24325817 12.69095732 12.8510856
 12.87930454 12.64570455 13.11738075 12.73546187 12.99548314 12.72523451
 12.95143686 12.74319081 12.82113958 12.75086545 12.72131348 12.74222767
 12.77637203 12.72914178 12.73933318 12.72082247 12.7651106  12.82024524
 12.81845398 13.16974123 12.70797766 12.63411503 12.78936059 12.63305592
 12.87338722 12.69397958 12.72523451 12.88518548 12.85455001 12.74799379
 12.70100013 12.6351732  12.75277575 13.14951576 12.78102922 12.74990912
 12.69799654 12.74319081 12.86828597 12.72180441 12.65666311 12.78659087
 12.98505708 12.66442891 12.99474271 13.01088252 12.77075616 12.74990912
 12.78659087 13.04988487 12.75658617 12.7489519  12.76133036 12.96688089
 12.90343363 12.85195282 13.22474344 12.83886363 12.65093548 13.19389936
 13.1555278  12.79120316 12.81215973 12.82203322 12.85455001 12.96227627
 12.86315768 12.82024524 12.98954124 12.87508159 12.83622483 13.24999016
 12.83269571 13.04849952 12.85455001 12.93094723 12.65406302] 455
glb= [13.00248502 12.79808349 12.83622483 12.83886363 13.147096   12.90794057
 12.73594645 12.7651106  12.85065167 12.73981613 12.9703183  12.78797664
 12.7999106  12.94753299 12.81845398 13.05333734 13.09294433 12.8592937
 13.07875009 12.90055412 13.11548133 12.90875765 12.6383424  13.01811563
 13.21988895 13.08107921 13.03486388 12.86998934 12.84717353 12.76605368
 12.82203322 13.0453737  12.80718691 13.00541548 12.90507498 13.11579823
 12.893524   12.92374439 12.69849781 13.09425104 12.82470942 12.75325277
 12.72376575 13.07641369 12.92855276 12.85021768 13.00942813 12.81508683
 13.06462282 13.05333734 12.98655437 12.74943055 13.17673549 12.98954124
 12.74319081 12.79533678 12.9638138  13.0259985  12.76887763 13.10397805
 12.77497076 12.80718691 13.06258311 12.83622483 12.81080589 12.90384416
 13.05402602 12.65510379 12.85714035 13.06834821 12.64465557 12.97222219
 13.13425084 13.00211789 12.95221546 12.63886965 12.98505708 13.05643151
 12.95764718 13.06224266 12.92294066 12.7608568  12.90794057 13.06969844
 12.9009661  12.93492419 13.04328279 13.03486388 13.16503694 12.81306121
 12.95454747 12.94518238 12.79854059 13.0112457  12.8331376  12.72474515
 12.98280611 13.01088252 12.89683884 12.82247979 12.74511459 12.67009142
 13.17557491 12.85886333 13.34949891 12.81035418 13.07003562 13.02099095
 12.74511459 12.76605368 12.74415307 13.07104624 12.84891415 12.90384416
 12.72718987 13.10075007 12.86572531 12.91971805 12.81755721 12.82247979
 12.72229512 12.77590506 12.82559993 12.97069939 12.99917572 12.8860226
 12.91364499 13.02884611 13.06224266 13.09880636 12.87465824 13.05402602
 13.06868599 13.08769427 13.0949035  12.92052474 12.84499345 12.82381821
 13.10139678 12.65510379 13.05917165 13.06631848 12.83842421 12.85886333
 13.04780592 12.7257238  13.06868599 13.04988487 13.06902366 12.99917572
 12.87803967 12.87381105 13.07774966 12.92213598 13.05505783 13.08240688
 12.92133077 12.78056444 12.90014209 12.92815292 12.82024524 13.0345111
 12.67265628 13.2868677  12.75848629 12.69598981 12.94203861 12.86615246
 12.91729366 13.06699562 13.05814521 13.08174338 13.05195814 12.733521
 12.91405114 13.03521646 12.969174   13.0949035  12.87719538 12.75086545
 12.74463394 12.93690604 13.06496224 13.11230432 12.73643096 12.72816627
 12.82559993 12.83534368 12.73546187 13.01522998 12.84412005 13.06969844
 12.83666516 12.81306121 12.97450111 12.80763998 13.02955645 12.8801469
 12.87761763 12.9009661  12.6680355  12.91567381 12.73933318 12.96150646
 12.98730212 12.70399584 13.06834821 12.67009142 13.04432896 13.04258464
 12.84978333 12.89725238 12.73546187 13.04013616 13.11325888 13.04502564
 13.08637593 13.11102959 12.97979538 12.82737852 12.94753299 12.94831517
 12.83622483 12.83798473 13.04223534 12.869138   12.92695278 12.74847288
 12.68742155 12.99843847 12.93492419 12.76981734 12.81755721 12.75038747
 13.17208089 12.67725873 12.9245476  12.70946732 12.83886363 12.98543162
 12.68235129 12.78705296 13.00285181 12.88518548 13.07574484 13.11548133
 12.88266956 12.73643096 13.26723452 12.91161179 12.88182941 13.11484706
 13.17324768 13.05057648 12.71095494 12.76227667 12.96227627 12.94753299
 12.84499345 12.8099024  13.00942813 12.6974952  12.68235129 13.20951269
 12.93492419 12.73449188 12.65562374 12.74511459 13.02170831 12.96764586
 13.11102959 12.99917572 13.09750772 12.76934759 12.76699572 12.68893827
 12.94675016 13.06564066 13.09945486 13.31504254 12.8510856  13.20175441
 13.05746021 12.9245476  13.04641702 13.0035851  12.64360566 12.73109026
 13.15910951 13.40491507 13.06530155 13.02528503 12.74703495 12.86487022
 13.34348858 12.68742155 13.34693221 13.00797134 12.86529779 12.95609864
 12.81486205 13.27713809 12.71589953 12.72816627 12.869138   12.63464431
 13.41424838 12.97222219 13.05814521 12.69699363 13.11230432 12.84586615
 12.66494485 12.76038317 13.15851386 12.71491233 12.91323879 13.0857159
 12.70100013 13.01450709 12.81035418 12.87761763 12.65510379 12.86058338
 12.72180441 12.737883   12.94753299 13.08373228 12.72082247 12.73836662
 13.10526524 12.95532345 12.6680355  12.72082247 12.81170867 12.75372957
 12.74511459 12.6879273  12.76369455 12.67111799 12.93571751 12.63623059
 12.82959743 12.87719538 12.77263148 13.01847553 12.71491233 12.93730201
 12.82470942 12.66649114 13.00797134 12.68488921 12.78195812 12.79762617
 12.64045048 12.80446439 12.82113958 12.8784615  12.81665958 13.11611501
 12.846738   13.01811563 12.92575096 12.64936864 13.27220826 12.66132872
 12.94046249 12.73157685 13.2279583  13.08835257 12.79808349 12.65406302
 13.13855914 12.93174415 12.6383424  13.24325817 12.69095732 12.8510856
 12.87930454 12.64570455 13.11738075 12.73546187 12.99548314 12.72523451
 12.95143686 12.74319081 12.82113958 12.75086545 12.72131348 12.74222767
 12.77637203 12.72914178 12.73933318 12.72082247 12.7651106  12.82024524
 12.81845398 13.16974123 12.70797766 12.63411503 12.78936059 12.63305592
 12.87338722 12.69397958 12.72523451 12.88518548 12.85455001 12.74799379
 12.70100013 12.6351732  12.75277575 13.14951576 12.78102922 12.74990912
 12.69799654 12.74319081 12.86828597 12.72180441 12.65666311 12.78659087
 12.98505708 12.66442891 12.99474271 13.01088252 12.77075616 12.74990912
 12.78659087 13.04988487 12.75658617 12.7489519  12.76133036 12.96688089
 12.90343363 12.85195282 13.22474344 12.83886363 12.65093548 13.19389936
 13.1555278  12.79120316 12.81215973 12.82203322 12.85455001 12.96227627
 12.86315768 12.82024524 12.98954124 12.87508159 12.83622483 13.24999016
 12.83269571 13.04849952 12.85455001 12.93094723 12.65406302] 455
bidsort lists= 455 455
 455
SNAP 45
EPS 0.12377611739433089
galrad= 0.01
!!! agesel
Found 541 stars.
Rotated pos.
Rotated vel.
Calculating circularities
dty= [12.67368056 12.71787123 12.77730501 12.55824321 12.72865421 12.733521
 12.56888947 12.6798078  12.8562776  13.40491507 13.28202448 12.98954124
 12.6879273  12.66494485 12.57111947 12.83710513 12.65666311 12.66546057
 12.73060343 12.97753047 12.72376575 13.17208089 12.54694033 12.6879273
 12.57889372 12.71885588 12.66029352 12.66339649 12.55993007 12.64045048
 12.80310028 12.65067454 12.60301843 12.64727627 12.73254937 12.73933318
 12.98054907 12.6721438  12.61705627 12.92213598 12.95299355 12.60735482
 12.62027308 12.56777302 12.60897713 12.86657955 12.76416679 12.68438208
 12.99843847 12.88852974 12.97146112 12.74990912 12.7257238  12.68387473
 12.71392437 12.56105344 12.54665645 12.73206322 12.65041343 13.19220341
 13.23062435 13.30114246 12.63093474 13.08637593 12.76322209 12.91323879
 13.03168359 12.84237101 12.82826675 12.88350888 12.72180441 12.75086545
 12.74222767 12.60627214 13.02314088 12.55880574 13.40074239 12.62027308
 12.63305592 12.70349707 13.0259985  12.74990912 12.6383424  12.69799654
 12.7489519  12.70399584 12.88852974 12.74415307 12.74367198 12.55993007
 12.81306121 12.76322209 12.79304225 12.960736   13.19615362 12.91729366
 13.35837551 12.73254937 12.72180441 12.75182105 12.90671348 12.83974152
 13.23115613 12.68994818 12.54864205 12.733521   12.82915413 12.8562776
 12.81396199 12.74943055 12.90998196 13.2950033  12.81845398 12.61383097
 12.79212306 12.8510856  12.83886363 12.76322209 12.81396199 12.59866669
 12.66391274 12.85800226 12.64045048 12.57667733 12.99622307 12.66854983
 12.65406302 12.60247523 12.55711743 12.75848629 13.07037268 12.61812949
 12.7651106  13.64555501 12.60356139 12.79945414 13.06969844 12.65250037
 12.93094723 12.67060482 12.59429973 12.548075   12.82826675 12.58221102
 12.60843654 12.81576125 13.06224266 12.74222767 12.56497744 13.11102959
 13.01450709 12.66132872 12.5910143  12.67827901 12.83092648 12.5888193
 12.59265817 13.15072241 12.62241291 12.71688583 12.62561559 12.55768044
 12.60301843 12.61705627 12.63675877 12.71787123 12.88852974 12.57889372
 12.78520315 12.91079714 12.73594645 12.69297302 12.79762617 12.89849189
 12.80763998 12.66236299 12.59211045 12.63093474 12.6741925  12.74319081
 12.77169426 13.00578114 12.846738   13.06767222 12.65406302 12.56441757
 12.98954124 12.75990932 12.86487022 12.61920176 12.7828863  12.92855276
 12.77963423 13.19389936 12.62561559 12.67163094 12.68488921 12.68438208
 12.74511459 12.66442891 12.8012788  12.7330353  12.61383097 12.80355515
 12.79120316 12.56553707 12.55655402 12.55993007 12.64465557 12.80809284
 12.89518293 12.64045048 12.80036683 12.64360566 12.67623752 12.78102922
 12.57111947 13.25101897 12.60951732 12.66957778 12.58331482 13.19276924
 12.76605368 12.58000039 13.04293388 12.56665545 12.5910143  12.67572665
 13.00578114 12.69297302 12.58221102 12.79625322 12.59211045 13.16856828
 12.75848629 12.61490701 12.94831517 12.91486281 13.01739513 12.62027308] 240
glb= [12.67368056 12.71787123 12.77730501 12.55824321 12.72865421 12.733521
 12.56888947 12.6798078  12.8562776  13.40491507 13.28202448 12.98954124
 12.6879273  12.66494485 12.57111947 12.83710513 12.65666311 12.66546057
 12.73060343 12.97753047 12.72376575 13.17208089 12.54694033 12.6879273
 12.57889372 12.71885588 12.66029352 12.66339649 12.55993007 12.64045048
 12.80310028 12.65067454 12.60301843 12.64727627 12.73254937 12.73933318
 12.98054907 12.6721438  12.61705627 12.92213598 12.95299355 12.60735482
 12.62027308 12.56777302 12.60897713 12.86657955 12.76416679 12.68438208
 12.99843847 12.88852974 12.97146112 12.74990912 12.7257238  12.68387473
 12.71392437 12.56105344 12.54665645 12.73206322 12.65041343 13.19220341
 13.23062435 13.30114246 12.63093474 13.08637593 12.76322209 12.91323879
 13.03168359 12.84237101 12.82826675 12.88350888 12.72180441 12.75086545
 12.74222767 12.60627214 13.02314088 12.55880574 13.40074239 12.62027308
 12.63305592 12.70349707 13.0259985  12.74990912 12.6383424  12.69799654
 12.7489519  12.70399584 12.88852974 12.74415307 12.74367198 12.55993007
 12.81306121 12.76322209 12.79304225 12.960736   13.19615362 12.91729366
 13.35837551 12.73254937 12.72180441 12.75182105 12.90671348 12.83974152
 13.23115613 12.68994818 12.54864205 12.733521   12.82915413 12.8562776
 12.81396199 12.74943055 12.90998196 13.2950033  12.81845398 12.61383097
 12.79212306 12.8510856  12.83886363 12.76322209 12.81396199 12.59866669
 12.66391274 12.85800226 12.64045048 12.57667733 12.99622307 12.66854983
 12.65406302 12.60247523 12.55711743 12.75848629 13.07037268 12.61812949
 12.7651106  13.64555501 12.60356139 12.79945414 13.06969844 12.65250037
 12.93094723 12.67060482 12.59429973 12.548075   12.82826675 12.58221102
 12.60843654 12.81576125 13.06224266 12.74222767 12.56497744 13.11102959
 13.01450709 12.66132872 12.5910143  12.67827901 12.83092648 12.5888193
 12.59265817 13.15072241 12.62241291 12.71688583 12.62561559 12.55768044
 12.60301843 12.61705627 12.63675877 12.71787123 12.88852974 12.57889372
 12.78520315 12.91079714 12.73594645 12.69297302 12.79762617 12.89849189
 12.80763998 12.66236299 12.59211045 12.63093474 12.6741925  12.74319081
 12.77169426 13.00578114 12.846738   13.06767222 12.65406302 12.56441757
 12.98954124 12.75990932 12.86487022 12.61920176 12.7828863  12.92855276
 12.77963423 13.19389936 12.62561559 12.67163094 12.68488921 12.68438208
 12.74511459 12.66442891 12.8012788  12.7330353  12.61383097 12.80355515
 12.79120316 12.56553707 12.55655402 12.55993007 12.64465557 12.80809284
 12.89518293 12.64045048 12.80036683 12.64360566 12.67623752 12.78102922
 12.57111947 13.25101897 12.60951732 12.66957778 12.58331482 13.19276924
 12.76605368 12.58000039 13.04293388 12.56665545 12.5910143  12.67572665
 13.00578114 12.69297302 12.58221102 12.79625322 12.59211045 13.16856828
 12.75848629 12.61490701 12.94831517 12.91486281 13.01739513 12.62027308] 240
bidsort lists= 240 240
 240
SNAP 46
EPS 0.10193671218698894
galrad= 0.01
!!! agesel
Found 1519 stars.
Rotated pos.
Rotated vel.
Calculating circularities
dty= [12.94753299 12.85714035 13.07641369 ... 12.81665958 12.54637254
 13.21988895] 1358
glb= [12.94753299 12.85714035 13.07641369 ... 12.81665958 12.54637254
 13.21988895] 1358
bidsort lists= 1358 1358
 1358
SNAP 47
EPS 0.1508306262845096
galrad= 0.01
!!! agesel
Found 1877 stars.
Rotated pos.
Rotated vel.
Calculating circularities
dty= [12.60573053 12.97979538 13.00248502 ... 12.69649183 13.14466767
 12.83886363] 2769
glb= [12.60573053 12.97979538 13.00248502 ... 12.69649183 13.14466767
 12.83886363] 2769
bidsort lists= 2769 2769
 2769
SNAP 48
EPS 0.015653452744011052
galrad= 0.01
!!! agesel
Found 1413 stars.
Rotated pos.
Rotated vel.
Calculating circularities
dty= [12.29200372 12.8562776  12.33206134 ... 12.86998934 12.85455001
 12.86572531] 3611
glb= [12.29200372 12.8562776  12.33206134 ... 12.86998934 12.85455001
 12.86572531] 3611
bidsort lists= 3611 3611
 3611
SNAP 49
EPS 0.014700386725024939
galrad= 0.01
!!! agesel
Found 2548 stars.
Rotated pos.
Rotated vel.
Calculating circularities
dty= [12.16537268 12.15228686 12.32825166 ... 12.1670244  12.90589464
 12.17434501] 5363
glb= [12.16537268 12.15228686 12.32825166 ... 12.1670244  12.90589464
 12.17434501] 5363
bidsort lists= 5363 5363
 5363
SNAP 50
EPS 0.09582751106188489
galrad= 0.01
!!! agesel
Found 3122 stars.
Rotated pos.
Rotated vel.
Calculating circularities
dty= [13.14466767 12.31090561 12.02708022 ... 12.15228686 12.81576125
 12.54637254] 8317
glb= [13.14466767 12.31090561 12.02708022 ... 12.15228686 12.81576125
 12.54637254] 8317
bidsort lists= 8317 8317
 8317
SNAP 51
EPS -0.03452733249424961
galrad= 0.01
!!! agesel
Found 2058 stars.
Rotated pos.
Rotated vel.
Calculating circularities
dty= [11.96364246 11.91631478 12.17215211 ... 11.945266   11.89992445
 11.89524681] 11727
glb= [11.96364246 11.91631478 12.17215211 ... 11.945266   11.89992445
 11.89524681] 11727
bidsort lists= 11727 11727
 11727
SNAP 52
EPS -0.03889033165549209
galrad= 0.01
!!! agesel
Found 3664 stars.
Rotated pos.
Rotated vel.
Calculating circularities
dty= [11.96836286 12.10767762 12.37494962 ... 12.15006521 11.83780018
 12.30350746] 15752
glb= [11.96836286 12.10767762 12.37494962 ... 12.15006521 11.83780018
 12.30350746] 15752
bidsort lists= 15752 15752
 15752
SNAP 53
EPS -0.016190998909623923
galrad= 0.01
!!! agesel
Found 3682 stars.
Rotated pos.
Rotated vel.
Calculating circularities
dty= [11.81466633 11.88221829 12.18653618 ... 11.612351   12.6383424
 12.2804144 ] 19566
glb= [11.81466633 11.88221829 12.18653618 ... 11.612351   12.6383424
 12.2804144 ] 19566
bidsort lists= 19566 19566
 19566
SNAP 54
EPS 0.010782828112991173
galrad= 0.01
!!! agesel
Found 5326 stars.
Rotated pos.
Rotated vel.
Calculating circularities
dty= [12.35976201 11.91894558 12.13499277 ... 11.52911442 12.2004375
 11.53012303] 27320
glb= [12.35976201 11.91894558 12.13499277 ... 11.52911442 12.2004375
 11.53012303] 27320
bidsort lists= 27320 27320
 27320
SNAP 55
EPS 0.079804542282491
galrad= 0.01
!!! agesel
Found 5497 stars.
Rotated pos.
Rotated vel.
Calculating circularities
dty= [11.40610023 11.35274183 12.83886363 ... 12.29607354 11.36369248
 11.71923855] 35819
glb= [11.40610023 11.35274183 12.83886363 ... 12.29607354 11.36369248
 11.71923855] 35819
bidsort lists= 35819 35819
 35819
SNAP 56
EPS 0.03707308633636416
galrad= 0.01
!!! agesel
Found 5409 stars.
Rotated pos.
Rotated vel.
Calculating circularities
dty= [11.73747626 11.98245336 11.97439989 ... 13.47849058 12.68438208
 11.35233508] 42696
glb= [11.73747626 11.98245336 11.97439989 ... 13.47849058 12.68438208
 11.35233508] 42696
bidsort lists= 42696 42696
 42696
SNAP 57
EPS 0.07542396015309824
galrad= 0.01
!!! agesel
Found 4025 stars.
Rotated pos.
Rotated vel.
Calculating circularities
dty= [11.87567181 11.28999821 11.67804691 ... 11.95354702 12.3707644
 11.83955198] 48280
glb= [11.87567181 11.28999821 11.67804691 ... 11.95354702 12.3707644
 11.83955198] 48280
bidsort lists= 48280 48280
 48280
SNAP 58
EPS 0.05797852303915231
galrad= 0.01
!!! agesel
Found 4264 stars.
Rotated pos.
Rotated vel.
Calculating circularities
dty= [11.19280885 11.4148402  11.39772902 ... 10.93840465 10.9295834
 10.97094549] 54362
glb= [11.19280885 11.4148402  11.39772902 ... 10.93840465 10.9295834
 10.97094549] 54362
bidsort lists= 54362 54362
 54362
SNAP 59
EPS 0.03605295149747013
galrad= 0.01
!!! agesel
Found 11100 stars.
Rotated pos.
Rotated vel.
Calculating circularities
dty= [11.41391472 11.1369695  11.1226849  ... 12.15228686 11.74321556
 12.13443198] 70086
glb= [11.41391472 11.1369695  11.1226849  ... 12.15228686 11.74321556
 12.13443198] 70086
bidsort lists= 70086 70086
 70086
SNAP 60
EPS 0.023340417540997613
galrad= 0.01
!!! agesel
Found 6706 stars.
Rotated pos.
Rotated vel.
Calculating circularities
dty= [11.67804691 11.76987113 11.13292707 ... 11.79261321 12.13779393
 11.99765023] 80779
glb= [11.67804691 11.76987113 11.13292707 ... 11.79261321 12.13779393
 11.99765023] 80779
bidsort lists= 80779 80779
 80779
SNAP 61
EPS 0.04768983670392978
galrad= 0.01
!!! agesel
Found 6295 stars.
Rotated pos.
Rotated vel.
Calculating circularities
dty= [11.3145909  11.76987113 10.6298418  ... 12.09357073 12.06112033
 12.11752295]