loading halo 2 level 4
/eagle/projects/Auriga/Auriga/level4/Original/mergertrees/Au-2/trees_sf1_127
Hubble parameter= 0.6777
There are 777 trees in file /eagle/projects/Auriga/Auriga/level4/Original/mergertrees/Au-2/trees_sf1_127.0.hdf5
Loading desc (Descendant) for blockname /Tree0.
Loading fnum (FileNr) for blockname /Tree0.
Loading fhfg (FirstHaloInFOFGroup) for blockname /Tree0.
Loading fpin (FirstProgenitor) for blockname /Tree0.
Loading fmc2 (Group_M_Crit200) for blockname /Tree0.
Loading fmm2 (Group_M_Mean200) for blockname /Tree0.
Loading fmt2 (Group_M_TopHat200) for blockname /Tree0.
Loading frc2 (Group_R_Crit200) for blockname /Tree0.
Loading nhfg (NextHaloInFOFGroup) for blockname /Tree0.
Loading npin (NextProgenitor) for blockname /Tree0.
Loading snum (SnapNum) for blockname /Tree0.
Loading sbhm (SubhaloBHMass) for blockname /Tree0.
Loading sbhd (SubhaloBHMdot) for blockname /Tree0.
Loading sgmt (SubhaloGasMetallicity) for blockname /Tree0.
Loading sgmf (SubhaloGasMetallicitySfr) for blockname /Tree0.
Loading sgnr (SubhaloGrNr) for blockname /Tree0.
Loading shmt (SubhaloHalfmassRadType) for blockname /Tree0.
Key SubhaloIDMostBound not found in conversion table, skipping.
Loading slen (SubhaloLen) for blockname /Tree0.
Loading slty (SubhaloLenType) for blockname /Tree0.
Loading smit (SubhaloMassInRadType) for blockname /Tree0.
Loading smty (SubhaloMassType) for blockname /Tree0.
Loading sbnr (SubhaloNumber) for blockname /Tree0.
Loading soty (SubhaloOffsetType) for blockname /Tree0.
Loading spos (SubhaloPos) for blockname /Tree0.
Loading ssfr (SubhaloSFR) for blockname /Tree0.
Loading ssfi (SubhaloSFRinRad) for blockname /Tree0.
Loading sspi (SubhaloSpin) for blockname /Tree0.
Loading ssmt (SubhaloStarMetallicity) for blockname /Tree0.
Loading ssph (SubhaloStellarPhotometrics) for blockname /Tree0.
Loading svmx (SubhaloVMax) for blockname /Tree0.
Loading svel (SubhaloVel) for blockname /Tree0.
Loading svdi (SubhaloVelDisp) for blockname /Tree0.
galrad= 0.01
!!! agesel
Found 257 stars.
Rotated pos.
Rotated vel.
Calculating circularities
dty= [13.43000285 13.62517104 13.42643481 13.53726499 13.48283426 13.46771415
 13.43195188 13.60334161 13.46415748 13.44241689 13.41590649 13.40848615
 13.41902049 13.44550245 13.46480675 13.46642483 13.50376107 13.40904724
 13.45025349 13.42011394 13.41792411 13.42174873 13.52559781 13.41239825
 13.59135774 13.42840116 13.461876   13.42192996 13.41810708 13.41810708
 13.50893538 13.50893538 13.42102298 13.45294197 13.4182899  13.48097931
 13.54546847 13.42011394 13.44924036 13.45727028 13.51959103 13.42084134
 13.4184727  13.4536111  13.42047781 13.58664819 13.48004809 13.42893579
 13.43088997 13.41682482 13.41609031 13.46089386 13.54948368 13.4162741
 13.42481881 13.50318107 13.50549506 13.43053534 13.4877328  13.41498615
 13.42517845 13.49791409 13.41202726 13.51233924 13.43441866 13.4291138
 13.41609031 13.47911441 13.42192996 13.4840654  13.42768722 13.42982519
 13.42625558 13.43547117] 74
glb= [13.43000285 13.62517104 13.42643481 13.53726499 13.48283426 13.46771415
 13.43195188 13.60334161 13.46415748 13.44241689 13.41590649 13.40848615
 13.41902049 13.44550245 13.46480675 13.46642483 13.50376107 13.40904724
 13.45025349 13.42011394 13.41792411 13.42174873 13.52559781 13.41239825
 13.59135774 13.42840116 13.461876   13.42192996 13.41810708 13.41810708
 13.50893538 13.50893538 13.42102298 13.45294197 13.4182899  13.48097931
 13.54546847 13.42011394 13.44924036 13.45727028 13.51959103 13.42084134
 13.4184727  13.4536111  13.42047781 13.58664819 13.48004809 13.42893579
 13.43088997 13.41682482 13.41609031 13.46089386 13.54948368 13.4162741
 13.42481881 13.50318107 13.50549506 13.43053534 13.4877328  13.41498615
 13.42517845 13.49791409 13.41202726 13.51233924 13.43441866 13.4291138
 13.41609031 13.47911441 13.42192996 13.4840654  13.42768722 13.42982519
 13.42625558 13.43547117] 74
bidsort lists= 74 74
 74
SNAP 30
EPS -0.027300304385589492
galrad= 0.01
!!! agesel
Found 319 stars.
Rotated pos.
Rotated vel.
Calculating circularities
dty= [13.62517104 13.42643481 13.48283426 13.44550245 13.40264413 13.46415748
 13.40736169 13.41590649 13.47155481 13.40848615 13.42840116 13.47059848
 13.38085523 13.38758448 13.40131378 13.40904724 13.3928565  13.53726499
 13.46771415 13.41810708 13.39844919 13.39652881 13.43000285 13.41239825
 13.40359181 13.44241689 13.43195188 13.40207451 13.60334161 13.45990914
 13.37925706 13.48529225 13.42192996 13.54546847 13.41902049 13.44924036
 13.40245434 13.45025349 13.377854   13.40150413 13.44788532 13.4509274
 13.45294197 13.45727028 13.38640434 13.3955654  13.40585775 13.50893538
 13.42174873 13.4184727  13.46642483 13.4079243  13.39517946 13.4536111
 13.52559781 13.50376107 13.43018043 13.451936   13.3788566  13.42084134
 13.42011394 13.38601023 13.38005687 13.49732365 13.40074239 13.39517946
 13.40491507 13.58664819 13.45059055 13.38719146 13.38640434 13.38719146
 13.4762984  13.40415946 13.43088997 13.43999989 13.39652881 13.42102298
 13.39921495 13.4291138  13.40642237 13.42481881 13.40491507 13.41682482
 13.43791624 13.54948368 13.38993541 13.50549506 13.38443041 13.4877328
 13.44618476 13.40226447 13.39071629 13.38758448 13.45260696 13.46383241
 13.4840654  13.38403458 13.461876   13.38085523 13.45892176 13.39575824
 13.47598411 13.40188447 13.47661244 13.38601023 13.40340244 13.50664591
 13.46513094 13.41016724 13.39110622 13.39498636 13.40491507 13.42265406] 114
glb= [13.62517104 13.42643481 13.48283426 13.44550245 13.40264413 13.46415748
 13.40736169 13.41590649 13.47155481 13.40848615 13.42840116 13.47059848
 13.38085523 13.38758448 13.40131378 13.40904724 13.3928565  13.53726499
 13.46771415 13.41810708 13.39844919 13.39652881 13.43000285 13.41239825
 13.40359181 13.44241689 13.43195188 13.40207451 13.60334161 13.45990914
 13.37925706 13.48529225 13.42192996 13.54546847 13.41902049 13.44924036
 13.40245434 13.45025349 13.377854   13.40150413 13.44788532 13.4509274
 13.45294197 13.45727028 13.38640434 13.3955654  13.40585775 13.50893538
 13.42174873 13.4184727  13.46642483 13.4079243  13.39517946 13.4536111
 13.52559781 13.50376107 13.43018043 13.451936   13.3788566  13.42084134
 13.42011394 13.38601023 13.38005687 13.49732365 13.40074239 13.39517946
 13.40491507 13.58664819 13.45059055 13.38719146 13.38640434 13.38719146
 13.4762984  13.40415946 13.43088997 13.43999989 13.39652881 13.42102298
 13.39921495 13.4291138  13.40642237 13.42481881 13.40491507 13.41682482
 13.43791624 13.54948368 13.38993541 13.50549506 13.38443041 13.4877328
 13.44618476 13.40226447 13.39071629 13.38758448 13.45260696 13.46383241
 13.4840654  13.38403458 13.461876   13.38085523 13.45892176 13.39575824
 13.47598411 13.40188447 13.47661244 13.38601023 13.40340244 13.50664591
 13.46513094 13.41016724 13.39110622 13.39498636 13.40491507 13.42265406] 114
bidsort lists= 114 114
 114
SNAP 31
EPS 0.018775850096376202
galrad= 0.01
!!! agesel
Found 360 stars.
Rotated pos.
Rotated vel.
Calculating circularities
dty= [13.62517104 13.42643481 13.41590649 13.48283426 13.34348858 13.44550245
 13.45294197 13.43000285 13.40264413 13.45025349 13.40131378 13.53726499
 13.40848615 13.48529225 13.40359181 13.36708837 13.38758448 13.40736169
 13.40904724 13.46415748 13.39844919 13.43195188 13.42840116 13.46771415
 13.46642483 13.41902049 13.3928565  13.54546847 13.47059848 13.3473609
 13.50376107 13.42174873 13.35669743 13.34778928 13.35459149 13.35627701
 13.3522641  13.60334161 13.41128422 13.3505643  13.39517946 13.42192996
 13.35205193 13.40585775 13.41239825 13.4762984  13.44241689 13.52559781
 13.41810708 13.377854   13.42011394 13.45727028 13.47155481 13.37925706
 13.50893538 13.37624516 13.35585616 13.40074239 13.37341594 13.44924036
 13.45990914 13.4184727  13.36502856 13.42084134 13.43652094 13.36688276
 13.34778928 13.41128422 13.4536111  13.38005687 13.39517946 13.39652881
 13.35837551 13.40415946 13.38085523 13.45227164 13.40245434 13.35753722
 13.3571175  13.37765321 13.34607358 13.38719146 13.35564564 13.41609031
 13.43791624 13.4509274  13.38601023 13.35247617 13.40150413 13.3955654
 13.440692   13.4079243  13.45494584 13.40207451 13.58664819 13.35942128
 13.44788532 13.36212949 13.34478283 13.38640434 13.35753722 13.4079243
 13.40642237 13.40491507 13.35774694 13.36729384 13.37805471 13.38640434
 13.43018043 13.40074239 13.46448225 13.4291138  13.3587941  13.35247617
 13.45059055 13.42481881 13.43018043 13.40415946 13.41682482 13.41276897
 13.42192996 13.49732365 13.3934384  13.42982519 13.43441866 13.42732976
 13.3587941  13.4291138  13.36729384 13.35753722 13.44618476 13.35247617
 13.4877328  13.43999989 13.35522426 13.41350934 13.46220278 13.3631669
 13.60654033 13.39071629 13.40491507 13.46577845 13.41938529 13.48437255
 13.36046476 13.46448225 13.40226447 13.48035875 13.36129783 13.3587941
 13.36626551 13.36523497 13.47535473 13.461876   13.36626551 13.4011234
 13.4079243  13.56214588 13.36358128 13.36212949 13.34348858 13.35606666
 13.35459149 13.36954804 13.40942091 13.52989328 13.46383241 13.43826425
 13.35459149 13.4162741  13.50318107 13.49196236 13.49613962 13.49791409
 13.41609031 13.46707008 13.37118062 13.36790971 13.3848259  13.35374646
 13.3587941 ] 181
glb= [13.62517104 13.42643481 13.41590649 13.48283426 13.34348858 13.44550245
 13.45294197 13.43000285 13.40264413 13.45025349 13.40131378 13.53726499
 13.40848615 13.48529225 13.40359181 13.36708837 13.38758448 13.40736169
 13.40904724 13.46415748 13.39844919 13.43195188 13.42840116 13.46771415
 13.46642483 13.41902049 13.3928565  13.54546847 13.47059848 13.3473609
 13.50376107 13.42174873 13.35669743 13.34778928 13.35459149 13.35627701
 13.3522641  13.60334161 13.41128422 13.3505643  13.39517946 13.42192996
 13.35205193 13.40585775 13.41239825 13.4762984  13.44241689 13.52559781
 13.41810708 13.377854   13.42011394 13.45727028 13.47155481 13.37925706
 13.50893538 13.37624516 13.35585616 13.40074239 13.37341594 13.44924036
 13.45990914 13.4184727  13.36502856 13.42084134 13.43652094 13.36688276
 13.34778928 13.41128422 13.4536111  13.38005687 13.39517946 13.39652881
 13.35837551 13.40415946 13.38085523 13.45227164 13.40245434 13.35753722
 13.3571175  13.37765321 13.34607358 13.38719146 13.35564564 13.41609031
 13.43791624 13.4509274  13.38601023 13.35247617 13.40150413 13.3955654
 13.440692   13.4079243  13.45494584 13.40207451 13.58664819 13.35942128
 13.44788532 13.36212949 13.34478283 13.38640434 13.35753722 13.4079243
 13.40642237 13.40491507 13.35774694 13.36729384 13.37805471 13.38640434
 13.43018043 13.40074239 13.46448225 13.4291138  13.3587941  13.35247617
 13.45059055 13.42481881 13.43018043 13.40415946 13.41682482 13.41276897
 13.42192996 13.49732365 13.3934384  13.42982519 13.43441866 13.42732976
 13.3587941  13.4291138  13.36729384 13.35753722 13.44618476 13.35247617
 13.4877328  13.43999989 13.35522426 13.41350934 13.46220278 13.3631669
 13.60654033 13.39071629 13.40491507 13.46577845 13.41938529 13.48437255
 13.36046476 13.46448225 13.40226447 13.48035875 13.36129783 13.3587941
 13.36626551 13.36523497 13.47535473 13.461876   13.36626551 13.4011234
 13.4079243  13.56214588 13.36358128 13.36212949 13.34348858 13.35606666
 13.35459149 13.36954804 13.40942091 13.52989328 13.46383241 13.43826425
 13.35459149 13.4162741  13.50318107 13.49196236 13.49613962 13.49791409
 13.41609031 13.46707008 13.37118062 13.36790971 13.3848259  13.35374646
 13.3587941 ] 181
bidsort lists= 181 181
 181
SNAP 32
EPS 0.005268959461152526
galrad= 0.01
!!! agesel
Found 404 stars.
Rotated pos.
Rotated vel.
Calculating circularities
dty= [13.33805889 13.62517104 13.48283426 13.34348858 13.33784039 13.42643481
 13.43000285 13.45294197 13.40264413 13.31160212 13.40736169 13.41590649
 13.44550245 13.40131378 13.42840116 13.47059848 13.48529225 13.43195188
 13.36708837 13.54546847 13.33124184 13.40904724 13.45025349 13.31137191
 13.3473609  13.31891417 13.40848615 13.47155481 13.33827724 13.35627701
 13.46642483 13.38758448 13.32049988 13.35585616 13.34778928 13.50893538
 13.35669743 13.40585775 13.317551   13.42174873 13.45990914 13.38085523
 13.39652881 13.3928565  13.32724038 13.34002049 13.34778928 13.53726499
 13.32813234 13.37341594 13.42084134 13.32968953 13.3229818  13.46480675
 13.51514824 13.41128422 13.4184727  13.41239825 13.3505643  13.32991159
 13.31936771 13.46415748 13.46771415 13.42192996 13.32027362 13.39844919
 13.39382593 13.41810708 13.38085523 13.31389826 13.4509274  13.50893538
 13.44924036 13.461876   13.41902049 13.51959103 13.35205193 13.36688276
 13.34175763 13.39517946 13.3338918  13.4536111  13.45727028 13.38005687
 13.40245434 13.42946969 13.50376107 13.40359181 13.34002049 13.36212949
 13.42011394 13.37765321 13.4762984  13.42011394 13.4079243  13.3955654
 13.44241689 13.4182899  13.58664819 13.45227164 13.52559781 13.32902276
 13.41792411 13.42893579 13.33190566 13.38640434 13.40207451 13.34284024
 13.37925706 13.34284024 13.33521153 13.40415946 13.32049988 13.377854
 13.35459149 13.31686813 13.35942128 13.33652773 13.41609031 13.60334161
 13.3522641  13.45059055 13.38719146 13.31686813 13.31936771 13.3642021
 13.38758448 13.35247617 13.31458514 13.37321317 13.38284495 13.41424838
 13.38601023 13.35837551 13.40642237 13.37624516 13.34607358 13.38993541
 13.41498615 13.31343987 13.32410593 13.33696567 13.38719146 13.42102298
 13.4182899  13.40979424 13.39517946 13.36502856 13.45494584 13.3934384
 13.33124184 13.45227164 13.42481881 13.43088997 13.35013844 13.40074239
 13.41128422 13.45958029 13.35753722 13.41810708 13.41202726 13.54948368
 13.32320683 13.41016724 13.42047781 13.40074239 13.40150413 13.43791624
 13.43124423 13.43652094 13.36729384 13.43053534 13.3571175  13.40415946
 13.41276897 13.4291138  13.37925706 13.59135774 13.3338918  13.31504254
 13.38443041 13.36502856 13.41350934 13.41091222 13.3571175  13.440692
 13.44618476 13.48097931 13.4605659  13.46089386 13.33234775 13.34778928
 13.43018043 13.42732976 13.4079243  13.34305646 13.31527107 13.43791624
 13.31137191 13.40491507 13.35753722 13.38443041 13.46448225 13.50549506
 13.37805471 13.41682482 13.43018043 13.42768722 13.42517845 13.39071629
 13.32813234 13.39921495 13.39921495 13.34002049 13.37684916 13.41938529
 13.46577845 13.35522426 13.40529243 13.3587941  13.4877328  13.36025625
 13.46220278 13.35564564 13.47282592 13.32589945 13.42982519 13.40491507
 13.35416915 13.35921233 13.39959732 13.33124184 13.39768202 13.43441866
 13.37564037 13.36729384 13.31846019 13.33784039 13.44447663 13.32813234
 13.32162953 13.40226447 13.461876   13.41535454 13.47598411 13.37240126
 13.55442304 13.37564037 13.33914965 13.50779268 13.37077301 13.40188447
 13.49850347 13.48221701 13.4011234  13.33914965 13.37199475 13.33212675
 13.34175763 13.40340244 13.31732347 13.40378115 13.33256859 13.38915316
 13.32162953 13.32117797 13.50664591 13.41313929 13.33301007 13.32634682
 13.4840654  13.32857774 13.32634682 13.5668624  13.53095763 13.53201822
 13.47786564 13.3229818  13.39883224 13.38085523 13.42625558 13.4086733
 13.33079883 13.40979424 13.33345112 13.42047781 13.33477201 13.32500349
 13.32095206 13.33168448 13.32946736 13.69639673 13.58051962 13.42768722
 13.34175763 13.34088982] 296
glb= [13.33805889 13.62517104 13.48283426 13.34348858 13.33784039 13.42643481
 13.43000285 13.45294197 13.40264413 13.31160212 13.40736169 13.41590649
 13.44550245 13.40131378 13.42840116 13.47059848 13.48529225 13.43195188
 13.36708837 13.54546847 13.33124184 13.40904724 13.45025349 13.31137191
 13.3473609  13.31891417 13.40848615 13.47155481 13.33827724 13.35627701
 13.46642483 13.38758448 13.32049988 13.35585616 13.34778928 13.50893538
 13.35669743 13.40585775 13.317551   13.42174873 13.45990914 13.38085523
 13.39652881 13.3928565  13.32724038 13.34002049 13.34778928 13.53726499
 13.32813234 13.37341594 13.42084134 13.32968953 13.3229818  13.46480675
 13.51514824 13.41128422 13.4184727  13.41239825 13.3505643  13.32991159
 13.31936771 13.46415748 13.46771415 13.42192996 13.32027362 13.39844919
 13.39382593 13.41810708 13.38085523 13.31389826 13.4509274  13.50893538
 13.44924036 13.461876   13.41902049 13.51959103 13.35205193 13.36688276
 13.34175763 13.39517946 13.3338918  13.4536111  13.45727028 13.38005687
 13.40245434 13.42946969 13.50376107 13.40359181 13.34002049 13.36212949
 13.42011394 13.37765321 13.4762984  13.42011394 13.4079243  13.3955654
 13.44241689 13.4182899  13.58664819 13.45227164 13.52559781 13.32902276
 13.41792411 13.42893579 13.33190566 13.38640434 13.40207451 13.34284024
 13.37925706 13.34284024 13.33521153 13.40415946 13.32049988 13.377854
 13.35459149 13.31686813 13.35942128 13.33652773 13.41609031 13.60334161
 13.3522641  13.45059055 13.38719146 13.31686813 13.31936771 13.3642021
 13.38758448 13.35247617 13.31458514 13.37321317 13.38284495 13.41424838
 13.38601023 13.35837551 13.40642237 13.37624516 13.34607358 13.38993541
 13.41498615 13.31343987 13.32410593 13.33696567 13.38719146 13.42102298
 13.4182899  13.40979424 13.39517946 13.36502856 13.45494584 13.3934384
 13.33124184 13.45227164 13.42481881 13.43088997 13.35013844 13.40074239
 13.41128422 13.45958029 13.35753722 13.41810708 13.41202726 13.54948368
 13.32320683 13.41016724 13.42047781 13.40074239 13.40150413 13.43791624
 13.43124423 13.43652094 13.36729384 13.43053534 13.3571175  13.40415946
 13.41276897 13.4291138  13.37925706 13.59135774 13.3338918  13.31504254
 13.38443041 13.36502856 13.41350934 13.41091222 13.3571175  13.440692
 13.44618476 13.48097931 13.4605659  13.46089386 13.33234775 13.34778928
 13.43018043 13.42732976 13.4079243  13.34305646 13.31527107 13.43791624
 13.31137191 13.40491507 13.35753722 13.38443041 13.46448225 13.50549506
 13.37805471 13.41682482 13.43018043 13.42768722 13.42517845 13.39071629
 13.32813234 13.39921495 13.39921495 13.34002049 13.37684916 13.41938529
 13.46577845 13.35522426 13.40529243 13.3587941  13.4877328  13.36025625
 13.46220278 13.35564564 13.47282592 13.32589945 13.42982519 13.40491507
 13.35416915 13.35921233 13.39959732 13.33124184 13.39768202 13.43441866
 13.37564037 13.36729384 13.31846019 13.33784039 13.44447663 13.32813234
 13.32162953 13.40226447 13.461876   13.41535454 13.47598411 13.37240126
 13.55442304 13.37564037 13.33914965 13.50779268 13.37077301 13.40188447
 13.49850347 13.48221701 13.4011234  13.33914965 13.37199475 13.33212675
 13.34175763 13.40340244 13.31732347 13.40378115 13.33256859 13.38915316
 13.32162953 13.32117797 13.50664591 13.41313929 13.33301007 13.32634682
 13.4840654  13.32857774 13.32634682 13.5668624  13.53095763 13.53201822
 13.47786564 13.3229818  13.39883224 13.38085523 13.42625558 13.4086733
 13.33079883 13.40979424 13.33345112 13.42047781 13.33477201 13.32500349
 13.32095206 13.33168448 13.32946736 13.69639673 13.58051962 13.42768722
 13.34175763 13.34088982] 296
bidsort lists= 296 296
 296
SNAP 33
EPS -0.029225716019427646
galrad= 0.01
!!! agesel
Found 482 stars.
Rotated pos.
Rotated vel.
Calculating circularities
dty= [13.48283426 13.33805889 13.62517104 13.33784039 13.40264413 13.33827724
 13.46642483 13.40131378 13.42643481 13.33124184 13.53726499 13.43000285
 13.45294197 13.34348858 13.44550245 13.31160212 13.27541761 13.39844919
 13.34175763 13.27762873 13.32027362 13.47059848 13.40359181 13.40848615
 13.3928565  13.46415748 13.45025349 13.38758448 13.50376107 13.32813234
 13.3522641  13.41590649 13.31137191 13.40904724 13.46771415 13.42840116
 13.41902049 13.43195188 13.41128422 13.32968953 13.3505643  13.36708837
 13.40736169 13.30674687 13.42192996 13.3229818  13.2846936  13.35459149
 13.51959103 13.4762984  13.40585775 13.39517946 13.31686813 13.32049988
 13.3473609  13.31891417 13.34778928 13.34284024 13.32724038 13.60334161
 13.42174873 13.35205193 13.48529225 13.28662657 13.377854   13.42084134
 13.44924036 13.32902276 13.42011394 13.31936771 13.28975313 13.27836375
 13.2923846  13.35669743 13.29760926 13.50893538 13.54948368 13.54546847
 13.37925706 13.30581695 13.41810708 13.47155481 13.4184727  13.38085523
 13.41609031 13.27615563 13.34002049 13.58664819 13.33521153 13.34002049
 13.34284024 13.35837551 13.36688276 13.440692   13.52559781 13.41792411
 13.45727028 13.38005687 13.38719146 13.46089386 13.35627701 13.451936
 13.28396695 13.35585616 13.37321317 13.38640434 13.43088997 13.32991159
 13.41239825 13.3571175  13.3055842  13.45227164 13.33190566 13.3642021
 13.43053534 13.30651456 13.29286171 13.34607358 13.3955654  13.43791624
 13.37805471 13.40415946 13.37341594 13.27860861 13.4536111  13.29678149
 13.39652881 13.39517946 13.43791624 13.30231499 13.34262386 13.40074239
 13.317551   13.38601023 13.34778928 13.3338918  13.51514824 13.3041856
 13.27319771 13.29973201 13.40245434 13.42481881 13.29476581 13.30278323
 13.36502856 13.42102298 13.33234775 13.45990914 13.34778928 13.35942128
 13.42946969 13.29286171 13.42893579 13.38085523 13.35247617 13.36502856
 13.29737289 13.28493556 13.34305646 13.31068078 13.40207451 13.37684916
 13.4509274  13.44241689 13.28348198 13.38284495 13.36212949 13.36729384
 13.31936771 13.4079243  13.35753722 13.461876   13.37624516 13.38443041
 13.307907   13.41128422 13.45227164 13.40150413 13.45494584 13.31527107
 13.28105067 13.33124184 13.30918017 13.33652773 13.28396695 13.42517845
 13.35753722 13.33696567 13.30511842 13.31686813 13.39382593 13.42011394
 13.29310009 13.46480675 13.30090763 13.4182899  13.39149574 13.31068078
 13.50893538 13.31777844 13.43652094 13.29737289 13.35013844 13.40415946
 13.45958029 13.39921495 13.31343987 13.36025625 13.28662657 13.43018043
 13.40979424 13.38719146 13.32049988 13.29214594 13.39652881 13.4079243
 13.45059055 13.44618476 13.5179324  13.31846019 13.4291138  13.41424838
 13.31275146 13.37765321 13.38993541 13.29119006 13.40642237 13.29996737
 13.38758448 13.27787382 13.50549506 13.40074239 13.41498615 13.46448225
 13.42768722 13.33256859 13.30161177 13.28372448 13.40491507 13.36129783
 13.3571175  13.43018043 13.40642237 13.2935765  13.28493556 13.37016095
 13.28153777 13.31504254 13.39921495 13.41091222 13.30254919 13.36708837
 13.40378115 13.37564037 13.41682482 13.37402367 13.43999989 13.34175763
 13.34521344 13.39071629 13.30114246 13.35035141 13.42047781 13.30231499
 13.27566376 13.31389826 13.37925706 13.41276897 13.41350934 13.45260696
 13.33784039 13.59135774 13.2935765  13.42982519 13.41498615 13.40491507
 13.35522426 13.3473609  13.41202726 13.41239825 13.41016724 13.41810708
 13.35753722 13.30043769 13.29381459 13.28927328 13.29973201 13.29595243
 13.35459149 13.38443041 13.31458514 13.40529243 13.4605659  13.4877328
 13.30020258 13.30767517 13.35247617 13.46383241 13.30906453 13.28975313
 13.28975313 13.36729384 13.28999288 13.35416915 13.33234775 13.28226769
 13.31641229 13.36004766 13.28226769 13.40226447 13.49791409 13.50779268
 13.28517748 13.3338918  13.39959732 13.461876   13.31549956 13.28831236
 13.31137191 13.46220278 13.37965711 13.32230612 13.27909783 13.47282592
 13.38403458 13.28445148 13.41535454 13.41609031 13.51903912 13.33630859
 13.31732347 13.51682166 13.49613962 13.41202726 13.2950033  13.47409261
 13.4011234  13.32162953 13.32589945 13.39768202 13.44447663 13.28638535
 13.58621547 13.44379129 13.38915316 13.28153777 13.42553782 13.28975313
 13.33323064 13.29142918 13.4840654  13.36171387 13.27467865 13.51570702
 13.47409261 13.2827537  13.46383241 13.41609031 13.46642483 13.44788532
 13.41091222 13.28178117 13.38005687 13.28105067 13.37158783 13.37036504
 13.38561584 13.28251074 13.28831236 13.30020258 13.32946736] 371
glb= [13.48283426 13.33805889 13.62517104 13.33784039 13.40264413 13.33827724
 13.46642483 13.40131378 13.42643481 13.33124184 13.53726499 13.43000285
 13.45294197 13.34348858 13.44550245 13.31160212 13.27541761 13.39844919
 13.34175763 13.27762873 13.32027362 13.47059848 13.40359181 13.40848615
 13.3928565  13.46415748 13.45025349 13.38758448 13.50376107 13.32813234
 13.3522641  13.41590649 13.31137191 13.40904724 13.46771415 13.42840116
 13.41902049 13.43195188 13.41128422 13.32968953 13.3505643  13.36708837
 13.40736169 13.30674687 13.42192996 13.3229818  13.2846936  13.35459149
 13.51959103 13.4762984  13.40585775 13.39517946 13.31686813 13.32049988
 13.3473609  13.31891417 13.34778928 13.34284024 13.32724038 13.60334161
 13.42174873 13.35205193 13.48529225 13.28662657 13.377854   13.42084134
 13.44924036 13.32902276 13.42011394 13.31936771 13.28975313 13.27836375
 13.2923846  13.35669743 13.29760926 13.50893538 13.54948368 13.54546847
 13.37925706 13.30581695 13.41810708 13.47155481 13.4184727  13.38085523
 13.41609031 13.27615563 13.34002049 13.58664819 13.33521153 13.34002049
 13.34284024 13.35837551 13.36688276 13.440692   13.52559781 13.41792411
 13.45727028 13.38005687 13.38719146 13.46089386 13.35627701 13.451936
 13.28396695 13.35585616 13.37321317 13.38640434 13.43088997 13.32991159
 13.41239825 13.3571175  13.3055842  13.45227164 13.33190566 13.3642021
 13.43053534 13.30651456 13.29286171 13.34607358 13.3955654  13.43791624
 13.37805471 13.40415946 13.37341594 13.27860861 13.4536111  13.29678149
 13.39652881 13.39517946 13.43791624 13.30231499 13.34262386 13.40074239
 13.317551   13.38601023 13.34778928 13.3338918  13.51514824 13.3041856
 13.27319771 13.29973201 13.40245434 13.42481881 13.29476581 13.30278323
 13.36502856 13.42102298 13.33234775 13.45990914 13.34778928 13.35942128
 13.42946969 13.29286171 13.42893579 13.38085523 13.35247617 13.36502856
 13.29737289 13.28493556 13.34305646 13.31068078 13.40207451 13.37684916
 13.4509274  13.44241689 13.28348198 13.38284495 13.36212949 13.36729384
 13.31936771 13.4079243  13.35753722 13.461876   13.37624516 13.38443041
 13.307907   13.41128422 13.45227164 13.40150413 13.45494584 13.31527107
 13.28105067 13.33124184 13.30918017 13.33652773 13.28396695 13.42517845
 13.35753722 13.33696567 13.30511842 13.31686813 13.39382593 13.42011394
 13.29310009 13.46480675 13.30090763 13.4182899  13.39149574 13.31068078
 13.50893538 13.31777844 13.43652094 13.29737289 13.35013844 13.40415946
 13.45958029 13.39921495 13.31343987 13.36025625 13.28662657 13.43018043
 13.40979424 13.38719146 13.32049988 13.29214594 13.39652881 13.4079243
 13.45059055 13.44618476 13.5179324  13.31846019 13.4291138  13.41424838
 13.31275146 13.37765321 13.38993541 13.29119006 13.40642237 13.29996737
 13.38758448 13.27787382 13.50549506 13.40074239 13.41498615 13.46448225
 13.42768722 13.33256859 13.30161177 13.28372448 13.40491507 13.36129783
 13.3571175  13.43018043 13.40642237 13.2935765  13.28493556 13.37016095
 13.28153777 13.31504254 13.39921495 13.41091222 13.30254919 13.36708837
 13.40378115 13.37564037 13.41682482 13.37402367 13.43999989 13.34175763
 13.34521344 13.39071629 13.30114246 13.35035141 13.42047781 13.30231499
 13.27566376 13.31389826 13.37925706 13.41276897 13.41350934 13.45260696
 13.33784039 13.59135774 13.2935765  13.42982519 13.41498615 13.40491507
 13.35522426 13.3473609  13.41202726 13.41239825 13.41016724 13.41810708
 13.35753722 13.30043769 13.29381459 13.28927328 13.29973201 13.29595243
 13.35459149 13.38443041 13.31458514 13.40529243 13.4605659  13.4877328
 13.30020258 13.30767517 13.35247617 13.46383241 13.30906453 13.28975313
 13.28975313 13.36729384 13.28999288 13.35416915 13.33234775 13.28226769
 13.31641229 13.36004766 13.28226769 13.40226447 13.49791409 13.50779268
 13.28517748 13.3338918  13.39959732 13.461876   13.31549956 13.28831236
 13.31137191 13.46220278 13.37965711 13.32230612 13.27909783 13.47282592
 13.38403458 13.28445148 13.41535454 13.41609031 13.51903912 13.33630859
 13.31732347 13.51682166 13.49613962 13.41202726 13.2950033  13.47409261
 13.4011234  13.32162953 13.32589945 13.39768202 13.44447663 13.28638535
 13.58621547 13.44379129 13.38915316 13.28153777 13.42553782 13.28975313
 13.33323064 13.29142918 13.4840654  13.36171387 13.27467865 13.51570702
 13.47409261 13.2827537  13.46383241 13.41609031 13.46642483 13.44788532
 13.41091222 13.28178117 13.38005687 13.28105067 13.37158783 13.37036504
 13.38561584 13.28251074 13.28831236 13.30020258 13.32946736] 371
bidsort lists= 371 371
 371
SNAP 34
EPS -0.02741322932684089
galrad= 0.01
!!! agesel
Found 564 stars.
Rotated pos.
Rotated vel.
Calculating circularities
dty= [13.33805889 13.62517104 13.48283426 13.33124184 13.33784039 13.34348858
 13.42643481 13.40264413 13.33827724 13.43000285 13.43195188 13.40848615
 13.45025349 13.40131378 13.45294197 13.40736169 13.41590649 13.40904724
 13.46642483 13.23802674 13.41128422 13.31160212 13.35669743 13.48529225
 13.53726499 13.29678149 13.44550245 13.23433704 13.42840116 13.34175763
 13.23341103 13.27541761 13.54546847 13.27196062 13.25307115 13.40585775
 13.31891417 13.23973202 13.46415748 13.46771415 13.39844919 13.24455884
 13.50893538 13.36708837 13.32813234 13.47155481 13.38085523 13.42192996
 13.3928565  13.3473609  13.3229818  13.26297198 13.34778928 13.47059848
 13.34002049 13.38758448 13.26297198 13.34002049 13.42174873 13.24169361
 13.4184727  13.25127589 13.38005687 13.28348198 13.29737289 13.30278323
 13.35627701 13.32027362 13.42084134 13.30674687 13.42011394 13.32968953
 13.45990914 13.31137191 13.37341594 13.38085523 13.41239825 13.2630978
 13.46480675 13.24169361 13.31936771 13.27762873 13.58664819 13.29286171
 13.50376107 13.32991159 13.51959103 13.32724038 13.317551   13.51514824
 13.27860861 13.24715151 13.34778928 13.30918017 13.35585616 13.25076195
 13.24064824 13.41902049 13.39517946 13.3522641  13.50893538 13.40359181
 13.29760926 13.39652881 13.24247644 13.29310009 13.35459149 13.27615563
 13.32049988 13.4536111  13.377854   13.24038663 13.39382593 13.31389826
 13.38640434 13.42011394 13.44924036 13.3338918  13.27121705 13.4509274
 13.33652773 13.25024754 13.45958029 13.28975313 13.35837551 13.26723452
 13.33190566 13.34284024 13.3505643  13.42946969 13.44788532 13.35942128
 13.30301723 13.41810708 13.461876   13.33696567 13.31686813 13.31343987
 13.4079243  13.40415946 13.40642237 13.28396695 13.41609031 13.38758448
 13.35205193 13.25409453 13.36212949 13.23907673 13.30674687 13.41810708
 13.37925706 13.3955654  13.31686813 13.4182899  13.30090763 13.27319771
 13.2846936  13.2923846  13.41792411 13.37765321 13.3041856  13.307907
 13.30161177 13.4762984  13.41350934 13.23644821 13.32049988 13.52559781
 13.40074239 13.38719146 13.29476581 13.36502856 13.31068078 13.33521153
 13.35247617 13.40245434 13.45727028 13.30231499 13.36688276 13.42047781
 13.24195465 13.3934384  13.42102298 13.26773386 13.59135774 13.29286171
 13.60334161 13.2525588  13.39517946 13.43124423 13.34284024 13.28153777
 13.26196439 13.40207451 13.37805471 13.27836375 13.3642021  13.26221647
 13.26347512 13.31458514 13.3055842  13.40979424 13.45260696 13.45059055
 13.29996737 13.34607358 13.25076195 13.37321317 13.440692   13.33234775
 13.25178936 13.30581695 13.38284495 13.38601023 13.25562617 13.27220826
 13.41498615 13.36502856 13.54948368 13.38719146 13.29595243 13.32902276
 13.38443041 13.24792704 13.4079243  13.4182899  13.41091222 13.38993541
 13.43791624 13.33234775 13.30767517 13.33124184 13.40150413 13.37624516
 13.256645   13.43088997 13.37925706 13.23354339 13.24390884 13.34175763
 13.37016095 13.3571175  13.33256859 13.5179324  13.56214588 13.45227164
 13.36708837 13.31777844 13.42893579 13.41424838 13.28662657 13.28493556
 13.36729384 13.26860666 13.28662657 13.25893081 13.27022402 13.24572692
 13.31527107 13.50549506 13.35013844 13.30651456 13.28396695 13.42481881
 13.3571175  13.40074239 13.34778928 13.41016724 13.28056312 13.32410593
 13.44584374 13.28372448 13.32320683 13.4291138  13.24351854 13.31936771
 13.38640434 13.25867725 13.41128422 13.26120751 13.41276897 13.48097931
 13.45494584 13.40491507 13.30137719 13.30231499 13.451936   13.34478283
 13.35753722 13.44241689 13.41202726 13.40415946 13.43053534 13.24143247
 13.29737289 13.30441898 13.37684916 13.43791624 13.51682166 13.31504254
 13.30114246 13.35522426 13.39071629 13.34002049 13.49732365 13.31068078
 13.2935765  13.23802674 13.34305646 13.35035141 13.3338918  13.26372654
 13.30511842 13.35564564 13.39921495 13.25613581 13.29214594 13.23828939
 13.30395213 13.31366911 13.2346013  13.23907673 13.33630859 13.43652094
 13.39652881 13.28105067 13.36129783 13.31275146 13.27848621 13.31321047
 13.35753722 13.34262386 13.41682482 13.42517845 13.45227164 13.23960106
 13.24351854 13.31137191 13.30906453 13.39149574 13.30488539 13.40378115
 13.43195188 13.35247617 13.44618476 13.38403458 13.31183218 13.46577845
 13.29973201 13.46089386 13.46448225 13.3587941  13.24792704 13.29973201
 13.28975313 13.4605659  13.461876   13.3587941  13.27295052 13.33079883
 13.40642237 13.29119006 13.32813234 13.25101897 13.461876   13.43018043
 13.37240126 13.38443041 13.28517748 13.23592114 13.33784039 13.42768722
 13.37402367 13.24038663 13.26673471 13.27713809 13.41498615 13.37965711
 13.36025625 13.28927328 13.35416915 13.34821724 13.43999989 13.32162953
 13.34348858 13.31641229 13.31846019 13.28226769 13.25307115 13.27282686
 13.37564037 13.26297198 13.28999288 13.4877328  13.40491507 13.31091128
 13.27787382 13.43441866 13.35247617 13.24012485 13.42982519 13.46577845
 13.23802674 13.25409453 13.30254919 13.3034849  13.48345041 13.41128422
 13.30535136 13.3473609  13.30067271 13.27517143 13.32589945 13.27566376
 13.42553782 13.23776393 13.60654033 13.24090975 13.28662657 13.36626551
 13.28638535 13.47282592 13.40226447 13.58621547 13.46220278 13.35921233
 13.2525588  13.28638535 13.27787382 13.27072076 13.46383241 13.38915316
 13.35753722 13.47535473 13.24715151 13.24818529 13.24429893 13.28493556
 13.28975313 13.34348858 13.36212949 13.32185518 13.24481859 13.40036104
 13.27541761 13.24999016 13.41535454 13.45892176 13.34521344 13.31732347
 13.24585656 13.28056312 13.25613581 13.31641229 13.36358128 13.41938529
 13.24766863 13.36295961 13.36171387 13.50779268 13.40942091 13.26120751
 13.43336334 13.4011234  13.36954804 13.35459149 13.2935765  13.24299769
 13.35459149 13.24403892 13.29214594 13.29973201 13.47409261 13.36004766
 13.41239825 13.23933891 13.37321317 13.26573373 13.25766205 13.26598414
 13.4162741  13.32230612 13.29381459 13.2367116  13.28445148 13.43895946
 13.34800331 13.493759   13.4840654  13.34045534 13.30581695 13.37138427
 13.50318107 13.41202726 13.27492509 13.24377881 13.24585656 13.24377881
 13.25715372 13.29452817 13.3387136  13.256645   13.32857774 13.43826425
 13.40979424 13.49196236 13.26372654 13.31641229 13.49791409 13.43406721
 13.29737289 13.25050476 13.51233924 13.49613962 13.28927328 13.38403458
 13.25409453 13.3848259  13.38601023 13.36212949 13.29784555 13.30254919
 13.25050476 13.23486552 13.32500349 13.31504254 13.4291138  13.34949891
 13.45859202 13.2632236  13.23539353 13.31068078 13.56498584 13.49850347
 13.25511606 13.26120751 13.28007512 13.2525588  13.24999016 13.34175763
 13.2591842  13.25204598 13.35795657 13.23960106 13.36461548 13.40491507
 13.39806575 13.39110622 13.39498636 13.26823276] 550
glb= [13.33805889 13.62517104 13.48283426 13.33124184 13.33784039 13.34348858
 13.42643481 13.40264413 13.33827724 13.43000285 13.43195188 13.40848615
 13.45025349 13.40131378 13.45294197 13.40736169 13.41590649 13.40904724
 13.46642483 13.23802674 13.41128422 13.31160212 13.35669743 13.48529225
 13.53726499 13.29678149 13.44550245 13.23433704 13.42840116 13.34175763
 13.23341103 13.27541761 13.54546847 13.27196062 13.25307115 13.40585775
 13.31891417 13.23973202 13.46415748 13.46771415 13.39844919 13.24455884
 13.50893538 13.36708837 13.32813234 13.47155481 13.38085523 13.42192996
 13.3928565  13.3473609  13.3229818  13.26297198 13.34778928 13.47059848
 13.34002049 13.38758448 13.26297198 13.34002049 13.42174873 13.24169361
 13.4184727  13.25127589 13.38005687 13.28348198 13.29737289 13.30278323
 13.35627701 13.32027362 13.42084134 13.30674687 13.42011394 13.32968953
 13.45990914 13.31137191 13.37341594 13.38085523 13.41239825 13.2630978
 13.46480675 13.24169361 13.31936771 13.27762873 13.58664819 13.29286171
 13.50376107 13.32991159 13.51959103 13.32724038 13.317551   13.51514824
 13.27860861 13.24715151 13.34778928 13.30918017 13.35585616 13.25076195
 13.24064824 13.41902049 13.39517946 13.3522641  13.50893538 13.40359181
 13.29760926 13.39652881 13.24247644 13.29310009 13.35459149 13.27615563
 13.32049988 13.4536111  13.377854   13.24038663 13.39382593 13.31389826
 13.38640434 13.42011394 13.44924036 13.3338918  13.27121705 13.4509274
 13.33652773 13.25024754 13.45958029 13.28975313 13.35837551 13.26723452
 13.33190566 13.34284024 13.3505643  13.42946969 13.44788532 13.35942128
 13.30301723 13.41810708 13.461876   13.33696567 13.31686813 13.31343987
 13.4079243  13.40415946 13.40642237 13.28396695 13.41609031 13.38758448
 13.35205193 13.25409453 13.36212949 13.23907673 13.30674687 13.41810708
 13.37925706 13.3955654  13.31686813 13.4182899  13.30090763 13.27319771
 13.2846936  13.2923846  13.41792411 13.37765321 13.3041856  13.307907
 13.30161177 13.4762984  13.41350934 13.23644821 13.32049988 13.52559781
 13.40074239 13.38719146 13.29476581 13.36502856 13.31068078 13.33521153
 13.35247617 13.40245434 13.45727028 13.30231499 13.36688276 13.42047781
 13.24195465 13.3934384  13.42102298 13.26773386 13.59135774 13.29286171
 13.60334161 13.2525588  13.39517946 13.43124423 13.34284024 13.28153777
 13.26196439 13.40207451 13.37805471 13.27836375 13.3642021  13.26221647
 13.26347512 13.31458514 13.3055842  13.40979424 13.45260696 13.45059055
 13.29996737 13.34607358 13.25076195 13.37321317 13.440692   13.33234775
 13.25178936 13.30581695 13.38284495 13.38601023 13.25562617 13.27220826
 13.41498615 13.36502856 13.54948368 13.38719146 13.29595243 13.32902276
 13.38443041 13.24792704 13.4079243  13.4182899  13.41091222 13.38993541
 13.43791624 13.33234775 13.30767517 13.33124184 13.40150413 13.37624516
 13.256645   13.43088997 13.37925706 13.23354339 13.24390884 13.34175763
 13.37016095 13.3571175  13.33256859 13.5179324  13.56214588 13.45227164
 13.36708837 13.31777844 13.42893579 13.41424838 13.28662657 13.28493556
 13.36729384 13.26860666 13.28662657 13.25893081 13.27022402 13.24572692
 13.31527107 13.50549506 13.35013844 13.30651456 13.28396695 13.42481881
 13.3571175  13.40074239 13.34778928 13.41016724 13.28056312 13.32410593
 13.44584374 13.28372448 13.32320683 13.4291138  13.24351854 13.31936771
 13.38640434 13.25867725 13.41128422 13.26120751 13.41276897 13.48097931
 13.45494584 13.40491507 13.30137719 13.30231499 13.451936   13.34478283
 13.35753722 13.44241689 13.41202726 13.40415946 13.43053534 13.24143247
 13.29737289 13.30441898 13.37684916 13.43791624 13.51682166 13.31504254
 13.30114246 13.35522426 13.39071629 13.34002049 13.49732365 13.31068078
 13.2935765  13.23802674 13.34305646 13.35035141 13.3338918  13.26372654
 13.30511842 13.35564564 13.39921495 13.25613581 13.29214594 13.23828939
 13.30395213 13.31366911 13.2346013  13.23907673 13.33630859 13.43652094
 13.39652881 13.28105067 13.36129783 13.31275146 13.27848621 13.31321047
 13.35753722 13.34262386 13.41682482 13.42517845 13.45227164 13.23960106
 13.24351854 13.31137191 13.30906453 13.39149574 13.30488539 13.40378115
 13.43195188 13.35247617 13.44618476 13.38403458 13.31183218 13.46577845
 13.29973201 13.46089386 13.46448225 13.3587941  13.24792704 13.29973201
 13.28975313 13.4605659  13.461876   13.3587941  13.27295052 13.33079883
 13.40642237 13.29119006 13.32813234 13.25101897 13.461876   13.43018043
 13.37240126 13.38443041 13.28517748 13.23592114 13.33784039 13.42768722
 13.37402367 13.24038663 13.26673471 13.27713809 13.41498615 13.37965711
 13.36025625 13.28927328 13.35416915 13.34821724 13.43999989 13.32162953
 13.34348858 13.31641229 13.31846019 13.28226769 13.25307115 13.27282686
 13.37564037 13.26297198 13.28999288 13.4877328  13.40491507 13.31091128
 13.27787382 13.43441866 13.35247617 13.24012485 13.42982519 13.46577845
 13.23802674 13.25409453 13.30254919 13.3034849  13.48345041 13.41128422
 13.30535136 13.3473609  13.30067271 13.27517143 13.32589945 13.27566376
 13.42553782 13.23776393 13.60654033 13.24090975 13.28662657 13.36626551
 13.28638535 13.47282592 13.40226447 13.58621547 13.46220278 13.35921233
 13.2525588  13.28638535 13.27787382 13.27072076 13.46383241 13.38915316
 13.35753722 13.47535473 13.24715151 13.24818529 13.24429893 13.28493556
 13.28975313 13.34348858 13.36212949 13.32185518 13.24481859 13.40036104
 13.27541761 13.24999016 13.41535454 13.45892176 13.34521344 13.31732347
 13.24585656 13.28056312 13.25613581 13.31641229 13.36358128 13.41938529
 13.24766863 13.36295961 13.36171387 13.50779268 13.40942091 13.26120751
 13.43336334 13.4011234  13.36954804 13.35459149 13.2935765  13.24299769
 13.35459149 13.24403892 13.29214594 13.29973201 13.47409261 13.36004766
 13.41239825 13.23933891 13.37321317 13.26573373 13.25766205 13.26598414
 13.4162741  13.32230612 13.29381459 13.2367116  13.28445148 13.43895946
 13.34800331 13.493759   13.4840654  13.34045534 13.30581695 13.37138427
 13.50318107 13.41202726 13.27492509 13.24377881 13.24585656 13.24377881
 13.25715372 13.29452817 13.3387136  13.256645   13.32857774 13.43826425
 13.40979424 13.49196236 13.26372654 13.31641229 13.49791409 13.43406721
 13.29737289 13.25050476 13.51233924 13.49613962 13.28927328 13.38403458
 13.25409453 13.3848259  13.38601023 13.36212949 13.29784555 13.30254919
 13.25050476 13.23486552 13.32500349 13.31504254 13.4291138  13.34949891
 13.45859202 13.2632236  13.23539353 13.31068078 13.56498584 13.49850347
 13.25511606 13.26120751 13.28007512 13.2525588  13.24999016 13.34175763
 13.2591842  13.25204598 13.35795657 13.23960106 13.36461548 13.40491507
 13.39806575 13.39110622 13.39498636 13.26823276] 550
bidsort lists= 550 550
 550
SNAP 35
EPS -0.034833706356995606
galrad= 0.01
!!! agesel
Found 668 stars.
Rotated pos.
Rotated vel.
Calculating circularities
dty= [13.45025349 13.34348858 13.23341103 13.46771415 13.32968953 13.27319771
 13.62517104 13.25076195 13.31137191 13.34284024 13.40207451 13.3041856
 13.40979424 13.42643481 13.27541761 13.22110623 13.41276897 13.43195188
 13.53726499 13.33805889 13.34002049 13.23973202 13.30674687 13.38085523
 13.48529225 13.48283426 13.33521153 13.20536842 13.22326427 13.31160212
 13.30161177 13.40848615 13.22299493 13.42893579 13.22434041 13.36708837
 13.40585775 13.47059848 13.26297198 13.30114246 13.4079243  13.3522641
 13.19149548 13.3955654  13.32724038 13.3229818  13.33784039 13.20286866
 13.46415748 13.40736169 13.31068078 13.20259027 13.19783908 13.30674687
 13.33124184 13.217719   13.4509274  13.22929279 13.35205193 13.44788532
 13.22635303 13.25867725 13.2075821  13.3642021  13.40904724 13.42084134
 13.34284024 13.19545004 13.54546847 13.43124423 13.41128422 13.38005687
 13.40415946 13.31686813 13.1920619  13.42840116 13.19248641 13.23433704
 13.41792411 13.35837551 13.34305646 13.3928565  13.23089029 13.19910023
 13.21921165 13.22595105 13.19389936 13.22995898 13.31936771 13.38085523
 13.41590649 13.2525588  13.27762873 13.27615563 13.307907   13.46642483
 13.22501201 13.4184727  13.43000285 13.27196062 13.35013844 13.37341594
 13.3055842  13.22648698 13.21129999 13.40131378 13.42192996 13.23802674
 13.30535136 13.24455884 13.4762984  13.35627701 13.45294197 13.58664819
 13.27836375 13.33256859 13.2090995  13.45990914 13.31891417 13.35669743
 13.27860861 13.36688276 13.45892176 13.47155481 13.42011394 13.3934384
 13.34002049 13.19502746 13.35459149 13.28493556 13.50893538 13.28975313
 13.44550245 13.317551   13.51959103 13.27295052 13.35585616 13.27541761
 13.31527107 13.38719146 13.41128422 13.29476581 13.40264413 13.21961816
 13.29678149 13.31936771 13.33190566 13.30301723 13.22326427 13.34175763
 13.3338918  13.24792704 13.33234775 13.39517946 13.39844919 13.36502856
 13.21635882 13.51514824 13.22339889 13.33827724 13.22137642 13.28153777
 13.41424838 13.21567763 13.43652094 13.29310009 13.41350934 13.30278323
 13.45227164 13.32813234 13.26347512 13.22715622 13.32049988 13.50893538
 13.46480675 13.28372448 13.22568287 13.34175763 13.20398091 13.26196439
 13.45727028 13.19979977 13.37564037 13.31777844 13.42102298 13.19276924
 13.21226024 13.21907615 13.1920619  13.21608644 13.19924019 13.32813234
 13.52559781 13.22447476 13.19474561 13.2174472  13.4536111  13.36212949
 13.38640434 13.23354339 13.40359181 13.25101897 13.22902617 13.26860666
 13.22915949 13.2846936  13.19727777 13.34778928 13.39110622 13.24377881
 13.31389826 13.38758448 13.23644821 13.256645   13.21280826 13.3571175
 13.22902617 13.39652881 13.19404048 13.377854   13.32991159 13.20119656
 13.59135774 13.25307115 13.18851338 13.37925706 13.24064824 13.45958029
 13.27121705 13.26221647 13.21390292 13.29737289 13.18936683 13.42011394
 13.28056312 13.5179324  13.21581395 13.22137642 13.23142186 13.2630978
 13.26120751 13.50376107 13.4079243  13.27517143 13.30767517 13.31343987
 13.22715622 13.41128422 13.21431295 13.25178936 13.40074239 13.3505643
 13.32027362 13.23089029 13.22755737 13.31458514 13.58621547 13.22151143
 13.19078671 13.24169361 13.34778928 13.46448225 13.1916371  13.23592114
 13.21308215 13.35522426 13.30918017 13.26673471 13.35774694 13.41810708
 13.45227164 13.37805471 13.40942091 13.50549506 13.19135379 13.35247617
 13.28662657 13.20175441 13.38601023 13.20854816 13.47535473 13.25024754
 13.39517946 13.4182899  13.24195465 13.22662086 13.33696567 13.20923726
 13.42768722 13.23907673 13.29973201 13.37765321 13.40074239 13.21102533
 13.19446366 13.41902049 13.20411975 13.48097931 13.24038663 13.24715151
 13.19177871 13.37321317 13.38284495 13.42047781 13.41091222 13.18851338
 13.24818529 13.33234775 13.3473609  13.38719146 13.42174873 13.33212675
 13.3818512  13.19671591 13.25127589 13.24715151 13.33652773 13.28396695
 13.26723452 13.26372654 13.22070075 13.39382593 13.24247644 13.40245434
 13.60334161 13.37624516 13.21390292 13.32320683 13.34778928 13.36129783
 13.451936   13.21608644 13.26297198 13.28396695 13.30231499 13.30254919
 13.24351854 13.27220826 13.32365659 13.27787382 13.25076195 13.23802674
 13.4182899  13.24143247 13.20550703 13.27787382 13.39071629 13.4605659
 13.35942128 13.24169361 13.20091748 13.20481381 13.21499567 13.21335586
 13.21198604 13.461876   13.2923846  13.37925706 13.48437255 13.46089386
 13.28348198 13.29595243 13.19276924 13.4840654  13.35564564 13.4291138
 13.24090975 13.30581695 13.41609031 13.29286171 13.23009209 13.23512958
 13.30090763 13.44924036 13.31137191 13.29760926 13.34607358 13.30906453
 13.440692   13.3034849  13.43053534 13.27196062 13.31641229 13.20785829
 13.3571175  13.24390884 13.3338918  13.21226024 13.51682166 13.2346013
 13.38993541 13.38403458 13.21006317 13.26773386 13.26297198 13.20619949
 13.41239825 13.26523262 13.42946969 13.19924019 13.31275146 13.21157448
 13.29973201 13.33079883 13.32410593 13.30511842 13.31686813 13.22715622
 13.38443041 13.21349267 13.38915316 13.18993517 13.41810708 13.40642237
 13.44241689 13.26120751 13.29119006 13.38758448 13.35247617 13.28975313
 13.28662657 13.20730582 13.31641229 13.33630859 13.29286171 13.21785486
 13.40150413 13.35753722 13.33124184 13.26598414 13.3338918  13.24351854
 13.51626486 13.28056312 13.48651466 13.45260696 13.43791624 13.44447663
 13.38443041 13.36708837 13.30231499 13.2525588  13.2185336  13.36770451
 13.40642237 13.29737289 13.23907673 13.43088997 13.25562617 13.39921495
 13.24572692 13.25307115 13.23776393 13.28662657 13.41165588 13.34478283
 13.461876   13.44447663 13.37402367 13.32049988 13.3587941  13.41016724
 13.32902276 13.35035141 13.37016095 13.20564557 13.19559079 13.46577845
 13.38640434 13.46220278 13.45059055 13.23802674 13.36502856 13.30137719
 13.21988895 13.31183218 13.35459149 13.34262386 13.21785486 13.19839991
 13.21116264 13.25050476 13.19587226 13.27022402 13.43791624 13.42481881
 13.31641229 13.36626551 13.41682482 13.56214588 13.41202726 13.41091222
 13.31504254 13.31068078 13.30441898 13.56214588 13.38085523 13.34800331
 13.35247617 13.21033823 13.32857774 13.39652881 13.19643482 13.41016724
 13.23075735 13.54948368 13.37240126 13.41498615 13.41498615 13.36729384
 13.44618476 13.30628216 13.30395213 13.43195188 13.22110623 13.40036104
 13.25893081 13.29996737 13.3571175  13.25613581 13.37684916 13.39768202
 13.42982519 13.34002049 13.24999016 13.29973201 13.21431295 13.27072076
 13.40415946 13.42982519 13.493759   13.39883224 13.28105067 13.40491507
 13.27282686 13.35459149 13.36212949 13.30067271 13.21988895 13.43336334
 13.4877328  13.23960106 13.37321317 13.21826217 13.25715372 13.43441866
 13.20509117 13.32589945 13.37036504 13.39149574 13.28226769 13.24195465
 13.36295961 13.35120242 13.44584374 13.52233597 13.43018043 13.23933891
 13.30998875 13.26573373 13.28975313 13.2734448  13.37965711 13.35753722
 13.2081343  13.3186872  13.27171288 13.37158783 13.34348858 13.21961816
 13.20592261 13.3473609  13.25435006 13.2174472  13.20398091 13.43018043
 13.2166311  13.28927328 13.18879801 13.27713809 13.28517748 13.42553782
 13.40378115 13.19839991 13.34521344 13.29405252 13.26898036 13.2935765
 13.42517845 13.41313929 13.28999288 13.43999989 13.33433212 13.21198604
 13.36046476 13.46642483 13.32230612 13.27418541 13.39959732 13.20231178
 13.4162741  13.23592114 13.21280826 13.461876   13.26095497 13.21608644
 13.47973713 13.493759   13.22608503 13.46577845 13.33784039 13.34348858
 13.40529243 13.42625558 13.39921495 13.34521344 13.21226024 13.27566376
 13.28975313 13.36025625 13.20453628 13.42732976 13.26196439 13.24403892
 13.21690328 13.3587941  13.2639778  13.47409261 13.20481381 13.36046476
 13.28348198 13.30813875 13.35753722 13.24766863 13.31846019 13.25409453
 13.24012485 13.43687023 13.46448225 13.37564037 13.30043769 13.44584374
 13.28638535 13.27418541 13.26523262 13.34521344 13.26997553 13.36626551
 13.28493556 13.29214594 13.20481381 13.34949891 13.20035887 13.23433704
 13.47661244 13.21253433 13.36954804 13.47911441 13.51233924 13.20730582
 13.19502746 13.27295052 13.33345112 13.22662086 13.20509117 13.41239825
 13.40188447 13.25766205 13.22232106 13.43826425 13.19474561 13.2935765
 13.21061318 13.48345041 13.23115613 13.20175441 13.20231178 13.46383241
 13.47911441 13.21499567 13.32185518 13.26422903 13.23380802 13.26873126
 13.32117797 13.36004766 13.40340244 13.31549956 13.47472423 13.33433212
 13.3587941  13.4086733  13.22742368 13.20730582 13.28178117 13.50664591
 13.50318107 13.27958673 13.32946736 13.52451439 13.29571532 13.22259069
 13.34045534 13.20231178 13.47786564 13.20785829 13.28493556 13.33827724
 13.28783123 13.33914965 13.46707008 13.27220826 13.47219095 13.21444957
 13.29949655 13.30674687 13.23009209 13.20314688 13.42768722 13.19050295
 13.31914099 13.25204598 13.19446366 13.24273711 13.29071149 13.19839991
 13.19389936 13.64456927 13.20063823 13.24273711 13.23009209 13.19559079
 13.23009209 13.26019677 13.27171288 13.34088982 13.25204598 13.19839991
 13.23433704 13.32589945 13.20398091 13.19248641 13.37925706 13.21006317
 13.23539353 13.21499567 13.48894661 13.2591842  13.24169361 13.225817  ] 750
glb= [13.45025349 13.34348858 13.23341103 13.46771415 13.32968953 13.27319771
 13.62517104 13.25076195 13.31137191 13.34284024 13.40207451 13.3041856
 13.40979424 13.42643481 13.27541761 13.22110623 13.41276897 13.43195188
 13.53726499 13.33805889 13.34002049 13.23973202 13.30674687 13.38085523
 13.48529225 13.48283426 13.33521153 13.20536842 13.22326427 13.31160212
 13.30161177 13.40848615 13.22299493 13.42893579 13.22434041 13.36708837
 13.40585775 13.47059848 13.26297198 13.30114246 13.4079243  13.3522641
 13.19149548 13.3955654  13.32724038 13.3229818  13.33784039 13.20286866
 13.46415748 13.40736169 13.31068078 13.20259027 13.19783908 13.30674687
 13.33124184 13.217719   13.4509274  13.22929279 13.35205193 13.44788532
 13.22635303 13.25867725 13.2075821  13.3642021  13.40904724 13.42084134
 13.34284024 13.19545004 13.54546847 13.43124423 13.41128422 13.38005687
 13.40415946 13.31686813 13.1920619  13.42840116 13.19248641 13.23433704
 13.41792411 13.35837551 13.34305646 13.3928565  13.23089029 13.19910023
 13.21921165 13.22595105 13.19389936 13.22995898 13.31936771 13.38085523
 13.41590649 13.2525588  13.27762873 13.27615563 13.307907   13.46642483
 13.22501201 13.4184727  13.43000285 13.27196062 13.35013844 13.37341594
 13.3055842  13.22648698 13.21129999 13.40131378 13.42192996 13.23802674
 13.30535136 13.24455884 13.4762984  13.35627701 13.45294197 13.58664819
 13.27836375 13.33256859 13.2090995  13.45990914 13.31891417 13.35669743
 13.27860861 13.36688276 13.45892176 13.47155481 13.42011394 13.3934384
 13.34002049 13.19502746 13.35459149 13.28493556 13.50893538 13.28975313
 13.44550245 13.317551   13.51959103 13.27295052 13.35585616 13.27541761
 13.31527107 13.38719146 13.41128422 13.29476581 13.40264413 13.21961816
 13.29678149 13.31936771 13.33190566 13.30301723 13.22326427 13.34175763
 13.3338918  13.24792704 13.33234775 13.39517946 13.39844919 13.36502856
 13.21635882 13.51514824 13.22339889 13.33827724 13.22137642 13.28153777
 13.41424838 13.21567763 13.43652094 13.29310009 13.41350934 13.30278323
 13.45227164 13.32813234 13.26347512 13.22715622 13.32049988 13.50893538
 13.46480675 13.28372448 13.22568287 13.34175763 13.20398091 13.26196439
 13.45727028 13.19979977 13.37564037 13.31777844 13.42102298 13.19276924
 13.21226024 13.21907615 13.1920619  13.21608644 13.19924019 13.32813234
 13.52559781 13.22447476 13.19474561 13.2174472  13.4536111  13.36212949
 13.38640434 13.23354339 13.40359181 13.25101897 13.22902617 13.26860666
 13.22915949 13.2846936  13.19727777 13.34778928 13.39110622 13.24377881
 13.31389826 13.38758448 13.23644821 13.256645   13.21280826 13.3571175
 13.22902617 13.39652881 13.19404048 13.377854   13.32991159 13.20119656
 13.59135774 13.25307115 13.18851338 13.37925706 13.24064824 13.45958029
 13.27121705 13.26221647 13.21390292 13.29737289 13.18936683 13.42011394
 13.28056312 13.5179324  13.21581395 13.22137642 13.23142186 13.2630978
 13.26120751 13.50376107 13.4079243  13.27517143 13.30767517 13.31343987
 13.22715622 13.41128422 13.21431295 13.25178936 13.40074239 13.3505643
 13.32027362 13.23089029 13.22755737 13.31458514 13.58621547 13.22151143
 13.19078671 13.24169361 13.34778928 13.46448225 13.1916371  13.23592114
 13.21308215 13.35522426 13.30918017 13.26673471 13.35774694 13.41810708
 13.45227164 13.37805471 13.40942091 13.50549506 13.19135379 13.35247617
 13.28662657 13.20175441 13.38601023 13.20854816 13.47535473 13.25024754
 13.39517946 13.4182899  13.24195465 13.22662086 13.33696567 13.20923726
 13.42768722 13.23907673 13.29973201 13.37765321 13.40074239 13.21102533
 13.19446366 13.41902049 13.20411975 13.48097931 13.24038663 13.24715151
 13.19177871 13.37321317 13.38284495 13.42047781 13.41091222 13.18851338
 13.24818529 13.33234775 13.3473609  13.38719146 13.42174873 13.33212675
 13.3818512  13.19671591 13.25127589 13.24715151 13.33652773 13.28396695
 13.26723452 13.26372654 13.22070075 13.39382593 13.24247644 13.40245434
 13.60334161 13.37624516 13.21390292 13.32320683 13.34778928 13.36129783
 13.451936   13.21608644 13.26297198 13.28396695 13.30231499 13.30254919
 13.24351854 13.27220826 13.32365659 13.27787382 13.25076195 13.23802674
 13.4182899  13.24143247 13.20550703 13.27787382 13.39071629 13.4605659
 13.35942128 13.24169361 13.20091748 13.20481381 13.21499567 13.21335586
 13.21198604 13.461876   13.2923846  13.37925706 13.48437255 13.46089386
 13.28348198 13.29595243 13.19276924 13.4840654  13.35564564 13.4291138
 13.24090975 13.30581695 13.41609031 13.29286171 13.23009209 13.23512958
 13.30090763 13.44924036 13.31137191 13.29760926 13.34607358 13.30906453
 13.440692   13.3034849  13.43053534 13.27196062 13.31641229 13.20785829
 13.3571175  13.24390884 13.3338918  13.21226024 13.51682166 13.2346013
 13.38993541 13.38403458 13.21006317 13.26773386 13.26297198 13.20619949
 13.41239825 13.26523262 13.42946969 13.19924019 13.31275146 13.21157448
 13.29973201 13.33079883 13.32410593 13.30511842 13.31686813 13.22715622
 13.38443041 13.21349267 13.38915316 13.18993517 13.41810708 13.40642237
 13.44241689 13.26120751 13.29119006 13.38758448 13.35247617 13.28975313
 13.28662657 13.20730582 13.31641229 13.33630859 13.29286171 13.21785486
 13.40150413 13.35753722 13.33124184 13.26598414 13.3338918  13.24351854
 13.51626486 13.28056312 13.48651466 13.45260696 13.43791624 13.44447663
 13.38443041 13.36708837 13.30231499 13.2525588  13.2185336  13.36770451
 13.40642237 13.29737289 13.23907673 13.43088997 13.25562617 13.39921495
 13.24572692 13.25307115 13.23776393 13.28662657 13.41165588 13.34478283
 13.461876   13.44447663 13.37402367 13.32049988 13.3587941  13.41016724
 13.32902276 13.35035141 13.37016095 13.20564557 13.19559079 13.46577845
 13.38640434 13.46220278 13.45059055 13.23802674 13.36502856 13.30137719
 13.21988895 13.31183218 13.35459149 13.34262386 13.21785486 13.19839991
 13.21116264 13.25050476 13.19587226 13.27022402 13.43791624 13.42481881
 13.31641229 13.36626551 13.41682482 13.56214588 13.41202726 13.41091222
 13.31504254 13.31068078 13.30441898 13.56214588 13.38085523 13.34800331
 13.35247617 13.21033823 13.32857774 13.39652881 13.19643482 13.41016724
 13.23075735 13.54948368 13.37240126 13.41498615 13.41498615 13.36729384
 13.44618476 13.30628216 13.30395213 13.43195188 13.22110623 13.40036104
 13.25893081 13.29996737 13.3571175  13.25613581 13.37684916 13.39768202
 13.42982519 13.34002049 13.24999016 13.29973201 13.21431295 13.27072076
 13.40415946 13.42982519 13.493759   13.39883224 13.28105067 13.40491507
 13.27282686 13.35459149 13.36212949 13.30067271 13.21988895 13.43336334
 13.4877328  13.23960106 13.37321317 13.21826217 13.25715372 13.43441866
 13.20509117 13.32589945 13.37036504 13.39149574 13.28226769 13.24195465
 13.36295961 13.35120242 13.44584374 13.52233597 13.43018043 13.23933891
 13.30998875 13.26573373 13.28975313 13.2734448  13.37965711 13.35753722
 13.2081343  13.3186872  13.27171288 13.37158783 13.34348858 13.21961816
 13.20592261 13.3473609  13.25435006 13.2174472  13.20398091 13.43018043
 13.2166311  13.28927328 13.18879801 13.27713809 13.28517748 13.42553782
 13.40378115 13.19839991 13.34521344 13.29405252 13.26898036 13.2935765
 13.42517845 13.41313929 13.28999288 13.43999989 13.33433212 13.21198604
 13.36046476 13.46642483 13.32230612 13.27418541 13.39959732 13.20231178
 13.4162741  13.23592114 13.21280826 13.461876   13.26095497 13.21608644
 13.47973713 13.493759   13.22608503 13.46577845 13.33784039 13.34348858
 13.40529243 13.42625558 13.39921495 13.34521344 13.21226024 13.27566376
 13.28975313 13.36025625 13.20453628 13.42732976 13.26196439 13.24403892
 13.21690328 13.3587941  13.2639778  13.47409261 13.20481381 13.36046476
 13.28348198 13.30813875 13.35753722 13.24766863 13.31846019 13.25409453
 13.24012485 13.43687023 13.46448225 13.37564037 13.30043769 13.44584374
 13.28638535 13.27418541 13.26523262 13.34521344 13.26997553 13.36626551
 13.28493556 13.29214594 13.20481381 13.34949891 13.20035887 13.23433704
 13.47661244 13.21253433 13.36954804 13.47911441 13.51233924 13.20730582
 13.19502746 13.27295052 13.33345112 13.22662086 13.20509117 13.41239825
 13.40188447 13.25766205 13.22232106 13.43826425 13.19474561 13.2935765
 13.21061318 13.48345041 13.23115613 13.20175441 13.20231178 13.46383241
 13.47911441 13.21499567 13.32185518 13.26422903 13.23380802 13.26873126
 13.32117797 13.36004766 13.40340244 13.31549956 13.47472423 13.33433212
 13.3587941  13.4086733  13.22742368 13.20730582 13.28178117 13.50664591
 13.50318107 13.27958673 13.32946736 13.52451439 13.29571532 13.22259069
 13.34045534 13.20231178 13.47786564 13.20785829 13.28493556 13.33827724
 13.28783123 13.33914965 13.46707008 13.27220826 13.47219095 13.21444957
 13.29949655 13.30674687 13.23009209 13.20314688 13.42768722 13.19050295
 13.31914099 13.25204598 13.19446366 13.24273711 13.29071149 13.19839991
 13.19389936 13.64456927 13.20063823 13.24273711 13.23009209 13.19559079
 13.23009209 13.26019677 13.27171288 13.34088982 13.25204598 13.19839991
 13.23433704 13.32589945 13.20398091 13.19248641 13.37925706 13.21006317
 13.23539353 13.21499567 13.48894661 13.2591842  13.24169361 13.225817  ] 750
bidsort lists= 750 750
 750
SNAP 36
EPS 0.02067790335485153
galrad= 0.01
!!! agesel
Found 900 stars.
Rotated pos.
Rotated vel.
Calculating circularities
dty= [13.1451996  13.33805889 13.62517104 ... 13.32500349 13.17149676
 13.17789402] 1170
glb= [13.1451996  13.33805889 13.62517104 ... 13.32500349 13.17149676
 13.17789402] 1170
bidsort lists= 1170 1170
 1170
SNAP 37
EPS 0.016229464897920924
galrad= 0.01
!!! agesel
Found 1241 stars.
Rotated pos.
Rotated vel.
Calculating circularities
dty= [13.62517104 13.34348858 13.1451996  ... 13.1255537  13.12929426
 13.42192996] 1730
glb= [13.62517104 13.34348858 13.1451996  ... 13.1255537  13.12929426
 13.42192996] 1730
bidsort lists= 1730 1730
 1730
SNAP 38
EPS 0.04166176763145222
galrad= 0.01
!!! agesel
Found 1515 stars.
Rotated pos.
Rotated vel.
Calculating circularities
dty= [13.34348858 13.62517104 13.33805889 ... 13.07574484 13.05814521
 13.32857774] 2384
glb= [13.34348858 13.62517104 13.33805889 ... 13.07574484 13.05814521
 13.32857774] 2384
bidsort lists= 2384 2384
 2384
SNAP 39
EPS 0.043519375587483436
galrad= 0.01
!!! agesel
Found 1651 stars.
Rotated pos.
Rotated vel.
Calculating circularities
dty= [13.02751253 13.06986703 12.98496347 ... 13.00797134 13.03732867
 13.14223074] 3286
glb= [13.02751253 13.06986703 12.98496347 ... 13.00797134 13.03732867
 13.14223074] 3286
bidsort lists= 3286 3286
 3286
SNAP 40
EPS 0.025265619832565568
galrad= 0.01
!!! agesel
Found 1755 stars.
Rotated pos.
Rotated vel.
Calculating circularities
dty= [13.22995898 13.11087009 12.95055989 ... 12.9584204  12.95143686
 13.1202205 ] 4143
glb= [13.22995898 13.11087009 12.95055989 ... 12.9584204  12.95143686
 13.1202205 ] 4143
bidsort lists= 4143 4143
 4143
SNAP 41
EPS 0.026331702750864543
galrad= 0.01
!!! agesel
Found 1918 stars.
Rotated pos.
Rotated vel.
Calculating circularities
dty= [13.48283426 12.90732716 13.62517104 ... 12.86272906 12.91323879
 12.893524  ] 4921
glb= [13.48283426 12.90732716 13.62517104 ... 12.86272906 12.91323879
 12.893524  ] 4921
bidsort lists= 4921 4921
 4921
SNAP 42
EPS 0.02301818966001638
galrad= 0.01
!!! agesel
Found 2058 stars.
Rotated pos.
Rotated vel.
Calculating circularities
dty= [12.98646095 13.62517104 13.34348858 ... 12.83357912 12.90998196
 12.87930454] 5927
glb= [12.98646095 13.62517104 13.34348858 ... 12.83357912 12.90998196
 12.87930454] 5927
bidsort lists= 5927 5927
 5927
SNAP 43
EPS -0.0027172022947115127
galrad= 0.01
!!! agesel
Found 2052 stars.
Rotated pos.
Rotated vel.
Calculating circularities
dty= [12.7375202  12.88665    12.77110802 ... 13.26422903 12.74990912
 12.79945414] 6990
glb= [12.7375202  12.88665    12.77110802 ... 13.26422903 12.74990912
 12.79945414] 6990
bidsort lists= 6990 6990
 6990
SNAP 44
EPS 0.015611757278243764
galrad= 0.01
!!! agesel
Found 2082 stars.
Rotated pos.
Rotated vel.
Calculating circularities
dty= [12.7375202  12.90732716 13.48283426 ... 12.66649114 12.69498507
 12.68184302] 8495
glb= [12.7375202  12.90732716 13.48283426 ... 12.66649114 12.69498507
 12.68184302] 8495
bidsort lists= 8495 8495
 8495
SNAP 45
EPS 0.0022801312160711214
galrad= 0.01
!!! agesel
Found 1987 stars.
Rotated pos.
Rotated vel.
Calculating circularities
dty= [12.7375202  12.59675811 13.48283426 ... 12.57556778 12.57111947
 12.58221102] 9879
glb= [12.7375202  12.59675811 13.48283426 ... 12.57556778 12.57111947
 12.58221102] 9879
bidsort lists= 9879 9879
 9879
SNAP 46
EPS 0.015493749876871781
galrad= 0.01
!!! agesel
Found 664 stars.
Rotated pos.
Rotated vel.
Calculating circularities
dty= [12.74029885 13.23960106 12.66210461 ... 12.83534368 12.50717531
 12.71491233] 2162
glb= [12.74029885 13.23960106 12.66210461 ... 12.83534368 12.50717531
 12.71491233] 2162
bidsort lists= 2162 2162
 2162
SNAP 47
EPS 0.06645524446063243
galrad= 0.01
!!! agesel
Found 2044 stars.
Rotated pos.
Rotated vel.
Calculating circularities
dty= [12.36203396 12.37398488 12.46317031 ... 12.66236299 12.86828597
 13.17905045] 4700
glb= [12.36203396 12.37398488 12.46317031 ... 12.66236299 12.86828597
 13.17905045] 4700
bidsort lists= 4700 4700
 4700
SNAP 48
EPS 0.3467401760860388
galrad= 0.01
!!! agesel
Found 3118 stars.
Rotated pos.
Rotated vel.
Calculating circularities
dty= [13.36461548 12.61167603 12.91931447 ... 12.30821945 12.94518238
 12.30080841] 4366
glb= [13.36461548 12.61167603 12.91931447 ... 12.30821945 12.94518238
 12.30080841] 4366
bidsort lists= 4366 4366
 4366
SNAP 49
EPS 1.333580851504079e-05
galrad= 0.01
!!! agesel
Found 4624 stars.
Rotated pos.
Rotated vel.
Calculating circularities
dty= [12.17653506 12.152472   12.15745954 ... 12.20438797 12.66210461
 12.71318276] 9581
glb= [12.17653506 12.152472   12.15745954 ... 12.20438797 12.66210461
 12.71318276] 9581
bidsort lists= 9581 9581
 9581
SNAP 50
EPS 0.01930298005724706
galrad= 0.01
!!! agesel
Found 7392 stars.
Rotated pos.
Rotated vel.
Calculating circularities
dty= [12.03560085 12.02817227 12.06355512 ... 12.06151009 12.03994479
 12.05291479] 19376
glb= [12.03560085 12.02817227 12.06355512 ... 12.06151009 12.03994479
 12.05291479] 19376
bidsort lists= 19376 19376
 19376
SNAP 51
EPS 0.024737595626333795
galrad= 0.01
!!! agesel
Found 8247 stars.
Rotated pos.
Rotated vel.
Calculating circularities
dty= [12.59648519 12.74847288 12.91201881 ... 12.0024871  12.03441429
 12.88434752] 28697
glb= [12.59648519 12.74847288 12.91201881 ... 12.0024871  12.03441429
 12.88434752] 28697
bidsort lists= 28697 28697
 28697
SNAP 52
EPS 0.033084156560509774
galrad= 0.01
!!! agesel
Found 9547 stars.
Rotated pos.
Rotated vel.
Calculating circularities
dty= [12.85151932 11.80934158 11.83264536 ... 12.57944717 11.84959603
 11.92713068] 38235
glb= [12.85151932 11.80934158 11.83264536 ... 12.57944717 11.84959603
 11.92713068] 38235
bidsort lists= 38235 38235
 38235
SNAP 53
EPS 0.008339984863431892
galrad= 0.01
!!! agesel
Found 8581 stars.
Rotated pos.
Rotated vel.
Calculating circularities
dty= [11.69006332 11.71134162 11.66424157 ... 12.50483297 11.60064225
 12.36041159] 59202
glb= [11.69006332 11.71134162 11.66424157 ... 12.50483297 11.60064225
 12.36041159] 59202
bidsort lists= 59202 59202
 59202
SNAP 54
EPS -0.008516347668591958
galrad= 0.01
!!! agesel
Found 5626 stars.
Rotated pos.
Rotated vel.
Calculating circularities
dty= [11.62732537 11.71790504 11.46896836 ... 12.09357073 12.12693719
 12.12693719] 67090
glb= [11.62732537 11.71790504 11.46896836 ... 12.09357073 12.12693719
 12.12693719] 67090
bidsort lists= 67090 67090
 67090
SNAP 55
EPS 0.015375169452220467
galrad= 0.01
!!! agesel
Found 8897 stars.
Rotated pos.
Rotated vel.
Calculating circularities
dty= [11.42328582 11.75840714 11.59746102 ... 11.93611552 11.9708209
 12.04781649] 82909
glb= [11.42328582 11.75840714 11.59746102 ... 11.93611552 11.9708209
 12.04781649] 82909
bidsort lists= 82909 82909
 82909
SNAP 56
EPS 0.021505485238356024
galrad= 0.01
!!! agesel
Found 18623 stars.
Rotated pos.
Rotated vel.
Calculating circularities
dty= [11.36524372 12.00741199 12.03283111 ... 12.12393027 11.17171124
 11.21774118] 107606
glb= [11.36524372 12.00741199 12.03283111 ... 12.12393027 11.17171124
 11.21774118] 107606
bidsort lists= 107606 107606
 107606
SNAP 57
EPS 0.09063281332336756
galrad= 0.01
!!! agesel
Found 24133 stars.
Rotated pos.
Rotated vel.
Calculating circularities
dty= [11.06153328 12.02727897 11.81931407 ... 12.45163962 11.36423209
 11.38732583] 142253
glb= [11.06153328 12.02727897 11.81931407 ... 12.45163962 11.36423209
 11.38732583] 142253
bidsort lists= 142253 142253
 142253
SNAP 58
EPS 0.04842007272221559
galrad= 0.01
!!! agesel
Found 17696 stars.
Rotated pos.
Rotated vel.
Calculating circularities
dty= [12.14969458 11.02719932 10.95511056 ... 10.88508753 11.78543454
 10.92136871] 210449
glb= [12.14969458 11.02719932 10.95511056 ... 10.88508753 11.78543454
 10.92136871] 210449
bidsort lists= 210449 210449
 210449
SNAP 59
EPS 0.11889279833381526
galrad= 0.01
!!! agesel
Found 22304 stars.
Rotated pos.
Rotated vel.
Calculating circularities
dty= [11.70487493 11.1046519  11.63022392 ... 10.83343427 10.74764562
 10.73424096] 236642
glb= [11.70487493 11.1046519  11.63022392 ... 10.83343427 10.74764562
 10.73424096] 236642
bidsort lists= 236642 236642
 236642
SNAP 60
EPS 0.06940058106575943