loading halo 14 level 4
/eagle/projects/Auriga/Auriga/level4/Original/mergertrees/Au-14/trees_sf1_127
Hubble parameter= 0.6777
There are 1022 trees in file /eagle/projects/Auriga/Auriga/level4/Original/mergertrees/Au-14/trees_sf1_127.0.hdf5
Loading desc (Descendant) for blockname /Tree0.
Loading fnum (FileNr) for blockname /Tree0.
Loading fhfg (FirstHaloInFOFGroup) for blockname /Tree0.
Loading fpin (FirstProgenitor) for blockname /Tree0.
Loading fmc2 (Group_M_Crit200) for blockname /Tree0.
Loading fmm2 (Group_M_Mean200) for blockname /Tree0.
Loading fmt2 (Group_M_TopHat200) for blockname /Tree0.
Loading frc2 (Group_R_Crit200) for blockname /Tree0.
Loading nhfg (NextHaloInFOFGroup) for blockname /Tree0.
Loading npin (NextProgenitor) for blockname /Tree0.
Loading snum (SnapNum) for blockname /Tree0.
Loading sbhm (SubhaloBHMass) for blockname /Tree0.
Loading sbhd (SubhaloBHMdot) for blockname /Tree0.
Loading sgmt (SubhaloGasMetallicity) for blockname /Tree0.
Loading sgmf (SubhaloGasMetallicitySfr) for blockname /Tree0.
Loading sgnr (SubhaloGrNr) for blockname /Tree0.
Loading shmt (SubhaloHalfmassRadType) for blockname /Tree0.
Key SubhaloIDMostBound not found in conversion table, skipping.
Loading slen (SubhaloLen) for blockname /Tree0.
Loading slty (SubhaloLenType) for blockname /Tree0.
Loading smit (SubhaloMassInRadType) for blockname /Tree0.
Loading smty (SubhaloMassType) for blockname /Tree0.
Loading sbnr (SubhaloNumber) for blockname /Tree0.
Loading soty (SubhaloOffsetType) for blockname /Tree0.
Loading spos (SubhaloPos) for blockname /Tree0.
Loading ssfr (SubhaloSFR) for blockname /Tree0.
Loading ssfi (SubhaloSFRinRad) for blockname /Tree0.
Loading sspi (SubhaloSpin) for blockname /Tree0.
Loading ssmt (SubhaloStarMetallicity) for blockname /Tree0.
Loading ssph (SubhaloStellarPhotometrics) for blockname /Tree0.
Loading svmx (SubhaloVMax) for blockname /Tree0.
Loading svel (SubhaloVel) for blockname /Tree0.
Loading svdi (SubhaloVelDisp) for blockname /Tree0.
galrad= 0.01
!!! agesel
Found 91 stars.
Rotated pos.
Rotated vel.
Calculating circularities
dty= [13.4079243  13.43895946 13.51120863 13.54190813 13.52014201 13.41902049
 13.49554605 13.44103759 13.42337696 13.55295046 13.53933778 13.42517845
 13.44652547 13.44310468 13.51682166 13.60091258 13.60890972 13.41902049
 13.53517749 13.43756786] 20
glb= [13.4079243  13.43895946 13.51120863 13.54190813 13.52014201 13.41902049
 13.49554605 13.44103759 13.42337696 13.55295046 13.53933778 13.42517845
 13.44652547 13.44310468 13.51682166 13.60091258 13.60890972 13.41902049
 13.53517749 13.43756786] 20
bidsort lists= 20 20
 20
SNAP 30
EPS 0.08492022721137826
galrad= 0.01
!!! agesel
Found 131 stars.
Rotated pos.
Rotated vel.
Calculating circularities
dty= [13.55295046 13.41902049 13.42517845 13.51120863 13.38284495 13.38403458
 13.44447663 13.51682166 13.49554605 13.38915316 13.52014201 13.54190813
 13.53933778 13.4079243  13.39110622 13.55540044 13.38522104 13.39032602
 13.39575824 13.40642237 13.47027916 13.42047781 13.40642237 13.54546847
 13.40491507 13.47786564 13.41091222 13.46899891] 28
glb= [13.55295046 13.41902049 13.42517845 13.51120863 13.38284495 13.38403458
 13.44447663 13.51682166 13.49554605 13.38915316 13.52014201 13.54190813
 13.53933778 13.4079243  13.39110622 13.55540044 13.38522104 13.39032602
 13.39575824 13.40642237 13.47027916 13.42047781 13.40642237 13.54546847
 13.40491507 13.47786564 13.41091222 13.46899891] 28
bidsort lists= 28 28
 28
SNAP 31
EPS 0.027678672202694002
galrad= 0.01
!!! agesel
Found 178 stars.
Rotated pos.
Rotated vel.
Calculating circularities
dty= [13.35162738 13.55295046 13.44447663 13.42517845 13.36667712 13.41902049
 13.4079243  13.49554605 13.51120863 13.53933778 13.58578198 13.39110622
 13.37624516 13.60091258 13.37158783 13.54292991 13.39921495 13.35289994
 13.54190813 13.35205193 13.38403458 13.38640434 13.44516079 13.38284495
 13.52014201 13.35374646 13.48894661 13.35247617 13.39032602 13.44652547
 13.36954804 13.37280736 13.54546847 13.46513094 13.36212949 13.42840116
 13.52613806] 37
glb= [13.35162738 13.55295046 13.44447663 13.42517845 13.36667712 13.41902049
 13.4079243  13.49554605 13.51120863 13.53933778 13.58578198 13.39110622
 13.37624516 13.60091258 13.37158783 13.54292991 13.39921495 13.35289994
 13.54190813 13.35205193 13.38403458 13.38640434 13.44516079 13.38284495
 13.52014201 13.35374646 13.48894661 13.35247617 13.39032602 13.44652547
 13.36954804 13.37280736 13.54546847 13.46513094 13.36212949 13.42840116
 13.52613806] 37
bidsort lists= 37 37
 37
SNAP 32
EPS -0.038666970027132874
galrad= 0.01
!!! agesel
Found 51 stars.
Rotated pos.
Rotated vel.
Calculating circularities
dty= [13.34907203 13.33345112 13.33565063 13.36046476 13.45990914 13.3303554
 13.34521344 13.56119249 13.407174   13.46642483 13.43406721 13.53148838
 13.47786564] 13
glb= [13.34907203 13.33345112 13.33565063 13.36046476 13.45990914 13.3303554
 13.34521344 13.56119249 13.407174   13.46642483 13.43406721 13.53148838
 13.47786564] 13
bidsort lists= 13 13
 13
SNAP 33
EPS -0.1969305938576164
galrad= 0.01
!!! agesel
Found 170 stars.
Rotated pos.
Rotated vel.
Calculating circularities
dty= [13.33696567 13.31435628 13.32049988 13.31068078 13.2846936  13.3041856
 13.34478283 13.29973201 13.28202448 13.27860861 13.29405252 13.31504254
 13.28903318 13.2923846  13.41313929 13.29166819 13.40491507 13.3443518
 13.40415946 13.33079883 13.47409261 13.34607358 13.28783123 13.34607358
 13.29333837 13.43547117 13.29071149 13.30395213 13.45327667 13.27418541
 13.29429042 13.2923846  13.3256756  13.36004766 13.32410593 13.54343941
 13.2923846  13.28927328 13.50434011 13.29119006 13.36954804 13.3303554
 13.30906453 13.35816606 13.39421307 13.31504254 13.29190711 13.43895946
 13.29737289 13.29214594 13.4079243  13.28105067 13.35795657 13.33740324
 13.29595243 13.2935765  13.28927328 13.49015611 13.2868677  13.28975313
 13.29547806 13.29547806 13.50664591 13.34088982 13.3186872  13.30581695
 13.3214038  13.32410593] 68
glb= [13.33696567 13.31435628 13.32049988 13.31068078 13.2846936  13.3041856
 13.34478283 13.29973201 13.28202448 13.27860861 13.29405252 13.31504254
 13.28903318 13.2923846  13.41313929 13.29166819 13.40491507 13.3443518
 13.40415946 13.33079883 13.47409261 13.34607358 13.28783123 13.34607358
 13.29333837 13.43547117 13.29071149 13.30395213 13.45327667 13.27418541
 13.29429042 13.2923846  13.3256756  13.36004766 13.32410593 13.54343941
 13.2923846  13.28927328 13.50434011 13.29119006 13.36954804 13.3303554
 13.30906453 13.35816606 13.39421307 13.31504254 13.29190711 13.43895946
 13.29737289 13.29214594 13.4079243  13.28105067 13.35795657 13.33740324
 13.29595243 13.2935765  13.28927328 13.49015611 13.2868677  13.28975313
 13.29547806 13.29547806 13.50664591 13.34088982 13.3186872  13.30581695
 13.3214038  13.32410593] 68
bidsort lists= 68 68
 68
SNAP 34
EPS 0.04693736410312945
galrad= 0.01
!!! agesel
Found 200 stars.
Rotated pos.
Rotated vel.
Calculating circularities
dty= [13.29973201 13.40415946 13.2346013  13.2923846  13.43895946 13.3041856
 13.28202448 13.26873126 13.29166819 13.28420926 13.26498186 13.35816606
 13.25689941 13.24533783 13.34478283 13.3303554  13.55831191 13.41313929
 13.32320683 13.28927328 13.33079883 13.27072076 13.26448009 13.28493556
 13.40491507 13.2724558  13.45327667 13.33696567 13.35289994 13.29405252
 13.32049988 13.30511842 13.34607358 13.2923846  13.2923846  13.31504254
 13.2950033  13.32410593 13.25893081 13.23881439 13.29737289 13.31068078
 13.33345112 13.33740324 13.2327487  13.28783123 13.31435628 13.28903318
 13.2422156  13.40642237 13.29429042 13.2489595  13.3507771  13.3387136
 13.29595243 13.3256756  13.39421307 13.29333837 13.27418541 13.39188498
 13.30395213 13.2987896  13.27860861 13.4079243  13.26372654 13.43547117
 13.3443518  13.29190711 13.27072076 13.29595243 13.47535473 13.2846936
 13.30395213 13.3020807  13.47409261 13.2332786  13.28927328 13.29071149
 13.25562617 13.34607358 13.2935765  13.36004766 13.26120751 13.56475033
 13.25766205 13.33301007 13.38719146 13.29214594 13.36378831 13.27418541
 13.31504254 13.23592114 13.26623445 13.44379129 13.31504254 13.31137191
 13.26972689 13.3245549  13.30581695 13.24481859 13.50434011 13.25766205
 13.3848259  13.30067271 13.30906453 13.26120751 13.25511606 13.35795657
 13.25766205 13.39883224 13.33477201 13.33345112 13.36626551 13.53882095
 13.36790971 13.27418541 13.36295961 13.3387136 ] 118
glb= [13.29973201 13.40415946 13.2346013  13.2923846  13.43895946 13.3041856
 13.28202448 13.26873126 13.29166819 13.28420926 13.26498186 13.35816606
 13.25689941 13.24533783 13.34478283 13.3303554  13.55831191 13.41313929
 13.32320683 13.28927328 13.33079883 13.27072076 13.26448009 13.28493556
 13.40491507 13.2724558  13.45327667 13.33696567 13.35289994 13.29405252
 13.32049988 13.30511842 13.34607358 13.2923846  13.2923846  13.31504254
 13.2950033  13.32410593 13.25893081 13.23881439 13.29737289 13.31068078
 13.33345112 13.33740324 13.2327487  13.28783123 13.31435628 13.28903318
 13.2422156  13.40642237 13.29429042 13.2489595  13.3507771  13.3387136
 13.29595243 13.3256756  13.39421307 13.29333837 13.27418541 13.39188498
 13.30395213 13.2987896  13.27860861 13.4079243  13.26372654 13.43547117
 13.3443518  13.29190711 13.27072076 13.29595243 13.47535473 13.2846936
 13.30395213 13.3020807  13.47409261 13.2332786  13.28927328 13.29071149
 13.25562617 13.34607358 13.2935765  13.36004766 13.26120751 13.56475033
 13.25766205 13.33301007 13.38719146 13.29214594 13.36378831 13.27418541
 13.31504254 13.23592114 13.26623445 13.44379129 13.31504254 13.31137191
 13.26972689 13.3245549  13.30581695 13.24481859 13.50434011 13.25766205
 13.3848259  13.30067271 13.30906453 13.26120751 13.25511606 13.35795657
 13.25766205 13.39883224 13.33477201 13.33345112 13.36626551 13.53882095
 13.36790971 13.27418541 13.36295961 13.3387136 ] 118
bidsort lists= 118 118
 118
SNAP 35
EPS -0.029826647253157874
galrad= 0.01
!!! agesel
Found 259 stars.
Rotated pos.
Rotated vel.
Calculating circularities
dty= [13.2923846  13.29973201 13.41313929 13.28927328 13.26120751 13.23592114
 13.40415946 13.23881439 13.28783123 13.19248641 13.27072076 13.26448009
 13.21826217 13.29071149 13.28420926 13.35816606 13.33740324 13.19615362
 13.19333457 13.28903318 13.35795657 13.35289994 13.22393703 13.29405252
 13.20425865 13.21226024 13.32634682 13.28202448 13.2923846  13.27072076
 13.22849244 13.21961816 13.2279583  13.24533783 13.26372654 13.55831191
 13.21417626 13.3041856  13.47409261 13.31068078 13.2935765  13.29166819
 13.26498186 13.2075821  13.34478283 13.28662657 13.56475033 13.22124133
 13.32410593 13.33696567 13.43895946 13.29737289 13.38719146 13.45327667
 13.36004766 13.22902617 13.29429042 13.39421307 13.19530921 13.3256756
 13.3303554  13.36046476 13.31435628 13.2846936  13.26120751 13.28927328
 13.4079243  13.28105067 13.25766205 13.21226024 13.39729796 13.39188498
 13.22742368 13.30511842 13.31504254 13.30395213 13.20951269 13.32679381
 13.34607358 13.2923846  13.20063823 13.312292   13.33079883 13.36378831
 13.32049988 13.32813234 13.37321317 13.27860861 13.29595243 13.3507771
 13.19783908 13.2987896  13.40491507 13.30395213 13.20035887 13.19643482
 13.20841022 13.2166311  13.5212409  13.28105067 13.3245549  13.26221647
 13.27909783 13.39188498 13.43547117 13.25893081 13.29595243 13.44652547
 13.3608815  13.2724558  13.27270318 13.2489595  13.413879   13.2346013
 13.36954804 13.20175441 13.3245549  13.25689941 13.2327487  13.32902276
 13.3186872  13.24429893 13.34907203 13.2166311  13.45327667 13.3443518
 13.34607358 13.19333457 13.28493556 13.35774694 13.27418541 13.24325817
 13.26873126 13.49015611 13.32634682 13.32320683 13.29262323 13.53360205
 13.27171288 13.2950033  13.21116264 13.29333837 13.23750102 13.40642237
 13.35120242 13.31504254 13.29190711 13.2422156  13.54445578 13.26623445
 13.20564557 13.34088982 13.28975313 13.33168448 13.34949891 13.42481881
 13.27909783 13.33345112 13.20509117 13.2868677  13.19783908 13.50664591
 13.29547806 13.38324188 13.20841022 13.22902617 13.21717529] 167
glb= [13.2923846  13.29973201 13.41313929 13.28927328 13.26120751 13.23592114
 13.40415946 13.23881439 13.28783123 13.19248641 13.27072076 13.26448009
 13.21826217 13.29071149 13.28420926 13.35816606 13.33740324 13.19615362
 13.19333457 13.28903318 13.35795657 13.35289994 13.22393703 13.29405252
 13.20425865 13.21226024 13.32634682 13.28202448 13.2923846  13.27072076
 13.22849244 13.21961816 13.2279583  13.24533783 13.26372654 13.55831191
 13.21417626 13.3041856  13.47409261 13.31068078 13.2935765  13.29166819
 13.26498186 13.2075821  13.34478283 13.28662657 13.56475033 13.22124133
 13.32410593 13.33696567 13.43895946 13.29737289 13.38719146 13.45327667
 13.36004766 13.22902617 13.29429042 13.39421307 13.19530921 13.3256756
 13.3303554  13.36046476 13.31435628 13.2846936  13.26120751 13.28927328
 13.4079243  13.28105067 13.25766205 13.21226024 13.39729796 13.39188498
 13.22742368 13.30511842 13.31504254 13.30395213 13.20951269 13.32679381
 13.34607358 13.2923846  13.20063823 13.312292   13.33079883 13.36378831
 13.32049988 13.32813234 13.37321317 13.27860861 13.29595243 13.3507771
 13.19783908 13.2987896  13.40491507 13.30395213 13.20035887 13.19643482
 13.20841022 13.2166311  13.5212409  13.28105067 13.3245549  13.26221647
 13.27909783 13.39188498 13.43547117 13.25893081 13.29595243 13.44652547
 13.3608815  13.2724558  13.27270318 13.2489595  13.413879   13.2346013
 13.36954804 13.20175441 13.3245549  13.25689941 13.2327487  13.32902276
 13.3186872  13.24429893 13.34907203 13.2166311  13.45327667 13.3443518
 13.34607358 13.19333457 13.28493556 13.35774694 13.27418541 13.24325817
 13.26873126 13.49015611 13.32634682 13.32320683 13.29262323 13.53360205
 13.27171288 13.2950033  13.21116264 13.29333837 13.23750102 13.40642237
 13.35120242 13.31504254 13.29190711 13.2422156  13.54445578 13.26623445
 13.20564557 13.34088982 13.28975313 13.33168448 13.34949891 13.42481881
 13.27909783 13.33345112 13.20509117 13.2868677  13.19783908 13.50664591
 13.29547806 13.38324188 13.20841022 13.22902617 13.21717529] 167
bidsort lists= 167 167
 167
SNAP 36
EPS -0.039728947947005766
galrad= 0.01
!!! agesel
Found 458 stars.
Rotated pos.
Rotated vel.
Calculating circularities
dty= [13.21961816 13.2923846  13.2327487  13.28783123 13.26448009 13.19530921
 13.28975313 13.36954804 13.2166311  13.28927328 13.2075821  13.27171288
 13.21226024 13.29405252 13.14345029 13.28493556 13.2692293  13.33740324
 13.16222798 13.2422156  13.20509117 13.34607358 13.29262323 13.23750102
 13.41313929 13.32634682 13.29973201 13.33168448 13.25893081 13.19783908
 13.22447476 13.14770177 13.33345112 13.26873126 13.29333837 13.18651763
 13.18765883 13.32902276 13.42697202 13.24533783 13.49015611 13.19248641
 13.3245549  13.22849244 13.27418541 13.47409261 13.35816606 13.39188498
 13.21826217 13.16163507 13.17499388 13.16237609 13.28202448 13.14588295
 13.2987896  13.15132494 13.34864484 13.2950033  13.40415946 13.50893538
 13.17120453 13.33696567 13.27811886 13.27319771 13.27072076 13.21116264
 13.4086733  13.31068078 13.17091212 13.4996791  13.15162604 13.36626551
 13.20035887 13.24325817 13.22124133 13.28903318 13.35795657 13.25689941
 13.2166311  13.15252842 13.26372654 13.36004766 13.40642237 13.15312937
 13.32410593 13.31435628 13.39421307 13.26221647 13.28420926 13.23881439
 13.29737289 13.43895946 13.18020483 13.29166819 13.15776861 13.5212409
 13.3608815  13.35120242 13.15192696 13.20564557 13.30511842 13.34478283
 13.33827724 13.31504254 13.35289994 13.22151143 13.14800445 13.15192696
 13.25562617 13.3041856  13.27860861 13.15642498 13.28493556 13.21006317
 13.32813234 13.16856828 13.17178894 13.2935765  13.29429042 13.32320683
 13.29071149 13.27958673 13.14588295 13.15132494 13.3642021  13.42553782
 13.35289994 13.33784039 13.31504254 13.35774694 13.26498186 13.15970459
 13.55831191 13.15492893 13.40491507 13.4079243  13.20425865 13.16974123
 13.30395213 13.2923846  13.21417626 13.18250756 13.28153777 13.28056312
 13.3020807  13.34607358 13.38719146 13.17528445 13.34907203 13.43547117
 13.21226024 13.15312937 13.16207978 13.15970459 13.15522845 13.5179324
 13.3443518  13.21608644 13.26573373 13.21934721 13.14588295 13.15252842
 13.2346013  13.16886174 13.42481881 13.16207978 13.18049314 13.20951269
 13.3507771  13.29190711 13.56475033 13.28662657 13.45059055 13.16178336
 13.44652547 13.19050295 13.15747024 13.53360205 13.35795657 13.2489595
 13.3256756  13.35205193 13.19896025 13.33740324 13.16680495 13.29547806
 13.28445148 13.36378831 13.1579177  13.23592114 13.20286866 13.34949891
 13.25766205 13.16207978 13.29595243 13.27270318 13.2923846  13.30395213
 13.27072076 13.413879   13.26120751 13.2724558  13.28105067 13.2846936
 13.16400342 13.29595243 13.24325817 13.14223074 13.24429893 13.22742368
 13.14770177 13.19333457 13.45327667 13.27909783 13.19333457 13.2279583
 13.32049988 13.17324768 13.38244773 13.32230612 13.15132494 13.18135718
 13.16178336 13.15851386 13.19839991 13.16385562 13.24792704 13.3303554
 13.39188498 13.17847245 13.15492893 13.33301007 13.28927328 13.33079883
 13.25766205 13.34088982 13.14588295 13.19615362 13.20063823 13.53465327
 13.23433704 13.44788532 13.147096   13.26120751 13.1916371  13.3245549
 13.33477201 13.17615545 13.33477201 13.312292   13.31959434 13.20231178
 13.18537446 13.15312937 13.19643482 13.37604367 13.16207978 13.45327667
 13.15732105 13.18879801 13.36046476 13.36790971 13.15462936 13.16119007
 13.23062435 13.15761943 13.28105067 13.32634682 13.15970459 13.17383027
 13.21280826 13.18135718 13.24585656 13.15312937 13.1555278  13.35289994
 13.33168448 13.49435571 13.41974981 13.33212675 13.21934721 13.3848259
 13.15522845 13.21934721 13.15492893 13.31458514 13.20619949 13.36708837
 13.15582697 13.16915504 13.17789402 13.22366805 13.33740324 13.24481859
 13.15192696 13.1579177  13.16267223 13.16089326 13.27121705 13.16029918
 13.2868677  13.15672382 13.15011937 13.15492893 13.19389936 13.19050295
 13.18308191 13.16444656] 308
glb= [13.21961816 13.2923846  13.2327487  13.28783123 13.26448009 13.19530921
 13.28975313 13.36954804 13.2166311  13.28927328 13.2075821  13.27171288
 13.21226024 13.29405252 13.14345029 13.28493556 13.2692293  13.33740324
 13.16222798 13.2422156  13.20509117 13.34607358 13.29262323 13.23750102
 13.41313929 13.32634682 13.29973201 13.33168448 13.25893081 13.19783908
 13.22447476 13.14770177 13.33345112 13.26873126 13.29333837 13.18651763
 13.18765883 13.32902276 13.42697202 13.24533783 13.49015611 13.19248641
 13.3245549  13.22849244 13.27418541 13.47409261 13.35816606 13.39188498
 13.21826217 13.16163507 13.17499388 13.16237609 13.28202448 13.14588295
 13.2987896  13.15132494 13.34864484 13.2950033  13.40415946 13.50893538
 13.17120453 13.33696567 13.27811886 13.27319771 13.27072076 13.21116264
 13.4086733  13.31068078 13.17091212 13.4996791  13.15162604 13.36626551
 13.20035887 13.24325817 13.22124133 13.28903318 13.35795657 13.25689941
 13.2166311  13.15252842 13.26372654 13.36004766 13.40642237 13.15312937
 13.32410593 13.31435628 13.39421307 13.26221647 13.28420926 13.23881439
 13.29737289 13.43895946 13.18020483 13.29166819 13.15776861 13.5212409
 13.3608815  13.35120242 13.15192696 13.20564557 13.30511842 13.34478283
 13.33827724 13.31504254 13.35289994 13.22151143 13.14800445 13.15192696
 13.25562617 13.3041856  13.27860861 13.15642498 13.28493556 13.21006317
 13.32813234 13.16856828 13.17178894 13.2935765  13.29429042 13.32320683
 13.29071149 13.27958673 13.14588295 13.15132494 13.3642021  13.42553782
 13.35289994 13.33784039 13.31504254 13.35774694 13.26498186 13.15970459
 13.55831191 13.15492893 13.40491507 13.4079243  13.20425865 13.16974123
 13.30395213 13.2923846  13.21417626 13.18250756 13.28153777 13.28056312
 13.3020807  13.34607358 13.38719146 13.17528445 13.34907203 13.43547117
 13.21226024 13.15312937 13.16207978 13.15970459 13.15522845 13.5179324
 13.3443518  13.21608644 13.26573373 13.21934721 13.14588295 13.15252842
 13.2346013  13.16886174 13.42481881 13.16207978 13.18049314 13.20951269
 13.3507771  13.29190711 13.56475033 13.28662657 13.45059055 13.16178336
 13.44652547 13.19050295 13.15747024 13.53360205 13.35795657 13.2489595
 13.3256756  13.35205193 13.19896025 13.33740324 13.16680495 13.29547806
 13.28445148 13.36378831 13.1579177  13.23592114 13.20286866 13.34949891
 13.25766205 13.16207978 13.29595243 13.27270318 13.2923846  13.30395213
 13.27072076 13.413879   13.26120751 13.2724558  13.28105067 13.2846936
 13.16400342 13.29595243 13.24325817 13.14223074 13.24429893 13.22742368
 13.14770177 13.19333457 13.45327667 13.27909783 13.19333457 13.2279583
 13.32049988 13.17324768 13.38244773 13.32230612 13.15132494 13.18135718
 13.16178336 13.15851386 13.19839991 13.16385562 13.24792704 13.3303554
 13.39188498 13.17847245 13.15492893 13.33301007 13.28927328 13.33079883
 13.25766205 13.34088982 13.14588295 13.19615362 13.20063823 13.53465327
 13.23433704 13.44788532 13.147096   13.26120751 13.1916371  13.3245549
 13.33477201 13.17615545 13.33477201 13.312292   13.31959434 13.20231178
 13.18537446 13.15312937 13.19643482 13.37604367 13.16207978 13.45327667
 13.15732105 13.18879801 13.36046476 13.36790971 13.15462936 13.16119007
 13.23062435 13.15761943 13.28105067 13.32634682 13.15970459 13.17383027
 13.21280826 13.18135718 13.24585656 13.15312937 13.1555278  13.35289994
 13.33168448 13.49435571 13.41974981 13.33212675 13.21934721 13.3848259
 13.15522845 13.21934721 13.15492893 13.31458514 13.20619949 13.36708837
 13.15582697 13.16915504 13.17789402 13.22366805 13.33740324 13.24481859
 13.15192696 13.1579177  13.16267223 13.16089326 13.27121705 13.16029918
 13.2868677  13.15672382 13.15011937 13.15492893 13.19389936 13.19050295
 13.18308191 13.16444656] 308
bidsort lists= 308 308
 308
SNAP 37
EPS 0.023477441696927878
galrad= 0.01
!!! agesel
Found 778 stars.
Rotated pos.
Rotated vel.
Calculating circularities
dty= [13.12991576 13.13671595 13.16621614 13.21554129 13.38244773 13.3034849
 13.16503694 13.45260696 13.25511606 13.12492839 13.23697488 13.20564557
 13.23750102 13.11864427 13.29023253 13.3571175  13.1217933  13.203425
 13.18250756 13.18594629 13.14648973 13.42337696 13.1842292  13.26723452
 13.38324188 13.13917243 13.299261   13.46448225 13.18135718 13.14100902
 13.09620676 13.12304897 13.2632236  13.12680277 13.45727028 13.11516425
 13.10042647 13.15312937 13.32410593 13.36212949 13.19050295 13.1202205
 13.10767264 13.10155838 13.10815313 13.16326424 13.45793173 13.10927316
 13.14131467 13.225817   13.15372975 13.12773808 13.14648973 13.11706455
 13.1916371  13.11579823 13.25511606 13.09929277 13.25409453 13.24273711
 13.09750772 13.46642483 13.23539353 13.47786564 13.15192696 13.12398932
 13.10042647 13.15432962 13.12960507 13.31068078 13.39188498 13.41974981
 13.0971827  13.14284077 13.35543496 13.10478283 13.17032692 13.11611501
 13.12242139 13.12116456 13.11230432 13.09653226 13.35963014 13.1217933
 13.11548133 13.12116456 13.1882287  13.27713809 13.19050295 13.11039133
 13.21934721 13.12898328 13.11959042 13.23009209 13.47786564 13.11007204
 13.15011937 13.38403458 13.10622919 13.37765321 13.12398932 13.16621614
 13.11484706 13.0968575  13.21608644 13.16444656 13.27319771 13.11007204
 13.14223074 13.1579177  13.11102959 13.25511606 13.10847332 13.11134847
 13.14527559 13.13053669 13.22474344 13.41682482 13.16326424 13.15192696
 13.16444656 13.14100902 13.28879304 13.1221074  13.1221074  13.1217933
 13.30114246 13.34088982 13.27517143 13.20951269 13.19502746 13.15312937
 13.33124184 13.09636955 13.39729796 13.16856828 13.21826217 13.10751236
 13.15132494 13.09848194 13.15672382 13.14830696 13.13301497 13.27121705
 13.15432962 13.12242139 13.15192696 13.26221647 13.1261785  13.17789402
 13.13363313 13.1221074  13.11864427 13.11579823 13.11738075 13.3020807
 13.11484706 13.18480208 13.13548445 13.11166725 13.10333357 13.40340244
 13.19727777 13.42337696 13.26623445 13.20619949 13.13363313 13.17208089
 13.19615362 13.20730582 13.10397805 13.11674817 13.09750772 13.19615362
 13.19615362 13.18365583 13.2591842  13.11548133 13.10204297 13.14223074
 13.18365583 13.30674687 13.12053536 13.19615362 13.13363313 13.17208089
 13.12242139 13.14466767 13.147096   13.12804958 13.16385562 13.10655019
 13.13610049 13.11102959 13.11102959 13.11990552 13.15432962 13.12367596
 13.44379129 13.256645   13.21608644 13.10139678 13.30998875] 203
glb= [13.12991576 13.13671595 13.16621614 13.21554129 13.38244773 13.3034849
 13.16503694 13.45260696 13.25511606 13.12492839 13.23697488 13.20564557
 13.23750102 13.11864427 13.29023253 13.3571175  13.1217933  13.203425
 13.18250756 13.18594629 13.14648973 13.42337696 13.1842292  13.26723452
 13.38324188 13.13917243 13.299261   13.46448225 13.18135718 13.14100902
 13.09620676 13.12304897 13.2632236  13.12680277 13.45727028 13.11516425
 13.10042647 13.15312937 13.32410593 13.36212949 13.19050295 13.1202205
 13.10767264 13.10155838 13.10815313 13.16326424 13.45793173 13.10927316
 13.14131467 13.225817   13.15372975 13.12773808 13.14648973 13.11706455
 13.1916371  13.11579823 13.25511606 13.09929277 13.25409453 13.24273711
 13.09750772 13.46642483 13.23539353 13.47786564 13.15192696 13.12398932
 13.10042647 13.15432962 13.12960507 13.31068078 13.39188498 13.41974981
 13.0971827  13.14284077 13.35543496 13.10478283 13.17032692 13.11611501
 13.12242139 13.12116456 13.11230432 13.09653226 13.35963014 13.1217933
 13.11548133 13.12116456 13.1882287  13.27713809 13.19050295 13.11039133
 13.21934721 13.12898328 13.11959042 13.23009209 13.47786564 13.11007204
 13.15011937 13.38403458 13.10622919 13.37765321 13.12398932 13.16621614
 13.11484706 13.0968575  13.21608644 13.16444656 13.27319771 13.11007204
 13.14223074 13.1579177  13.11102959 13.25511606 13.10847332 13.11134847
 13.14527559 13.13053669 13.22474344 13.41682482 13.16326424 13.15192696
 13.16444656 13.14100902 13.28879304 13.1221074  13.1221074  13.1217933
 13.30114246 13.34088982 13.27517143 13.20951269 13.19502746 13.15312937
 13.33124184 13.09636955 13.39729796 13.16856828 13.21826217 13.10751236
 13.15132494 13.09848194 13.15672382 13.14830696 13.13301497 13.27121705
 13.15432962 13.12242139 13.15192696 13.26221647 13.1261785  13.17789402
 13.13363313 13.1221074  13.11864427 13.11579823 13.11738075 13.3020807
 13.11484706 13.18480208 13.13548445 13.11166725 13.10333357 13.40340244
 13.19727777 13.42337696 13.26623445 13.20619949 13.13363313 13.17208089
 13.19615362 13.20730582 13.10397805 13.11674817 13.09750772 13.19615362
 13.19615362 13.18365583 13.2591842  13.11548133 13.10204297 13.14223074
 13.18365583 13.30674687 13.12053536 13.19615362 13.13363313 13.17208089
 13.12242139 13.14466767 13.147096   13.12804958 13.16385562 13.10655019
 13.13610049 13.11102959 13.11102959 13.11990552 13.15432962 13.12367596
 13.44379129 13.256645   13.21608644 13.10139678 13.30998875] 203
bidsort lists= 203 203
 203
SNAP 38
EPS 0.12832862316885185
galrad= 0.01
!!! agesel
Found 1044 stars.
Rotated pos.
Rotated vel.
Calculating circularities
dty= [13.40415946 13.24533783 13.17528445 13.22849244 13.29166819 13.05505783
 13.35816606 13.16237609 13.16222798 13.26448009 13.21417626 13.26372654
 13.12898328 13.19643482 13.26498186 13.21226024 13.18765883 13.34907203
 13.05951352 13.29973201 13.18250756 13.28927328 13.16207978 13.13917243
 13.31504254 13.04153619 13.15851386 13.3443518  13.43895946 13.20063823
 13.29737289 13.15732105 13.10622919 13.05643151 13.19248641 13.55831191
 13.34607358 13.2923846  13.2846936  13.35120242 13.11990552 13.2724558
 13.19671591 13.42337696 13.21826217 13.0536817  13.3303554  13.08273845
 13.09130767 13.13702348 13.14800445 13.3041856  13.17324768 13.26120751
 13.3256756  13.16400342 13.04432896 13.12742647 13.21226024 13.21961816
 13.19333457 13.10590801 13.18480208 13.13563855 13.04572157 13.30511842
 13.05505783 13.28783123 13.19333457 13.2923846  13.21934721 13.14588295
 13.1246155  13.32410593 13.14588295 13.2868677  13.07574484 13.22124133
 13.15761943 13.32049988 13.06462282 13.35774694 13.34607358 13.27072076
 13.18879801 13.15642498 13.2332786  13.17615545 13.31435628 13.0588296
 13.05350953 13.47535473 13.18250756 13.04502564 13.38244773 13.10943297
 13.11643168 13.1217933  13.14588295 13.0636037  13.15132494 13.17120453
 13.07037268 13.16163507 13.31068078 13.14100902 13.14770177 13.10558671
 13.2346013  13.37604367 13.29071149 13.22742368 13.3020807  13.36378831
 13.32679381 13.05333734 13.15312937 13.22902617 13.12085005 13.31504254
 13.04345723 13.16621614 13.29595243 13.15747024 13.2632236  13.16680495
 13.28420926 13.06394355 13.1579177  13.04676446 13.27909783 13.19896025
 13.29405252 13.25689941 13.11389454 13.10462194 13.50893538 13.25766205
 13.29429042 13.1202205  13.28927328 13.14588295 13.08306984 13.11674817
 13.27860861 13.09065199 13.19530921 13.23881439 13.08637593 13.05350953
 13.11832859 13.225817   13.312292   13.13270566 13.2923846  13.299261
 13.09457736 13.09196274 13.04606939 13.21554129 13.2489595  13.12116456
 13.36046476 13.33079883 13.3507771  13.16178336 13.13177692 13.14588295
 13.17178894 13.12492839 13.2327487  13.06767222 13.41313929 13.30395213
 13.04363166 13.34478283 13.21934721 13.12273527 13.15312937 13.33301007
 13.45059055 13.08273845 13.07974913 13.20564557 13.33784039 13.32634682
 13.26221647 13.19050295 13.23168744 13.10558671 13.26120751 13.14497172
 13.06496224 13.47786564 13.14223074 13.25766205 13.32768657 13.20425865
 13.04328279 13.07708202 13.23433704 13.29333837 13.33696567 13.11611501
 13.09065199 13.39188498 13.26723452 13.07607936 13.39421307 13.05746021
 13.38719146 13.11611501 13.32634682 13.30395213 13.16178336 13.45327667
 13.05299279 13.34088982 13.09750772 13.16974123 13.09032394 13.47409261
 13.07373471 13.36004766 13.35795657 13.17091212 13.12304897 13.14770177
 13.07339923 13.27270318 13.19839991 13.04711185 13.3642021  13.24585656
 13.33740324 13.2935765  13.09588115 13.22393703 13.16267223 13.147096
 13.37321317 13.1916371  13.24429893 13.27171288 13.413879   13.35795657
 13.49015611 13.28493556 13.35289994 13.29595243 13.16974123 13.13177692
 13.40491507 13.28662657 13.19615362 13.28202448 13.11357683 13.29190711
 13.3387136  13.17383027 13.43547117 13.07037268 13.13425084 13.13239624
 13.53360205 13.11611501 13.0502307  13.23592114 13.37118062 13.28903318
 13.12336255 13.06156132 13.18049314 13.12991576 13.13978513 13.2279583
 13.3245549  13.32410593 13.27860861 13.42481881 13.28105067 13.13548445
 13.32902276 13.15776861 13.0584875  13.11421221 13.36954804 13.16385562
 13.14131467 13.04153619 13.22366805 13.44652547 13.27418541 13.04849952
 13.2987896  13.18020483 13.27713809 13.20951269 13.13579256 13.06767222
 13.07054109 13.38244773 13.08769427 13.05195814 13.3642021  13.10719177
 13.14223074 13.04328279 13.22151143 13.11769683 13.20035887 13.15132494
 13.15192696 13.13084691 13.10526524 13.34175763 13.17324768 13.25893081
 13.27072076 13.15132494 13.07003562 13.14223074 13.29547806 13.16444656
 13.17208089 13.11102959 13.20286866 13.13640831 13.13855914 13.04606939
 13.28105067 13.31137191 13.06969844 13.19783908 13.25766205 13.33345112
 13.4079243  13.26972689 13.12147902 13.12929426 13.17557491 13.2075821
 13.18651763 13.14070327 13.26573373 13.16207978 13.11516425 13.26873126
 13.12242139 13.17324768 13.08999572 13.32320683 13.30906453 13.11325888
 13.1180128  13.31458514 13.05471408 13.0502307  13.15162604 13.2166311
 13.34949891 13.06631848 13.05951352 13.11959042 13.04745891 13.06428328
 13.30581695 13.15252842 13.14891165 13.12085005 13.3245549  13.12773808
 13.10204297 13.15312937 13.07171926 13.06564066 13.15312937 13.10815313
 13.05264805 13.11864427 13.15252842 13.2422156  13.09196274 13.39188498
 13.04676446 13.08505527 13.11484706 13.07440538 13.21006317 13.28299655
 13.30067271 13.12804958 13.05471408 13.26623445 13.09815734 13.10204297
 13.36212949 13.2166311  13.27418541 13.15522845 13.20509117 13.10204297
 13.05230312 13.33477201 13.1916371  13.07440538 13.29119006 13.33827724
 13.11895977 13.16827471 13.25766205 13.50434011 13.17847245 13.06224266
 13.12116456 13.11643168 13.0491925  13.23750102 13.28975313 13.08058068
 13.17499388 13.13978513 13.12929426 13.28056312 13.0730635  13.15372975
 13.06631848 13.05057648 13.07908322 13.36626551 13.24325817 13.08802344
 13.06969844 13.08373228 13.25562617 13.21116264 13.0567746  13.5212409
 13.14192549 13.09359798 13.20286866 13.10301116 13.13425084 13.48159871
 13.0730635  13.2950033  13.13084691 13.14345029 13.13548445 13.06122031
 13.13084691 13.06292352 13.29689984 13.29214594 13.3186872  13.09555543
 13.18020483 13.12804958 13.35205193 13.42409848 13.33587004 13.04988487
 13.11484706 13.29262323 13.12147902 13.17149676 13.14162013 13.54343941
 13.16385562 13.05161297 13.16856828 13.32679381 13.16856828 13.17557491
 13.33345112 13.08901027 13.11230432 13.19783908 13.16562682 13.11990552
 13.23062435 13.14951576 13.0536817  13.13425084 13.05814521 13.05814521
 13.15432962 13.05092221 13.26019677 13.05574505 13.15492893 13.41974981
 13.21934721 13.04223534 13.07037268 13.36708837 13.06767222 13.17789402
 13.07171926 13.33740324 13.24481859 13.05608837 13.07574484 13.05951352
 13.07641369 13.22097112 13.18537446 13.21061318 13.05814521 13.17499388
 13.34002049 13.33652773 13.10139678 13.0857159  13.0636037  13.07574484
 13.0804145  13.06428328 13.18135718 13.20730582 13.44310468 13.42265406] 522
glb= [13.40415946 13.24533783 13.17528445 13.22849244 13.29166819 13.05505783
 13.35816606 13.16237609 13.16222798 13.26448009 13.21417626 13.26372654
 13.12898328 13.19643482 13.26498186 13.21226024 13.18765883 13.34907203
 13.05951352 13.29973201 13.18250756 13.28927328 13.16207978 13.13917243
 13.31504254 13.04153619 13.15851386 13.3443518  13.43895946 13.20063823
 13.29737289 13.15732105 13.10622919 13.05643151 13.19248641 13.55831191
 13.34607358 13.2923846  13.2846936  13.35120242 13.11990552 13.2724558
 13.19671591 13.42337696 13.21826217 13.0536817  13.3303554  13.08273845
 13.09130767 13.13702348 13.14800445 13.3041856  13.17324768 13.26120751
 13.3256756  13.16400342 13.04432896 13.12742647 13.21226024 13.21961816
 13.19333457 13.10590801 13.18480208 13.13563855 13.04572157 13.30511842
 13.05505783 13.28783123 13.19333457 13.2923846  13.21934721 13.14588295
 13.1246155  13.32410593 13.14588295 13.2868677  13.07574484 13.22124133
 13.15761943 13.32049988 13.06462282 13.35774694 13.34607358 13.27072076
 13.18879801 13.15642498 13.2332786  13.17615545 13.31435628 13.0588296
 13.05350953 13.47535473 13.18250756 13.04502564 13.38244773 13.10943297
 13.11643168 13.1217933  13.14588295 13.0636037  13.15132494 13.17120453
 13.07037268 13.16163507 13.31068078 13.14100902 13.14770177 13.10558671
 13.2346013  13.37604367 13.29071149 13.22742368 13.3020807  13.36378831
 13.32679381 13.05333734 13.15312937 13.22902617 13.12085005 13.31504254
 13.04345723 13.16621614 13.29595243 13.15747024 13.2632236  13.16680495
 13.28420926 13.06394355 13.1579177  13.04676446 13.27909783 13.19896025
 13.29405252 13.25689941 13.11389454 13.10462194 13.50893538 13.25766205
 13.29429042 13.1202205  13.28927328 13.14588295 13.08306984 13.11674817
 13.27860861 13.09065199 13.19530921 13.23881439 13.08637593 13.05350953
 13.11832859 13.225817   13.312292   13.13270566 13.2923846  13.299261
 13.09457736 13.09196274 13.04606939 13.21554129 13.2489595  13.12116456
 13.36046476 13.33079883 13.3507771  13.16178336 13.13177692 13.14588295
 13.17178894 13.12492839 13.2327487  13.06767222 13.41313929 13.30395213
 13.04363166 13.34478283 13.21934721 13.12273527 13.15312937 13.33301007
 13.45059055 13.08273845 13.07974913 13.20564557 13.33784039 13.32634682
 13.26221647 13.19050295 13.23168744 13.10558671 13.26120751 13.14497172
 13.06496224 13.47786564 13.14223074 13.25766205 13.32768657 13.20425865
 13.04328279 13.07708202 13.23433704 13.29333837 13.33696567 13.11611501
 13.09065199 13.39188498 13.26723452 13.07607936 13.39421307 13.05746021
 13.38719146 13.11611501 13.32634682 13.30395213 13.16178336 13.45327667
 13.05299279 13.34088982 13.09750772 13.16974123 13.09032394 13.47409261
 13.07373471 13.36004766 13.35795657 13.17091212 13.12304897 13.14770177
 13.07339923 13.27270318 13.19839991 13.04711185 13.3642021  13.24585656
 13.33740324 13.2935765  13.09588115 13.22393703 13.16267223 13.147096
 13.37321317 13.1916371  13.24429893 13.27171288 13.413879   13.35795657
 13.49015611 13.28493556 13.35289994 13.29595243 13.16974123 13.13177692
 13.40491507 13.28662657 13.19615362 13.28202448 13.11357683 13.29190711
 13.3387136  13.17383027 13.43547117 13.07037268 13.13425084 13.13239624
 13.53360205 13.11611501 13.0502307  13.23592114 13.37118062 13.28903318
 13.12336255 13.06156132 13.18049314 13.12991576 13.13978513 13.2279583
 13.3245549  13.32410593 13.27860861 13.42481881 13.28105067 13.13548445
 13.32902276 13.15776861 13.0584875  13.11421221 13.36954804 13.16385562
 13.14131467 13.04153619 13.22366805 13.44652547 13.27418541 13.04849952
 13.2987896  13.18020483 13.27713809 13.20951269 13.13579256 13.06767222
 13.07054109 13.38244773 13.08769427 13.05195814 13.3642021  13.10719177
 13.14223074 13.04328279 13.22151143 13.11769683 13.20035887 13.15132494
 13.15192696 13.13084691 13.10526524 13.34175763 13.17324768 13.25893081
 13.27072076 13.15132494 13.07003562 13.14223074 13.29547806 13.16444656
 13.17208089 13.11102959 13.20286866 13.13640831 13.13855914 13.04606939
 13.28105067 13.31137191 13.06969844 13.19783908 13.25766205 13.33345112
 13.4079243  13.26972689 13.12147902 13.12929426 13.17557491 13.2075821
 13.18651763 13.14070327 13.26573373 13.16207978 13.11516425 13.26873126
 13.12242139 13.17324768 13.08999572 13.32320683 13.30906453 13.11325888
 13.1180128  13.31458514 13.05471408 13.0502307  13.15162604 13.2166311
 13.34949891 13.06631848 13.05951352 13.11959042 13.04745891 13.06428328
 13.30581695 13.15252842 13.14891165 13.12085005 13.3245549  13.12773808
 13.10204297 13.15312937 13.07171926 13.06564066 13.15312937 13.10815313
 13.05264805 13.11864427 13.15252842 13.2422156  13.09196274 13.39188498
 13.04676446 13.08505527 13.11484706 13.07440538 13.21006317 13.28299655
 13.30067271 13.12804958 13.05471408 13.26623445 13.09815734 13.10204297
 13.36212949 13.2166311  13.27418541 13.15522845 13.20509117 13.10204297
 13.05230312 13.33477201 13.1916371  13.07440538 13.29119006 13.33827724
 13.11895977 13.16827471 13.25766205 13.50434011 13.17847245 13.06224266
 13.12116456 13.11643168 13.0491925  13.23750102 13.28975313 13.08058068
 13.17499388 13.13978513 13.12929426 13.28056312 13.0730635  13.15372975
 13.06631848 13.05057648 13.07908322 13.36626551 13.24325817 13.08802344
 13.06969844 13.08373228 13.25562617 13.21116264 13.0567746  13.5212409
 13.14192549 13.09359798 13.20286866 13.10301116 13.13425084 13.48159871
 13.0730635  13.2950033  13.13084691 13.14345029 13.13548445 13.06122031
 13.13084691 13.06292352 13.29689984 13.29214594 13.3186872  13.09555543
 13.18020483 13.12804958 13.35205193 13.42409848 13.33587004 13.04988487
 13.11484706 13.29262323 13.12147902 13.17149676 13.14162013 13.54343941
 13.16385562 13.05161297 13.16856828 13.32679381 13.16856828 13.17557491
 13.33345112 13.08901027 13.11230432 13.19783908 13.16562682 13.11990552
 13.23062435 13.14951576 13.0536817  13.13425084 13.05814521 13.05814521
 13.15432962 13.05092221 13.26019677 13.05574505 13.15492893 13.41974981
 13.21934721 13.04223534 13.07037268 13.36708837 13.06767222 13.17789402
 13.07171926 13.33740324 13.24481859 13.05608837 13.07574484 13.05951352
 13.07641369 13.22097112 13.18537446 13.21061318 13.05814521 13.17499388
 13.34002049 13.33652773 13.10139678 13.0857159  13.0636037  13.07574484
 13.0804145  13.06428328 13.18135718 13.20730582 13.44310468 13.42265406] 522
bidsort lists= 522 522
 522
SNAP 39
EPS 0.06805708558693654
galrad= 0.01
!!! agesel
Found 1075 stars.
Rotated pos.
Rotated vel.
Calculating circularities
dty= [13.23750102 13.01378344 13.28420926 13.2923846  13.31435628 13.04502564
 13.22124133 13.31504254 13.17615545 13.00486681 13.21226024 13.29405252
 13.04083655 13.16163507 13.17120453 13.18594629 13.29737289 13.01595237
 13.01883537 13.00486681 13.34521344 13.3571175  13.04572157 13.03943529
 13.15312937 13.10815313 13.29023253 13.20564557 13.31458514 13.21961816
 13.02206671 13.33696567 13.30511842 13.42337696 13.32679381 13.01847553
 12.99548314 13.31068078 13.41313929 13.02206671 13.19248641 13.14588295
 13.01595237 13.13917243 13.04328279 13.14588295 13.33740324 13.19333457
 13.08999572 13.01955462 13.3303554  13.22902617 13.3041856  13.53465327
 13.10462194 13.01613283 13.19530921 13.07440538 13.55831191 13.14588295
 13.11643168 13.02564193 13.33696567 13.17178894 13.11990552 13.2489595
 13.40491507 13.36212949 13.11674817 13.02813514 13.22849244 13.18250756
 13.37604367 13.29190711 13.2923846  13.16178336 12.98655437 13.21226024
 13.25766205 13.10943297 13.22205127 13.03468743 13.26448009 13.16237609
 13.05005772 13.09620676 13.16178336 13.15776861 13.16207978 13.35774694
 13.35289994 13.28927328 13.21826217 13.15761943 12.98486971 13.12085005
 13.02278292 13.3443518  13.03592106 13.14497172 13.03768006 13.15642498
 13.10590801 13.06496224 13.29071149 13.299261   13.03097512 13.04153619
 13.18879801 13.04118647 13.03309866 13.12398932 13.2327487  13.34607358
 13.45327667 13.27171288 12.99363089 13.03345192 13.15432962 13.12898328
 13.24533783 13.04676446 13.3507771  13.28662657 13.32634682 13.29973201
 13.34478283 13.35816606 13.18765883 13.06053812 13.02099095 13.06969844
 13.0636037  13.02920137 13.00979194 13.2846936  13.147096   13.225817
 13.10558671 13.05985519 13.18020483 13.16326424 13.28202448 13.28493556
 13.06224266 13.13917243 13.22393703 13.33784039 12.99214605 13.18250756
 13.3642021  13.03345192 13.04153619 13.03873365 13.06462282 13.11516425
 13.36004766 13.13579256 13.29166819 13.02884611 13.09130767 13.31504254
 13.15747024 13.00541548 13.18480208 13.36954804 13.32634682 13.25689941
 13.43895946 13.28927328 13.05505783 13.38244773 13.21934721 13.14770177
 13.12742647 13.0502307  13.2332786  13.08340112 13.01378344 13.05350953
 13.15851386 13.43547117 13.32410593 13.25893081 13.10622919 13.16621614
 13.13978513 13.14800445 13.20425865 13.40415946 13.27270318 13.28783123
 13.22742368 13.15732105 13.05402602 13.06902366 13.27072076 13.27860861
 13.21934721 13.13671595 13.45327667 13.35543496 13.1217933  13.2632236
 13.30395213 13.16680495 12.98804909 13.16222798 13.11832859 13.47409261
 13.14588295 13.11421221 13.11516425 13.17528445 13.0200935  13.18135718
 13.19050295 13.00175071 13.3186872  13.13563855 13.3256756  13.26120751
 12.98580611 13.23881439 13.05540153 13.13702348 13.3848259  12.99548314
 13.21417626 13.2923846  13.26498186 13.1217933  13.2075821  13.16621614
 13.27860861 13.05299279 13.29333837 13.26873126 12.99214605 13.1246155
 13.16400342 13.01955462 13.2346013  13.38403458 13.4086733  13.06767222
 13.01414536 13.0588296  13.31183218 13.32768657 13.01160869 13.3303554
 13.01703466 13.03132952 13.18651763 13.32049988 13.09620676 13.03873365
 13.07574484 13.29429042 13.04711185 13.50893538 13.29595243 13.30395213
 13.24429893 13.42481881 13.09196274 13.04118647 13.11864427 13.10333357
 13.13548445 13.49015611 13.15970459 13.2987896  13.13270566 13.01269679
 13.18936683 13.07708202 13.05471408 13.34907203 13.19643482 13.17324768
 13.14588295 13.1202205  13.03732867 13.11325888 13.26372654 13.35795657
 13.04345723 13.16385562 13.33301007 13.0536817  13.16974123 13.14223074
 13.00687697 13.07104624 13.3387136  13.03873365 13.09261729 13.05951352
 13.36378831 13.07708202 13.19896025 13.33079883 13.12991576 13.12116456
 13.14223074 13.25409453 13.1180128  13.45059055 13.13084691 13.05643151
 13.04432896 13.34607358 13.1916371  13.21934721 13.32410593 12.99862288
 13.17847245 13.14770177 13.32902276 13.27909783 13.20063823 13.1579177
 13.19839991 13.25766205 13.12929426 13.06156132 13.05505783 13.19783908
 13.04013616 13.15132494 13.09750772 13.12991576 13.35120242 13.09392453
 13.07037268 13.11357683 13.34088982 13.12085005 13.09588115 13.11895977
 13.10558671 12.9958532  13.3020807  13.50434011 13.28105067 12.99177432
 13.15252842 12.98374468 13.03908456 13.15132494 13.24585656 12.99843847
 13.19615362 13.26120751 13.32320683 13.28903318 13.13177692 13.2868677
 13.31458514 13.11611501 13.18651763 13.25766205 13.13239624 13.02457094
 13.30906453 13.38244773 13.17208089 13.10204297 13.2166311  13.27418541
 13.00979194 13.11611501 13.12804958 13.12273527 13.27615563 13.0202731
 13.22151143 12.98972756 12.99733151 13.36046476 13.2279583  13.26723452
 13.11389454 13.03203761 13.2935765  13.44652547 13.44379129 13.00431775
 13.07974913 13.36872964 13.29595243 13.00979194 13.37321317 13.01595237
 12.9910307  13.02671134 13.19050295 12.98692841 13.09457736 13.00797134
 12.99288879 13.08637593 13.39421307 13.04013616 13.27072076 13.08273845
 13.15312937 12.9843074  13.08273845 13.04606939 13.15522845 13.39188498
 13.09065199 13.0502307  13.06564066 12.98692841 13.02849065 13.14100902
 13.37118062 13.17091212 13.03521646 13.12116456 13.03415828 13.312292
 13.27418541 13.15011937 13.16827471 13.01450709 13.0730635  13.02955645
 13.05350953 13.02742355 13.28105067 13.06767222 13.29119006 13.2724558
 13.12304897 13.01703466 13.47786564 13.26221647 13.02457094 13.13177692
 13.02170831 13.23592114 13.20035887 13.03309866 13.15312937 13.3245549
 13.09032394 13.5212409  13.18537446 12.98524443 13.00064815 13.16974123
 13.17324768 13.47535473 13.02777944 13.21554129 13.02777944 13.23168744
 13.02813514 13.01378344 13.28056312 13.0584875  13.01197149 13.26623445
 13.01703466 12.99065852 13.30581695 13.06699562 13.15132494 13.11769683
 12.9938162  13.20951269 13.35795657 13.2166311  13.2422156  13.07037268
 13.01559127 13.29547806 13.11611501 13.23433704 13.09229008 13.31137191
 13.06496224 13.06394355 12.99474271 13.16119007 13.48159871 13.09750772
 13.00248502 13.26573373 13.21116264 13.16326424 13.04048645 13.33345112
 13.25766205 13.27713809 13.46448225 13.03380512 13.29214594 13.12492839
 13.03203761 13.43687023 13.01269679 13.04676446 13.3642021  13.14466767
 13.06631848 13.13425084 13.30067271 13.33587004 13.22366805 13.13084691
 13.21280826 13.09815734 13.03662517 12.99400164 13.04153619 13.26972689
 13.2950033  13.00468385 13.01739513 13.20509117 13.42409848 13.05540153
 13.07373471 13.4079243  13.08769427 13.00797134 12.99917572 13.06969844
 13.08999572 13.34175763 13.413879   13.10204297 13.10719177 13.01991388
 13.05195814 13.00541548 13.17324768 13.05746021 13.07339923 13.25562617
 13.02457094 13.12116456 13.29689984 13.07440538 13.01847553 13.33212675
 13.00578114 13.11738075 13.15312937 13.12929426 13.0202731  13.17962789
 13.15162604 13.17557491 13.02742355 13.21006317 13.11484706 13.06631848
 13.11102959 13.00101577 13.20286866 13.06428328 13.06224266 13.00138334
 13.15522845 13.34949891 13.10815313 13.10204297 13.09229008 13.14527559
 13.54343941 12.99511302 12.98655437 13.01015571 13.11959042 13.05264805
 13.05951352 13.11611501 13.02242491 13.37925706 13.00724186 12.98842235
 13.11007204 13.04745891 13.04676446 13.02242491 13.1916371  13.18020483
 13.2692293  13.08406325 13.00138334 12.99474271 13.08604598 13.03274507
 13.08505527 13.11484706 13.1916371  13.33827724 13.05471408 13.15192696
 13.06513193 13.35963014 12.98618041 13.02991133 13.08074691 13.08058068
 13.14192549 13.06428328 13.02991133 13.10301116 13.00687697 13.02314088
 13.36954804 13.13610049 13.08107921 13.06902366 13.04258464 13.14162013
 13.11864427 13.36295961 13.01883537 13.01667413 13.37684916 12.98842235
 13.0567746  13.06292352 13.47786564 13.17499388 13.08538564 13.41682482
 13.0380314  12.9910307  13.09359798 13.00651175 13.22474344 13.00138334
 13.28783123 13.07724898 13.05814521 13.0730635  13.03415828 13.53882095
 13.07507544 13.41974981 13.0491925  13.16856828 12.99325993 13.01631328
 13.0754102  13.14223074 13.06462282 13.06292352 13.10622919 13.03309866
 13.06969844 13.08933891 13.04641702 13.0968575  13.06801031 13.01015571
 13.09555543 13.09327118 13.06767222 12.98393226 13.40340244 13.03768006
 13.38324188 13.05471408 13.09196274 13.0112457  13.17557491 12.9965926
 13.11230432 13.0502307  13.16267223 12.98767577 13.3104502  13.12960507
 12.99065852 13.05746021 13.27517143 13.06665711 13.04118647 13.50664591
 13.03978582 12.99843847 13.28299655 13.08868144 13.20619949 13.0588296
 13.03943529 13.24792704 13.11548133 13.07138281 13.05161297 13.03132952
 13.02742355 13.08174338 13.15432962 13.05917165 13.0453737  13.08538564
 13.16444656 13.01883537 13.11262262 13.03873365 13.1351763  13.04153619
 13.02528503 13.12867218 13.09555543 13.24792704 13.10139678 13.07607936
 13.16915504 13.10622919 13.21608644 13.01775541 13.03026617 13.36790971
 13.0345111  13.0857159  13.08670571 13.22902617 13.06631848 13.01595237
 13.08802344 13.10655019 13.10879338 13.05402602 13.08306984 13.02457094
 13.33168448 13.02813514 13.04745891 13.18765883 13.04711185 13.07708202
 13.05746021 13.09783262 13.00138334 13.0754102  13.04849952 13.00578114
 13.01991388 13.02671134 13.14070327 13.10430005 13.15312937 13.1882287
 13.20730582 13.02457094 13.08703537 13.09359798 13.03592106 13.01522998
 13.0730635  13.06902366 13.17441235 13.00651175 13.09783262 13.14588295
 13.10075007 13.15910951 13.06087924 13.04293388 13.08802344 13.10655019
 13.11611501 13.0857159  13.00578114 13.01955462 13.09750772 13.41313929
 13.07171926 13.01811563 13.10430005 13.10462194 13.0747405  13.11039133
 13.09945486 13.00138334 13.01811563 13.34778928 12.9977006  13.0916353
 13.24325817 13.36626551 12.99214605 13.09097992 13.04884611 13.07974913
 13.5179324  12.9843074  13.01955462 13.04083655 13.05746021 13.09653226
 13.0754102  12.9977006  13.03592106 13.06767222 13.03380512 13.04815288
 13.09977887 13.04048645 13.07037268 13.11832859 13.09065199 13.09913067
 13.05505783 13.08389773 13.13301497 13.0380314  13.13053669 13.07908322
 13.02063212 13.08538564 13.40036104 13.05195814 13.13794528 13.0259985
 13.42047781 13.00138334 13.26773386 13.02242491 13.07339923 13.17557491
 13.16267223 13.17091212 13.21499567 13.08207518 13.20951269 13.01378344
 13.11738075 13.09848194 13.06631848 13.15011937 13.10655019 13.10139678
 13.21608644 13.10333357 13.20730582 12.99288879 13.10847332 12.99474271
 13.00578114 13.11927522 13.09750772 13.10333357 13.12242139 13.24377881
 13.11294087 13.12804958 13.10719177 13.19615362 13.147096   13.18480208
 13.17208089 13.13825223 13.02314088 13.13053669 13.12742647 13.00942813
 13.28783123 13.02884611 13.01883537 13.33477201 13.03732867] 875
glb= [13.23750102 13.01378344 13.28420926 13.2923846  13.31435628 13.04502564
 13.22124133 13.31504254 13.17615545 13.00486681 13.21226024 13.29405252
 13.04083655 13.16163507 13.17120453 13.18594629 13.29737289 13.01595237
 13.01883537 13.00486681 13.34521344 13.3571175  13.04572157 13.03943529
 13.15312937 13.10815313 13.29023253 13.20564557 13.31458514 13.21961816
 13.02206671 13.33696567 13.30511842 13.42337696 13.32679381 13.01847553
 12.99548314 13.31068078 13.41313929 13.02206671 13.19248641 13.14588295
 13.01595237 13.13917243 13.04328279 13.14588295 13.33740324 13.19333457
 13.08999572 13.01955462 13.3303554  13.22902617 13.3041856  13.53465327
 13.10462194 13.01613283 13.19530921 13.07440538 13.55831191 13.14588295
 13.11643168 13.02564193 13.33696567 13.17178894 13.11990552 13.2489595
 13.40491507 13.36212949 13.11674817 13.02813514 13.22849244 13.18250756
 13.37604367 13.29190711 13.2923846  13.16178336 12.98655437 13.21226024
 13.25766205 13.10943297 13.22205127 13.03468743 13.26448009 13.16237609
 13.05005772 13.09620676 13.16178336 13.15776861 13.16207978 13.35774694
 13.35289994 13.28927328 13.21826217 13.15761943 12.98486971 13.12085005
 13.02278292 13.3443518  13.03592106 13.14497172 13.03768006 13.15642498
 13.10590801 13.06496224 13.29071149 13.299261   13.03097512 13.04153619
 13.18879801 13.04118647 13.03309866 13.12398932 13.2327487  13.34607358
 13.45327667 13.27171288 12.99363089 13.03345192 13.15432962 13.12898328
 13.24533783 13.04676446 13.3507771  13.28662657 13.32634682 13.29973201
 13.34478283 13.35816606 13.18765883 13.06053812 13.02099095 13.06969844
 13.0636037  13.02920137 13.00979194 13.2846936  13.147096   13.225817
 13.10558671 13.05985519 13.18020483 13.16326424 13.28202448 13.28493556
 13.06224266 13.13917243 13.22393703 13.33784039 12.99214605 13.18250756
 13.3642021  13.03345192 13.04153619 13.03873365 13.06462282 13.11516425
 13.36004766 13.13579256 13.29166819 13.02884611 13.09130767 13.31504254
 13.15747024 13.00541548 13.18480208 13.36954804 13.32634682 13.25689941
 13.43895946 13.28927328 13.05505783 13.38244773 13.21934721 13.14770177
 13.12742647 13.0502307  13.2332786  13.08340112 13.01378344 13.05350953
 13.15851386 13.43547117 13.32410593 13.25893081 13.10622919 13.16621614
 13.13978513 13.14800445 13.20425865 13.40415946 13.27270318 13.28783123
 13.22742368 13.15732105 13.05402602 13.06902366 13.27072076 13.27860861
 13.21934721 13.13671595 13.45327667 13.35543496 13.1217933  13.2632236
 13.30395213 13.16680495 12.98804909 13.16222798 13.11832859 13.47409261
 13.14588295 13.11421221 13.11516425 13.17528445 13.0200935  13.18135718
 13.19050295 13.00175071 13.3186872  13.13563855 13.3256756  13.26120751
 12.98580611 13.23881439 13.05540153 13.13702348 13.3848259  12.99548314
 13.21417626 13.2923846  13.26498186 13.1217933  13.2075821  13.16621614
 13.27860861 13.05299279 13.29333837 13.26873126 12.99214605 13.1246155
 13.16400342 13.01955462 13.2346013  13.38403458 13.4086733  13.06767222
 13.01414536 13.0588296  13.31183218 13.32768657 13.01160869 13.3303554
 13.01703466 13.03132952 13.18651763 13.32049988 13.09620676 13.03873365
 13.07574484 13.29429042 13.04711185 13.50893538 13.29595243 13.30395213
 13.24429893 13.42481881 13.09196274 13.04118647 13.11864427 13.10333357
 13.13548445 13.49015611 13.15970459 13.2987896  13.13270566 13.01269679
 13.18936683 13.07708202 13.05471408 13.34907203 13.19643482 13.17324768
 13.14588295 13.1202205  13.03732867 13.11325888 13.26372654 13.35795657
 13.04345723 13.16385562 13.33301007 13.0536817  13.16974123 13.14223074
 13.00687697 13.07104624 13.3387136  13.03873365 13.09261729 13.05951352
 13.36378831 13.07708202 13.19896025 13.33079883 13.12991576 13.12116456
 13.14223074 13.25409453 13.1180128  13.45059055 13.13084691 13.05643151
 13.04432896 13.34607358 13.1916371  13.21934721 13.32410593 12.99862288
 13.17847245 13.14770177 13.32902276 13.27909783 13.20063823 13.1579177
 13.19839991 13.25766205 13.12929426 13.06156132 13.05505783 13.19783908
 13.04013616 13.15132494 13.09750772 13.12991576 13.35120242 13.09392453
 13.07037268 13.11357683 13.34088982 13.12085005 13.09588115 13.11895977
 13.10558671 12.9958532  13.3020807  13.50434011 13.28105067 12.99177432
 13.15252842 12.98374468 13.03908456 13.15132494 13.24585656 12.99843847
 13.19615362 13.26120751 13.32320683 13.28903318 13.13177692 13.2868677
 13.31458514 13.11611501 13.18651763 13.25766205 13.13239624 13.02457094
 13.30906453 13.38244773 13.17208089 13.10204297 13.2166311  13.27418541
 13.00979194 13.11611501 13.12804958 13.12273527 13.27615563 13.0202731
 13.22151143 12.98972756 12.99733151 13.36046476 13.2279583  13.26723452
 13.11389454 13.03203761 13.2935765  13.44652547 13.44379129 13.00431775
 13.07974913 13.36872964 13.29595243 13.00979194 13.37321317 13.01595237
 12.9910307  13.02671134 13.19050295 12.98692841 13.09457736 13.00797134
 12.99288879 13.08637593 13.39421307 13.04013616 13.27072076 13.08273845
 13.15312937 12.9843074  13.08273845 13.04606939 13.15522845 13.39188498
 13.09065199 13.0502307  13.06564066 12.98692841 13.02849065 13.14100902
 13.37118062 13.17091212 13.03521646 13.12116456 13.03415828 13.312292
 13.27418541 13.15011937 13.16827471 13.01450709 13.0730635  13.02955645
 13.05350953 13.02742355 13.28105067 13.06767222 13.29119006 13.2724558
 13.12304897 13.01703466 13.47786564 13.26221647 13.02457094 13.13177692
 13.02170831 13.23592114 13.20035887 13.03309866 13.15312937 13.3245549
 13.09032394 13.5212409  13.18537446 12.98524443 13.00064815 13.16974123
 13.17324768 13.47535473 13.02777944 13.21554129 13.02777944 13.23168744
 13.02813514 13.01378344 13.28056312 13.0584875  13.01197149 13.26623445
 13.01703466 12.99065852 13.30581695 13.06699562 13.15132494 13.11769683
 12.9938162  13.20951269 13.35795657 13.2166311  13.2422156  13.07037268
 13.01559127 13.29547806 13.11611501 13.23433704 13.09229008 13.31137191
 13.06496224 13.06394355 12.99474271 13.16119007 13.48159871 13.09750772
 13.00248502 13.26573373 13.21116264 13.16326424 13.04048645 13.33345112
 13.25766205 13.27713809 13.46448225 13.03380512 13.29214594 13.12492839
 13.03203761 13.43687023 13.01269679 13.04676446 13.3642021  13.14466767
 13.06631848 13.13425084 13.30067271 13.33587004 13.22366805 13.13084691
 13.21280826 13.09815734 13.03662517 12.99400164 13.04153619 13.26972689
 13.2950033  13.00468385 13.01739513 13.20509117 13.42409848 13.05540153
 13.07373471 13.4079243  13.08769427 13.00797134 12.99917572 13.06969844
 13.08999572 13.34175763 13.413879   13.10204297 13.10719177 13.01991388
 13.05195814 13.00541548 13.17324768 13.05746021 13.07339923 13.25562617
 13.02457094 13.12116456 13.29689984 13.07440538 13.01847553 13.33212675
 13.00578114 13.11738075 13.15312937 13.12929426 13.0202731  13.17962789
 13.15162604 13.17557491 13.02742355 13.21006317 13.11484706 13.06631848
 13.11102959 13.00101577 13.20286866 13.06428328 13.06224266 13.00138334
 13.15522845 13.34949891 13.10815313 13.10204297 13.09229008 13.14527559
 13.54343941 12.99511302 12.98655437 13.01015571 13.11959042 13.05264805
 13.05951352 13.11611501 13.02242491 13.37925706 13.00724186 12.98842235
 13.11007204 13.04745891 13.04676446 13.02242491 13.1916371  13.18020483
 13.2692293  13.08406325 13.00138334 12.99474271 13.08604598 13.03274507
 13.08505527 13.11484706 13.1916371  13.33827724 13.05471408 13.15192696
 13.06513193 13.35963014 12.98618041 13.02991133 13.08074691 13.08058068
 13.14192549 13.06428328 13.02991133 13.10301116 13.00687697 13.02314088
 13.36954804 13.13610049 13.08107921 13.06902366 13.04258464 13.14162013
 13.11864427 13.36295961 13.01883537 13.01667413 13.37684916 12.98842235
 13.0567746  13.06292352 13.47786564 13.17499388 13.08538564 13.41682482
 13.0380314  12.9910307  13.09359798 13.00651175 13.22474344 13.00138334
 13.28783123 13.07724898 13.05814521 13.0730635  13.03415828 13.53882095
 13.07507544 13.41974981 13.0491925  13.16856828 12.99325993 13.01631328
 13.0754102  13.14223074 13.06462282 13.06292352 13.10622919 13.03309866
 13.06969844 13.08933891 13.04641702 13.0968575  13.06801031 13.01015571
 13.09555543 13.09327118 13.06767222 12.98393226 13.40340244 13.03768006
 13.38324188 13.05471408 13.09196274 13.0112457  13.17557491 12.9965926
 13.11230432 13.0502307  13.16267223 12.98767577 13.3104502  13.12960507
 12.99065852 13.05746021 13.27517143 13.06665711 13.04118647 13.50664591
 13.03978582 12.99843847 13.28299655 13.08868144 13.20619949 13.0588296
 13.03943529 13.24792704 13.11548133 13.07138281 13.05161297 13.03132952
 13.02742355 13.08174338 13.15432962 13.05917165 13.0453737  13.08538564
 13.16444656 13.01883537 13.11262262 13.03873365 13.1351763  13.04153619
 13.02528503 13.12867218 13.09555543 13.24792704 13.10139678 13.07607936
 13.16915504 13.10622919 13.21608644 13.01775541 13.03026617 13.36790971
 13.0345111  13.0857159  13.08670571 13.22902617 13.06631848 13.01595237
 13.08802344 13.10655019 13.10879338 13.05402602 13.08306984 13.02457094
 13.33168448 13.02813514 13.04745891 13.18765883 13.04711185 13.07708202
 13.05746021 13.09783262 13.00138334 13.0754102  13.04849952 13.00578114
 13.01991388 13.02671134 13.14070327 13.10430005 13.15312937 13.1882287
 13.20730582 13.02457094 13.08703537 13.09359798 13.03592106 13.01522998
 13.0730635  13.06902366 13.17441235 13.00651175 13.09783262 13.14588295
 13.10075007 13.15910951 13.06087924 13.04293388 13.08802344 13.10655019
 13.11611501 13.0857159  13.00578114 13.01955462 13.09750772 13.41313929
 13.07171926 13.01811563 13.10430005 13.10462194 13.0747405  13.11039133
 13.09945486 13.00138334 13.01811563 13.34778928 12.9977006  13.0916353
 13.24325817 13.36626551 12.99214605 13.09097992 13.04884611 13.07974913
 13.5179324  12.9843074  13.01955462 13.04083655 13.05746021 13.09653226
 13.0754102  12.9977006  13.03592106 13.06767222 13.03380512 13.04815288
 13.09977887 13.04048645 13.07037268 13.11832859 13.09065199 13.09913067
 13.05505783 13.08389773 13.13301497 13.0380314  13.13053669 13.07908322
 13.02063212 13.08538564 13.40036104 13.05195814 13.13794528 13.0259985
 13.42047781 13.00138334 13.26773386 13.02242491 13.07339923 13.17557491
 13.16267223 13.17091212 13.21499567 13.08207518 13.20951269 13.01378344
 13.11738075 13.09848194 13.06631848 13.15011937 13.10655019 13.10139678
 13.21608644 13.10333357 13.20730582 12.99288879 13.10847332 12.99474271
 13.00578114 13.11927522 13.09750772 13.10333357 13.12242139 13.24377881
 13.11294087 13.12804958 13.10719177 13.19615362 13.147096   13.18480208
 13.17208089 13.13825223 13.02314088 13.13053669 13.12742647 13.00942813
 13.28783123 13.02884611 13.01883537 13.33477201 13.03732867] 875
bidsort lists= 875 875
 875
SNAP 40
EPS 0.13866761194334948
galrad= 0.01
!!! agesel
Found 722 stars.
Rotated pos.
Rotated vel.
Calculating circularities
dty= [13.15342961 12.93492419 13.12304897 13.21006317 13.43406721 12.97374212
 13.00724186 12.938686   13.10526524 12.94125088 13.12273527 12.92995028
 13.21444957 13.00979194 12.99010001 13.29166819 13.01739513 13.12664677
 13.18049314 12.94870588 12.93908113 13.01919502 13.2279583  13.00119956
 12.99991218 12.92835285 13.01360239 13.17818332 13.15042098 13.20951269
 13.21157448 12.92434682 12.96534872 13.02582029 13.33345112 13.27860861
 12.9938162  12.96400582 12.93373292 13.00064815 13.24507829 13.07440538
 12.99603807 12.94203861 13.20147554 13.18049314 13.16237609 13.3571175
 12.94577062 13.11990552 12.99400164 13.15477915 13.14223074 13.14009135
 13.34907203 13.1180128  13.15582697 12.92855276 12.93730201 12.97336233
 12.97298248 13.02403499 13.26523262 13.19474561 12.99622307 13.20536842
 13.05985519 13.09261729 13.34348858 13.00119956 13.19050295 12.94282554
 13.04988487 13.12398932 13.17353903 12.97715236 13.16562682 13.02849065
 12.97941832 12.92755306 13.09588115 13.28638535 13.06936114 13.01847553
 12.94792411 13.14253581 13.01378344 13.03468743 13.14951576 13.23933891
 13.00248502 13.17933925 13.17789402 13.19305196 13.04884611 13.27467865
 12.97979538 13.23750102 12.95026746 13.19276924 12.99437234 12.92133077
 13.22875939 12.99954397 13.38403458 13.20091748 12.98280611 12.92775303
 13.01522998 13.20509117 13.38954446 13.1373309  13.24999016 13.16267223
 13.01179017 12.94302224 13.01051914 12.9418417  13.28783123 13.09555543
 13.19276924 12.92534999 13.16474181 13.17818332 13.36046476 13.19305196
 12.94302224 13.09620676 13.34175763 13.25281506 12.93174415 13.02849065
 13.21390292 13.15761943 12.92635208 12.92755306 13.06122031 13.11134847
 12.98505708 13.14830696 13.20702942 13.1882287  13.13301497 13.15642498
 13.02671134 13.36046476 13.17673549 12.96266095 12.92615172 13.03097512
 13.11166725 12.95396502 12.94831517 13.29452817 12.93293802 13.2591842
 13.30767517 13.11738075 13.21499567 12.95571115 13.09327118 13.1484582
 13.23009209 13.15102373 13.11039133 13.02421375 13.12492839 13.23907673
 13.14345029 13.12430244 13.13932565 13.14618643 13.07440538 12.92534999
 13.11484706 13.06631848 13.06258311 12.94714168 13.11611501 13.24299769
 13.27713809 13.25867725 13.03521646 13.01631328 13.06053812 13.0949035
 13.18879801 12.95007243 13.31137191 13.21143721 13.10719177 13.31321047
 12.95996474 12.94262883 13.55245779 13.10751236 12.9958532  13.13332411
 12.98280611 12.94479    13.19755848 12.9345273  13.15132494 13.18794379
 13.13548445 13.01739513 13.4105399  13.21799064 12.94655431 12.98898193
 13.25893081 13.17586527 13.41902049 13.1910703  13.17702528 12.99917572
 13.21988895 12.97582785 13.09620676 12.93293802 13.11230432 13.18106932
 13.39883224 13.16680495 13.1910703  13.03908456 13.08966737 13.28251074
 12.95377084 13.04048645 13.16827471 12.96879226 13.16326424 13.21116264
 13.19050295 13.22742368 13.30674687 13.14497172 13.25816991 13.07641369
 13.14603469 13.3020807  13.05814521 13.03504018 13.09555543 13.15432962
 13.18394254 13.12085005 13.01051914 13.25943749 13.03239144 12.93054861
 12.93094723 13.04101145 13.01847553 12.93591573 13.12430244 13.16886174
 13.10558671 13.33565063 13.17266454 13.02635501 13.07774966 12.98972756
 13.25101897 13.12867218 12.99400164 13.11262262 12.9763957  13.14830696
 12.95026746 13.14981766 12.98355707 13.15132494 12.93532088 13.14466767
 13.16000197 12.96015761 13.46642483 13.09945486 12.93888357 13.07574484
 12.9559049  13.14192549 12.9559049  12.99214605 12.93094723 12.95977185
 13.07507544 13.12680277 12.94203861 13.08207518 13.30952686 13.06564066
 12.98243033 13.06834821 13.09522952 13.04485146 13.07205553 13.14996852
 13.11990552 13.07574484 13.02528503 13.27762873 13.17905045 13.22259069
 13.04188586 13.24325817 13.08637593 13.08373228 13.16562682 13.25435006
 12.9792297  13.15252842 13.24117116 13.10943297 13.01775541 12.95977185
 13.19361702 13.30952686 13.00942813 13.13177692 12.97203191 13.16267223
 13.31504254 12.97203191 13.56119249 13.04153619 13.25715372 12.93373292
 12.96688089 12.96745468 12.97506996 12.97941832 13.14070327 12.96323751
 13.06665711 13.32230612 12.96764586 12.96841033 13.04884611 12.94282554
 13.11421221 12.92314169 13.0804145  13.05057648 13.0035851  13.10590801
 12.96802819 13.28105067 13.11990552 13.14405923 13.23750102 13.05985519
 12.96668951 13.17962789 13.16503694 12.99400164 12.96092867 12.98130211
 12.96726348 12.99437234 13.10847332 12.96688089 13.05780274 13.16886174
 12.92474822 13.11864427 12.93631198 12.95104726 13.23115613 13.18651763
 13.08240688 12.93492419 13.29831783 13.09555543 12.93214217 13.18765883
 13.02849065 13.04153619 13.35795657 12.96246855 13.21143721 13.13963201
 13.00888216 12.98336932 13.00064815 13.407174   13.01015571 13.14679292
 13.09097992 13.12836097 12.95609864 13.12367596 13.01667413 12.95415919
 12.92314169 13.15612603 12.97960693 13.00997383 13.01269679 12.92494897
 13.02457094 12.96419783 13.08439404 13.16148677 13.413879   13.21417626
 13.13855914 13.3104502  13.25562617 13.26623445 13.1842292  13.03592106
 13.147096   13.22474344 12.95609864 13.1180128  12.96821934 12.93214217
 12.98842235 13.22070075 13.14951576 12.97525945 13.10783284 13.10042647
 13.09653226 13.23486552 12.93611394 13.34949891 13.1217933  13.09032394
 13.14588295 13.03026617 13.1665106  13.50664591 13.10333357 12.99492794
 13.13208664 13.04815288 13.12680277 13.19559079 13.45990914 13.18308191
 13.07373471 13.12836097 13.17353903 12.93214217 13.02706761 13.20509117
 12.94635844 13.08306984 13.16237609 13.20035887 13.22929279 13.14679292
 13.18308191 13.15372975 12.99548314 13.08240688 13.12991576 13.14951576
 13.11373573 13.19769875 13.23380802 13.14770177 12.95996474 13.14527559
 13.43053534 13.35035141 13.05195814 12.96054317 13.17149676 13.35543496
 13.05746021 12.99400164 12.94144784 12.93293802 13.15821587 12.98954124
 12.98130211 12.97279239 13.00248502 13.15462936 13.05092221 12.99325993
 12.98505708 12.97828608 13.15910951 12.95667977 13.17091212 13.00651175
 12.93809319 13.03680107 13.07974913 12.97069939 13.01378344 12.93293802
 12.97393199 13.00870005 13.32768657 12.95377084 13.14770177 13.23380802
 13.06496224 13.24351854 13.00028019 13.14466767 13.05402602 13.14070327
 12.969174   13.07908322 13.25383884 12.97279239 13.13978513 12.98730212
 13.10558671 13.1255537  13.01739513 12.95299355 12.95299355 13.18480208
 12.94792411 13.08637593 13.11484706 13.256645   12.93472576 12.99251745
 13.13794528 13.1261785  12.9245476  13.20175441 13.46835715 13.17061961
 12.98730212 13.05985519 12.93214217 13.03292181 13.1351763  13.09555543
 13.20509117 12.96573195 13.14466767 13.02920137 12.95065746 13.15642498
 12.9215322  13.14648973 13.11548133 12.97979538 12.93571751 13.19559079
 13.01015571 13.20063823 13.08306984 13.05057648 13.01450709 13.0857159
 13.14039733 13.05195814 12.93014979 13.11548133 13.20675292 13.23380802
 13.22474344 13.27196062 12.93571751 12.9703183  13.02849065 13.21826217
 13.09359798 13.00211789 13.18020483 12.92975076 12.98374468 13.00797134
 12.92494897 13.21006317 12.93809319 13.24012485 13.21472264 13.00431775
 13.08999572 13.03908456 12.95415919 13.0754102  13.07323137 13.28590249
 13.26019677 12.95609864 13.01522998 12.99566818 13.06326367 13.18623201
 13.1180128  13.14345029 13.00101577 13.10075007 13.0076067  13.03943529
 13.47786564 13.00797134 12.92975076 12.95996474 13.06834821 13.06733401
 13.09555543 13.39498636 13.17091212 12.94831517 12.96150646 13.29831783
 13.27762873 13.05126762 13.02314088 13.20091748 12.94596667 13.05814521
 13.04223534 13.07708202 13.11484706 13.12242139 13.07440538 13.17818332
 13.04711185 12.9638138  12.98318169 13.20951269 13.02582029 13.21799064
 13.15132494 13.20453628 13.24585656 12.9638138  13.14345029 13.03239144
 13.12867218 13.18765883 13.0804145  13.00651175 12.94518238 13.18250756
 13.08505527 13.01739513 13.04711185 13.01233424 13.07239168 12.97222219
 13.17091212 13.13177692 13.50026535 13.04797934 13.20398091 13.0035851
 13.17208089 13.07003562 12.97488045 13.04432896 12.94400479 13.2174472
 13.27909783 12.9882358  12.9345273  13.10010269 13.1180128  13.00942813
 13.31321047 12.92534999 13.20231178 13.17760455 13.03662517 13.22688859
 13.07741593 13.25409453 13.19220341 13.01883537 13.00942813 13.12053536
 12.96419783 12.95648607 12.98092569 13.02421375 12.9882358  13.16385562
 13.15192696 12.94282554 12.93214217 13.06631848 13.00797134 13.19078671
 13.03838255 13.04432896 12.98842235 13.0202731  13.147096   12.96841033
 13.12116456 12.96611513 13.12116456 13.14830696 13.20978795 12.96649811
 13.0588296  13.01414536 13.03345192 13.04380607 12.95026746 13.03662517
 13.2174472  12.93054861 12.99047241 12.9977006  12.99733151 12.94596667
 13.0968575  13.17178894 13.02206671 12.99806963 13.18250756 12.99140254
 13.14100902 13.33565063 12.96400582 13.13115709 12.98618041 12.93769763
 13.24689273 12.96266095 13.02314088 13.09945486 13.07239168 13.33212675
 13.14039733 12.95648607 13.26848206 13.12492839 13.32946736 13.07239168
 13.14679292 13.43756786 12.9498774  12.98167833 13.10075007 12.96974643
 12.94675016 12.94675016 13.06496224 12.94714168 13.06156132 12.95996474
 13.20978795 13.14618643 12.96802819 13.15492893 12.97979538 13.19446366
 13.24585656 12.94400479 12.92855276 13.03168359 13.2692293  13.25816991
 12.97790837 12.95532345 13.25766205 13.07171926 12.97753047 13.3303554
 13.12711468 13.10783284 13.36544123 13.04988487 12.94831517 12.98243033
 12.99548314 12.95764718 13.07974913 13.0035851  13.18594629 12.93967343
 13.19559079 12.94792411 12.98599327 13.08835257 13.03380512 12.94596667
 13.23115613 13.18250756 13.00321855 13.217719   12.95996474 13.05985519
 13.04293388 13.04832614 13.11611501 13.09945486 13.00101577 13.1217933
 13.04988487 13.08901027 12.98842235 13.03239144 13.24351854 12.94361182
 13.08604598 13.14800445 13.29642636 12.99400164 13.32410593 12.98243033
 12.97298248 12.92414617 13.08835257 12.95026746 13.04083655 13.00833579
 12.94518238 13.07373471 13.14830696 13.04780592 12.95299355 13.17905045
 12.97601715 12.92775303 13.06224266 13.1555278  13.13794528 12.96150646
 13.11864427 12.93014979 13.23539353 12.94753299 13.14951576 13.13425084
 13.33124184 12.95143686 13.01269679 13.40566939 13.52721574 13.20509117
 12.99843847 13.21717529 13.28396695 12.95648607 13.0571175  12.97450111
 12.9703183  13.0636037  13.11421221 12.95143686 13.1255537  13.21499567
 13.06428328 12.97336233 13.07440538 12.94714168 13.03097512 13.26523262
 12.95377084 13.0380314  13.01667413 12.93571751 12.94203861 12.99511302
 13.01342132 12.98092569 13.1882287  13.10911327 13.15492893 13.34521344
 13.04641702 12.98092569 13.04398033 13.13917243 12.95454747 13.0588296
 13.18078128 13.07440538 12.94557455 13.05402602 12.98468233 12.92615172
 13.15222778 12.95377084 13.16207978 13.05092221 12.92735308 12.93413021
 13.04953871 12.94596667 13.12367596 13.24637488 12.96534872 12.95803382
 13.11230432 12.92775303 13.22339889 13.02134973 12.94537847 13.24481859
 13.07808328 13.16385562 13.05299279 12.99991218 13.02955645 13.08802344
 13.28396695 13.02170831 13.04013616 13.2489595  13.02706761 13.00578114
 12.96955568 13.08835257 13.18250756 13.29642636 13.18765883 12.93492419
 12.97904106 13.40264413 13.09359798 13.03097512 13.11990552 13.15672382
 12.95221546 13.32589945 12.93967343 13.28105067 12.92695278 13.1747032
 13.30488539 13.31777844 13.15462936 13.10075007 13.04293388 13.15402977
 13.14981766 12.98167833 13.18250756 13.14405923 13.15732105 13.53148838
 13.11389454 13.20398091 13.03132952 13.07239168 12.94361182 13.21499567
 13.04013616 13.15312937 13.02813514 13.02671134 13.14375485 13.10075007
 13.03943529 13.15072241 12.94518238 13.05540153 13.14192549 12.98280611
 13.32230612 13.03662517 13.26221647 12.95687331 13.02314088 13.0202731
 13.1916371  13.18193265 12.93651002 13.17615545 13.18193265 12.94753299
 12.98730212 12.97601715 13.03026617 13.30488539 12.9498774  12.94753299
 13.11611501 12.99474271 12.97904106 12.93014979 12.93888357 12.93094723
 12.94753299] 985
glb= [13.15342961 12.93492419 13.12304897 13.21006317 13.43406721 12.97374212
 13.00724186 12.938686   13.10526524 12.94125088 13.12273527 12.92995028
 13.21444957 13.00979194 12.99010001 13.29166819 13.01739513 13.12664677
 13.18049314 12.94870588 12.93908113 13.01919502 13.2279583  13.00119956
 12.99991218 12.92835285 13.01360239 13.17818332 13.15042098 13.20951269
 13.21157448 12.92434682 12.96534872 13.02582029 13.33345112 13.27860861
 12.9938162  12.96400582 12.93373292 13.00064815 13.24507829 13.07440538
 12.99603807 12.94203861 13.20147554 13.18049314 13.16237609 13.3571175
 12.94577062 13.11990552 12.99400164 13.15477915 13.14223074 13.14009135
 13.34907203 13.1180128  13.15582697 12.92855276 12.93730201 12.97336233
 12.97298248 13.02403499 13.26523262 13.19474561 12.99622307 13.20536842
 13.05985519 13.09261729 13.34348858 13.00119956 13.19050295 12.94282554
 13.04988487 13.12398932 13.17353903 12.97715236 13.16562682 13.02849065
 12.97941832 12.92755306 13.09588115 13.28638535 13.06936114 13.01847553
 12.94792411 13.14253581 13.01378344 13.03468743 13.14951576 13.23933891
 13.00248502 13.17933925 13.17789402 13.19305196 13.04884611 13.27467865
 12.97979538 13.23750102 12.95026746 13.19276924 12.99437234 12.92133077
 13.22875939 12.99954397 13.38403458 13.20091748 12.98280611 12.92775303
 13.01522998 13.20509117 13.38954446 13.1373309  13.24999016 13.16267223
 13.01179017 12.94302224 13.01051914 12.9418417  13.28783123 13.09555543
 13.19276924 12.92534999 13.16474181 13.17818332 13.36046476 13.19305196
 12.94302224 13.09620676 13.34175763 13.25281506 12.93174415 13.02849065
 13.21390292 13.15761943 12.92635208 12.92755306 13.06122031 13.11134847
 12.98505708 13.14830696 13.20702942 13.1882287  13.13301497 13.15642498
 13.02671134 13.36046476 13.17673549 12.96266095 12.92615172 13.03097512
 13.11166725 12.95396502 12.94831517 13.29452817 12.93293802 13.2591842
 13.30767517 13.11738075 13.21499567 12.95571115 13.09327118 13.1484582
 13.23009209 13.15102373 13.11039133 13.02421375 13.12492839 13.23907673
 13.14345029 13.12430244 13.13932565 13.14618643 13.07440538 12.92534999
 13.11484706 13.06631848 13.06258311 12.94714168 13.11611501 13.24299769
 13.27713809 13.25867725 13.03521646 13.01631328 13.06053812 13.0949035
 13.18879801 12.95007243 13.31137191 13.21143721 13.10719177 13.31321047
 12.95996474 12.94262883 13.55245779 13.10751236 12.9958532  13.13332411
 12.98280611 12.94479    13.19755848 12.9345273  13.15132494 13.18794379
 13.13548445 13.01739513 13.4105399  13.21799064 12.94655431 12.98898193
 13.25893081 13.17586527 13.41902049 13.1910703  13.17702528 12.99917572
 13.21988895 12.97582785 13.09620676 12.93293802 13.11230432 13.18106932
 13.39883224 13.16680495 13.1910703  13.03908456 13.08966737 13.28251074
 12.95377084 13.04048645 13.16827471 12.96879226 13.16326424 13.21116264
 13.19050295 13.22742368 13.30674687 13.14497172 13.25816991 13.07641369
 13.14603469 13.3020807  13.05814521 13.03504018 13.09555543 13.15432962
 13.18394254 13.12085005 13.01051914 13.25943749 13.03239144 12.93054861
 12.93094723 13.04101145 13.01847553 12.93591573 13.12430244 13.16886174
 13.10558671 13.33565063 13.17266454 13.02635501 13.07774966 12.98972756
 13.25101897 13.12867218 12.99400164 13.11262262 12.9763957  13.14830696
 12.95026746 13.14981766 12.98355707 13.15132494 12.93532088 13.14466767
 13.16000197 12.96015761 13.46642483 13.09945486 12.93888357 13.07574484
 12.9559049  13.14192549 12.9559049  12.99214605 12.93094723 12.95977185
 13.07507544 13.12680277 12.94203861 13.08207518 13.30952686 13.06564066
 12.98243033 13.06834821 13.09522952 13.04485146 13.07205553 13.14996852
 13.11990552 13.07574484 13.02528503 13.27762873 13.17905045 13.22259069
 13.04188586 13.24325817 13.08637593 13.08373228 13.16562682 13.25435006
 12.9792297  13.15252842 13.24117116 13.10943297 13.01775541 12.95977185
 13.19361702 13.30952686 13.00942813 13.13177692 12.97203191 13.16267223
 13.31504254 12.97203191 13.56119249 13.04153619 13.25715372 12.93373292
 12.96688089 12.96745468 12.97506996 12.97941832 13.14070327 12.96323751
 13.06665711 13.32230612 12.96764586 12.96841033 13.04884611 12.94282554
 13.11421221 12.92314169 13.0804145  13.05057648 13.0035851  13.10590801
 12.96802819 13.28105067 13.11990552 13.14405923 13.23750102 13.05985519
 12.96668951 13.17962789 13.16503694 12.99400164 12.96092867 12.98130211
 12.96726348 12.99437234 13.10847332 12.96688089 13.05780274 13.16886174
 12.92474822 13.11864427 12.93631198 12.95104726 13.23115613 13.18651763
 13.08240688 12.93492419 13.29831783 13.09555543 12.93214217 13.18765883
 13.02849065 13.04153619 13.35795657 12.96246855 13.21143721 13.13963201
 13.00888216 12.98336932 13.00064815 13.407174   13.01015571 13.14679292
 13.09097992 13.12836097 12.95609864 13.12367596 13.01667413 12.95415919
 12.92314169 13.15612603 12.97960693 13.00997383 13.01269679 12.92494897
 13.02457094 12.96419783 13.08439404 13.16148677 13.413879   13.21417626
 13.13855914 13.3104502  13.25562617 13.26623445 13.1842292  13.03592106
 13.147096   13.22474344 12.95609864 13.1180128  12.96821934 12.93214217
 12.98842235 13.22070075 13.14951576 12.97525945 13.10783284 13.10042647
 13.09653226 13.23486552 12.93611394 13.34949891 13.1217933  13.09032394
 13.14588295 13.03026617 13.1665106  13.50664591 13.10333357 12.99492794
 13.13208664 13.04815288 13.12680277 13.19559079 13.45990914 13.18308191
 13.07373471 13.12836097 13.17353903 12.93214217 13.02706761 13.20509117
 12.94635844 13.08306984 13.16237609 13.20035887 13.22929279 13.14679292
 13.18308191 13.15372975 12.99548314 13.08240688 13.12991576 13.14951576
 13.11373573 13.19769875 13.23380802 13.14770177 12.95996474 13.14527559
 13.43053534 13.35035141 13.05195814 12.96054317 13.17149676 13.35543496
 13.05746021 12.99400164 12.94144784 12.93293802 13.15821587 12.98954124
 12.98130211 12.97279239 13.00248502 13.15462936 13.05092221 12.99325993
 12.98505708 12.97828608 13.15910951 12.95667977 13.17091212 13.00651175
 12.93809319 13.03680107 13.07974913 12.97069939 13.01378344 12.93293802
 12.97393199 13.00870005 13.32768657 12.95377084 13.14770177 13.23380802
 13.06496224 13.24351854 13.00028019 13.14466767 13.05402602 13.14070327
 12.969174   13.07908322 13.25383884 12.97279239 13.13978513 12.98730212
 13.10558671 13.1255537  13.01739513 12.95299355 12.95299355 13.18480208
 12.94792411 13.08637593 13.11484706 13.256645   12.93472576 12.99251745
 13.13794528 13.1261785  12.9245476  13.20175441 13.46835715 13.17061961
 12.98730212 13.05985519 12.93214217 13.03292181 13.1351763  13.09555543
 13.20509117 12.96573195 13.14466767 13.02920137 12.95065746 13.15642498
 12.9215322  13.14648973 13.11548133 12.97979538 12.93571751 13.19559079
 13.01015571 13.20063823 13.08306984 13.05057648 13.01450709 13.0857159
 13.14039733 13.05195814 12.93014979 13.11548133 13.20675292 13.23380802
 13.22474344 13.27196062 12.93571751 12.9703183  13.02849065 13.21826217
 13.09359798 13.00211789 13.18020483 12.92975076 12.98374468 13.00797134
 12.92494897 13.21006317 12.93809319 13.24012485 13.21472264 13.00431775
 13.08999572 13.03908456 12.95415919 13.0754102  13.07323137 13.28590249
 13.26019677 12.95609864 13.01522998 12.99566818 13.06326367 13.18623201
 13.1180128  13.14345029 13.00101577 13.10075007 13.0076067  13.03943529
 13.47786564 13.00797134 12.92975076 12.95996474 13.06834821 13.06733401
 13.09555543 13.39498636 13.17091212 12.94831517 12.96150646 13.29831783
 13.27762873 13.05126762 13.02314088 13.20091748 12.94596667 13.05814521
 13.04223534 13.07708202 13.11484706 13.12242139 13.07440538 13.17818332
 13.04711185 12.9638138  12.98318169 13.20951269 13.02582029 13.21799064
 13.15132494 13.20453628 13.24585656 12.9638138  13.14345029 13.03239144
 13.12867218 13.18765883 13.0804145  13.00651175 12.94518238 13.18250756
 13.08505527 13.01739513 13.04711185 13.01233424 13.07239168 12.97222219
 13.17091212 13.13177692 13.50026535 13.04797934 13.20398091 13.0035851
 13.17208089 13.07003562 12.97488045 13.04432896 12.94400479 13.2174472
 13.27909783 12.9882358  12.9345273  13.10010269 13.1180128  13.00942813
 13.31321047 12.92534999 13.20231178 13.17760455 13.03662517 13.22688859
 13.07741593 13.25409453 13.19220341 13.01883537 13.00942813 13.12053536
 12.96419783 12.95648607 12.98092569 13.02421375 12.9882358  13.16385562
 13.15192696 12.94282554 12.93214217 13.06631848 13.00797134 13.19078671
 13.03838255 13.04432896 12.98842235 13.0202731  13.147096   12.96841033
 13.12116456 12.96611513 13.12116456 13.14830696 13.20978795 12.96649811
 13.0588296  13.01414536 13.03345192 13.04380607 12.95026746 13.03662517
 13.2174472  12.93054861 12.99047241 12.9977006  12.99733151 12.94596667
 13.0968575  13.17178894 13.02206671 12.99806963 13.18250756 12.99140254
 13.14100902 13.33565063 12.96400582 13.13115709 12.98618041 12.93769763
 13.24689273 12.96266095 13.02314088 13.09945486 13.07239168 13.33212675
 13.14039733 12.95648607 13.26848206 13.12492839 13.32946736 13.07239168
 13.14679292 13.43756786 12.9498774  12.98167833 13.10075007 12.96974643
 12.94675016 12.94675016 13.06496224 12.94714168 13.06156132 12.95996474
 13.20978795 13.14618643 12.96802819 13.15492893 12.97979538 13.19446366
 13.24585656 12.94400479 12.92855276 13.03168359 13.2692293  13.25816991
 12.97790837 12.95532345 13.25766205 13.07171926 12.97753047 13.3303554
 13.12711468 13.10783284 13.36544123 13.04988487 12.94831517 12.98243033
 12.99548314 12.95764718 13.07974913 13.0035851  13.18594629 12.93967343
 13.19559079 12.94792411 12.98599327 13.08835257 13.03380512 12.94596667
 13.23115613 13.18250756 13.00321855 13.217719   12.95996474 13.05985519
 13.04293388 13.04832614 13.11611501 13.09945486 13.00101577 13.1217933
 13.04988487 13.08901027 12.98842235 13.03239144 13.24351854 12.94361182
 13.08604598 13.14800445 13.29642636 12.99400164 13.32410593 12.98243033
 12.97298248 12.92414617 13.08835257 12.95026746 13.04083655 13.00833579
 12.94518238 13.07373471 13.14830696 13.04780592 12.95299355 13.17905045
 12.97601715 12.92775303 13.06224266 13.1555278  13.13794528 12.96150646
 13.11864427 12.93014979 13.23539353 12.94753299 13.14951576 13.13425084
 13.33124184 12.95143686 13.01269679 13.40566939 13.52721574 13.20509117
 12.99843847 13.21717529 13.28396695 12.95648607 13.0571175  12.97450111
 12.9703183  13.0636037  13.11421221 12.95143686 13.1255537  13.21499567
 13.06428328 12.97336233 13.07440538 12.94714168 13.03097512 13.26523262
 12.95377084 13.0380314  13.01667413 12.93571751 12.94203861 12.99511302
 13.01342132 12.98092569 13.1882287  13.10911327 13.15492893 13.34521344
 13.04641702 12.98092569 13.04398033 13.13917243 12.95454747 13.0588296
 13.18078128 13.07440538 12.94557455 13.05402602 12.98468233 12.92615172
 13.15222778 12.95377084 13.16207978 13.05092221 12.92735308 12.93413021
 13.04953871 12.94596667 13.12367596 13.24637488 12.96534872 12.95803382
 13.11230432 12.92775303 13.22339889 13.02134973 12.94537847 13.24481859
 13.07808328 13.16385562 13.05299279 12.99991218 13.02955645 13.08802344
 13.28396695 13.02170831 13.04013616 13.2489595  13.02706761 13.00578114
 12.96955568 13.08835257 13.18250756 13.29642636 13.18765883 12.93492419
 12.97904106 13.40264413 13.09359798 13.03097512 13.11990552 13.15672382
 12.95221546 13.32589945 12.93967343 13.28105067 12.92695278 13.1747032
 13.30488539 13.31777844 13.15462936 13.10075007 13.04293388 13.15402977
 13.14981766 12.98167833 13.18250756 13.14405923 13.15732105 13.53148838
 13.11389454 13.20398091 13.03132952 13.07239168 12.94361182 13.21499567
 13.04013616 13.15312937 13.02813514 13.02671134 13.14375485 13.10075007
 13.03943529 13.15072241 12.94518238 13.05540153 13.14192549 12.98280611
 13.32230612 13.03662517 13.26221647 12.95687331 13.02314088 13.0202731
 13.1916371  13.18193265 12.93651002 13.17615545 13.18193265 12.94753299
 12.98730212 12.97601715 13.03026617 13.30488539 12.9498774  12.94753299
 13.11611501 12.99474271 12.97904106 12.93014979 12.93888357 12.93094723
 12.94753299] 985
bidsort lists= 985 985
 985
SNAP 41
EPS 0.05434428892453858
galrad= 0.01
!!! agesel
Found 1608 stars.
Rotated pos.
Rotated vel.
Calculating circularities
dty= [13.16562682 12.99010001 13.11134847 ... 13.05951352 12.8960113
 12.9009661 ] 1496
glb= [13.16562682 12.99010001 13.11134847 ... 13.05951352 12.8960113
 12.9009661 ] 1496
bidsort lists= 1496 1496
 1496
SNAP 42
EPS -0.002199652300005788
galrad= 0.01
!!! agesel
Found 2522 stars.
Rotated pos.
Rotated vel.
Calculating circularities
dty= [13.00778903 13.22205127 13.1217933  ... 13.15910951 12.83446183
 12.83181145] 2857
glb= [13.00778903 13.22205127 13.1217933  ... 13.15910951 12.83446183
 12.83181145] 2857
bidsort lists= 2857 2857
 2857
SNAP 43
EPS 0.07865717281864622
galrad= 0.01
!!! agesel
Found 3570 stars.
Rotated pos.
Rotated vel.
Calculating circularities
dty= [12.91607908 13.29405252 12.90609937 ... 12.85227783 12.93591573
 12.78612842] 4756
glb= [12.91607908 13.29405252 12.90609937 ... 12.85227783 12.93591573
 12.78612842] 4756
bidsort lists= 4756 4756
 4756
SNAP 44
EPS 0.09852458351344101
galrad= 0.01
!!! agesel
Found 3447 stars.
Rotated pos.
Rotated vel.
Calculating circularities
dty= [13.29737289 12.77403574 12.7489519  ... 12.94203861 12.94792411
 12.67393654] 6674
glb= [13.29737289 12.77403574 12.7489519  ... 12.94203861 12.94792411
 12.67393654] 6674
bidsort lists= 6674 6674
 6674
SNAP 45
EPS 0.09435741580612408
galrad= 0.01
!!! agesel
Found 3171 stars.
Rotated pos.
Rotated vel.
Calculating circularities
dty= [13.18765883 13.27072076 13.23697488 ... 12.90998196 12.61705627
 12.88852974] 9673
glb= [13.18765883 13.27072076 13.23697488 ... 12.90998196 12.61705627
 12.88852974] 9673
bidsort lists= 9673 9673
 9673
SNAP 46
EPS 0.11372895262884733
galrad= 0.01
!!! agesel
Found 3445 stars.
Rotated pos.
Rotated vel.
Calculating circularities
dty= [12.57529014 12.95279901 13.15642498 ... 13.30581695 12.53725463
 12.99696208] 12379
glb= [12.57529014 12.95279901 13.15642498 ... 13.30581695 12.53725463
 12.99696208] 12379
bidsort lists= 12379 12379
 12379
SNAP 47
EPS 0.039206679317449984
galrad= 0.01
!!! agesel
Found 4744 stars.
Rotated pos.
Rotated vel.
Calculating circularities
dty= [12.93313673 12.93492419 13.14588295 ... 12.869138   12.39188987
 12.4424684 ] 16106
glb= [12.93313673 12.93492419 13.14588295 ... 12.869138   12.39188987
 12.4424684 ] 16106
bidsort lists= 16106 16106
 16106
SNAP 48
EPS 0.03734954985496036
galrad= 0.01
!!! agesel
Found 4043 stars.
Rotated pos.
Rotated vel.
Calculating circularities
dty= [12.40957707 12.3909363  12.49365065 ... 12.3142567  12.31224701
 12.42021026] 19492
glb= [12.40957707 12.3909363  12.49365065 ... 12.3142567  12.31224701
 12.42021026] 19492
bidsort lists= 19492 19492
 19492
SNAP 49
EPS 0.12304731448358439
galrad= 0.01
!!! agesel
Found 6475 stars.
Rotated pos.
Rotated vel.
Calculating circularities
dty= [12.28280745 12.15385885 12.20142601 ... 12.1609607  12.50892934
 12.92855276] 27777
glb= [12.28280745 12.15385885 12.20142601 ... 12.1609607  12.50892934
 12.92855276] 27777
bidsort lists= 27777 27777
 27777
SNAP 50
EPS 0.11488352563383479
galrad= 0.01
!!! agesel
Found 7041 stars.
Rotated pos.
Rotated vel.
Calculating circularities
dty= [12.49542242 12.12562231 12.21449    ... 13.08373228 13.07104624
 12.10349547] 35395
glb= [12.49542242 12.12562231 12.21449    ... 13.08373228 13.07104624
 12.10349547] 35395
bidsort lists= 35395 35395
 35395
SNAP 51
EPS 0.20690622519170804
galrad= 0.01
!!! agesel
Found 7212 stars.
Rotated pos.
Rotated vel.
Calculating circularities
dty= [12.49542242 12.21449    12.21636067 ... 11.92356704 12.02409868
 11.99280068] 43503
glb= [12.49542242 12.21449    12.21636067 ... 11.92356704 12.02409868
 11.99280068] 43503
bidsort lists= 43503 43503
 43503
SNAP 52
EPS 0.2763724156203617
galrad= 0.01
!!! agesel
Found 7306 stars.
Rotated pos.
Rotated vel.
Calculating circularities
dty= [13.11990552 12.20868672 12.20600134 ... 11.91009213 12.73643096
 11.93026972] 53533
glb= [13.11990552 12.20868672 12.20600134 ... 11.91009213 12.73643096
 11.93026972] 53533
bidsort lists= 53533 53533
 53533
SNAP 53
EPS 0.31770098030329036
galrad= 0.01
!!! agesel
Found 7751 stars.
Rotated pos.
Rotated vel.
Calculating circularities
dty= [12.20600134 12.15515237 13.11990552 ... 12.80673362 13.40942091
 12.73060343] 64678
glb= [12.20600134 12.15515237 13.11990552 ... 12.80673362 13.40942091
 12.73060343] 64678
bidsort lists= 64678 64678
 64678
SNAP 54
EPS 0.3656612576061691
galrad= 0.01
!!! agesel
Found 7996 stars.
Rotated pos.
Rotated vel.
Calculating circularities
dty= [12.49542242 12.28843381 12.21449    ... 12.5888193  12.44001257
 12.8640143 ] 76171
glb= [12.49542242 12.28843381 12.21449    ... 12.5888193  12.44001257
 12.8640143 ] 76171
bidsort lists= 76171 76171
 76171
SNAP 55
EPS 0.40059608027985133
galrad= 0.01
!!! agesel
Found 8274 stars.
Rotated pos.
Rotated vel.
Calculating circularities
dty= [12.20600134 12.81665958 12.39442989 ... 11.95849851 12.55090767
 13.18708848] 90167
glb= [12.20600134 12.81665958 12.39442989 ... 11.95849851 12.55090767
 13.18708848] 90167
bidsort lists= 90167 90167
 90167
SNAP 56
EPS 0.4446603968771217
galrad= 0.01
!!! agesel
Found 8732 stars.
Rotated pos.
Rotated vel.
Calculating circularities
dty= [12.2550652  12.20868672 11.88949069 ... 11.92859615 12.70299807
 12.01452473] 105416
glb= [12.2550652  12.20868672 11.88949069 ... 11.92859615 12.70299807
 12.01452473] 105416
bidsort lists= 105416 105416
 105416
SNAP 57
EPS 0.45678924844029123
galrad= 0.01
!!! agesel
Found 10704 stars.
Rotated pos.
Rotated vel.
Calculating circularities
dty= [11.01917391 11.64100037 12.53653959 ... 12.81306121 11.86910374
 12.77263148] 124964
glb= [11.01917391 11.64100037 12.53653959 ... 12.81306121 11.86910374
 12.77263148] 124964
bidsort lists= 124964 124964
 124964
SNAP 58
EPS 0.5089300278465609
galrad= 0.01
!!! agesel
Found 13483 stars.
Rotated pos.
Rotated vel.
Calculating circularities
dty= [12.38902703 12.89476851 12.92253842 ... 11.51088585 11.95189373
 12.38232518] 145358
glb= [12.38902703 12.89476851 12.92253842 ... 11.51088585 11.95189373
 12.38232518] 145358
bidsort lists= 145358 145358
 145358
SNAP 59
EPS 0.46447737377979065
galrad= 0.01
!!! agesel
Found 13575 stars.
Rotated pos.
Rotated vel.
Calculating circularities
dty= [12.07239037 12.26753186 12.18608287 ... 12.03836637 12.04388496
 12.46558566] 163456
glb= [12.07239037 12.26753186 12.18608287 ... 12.03836637 12.04388496
 12.46558566] 163456
bidsort lists= 163456 163456
 163456
SNAP 60
EPS 0.4461972862860287
galrad= 0.01
!!! agesel
Found 11317 stars.
Rotated pos.
Rotated vel.
Calculating circularities
dty= [12.19422335 13.14800445 12.20600134 ... 12.21760653 12.74751448
 12.2913244 ] 181599
glb= [12.19422335 13.14800445 12.20600134 ... 12.21760653 12.74751448
 12.2913244 ] 181599
bidsort lists= 181599 181599
 181599
SNAP 61
EPS 0.4824515309412597
galrad= 0.01
!!! agesel
Found 11352 stars.
Rotated pos.
Rotated vel.
Calculating circularities
dty= [12.36203396 12.1539513  12.37623511 ... 10.64781594 12.29302218
 10.75766296] 246850
glb= [12.36203396 12.1539513  12.37623511 ... 10.64781594 12.29302218
 10.75766296] 246850
bidsort lists= 246850 246850
 246850
SNAP 62
EPS 0.439664018101203
galrad= 0.01
!!! agesel
Found 9363 stars.
Rotated pos.
Rotated vel.
Calculating circularities
dty= [12.14310369 12.20841835 12.51417765 ... 10.59622947 10.30460308
 10.79873803] 220790
glb= [12.14310369 12.20841835 12.51417765 ... 10.59622947 10.30460308
 10.79873803] 220790
bidsort lists= 220790 220790
 220790
SNAP 63
EPS 0.41397056781761543
galrad= 0.01
!!! agesel
Found 11906 stars.
Rotated pos.
Rotated vel.
Calculating circularities
dty= [12.20868672 12.88790349 11.64100037 ... 12.43138325 10.96845487
 11.03131789] 263758
glb= [12.20868672 12.88790349 11.64100037 ... 12.43138325 10.96845487
 11.03131789] 263758
bidsort lists= 263758 263758
 263758
SNAP 64
EPS 0.3765840783877443
galrad= 0.01
!!! agesel
Found 11740 stars.
Rotated pos.
Rotated vel.
Calculating circularities
dty= [12.20600134 13.11990552 12.21636067 ... 12.78751483 11.23026353
 12.10729767] 284492
glb= [12.20600134 13.11990552 12.21636067 ... 12.78751483 11.23026353
 12.10729767] 284492
bidsort lists= 284492