loading halo 19 level 4
/eagle/projects/Auriga/Auriga/level4/Original/mergertrees/Au-19/trees_sf1_127
Hubble parameter= 0.6777
There are 498 trees in file /eagle/projects/Auriga/Auriga/level4/Original/mergertrees/Au-19/trees_sf1_127.0.hdf5
Loading desc (Descendant) for blockname /Tree0.
Loading fnum (FileNr) for blockname /Tree0.
Loading fhfg (FirstHaloInFOFGroup) for blockname /Tree0.
Loading fpin (FirstProgenitor) for blockname /Tree0.
Loading fmc2 (Group_M_Crit200) for blockname /Tree0.
Loading fmm2 (Group_M_Mean200) for blockname /Tree0.
Loading fmt2 (Group_M_TopHat200) for blockname /Tree0.
Loading frc2 (Group_R_Crit200) for blockname /Tree0.
Loading nhfg (NextHaloInFOFGroup) for blockname /Tree0.
Loading npin (NextProgenitor) for blockname /Tree0.
Loading snum (SnapNum) for blockname /Tree0.
Loading sbhm (SubhaloBHMass) for blockname /Tree0.
Loading sbhd (SubhaloBHMdot) for blockname /Tree0.
Loading sgmt (SubhaloGasMetallicity) for blockname /Tree0.
Loading sgmf (SubhaloGasMetallicitySfr) for blockname /Tree0.
Loading sgnr (SubhaloGrNr) for blockname /Tree0.
Loading shmt (SubhaloHalfmassRadType) for blockname /Tree0.
Key SubhaloIDMostBound not found in conversion table, skipping.
Loading slen (SubhaloLen) for blockname /Tree0.
Loading slty (SubhaloLenType) for blockname /Tree0.
Loading smit (SubhaloMassInRadType) for blockname /Tree0.
Loading smty (SubhaloMassType) for blockname /Tree0.
Loading sbnr (SubhaloNumber) for blockname /Tree0.
Loading soty (SubhaloOffsetType) for blockname /Tree0.
Loading spos (SubhaloPos) for blockname /Tree0.
Loading ssfr (SubhaloSFR) for blockname /Tree0.
Loading ssfi (SubhaloSFRinRad) for blockname /Tree0.
Loading sspi (SubhaloSpin) for blockname /Tree0.
Loading ssmt (SubhaloStarMetallicity) for blockname /Tree0.
Loading ssph (SubhaloStellarPhotometrics) for blockname /Tree0.
Loading svmx (SubhaloVMax) for blockname /Tree0.
Loading svel (SubhaloVel) for blockname /Tree0.
Loading svdi (SubhaloVelDisp) for blockname /Tree0.
galrad= 0.01
!!! agesel
Found 6 stars.
Rotated pos.
Rotated vel.
Calculating circularities
dty= [] 0
glb= [] 0
bidsort lists= 0 0
 0
SNAP 30
EPS nan
galrad= 0.01
!!! agesel
Found 10 stars.
Rotated pos.
Rotated vel.
Calculating circularities
dty= [13.3788566] 1
glb= [13.3788566] 1
bidsort lists= 1 1
 1
SNAP 31
EPS 1.0
galrad= 0.01
!!! agesel
Found 21 stars.
Rotated pos.
Rotated vel.
Calculating circularities
dty= [13.36212949] 1
glb= [13.36212949] 1
bidsort lists= 1 1
 1
SNAP 32
EPS 1.0
galrad= 0.01
!!! agesel
Found 32 stars.
Rotated pos.
Rotated vel.
Calculating circularities
dty= [13.3214038  13.33740324 13.32589945 13.3303554  13.32500349 13.33212675
 13.32589945] 7
glb= [13.3214038  13.33740324 13.32589945 13.3303554  13.32500349 13.33212675
 13.32589945] 7
bidsort lists= 7 7
 7
SNAP 33
EPS 0.06547989521992868
galrad= 0.01
!!! agesel
Found 20 stars.
Rotated pos.
Rotated vel.
Calculating circularities
dty= [13.37845586 13.29737289] 2
glb= [13.37845586 13.29737289] 2
bidsort lists= 2 2
 2
SNAP 34
EPS -1.279948313098416
galrad= 0.01
!!! agesel
Found 27 stars.
Rotated pos.
Rotated vel.
Calculating circularities
dty= [13.37845586 13.24999016 13.35963014 13.28007512 13.28783123 13.30020258
 13.31504254 13.28105067] 8
glb= [13.37845586 13.24999016 13.35963014 13.28007512 13.28783123 13.30020258
 13.31504254 13.28105067] 8
bidsort lists= 8 8
 8
SNAP 35
EPS 0.10208702001114056
galrad= 0.01
!!! agesel
Found 54 stars.
Rotated pos.
Rotated vel.
Calculating circularities
dty= [13.28007512 13.37845586 13.35963014 13.19559079 13.20007941 13.21988895
 13.21390292 13.21444957 13.21608644 13.19896025 13.28783123 13.33477201
 13.34607358] 13
glb= [13.28007512 13.37845586 13.35963014 13.19559079 13.20007941 13.21988895
 13.21390292 13.21444957 13.21608644 13.19896025 13.28783123 13.33477201
 13.34607358] 13
bidsort lists= 13 13
 13
SNAP 36
EPS 0.22774136896783548
galrad= 0.01
!!! agesel
Found 25 stars.
Rotated pos.
Rotated vel.
Calculating circularities
dty= [13.16444656 13.21717529 13.17441235 13.15910951 13.21116264 13.16739327
 13.18365583] 7
glb= [13.16444656 13.21717529 13.17441235 13.15910951 13.21116264 13.16739327
 13.18365583] 7
bidsort lists= 7 7
 7
SNAP 37
EPS -2.439604193929012
galrad= 0.01
!!! agesel
Found 40 stars.
Rotated pos.
Rotated vel.
Calculating circularities
dty= [13.35963014 13.28007512 13.37845586 13.11166725 13.21444957 13.13425084
 13.20007941 13.19559079 13.30020258 13.16562682 13.16029918 13.18480208
 13.1348679  13.29737289 13.13579256 13.21988895 13.17847245 13.11990552
 13.19502746 13.15011937 13.19896025 13.17091212 13.24999016 13.21608644
 13.11357683 13.28783123 13.34607358 13.19896025 13.1217933  13.29071149
 13.18936683 13.21934721 13.23855194 13.23644821] 34
glb= [13.35963014 13.28007512 13.37845586 13.11166725 13.21444957 13.13425084
 13.20007941 13.19559079 13.30020258 13.16562682 13.16029918 13.18480208
 13.1348679  13.29737289 13.13579256 13.21988895 13.17847245 13.11990552
 13.19502746 13.15011937 13.19896025 13.17091212 13.24999016 13.21608644
 13.11357683 13.28783123 13.34607358 13.19896025 13.1217933  13.29071149
 13.18936683 13.21934721 13.23855194 13.23644821] 34
bidsort lists= 34 34
 34
SNAP 38
EPS -0.05022674488013575
galrad= 0.01
!!! agesel
Found 41 stars.
Rotated pos.
Rotated vel.
Calculating circularities
dty= [13.06087924 13.37845586 13.35963014 13.28007512 13.1348679  13.11166725
 13.18480208 13.16562682 13.16029918 13.21444957 13.13425084 13.06631848
 13.04572157 13.06834821 13.19559079 13.29071149 13.15252842 13.19502746
 13.13579256 13.29737289 13.06801031 13.20007941 13.29071149 13.21988895
 13.11357683 13.21608644 13.17091212 13.30020258 13.11990552 13.05746021
 13.05608837 13.33477201 13.12242139 13.16029918 13.36461548 13.35035141] 36
glb= [13.06087924 13.37845586 13.35963014 13.28007512 13.1348679  13.11166725
 13.18480208 13.16562682 13.16029918 13.21444957 13.13425084 13.06631848
 13.04572157 13.06834821 13.19559079 13.29071149 13.15252842 13.19502746
 13.13579256 13.29737289 13.06801031 13.20007941 13.29071149 13.21988895
 13.11357683 13.21608644 13.17091212 13.30020258 13.11990552 13.05746021
 13.05608837 13.33477201 13.12242139 13.16029918 13.36461548 13.35035141] 36
bidsort lists= 36 36
 36
SNAP 39
EPS -0.04762098026443705
galrad= 0.01
!!! agesel
Found 111 stars.
Rotated pos.
Rotated vel.
Calculating circularities
dty= [13.06087924 13.35963014 12.99400164 13.11990552 13.37845586 13.21444957
 13.03274507 12.98730212 13.29737289 13.21988895 13.05608837 13.06834821
 13.11166725 13.30020258 13.1348679  13.20007941 13.28007512 13.13425084
 13.06969844 12.99028629 13.0202731  13.19559079 13.16562682 13.17091212
 13.03309866 13.18480208 12.9910307  13.17847245 13.05746021 13.01955462
 12.99917572 12.98543162 13.16029918 12.98655437 13.17032692 13.03768006
 13.29071149 13.11357683 13.28879304 12.99548314 13.16148677 13.33477201
 12.99843847 13.06801031 12.99991218 13.19952004 13.04572157 13.13579256
 13.24999016 13.05746021 13.19502746 13.08769427 13.28783123 12.99474271
 13.06631848 13.15252842 13.00285181 13.08966737 13.01450709 13.28783123
 12.98580611 13.22849244 12.99251745 13.29071149 13.41350934 13.21608644
 13.14405923 13.19276924 13.17905045 13.31686813 13.08901027 13.03380512
 13.17789402 13.00870005 13.22366805 13.24792704 13.54960823 13.02170831
 13.20509117] 79
glb= [13.06087924 13.35963014 12.99400164 13.11990552 13.37845586 13.21444957
 13.03274507 12.98730212 13.29737289 13.21988895 13.05608837 13.06834821
 13.11166725 13.30020258 13.1348679  13.20007941 13.28007512 13.13425084
 13.06969844 12.99028629 13.0202731  13.19559079 13.16562682 13.17091212
 13.03309866 13.18480208 12.9910307  13.17847245 13.05746021 13.01955462
 12.99917572 12.98543162 13.16029918 12.98655437 13.17032692 13.03768006
 13.29071149 13.11357683 13.28879304 12.99548314 13.16148677 13.33477201
 12.99843847 13.06801031 12.99991218 13.19952004 13.04572157 13.13579256
 13.24999016 13.05746021 13.19502746 13.08769427 13.28783123 12.99474271
 13.06631848 13.15252842 13.00285181 13.08966737 13.01450709 13.28783123
 12.98580611 13.22849244 12.99251745 13.29071149 13.41350934 13.21608644
 13.14405923 13.19276924 13.17905045 13.31686813 13.08901027 13.03380512
 13.17789402 13.00870005 13.22366805 13.24792704 13.54960823 13.02170831
 13.20509117] 79
bidsort lists= 79 79
 79
SNAP 40
EPS -0.04452932088107305
galrad= 0.01
!!! agesel
Found 187 stars.
Rotated pos.
Rotated vel.
Calculating circularities
dty= [13.35963014 13.29737289 13.21988895 13.00870005 13.06087924 12.99400164
 13.11357683 13.37845586 12.92935168 12.99548314 13.20007941 13.01955462
 12.96112133 13.03274507 12.92253842 12.93888357 13.13425084 13.06801031
 13.22849244 13.28783123 12.9245476  13.14405923 13.04572157 13.19559079
 12.93730201 12.94006799 13.19952004 13.11166725 13.28007512 13.06834821
 12.95764718 12.95065746 13.07708202 12.98543162 12.99028629 13.15252842
 12.96266095 12.94164478 13.08901027 12.95338229 13.24999016 13.29071149
 13.17789402 13.05746021 13.21444957 12.98580611 13.07841678 13.17091212
 12.95726034 13.06969844 12.9910307  13.22528042 13.06631848 13.03239144
 13.16029918 12.94753299 13.05608837 13.03380512 13.19896025 13.29071149
 13.08966737 13.21934721 12.95415919 12.93730201 12.92294066 13.17032692
 12.97525945 13.30020258 12.95415919 12.9526046  13.08769427 13.11990552
 13.16562682 13.1217933  12.95377084 13.34607358 13.05746021 13.21608644
 13.19896025 12.960736   12.9638138  13.17905045 13.15011937 13.13579256
 12.95454747 12.93413021 12.92374439 12.93094723 13.01305916 13.03768006
 13.00285181 12.94361182 13.18480208 12.96227627 13.23221834 12.92635208
 13.22902617 13.1348679  12.94164478 12.92735308 13.0202731  12.9345273
 13.16267223 12.92975076 13.19502746 13.28879304 13.03873365 13.17557491
 12.92695278 12.93769763 12.98730212 13.19276924 13.21390292 13.02457094
 12.98655437 12.99251745 12.95065746 12.93214217 13.31504254 12.99843847
 13.17847245 13.03309866 13.33477201 13.31686813 12.93014979 12.93730201
 13.03097512 13.03662517 13.17962789 13.01160869 12.99917572 12.93413021
 12.960736   13.2489595  12.94909654 12.93492419 13.1916371  13.41350934
 13.28783123 13.36461548 12.96841033 12.96688089 12.99991218 13.16148677
 13.01522998 13.08769427 13.1555278  13.02457094 13.04293388 12.94753299
 13.13978513 13.07037268 13.38443041 13.22688859 12.95454747 12.94125088
 12.94596667 12.98355707] 158
glb= [13.35963014 13.29737289 13.21988895 13.00870005 13.06087924 12.99400164
 13.11357683 13.37845586 12.92935168 12.99548314 13.20007941 13.01955462
 12.96112133 13.03274507 12.92253842 12.93888357 13.13425084 13.06801031
 13.22849244 13.28783123 12.9245476  13.14405923 13.04572157 13.19559079
 12.93730201 12.94006799 13.19952004 13.11166725 13.28007512 13.06834821
 12.95764718 12.95065746 13.07708202 12.98543162 12.99028629 13.15252842
 12.96266095 12.94164478 13.08901027 12.95338229 13.24999016 13.29071149
 13.17789402 13.05746021 13.21444957 12.98580611 13.07841678 13.17091212
 12.95726034 13.06969844 12.9910307  13.22528042 13.06631848 13.03239144
 13.16029918 12.94753299 13.05608837 13.03380512 13.19896025 13.29071149
 13.08966737 13.21934721 12.95415919 12.93730201 12.92294066 13.17032692
 12.97525945 13.30020258 12.95415919 12.9526046  13.08769427 13.11990552
 13.16562682 13.1217933  12.95377084 13.34607358 13.05746021 13.21608644
 13.19896025 12.960736   12.9638138  13.17905045 13.15011937 13.13579256
 12.95454747 12.93413021 12.92374439 12.93094723 13.01305916 13.03768006
 13.00285181 12.94361182 13.18480208 12.96227627 13.23221834 12.92635208
 13.22902617 13.1348679  12.94164478 12.92735308 13.0202731  12.9345273
 13.16267223 12.92975076 13.19502746 13.28879304 13.03873365 13.17557491
 12.92695278 12.93769763 12.98730212 13.19276924 13.21390292 13.02457094
 12.98655437 12.99251745 12.95065746 12.93214217 13.31504254 12.99843847
 13.17847245 13.03309866 13.33477201 13.31686813 12.93014979 12.93730201
 13.03097512 13.03662517 13.17962789 13.01160869 12.99917572 12.93413021
 12.960736   13.2489595  12.94909654 12.93492419 13.1916371  13.41350934
 13.28783123 13.36461548 12.96841033 12.96688089 12.99991218 13.16148677
 13.01522998 13.08769427 13.1555278  13.02457094 13.04293388 12.94753299
 13.13978513 13.07037268 13.38443041 13.22688859 12.95454747 12.94125088
 12.94596667 12.98355707] 158
bidsort lists= 158 158
 158
SNAP 41
EPS -0.02285133302043054
galrad= 0.01
!!! agesel
Found 256 stars.
Rotated pos.
Rotated vel.
Calculating circularities
dty= [12.95454747 12.95415919 13.1348679  13.04572157 13.28007512 12.94361182
 13.16029918 12.9910307  12.9345273  13.06087924 12.9245476  13.11166725
 12.92695278 12.87803967 13.17847245 13.03274507 13.37845586 12.98730212
 13.06631848 12.91729366 12.88140909 13.16562682 12.90527991 13.18480208
 12.93214217 12.94753299 12.98655437 13.13425084 12.87126493 12.98543162
 13.16267223 13.11990552 12.96112133 12.94164478 13.07841678 12.9526046
 12.93888357 12.99028629 12.93769763 12.95065746 12.93014979 13.05608837
 12.90507498 12.91038965 13.13579256 12.87168981 13.17032692 12.8763504
 12.89828544 12.93730201 12.95415919 12.87402295 13.19559079 13.0202731
 13.05746021 13.06834821 13.05746021 13.21988895 12.95338229 12.95726034
 13.17962789 13.21444957 13.06801031 13.17091212 12.99400164 12.91222223
 12.96266095 12.92032309 12.90343363 12.86358609 12.9009661  12.92975076
 12.88434752 13.03239144 12.92253842 13.35963014 12.94164478 12.88748596
 13.19502746 12.893524   12.95764718 13.30020258 13.19276924 12.86572531
 12.89435388 13.03662517 13.06969844 12.92735308 12.93094723 13.08240688
 13.29737289 12.960736   13.28879304 13.11357683 13.24999016 12.92635208
 13.00285181 13.01955462 12.86487022 12.91729366 12.92012157 12.92935168
 13.28783123 13.29071149 12.96227627 13.1217933  12.99548314 12.87126493
 12.88350888 13.20007941 13.2489595  13.34607358 12.88644093 12.97525945
 12.88497601 12.88140909 12.87168981 12.99917572 12.86272906 12.91120457
 12.96726348 12.8993174  12.87253879 12.89890475 12.86785972 13.29071149
 12.90178928 13.01160869 13.08966737 13.03309866 13.21608644 13.19952004
 13.03097512 13.21390292 13.16326424 13.00870005 12.92775303 12.91079714
 12.91729366 12.90055412 12.91120457 13.03380512 13.15252842 12.88936399
 13.03768006 12.86849901 12.99843847 12.86272906 13.22902617 13.54960823
 13.24273711 13.22849244 12.96841033 12.92374439 13.19896025 13.33477201
 12.87677307 12.89103016 12.93730201 13.17905045 12.89518293 12.94909654
 13.14405923 12.89518293 12.9009661  12.8860226  12.88811231 13.23221834
 12.88518548 12.98580611 13.16148677 13.35035141 12.93413021 13.31504254
 12.91648415 13.22528042 12.96227627 13.21934721 12.94006799 12.96688089
 12.93730201 12.86187133 13.07708202 13.31686813 12.99251745 13.03309866
 12.960736   13.01305916 12.95065746 12.87168981 12.92374439 13.17789402
 12.98954124 12.87168981 12.97146112 12.8801469  12.9638138  12.95919297
 13.04641702 13.15910951 12.96458165 12.96227627 12.88518548 13.24689273
 12.90507498 12.87508159 13.11990552 13.10847332 13.19952004 13.24689273] 210
glb= [12.95454747 12.95415919 13.1348679  13.04572157 13.28007512 12.94361182
 13.16029918 12.9910307  12.9345273  13.06087924 12.9245476  13.11166725
 12.92695278 12.87803967 13.17847245 13.03274507 13.37845586 12.98730212
 13.06631848 12.91729366 12.88140909 13.16562682 12.90527991 13.18480208
 12.93214217 12.94753299 12.98655437 13.13425084 12.87126493 12.98543162
 13.16267223 13.11990552 12.96112133 12.94164478 13.07841678 12.9526046
 12.93888357 12.99028629 12.93769763 12.95065746 12.93014979 13.05608837
 12.90507498 12.91038965 13.13579256 12.87168981 13.17032692 12.8763504
 12.89828544 12.93730201 12.95415919 12.87402295 13.19559079 13.0202731
 13.05746021 13.06834821 13.05746021 13.21988895 12.95338229 12.95726034
 13.17962789 13.21444957 13.06801031 13.17091212 12.99400164 12.91222223
 12.96266095 12.92032309 12.90343363 12.86358609 12.9009661  12.92975076
 12.88434752 13.03239144 12.92253842 13.35963014 12.94164478 12.88748596
 13.19502746 12.893524   12.95764718 13.30020258 13.19276924 12.86572531
 12.89435388 13.03662517 13.06969844 12.92735308 12.93094723 13.08240688
 13.29737289 12.960736   13.28879304 13.11357683 13.24999016 12.92635208
 13.00285181 13.01955462 12.86487022 12.91729366 12.92012157 12.92935168
 13.28783123 13.29071149 12.96227627 13.1217933  12.99548314 12.87126493
 12.88350888 13.20007941 13.2489595  13.34607358 12.88644093 12.97525945
 12.88497601 12.88140909 12.87168981 12.99917572 12.86272906 12.91120457
 12.96726348 12.8993174  12.87253879 12.89890475 12.86785972 13.29071149
 12.90178928 13.01160869 13.08966737 13.03309866 13.21608644 13.19952004
 13.03097512 13.21390292 13.16326424 13.00870005 12.92775303 12.91079714
 12.91729366 12.90055412 12.91120457 13.03380512 13.15252842 12.88936399
 13.03768006 12.86849901 12.99843847 12.86272906 13.22902617 13.54960823
 13.24273711 13.22849244 12.96841033 12.92374439 13.19896025 13.33477201
 12.87677307 12.89103016 12.93730201 13.17905045 12.89518293 12.94909654
 13.14405923 12.89518293 12.9009661  12.8860226  12.88811231 13.23221834
 12.88518548 12.98580611 13.16148677 13.35035141 12.93413021 13.31504254
 12.91648415 13.22528042 12.96227627 13.21934721 12.94006799 12.96688089
 12.93730201 12.86187133 13.07708202 13.31686813 12.99251745 13.03309866
 12.960736   13.01305916 12.95065746 12.87168981 12.92374439 13.17789402
 12.98954124 12.87168981 12.97146112 12.8801469  12.9638138  12.95919297
 13.04641702 13.15910951 12.96458165 12.96227627 12.88518548 13.24689273
 12.90507498 12.87508159 13.11990552 13.10847332 13.19952004 13.24689273] 210
bidsort lists= 210 210
 210
SNAP 42
EPS 0.09999803085214973
galrad= 0.01
!!! agesel
Found 291 stars.
Rotated pos.
Rotated vel.
Calculating circularities
dty= [13.06087924 12.91729366 12.9245476  13.03274507 13.04572157 12.86015365
 13.28007512 13.06631848 12.98543162 12.90507498 12.90527991 13.37845586
 12.94753299 12.95454747 12.95415919 13.06834821 12.94361182 12.81261058
 13.11166725 12.99028629 13.17032692 12.93888357 12.89828544 12.95726034
 12.96112133 12.99400164 12.98655437 12.93730201 12.92695278 13.13425084
 12.87126493 13.1348679  12.9526046  12.86358609 13.06969844 13.21444957
 13.16029918 12.95338229 12.93014979 13.06801031 13.19559079 12.99548314
 13.18480208 12.92975076 12.94164478 12.94164478 12.9910307  13.13579256
 12.92032309 12.95764718 12.85757141 13.07841678 13.35963014 12.87126493
 13.29071149 13.21988895 13.29737289 12.88140909 13.19502746 13.16562682
 13.17091212 13.05608837 13.28783123 13.17847245 12.80628027 13.19952004
 13.11990552 12.95065746 12.9345273  13.20007941 13.30020258 13.34607358
 12.95415919 13.24999016 13.00285181 12.8993174  12.92253842 12.90055412
 12.96266095 12.79074273 13.0202731  13.03097512 12.90178928 12.87803967
 13.28879304 12.960736   12.91038965 13.21390292 12.91222223 12.83578444
 13.15252842 12.89103016 12.81261058 13.03239144 12.86272906 12.82113958
 12.93214217 12.80854548 13.11357683 12.93769763 12.91120457 12.92935168
 12.92012157 12.88140909 13.1217933  12.847609   12.91648415 13.22849244
 13.08966737 13.03768006 13.03309866 12.91079714 12.98730212 13.15011937
 12.98580611 12.83225376 13.29071149 12.87402295 13.21608644 12.85563019
 12.97525945 12.800823   12.93094723 12.88497601 12.81351178 12.79074273
 13.00870005 12.96227627 12.96458165 12.93413021 13.14405923 13.05746021
 12.86572531 13.01955462 12.93730201 13.05746021 13.33477201 12.82024524
 12.90343363 12.9009661  13.19896025 12.88748596 13.03662517 12.82337228
 13.22902617 12.89435388 12.88644093 12.91729366 13.19276924 12.87168981
 12.81934989 13.03380512 12.85281935 13.22528042 12.99917572 12.92735308
 13.17557491 12.89890475 12.79212306 13.16326424 12.94909654 13.16267223
 12.99843847 12.92635208 12.79396071 13.17962789 12.81396199 12.85455001
 12.83092648 12.85541415 13.01305916 13.08901027 12.84061887 13.19896025
 12.89518293 12.87677307 12.80809284 12.82826675 13.31504254 12.81845398
 13.17905045 12.79579503 12.87168981 13.23221834 12.86101291 12.84717353
 13.01160869 13.2489595  12.96841033 12.80718691 12.85021768 12.88518548
 12.80945026 12.84891415 12.96688089 12.80673362 12.80763998 12.80446439
 12.81441212 12.86272906 12.79625322 12.84324595 13.24273711 12.91729366
 12.88811231 12.8860226  12.81576125 12.91486281 12.86487022 12.99251745
 13.21499567 12.96726348 12.94361182 12.90589464 12.91120457 12.960736
 12.93651002 12.81665958 12.89766571 12.9009661  13.17789402 12.88350888
 12.98804909 12.82737852 12.87253879 12.81621052 13.23855194 13.25816991
 12.93571751 12.8860226  12.91079714 12.81934989 12.79396071 12.92374439
 12.81351178 12.91567381 12.90384416 12.94006799 12.93730201 13.02314088
 12.94831517 12.82381821 12.91079714 13.06631848 12.94046249 13.07037268
 13.21390292 13.25101897 12.80219005 12.81170867 12.81755721 13.09945486
 12.90753165 12.96534872 12.8040098  13.13978513 13.02457094 12.91242563
 13.22366805 13.2332786  12.92052474 12.96458165 12.82826675 13.225817
 12.98355707 13.0916353  12.80582655 12.96841033 13.2692293  12.81755721
 12.81215973 12.83446183 12.80945026] 273
glb= [13.06087924 12.91729366 12.9245476  13.03274507 13.04572157 12.86015365
 13.28007512 13.06631848 12.98543162 12.90507498 12.90527991 13.37845586
 12.94753299 12.95454747 12.95415919 13.06834821 12.94361182 12.81261058
 13.11166725 12.99028629 13.17032692 12.93888357 12.89828544 12.95726034
 12.96112133 12.99400164 12.98655437 12.93730201 12.92695278 13.13425084
 12.87126493 13.1348679  12.9526046  12.86358609 13.06969844 13.21444957
 13.16029918 12.95338229 12.93014979 13.06801031 13.19559079 12.99548314
 13.18480208 12.92975076 12.94164478 12.94164478 12.9910307  13.13579256
 12.92032309 12.95764718 12.85757141 13.07841678 13.35963014 12.87126493
 13.29071149 13.21988895 13.29737289 12.88140909 13.19502746 13.16562682
 13.17091212 13.05608837 13.28783123 13.17847245 12.80628027 13.19952004
 13.11990552 12.95065746 12.9345273  13.20007941 13.30020258 13.34607358
 12.95415919 13.24999016 13.00285181 12.8993174  12.92253842 12.90055412
 12.96266095 12.79074273 13.0202731  13.03097512 12.90178928 12.87803967
 13.28879304 12.960736   12.91038965 13.21390292 12.91222223 12.83578444
 13.15252842 12.89103016 12.81261058 13.03239144 12.86272906 12.82113958
 12.93214217 12.80854548 13.11357683 12.93769763 12.91120457 12.92935168
 12.92012157 12.88140909 13.1217933  12.847609   12.91648415 13.22849244
 13.08966737 13.03768006 13.03309866 12.91079714 12.98730212 13.15011937
 12.98580611 12.83225376 13.29071149 12.87402295 13.21608644 12.85563019
 12.97525945 12.800823   12.93094723 12.88497601 12.81351178 12.79074273
 13.00870005 12.96227627 12.96458165 12.93413021 13.14405923 13.05746021
 12.86572531 13.01955462 12.93730201 13.05746021 13.33477201 12.82024524
 12.90343363 12.9009661  13.19896025 12.88748596 13.03662517 12.82337228
 13.22902617 12.89435388 12.88644093 12.91729366 13.19276924 12.87168981
 12.81934989 13.03380512 12.85281935 13.22528042 12.99917572 12.92735308
 13.17557491 12.89890475 12.79212306 13.16326424 12.94909654 13.16267223
 12.99843847 12.92635208 12.79396071 13.17962789 12.81396199 12.85455001
 12.83092648 12.85541415 13.01305916 13.08901027 12.84061887 13.19896025
 12.89518293 12.87677307 12.80809284 12.82826675 13.31504254 12.81845398
 13.17905045 12.79579503 12.87168981 13.23221834 12.86101291 12.84717353
 13.01160869 13.2489595  12.96841033 12.80718691 12.85021768 12.88518548
 12.80945026 12.84891415 12.96688089 12.80673362 12.80763998 12.80446439
 12.81441212 12.86272906 12.79625322 12.84324595 13.24273711 12.91729366
 12.88811231 12.8860226  12.81576125 12.91486281 12.86487022 12.99251745
 13.21499567 12.96726348 12.94361182 12.90589464 12.91120457 12.960736
 12.93651002 12.81665958 12.89766571 12.9009661  13.17789402 12.88350888
 12.98804909 12.82737852 12.87253879 12.81621052 13.23855194 13.25816991
 12.93571751 12.8860226  12.91079714 12.81934989 12.79396071 12.92374439
 12.81351178 12.91567381 12.90384416 12.94006799 12.93730201 13.02314088
 12.94831517 12.82381821 12.91079714 13.06631848 12.94046249 13.07037268
 13.21390292 13.25101897 12.80219005 12.81170867 12.81755721 13.09945486
 12.90753165 12.96534872 12.8040098  13.13978513 13.02457094 12.91242563
 13.22366805 13.2332786  12.92052474 12.96458165 12.82826675 13.225817
 12.98355707 13.0916353  12.80582655 12.96841033 13.2692293  12.81755721
 12.81215973 12.83446183 12.80945026] 273
bidsort lists= 273 273
 273
SNAP 43
EPS 0.12307056515123811
galrad= 0.01
!!! agesel
Found 253 stars.
Rotated pos.
Rotated vel.
Calculating circularities
dty= [13.06087924 12.9245476  12.72523451 13.03274507 12.91729366 12.95415919
 12.95454747 13.37845586 13.11166725 13.28007512 12.86015365 13.06631848
 12.94361182 12.93888357 13.1348679  12.90527991 13.16029918 12.90507498
 13.13579256 12.93730201 13.19559079 12.99028629 13.13425084 12.81261058
 13.04572157 12.95338229 13.29071149 13.16562682 12.94753299 13.17032692
 12.98543162 13.06834821 12.89828544 12.9910307  13.19502746 12.95726034
 12.86358609 12.94164478 12.98655437 12.88140909 12.75587271 12.9345273
 12.85757141 12.99548314 12.76038317 13.21444957 12.75229851 13.19952004
 13.06801031 12.88140909 12.92032309 12.95764718 13.21988895 12.96112133
 12.87126493 12.9526046  13.29737289 12.99400164 12.82113958 13.1217933
 12.80628027 12.83578444 13.06969844 13.07841678 12.95415919 13.03239144
 12.92935168 13.05608837 13.28783123 12.86272906 13.35963014 12.92253842
 13.00870005 12.91648415 12.92012157 12.94164478 13.14405923 13.28879304
 12.91038965 13.24999016 13.11990552 12.86572531 13.15252842 12.8993174
 12.76274942 13.20007941 12.960736   12.95065746 13.03768006 13.21390292
 12.92975076 13.34607358 13.30020258 12.92695278 12.91120457 12.74655519
 12.75515879 13.29071149 12.87126493 12.75182105 12.90178928 12.91222223
 12.80854548 12.82337228 12.88497601 12.74559501 12.93214217 12.96227627
 12.93014979 12.75182105 13.03309866 13.17091212 13.05746021 12.800823
 12.91729366 12.93769763 12.90055412 12.81934989 12.76558217 12.78936059
 12.73546187 12.73836662 12.96266095 13.22528042 13.18480208 13.09229008
 12.73739916 12.81261058 12.98580611 12.89890475 13.2489595  13.01955462
 13.19896025 12.89435388 12.89518293 12.72180441 12.78705296 13.21608644
 13.22849244 12.93094723 12.84717353 13.08901027 12.85281935 13.15011937
 12.97525945 12.79212306 12.74367198 13.17847245 13.11357683 12.96458165
 13.00285181 13.03380512 12.84061887 13.01305916 12.81351178 12.91079714
 12.75515879 12.99843847 13.19896025 13.0202731  13.23221834 12.88644093
 12.76793719 12.9009661  12.89103016 12.85455001 12.847609   12.77683863
 12.81845398 12.79074273 12.96841033 12.87168981 12.93730201 12.85563019
 12.7489519  13.05746021 12.737883   13.03097512 12.80809284 12.75515879
 12.88748596 12.8197976  13.03662517 12.83225376 12.74319081 12.88518548
 12.90343363 12.8860226  12.77122525 12.79396071 13.08966737 12.98730212
 12.87381105 12.88811231 12.77356782 12.92735308 12.75611055 13.17905045
 12.79074273 13.19276924 12.81441212 12.79579503 12.79625322 12.84499345
 12.92635208 12.7369151  12.80763998 12.73981613 12.87803967 12.90589464
 13.36461548 12.83534368 12.7330353  12.9009661  13.16326424 12.91729366
 12.77216291 12.83092648 12.76274942 12.99917572 13.17962789 12.82024524
 12.71885588 12.81576125 12.82203322 13.1916371  12.71491233 12.72865421
 12.85021768 12.80718691 12.78520315 12.91323879 12.77730501 12.77916879
 12.99251745 12.72816627 13.22366805 12.91486281 12.74847288 13.17557491
 12.93413021 12.87677307 13.35035141 12.76793719 12.96726348 12.77450328
 12.85541415 12.72718987 13.08240688 12.98804909 12.77122525 12.86272906
 12.89766571 12.80673362 12.77823726 12.91120457 12.80945026 12.83798473
 13.33477201 12.94909654 12.86101291 12.73060343 13.31504254 12.75563486
 12.89518293 13.16148677 12.96688089 12.91079714 12.91567381 12.72621272
 12.82737852 12.93413021 12.81934989 12.87402295 12.80446439 12.92374439
 12.80036683 12.86230037 12.75372957 13.17789402 12.90384416 12.84891415
 12.72033108 13.23855194 12.87253879 12.81621052 12.73011654 12.94361182
 12.960736   12.81755721 13.01160869 12.8860226  13.25101897 12.7828863
 12.75325277 12.81351178 12.71441839 12.73739916 12.72327572 13.25816991
 12.86487022 12.7330353  12.8040098  13.06631848 12.74078135 12.74559501
 12.80219005 13.07037268 12.73546187 12.81170867 12.93571751 12.81351178
 12.94753299 12.81396199 12.83225376 12.90753165 13.04293388 12.94046249
 12.75801155 13.13978513 12.81934989 12.82559993 12.84237101 12.91079714
 12.76133036 12.77730501 12.73885001 12.81215973 12.73739916 12.83092648
 13.33301007 13.2332786  12.79396071 12.81486205 13.04849952 12.94203861
 12.92695278 12.78751483 12.94361182 12.81845398 12.73449188 13.03592106
 12.74703495 12.84193329 12.72376575 12.84499345 12.82515486 13.02457094
 13.02170831 12.82024524 12.82292614 12.99991218 12.72180441 12.85800226
 13.03873365 12.94046249 12.91242563 12.80673362 13.08769427 12.73546187
 13.20509117 12.82559993 12.7257238  12.83357912 12.82426392 12.83622483
 13.22902617 12.82292614 12.84542983 12.82826675 12.98954124 12.85800226
 12.84061887 12.85886333 12.85281935 12.74029885 12.83269571 12.86058338
 12.82247979 13.28105067 12.73449188 12.74029885 12.86444229 12.8801469
 12.82470942 13.2279583  12.83666516 12.75563486 12.85541415 12.84499345
 12.91971805 12.74703495 12.99474271 12.76887763 12.89683884 12.86572531
 13.09620676 12.98355707] 398
glb= [13.06087924 12.9245476  12.72523451 13.03274507 12.91729366 12.95415919
 12.95454747 13.37845586 13.11166725 13.28007512 12.86015365 13.06631848
 12.94361182 12.93888357 13.1348679  12.90527991 13.16029918 12.90507498
 13.13579256 12.93730201 13.19559079 12.99028629 13.13425084 12.81261058
 13.04572157 12.95338229 13.29071149 13.16562682 12.94753299 13.17032692
 12.98543162 13.06834821 12.89828544 12.9910307  13.19502746 12.95726034
 12.86358609 12.94164478 12.98655437 12.88140909 12.75587271 12.9345273
 12.85757141 12.99548314 12.76038317 13.21444957 12.75229851 13.19952004
 13.06801031 12.88140909 12.92032309 12.95764718 13.21988895 12.96112133
 12.87126493 12.9526046  13.29737289 12.99400164 12.82113958 13.1217933
 12.80628027 12.83578444 13.06969844 13.07841678 12.95415919 13.03239144
 12.92935168 13.05608837 13.28783123 12.86272906 13.35963014 12.92253842
 13.00870005 12.91648415 12.92012157 12.94164478 13.14405923 13.28879304
 12.91038965 13.24999016 13.11990552 12.86572531 13.15252842 12.8993174
 12.76274942 13.20007941 12.960736   12.95065746 13.03768006 13.21390292
 12.92975076 13.34607358 13.30020258 12.92695278 12.91120457 12.74655519
 12.75515879 13.29071149 12.87126493 12.75182105 12.90178928 12.91222223
 12.80854548 12.82337228 12.88497601 12.74559501 12.93214217 12.96227627
 12.93014979 12.75182105 13.03309866 13.17091212 13.05746021 12.800823
 12.91729366 12.93769763 12.90055412 12.81934989 12.76558217 12.78936059
 12.73546187 12.73836662 12.96266095 13.22528042 13.18480208 13.09229008
 12.73739916 12.81261058 12.98580611 12.89890475 13.2489595  13.01955462
 13.19896025 12.89435388 12.89518293 12.72180441 12.78705296 13.21608644
 13.22849244 12.93094723 12.84717353 13.08901027 12.85281935 13.15011937
 12.97525945 12.79212306 12.74367198 13.17847245 13.11357683 12.96458165
 13.00285181 13.03380512 12.84061887 13.01305916 12.81351178 12.91079714
 12.75515879 12.99843847 13.19896025 13.0202731  13.23221834 12.88644093
 12.76793719 12.9009661  12.89103016 12.85455001 12.847609   12.77683863
 12.81845398 12.79074273 12.96841033 12.87168981 12.93730201 12.85563019
 12.7489519  13.05746021 12.737883   13.03097512 12.80809284 12.75515879
 12.88748596 12.8197976  13.03662517 12.83225376 12.74319081 12.88518548
 12.90343363 12.8860226  12.77122525 12.79396071 13.08966737 12.98730212
 12.87381105 12.88811231 12.77356782 12.92735308 12.75611055 13.17905045
 12.79074273 13.19276924 12.81441212 12.79579503 12.79625322 12.84499345
 12.92635208 12.7369151  12.80763998 12.73981613 12.87803967 12.90589464
 13.36461548 12.83534368 12.7330353  12.9009661  13.16326424 12.91729366
 12.77216291 12.83092648 12.76274942 12.99917572 13.17962789 12.82024524
 12.71885588 12.81576125 12.82203322 13.1916371  12.71491233 12.72865421
 12.85021768 12.80718691 12.78520315 12.91323879 12.77730501 12.77916879
 12.99251745 12.72816627 13.22366805 12.91486281 12.74847288 13.17557491
 12.93413021 12.87677307 13.35035141 12.76793719 12.96726348 12.77450328
 12.85541415 12.72718987 13.08240688 12.98804909 12.77122525 12.86272906
 12.89766571 12.80673362 12.77823726 12.91120457 12.80945026 12.83798473
 13.33477201 12.94909654 12.86101291 12.73060343 13.31504254 12.75563486
 12.89518293 13.16148677 12.96688089 12.91079714 12.91567381 12.72621272
 12.82737852 12.93413021 12.81934989 12.87402295 12.80446439 12.92374439
 12.80036683 12.86230037 12.75372957 13.17789402 12.90384416 12.84891415
 12.72033108 13.23855194 12.87253879 12.81621052 12.73011654 12.94361182
 12.960736   12.81755721 13.01160869 12.8860226  13.25101897 12.7828863
 12.75325277 12.81351178 12.71441839 12.73739916 12.72327572 13.25816991
 12.86487022 12.7330353  12.8040098  13.06631848 12.74078135 12.74559501
 12.80219005 13.07037268 12.73546187 12.81170867 12.93571751 12.81351178
 12.94753299 12.81396199 12.83225376 12.90753165 13.04293388 12.94046249
 12.75801155 13.13978513 12.81934989 12.82559993 12.84237101 12.91079714
 12.76133036 12.77730501 12.73885001 12.81215973 12.73739916 12.83092648
 13.33301007 13.2332786  12.79396071 12.81486205 13.04849952 12.94203861
 12.92695278 12.78751483 12.94361182 12.81845398 12.73449188 13.03592106
 12.74703495 12.84193329 12.72376575 12.84499345 12.82515486 13.02457094
 13.02170831 12.82024524 12.82292614 12.99991218 12.72180441 12.85800226
 13.03873365 12.94046249 12.91242563 12.80673362 13.08769427 12.73546187
 13.20509117 12.82559993 12.7257238  12.83357912 12.82426392 12.83622483
 13.22902617 12.82292614 12.84542983 12.82826675 12.98954124 12.85800226
 12.84061887 12.85886333 12.85281935 12.74029885 12.83269571 12.86058338
 12.82247979 13.28105067 12.73449188 12.74029885 12.86444229 12.8801469
 12.82470942 13.2279583  12.83666516 12.75563486 12.85541415 12.84499345
 12.91971805 12.74703495 12.99474271 12.76887763 12.89683884 12.86572531
 13.09620676 12.98355707] 398
bidsort lists= 398 398
 398
SNAP 44
EPS 0.11337575291012461
galrad= 0.01
!!! agesel
Found 78 stars.
Rotated pos.
Rotated vel.
Calculating circularities
dty= [12.69548755 12.89766571 12.70449422 12.83710513 13.00248502 12.81035418
 12.98804909 13.08373228 12.76274942 12.95221546 13.01088252 12.92494897
 12.78009944 13.00504976 12.76981734 12.95764718 13.02884611 13.05643151
 12.97146112 13.0754102  12.85455001 12.63939683 13.08769427 13.25816991
 12.76322209 13.13855914 12.76793719 12.74126363 12.73109026 12.75182105
 12.73739916 12.76416679 13.0949035  13.08107921 12.98804909 13.01450709
 12.76605368 12.84412005 13.21280826 13.04083655 13.02099095 13.02813514
 13.01955462 12.77263148 13.13610049 12.74703495 12.79899748 12.83930268
 13.05951352 12.98954124 13.2632236  12.90834914 13.13671595 12.88308925
 12.84978333 12.65977565 12.67265628 13.07741593 13.12649069 12.79396071
 12.82337228 13.4011234  13.23750102 12.90875765 12.95687331 12.80854548
 12.75801155 13.04572157 12.98916843 12.72229512 13.23539353 12.7489519
 13.2868677  12.8597237  12.67009142 13.04502564 13.03943529 13.10139678
 12.82515486 12.95221546 13.07171926 13.00942813 13.21280826 13.10526524
 12.93611394 12.66752094 12.72131348 12.68184302 12.87677307 12.79671104
 13.08637593 12.87719538 12.91648415 13.06564066 13.18480208 12.63570201
 13.03662517 13.06087924 13.05917165 12.76322209 12.87253879 12.74222767
 13.01522998 13.22366805 13.07104624 13.07974913 13.02385622 12.74319081
 12.77637203 13.28299655 12.98730212 13.18020483 12.77823726 13.05951352
 13.10975256 12.78056444 12.73060343 12.65302149 12.86998934 12.70897089
 12.9498774  12.90425464 12.97753047 13.10590801 13.06969844 12.88936399
 12.68691542 13.11294087 13.21116264 12.93254012 13.05437014 12.93014979
 13.11421221 13.03873365 13.36046476 12.6798078  12.64255481 12.76369455
 13.21934721 13.12492839 13.14345029 12.66132872 12.90178928 13.31137191
 12.79945414 12.63570201 13.10204297 12.69799654 13.06767222 12.99991218
 12.77823726 13.31412732 13.0857159  12.82158658 13.08703537 12.77075616
 12.66854983 13.03592106 12.81306121 13.20730582 12.99028629 13.02314088
 13.0968575  13.07239168 13.11230432 12.85281935 12.66339649 13.08966737
 13.30020258 12.87930454 13.0968575  12.85195282 12.70996337 13.12367596
 12.63939683 12.69799654 13.16385562 12.64255481 12.65406302 12.85886333
 13.25204598 12.99251745 12.65093548 12.70399584 12.69598981 13.10847332] 186
glb= [12.69548755 12.89766571 12.70449422 12.83710513 13.00248502 12.81035418
 12.98804909 13.08373228 12.76274942 12.95221546 13.01088252 12.92494897
 12.78009944 13.00504976 12.76981734 12.95764718 13.02884611 13.05643151
 12.97146112 13.0754102  12.85455001 12.63939683 13.08769427 13.25816991
 12.76322209 13.13855914 12.76793719 12.74126363 12.73109026 12.75182105
 12.73739916 12.76416679 13.0949035  13.08107921 12.98804909 13.01450709
 12.76605368 12.84412005 13.21280826 13.04083655 13.02099095 13.02813514
 13.01955462 12.77263148 13.13610049 12.74703495 12.79899748 12.83930268
 13.05951352 12.98954124 13.2632236  12.90834914 13.13671595 12.88308925
 12.84978333 12.65977565 12.67265628 13.07741593 13.12649069 12.79396071
 12.82337228 13.4011234  13.23750102 12.90875765 12.95687331 12.80854548
 12.75801155 13.04572157 12.98916843 12.72229512 13.23539353 12.7489519
 13.2868677  12.8597237  12.67009142 13.04502564 13.03943529 13.10139678
 12.82515486 12.95221546 13.07171926 13.00942813 13.21280826 13.10526524
 12.93611394 12.66752094 12.72131348 12.68184302 12.87677307 12.79671104
 13.08637593 12.87719538 12.91648415 13.06564066 13.18480208 12.63570201
 13.03662517 13.06087924 13.05917165 12.76322209 12.87253879 12.74222767
 13.01522998 13.22366805 13.07104624 13.07974913 13.02385622 12.74319081
 12.77637203 13.28299655 12.98730212 13.18020483 12.77823726 13.05951352
 13.10975256 12.78056444 12.73060343 12.65302149 12.86998934 12.70897089
 12.9498774  12.90425464 12.97753047 13.10590801 13.06969844 12.88936399
 12.68691542 13.11294087 13.21116264 12.93254012 13.05437014 12.93014979
 13.11421221 13.03873365 13.36046476 12.6798078  12.64255481 12.76369455
 13.21934721 13.12492839 13.14345029 12.66132872 12.90178928 13.31137191
 12.79945414 12.63570201 13.10204297 12.69799654 13.06767222 12.99991218
 12.77823726 13.31412732 13.0857159  12.82158658 13.08703537 12.77075616
 12.66854983 13.03592106 12.81306121 13.20730582 12.99028629 13.02314088
 13.0968575  13.07239168 13.11230432 12.85281935 12.66339649 13.08966737
 13.30020258 12.87930454 13.0968575  12.85195282 12.70996337 13.12367596
 12.63939683 12.69799654 13.16385562 12.64255481 12.65406302 12.85886333
 13.25204598 12.99251745 12.65093548 12.70399584 12.69598981 13.10847332] 186
bidsort lists= 186 186
 186
SNAP 45
EPS 0.02231057602769024
galrad= 0.01
!!! agesel
Found 142 stars.
Rotated pos.
Rotated vel.
Calculating circularities
dty= [13.21280826 13.0754102  12.92494897 13.02813514 13.08769427 13.01450709
 12.85455001 13.08107921 13.00248502 12.95221546 12.65977565 12.57278937
 12.74703495 12.69548755 12.58193482 13.04083655 12.89766571 13.14648973
 12.95687331 12.54750786 12.59703085 12.78009944 12.68184302 12.66752094
 13.07741593 12.76416679 13.08505527 12.88936399 12.75801155 13.01088252
 13.00504976 12.79396071 12.76793719 12.82515486 12.95764718 12.90875765
 12.73109026 12.72131348 13.04502564 12.81035418 12.93611394 12.54523625
 12.76981734 12.67009142 13.06087924 13.01522998 13.12649069 12.58717042
 13.02884611 12.76322209 12.77823726 12.76274942 12.97146112 12.66752094
 13.07974913 12.59128841 13.13671595 13.08637593 12.5744571  13.0949035
 13.23750102 12.72229512 13.03943529 12.64255481 13.02099095 12.68691542
 13.05917165 13.05643151 12.76605368 13.13855914 13.18020483 12.84978333
 12.83930268 12.98804909 12.5455204  12.56217584 13.18480208 12.70449422
 12.74126363 12.54864205 12.79762617 12.73739916 12.98954124 13.05437014
 13.2868677  12.77263148 12.70897089 12.83710513 12.61059715 13.03662517
 13.10590801 13.01955462 12.69799654 12.63939683 12.74319081 12.90834914
 12.97069939 13.08373228 13.10333357 12.5744571  12.55429842 12.9910307
 12.74222767 12.55824321 12.90178928 13.11294087 12.98730212 12.56161476
 13.22366805 12.57334547 13.12742647 12.61490701 13.04572157 13.11452969
 13.2632236  12.8597237  13.00942813 13.21116264 13.02385622 13.00064815
 12.62614862 13.09750772 12.79899748 13.04572157 13.07171926 13.25816991
 12.98804909 13.06564066 12.99991218 12.77823726 12.61383097 13.23539353
 12.66132872 13.36046476 12.65302149 13.10526524 13.11421221 12.82337228
 12.55711743 12.75468266 12.90425464 13.44138287 12.63570201 13.03873365
 12.7489519  13.13610049 13.05951352 13.05951352 12.93254012 12.79671104
 13.28299655 12.67265628 13.26523262 12.6798078  12.80854548 12.74319081
 12.77637203 12.75182105 13.10139678 13.06969844 13.07239168 13.21280826
 12.82158658 12.61059715 13.0857159  12.84412005 13.03592106 12.65302149
 12.87253879 12.62348141 12.7594351  12.57000495 12.99028629 12.88308925
 13.04988487 13.4011234  12.95221546 12.62561559 13.02314088 12.76322209
 13.02063212 12.97753047 12.62454897 12.57556778 12.87719538 13.31137191
 12.93094723 12.81306121 12.87677307 12.98054907 12.73060343 13.07104624
 13.11421221 12.5551448  13.0968575  12.86998934 12.76369455 12.78009944
 12.99251745 12.93014979 13.08703537 12.77075616 13.10975256 13.09620676
 13.06087924 12.85281935 13.12492839 13.06767222 13.11294087 13.0968575
 12.86230037 12.79945414 13.23433704 12.85195282 13.09294433 12.87930454
 13.31412732 13.11230432 13.10204297 12.55260413 13.04293388 12.54409899
 13.20398091 13.07373471 13.03943529 13.10430005 12.66854983 12.81215973
 13.08306984 13.12367596 13.16385562 12.89103016 12.92775303 12.6919657
 13.08769427 12.70199955 12.5744571  12.70549063 12.55993007 12.54864205
 12.69799654 13.0567746  12.97525945 12.97525945 13.11484706 13.05402602
 12.59757642 12.60410395 12.54580452 12.5511906  12.55203894 12.95377084
 12.62774616 12.94046249 12.70499254 12.6383424  12.57612267 12.64465557
 12.56609646 12.65093548 12.57111947 12.57556778 12.55288662 12.55542678] 264
glb= [13.21280826 13.0754102  12.92494897 13.02813514 13.08769427 13.01450709
 12.85455001 13.08107921 13.00248502 12.95221546 12.65977565 12.57278937
 12.74703495 12.69548755 12.58193482 13.04083655 12.89766571 13.14648973
 12.95687331 12.54750786 12.59703085 12.78009944 12.68184302 12.66752094
 13.07741593 12.76416679 13.08505527 12.88936399 12.75801155 13.01088252
 13.00504976 12.79396071 12.76793719 12.82515486 12.95764718 12.90875765
 12.73109026 12.72131348 13.04502564 12.81035418 12.93611394 12.54523625
 12.76981734 12.67009142 13.06087924 13.01522998 13.12649069 12.58717042
 13.02884611 12.76322209 12.77823726 12.76274942 12.97146112 12.66752094
 13.07974913 12.59128841 13.13671595 13.08637593 12.5744571  13.0949035
 13.23750102 12.72229512 13.03943529 12.64255481 13.02099095 12.68691542
 13.05917165 13.05643151 12.76605368 13.13855914 13.18020483 12.84978333
 12.83930268 12.98804909 12.5455204  12.56217584 13.18480208 12.70449422
 12.74126363 12.54864205 12.79762617 12.73739916 12.98954124 13.05437014
 13.2868677  12.77263148 12.70897089 12.83710513 12.61059715 13.03662517
 13.10590801 13.01955462 12.69799654 12.63939683 12.74319081 12.90834914
 12.97069939 13.08373228 13.10333357 12.5744571  12.55429842 12.9910307
 12.74222767 12.55824321 12.90178928 13.11294087 12.98730212 12.56161476
 13.22366805 12.57334547 13.12742647 12.61490701 13.04572157 13.11452969
 13.2632236  12.8597237  13.00942813 13.21116264 13.02385622 13.00064815
 12.62614862 13.09750772 12.79899748 13.04572157 13.07171926 13.25816991
 12.98804909 13.06564066 12.99991218 12.77823726 12.61383097 13.23539353
 12.66132872 13.36046476 12.65302149 13.10526524 13.11421221 12.82337228
 12.55711743 12.75468266 12.90425464 13.44138287 12.63570201 13.03873365
 12.7489519  13.13610049 13.05951352 13.05951352 12.93254012 12.79671104
 13.28299655 12.67265628 13.26523262 12.6798078  12.80854548 12.74319081
 12.77637203 12.75182105 13.10139678 13.06969844 13.07239168 13.21280826
 12.82158658 12.61059715 13.0857159  12.84412005 13.03592106 12.65302149
 12.87253879 12.62348141 12.7594351  12.57000495 12.99028629 12.88308925
 13.04988487 13.4011234  12.95221546 12.62561559 13.02314088 12.76322209
 13.02063212 12.97753047 12.62454897 12.57556778 12.87719538 13.31137191
 12.93094723 12.81306121 12.87677307 12.98054907 12.73060343 13.07104624
 13.11421221 12.5551448  13.0968575  12.86998934 12.76369455 12.78009944
 12.99251745 12.93014979 13.08703537 12.77075616 13.10975256 13.09620676
 13.06087924 12.85281935 13.12492839 13.06767222 13.11294087 13.0968575
 12.86230037 12.79945414 13.23433704 12.85195282 13.09294433 12.87930454
 13.31412732 13.11230432 13.10204297 12.55260413 13.04293388 12.54409899
 13.20398091 13.07373471 13.03943529 13.10430005 12.66854983 12.81215973
 13.08306984 13.12367596 13.16385562 12.89103016 12.92775303 12.6919657
 13.08769427 12.70199955 12.5744571  12.70549063 12.55993007 12.54864205
 12.69799654 13.0567746  12.97525945 12.97525945 13.11484706 13.05402602
 12.59757642 12.60410395 12.54580452 12.5511906  12.55203894 12.95377084
 12.62774616 12.94046249 12.70499254 12.6383424  12.57612267 12.64465557
 12.56609646 12.65093548 12.57111947 12.57556778 12.55288662 12.55542678] 264
bidsort lists= 264 264
 264
SNAP 46
EPS -0.0008442823551151972
galrad= 0.01
!!! agesel
Found 201 stars.
Rotated pos.
Rotated vel.
Calculating circularities
dty= [13.03943529 12.50922145 13.04988487 12.78009944 12.52432362 12.52143266
 12.97146112 12.95221546 12.76981734 12.89766571 13.13855914 12.95687331
 12.46679158 13.10590801 13.03873365 13.08107921 12.65977565 13.11421221
 12.90425464 13.01088252 13.08373228 13.02884611 12.76369455 12.53381879
 12.58193482 12.69548755 12.53553781 12.77075616 12.46709309 12.73109026
 13.02063212 12.79396071 12.62561559 12.92494897 13.00504976 13.0857159
 13.22366805 12.50366024 12.59703085 12.84978333 13.2632236  13.07171926
 13.03592106 13.44138287 12.74703495 12.62348141 12.63939683 13.04572157
 13.04502564 12.47280614 12.67009142 13.18480208 12.46799666 12.93492419
 12.54352999 12.54296075 12.46769555 13.02099095 12.47879437 12.66132872
 12.88936399 12.47280614 12.59703085 13.05917165 13.00248502 13.00942813
 12.95764718 12.76322209 12.6798078  12.52807231 12.52979898 12.74319081
 12.83930268 12.72229512 13.01522998 12.82515486 12.85195282 12.46859883
 12.52403488 12.68691542 12.54409899 12.63570201 12.82915413 13.0754102
 12.87719538 12.90178928 12.51824544 12.75801155 12.72131348 12.5551448
 13.25816991 12.46588725 12.90834914 12.66854983 13.11294087 13.06969844
 13.31412732 12.93611394 13.07741593 13.08769427 13.0202731  12.54864205
 12.73060343 13.05643151 12.70449422 12.98804909 13.03662517 12.47819678
 13.08637593 12.5315233  13.01450709 13.12492839 12.48653992 13.04083655
 12.47998878 12.57278937 12.53094877 12.77263148 12.52922372 13.10975256
 12.92695278 12.76274942 12.66752094 12.66752094 12.46196105 12.52922372
 13.02813514 12.70897089 12.52922372 13.02314088 12.48237479 12.54750786
 13.21280826 13.12367596 12.73739916 12.55373395 12.74222767 13.18020483
 12.51301314 12.7594351  12.77823726 12.83710513 13.06564066 13.23750102
 13.07974913 12.57167629 12.45953934 12.50483297 12.48297046 13.07239168
 12.51417765 13.0949035  13.05951352 12.4793917  12.81035418 12.58331482
 12.49542242 12.54750786 13.13610049 13.10526524 12.47340614 13.28299655
 13.0567746  12.63464431 12.51417765 13.2868677  12.48713384 12.51766511
 12.93094723 12.79899748 12.68184302 12.80854548 12.53896909 12.56553707
 12.95221546 12.5455204  13.13671595 12.69799654 12.51824544 12.49778124
 12.4716054  12.88308925 12.54864205 13.36046476 12.737883   12.93014979
 13.05437014 12.48475631 12.57390149 13.0636037  12.85455001 13.08505527
 13.04293388 12.76605368 12.47520463 13.00064815 12.52749631 12.98804909
 12.47759879 13.10139678 12.82826675 12.86998934 12.59320549 12.6467526
 12.91648415 12.79762617 12.99028629 12.52114323 12.54523625 12.77823726
 13.02385622 12.87253879 12.4722059  12.69949936 12.61383097 13.11452969
 12.58717042 13.23433704 12.50776023 12.53954003 12.56161476 12.8597237
 12.65302149 12.49069236 12.87677307 13.23539353 12.99991218 12.76038317
 12.64045048 13.10783284 12.50366024 13.01955462 12.5744571  12.58441766
 12.76416679 12.55260413 12.59265817 12.9910307  12.98916843 13.3443518
 13.06087924 13.11230432 12.49424143 13.08966737 12.90875765 12.7594351
 12.97753047 13.0968575  13.21116264 12.50248652 12.91161179 13.07104624
 12.64255481 12.79671104 12.5386835  12.76793719 13.04572157 12.67265628
 12.8510856  12.78009944 12.510681   12.50483297 13.14648973 12.48535115
 13.12742647 12.57390149 12.51009731 13.09294433 12.74126363 13.30395213
 13.17847245 12.76416679 12.51998494 13.06087924 13.16385562 12.49069236
 12.50248652 13.10333357 12.59402632 12.49424143 12.46558566 12.75182105
 13.299261   12.51417765 12.46437841 12.97069939 12.50776023 12.54125157
 12.77403574 12.49837029 12.51882552 12.47100465 12.62348141 12.84412005
 12.47400589 12.49483197 12.98954124 12.55429842 12.5744571  12.49483197
 12.54750786 12.52807231 12.59128841 12.65302149 12.52605516 12.47340614
 12.57334547 12.55824321 12.49128455 13.4011234  12.61059715 12.46558566
 12.61490701 12.7489519  13.0968575  13.09750772 13.12649069 12.48535115
 12.77637203 12.81306121 12.63411503 12.85886333 12.93254012 12.50248652
 12.76416679 12.61059715 12.54182154 12.79945414 12.99251745 12.47520463
 12.76322209 12.63199572 13.25204598 13.12116456 12.63199572 12.98054907
 13.08769427 12.78474018 12.86230037 13.09620676 12.98730212 12.52345701
 12.47998878 12.68438208 13.2279583  12.52461234 13.05951352 12.85281935
 12.75468266 13.0588296  12.4793917  13.21335586 12.79533678 12.49483197
 13.31137191 12.56217584 12.62614862 13.08703537 13.21280826 12.66029352
 12.68843282 12.70996337 12.57000495 12.57556778 13.11421221 12.55711743
 13.30301723 12.48950724 12.65197887 12.94831517 12.62454897 13.20063823
 13.36790971 12.46437841 12.81215973 12.68285933 13.11294087 12.47998878
 12.67572665 12.60518852 12.48594557 12.5257667  12.91931447 13.11357683
 13.07373471 13.02991133 13.43948001 12.76793719 12.53725463 13.04293388
 12.67060482 12.48118237 12.50483297 12.49069236 12.51184764 12.50013594
 13.12367596 12.58221102 12.79304225 13.07037268 12.54182154 12.52114323
 12.49660224 12.94518238 12.50483297 12.49424143 12.50013594 12.510681
 12.70399584 12.76416679 12.49187648] 411
glb= [13.03943529 12.50922145 13.04988487 12.78009944 12.52432362 12.52143266
 12.97146112 12.95221546 12.76981734 12.89766571 13.13855914 12.95687331
 12.46679158 13.10590801 13.03873365 13.08107921 12.65977565 13.11421221
 12.90425464 13.01088252 13.08373228 13.02884611 12.76369455 12.53381879
 12.58193482 12.69548755 12.53553781 12.77075616 12.46709309 12.73109026
 13.02063212 12.79396071 12.62561559 12.92494897 13.00504976 13.0857159
 13.22366805 12.50366024 12.59703085 12.84978333 13.2632236  13.07171926
 13.03592106 13.44138287 12.74703495 12.62348141 12.63939683 13.04572157
 13.04502564 12.47280614 12.67009142 13.18480208 12.46799666 12.93492419
 12.54352999 12.54296075 12.46769555 13.02099095 12.47879437 12.66132872
 12.88936399 12.47280614 12.59703085 13.05917165 13.00248502 13.00942813
 12.95764718 12.76322209 12.6798078  12.52807231 12.52979898 12.74319081
 12.83930268 12.72229512 13.01522998 12.82515486 12.85195282 12.46859883
 12.52403488 12.68691542 12.54409899 12.63570201 12.82915413 13.0754102
 12.87719538 12.90178928 12.51824544 12.75801155 12.72131348 12.5551448
 13.25816991 12.46588725 12.90834914 12.66854983 13.11294087 13.06969844
 13.31412732 12.93611394 13.07741593 13.08769427 13.0202731  12.54864205
 12.73060343 13.05643151 12.70449422 12.98804909 13.03662517 12.47819678
 13.08637593 12.5315233  13.01450709 13.12492839 12.48653992 13.04083655
 12.47998878 12.57278937 12.53094877 12.77263148 12.52922372 13.10975256
 12.92695278 12.76274942 12.66752094 12.66752094 12.46196105 12.52922372
 13.02813514 12.70897089 12.52922372 13.02314088 12.48237479 12.54750786
 13.21280826 13.12367596 12.73739916 12.55373395 12.74222767 13.18020483
 12.51301314 12.7594351  12.77823726 12.83710513 13.06564066 13.23750102
 13.07974913 12.57167629 12.45953934 12.50483297 12.48297046 13.07239168
 12.51417765 13.0949035  13.05951352 12.4793917  12.81035418 12.58331482
 12.49542242 12.54750786 13.13610049 13.10526524 12.47340614 13.28299655
 13.0567746  12.63464431 12.51417765 13.2868677  12.48713384 12.51766511
 12.93094723 12.79899748 12.68184302 12.80854548 12.53896909 12.56553707
 12.95221546 12.5455204  13.13671595 12.69799654 12.51824544 12.49778124
 12.4716054  12.88308925 12.54864205 13.36046476 12.737883   12.93014979
 13.05437014 12.48475631 12.57390149 13.0636037  12.85455001 13.08505527
 13.04293388 12.76605368 12.47520463 13.00064815 12.52749631 12.98804909
 12.47759879 13.10139678 12.82826675 12.86998934 12.59320549 12.6467526
 12.91648415 12.79762617 12.99028629 12.52114323 12.54523625 12.77823726
 13.02385622 12.87253879 12.4722059  12.69949936 12.61383097 13.11452969
 12.58717042 13.23433704 12.50776023 12.53954003 12.56161476 12.8597237
 12.65302149 12.49069236 12.87677307 13.23539353 12.99991218 12.76038317
 12.64045048 13.10783284 12.50366024 13.01955462 12.5744571  12.58441766
 12.76416679 12.55260413 12.59265817 12.9910307  12.98916843 13.3443518
 13.06087924 13.11230432 12.49424143 13.08966737 12.90875765 12.7594351
 12.97753047 13.0968575  13.21116264 12.50248652 12.91161179 13.07104624
 12.64255481 12.79671104 12.5386835  12.76793719 13.04572157 12.67265628
 12.8510856  12.78009944 12.510681   12.50483297 13.14648973 12.48535115
 13.12742647 12.57390149 12.51009731 13.09294433 12.74126363 13.30395213
 13.17847245 12.76416679 12.51998494 13.06087924 13.16385562 12.49069236
 12.50248652 13.10333357 12.59402632 12.49424143 12.46558566 12.75182105
 13.299261   12.51417765 12.46437841 12.97069939 12.50776023 12.54125157
 12.77403574 12.49837029 12.51882552 12.47100465 12.62348141 12.84412005
 12.47400589 12.49483197 12.98954124 12.55429842 12.5744571  12.49483197
 12.54750786 12.52807231 12.59128841 12.65302149 12.52605516 12.47340614
 12.57334547 12.55824321 12.49128455 13.4011234  12.61059715 12.46558566
 12.61490701 12.7489519  13.0968575  13.09750772 13.12649069 12.48535115
 12.77637203 12.81306121 12.63411503 12.85886333 12.93254012 12.50248652
 12.76416679 12.61059715 12.54182154 12.79945414 12.99251745 12.47520463
 12.76322209 12.63199572 13.25204598 13.12116456 12.63199572 12.98054907
 13.08769427 12.78474018 12.86230037 13.09620676 12.98730212 12.52345701
 12.47998878 12.68438208 13.2279583  12.52461234 13.05951352 12.85281935
 12.75468266 13.0588296  12.4793917  13.21335586 12.79533678 12.49483197
 13.31137191 12.56217584 12.62614862 13.08703537 13.21280826 12.66029352
 12.68843282 12.70996337 12.57000495 12.57556778 13.11421221 12.55711743
 13.30301723 12.48950724 12.65197887 12.94831517 12.62454897 13.20063823
 13.36790971 12.46437841 12.81215973 12.68285933 13.11294087 12.47998878
 12.67572665 12.60518852 12.48594557 12.5257667  12.91931447 13.11357683
 13.07373471 13.02991133 13.43948001 12.76793719 12.53725463 13.04293388
 12.67060482 12.48118237 12.50483297 12.49069236 12.51184764 12.50013594
 13.12367596 12.58221102 12.79304225 13.07037268 12.54182154 12.52114323
 12.49660224 12.94518238 12.50483297 12.49424143 12.50013594 12.510681
 12.70399584 12.76416679 12.49187648] 411
bidsort lists= 411 411
 411
SNAP 47
EPS 0.06311568667147924
galrad= 0.01
!!! agesel
Found 498 stars.
Rotated pos.
Rotated vel.
Calculating circularities
dty= [12.88936399 12.74703495 12.73060343 12.51009731 12.36041159 12.54864205
 13.07171926 12.58193482 12.4152163  12.89766571 12.65977565 13.04502564
 12.95764718 12.47879437 12.76322209 12.4716054  12.69548755 12.97146112
 12.36818303 12.63939683 12.50248652 12.93492419 12.62561559 13.07741593
 12.43662889 12.66957778 12.37398488 12.65302149 13.00504976 13.08769427
 12.53094877 12.36008681 12.50366024 12.92494897 12.70897089 13.2632236
 13.08637593 12.48297046 12.52749631 12.62348141 12.52143266 13.04988487
 13.04572157 12.37334143 12.76981734 12.36170963 12.46709309 13.01450709
 12.4793917  12.42083332 12.90425464 12.36430242 12.36785998 13.25816991
 13.0968575  12.88308925 12.38040469 12.37848171 12.37527115 13.00248502
 13.11421221 12.50776023 12.57278937 12.401392   13.0754102  12.37527115
 12.37140904 12.59703085 12.36850589 12.37976401 13.22366805 12.52114323
 12.37784025 13.23539353 13.02813514 12.53553781 13.05643151 12.83710513
 12.41865149 12.53381879 12.48950724 13.01522998 13.02884611 12.95687331
 12.85195282 12.54296075 13.21280826 12.85455001 12.95221546 12.52432362
 12.35943718 13.11230432 12.43632074 12.47340614 12.5455204  12.41646641
 12.63464431 12.46799666 12.3937954  12.63199572 12.42580774 12.47340614
 12.40957707 13.44138287 12.40265439 12.47280614 13.08373228 12.84978333
 12.4350881  12.75801155 12.42332282 12.45953934 13.03943529 13.00064815
 12.45163962 12.4152163  12.46679158 12.37912307 12.68184302 12.37559249
 12.93611394 12.95221546 12.38168528 12.83930268 12.61059715 13.01088252
 12.36170963 12.50922145 12.49837029 12.87677307 13.18480208 12.44614421
 12.67009142 12.79396071 13.10590801 12.68691542 12.63199572 12.70449422
 12.59402632 12.78009944 12.80854548 12.40296976 12.42145612 12.63411503
 12.97753047 12.42145612 12.61383097 12.90834914 12.35976201 12.86998934
 12.98916843 12.73109026 12.48535115 12.737883   12.58717042 13.07574484
 12.87719538 12.39125418 12.44154796 12.58441766 12.6798078  12.39188987
 13.0202731  13.00942813 12.56441757 12.44981026 13.08107921 12.47819678
 12.36268237 12.78009944 13.05951352 13.17557491 12.39886431 12.40580511
 12.4583269  12.39854797 12.36947432 12.5315233  12.62348141 12.54409899
 12.54864205 12.98804909 13.02063212 13.03873365 12.76416679 12.52979898
 12.37848171 12.38998202 12.4504203  13.06564066 12.69949936 12.46769555
 13.07104624 12.77263148 12.68843282 13.14648973 12.77075616 12.93014979
 12.77637203 12.78056444 13.08966737 13.0949035  12.73739916 12.6282781
 12.52922372 13.04083655 12.37269756 12.46588725 12.37334143 12.41833957
 13.02099095 13.30301723 12.66752094 12.74222767 12.72229512 13.21116264
 12.62134347 13.13855914 12.90875765 12.76605368 12.76369455 12.36947432
 12.57334547 12.60193196 12.46859883 13.03592106 12.49719195 12.37848171
 12.76274942 13.05917165 13.0857159  12.38104512 13.0567746  13.11452969
 12.52403488 12.84412005 12.66132872 12.39442989 13.13671595 12.66854983
 13.06087924 13.2868677  12.39061823 12.63570201 12.36041159 12.47998878
 12.41271268 12.396332   12.82515486 12.58936845 12.87253879 12.54352999
 12.54750786 12.396332   12.40580511 12.38998202 12.46558566 12.37719836
 12.90178928 12.5551448  12.36041159 12.46437841 12.51882552 12.98730212
 12.49542242 12.39886431 12.7594351  13.30020258 12.57000495 12.50483297
 12.55429842 13.08505527 12.97069939 12.61598212 12.98954124 13.02314088
 12.72131348 12.7489519  12.87253879 12.40012875 12.62348141 12.7594351
 12.36235826 12.57723191 13.31137191 12.47280614 12.40044464 12.37848171
 13.18020483 12.55373395 12.48594557 12.66752094 12.98054907 12.3707644
 12.40265439 13.36790971 12.40296976 12.74319081 12.51708437 12.49424143
 12.57390149 12.62027308 12.56161476 12.3925253  13.09294433 13.12742647
 12.36041159 13.03662517 12.67265628 13.01955462 12.41896339 12.3707644
 12.36300663 12.52807231 13.02385622 12.52922372 12.86230037 12.40233882
 13.04572157 12.68438208 12.5744571  13.11294087 12.51824544 12.42270078
 12.69799654 12.92695278 12.79899748 12.61490701 12.58331482 13.07974913
 12.38296483 12.41958695 12.44369479 12.40517558 12.98804909 12.8510856
 12.49483197 12.93254012 12.48713384 12.37205343 12.59265817 12.62080847
 12.81035418 12.51766511 12.50248652 13.06969844 12.91161179 12.65302149
 12.60897713 13.10139678 12.37011949 12.8597237  12.99028629 12.5744571
 12.45103009 12.35976201 13.17847245 12.50776023 12.9498774  12.41020464
 12.43385411 12.53668254 12.40769232 13.13610049 12.66391274 12.530374
 12.37784025 13.23750102 12.49483197 12.93014979 12.76793719 13.31412732
 12.510681   12.51998494 12.45285794 12.45711345 12.45224891 12.54523625
 12.76416679 12.38232518 12.63570201 12.74126363 13.06019668 12.80673362
 12.52461234 12.48535115 13.07239168 12.36430242 12.93094723 12.79762617
 13.0588296  12.57612267 12.47100465 13.10526524 12.38870866 12.75182105
 12.40769232 12.47998878 12.62614862 12.64255481 13.3443518  12.37462823
 12.50834491 12.48475631 12.38232518 12.66029352 12.4722059  12.39316048
 13.4011234  12.365597   12.53725463 12.81306121 12.36818303 13.23433704
 12.37655622 12.99251745 12.55711743 12.82915413 12.50248652 12.70499254
 12.42766876 12.59128841 12.82337228 13.10783284 13.0968575  12.47759879
 12.50366024 13.07037268 13.36046476 12.40454562 12.4793917  12.49128455
 12.83004066 12.85281935 13.12649069 13.11421221 12.99991218 12.82826675
 12.52807231 12.60518852 12.45589899 12.79671104 12.44492001 12.53896909
 12.52230069 12.48237479 12.59211045 12.59648519 12.413965   12.66339649
 13.03873365 12.77823726 12.75468266 12.51824544 12.37011949 13.06087924
 12.4424684  12.38168528 12.44614421 12.4152163  12.49483197 12.37398488
 12.51417765 12.77823726 13.05951352 13.10333357 12.99843847 12.36008681
 12.69799654 13.05437014 12.77403574 13.08769427 12.46196105 12.51417765
 12.62668143 12.59320549 13.09620676 13.08703537 12.44858925 12.39696546
 12.53954003 12.54182154 12.47520463 12.51766511 12.61490701 13.12492839
 12.52605516 13.12367596 12.68285933 12.52230069 12.43138325 12.38998202
 12.54750786 12.56553707 12.67878889 12.69799654 12.41365208 12.43261927
 12.57390149 13.13610049 12.3662439  12.61059715 12.5744571  12.50483297
 13.10975256 12.56217584 12.5386835  12.9910307  12.41145917 12.81215973
 12.76038317 12.42456579 12.52922372 12.51301314 12.55260413 12.38615867
 12.76416679 13.09750772 12.79533678 12.54296075 12.54409899 12.69548755
 13.10075007 12.59703085 12.36430242 12.365597   12.76793719 12.54182154
 12.36689053 12.42642833 12.37719836 12.35976201 13.02991133 12.57556778
 12.63939683 12.55824321 12.37623511 13.07373471 13.28299655 12.79945414
 13.12367596 12.52922372 12.61059715 12.36106074 12.48475631 12.67572665
 13.16385562 12.42394443 13.26523262 12.99251745 12.41896339 13.21280826
 12.94831517 12.38615867 12.54125157 12.91648415 12.64255481 12.61059715
 13.11294087 12.54239127 12.40391541 12.68994818 12.78474018 12.53725463
 12.54523625 12.90507498 12.44369479 12.97525945 13.2279583  12.76322209
 12.3662439  12.47998878 13.30395213 12.40454562 12.3707644  12.62454897
 12.54864205 12.61920176 12.38743427 12.47520463 12.91931447 12.40894908
 12.48653992 12.94753299 12.98205436 12.66494485 12.52461234 12.68184302
 12.52692008 13.10719177 12.51417765 12.54182154 12.63939683 12.6467526
 12.38615867 12.56944725 12.47400589 12.3925253  12.35976201 13.21335586
 12.39442989 12.41771549 12.61167603 12.40769232 12.46075078 12.38743427
 13.23115613 13.11230432 12.37462823 12.94046249 12.38807151 12.46558566
 13.01305916 13.29831783 12.75277575 12.36365457 12.57612267 12.81845398
 12.53954003 12.35976201 12.91729366 12.6488459  12.43261927 12.56609646
 12.94909654 12.54580452 12.49424143 12.41896339 12.42021026 12.86743311
 12.36365457 13.03732867 12.36753691 12.56329727 12.46980224 12.57889372
 12.5511906  12.66236299 12.90343363 12.8704147  12.65302149 12.81396199
 12.54182154 12.55203894 12.40643438 12.40769232 12.39886431 12.36300663
 12.56553707 12.365597   12.44001257 12.47280614 12.42270078 12.41145917
 12.42518689 12.36947432 12.63093474 12.3707644  12.40265439 12.365597
 12.39759867 12.41145917 12.39125418 12.44492001 12.44369479 12.4424684
 12.49424143 12.37334143] 668
glb= [12.88936399 12.74703495 12.73060343 12.51009731 12.36041159 12.54864205
 13.07171926 12.58193482 12.4152163  12.89766571 12.65977565 13.04502564
 12.95764718 12.47879437 12.76322209 12.4716054  12.69548755 12.97146112
 12.36818303 12.63939683 12.50248652 12.93492419 12.62561559 13.07741593
 12.43662889 12.66957778 12.37398488 12.65302149 13.00504976 13.08769427
 12.53094877 12.36008681 12.50366024 12.92494897 12.70897089 13.2632236
 13.08637593 12.48297046 12.52749631 12.62348141 12.52143266 13.04988487
 13.04572157 12.37334143 12.76981734 12.36170963 12.46709309 13.01450709
 12.4793917  12.42083332 12.90425464 12.36430242 12.36785998 13.25816991
 13.0968575  12.88308925 12.38040469 12.37848171 12.37527115 13.00248502
 13.11421221 12.50776023 12.57278937 12.401392   13.0754102  12.37527115
 12.37140904 12.59703085 12.36850589 12.37976401 13.22366805 12.52114323
 12.37784025 13.23539353 13.02813514 12.53553781 13.05643151 12.83710513
 12.41865149 12.53381879 12.48950724 13.01522998 13.02884611 12.95687331
 12.85195282 12.54296075 13.21280826 12.85455001 12.95221546 12.52432362
 12.35943718 13.11230432 12.43632074 12.47340614 12.5455204  12.41646641
 12.63464431 12.46799666 12.3937954  12.63199572 12.42580774 12.47340614
 12.40957707 13.44138287 12.40265439 12.47280614 13.08373228 12.84978333
 12.4350881  12.75801155 12.42332282 12.45953934 13.03943529 13.00064815
 12.45163962 12.4152163  12.46679158 12.37912307 12.68184302 12.37559249
 12.93611394 12.95221546 12.38168528 12.83930268 12.61059715 13.01088252
 12.36170963 12.50922145 12.49837029 12.87677307 13.18480208 12.44614421
 12.67009142 12.79396071 13.10590801 12.68691542 12.63199572 12.70449422
 12.59402632 12.78009944 12.80854548 12.40296976 12.42145612 12.63411503
 12.97753047 12.42145612 12.61383097 12.90834914 12.35976201 12.86998934
 12.98916843 12.73109026 12.48535115 12.737883   12.58717042 13.07574484
 12.87719538 12.39125418 12.44154796 12.58441766 12.6798078  12.39188987
 13.0202731  13.00942813 12.56441757 12.44981026 13.08107921 12.47819678
 12.36268237 12.78009944 13.05951352 13.17557491 12.39886431 12.40580511
 12.4583269  12.39854797 12.36947432 12.5315233  12.62348141 12.54409899
 12.54864205 12.98804909 13.02063212 13.03873365 12.76416679 12.52979898
 12.37848171 12.38998202 12.4504203  13.06564066 12.69949936 12.46769555
 13.07104624 12.77263148 12.68843282 13.14648973 12.77075616 12.93014979
 12.77637203 12.78056444 13.08966737 13.0949035  12.73739916 12.6282781
 12.52922372 13.04083655 12.37269756 12.46588725 12.37334143 12.41833957
 13.02099095 13.30301723 12.66752094 12.74222767 12.72229512 13.21116264
 12.62134347 13.13855914 12.90875765 12.76605368 12.76369455 12.36947432
 12.57334547 12.60193196 12.46859883 13.03592106 12.49719195 12.37848171
 12.76274942 13.05917165 13.0857159  12.38104512 13.0567746  13.11452969
 12.52403488 12.84412005 12.66132872 12.39442989 13.13671595 12.66854983
 13.06087924 13.2868677  12.39061823 12.63570201 12.36041159 12.47998878
 12.41271268 12.396332   12.82515486 12.58936845 12.87253879 12.54352999
 12.54750786 12.396332   12.40580511 12.38998202 12.46558566 12.37719836
 12.90178928 12.5551448  12.36041159 12.46437841 12.51882552 12.98730212
 12.49542242 12.39886431 12.7594351  13.30020258 12.57000495 12.50483297
 12.55429842 13.08505527 12.97069939 12.61598212 12.98954124 13.02314088
 12.72131348 12.7489519  12.87253879 12.40012875 12.62348141 12.7594351
 12.36235826 12.57723191 13.31137191 12.47280614 12.40044464 12.37848171
 13.18020483 12.55373395 12.48594557 12.66752094 12.98054907 12.3707644
 12.40265439 13.36790971 12.40296976 12.74319081 12.51708437 12.49424143
 12.57390149 12.62027308 12.56161476 12.3925253  13.09294433 13.12742647
 12.36041159 13.03662517 12.67265628 13.01955462 12.41896339 12.3707644
 12.36300663 12.52807231 13.02385622 12.52922372 12.86230037 12.40233882
 13.04572157 12.68438208 12.5744571  13.11294087 12.51824544 12.42270078
 12.69799654 12.92695278 12.79899748 12.61490701 12.58331482 13.07974913
 12.38296483 12.41958695 12.44369479 12.40517558 12.98804909 12.8510856
 12.49483197 12.93254012 12.48713384 12.37205343 12.59265817 12.62080847
 12.81035418 12.51766511 12.50248652 13.06969844 12.91161179 12.65302149
 12.60897713 13.10139678 12.37011949 12.8597237  12.99028629 12.5744571
 12.45103009 12.35976201 13.17847245 12.50776023 12.9498774  12.41020464
 12.43385411 12.53668254 12.40769232 13.13610049 12.66391274 12.530374
 12.37784025 13.23750102 12.49483197 12.93014979 12.76793719 13.31412732
 12.510681   12.51998494 12.45285794 12.45711345 12.45224891 12.54523625
 12.76416679 12.38232518 12.63570201 12.74126363 13.06019668 12.80673362
 12.52461234 12.48535115 13.07239168 12.36430242 12.93094723 12.79762617
 13.0588296  12.57612267 12.47100465 13.10526524 12.38870866 12.75182105
 12.40769232 12.47998878 12.62614862 12.64255481 13.3443518  12.37462823
 12.50834491 12.48475631 12.38232518 12.66029352 12.4722059  12.39316048
 13.4011234  12.365597   12.53725463 12.81306121 12.36818303 13.23433704
 12.37655622 12.99251745 12.55711743 12.82915413 12.50248652 12.70499254
 12.42766876 12.59128841 12.82337228 13.10783284 13.0968575  12.47759879
 12.50366024 13.07037268 13.36046476 12.40454562 12.4793917  12.49128455
 12.83004066 12.85281935 13.12649069 13.11421221 12.99991218 12.82826675
 12.52807231 12.60518852 12.45589899 12.79671104 12.44492001 12.53896909
 12.52230069 12.48237479 12.59211045 12.59648519 12.413965   12.66339649
 13.03873365 12.77823726 12.75468266 12.51824544 12.37011949 13.06087924
 12.4424684  12.38168528 12.44614421 12.4152163  12.49483197 12.37398488
 12.51417765 12.77823726 13.05951352 13.10333357 12.99843847 12.36008681
 12.69799654 13.05437014 12.77403574 13.08769427 12.46196105 12.51417765
 12.62668143 12.59320549 13.09620676 13.08703537 12.44858925 12.39696546
 12.53954003 12.54182154 12.47520463 12.51766511 12.61490701 13.12492839
 12.52605516 13.12367596 12.68285933 12.52230069 12.43138325 12.38998202
 12.54750786 12.56553707 12.67878889 12.69799654 12.41365208 12.43261927
 12.57390149 13.13610049 12.3662439  12.61059715 12.5744571  12.50483297
 13.10975256 12.56217584 12.5386835  12.9910307  12.41145917 12.81215973
 12.76038317 12.42456579 12.52922372 12.51301314 12.55260413 12.38615867
 12.76416679 13.09750772 12.79533678 12.54296075 12.54409899 12.69548755
 13.10075007 12.59703085 12.36430242 12.365597   12.76793719 12.54182154
 12.36689053 12.42642833 12.37719836 12.35976201 13.02991133 12.57556778
 12.63939683 12.55824321 12.37623511 13.07373471 13.28299655 12.79945414
 13.12367596 12.52922372 12.61059715 12.36106074 12.48475631 12.67572665
 13.16385562 12.42394443 13.26523262 12.99251745 12.41896339 13.21280826
 12.94831517 12.38615867 12.54125157 12.91648415 12.64255481 12.61059715
 13.11294087 12.54239127 12.40391541 12.68994818 12.78474018 12.53725463
 12.54523625 12.90507498 12.44369479 12.97525945 13.2279583  12.76322209
 12.3662439  12.47998878 13.30395213 12.40454562 12.3707644  12.62454897
 12.54864205 12.61920176 12.38743427 12.47520463 12.91931447 12.40894908
 12.48653992 12.94753299 12.98205436 12.66494485 12.52461234 12.68184302
 12.52692008 13.10719177 12.51417765 12.54182154 12.63939683 12.6467526
 12.38615867 12.56944725 12.47400589 12.3925253  12.35976201 13.21335586
 12.39442989 12.41771549 12.61167603 12.40769232 12.46075078 12.38743427
 13.23115613 13.11230432 12.37462823 12.94046249 12.38807151 12.46558566
 13.01305916 13.29831783 12.75277575 12.36365457 12.57612267 12.81845398
 12.53954003 12.35976201 12.91729366 12.6488459  12.43261927 12.56609646
 12.94909654 12.54580452 12.49424143 12.41896339 12.42021026 12.86743311
 12.36365457 13.03732867 12.36753691 12.56329727 12.46980224 12.57889372
 12.5511906  12.66236299 12.90343363 12.8704147  12.65302149 12.81396199
 12.54182154 12.55203894 12.40643438 12.40769232 12.39886431 12.36300663
 12.56553707 12.365597   12.44001257 12.47280614 12.42270078 12.41145917
 12.42518689 12.36947432 12.63093474 12.3707644  12.40265439 12.365597
 12.39759867 12.41145917 12.39125418 12.44492001 12.44369479 12.4424684
 12.49424143 12.37334143] 668
bidsort lists= 668 668
 668
SNAP 48
EPS 0.01447635529853994
galrad= 0.01
!!! agesel
Found 1643 stars.
Rotated pos.
Rotated vel.
Calculating circularities
dty= [12.85455001 12.2987809  12.29200372 ... 12.29675082 12.53496499
 12.68691542] 1622
glb= [12.85455001 12.2987809  12.29200372 ... 12.29675082 12.53496499
 12.68691542] 1622
bidsort lists= 1622 1622
 1622
SNAP 49
EPS 0.0995922547689796
galrad= 0.01
!!! agesel
Found 2478 stars.
Rotated pos.
Rotated vel.
Calculating circularities
dty= [12.14356865 12.14839708 12.15173176 ... 13.01160869 12.68488921
 12.82826675] 3960
glb= [12.14356865 12.14839708 12.15173176 ... 13.01160869 12.68488921
 12.82826675] 3960
bidsort lists= 3960 3960
 3960
SNAP 50
EPS 0.0022612710510021864
galrad= 0.01
!!! agesel
Found 3561 stars.
Rotated pos.
Rotated vel.
Calculating circularities
dty= [12.89766571 12.66752094 12.09949407 ... 12.06501449 12.04152186
 12.05956034] 5273
glb= [12.89766571 12.66752094 12.09949407 ... 12.06501449 12.04152186
 12.05956034] 5273
bidsort lists= 5273 5273
 5273
SNAP 51
EPS 0.011405256397915214
galrad= 0.01
!!! agesel
Found 4392 stars.
Rotated pos.
Rotated vel.
Calculating circularities
dty= [11.92901459 12.18508511 12.1620647  ... 11.91599884 12.27630337
 12.62668143] 11818
glb= [11.92901459 12.18508511 12.1620647  ... 11.91599884 12.27630337
 12.62668143] 11818
bidsort lists= 11818 11818
 11818
SNAP 52
EPS 0.00995209392980752
galrad= 0.01
!!! agesel
Found 2875 stars.
Rotated pos.
Rotated vel.
Calculating circularities
dty= [12.10254349 12.52143266 11.92901459 ... 12.34736812 12.33024044
 12.36170963] 14685
glb= [12.10254349 12.52143266 11.92901459 ... 12.34736812 12.33024044
 12.36170963] 14685
bidsort lists= 14685 14685
 14685
SNAP 53
EPS 0.06128204017798046
galrad= 0.01
!!! agesel
Found 1659 stars.
Rotated pos.
Rotated vel.
Calculating circularities
dty= [12.09050565 12.14746955 12.69548755 ... 12.20761298 11.65954124
 12.61490701] 17642
glb= [12.09050565 12.14746955 12.69548755 ... 12.20761298 11.65954124
 12.61490701] 17642
bidsort lists= 17642 17642
 17642
SNAP 54
EPS -0.024931993692577405
galrad= 0.01
!!! agesel
Found 2316 stars.
Rotated pos.
Rotated vel.
Calculating circularities
dty= [12.17160348 11.67307982 11.56515383 ... 12.91486281 12.14040436
 12.15376639] 20814
glb= [12.17160348 11.67307982 11.56515383 ... 12.91486281 12.14040436
 12.15376639] 20814
bidsort lists= 20814 20814
 20814
SNAP 55
EPS -0.04583880133059039
galrad= 0.01
!!! agesel
Found 3768 stars.
Rotated pos.
Rotated vel.
Calculating circularities
dty= [12.69548755 11.57506651 11.7822861  ... 12.07200298 12.19033904
 12.70100013] 26810
glb= [12.69548755 11.57506651 11.7822861  ... 12.07200298 12.19033904
 12.70100013] 26810
bidsort lists= 26810 26810
 26810
SNAP 56
EPS 0.0750885029923901
galrad= 0.01
!!! agesel
Found 3196 stars.
Rotated pos.
Rotated vel.
Calculating circularities
dty= [12.1620647  11.99219361 11.93110578 ... 11.24498806 12.70797766
 12.87508159] 30686
glb= [12.1620647  11.99219361 11.93110578 ... 11.24498806 12.70797766
 12.87508159] 30686
bidsort lists= 30686 30686
 30686
SNAP 57
EPS 0.028859227496225263
galrad= 0.01
!!! agesel
Found 3557 stars.
Rotated pos.
Rotated vel.
Calculating circularities
dty= [11.29020647 11.26496245 12.06967648 ... 12.41333897 11.04044977
 11.02399191] 34451
glb= [11.29020647 11.26496245 12.06967648 ... 12.41333897 11.04044977
 11.02399191] 34451
bidsort lists= 34451 34451
 34451
SNAP 58
EPS 0.1607917252297525
galrad= 0.01
!!! agesel
Found 5519 stars.
Rotated pos.
Rotated vel.
Calculating circularities
dty= [10.93273673 11.81599526 11.72618263 ... 12.52230069 12.24022104
 13.46480675] 41753
glb= [10.93273673 11.81599526 11.72618263 ... 12.52230069 12.24022104
 13.46480675] 41753
bidsort lists= 41753 41753
 41753
SNAP 59
EPS 0.21381453174959192
galrad= 0.01
!!! agesel
Found 5966 stars.
Rotated pos.
Rotated vel.
Calculating circularities
dty= [11.90331964 11.36841005 12.08185648 ... 11.64328131 12.19899854
 12.62027308] 51175
glb= [11.90331964 11.36841005 12.08185648 ... 11.64328131 12.19899854
 12.62027308] 51175
bidsort lists= 51175 51175
 51175
SNAP 60
EPS 0.04386045447336048
galrad= 0.01
!!! agesel
Found 6431 stars.
Rotated pos.
Rotated vel.
Calculating circularities
dty= [11.96323152 11.94547355 10.92184327 ... 12.07200298 11.59672622
 12.51766511] 58863
glb= [11.96323152 11.94547355 10.92184327 ... 12.07200298 11.59672622
 12.51766511] 58863
bidsort lists= 58863 58863
 58863
SNAP 61
EPS 0.03375023373487365
galrad= 0.01
!!! agesel
Found 4485 stars.
Rotated pos.
Rotated vel.
Calculating circularities
dty= [12.14746955 11.92890998 11.4868758  ... 12.60627214 12.46679158
 11.10000481] 66468
glb= [12.14746955 11.92890998 11.4868758  ... 12.60627214 12.46679158
 11.10000481] 66468
bidsort lists= 66468 66468
 66468
SNAP 62
EPS 0.08252706684029254
galrad= 0.01
!!! agesel
Found 5011 stars.
Rotated pos.
Rotated vel.
Calculating circularities
dty= [12.14746955 12.69548755 11.58444442 ... 11.76284134 11.16938925
 12.34343296] 75602
glb= [12.14746955 12.69548755 11.58444442 ... 11.76284134 11.16938925
 12.34343296] 75602
bidsort lists= 75602 75602
 75602
SNAP 63
EPS 0.03428378920621435
galrad= 0.01
!!! agesel
Found 7073 stars.
Rotated pos.
Rotated vel.
Calculating circularities
dty= [10.72398257 12.14746955 11.58444442 ... 11.2393343  12.96150646
 12.29539599] 86746
glb= [10.72398257 12.14746955 11.58444442 ... 11.2393343  12.96150646
 12.29539599] 86746
bidsort lists= 86746 86746
 86746
SNAP 64
EPS 0.05107755525573987
galrad= 0.01
!!! agesel
Found 5260 stars.
Rotated pos.
Rotated vel.
Calculating circularities
dty= [12.14746955 12.1620647  12.69548755 ... 11.60455198 11.12017404
 11.08088999] 92895
glb= [12.14746955 12.1620647  12.69548755 ... 11.60455198 11.12017404
 11.08088999] 92895
bidsort lists= 92895 92895
 92895
SNAP 65
EPS 0.050685893245023
galrad= 0.01
!!! agesel
Found 5420 stars.
Rotated pos.
Rotated vel.
Calculating circularities
dty= [11.74596504 11.63438414 10.67100486 ... 11.25513487 11.01909763
 12.16408711] 100905
glb= [11.74596504 11.63438414 10.67100486 ... 11.25513487 11.01909763
 12.16408711] 100905
bidsort lists= 100905 100905
 100905
SNAP 66
EPS 0.05065799318446325
galrad= 0.01
!!! agesel
Found 5888 stars.
Rotated pos.
Rotated vel.
Calculating circularities
dty= [12.14746955 10.53762399 11.0642093  ... 11.07248679 11.08208839
 10.72347732] 115381
glb= [12.14746955 10.53762399 11.0642093  ... 11.07248679 11.08208839
 10.72347732] 115381
bidsort lists= 115381 115381
 115381
SNAP 67
EPS 0.083099447560483
galrad= 0.01
!!! agesel
Found 7577 stars.
Rotated pos.
Rotated vel.
Calculating circularities
dty= [11.0642093  11.97225327 12.1620647  ... 10.77030669 11.79887432
 12.92133077] 124802
glb= [11.0642093  11.97225327 12.1620647  ... 10.77030669 11.79887432
 12.92133077] 124802
bidsort lists= 124802 124802
 124802
SNAP 68
EPS 0.1028601854286339
galrad= 0.01
!!! agesel
Found 7452 stars.
Rotated pos.
Rotated vel.
Calculating circularities
dty= [12.14746955 10.66877898 12.1620647  ... 11.6898283  11.72433312
 11.11425657] 136983
glb= [12.14746955 10.66877898 12.1620647  ... 11.6898283  11.72433312
 11.11425657] 136983
bidsort lists= 136983 136983
 136983
SNAP 69
EPS 0.08778519148749572
galrad= 0.01
!!! agesel
Found 5764 stars.
Rotated pos.
Rotated vel.
Calculating circularities
dty= [12.14746955 11.4868758  11.37822094 ... 11.13785093 11.09762255
 12.44858925] 144219
glb= [12.14746955 11.4868758  11.37822094 ... 11.13785093 11.09762255
 12.44858925] 144219
bidsort lists= 144219 144219
 144219
SNAP 70
EPS 0.09051254620622408
galrad= 0.01
!!! agesel
Found 3983 stars.
Rotated pos.
Rotated vel.
Calculating circularities
dty= [11.2954755  10.72398257 12.14746955 ... 11.14137298 12.33948733
 11.91599884] 150827
glb= [11.2954755  10.72398257 12.14746955 ... 11.14137298 12.33948733
 11.91599884] 150827
bidsort lists= 150827 150827
 150827
SNAP 71
EPS 0.08892353182556331
galrad= 0.01
!!! agesel
Found 5676 stars.
Rotated pos.
Rotated vel.
Calculating circularities
dty= [11.20401343 12.14746955 11.74596504 ... 10.50345343 10.44618178
 11.31190786] 165740
glb= [11.20401343 12.14746955 11.74596504 ... 10.50345343 10.44618178
 11.31190786] 165740
bidsort lists= 165740 165740
 165740
SNAP 72
EPS 0.10589869418322818
galrad= 0.01
!!! agesel