loading halo 6 level 4
/eagle/projects/Auriga/Auriga/level4/Original/mergertrees/Au-6/trees_sf1_127
Hubble parameter= 0.6777
There are 436 trees in file /eagle/projects/Auriga/Auriga/level4/Original/mergertrees/Au-6/trees_sf1_127.0.hdf5
Loading desc (Descendant) for blockname /Tree0.
Loading fnum (FileNr) for blockname /Tree0.
Loading fhfg (FirstHaloInFOFGroup) for blockname /Tree0.
Loading fpin (FirstProgenitor) for blockname /Tree0.
Loading fmc2 (Group_M_Crit200) for blockname /Tree0.
Loading fmm2 (Group_M_Mean200) for blockname /Tree0.
Loading fmt2 (Group_M_TopHat200) for blockname /Tree0.
Loading frc2 (Group_R_Crit200) for blockname /Tree0.
Loading nhfg (NextHaloInFOFGroup) for blockname /Tree0.
Loading npin (NextProgenitor) for blockname /Tree0.
Loading snum (SnapNum) for blockname /Tree0.
Loading sbhm (SubhaloBHMass) for blockname /Tree0.
Loading sbhd (SubhaloBHMdot) for blockname /Tree0.
Loading sgmt (SubhaloGasMetallicity) for blockname /Tree0.
Loading sgmf (SubhaloGasMetallicitySfr) for blockname /Tree0.
Loading sgnr (SubhaloGrNr) for blockname /Tree0.
Loading shmt (SubhaloHalfmassRadType) for blockname /Tree0.
Key SubhaloIDMostBound not found in conversion table, skipping.
Loading slen (SubhaloLen) for blockname /Tree0.
Loading slty (SubhaloLenType) for blockname /Tree0.
Loading smit (SubhaloMassInRadType) for blockname /Tree0.
Loading smty (SubhaloMassType) for blockname /Tree0.
Loading sbnr (SubhaloNumber) for blockname /Tree0.
Loading soty (SubhaloOffsetType) for blockname /Tree0.
Loading spos (SubhaloPos) for blockname /Tree0.
Loading ssfr (SubhaloSFR) for blockname /Tree0.
Loading ssfi (SubhaloSFRinRad) for blockname /Tree0.
Loading sspi (SubhaloSpin) for blockname /Tree0.
Loading ssmt (SubhaloStarMetallicity) for blockname /Tree0.
Loading ssph (SubhaloStellarPhotometrics) for blockname /Tree0.
Loading svmx (SubhaloVMax) for blockname /Tree0.
Loading svel (SubhaloVel) for blockname /Tree0.
Loading svdi (SubhaloVelDisp) for blockname /Tree0.
galrad= 0.01
!!! agesel
Found 117 stars.
Rotated pos.
Rotated vel.
Calculating circularities
dty= [13.4605659  13.55146993 13.42301567 13.53042591 13.49613962 13.45059055
 13.43617132 13.48004809 13.44103759 13.46707008 13.41682482 13.43756786
 13.45327667 13.43476984] 14
glb= [13.4605659  13.55146993 13.42301567 13.53042591 13.49613962 13.45059055
 13.43617132 13.48004809 13.44103759 13.46707008 13.41682482 13.43756786
 13.45327667 13.43476984] 14
bidsort lists= 14 14
 14
SNAP 30
EPS 0.048206861344992025
galrad= 0.01
!!! agesel
Found 32 stars.
Rotated pos.
Rotated vel.
Calculating circularities
dty= [] 0
glb= [] 0
bidsort lists= 0 0
 0
SNAP 31
EPS nan
galrad= 0.01
!!! agesel
Found 132 stars.
Rotated pos.
Rotated vel.
Calculating circularities
dty= [] 0
glb= [] 0
bidsort lists= 0 0
 0
SNAP 32
EPS nan
galrad= 0.01
!!! agesel
Found 150 stars.
Rotated pos.
Rotated vel.
Calculating circularities
dty= [] 0
glb= [] 0
bidsort lists= 0 0
 0
SNAP 33
EPS nan
galrad= 0.01
!!! agesel
Found 103 stars.
Rotated pos.
Rotated vel.
Calculating circularities
dty= [13.28975313 13.41091222 13.30020258] 3
glb= [13.28975313 13.41091222 13.30020258] 3
bidsort lists= 3 3
 3
SNAP 34
EPS 5.735679002215396
galrad= 0.01
!!! agesel
Found 209 stars.
Rotated pos.
Rotated vel.
Calculating circularities
dty= [13.45059055 13.33477201 13.38640434 13.33124184 13.37523672 13.24377881
 13.25511606 13.42265406 13.3571175  13.27615563 13.35963014 13.25204598
 13.2868677  13.39421307 13.28105067] 15
glb= [13.45059055 13.33477201 13.38640434 13.33124184 13.37523672 13.24377881
 13.25511606 13.42265406 13.3571175  13.27615563 13.35963014 13.25204598
 13.2868677  13.39421307 13.28105067] 15
bidsort lists= 15 15
 15
SNAP 35
EPS -0.8394585668520255
galrad= 0.01
!!! agesel
Found 270 stars.
Rotated pos.
Rotated vel.
Calculating circularities
dty= [13.35963014 13.22688859 13.1910703  13.27121705 13.20951269 13.37523672
 13.33124184 13.29973201 13.32589945 13.19952004 13.32768657 13.24273711
 13.28879304 13.23433704 13.25307115 13.25307115 13.29737289 13.21390292
 13.3571175  13.20841022 13.18936683 13.28783123 13.39498636 13.25204598
 13.25511606 13.45793173 13.2632236  13.27121705 13.21934721 13.27615563
 13.19276924 13.27121705 13.27811886 13.37684916 13.28590249 13.31137191
 13.30020258 13.28105067 13.28975313 13.26723452] 40
glb= [13.35963014 13.22688859 13.1910703  13.27121705 13.20951269 13.37523672
 13.33124184 13.29973201 13.32589945 13.19952004 13.32768657 13.24273711
 13.28879304 13.23433704 13.25307115 13.25307115 13.29737289 13.21390292
 13.3571175  13.20841022 13.18936683 13.28783123 13.39498636 13.25204598
 13.25511606 13.45793173 13.2632236  13.27121705 13.21934721 13.27615563
 13.19276924 13.27121705 13.27811886 13.37684916 13.28590249 13.31137191
 13.30020258 13.28105067 13.28975313 13.26723452] 40
bidsort lists= 40 40
 40
SNAP 36
EPS -0.0634198879201254
galrad= 0.01
!!! agesel
Found 369 stars.
Rotated pos.
Rotated vel.
Calculating circularities
dty= [13.14436357 13.14588295 13.14436357 13.14830696 13.14860936 13.14648973
 13.38324188 13.24064824 13.14253581 13.42192996 13.14648973 13.18365583
 13.413879   13.32049988 13.17673549 13.33477201 13.14436357 13.49136137
 13.14588295 13.32946736 13.26120751 13.23539353 13.23881439 13.19952004
 13.35963014 13.21608644 13.25204598 13.22205127 13.14253581 13.16267223
 13.40188447 13.14192549 13.15132494 13.15851386 13.15672382 13.16798102
 13.21171168 13.14648973 13.35205193 13.37845586 13.32768657 13.1910703
 13.25969068 13.17615545 13.15672382 13.29737289 13.33212675 13.36046476
 13.14891165 13.15761943 13.36461548 13.15612603 13.31914099 13.16739327
 13.36295961 13.26673471 13.30488539 13.20951269 13.16207978 13.44924036
 13.28056312 13.47911441 13.38005687 13.22366805 13.15252842 13.55023017
 13.4105399  13.2327487  13.21171168 13.32230612 13.18049314 13.29642636
 13.16029918 13.21444957 13.18020483 13.43124423 13.34348858 13.19502746
 13.17412133 13.16562682 13.17091212 13.43336334 13.15940711 13.28783123
 13.39188498 13.23433704 13.25307115 13.26070234 13.20063823 13.36544123
 13.20896166 13.15672382 13.38758448 13.3934384  13.18651763 13.4182899
 13.37402367 13.24377881 13.35753722 13.37118062 13.27121705 13.16974123
 13.43053534 13.38640434 13.3443518  13.17208089 13.34949891 13.41461743
 13.16029918 13.3020807  13.15910951 13.33740324 13.32500349 13.31183218
 13.39421307 13.2525588  13.37925706 13.39266238 13.38719146 13.49850347
 13.17905045 13.41313929 13.24689273 13.18765883 13.17731497 13.16503694
 13.27220826 13.25409453 13.58029791 13.2279583  13.17615545 13.25204598
 13.31412732 13.17091212 13.39729796 13.15072241 13.17905045 13.2332786
 13.26723452 13.32991159 13.18250756 13.45059055 13.4086733  13.24377881
 13.28299655 13.17847245 13.36046476 13.28879304 13.39959732 13.28590249
 13.43124423 13.31412732 13.35669743 13.20841022 13.2166311  13.16267223
 13.28202448 13.42840116 13.26573373 13.49673217 13.42265406 13.37523672
 13.40150413 13.33124184 13.37036504 13.46252929 13.25050476 13.39959732
 13.407174   13.42337696 13.16621614 13.23221834 13.28590249 13.37361862
 13.16148677 13.19727777 13.16029918 13.20619949 13.17208089 13.16207978
 13.39652881 13.25511606 13.27615563 13.29262323 13.31321047 13.19727777
 13.20398091] 187
glb= [13.14436357 13.14588295 13.14436357 13.14830696 13.14860936 13.14648973
 13.38324188 13.24064824 13.14253581 13.42192996 13.14648973 13.18365583
 13.413879   13.32049988 13.17673549 13.33477201 13.14436357 13.49136137
 13.14588295 13.32946736 13.26120751 13.23539353 13.23881439 13.19952004
 13.35963014 13.21608644 13.25204598 13.22205127 13.14253581 13.16267223
 13.40188447 13.14192549 13.15132494 13.15851386 13.15672382 13.16798102
 13.21171168 13.14648973 13.35205193 13.37845586 13.32768657 13.1910703
 13.25969068 13.17615545 13.15672382 13.29737289 13.33212675 13.36046476
 13.14891165 13.15761943 13.36461548 13.15612603 13.31914099 13.16739327
 13.36295961 13.26673471 13.30488539 13.20951269 13.16207978 13.44924036
 13.28056312 13.47911441 13.38005687 13.22366805 13.15252842 13.55023017
 13.4105399  13.2327487  13.21171168 13.32230612 13.18049314 13.29642636
 13.16029918 13.21444957 13.18020483 13.43124423 13.34348858 13.19502746
 13.17412133 13.16562682 13.17091212 13.43336334 13.15940711 13.28783123
 13.39188498 13.23433704 13.25307115 13.26070234 13.20063823 13.36544123
 13.20896166 13.15672382 13.38758448 13.3934384  13.18651763 13.4182899
 13.37402367 13.24377881 13.35753722 13.37118062 13.27121705 13.16974123
 13.43053534 13.38640434 13.3443518  13.17208089 13.34949891 13.41461743
 13.16029918 13.3020807  13.15910951 13.33740324 13.32500349 13.31183218
 13.39421307 13.2525588  13.37925706 13.39266238 13.38719146 13.49850347
 13.17905045 13.41313929 13.24689273 13.18765883 13.17731497 13.16503694
 13.27220826 13.25409453 13.58029791 13.2279583  13.17615545 13.25204598
 13.31412732 13.17091212 13.39729796 13.15072241 13.17905045 13.2332786
 13.26723452 13.32991159 13.18250756 13.45059055 13.4086733  13.24377881
 13.28299655 13.17847245 13.36046476 13.28879304 13.39959732 13.28590249
 13.43124423 13.31412732 13.35669743 13.20841022 13.2166311  13.16267223
 13.28202448 13.42840116 13.26573373 13.49673217 13.42265406 13.37523672
 13.40150413 13.33124184 13.37036504 13.46252929 13.25050476 13.39959732
 13.407174   13.42337696 13.16621614 13.23221834 13.28590249 13.37361862
 13.16148677 13.19727777 13.16029918 13.20619949 13.17208089 13.16207978
 13.39652881 13.25511606 13.27615563 13.29262323 13.31321047 13.19727777
 13.20398091] 187
bidsort lists= 187 187
 187
SNAP 37
EPS 0.15085458205129454
galrad= 0.01
!!! agesel
Found 595 stars.
Rotated pos.
Rotated vel.
Calculating circularities
dty= [13.10301116 13.13425084 13.14436357 13.38324188 13.10075007 13.09880636
 13.13548445 13.13053669 13.12085005 13.10349476 13.13763815 13.14588295
 13.14436357 13.11895977 13.14648973 13.12116456 13.10815313 13.13224144
 13.14860936 13.12367596 13.14679292 13.11246351 13.12383265 13.11230432
 13.1351763  13.10959277 13.11246351 13.12539741 13.10719177 13.11848647
 13.14830696 13.14436357 13.11373573 13.16827471 13.09831964 13.15372975
 13.13301497 13.14253581 13.10204297 13.1202205  13.14527559 13.10671067
 13.13625441 13.1579177  13.1246155  13.09783262 13.15672382 13.11373573
 13.13471368 13.11500566 13.15732105 13.33477201 13.11927522 13.12602238
 13.0968575  13.10799303 13.12742647 13.11230432 13.13270566 13.15372975
 13.13394204 13.14648973 13.0971827  13.10558671 13.12804958 13.10991234
 13.11738075 13.22205127 13.11023173 13.13084691 13.19502746 13.1371772
 13.11769683 13.09653226 13.13301497 13.13901912 13.12773808 13.2868677
 13.10815313 13.10333357 13.32049988 13.12711468 13.09913067 13.11134847
 13.42697202 13.11927522 13.1373309  13.18480208 13.19952004 13.10879338
 13.14588295 13.17673549 13.15732105 13.11182655 13.10719177 13.11516425
 13.12304897 13.13671595 13.11611501 13.15522845 13.09653226 13.10526524
 13.11548133 13.413879   13.10815313 13.15970459 13.25204598 13.10959277
 13.11230432 13.32946736 13.11643168 13.11309988 13.0971827  13.11389454
 13.10767264 13.14314561 13.16385562 13.27909783 13.10139678 13.12242139
 13.27811886 13.12742647 13.26120751 13.35963014 13.11214512 13.09604396
 13.12304897 13.37523672 13.16267223 13.13533041 13.13686976 13.14436357
 13.11071052 13.14436357 13.1252411  13.11023173 13.1180128  13.11421221
 13.21116264 13.0971827  13.11389454 13.11389454 13.11166725 13.09620676
 13.11262262 13.12398932 13.11484706 13.10333357 13.11071052 13.13610049
 13.15132494 13.15851386 13.16739327 13.15672382 13.18078128 13.12586619
 13.1221074  13.1388658  13.17615545 13.10975256 13.37523672 13.11484706
 13.11134847 13.29737289 13.11198584 13.11166725 13.10687107 13.3338918
 13.10847332 13.1665106  13.43756786 13.14648973 13.10655019 13.4182899
 13.14131467 13.1579177  13.1255537  13.11706455 13.16207978 13.15402977
 13.13610049 13.30767517 13.12492839 13.11959042 13.36872964 13.35205193
 13.10655019 13.18936683 13.24481859 13.28783123 13.20286866 13.46383241
 13.16089326 13.17441235 13.21934721 13.11294087 13.10155838 13.11389454
 13.55023017 13.11421221 13.11484706 13.17441235 13.2632236  13.25511606
 13.11230432 13.22366805 13.1202205  13.10462194 13.15970459 13.11706455
 13.2591842  13.19727777 13.10301116 13.26272027 13.10622919 13.16207978
 13.35374646 13.27220826 13.23221834 13.28105067 13.24689273 13.21499567
 13.24585656 13.28105067 13.18250756 13.24064824 13.17789402 13.28975313
 13.31686813 13.24689273 13.09945486 13.11357683 13.2692293  13.38797721
 13.12430244 13.40942091 13.37845586 13.40264413 13.12116456 13.34348858
 13.11611501 13.10558671 13.39729796 13.12742647 13.10719177 13.10462194
 13.10655019 13.11294087 13.10333357 13.10911327 13.12430244 13.17208089
 13.26120751 13.1579177  13.42697202 13.13115709 13.12867218 13.12991576
 13.14830696 13.31137191 13.23855194 13.39110622 13.17905045 13.4840654
 13.45527881 13.46642483 13.28493556] 267
glb= [13.10301116 13.13425084 13.14436357 13.38324188 13.10075007 13.09880636
 13.13548445 13.13053669 13.12085005 13.10349476 13.13763815 13.14588295
 13.14436357 13.11895977 13.14648973 13.12116456 13.10815313 13.13224144
 13.14860936 13.12367596 13.14679292 13.11246351 13.12383265 13.11230432
 13.1351763  13.10959277 13.11246351 13.12539741 13.10719177 13.11848647
 13.14830696 13.14436357 13.11373573 13.16827471 13.09831964 13.15372975
 13.13301497 13.14253581 13.10204297 13.1202205  13.14527559 13.10671067
 13.13625441 13.1579177  13.1246155  13.09783262 13.15672382 13.11373573
 13.13471368 13.11500566 13.15732105 13.33477201 13.11927522 13.12602238
 13.0968575  13.10799303 13.12742647 13.11230432 13.13270566 13.15372975
 13.13394204 13.14648973 13.0971827  13.10558671 13.12804958 13.10991234
 13.11738075 13.22205127 13.11023173 13.13084691 13.19502746 13.1371772
 13.11769683 13.09653226 13.13301497 13.13901912 13.12773808 13.2868677
 13.10815313 13.10333357 13.32049988 13.12711468 13.09913067 13.11134847
 13.42697202 13.11927522 13.1373309  13.18480208 13.19952004 13.10879338
 13.14588295 13.17673549 13.15732105 13.11182655 13.10719177 13.11516425
 13.12304897 13.13671595 13.11611501 13.15522845 13.09653226 13.10526524
 13.11548133 13.413879   13.10815313 13.15970459 13.25204598 13.10959277
 13.11230432 13.32946736 13.11643168 13.11309988 13.0971827  13.11389454
 13.10767264 13.14314561 13.16385562 13.27909783 13.10139678 13.12242139
 13.27811886 13.12742647 13.26120751 13.35963014 13.11214512 13.09604396
 13.12304897 13.37523672 13.16267223 13.13533041 13.13686976 13.14436357
 13.11071052 13.14436357 13.1252411  13.11023173 13.1180128  13.11421221
 13.21116264 13.0971827  13.11389454 13.11389454 13.11166725 13.09620676
 13.11262262 13.12398932 13.11484706 13.10333357 13.11071052 13.13610049
 13.15132494 13.15851386 13.16739327 13.15672382 13.18078128 13.12586619
 13.1221074  13.1388658  13.17615545 13.10975256 13.37523672 13.11484706
 13.11134847 13.29737289 13.11198584 13.11166725 13.10687107 13.3338918
 13.10847332 13.1665106  13.43756786 13.14648973 13.10655019 13.4182899
 13.14131467 13.1579177  13.1255537  13.11706455 13.16207978 13.15402977
 13.13610049 13.30767517 13.12492839 13.11959042 13.36872964 13.35205193
 13.10655019 13.18936683 13.24481859 13.28783123 13.20286866 13.46383241
 13.16089326 13.17441235 13.21934721 13.11294087 13.10155838 13.11389454
 13.55023017 13.11421221 13.11484706 13.17441235 13.2632236  13.25511606
 13.11230432 13.22366805 13.1202205  13.10462194 13.15970459 13.11706455
 13.2591842  13.19727777 13.10301116 13.26272027 13.10622919 13.16207978
 13.35374646 13.27220826 13.23221834 13.28105067 13.24689273 13.21499567
 13.24585656 13.28105067 13.18250756 13.24064824 13.17789402 13.28975313
 13.31686813 13.24689273 13.09945486 13.11357683 13.2692293  13.38797721
 13.12430244 13.40942091 13.37845586 13.40264413 13.12116456 13.34348858
 13.11611501 13.10558671 13.39729796 13.12742647 13.10719177 13.10462194
 13.10655019 13.11294087 13.10333357 13.10911327 13.12430244 13.17208089
 13.26120751 13.1579177  13.42697202 13.13115709 13.12867218 13.12991576
 13.14830696 13.31137191 13.23855194 13.39110622 13.17905045 13.4840654
 13.45527881 13.46642483 13.28493556] 267
bidsort lists= 267 267
 267
SNAP 38
EPS 0.14108671530261935
galrad= 0.01
!!! agesel
Found 805 stars.
Rotated pos.
Rotated vel.
Calculating circularities
dty= [13.05161297 13.09653226 13.09620676 13.08538564 13.10349476 13.07272765
 13.06309357 13.13702348 13.07574484 13.11769683 13.11848647 13.05230312
 13.05402602 13.10959277 13.08240688 13.12085005 13.10991234 13.11341786
 13.13763815 13.13425084 13.33477201 13.07875009 13.09425104 13.11246351
 13.1351763  13.07507544 13.12383265 13.0491925  13.12304897 13.07875009
 13.05195814 13.08207518 13.14679292 13.0968575  13.05831636 13.0453737
 13.08174338 13.06801031 13.0659796  13.15372975 13.38324188 13.18365583
 13.09880636 13.11230432 13.06019668 13.11373573 13.10719177 13.08290419
 13.09310776 13.13053669 13.41461743 13.06326367 13.06496224 13.11182655
 13.08340112 13.07104624 13.0857159  13.06885487 13.07070955 13.14527559
 13.49850347 13.05126762 13.27121705 13.37523672 13.14436357 13.05505783
 13.12539741 13.09783262 13.11548133 13.05057648 13.04275926 13.07104624
 13.06767222 13.10075007 13.10735214 13.08174338 13.0971827  13.10879338
 13.18480208 13.05161297 13.07875009 13.13022628 13.25969068 13.12539741
 13.12320577 13.05540153 13.07239168 13.08802344 13.11895977 13.12742647
 13.27811886 13.11023173 13.0588296  13.07138281 13.1202205  13.04572157
 13.11927522 13.06087924 13.32230612 13.12116456 13.1579177  13.12773808
 13.14436357 13.09474047 13.06394355 13.12602238 13.15372975 13.12804958
 13.12991576 13.07607936 13.11738075 13.11134847 13.07070955 13.09130767
 13.11278178 13.13084691 13.14588295 13.08505527 13.11071052 13.14436357
 13.15940711 13.11484706 13.32049988 13.08323549 13.10301116 13.11023173
 13.04467739 13.15732105 13.09245369 13.04467739 13.0636037  13.08637593
 13.11927522 13.09343458 13.10139678 13.15732105 13.11611501 13.11516425
 13.04641702 13.11309988 13.08703537 13.0636037  13.10301116 13.12711468
 13.15522845 13.06122031 13.13594657 13.12304897 13.0588296  13.06936114
 13.13378762 13.19502746 13.13548445 13.2868677  13.12367596 13.09425104
 13.06530155 13.12085005 13.14648973 13.13022628 13.11246351 13.05763155
 13.0949035  13.10799303 13.07908322 13.07875009 13.11389454 13.22205127
 13.09474047 13.14436357 13.06564066 13.1246155  13.12960507 13.04153619
 13.07339923 13.10333357 13.13301497 13.14070327 13.1263346  13.09147149
 13.26120751 13.04849952 13.14648973 13.08273845 13.10687107 13.05402602
 13.04572157 13.15851386 13.1373309  13.05831636 13.13471368 13.13270566
 13.09880636 13.19952004 13.12289216 13.07908322 13.10719177 13.11500566
 13.08273845 13.1255537  13.15522845 13.06834821 13.0590007  13.21116264
 13.08654086 13.07507544 13.06969844 13.15672382 13.06462282 13.08999572
 13.10671067 13.10815313 13.14860936 13.14314561 13.09474047 13.05299279
 13.10526524 13.09831964 13.14466767 13.16621614 13.04641702 13.18708848
 13.09653226 13.17673549 13.10462194 13.08802344 13.08373228 13.1222644
 13.14588295 13.06969844 13.08472471 13.07908322 13.11389454 13.13301497
 13.11134847 13.12414592 13.10815313 13.4182899  13.09425104 13.1180128
 13.06801031 13.05437014 13.10558671 13.13901912 13.13224144 13.07070955
 13.07239168 13.13177692 13.06036741 13.11262262 13.06767222 13.08703537
 13.06156132 13.09065199 13.07708202 13.05985519 13.0747405  13.08868144
 13.15132494 13.14648973 13.06394355 13.32946736 13.08538564 13.14830696
 13.16739327 13.08472471 13.05109485 13.07841678 13.14436357 13.10204297
 13.09261729 13.16385562 13.19952004 13.12836097 13.11166725 13.05471408
 13.12586619 13.16148677 13.1371772  13.0502307  13.11294087 13.14253581
 13.1665106  13.15612603 13.10301116 13.08604598 13.06087924 13.09977887
 13.07037268 13.09425104 13.08141132 13.06122031 13.08306984 13.11421221
 13.05471408 13.07708202 13.12680277 13.13625441 13.08107921 13.10767264
 13.06292352 13.09457736 13.14830696 13.10783284 13.09604396 13.08074691
 13.16119007 13.06087924 13.07239168 13.06087924 13.11198584 13.35963014
 13.1202205  13.0571175  13.04728545 13.06428328 13.13686976 13.11643168
 13.0971827  13.06428328 13.11484706 13.24481859 13.15672382 13.12649069
 13.14770177 13.1261785  13.14466767 13.06292352 13.16029918 13.17905045
 13.10975256 13.11214512 13.04432896 13.20951269 13.0453737  13.0971827
 13.11389454 13.12116456 13.23539353 13.09196274 13.05402602 13.15612603
 13.0571175  13.15132494 13.06019668 13.10847332 13.05195814 13.10703146
 13.17383027 13.08901027 13.17208089 13.08835257 13.05505783 13.12304897
 13.13208664 13.24064824 13.09130767 13.08966737 13.16267223 13.12649069
 13.09130767 13.20175441 13.06936114 13.0949035  13.17441235 13.07708202
 13.16029918 13.17441235 13.07741593 13.12960507 13.18936683 13.06868599
 13.05797405 13.16207978 13.08703537 13.0971827  13.1555278  13.13917243
 13.39266238 13.21934721 13.05161297 13.17847245 13.11706455 13.37523672
 13.06564066 13.07875009 13.07104624 13.04780592 13.05985519 13.12960507
 13.07239168 13.09457736 13.14951576 13.06564066 13.07641369 13.11389454
 13.07205553 13.08703537 13.07641369 13.24377881 13.43124423 13.23960106
 13.06902366 13.18936683 13.11389454 13.0571175  13.37523672 13.23750102
 13.33124184 13.30301723 13.25307115 13.29737289 13.07239168 13.11166725
 13.13855914 13.32768657 13.22366805 13.17208089 13.0916353  13.21171168
 13.11102959 13.04711185 13.04223534 13.1313121  13.11166725 13.15732105
 13.10462194 13.55023017 13.37036504 13.34175763 13.07272765 13.08074691
 13.2632236  13.28783123 13.05574505 13.05814521 13.13115709 13.16856828
 13.10155838 13.05814521 13.19276924 13.21608644 13.24689273 13.20619949
 13.38719146 13.0567746  13.16444656 13.40264413 13.26221647 13.29642636
 13.40036104 13.2166311  13.24585656 13.04988487 13.44652547 13.42337696
 13.18708848 13.14192549 13.13409644 13.13748453 13.3587941  13.16798102
 13.3934384  13.42553782 13.36544123 13.42840116 13.42625558 13.33212675
 13.05608837 13.25409453 13.31412732 13.46252929 13.38758448 13.26723452
 13.28299655 13.0916353  13.21171168 13.37118062 13.21390292 13.0730635
 13.34949891 13.07171926 13.22688859 13.40942091 13.22259069 13.13855914
 13.06496224 13.06564066 13.19839991 13.06767222 13.24169361 13.05057648] 492
glb= [13.05161297 13.09653226 13.09620676 13.08538564 13.10349476 13.07272765
 13.06309357 13.13702348 13.07574484 13.11769683 13.11848647 13.05230312
 13.05402602 13.10959277 13.08240688 13.12085005 13.10991234 13.11341786
 13.13763815 13.13425084 13.33477201 13.07875009 13.09425104 13.11246351
 13.1351763  13.07507544 13.12383265 13.0491925  13.12304897 13.07875009
 13.05195814 13.08207518 13.14679292 13.0968575  13.05831636 13.0453737
 13.08174338 13.06801031 13.0659796  13.15372975 13.38324188 13.18365583
 13.09880636 13.11230432 13.06019668 13.11373573 13.10719177 13.08290419
 13.09310776 13.13053669 13.41461743 13.06326367 13.06496224 13.11182655
 13.08340112 13.07104624 13.0857159  13.06885487 13.07070955 13.14527559
 13.49850347 13.05126762 13.27121705 13.37523672 13.14436357 13.05505783
 13.12539741 13.09783262 13.11548133 13.05057648 13.04275926 13.07104624
 13.06767222 13.10075007 13.10735214 13.08174338 13.0971827  13.10879338
 13.18480208 13.05161297 13.07875009 13.13022628 13.25969068 13.12539741
 13.12320577 13.05540153 13.07239168 13.08802344 13.11895977 13.12742647
 13.27811886 13.11023173 13.0588296  13.07138281 13.1202205  13.04572157
 13.11927522 13.06087924 13.32230612 13.12116456 13.1579177  13.12773808
 13.14436357 13.09474047 13.06394355 13.12602238 13.15372975 13.12804958
 13.12991576 13.07607936 13.11738075 13.11134847 13.07070955 13.09130767
 13.11278178 13.13084691 13.14588295 13.08505527 13.11071052 13.14436357
 13.15940711 13.11484706 13.32049988 13.08323549 13.10301116 13.11023173
 13.04467739 13.15732105 13.09245369 13.04467739 13.0636037  13.08637593
 13.11927522 13.09343458 13.10139678 13.15732105 13.11611501 13.11516425
 13.04641702 13.11309988 13.08703537 13.0636037  13.10301116 13.12711468
 13.15522845 13.06122031 13.13594657 13.12304897 13.0588296  13.06936114
 13.13378762 13.19502746 13.13548445 13.2868677  13.12367596 13.09425104
 13.06530155 13.12085005 13.14648973 13.13022628 13.11246351 13.05763155
 13.0949035  13.10799303 13.07908322 13.07875009 13.11389454 13.22205127
 13.09474047 13.14436357 13.06564066 13.1246155  13.12960507 13.04153619
 13.07339923 13.10333357 13.13301497 13.14070327 13.1263346  13.09147149
 13.26120751 13.04849952 13.14648973 13.08273845 13.10687107 13.05402602
 13.04572157 13.15851386 13.1373309  13.05831636 13.13471368 13.13270566
 13.09880636 13.19952004 13.12289216 13.07908322 13.10719177 13.11500566
 13.08273845 13.1255537  13.15522845 13.06834821 13.0590007  13.21116264
 13.08654086 13.07507544 13.06969844 13.15672382 13.06462282 13.08999572
 13.10671067 13.10815313 13.14860936 13.14314561 13.09474047 13.05299279
 13.10526524 13.09831964 13.14466767 13.16621614 13.04641702 13.18708848
 13.09653226 13.17673549 13.10462194 13.08802344 13.08373228 13.1222644
 13.14588295 13.06969844 13.08472471 13.07908322 13.11389454 13.13301497
 13.11134847 13.12414592 13.10815313 13.4182899  13.09425104 13.1180128
 13.06801031 13.05437014 13.10558671 13.13901912 13.13224144 13.07070955
 13.07239168 13.13177692 13.06036741 13.11262262 13.06767222 13.08703537
 13.06156132 13.09065199 13.07708202 13.05985519 13.0747405  13.08868144
 13.15132494 13.14648973 13.06394355 13.32946736 13.08538564 13.14830696
 13.16739327 13.08472471 13.05109485 13.07841678 13.14436357 13.10204297
 13.09261729 13.16385562 13.19952004 13.12836097 13.11166725 13.05471408
 13.12586619 13.16148677 13.1371772  13.0502307  13.11294087 13.14253581
 13.1665106  13.15612603 13.10301116 13.08604598 13.06087924 13.09977887
 13.07037268 13.09425104 13.08141132 13.06122031 13.08306984 13.11421221
 13.05471408 13.07708202 13.12680277 13.13625441 13.08107921 13.10767264
 13.06292352 13.09457736 13.14830696 13.10783284 13.09604396 13.08074691
 13.16119007 13.06087924 13.07239168 13.06087924 13.11198584 13.35963014
 13.1202205  13.0571175  13.04728545 13.06428328 13.13686976 13.11643168
 13.0971827  13.06428328 13.11484706 13.24481859 13.15672382 13.12649069
 13.14770177 13.1261785  13.14466767 13.06292352 13.16029918 13.17905045
 13.10975256 13.11214512 13.04432896 13.20951269 13.0453737  13.0971827
 13.11389454 13.12116456 13.23539353 13.09196274 13.05402602 13.15612603
 13.0571175  13.15132494 13.06019668 13.10847332 13.05195814 13.10703146
 13.17383027 13.08901027 13.17208089 13.08835257 13.05505783 13.12304897
 13.13208664 13.24064824 13.09130767 13.08966737 13.16267223 13.12649069
 13.09130767 13.20175441 13.06936114 13.0949035  13.17441235 13.07708202
 13.16029918 13.17441235 13.07741593 13.12960507 13.18936683 13.06868599
 13.05797405 13.16207978 13.08703537 13.0971827  13.1555278  13.13917243
 13.39266238 13.21934721 13.05161297 13.17847245 13.11706455 13.37523672
 13.06564066 13.07875009 13.07104624 13.04780592 13.05985519 13.12960507
 13.07239168 13.09457736 13.14951576 13.06564066 13.07641369 13.11389454
 13.07205553 13.08703537 13.07641369 13.24377881 13.43124423 13.23960106
 13.06902366 13.18936683 13.11389454 13.0571175  13.37523672 13.23750102
 13.33124184 13.30301723 13.25307115 13.29737289 13.07239168 13.11166725
 13.13855914 13.32768657 13.22366805 13.17208089 13.0916353  13.21171168
 13.11102959 13.04711185 13.04223534 13.1313121  13.11166725 13.15732105
 13.10462194 13.55023017 13.37036504 13.34175763 13.07272765 13.08074691
 13.2632236  13.28783123 13.05574505 13.05814521 13.13115709 13.16856828
 13.10155838 13.05814521 13.19276924 13.21608644 13.24689273 13.20619949
 13.38719146 13.0567746  13.16444656 13.40264413 13.26221647 13.29642636
 13.40036104 13.2166311  13.24585656 13.04988487 13.44652547 13.42337696
 13.18708848 13.14192549 13.13409644 13.13748453 13.3587941  13.16798102
 13.3934384  13.42553782 13.36544123 13.42840116 13.42625558 13.33212675
 13.05608837 13.25409453 13.31412732 13.46252929 13.38758448 13.26723452
 13.28299655 13.0916353  13.21171168 13.37118062 13.21390292 13.0730635
 13.34949891 13.07171926 13.22688859 13.40942091 13.22259069 13.13855914
 13.06496224 13.06564066 13.19839991 13.06767222 13.24169361 13.05057648] 492
bidsort lists= 492 492
 492
SNAP 39
EPS 0.12483593906229412
galrad= 0.01
!!! agesel
Found 794 stars.
Rotated pos.
Rotated vel.
Calculating circularities
dty= [13.0971827  13.11182655 13.07104624 13.06087924 13.05109485 13.02134973
 13.41461743 13.12773808 13.36461548 13.07104624 13.14648973 13.11198584
 13.44924036 13.00321855 13.01051914 13.10767264 13.06767222 13.07070955
 13.01015571 13.38324188 13.24689273 13.49850347 13.35963014 13.16739327
 13.02706761 13.00101577 13.28056312 13.31183218 13.16974123 13.0636037
 13.18365583 13.32230612 13.00046418 13.05505783 13.08240688 13.06122031
 12.99696208 13.10301116 13.2327487  13.21171168 13.17673549 13.13022628
 13.13425084 13.26573373 13.1202205  13.03768006 13.07875009 12.99214605
 13.2279583  13.1246155  13.00138334 13.05831636 13.12960507 13.09474047
 13.47911441 13.34348858 12.99363089 13.0491925  13.10301116 12.9843074
 13.23539353 13.08273845 13.06019668 13.4105399  13.13548445 13.14830696
 13.42192996 13.35753722 13.36295961 13.30488539 13.37845586 13.31412732
 13.407174   13.32500349 13.24064824 13.17615545 13.49136137 13.3443518
 13.04153619 13.10879338 12.98393226 12.98505708 13.14314561 13.08472471
 13.41682482 13.02742355 13.28590249 12.99214605 13.13208664 13.05763155
 13.40150413 13.05831636 13.12116456 13.13378762 13.14648973 13.1579177
 13.07272765 13.02063212 13.1313121  13.09457736 13.03292181 13.35669743
 13.43053534 13.09294433 13.06733401 13.3020807  13.0747405  13.36046476
 13.12289216 13.06936114 13.32991159 13.09604396 13.07507544 13.22043027
 13.19952004 13.02170831 13.0590007  13.05161297 13.01847553 13.13471368
 13.13115709 13.02385622 13.00138334 12.99400164 13.10735214 13.03768006
 13.04711185 12.99214605 13.35205193 12.9910307  13.05126762 13.20896166
 13.17847245 13.10799303 13.0345111  13.32946736 13.09245369 13.0345111
 13.08174338 13.14860936 13.09130767 13.25715372 13.14070327 13.10847332
 13.12304897 12.99437234 13.02278292 13.14192549 13.58029791 13.03978582
 13.09880636 13.3587941  13.31914099 13.0112457  13.09196274 13.10815313
 13.23881439 13.26070234 12.98916843 13.03274507 13.29737289 13.10526524
 13.01811563 13.40188447 12.99733151 13.21171168 13.4086733  13.18936683
 13.09294433 13.02742355 13.08290419 13.25050476 13.02955645 13.07205553
 13.4559438  13.37402367 13.12960507 13.36046476 13.01883537 13.02457094
 13.16029918 13.09913067 13.06767222 13.02421375 13.09261729 13.25969068
 13.14436357 13.08637593 13.0857159  13.42768722 13.02955645 13.12414592
 13.26673471 13.08654086 13.11166725 13.0636037  13.05195814 13.03168359
 13.06309357 13.09147149 13.27121705 13.06190201 13.01937482 13.33477201
 13.11706455 13.06036741 13.07239168 13.02314088 13.02849065 13.11294087
 13.02635501 13.02849065 13.08868144 13.13702348 13.11023173 13.08472471
 13.21116264 13.00468385 13.01160869 13.08340112 13.01088252 13.05608837
 13.11341786 13.20063823 13.01197149 13.1371772  13.00504976 13.13901912
 13.10155838 13.0571175  13.13625441 13.09880636 13.04432896 13.00797134
 13.04083655 13.12367596 13.07908322 13.10719177 13.03062067 13.10494364
 13.14588295 13.04153619 13.03838255 13.02492808 12.99954397 13.07875009
 13.02117034 13.01015571 13.17615545 13.00596389 13.07373471 13.43124423
 13.10301116 13.05797405 13.03644927 13.01955462 13.13394204 13.04467739
 13.10847332 13.07875009 13.37523672 13.33477201 13.11484706 12.98804909
 13.2525588  13.01305916 13.12539741 13.02457094 13.00101577 13.08538564
 13.07239168 13.0754102  13.03168359 13.01522998 13.22205127 13.09425104
 13.09653226 13.0345111  13.04572157 13.10558671 13.09620676 12.9843074
 13.13686976 13.04641702 13.1252411  13.06530155 13.14648973 13.00101577
 12.99880712 13.05333734 13.07239168 13.03097512 13.43336334 12.99806963
 13.03592106 13.13270566 13.06936114 12.99733151 13.05402602 13.02849065
 13.37925706 13.06087924 13.02671134 13.04728545 13.11230432 13.04467739
 13.2868677  13.05230312 13.09425104 13.05540153 13.06496224 13.06902366
 13.37361862 13.04572157 13.11134847 13.12960507 13.2332786  13.09555543
 13.01883537 13.23433704 13.03274507 13.07708202 13.2632236  13.07239168
 13.08999572 13.0453737  13.07607936 13.07574484 13.1373309  13.0857159
 13.0536817  13.07205553 13.09653226 13.10526524 13.0949035  13.07908322
 13.0804145  13.26120751 13.05471408 13.02564193 13.13224144 13.01305916
 13.00504976 13.08207518 13.16267223 13.01269679 13.24377881 13.12320577
 13.21934721 13.05161297 13.11373573 13.0571175  13.01160869 13.01739513
 13.09425104 13.00906426 13.08966737 13.0730635  13.12304897 13.12085005
 13.07875009 13.16974123 13.17441235 12.98842235 13.15672382 13.1246155
 12.99751613 13.0730635  13.55023017 13.31686813 13.25204598 13.10719177
 13.09343458 13.01595237 13.07339923 13.09783262 13.09750772 13.06969844
 13.28783123 13.0659796  13.08538564 13.1255537  13.05608837 13.0502307
 13.09130767 13.24481859 13.39266238 13.00248502 13.07908322 13.0202731
 13.09474047 13.09130767 13.05264805 13.07908322 13.05161297 13.0968575
 13.12242139 12.99696208 13.10349476 13.0453737  13.06530155 13.26272027
 13.09880636 13.11102959 13.10991234 13.12539741 12.99880712 13.04118647
 13.07507544 13.05402602 13.08273845 13.0971827  13.11389454 13.01955462
 13.10462194 13.12383265 13.11230432 13.11214512 13.00064815 13.07875009
 13.09032394 13.0502307  13.13671595 13.13301497 13.27811886 13.05057648
 13.10204297 13.1180128  13.03697695 13.11023173 13.22366805 13.00942813
 13.11166725 13.05814521 13.04275926 13.01269679 13.08505527 13.16827471
 13.00833579 13.00468385 13.06801031 12.98767577 12.98655437 13.07641369
 13.12085005 13.32230612 13.25204598 13.11548133 13.20509117 13.09474047
 13.14253581 13.04780592 13.11895977 13.08174338 13.11262262 13.04849952
 13.00395159 13.14527559 13.0588296  13.02314088 13.0588296  13.12742647
 13.413879   13.09310776 13.07003562 13.24585656 13.06292352 13.43406721
 13.15732105 13.16207978 13.13239624 12.9977006  13.04013616 13.13533041
 13.1351763  13.13656214 13.11769683 13.10075007 13.07373471 12.99511302
 13.15851386 13.06394355 13.12304897 13.06564066 13.07875009 13.0857159
 13.28105067 13.13763815 13.09425104 13.10959277 13.13301497 13.04363166
 13.05402602 13.06019668 13.14436357 13.00833579 13.13053669 13.00870005
 13.1222644  13.14770177 12.99251745 13.0636037  13.05985519 12.98618041
 13.09065199 13.14436357 12.99437234 13.08703537 13.10671067 13.09555543
 13.11246351 13.04223534 13.10655019 13.00285181 13.07138281 13.2489595
 13.0035851  13.08373228 13.1202205  13.41902049 13.19727777 12.99251745
 13.11134847 13.11246351 13.22688859 13.01305916 13.11389454 13.0971827
 13.06801031 13.14679292 13.16267223 13.31137191 13.09945486 13.10333357
 13.41091222 13.03627321 13.04780592 13.05299279 13.10815313 13.06462282
 13.09425104 13.17091212 13.41239825 13.03168359 13.09977887 13.16148677
 13.06326367 13.0916353  13.3571175  13.07708202 13.08074691 13.06885487
 13.32049988 13.4182899  12.99917572 13.11848647 13.07641369 13.08323549
 13.04641702 13.09457736 13.15672382 13.03978582 13.09196274 13.15372975
 13.38797721 13.11389454 13.08604598 13.10719177 13.37684916 13.06969844
 13.05643151 13.08901027 13.12711468 13.00687697 13.07239168 13.05985519
 13.15612603 13.00175071 13.09831964 13.05471408 13.07003562 12.99288879
 13.14891165 13.16089326 13.10687107 13.06428328 13.08802344 12.9910307
 13.02742355 13.16444656 13.18594629 13.11294087 13.07037268 13.07070955
 13.11927522 13.30581695 13.31137191 13.0076067  13.13471368 13.10847332
 13.06087924 13.04363166 13.24689273 13.19276924 13.15612603 13.12602238
 13.10301116 13.06868599 13.01305916 13.06122031 13.01703466 12.99806963
 13.15372975 13.11500566 13.05195814 13.02170831 13.33124184 13.26723452
 13.12680277 13.1579177  13.06834821 13.08802344 13.04048645 13.03908456
 13.11278178 13.11611501 13.15672382 13.11643168 13.0588296  13.16915504
 13.14466767 13.27615563 13.08835257 13.39729796 13.12804958 13.28590249
 13.10462194 13.07037268 13.11927522 13.0916353  13.32768657 13.24273711
 13.07741593 13.12649069 13.17933925 13.15522845 13.10204297 12.99251745
 13.17412133 13.0949035  13.12991576 13.05643151 13.01522998 13.15761943
 13.06292352 13.13855914 13.01305916 13.27121705 13.02777944 13.09457736
 13.06767222 13.00906426 13.12367596 13.06428328 13.15732105 13.2591842
 13.12867218 13.08901027 13.08703537 13.45793173 13.16562682 13.00906426
 13.18936683 13.08703537 13.06564066 13.01015571 13.05574505 13.11389454
 13.20951269 13.05814521 13.10139678 13.06902366 13.15672382 13.19502746
 13.37684916 13.40264413 13.07908322 13.18765883 13.05126762 13.18708848
 13.14588295 13.29452817 13.1665106  12.98842235 13.01739513 13.08802344
 13.04432896 13.07239168 13.15522845 13.16621614 13.2591842  13.13763815
 13.1910703  13.23750102 13.08306984 13.08306984 13.02206671 13.19952004
 13.00321855 13.00504976 13.0916353  13.25409453 13.36046476 13.01160869
 13.13855914 13.38005687 13.09229008 13.11484706 13.27121705 13.18594629
 13.18020483 13.19502746 13.01233424 13.10139678 13.36212949 13.17962789
 13.10333357 13.25511606 13.32857774 13.14679292 13.09032394 13.16621614
 13.17731497 13.37845586 13.17091212 13.24377881 13.01450709 13.10558671
 13.33301007 13.18594629 13.39421307 13.15940711 13.34348858 13.32410593
 13.21171168 13.24792704 13.10462194 13.20841022 13.11611501 13.31504254
 13.11357683 13.48894661 13.00797134 13.1217933  13.27121705 13.12430244
 13.11927522 13.27615563 13.46122152 13.37361862 13.0202731  13.1221074
 13.02671134 13.24689273 13.18480208 13.14345029 13.20175441 13.42409848
 13.16207978 13.54948368 13.29642636] 771
glb= [13.0971827  13.11182655 13.07104624 13.06087924 13.05109485 13.02134973
 13.41461743 13.12773808 13.36461548 13.07104624 13.14648973 13.11198584
 13.44924036 13.00321855 13.01051914 13.10767264 13.06767222 13.07070955
 13.01015571 13.38324188 13.24689273 13.49850347 13.35963014 13.16739327
 13.02706761 13.00101577 13.28056312 13.31183218 13.16974123 13.0636037
 13.18365583 13.32230612 13.00046418 13.05505783 13.08240688 13.06122031
 12.99696208 13.10301116 13.2327487  13.21171168 13.17673549 13.13022628
 13.13425084 13.26573373 13.1202205  13.03768006 13.07875009 12.99214605
 13.2279583  13.1246155  13.00138334 13.05831636 13.12960507 13.09474047
 13.47911441 13.34348858 12.99363089 13.0491925  13.10301116 12.9843074
 13.23539353 13.08273845 13.06019668 13.4105399  13.13548445 13.14830696
 13.42192996 13.35753722 13.36295961 13.30488539 13.37845586 13.31412732
 13.407174   13.32500349 13.24064824 13.17615545 13.49136137 13.3443518
 13.04153619 13.10879338 12.98393226 12.98505708 13.14314561 13.08472471
 13.41682482 13.02742355 13.28590249 12.99214605 13.13208664 13.05763155
 13.40150413 13.05831636 13.12116456 13.13378762 13.14648973 13.1579177
 13.07272765 13.02063212 13.1313121  13.09457736 13.03292181 13.35669743
 13.43053534 13.09294433 13.06733401 13.3020807  13.0747405  13.36046476
 13.12289216 13.06936114 13.32991159 13.09604396 13.07507544 13.22043027
 13.19952004 13.02170831 13.0590007  13.05161297 13.01847553 13.13471368
 13.13115709 13.02385622 13.00138334 12.99400164 13.10735214 13.03768006
 13.04711185 12.99214605 13.35205193 12.9910307  13.05126762 13.20896166
 13.17847245 13.10799303 13.0345111  13.32946736 13.09245369 13.0345111
 13.08174338 13.14860936 13.09130767 13.25715372 13.14070327 13.10847332
 13.12304897 12.99437234 13.02278292 13.14192549 13.58029791 13.03978582
 13.09880636 13.3587941  13.31914099 13.0112457  13.09196274 13.10815313
 13.23881439 13.26070234 12.98916843 13.03274507 13.29737289 13.10526524
 13.01811563 13.40188447 12.99733151 13.21171168 13.4086733  13.18936683
 13.09294433 13.02742355 13.08290419 13.25050476 13.02955645 13.07205553
 13.4559438  13.37402367 13.12960507 13.36046476 13.01883537 13.02457094
 13.16029918 13.09913067 13.06767222 13.02421375 13.09261729 13.25969068
 13.14436357 13.08637593 13.0857159  13.42768722 13.02955645 13.12414592
 13.26673471 13.08654086 13.11166725 13.0636037  13.05195814 13.03168359
 13.06309357 13.09147149 13.27121705 13.06190201 13.01937482 13.33477201
 13.11706455 13.06036741 13.07239168 13.02314088 13.02849065 13.11294087
 13.02635501 13.02849065 13.08868144 13.13702348 13.11023173 13.08472471
 13.21116264 13.00468385 13.01160869 13.08340112 13.01088252 13.05608837
 13.11341786 13.20063823 13.01197149 13.1371772  13.00504976 13.13901912
 13.10155838 13.0571175  13.13625441 13.09880636 13.04432896 13.00797134
 13.04083655 13.12367596 13.07908322 13.10719177 13.03062067 13.10494364
 13.14588295 13.04153619 13.03838255 13.02492808 12.99954397 13.07875009
 13.02117034 13.01015571 13.17615545 13.00596389 13.07373471 13.43124423
 13.10301116 13.05797405 13.03644927 13.01955462 13.13394204 13.04467739
 13.10847332 13.07875009 13.37523672 13.33477201 13.11484706 12.98804909
 13.2525588  13.01305916 13.12539741 13.02457094 13.00101577 13.08538564
 13.07239168 13.0754102  13.03168359 13.01522998 13.22205127 13.09425104
 13.09653226 13.0345111  13.04572157 13.10558671 13.09620676 12.9843074
 13.13686976 13.04641702 13.1252411  13.06530155 13.14648973 13.00101577
 12.99880712 13.05333734 13.07239168 13.03097512 13.43336334 12.99806963
 13.03592106 13.13270566 13.06936114 12.99733151 13.05402602 13.02849065
 13.37925706 13.06087924 13.02671134 13.04728545 13.11230432 13.04467739
 13.2868677  13.05230312 13.09425104 13.05540153 13.06496224 13.06902366
 13.37361862 13.04572157 13.11134847 13.12960507 13.2332786  13.09555543
 13.01883537 13.23433704 13.03274507 13.07708202 13.2632236  13.07239168
 13.08999572 13.0453737  13.07607936 13.07574484 13.1373309  13.0857159
 13.0536817  13.07205553 13.09653226 13.10526524 13.0949035  13.07908322
 13.0804145  13.26120751 13.05471408 13.02564193 13.13224144 13.01305916
 13.00504976 13.08207518 13.16267223 13.01269679 13.24377881 13.12320577
 13.21934721 13.05161297 13.11373573 13.0571175  13.01160869 13.01739513
 13.09425104 13.00906426 13.08966737 13.0730635  13.12304897 13.12085005
 13.07875009 13.16974123 13.17441235 12.98842235 13.15672382 13.1246155
 12.99751613 13.0730635  13.55023017 13.31686813 13.25204598 13.10719177
 13.09343458 13.01595237 13.07339923 13.09783262 13.09750772 13.06969844
 13.28783123 13.0659796  13.08538564 13.1255537  13.05608837 13.0502307
 13.09130767 13.24481859 13.39266238 13.00248502 13.07908322 13.0202731
 13.09474047 13.09130767 13.05264805 13.07908322 13.05161297 13.0968575
 13.12242139 12.99696208 13.10349476 13.0453737  13.06530155 13.26272027
 13.09880636 13.11102959 13.10991234 13.12539741 12.99880712 13.04118647
 13.07507544 13.05402602 13.08273845 13.0971827  13.11389454 13.01955462
 13.10462194 13.12383265 13.11230432 13.11214512 13.00064815 13.07875009
 13.09032394 13.0502307  13.13671595 13.13301497 13.27811886 13.05057648
 13.10204297 13.1180128  13.03697695 13.11023173 13.22366805 13.00942813
 13.11166725 13.05814521 13.04275926 13.01269679 13.08505527 13.16827471
 13.00833579 13.00468385 13.06801031 12.98767577 12.98655437 13.07641369
 13.12085005 13.32230612 13.25204598 13.11548133 13.20509117 13.09474047
 13.14253581 13.04780592 13.11895977 13.08174338 13.11262262 13.04849952
 13.00395159 13.14527559 13.0588296  13.02314088 13.0588296  13.12742647
 13.413879   13.09310776 13.07003562 13.24585656 13.06292352 13.43406721
 13.15732105 13.16207978 13.13239624 12.9977006  13.04013616 13.13533041
 13.1351763  13.13656214 13.11769683 13.10075007 13.07373471 12.99511302
 13.15851386 13.06394355 13.12304897 13.06564066 13.07875009 13.0857159
 13.28105067 13.13763815 13.09425104 13.10959277 13.13301497 13.04363166
 13.05402602 13.06019668 13.14436357 13.00833579 13.13053669 13.00870005
 13.1222644  13.14770177 12.99251745 13.0636037  13.05985519 12.98618041
 13.09065199 13.14436357 12.99437234 13.08703537 13.10671067 13.09555543
 13.11246351 13.04223534 13.10655019 13.00285181 13.07138281 13.2489595
 13.0035851  13.08373228 13.1202205  13.41902049 13.19727777 12.99251745
 13.11134847 13.11246351 13.22688859 13.01305916 13.11389454 13.0971827
 13.06801031 13.14679292 13.16267223 13.31137191 13.09945486 13.10333357
 13.41091222 13.03627321 13.04780592 13.05299279 13.10815313 13.06462282
 13.09425104 13.17091212 13.41239825 13.03168359 13.09977887 13.16148677
 13.06326367 13.0916353  13.3571175  13.07708202 13.08074691 13.06885487
 13.32049988 13.4182899  12.99917572 13.11848647 13.07641369 13.08323549
 13.04641702 13.09457736 13.15672382 13.03978582 13.09196274 13.15372975
 13.38797721 13.11389454 13.08604598 13.10719177 13.37684916 13.06969844
 13.05643151 13.08901027 13.12711468 13.00687697 13.07239168 13.05985519
 13.15612603 13.00175071 13.09831964 13.05471408 13.07003562 12.99288879
 13.14891165 13.16089326 13.10687107 13.06428328 13.08802344 12.9910307
 13.02742355 13.16444656 13.18594629 13.11294087 13.07037268 13.07070955
 13.11927522 13.30581695 13.31137191 13.0076067  13.13471368 13.10847332
 13.06087924 13.04363166 13.24689273 13.19276924 13.15612603 13.12602238
 13.10301116 13.06868599 13.01305916 13.06122031 13.01703466 12.99806963
 13.15372975 13.11500566 13.05195814 13.02170831 13.33124184 13.26723452
 13.12680277 13.1579177  13.06834821 13.08802344 13.04048645 13.03908456
 13.11278178 13.11611501 13.15672382 13.11643168 13.0588296  13.16915504
 13.14466767 13.27615563 13.08835257 13.39729796 13.12804958 13.28590249
 13.10462194 13.07037268 13.11927522 13.0916353  13.32768657 13.24273711
 13.07741593 13.12649069 13.17933925 13.15522845 13.10204297 12.99251745
 13.17412133 13.0949035  13.12991576 13.05643151 13.01522998 13.15761943
 13.06292352 13.13855914 13.01305916 13.27121705 13.02777944 13.09457736
 13.06767222 13.00906426 13.12367596 13.06428328 13.15732105 13.2591842
 13.12867218 13.08901027 13.08703537 13.45793173 13.16562682 13.00906426
 13.18936683 13.08703537 13.06564066 13.01015571 13.05574505 13.11389454
 13.20951269 13.05814521 13.10139678 13.06902366 13.15672382 13.19502746
 13.37684916 13.40264413 13.07908322 13.18765883 13.05126762 13.18708848
 13.14588295 13.29452817 13.1665106  12.98842235 13.01739513 13.08802344
 13.04432896 13.07239168 13.15522845 13.16621614 13.2591842  13.13763815
 13.1910703  13.23750102 13.08306984 13.08306984 13.02206671 13.19952004
 13.00321855 13.00504976 13.0916353  13.25409453 13.36046476 13.01160869
 13.13855914 13.38005687 13.09229008 13.11484706 13.27121705 13.18594629
 13.18020483 13.19502746 13.01233424 13.10139678 13.36212949 13.17962789
 13.10333357 13.25511606 13.32857774 13.14679292 13.09032394 13.16621614
 13.17731497 13.37845586 13.17091212 13.24377881 13.01450709 13.10558671
 13.33301007 13.18594629 13.39421307 13.15940711 13.34348858 13.32410593
 13.21171168 13.24792704 13.10462194 13.20841022 13.11611501 13.31504254
 13.11357683 13.48894661 13.00797134 13.1217933  13.27121705 13.12430244
 13.11927522 13.27615563 13.46122152 13.37361862 13.0202731  13.1221074
 13.02671134 13.24689273 13.18480208 13.14345029 13.20175441 13.42409848
 13.16207978 13.54948368 13.29642636] 771
bidsort lists= 771 771
 771
SNAP 40
EPS 0.04094448407037199
galrad= 0.01
!!! agesel
Found 810 stars.
Rotated pos.
Rotated vel.
Calculating circularities
dty= [13.25715372 13.10847332 13.10735214 ... 13.17208089 13.18480208
 13.21608644] 1059
glb= [13.25715372 13.10847332 13.10735214 ... 13.17208089 13.18480208
 13.21608644] 1059
bidsort lists= 1059 1059
 1059
SNAP 41
EPS 0.03434875556870803
galrad= 0.01
!!! agesel
Found 885 stars.
Rotated pos.
Rotated vel.
Calculating circularities
dty= [13.13548445 13.44924036 13.0345111  ... 12.94125088 13.27319771
 13.31137191] 1177
glb= [13.13548445 13.44924036 13.0345111  ... 12.94125088 13.27319771
 13.31137191] 1177
bidsort lists= 1177 1177
 1177
SNAP 42
EPS -0.029164884494851114
galrad= 0.01
!!! agesel
Found 799 stars.
Rotated pos.
Rotated vel.
Calculating circularities
dty= [12.83776489 13.03768006 12.88998904 ... 12.82113958 13.4840654
 13.36129783] 1562
glb= [12.83776489 13.03768006 12.88998904 ... 12.82113958 13.4840654
 13.36129783] 1562
bidsort lists= 1562 1562
 1562
SNAP 43
EPS -0.048647712847583846
galrad= 0.01
!!! agesel
Found 758 stars.
Rotated pos.
Rotated vel.
Calculating circularities
dty= [12.87803967 13.01287791 13.13548445 12.75372957 12.95026746 12.94361182
 12.9584204  13.28396695 13.13610049 13.21061318 12.8676465  13.32813234
 13.09327118 12.71392437 13.3587941  13.04398033 13.00468385 13.09392453
 12.98879556 13.00211789 13.24689273 12.90753165 13.17557491 12.74919131
 12.93532088 12.97790837 13.14405923 12.98130211 12.97298248 13.33827724
 12.95124206 13.04083655 13.04763249 12.99733151 13.01955462 12.9945576
 12.91161179 13.00046418 12.86743311 13.05402602 12.9009661  13.00046418
 12.86444229 13.22742368 13.2692293  13.06767222 12.9703183  13.03203761
 12.84412005 13.11484706 12.73254937 13.16798102 12.73254937 12.93571751
 13.18708848 13.22688859 12.9526046  12.97488045 12.9245476  13.06834821
 12.9009661  13.01739513 12.9498774  13.01739513 12.8597237  13.1842292
 12.97184175 13.21717529 12.86015365 13.23486552 12.91283224 13.01919502
 12.86101291 12.84193329 12.75539683 13.10204297 13.2332786  13.11611501
 13.01775541 13.02134973 13.16148677 12.88539478 13.02081154 13.09555543
 12.7568238  13.10590801 12.86187133 12.960736   12.93888357 12.86422837
 13.0636037  12.80287282 12.96764586 12.83402058 12.71688583 13.10397805
 13.02492808 12.99121662 12.88434752 12.89849189 13.03873365 12.93254012
 12.90117192 12.88560407 12.82648972 13.34045534 12.85541415 12.90957406
 12.86144222 13.44172783 12.71491233 12.97298248 13.04849952 13.07974913
 12.79396071 12.8801469  12.90691815 12.83974152 13.23380802 12.90896174
 12.90609937 13.16267223 13.02492808 13.00724186 13.32320683 13.03486388
 13.00614661 12.72082247 12.91364499 12.71934778 13.18135718 13.30674687
 12.95803382 12.93254012 13.00285181 13.02706761 13.0857159  13.15732105
 12.80173453 13.05402602 12.87168981 12.83357912 12.75158229 12.85498219
 12.91201881 12.73473448 13.05917165 13.04641702 13.12304897 12.75134336
 13.15312937 12.82337228 13.03203761 13.01269679 12.7434314  12.82247979
 12.86101291 12.92414617 13.06699562 12.80945026 12.73376382 12.90014209
 13.03345192 12.88685905 12.8860226  12.73594645 12.78589716 12.89061382
 13.05608837 13.40036104 12.72082247 12.87592767 13.14648973 13.19727777
 13.25307115 12.94792411 12.85325237 12.80718691 13.17962789 12.90773611
 13.21934721 12.85670908 13.06394355 13.60273679 13.35120242 13.20675292
 13.05109485 12.73860832 13.41091222 12.98505708 12.97866374 12.88936399
 12.82959743 12.98205436 12.81665958 12.89559714 12.7824224  12.91830461
 13.27121705 12.86956378 13.03415828 12.81373697 13.15910951 13.0659796
 12.85455001 12.76274942 12.94596667 13.00028019 12.76793719 13.01811563
 13.14770177 13.27121705 12.8597237  13.0636037  12.81215973 12.92092786
 12.98655437 12.78126143 12.72425557 12.82715642 12.96955568 13.01847553
 13.00321855 13.01197149 12.85238626 13.02242491 12.84499345 13.03768006
 12.97450111 12.94675016 12.75062647 13.01991388 13.07373471 13.06258311
 13.05746021 13.10526524 12.91364499 12.74367198 12.99288879 12.98730212
 12.90137772 13.34778928 12.84542983 12.9009661  12.89476851 12.92935168
 12.93888357 12.84324595 12.75277575 12.75990932 13.08933891 12.73157685
 12.90875765 12.91079714 12.83930268 12.96304543 12.95143686 12.94125088
 12.81755721 12.78982152 12.92534999 12.96993702 12.71737864 13.20841022
 12.79258284 12.91161179 12.87508159 12.91729366 12.82470942 12.96841033
 12.86230037 12.81170867 12.98767577 13.33565063 13.01015571 13.28299655
 12.75301427 13.32500349 12.82426392 13.33740324 12.73546187 12.92213598
 12.73036007 13.16207978 12.92695278 12.78889944 12.93254012 12.73594645
 12.73011654 12.88308925 13.24325817 12.89019741 12.85021768 12.71441839
 12.82648972 13.06292352 12.86572531 12.82225658 12.94675016 12.83820455
 13.08966737 12.94203861 12.73060343 13.02099095 12.72352082 12.93333557
 12.71787123 12.78102922 12.8704147  13.20951269 12.90507498 13.23960106
 12.92855276 12.81733275 12.72889801 12.8026452  12.8860226  12.9843074
 12.89186222 13.02063212 12.80446439 13.06224266 12.81215973 12.73254937
 12.76369455 12.89207001 13.02955645 12.98916843 12.74463394 12.8993174
 12.95065746 13.10010269 12.73933318 13.05540153 12.74703495 13.17032692
 13.17383027 12.74583512 13.09880636 13.00468385 12.83269571 12.71540604
 12.88894697 12.7770719  12.89310876 12.96266095 12.78358188 12.73643096
 12.97450111 12.86144222 12.93690604 12.9185067  13.23221834 12.99028629
 12.77169426 13.47535473 12.98054907 12.95454747 12.96227627 12.76133036
 13.02170831 13.06394355 12.99511302 13.00942813 12.97374212 13.01342132
 12.7608568  12.8197976  12.71614625 12.89061382 12.89310876 12.99177432
 12.89269345 13.44924036 13.2332786  12.75134336 12.87465824 12.96688089
 12.87381105 12.85000052 12.95609864 13.12367596 12.73497691 12.78009944
 12.75420615 13.11166725 12.85670908 12.74990912 12.76746657 13.0112457
 12.969174   12.8964251  12.85390133 12.98655437 12.81710843 12.94046249
 12.82937579 12.96534872 12.98580611 13.16621614 12.9958532  13.02170831
 12.87126493 12.93848841 12.97828608 13.00614661 12.85670908 13.12430244
 12.82381821 12.77099079 12.97866374 13.0571175  12.9526046  12.74943055
 12.77309969 12.79120316 12.81621052 12.84193329 12.94125088 13.37523672
 12.89559714 12.95996474 13.0754102  12.89972985 12.76393075 12.74029885
 12.97601715 13.09359798 13.25101897 12.91161179 12.83225376 12.8562776
 12.81351178 12.84061887 13.00321855 12.88978081 12.99511302 12.81080589
 13.21390292 13.01955462 12.75205979 12.75563486 12.93967343 12.96227627
 12.7257238  12.75372957 12.93967343 12.92775303 12.86251472 12.79762617
 13.01811563 13.19502746 12.99140254 13.02991133 12.94518238 12.95065746
 12.86015365 12.71787123 13.03662517 13.00064815 12.82648972 12.74799379
 12.98655437 12.94479    12.94596667 12.74319081 13.29071149 13.03943529
 12.74559501 13.18480208 12.73836662 12.71639279 12.84978333 13.03908456
 12.72327572 13.09425104 12.99474271 12.97412171 12.83578444 13.17789402
 12.74703495 13.0536817  12.88769481 12.73933318 12.9584204  12.74029885
 12.86657955 12.72376575 12.88978081 12.82046889 13.08240688 12.95065746
 13.06258311 12.93333557 12.84542983 12.77590506 13.04363166 12.83357912
 12.83446183 12.82760075 13.04013616 13.13610049 12.83886363 13.02385622
 12.72767826 12.72327572 12.88224951 12.85584606 13.11484706 13.02421375
 12.78936059 13.00687697 13.21608644 12.88936399 12.82359526 12.77216291
 12.75848629 12.98804909 12.90916596 12.88769481 13.02671134 12.86272906
 13.01739513 12.83930268 12.75372957 13.03838255 12.82915413 12.84934892
 12.98355707 12.87550474 12.71491233 12.86998934 12.9498774  12.84324595
 12.80628027 12.77823726 12.98355707 12.72474515 12.76887763 13.26823276
 13.06326367 12.99622307 12.79854059 12.81665958 12.94870588 12.72767826
 12.74463394 12.74703495 12.85368503 12.98804909 12.7594351  12.71491233
 12.84934892 13.03062067 12.94792411 13.10719177 12.89393904 12.99214605
 13.08306984 12.81035418 12.72180441 12.79671104 12.75515879 12.87867232
 13.04641702 13.01595237 13.07841678 12.98280611 13.02671134 12.94164478
 12.82515486 12.74415307 12.92935168 12.82381821 12.78589716 12.73933318
 12.94675016 13.02242491 12.88308925 12.76887763 12.97601715 12.93413021
 13.24689273 13.02884611 12.91729366 12.75848629 12.92374439 13.25613581
 12.87423482 13.01595237 12.97941832 13.38954446 12.83070509 12.72914178
 12.8640143  12.71491233 12.78102922 12.78172596 12.75372957 12.75515879
 12.81553651 13.02564193 12.95299355 12.96227627 12.96534872 13.06292352
 12.80696035 12.85021768 12.72278561 13.16503694 13.04153619 12.71885588
 12.88098857 12.84630211 12.7608568  13.09815734 12.86487022 12.89207001
 12.73109026 12.73885001 12.72131348 13.08637593 13.03168359 12.89103016
 12.84586615 12.73060343 13.02884611 13.24273711 12.97069939 12.75990932
 13.20951269 13.17324768 13.05264805 13.05264805 12.83357912 12.99028629
 12.86444229 12.82337228 13.20175441 12.87719538 12.83269571 13.03592106
 12.74655519 13.0730635  12.98505708 13.16856828 12.76840745 12.72180441
 12.95143686 13.0916353  12.76887763 12.76934759 12.960736   12.77263148
 12.82158658 13.00138334 13.12116456 12.78797664 12.96841033 13.0035851
 12.77916879 12.81306121 12.86700644 12.97753047 13.08901027 13.10975256
 12.86998934 12.72425557 13.03873365 12.79762617 12.76416679 12.74174568
 13.01667413 12.7828863  13.13239624 12.77028686 13.03943529 12.76227667
 13.04606939 12.73594645 12.88936399 13.08835257 12.88308925 12.71540604
 12.95065746 12.76817233 13.03662517 13.26523262 13.2332786  12.81845398
 12.97298248 13.06019668 12.81934989 12.98655437 13.37845586 12.79120316
 13.01378344 12.72425557 12.82426392 12.99511302 12.83048368 13.32500349
 12.95687331 12.94203861 12.73497691 12.73011654 12.77450328 13.06767222
 12.77916879 12.76840745 12.79533678 13.02742355 12.74751448 12.84193329
 12.74799379 12.94125088 12.79808349 13.25816991 12.83578444 12.85368503
 12.88098857 12.7838136  12.95221546 12.94596667 12.9910307  12.79671104
 13.05333734 12.85714035 12.9977006  12.81576125 12.91891069 12.84455686
 13.02884611 13.09750772 12.77403574 12.98054907 13.17557491 12.80537261
 12.72082247 12.78612842 12.84455686 12.88685905 13.17673549 12.82113958
 12.73739916 12.87168981 12.82381821 12.81576125 12.91931447 12.76393075
 12.80310028 13.11738075 12.73206322 12.73206322 12.80537261 12.71392437
 12.78474018 12.80219005 12.846738   12.72278561 12.84412005 13.11166725
 12.77216291 12.94361182 12.98730212 12.78936059 12.82737852 12.8331376
 12.78751483 12.98804909 12.81531175 12.74126363 12.77075616 13.00468385
 12.7489519  12.7999106  12.800823   12.73109026 12.79120316 13.0730635
 12.78705296 12.85800226 12.74126363 12.76322209 12.71688583 13.03168359
 13.01955462 12.97753047 12.79854059 12.90671348 12.72033108 13.10847332
 13.21280826 12.84368303 12.84978333 13.16148677 12.80378256 12.78843822
 12.81486205 12.72767826 12.80763998 13.07104624 12.83269571 12.82113958
 12.94046249 12.73011654 12.77075616 12.8026452  12.72621272 13.33827724
 12.78566589 12.82113958 12.79166322 12.83798473 12.72767826 13.38005687
 12.93690604 12.85800226 12.75420615 12.77309969 12.94282554 12.9767742
 12.91323879 12.77777132 12.94203861 12.98879556 12.99843847 12.73449188
 12.76605368 12.7369151  12.84804426 13.07708202 13.05540153 12.79396071
 13.09294433 13.11230432 12.78566589 12.83930268 13.13610049 12.77122525
 12.74126363 13.1555278  13.21826217 12.79945414 13.05471408 12.84237101
 13.07507544 12.98879556 12.8510856  12.89186222 12.81934989 12.78659087
 12.97753047 12.73546187 13.13548445 13.07037268 12.97753047 13.06224266
 12.92775303 12.84586615 12.98054907 13.03097512 12.72962927 12.9498774
 12.73157685 12.733521   12.737883   13.14100902 12.84630211 13.0491925
 12.71491233 12.85455001 13.02528503 12.82024524 13.06699562 12.7575366
 13.0502307  13.07708202 13.11102959 12.73109026 12.82069252 12.8510856
 13.50114277 12.96879226 13.12867218 13.09815734 12.88266956 12.72229512
 12.733521   12.82915413 13.05540153 12.83622483 13.06087924 13.16621614
 12.8960113  13.10397805 13.13855914 12.76652481 12.93492419 13.32634682
 12.85281935 13.14100902 12.87083999 12.8784615  12.87083999 12.74270928
 12.72327572 12.72229512 13.3186872  12.73011654 12.72425557 12.71836374
 13.0567746  12.91323879 12.74990912 12.93492419 12.72962927 12.93571751
 12.72865421 13.08637593 12.74943055 12.73643096 13.10462194 12.90671348
 12.74415307 12.91323879 12.92775303 12.73449188 12.9245476  13.05057648
 12.91486281 12.7267014  12.96227627 12.74078135 12.91971805 13.11357683
 12.73449188 13.08505527 12.89518293 12.7651106  12.75848629 13.17091212
 12.77730501 12.74990912 12.72278561 12.77543802 12.733521   12.74990912
 12.74799379 12.75372957 12.77263148 12.97450111 12.75848629 13.23433704
 13.1579177  13.09815734 12.78009944 13.26723452 12.7575366  12.77823726
 12.76322209 13.0202731  12.79579503 12.93254012] 964
glb= [12.87803967 13.01287791 13.13548445 12.75372957 12.95026746 12.94361182
 12.9584204  13.28396695 13.13610049 13.21061318 12.8676465  13.32813234
 13.09327118 12.71392437 13.3587941  13.04398033 13.00468385 13.09392453
 12.98879556 13.00211789 13.24689273 12.90753165 13.17557491 12.74919131
 12.93532088 12.97790837 13.14405923 12.98130211 12.97298248 13.33827724
 12.95124206 13.04083655 13.04763249 12.99733151 13.01955462 12.9945576
 12.91161179 13.00046418 12.86743311 13.05402602 12.9009661  13.00046418
 12.86444229 13.22742368 13.2692293  13.06767222 12.9703183  13.03203761
 12.84412005 13.11484706 12.73254937 13.16798102 12.73254937 12.93571751
 13.18708848 13.22688859 12.9526046  12.97488045 12.9245476  13.06834821
 12.9009661  13.01739513 12.9498774  13.01739513 12.8597237  13.1842292
 12.97184175 13.21717529 12.86015365 13.23486552 12.91283224 13.01919502
 12.86101291 12.84193329 12.75539683 13.10204297 13.2332786  13.11611501
 13.01775541 13.02134973 13.16148677 12.88539478 13.02081154 13.09555543
 12.7568238  13.10590801 12.86187133 12.960736   12.93888357 12.86422837
 13.0636037  12.80287282 12.96764586 12.83402058 12.71688583 13.10397805
 13.02492808 12.99121662 12.88434752 12.89849189 13.03873365 12.93254012
 12.90117192 12.88560407 12.82648972 13.34045534 12.85541415 12.90957406
 12.86144222 13.44172783 12.71491233 12.97298248 13.04849952 13.07974913
 12.79396071 12.8801469  12.90691815 12.83974152 13.23380802 12.90896174
 12.90609937 13.16267223 13.02492808 13.00724186 13.32320683 13.03486388
 13.00614661 12.72082247 12.91364499 12.71934778 13.18135718 13.30674687
 12.95803382 12.93254012 13.00285181 13.02706761 13.0857159  13.15732105
 12.80173453 13.05402602 12.87168981 12.83357912 12.75158229 12.85498219
 12.91201881 12.73473448 13.05917165 13.04641702 13.12304897 12.75134336
 13.15312937 12.82337228 13.03203761 13.01269679 12.7434314  12.82247979
 12.86101291 12.92414617 13.06699562 12.80945026 12.73376382 12.90014209
 13.03345192 12.88685905 12.8860226  12.73594645 12.78589716 12.89061382
 13.05608837 13.40036104 12.72082247 12.87592767 13.14648973 13.19727777
 13.25307115 12.94792411 12.85325237 12.80718691 13.17962789 12.90773611
 13.21934721 12.85670908 13.06394355 13.60273679 13.35120242 13.20675292
 13.05109485 12.73860832 13.41091222 12.98505708 12.97866374 12.88936399
 12.82959743 12.98205436 12.81665958 12.89559714 12.7824224  12.91830461
 13.27121705 12.86956378 13.03415828 12.81373697 13.15910951 13.0659796
 12.85455001 12.76274942 12.94596667 13.00028019 12.76793719 13.01811563
 13.14770177 13.27121705 12.8597237  13.0636037  12.81215973 12.92092786
 12.98655437 12.78126143 12.72425557 12.82715642 12.96955568 13.01847553
 13.00321855 13.01197149 12.85238626 13.02242491 12.84499345 13.03768006
 12.97450111 12.94675016 12.75062647 13.01991388 13.07373471 13.06258311
 13.05746021 13.10526524 12.91364499 12.74367198 12.99288879 12.98730212
 12.90137772 13.34778928 12.84542983 12.9009661  12.89476851 12.92935168
 12.93888357 12.84324595 12.75277575 12.75990932 13.08933891 12.73157685
 12.90875765 12.91079714 12.83930268 12.96304543 12.95143686 12.94125088
 12.81755721 12.78982152 12.92534999 12.96993702 12.71737864 13.20841022
 12.79258284 12.91161179 12.87508159 12.91729366 12.82470942 12.96841033
 12.86230037 12.81170867 12.98767577 13.33565063 13.01015571 13.28299655
 12.75301427 13.32500349 12.82426392 13.33740324 12.73546187 12.92213598
 12.73036007 13.16207978 12.92695278 12.78889944 12.93254012 12.73594645
 12.73011654 12.88308925 13.24325817 12.89019741 12.85021768 12.71441839
 12.82648972 13.06292352 12.86572531 12.82225658 12.94675016 12.83820455
 13.08966737 12.94203861 12.73060343 13.02099095 12.72352082 12.93333557
 12.71787123 12.78102922 12.8704147  13.20951269 12.90507498 13.23960106
 12.92855276 12.81733275 12.72889801 12.8026452  12.8860226  12.9843074
 12.89186222 13.02063212 12.80446439 13.06224266 12.81215973 12.73254937
 12.76369455 12.89207001 13.02955645 12.98916843 12.74463394 12.8993174
 12.95065746 13.10010269 12.73933318 13.05540153 12.74703495 13.17032692
 13.17383027 12.74583512 13.09880636 13.00468385 12.83269571 12.71540604
 12.88894697 12.7770719  12.89310876 12.96266095 12.78358188 12.73643096
 12.97450111 12.86144222 12.93690604 12.9185067  13.23221834 12.99028629
 12.77169426 13.47535473 12.98054907 12.95454747 12.96227627 12.76133036
 13.02170831 13.06394355 12.99511302 13.00942813 12.97374212 13.01342132
 12.7608568  12.8197976  12.71614625 12.89061382 12.89310876 12.99177432
 12.89269345 13.44924036 13.2332786  12.75134336 12.87465824 12.96688089
 12.87381105 12.85000052 12.95609864 13.12367596 12.73497691 12.78009944
 12.75420615 13.11166725 12.85670908 12.74990912 12.76746657 13.0112457
 12.969174   12.8964251  12.85390133 12.98655437 12.81710843 12.94046249
 12.82937579 12.96534872 12.98580611 13.16621614 12.9958532  13.02170831
 12.87126493 12.93848841 12.97828608 13.00614661 12.85670908 13.12430244
 12.82381821 12.77099079 12.97866374 13.0571175  12.9526046  12.74943055
 12.77309969 12.79120316 12.81621052 12.84193329 12.94125088 13.37523672
 12.89559714 12.95996474 13.0754102  12.89972985 12.76393075 12.74029885
 12.97601715 13.09359798 13.25101897 12.91161179 12.83225376 12.8562776
 12.81351178 12.84061887 13.00321855 12.88978081 12.99511302 12.81080589
 13.21390292 13.01955462 12.75205979 12.75563486 12.93967343 12.96227627
 12.7257238  12.75372957 12.93967343 12.92775303 12.86251472 12.79762617
 13.01811563 13.19502746 12.99140254 13.02991133 12.94518238 12.95065746
 12.86015365 12.71787123 13.03662517 13.00064815 12.82648972 12.74799379
 12.98655437 12.94479    12.94596667 12.74319081 13.29071149 13.03943529
 12.74559501 13.18480208 12.73836662 12.71639279 12.84978333 13.03908456
 12.72327572 13.09425104 12.99474271 12.97412171 12.83578444 13.17789402
 12.74703495 13.0536817  12.88769481 12.73933318 12.9584204  12.74029885
 12.86657955 12.72376575 12.88978081 12.82046889 13.08240688 12.95065746
 13.06258311 12.93333557 12.84542983 12.77590506 13.04363166 12.83357912
 12.83446183 12.82760075 13.04013616 13.13610049 12.83886363 13.02385622
 12.72767826 12.72327572 12.88224951 12.85584606 13.11484706 13.02421375
 12.78936059 13.00687697 13.21608644 12.88936399 12.82359526 12.77216291
 12.75848629 12.98804909 12.90916596 12.88769481 13.02671134 12.86272906
 13.01739513 12.83930268 12.75372957 13.03838255 12.82915413 12.84934892
 12.98355707 12.87550474 12.71491233 12.86998934 12.9498774  12.84324595
 12.80628027 12.77823726 12.98355707 12.72474515 12.76887763 13.26823276
 13.06326367 12.99622307 12.79854059 12.81665958 12.94870588 12.72767826
 12.74463394 12.74703495 12.85368503 12.98804909 12.7594351  12.71491233
 12.84934892 13.03062067 12.94792411 13.10719177 12.89393904 12.99214605
 13.08306984 12.81035418 12.72180441 12.79671104 12.75515879 12.87867232
 13.04641702 13.01595237 13.07841678 12.98280611 13.02671134 12.94164478
 12.82515486 12.74415307 12.92935168 12.82381821 12.78589716 12.73933318
 12.94675016 13.02242491 12.88308925 12.76887763 12.97601715 12.93413021
 13.24689273 13.02884611 12.91729366 12.75848629 12.92374439 13.25613581
 12.87423482 13.01595237 12.97941832 13.38954446 12.83070509 12.72914178
 12.8640143  12.71491233 12.78102922 12.78172596 12.75372957 12.75515879
 12.81553651 13.02564193 12.95299355 12.96227627 12.96534872 13.06292352
 12.80696035 12.85021768 12.72278561 13.16503694 13.04153619 12.71885588
 12.88098857 12.84630211 12.7608568  13.09815734 12.86487022 12.89207001
 12.73109026 12.73885001 12.72131348 13.08637593 13.03168359 12.89103016
 12.84586615 12.73060343 13.02884611 13.24273711 12.97069939 12.75990932
 13.20951269 13.17324768 13.05264805 13.05264805 12.83357912 12.99028629
 12.86444229 12.82337228 13.20175441 12.87719538 12.83269571 13.03592106
 12.74655519 13.0730635  12.98505708 13.16856828 12.76840745 12.72180441
 12.95143686 13.0916353  12.76887763 12.76934759 12.960736   12.77263148
 12.82158658 13.00138334 13.12116456 12.78797664 12.96841033 13.0035851
 12.77916879 12.81306121 12.86700644 12.97753047 13.08901027 13.10975256
 12.86998934 12.72425557 13.03873365 12.79762617 12.76416679 12.74174568
 13.01667413 12.7828863  13.13239624 12.77028686 13.03943529 12.76227667
 13.04606939 12.73594645 12.88936399 13.08835257 12.88308925 12.71540604
 12.95065746 12.76817233 13.03662517 13.26523262 13.2332786  12.81845398
 12.97298248 13.06019668 12.81934989 12.98655437 13.37845586 12.79120316
 13.01378344 12.72425557 12.82426392 12.99511302 12.83048368 13.32500349
 12.95687331 12.94203861 12.73497691 12.73011654 12.77450328 13.06767222
 12.77916879 12.76840745 12.79533678 13.02742355 12.74751448 12.84193329
 12.74799379 12.94125088 12.79808349 13.25816991 12.83578444 12.85368503
 12.88098857 12.7838136  12.95221546 12.94596667 12.9910307  12.79671104
 13.05333734 12.85714035 12.9977006  12.81576125 12.91891069 12.84455686
 13.02884611 13.09750772 12.77403574 12.98054907 13.17557491 12.80537261
 12.72082247 12.78612842 12.84455686 12.88685905 13.17673549 12.82113958
 12.73739916 12.87168981 12.82381821 12.81576125 12.91931447 12.76393075
 12.80310028 13.11738075 12.73206322 12.73206322 12.80537261 12.71392437
 12.78474018 12.80219005 12.846738   12.72278561 12.84412005 13.11166725
 12.77216291 12.94361182 12.98730212 12.78936059 12.82737852 12.8331376
 12.78751483 12.98804909 12.81531175 12.74126363 12.77075616 13.00468385
 12.7489519  12.7999106  12.800823   12.73109026 12.79120316 13.0730635
 12.78705296 12.85800226 12.74126363 12.76322209 12.71688583 13.03168359
 13.01955462 12.97753047 12.79854059 12.90671348 12.72033108 13.10847332
 13.21280826 12.84368303 12.84978333 13.16148677 12.80378256 12.78843822
 12.81486205 12.72767826 12.80763998 13.07104624 12.83269571 12.82113958
 12.94046249 12.73011654 12.77075616 12.8026452  12.72621272 13.33827724
 12.78566589 12.82113958 12.79166322 12.83798473 12.72767826 13.38005687
 12.93690604 12.85800226 12.75420615 12.77309969 12.94282554 12.9767742
 12.91323879 12.77777132 12.94203861 12.98879556 12.99843847 12.73449188
 12.76605368 12.7369151  12.84804426 13.07708202 13.05540153 12.79396071
 13.09294433 13.11230432 12.78566589 12.83930268 13.13610049 12.77122525
 12.74126363 13.1555278  13.21826217 12.79945414 13.05471408 12.84237101
 13.07507544 12.98879556 12.8510856  12.89186222 12.81934989 12.78659087
 12.97753047 12.73546187 13.13548445 13.07037268 12.97753047 13.06224266
 12.92775303 12.84586615 12.98054907 13.03097512 12.72962927 12.9498774
 12.73157685 12.733521   12.737883   13.14100902 12.84630211 13.0491925
 12.71491233 12.85455001 13.02528503 12.82024524 13.06699562 12.7575366
 13.0502307  13.07708202 13.11102959 12.73109026 12.82069252 12.8510856
 13.50114277 12.96879226 13.12867218 13.09815734 12.88266956 12.72229512
 12.733521   12.82915413 13.05540153 12.83622483 13.06087924 13.16621614
 12.8960113  13.10397805 13.13855914 12.76652481 12.93492419 13.32634682
 12.85281935 13.14100902 12.87083999 12.8784615  12.87083999 12.74270928
 12.72327572 12.72229512 13.3186872  12.73011654 12.72425557 12.71836374
 13.0567746  12.91323879 12.74990912 12.93492419 12.72962927 12.93571751
 12.72865421 13.08637593 12.74943055 12.73643096 13.10462194 12.90671348
 12.74415307 12.91323879 12.92775303 12.73449188 12.9245476  13.05057648
 12.91486281 12.7267014  12.96227627 12.74078135 12.91971805 13.11357683
 12.73449188 13.08505527 12.89518293 12.7651106  12.75848629 13.17091212
 12.77730501 12.74990912 12.72278561 12.77543802 12.733521   12.74990912
 12.74799379 12.75372957 12.77263148 12.97450111 12.75848629 13.23433704
 13.1579177  13.09815734 12.78009944 13.26723452 12.7575366  12.77823726
 12.76322209 13.0202731  12.79579503 12.93254012] 964
bidsort lists= 964 964
 964
SNAP 44
EPS 0.006914089958685929
galrad= 0.01
!!! agesel
Found 792 stars.
Rotated pos.
Rotated vel.
Calculating circularities
dty= [13.01287791 12.6741925  13.13548445 ... 12.98804909 12.97753047
 12.7267014 ] 1388
glb= [13.01287791 12.6741925  13.13548445 ... 12.98804909 12.97753047
 12.7267014 ] 1388
bidsort lists= 1388 1388
 1388
SNAP 45
EPS 0.05617623992884711
galrad= 0.01
!!! agesel
Found 904 stars.
Rotated pos.
Rotated vel.
Calculating circularities
dty= [13.44924036 13.05505783 13.29642636 ... 13.22043027 12.90178928
 12.96688089] 2832
glb= [13.44924036 13.05505783 13.29642636 ... 13.22043027 12.90178928
 12.96688089] 2832
bidsort lists= 2832 2832
 2832
SNAP 46
EPS 0.08090474458752124
galrad= 0.01
!!! agesel
Found 1061 stars.
Rotated pos.
Rotated vel.
Calculating circularities
dty= [12.50189921 12.73279242 12.8603686  ... 13.21608644 13.45527881
 13.2868677 ] 3300
glb= [12.50189921 12.73279242 12.8603686  ... 13.21608644 13.45527881
 13.2868677 ] 3300
bidsort lists= 3300 3300
 3300
SNAP 47
EPS 0.042097058135313684
galrad= 0.01
!!! agesel
Found 857 stars.
Rotated pos.
Rotated vel.
Calculating circularities
dty= [12.55458062 13.44924036 12.66880696 ... 12.90589464 12.92695278
 12.93014979] 3960
glb= [12.55458062 13.44924036 12.66880696 ... 12.90589464 12.92695278
 12.93014979] 3960
bidsort lists= 3960 3960
 3960
SNAP 48
EPS 0.07407628057571017
galrad= 0.01
!!! agesel
Found 934 stars.
Rotated pos.
Rotated vel.
Calculating circularities
dty= [12.50189921 12.83776489 12.25489133 ... 12.9498774  12.72376575
 13.2279583 ] 4660
glb= [12.50189921 12.83776489 12.25489133 ... 12.9498774  12.72376575
 13.2279583 ] 4660
bidsort lists= 4660 4660
 4660
SNAP 49
EPS 0.025097162002419737
galrad= 0.01
!!! agesel
Found 1669 stars.
Rotated pos.
Rotated vel.
Calculating circularities
dty= [13.13610049 12.94361182 13.21061318 ... 12.201875   12.18308797
 12.20761298] 5480
glb= [13.13610049 12.94361182 13.21061318 ... 12.201875   12.18308797
 12.20761298] 5480
bidsort lists= 5480 5480
 5480
SNAP 50
EPS 0.15597727816832704
galrad= 0.01
!!! agesel
Found 3129 stars.
Rotated pos.
Rotated vel.
Calculating circularities
dty= [12.06734704 12.87803967 13.01287791 ... 12.42394443 12.78056444
 12.76605368] 8147
glb= [12.06734704 12.87803967 13.01287791 ... 12.42394443 12.78056444
 12.76605368] 8147
bidsort lists= 8147 8147
 8147
SNAP 51
EPS 0.12998450379007773
galrad= 0.01
!!! agesel
Found 2601 stars.
Rotated pos.
Rotated vel.
Calculating circularities
dty= [12.50658997 13.18708848 11.9433979  ... 12.47998878 12.73933318
 12.4424684 ] 12054
glb= [12.50658997 13.18708848 11.9433979  ... 12.47998878 12.73933318
 12.4424684 ] 12054
bidsort lists= 12054 12054
 12054
SNAP 52
EPS 0.09090939244461327
galrad= 0.01
!!! agesel
Found 9733 stars.
Rotated pos.
Rotated vel.
Calculating circularities
dty= [12.08204903 11.76125052 12.3404746  ... 12.46317031 13.02884611
 12.25210731] 19015
glb= [12.08204903 11.76125052 12.3404746  ... 12.46317031 13.02884611
 12.25210731] 19015
bidsort lists= 19015 19015
 19015
SNAP 53
EPS 0.03176872861783839
galrad= 0.01
!!! agesel
Found 6723 stars.
Rotated pos.
Rotated vel.
Calculating circularities
dty= [11.67254702 11.67840127 11.67236941 ... 12.61598212 11.66905068
 11.63655136] 33633
glb= [11.67254702 11.67840127 11.67236941 ... 12.61598212 11.66905068
 11.63655136] 33633
bidsort lists= 33633 33633
 33633
SNAP 54
EPS 0.05043298443650646
galrad= 0.01
!!! agesel
Found 2883 stars.
Rotated pos.
Rotated vel.
Calculating circularities
dty= [11.65560657 11.68794763 11.75726874 ... 12.1027339  12.59429973
 11.50069811] 38234
glb= [11.65560657 11.68794763 11.75726874 ... 12.1027339  12.59429973
 11.50069811] 38234
bidsort lists= 38234 38234
 38234
SNAP 55
EPS 0.05276603609561599
galrad= 0.01
!!! agesel
Found 4483 stars.
Rotated pos.
Rotated vel.
Calculating circularities
dty= [11.65870715 12.3404746  11.6694656  ... 12.33024044 12.15080604
 12.39759867] 44672
glb= [11.65870715 12.3404746  11.6694656  ... 12.33024044 12.15080604
 12.39759867] 44672
bidsort lists= 44672 44672
 44672
SNAP 56
EPS 0.03425127454697595
galrad= 0.01
!!! agesel
Found 5190 stars.
Rotated pos.
Rotated vel.
Calculating circularities
dty= [11.65775368 11.66679583 12.7568238  ... 12.13293559 12.91079714
 12.24582557] 54527
glb= [11.65775368 11.66679583 12.7568238  ... 12.13293559 12.91079714
 12.24582557] 54527
bidsort lists= 54527 54527
 54527
SNAP 57
EPS 0.08896011295237075
galrad= 0.01
!!! agesel
Found 12495 stars.
Rotated pos.
Rotated vel.
Calculating circularities
dty= [11.00244129 11.43996039 12.37527115 ... 11.2556974  11.21602897
 10.99974606] 72406
glb= [11.00244129 11.43996039 12.37527115 ... 11.2556974  11.21602897
 10.99974606] 72406
bidsort lists= 72406 72406
 72406
SNAP 58
EPS 0.11631458866235674
galrad= 0.01
!!! agesel
Found 12743 stars.
Rotated pos.
Rotated vel.
Calculating circularities
dty= [11.71506148 13.20314688 11.78464794 ... 12.50366024 11.51241028
 12.30283319] 64373
glb= [11.71506148 13.20314688 11.78464794 ... 12.50366024 11.51241028
 12.30283319] 64373
bidsort lists= 64373 64373
 64373
SNAP 59
EPS 0.005335985783122869
galrad= 0.01
!!! agesel
Found 11441 stars.
Rotated pos.
Rotated vel.
Calculating circularities
dty= [10.90352062 11.09150856 12.60978739 ... 11.37177432 11.73908491
 12.79945414] 139417
glb= [10.90352062 11.09150856 12.60978739 ... 11.37177432 11.73908491
 12.79945414] 139417
bidsort lists= 139417 139417
 139417
SNAP 60
EPS 0.07616446355938543
galrad= 0.01
!!! agesel
Found 6952 stars.
Rotated pos.
Rotated vel.
Calculating circularities
dty= [10.97242317 10.80773538 10.90352062 ... 11.65190432 13.40093294
 11.87599423] 151358
glb= [10.97242317 10.80773538 10.90352062 ... 11.65190432 13.40093294
 11.87599423] 151358
bidsort lists= 151358 151358
 151358
SNAP 61
EPS 0.11352149618516656
galrad= 0.01
!!! agesel
Found 6126 stars.
Rotated pos.
Rotated vel.
Calculating circularities
dty= [10.94162759 12.60978739 11.07008131 ... 11.57110648 11.99765023
 11.47090695] 163566
glb= [10.94162759 12.60978739 11.07008131 ... 11.57110648 11.99765023
 11.47090695] 163566
bidsort lists= 163566 163566
 163566
SNAP 62
EPS 0.16598718072753155
galrad= 0.01
!!! agesel
Found 7534 stars.
Rotated pos.
Rotated vel.
Calculating circularities
dty= [13.32388134 11.17548014 10.80638101 ... 12.58662047 11.43969876
 11.43235909] 171184
glb= [13.32388134 11.17548014 10.80638101 ... 12.58662047 11.43969876
 11.43235909] 171184
bidsort lists= 171184 171184
 171184
SNAP 63
EPS 0.1882573941996285
galrad= 0.01
!!! agesel
Found 8624 stars.
Rotated pos.
Rotated vel.
Calculating circularities
dty= [12.27818893 12.12242476 13.04884611 ... 11.97572741 11.54018514
 11.49661085] 185121
glb= [12.27818893 12.12242476 13.04884611 ... 11.97572741 11.54018514
 11.49661085] 185121
bidsort lists= 185121 185121
 185121
SNAP 64
EPS 0.2282092826550042
galrad= 0.01
!!! agesel
Found 9432 stars.
Rotated pos.
Rotated vel.
Calculating circularities
dty= [10.97242317 12.27818893 10.90352062 ... 11.03497413 12.29268278
 12.78566589] 201364
glb= [10.97242317 12.27818893 10.90352062 ... 11.03497413 12.29268278
 12.78566589] 201364
bidsort lists= 201364 201364
 201364
SNAP 65
EPS 0.26842973337021236
galrad= 0.01
!!! agesel
Found 8636 stars.
Rotated pos.
Rotated vel.
Calculating circularities
dty= [10.90352062 10.96502684 10.94162759 ... 12.25836453 12.38743427
 11.6394382 ] 212216
glb= [10.90352062 10.96502684 10.94162759 ... 12.25836453 12.38743427
 11.6394382 ] 212216
bidsort lists= 212216 212216
 212216
SNAP 66
EPS 0.2896777373028052
galrad= 0.01
!!! agesel
Found 9214 stars.
Rotated pos.
Rotated vel.
Calculating circularities
dty= [13.4605659  13.04884611 11.07008131 ... 11.59378476 11.55020456
 11.79171721] 233089
glb= [13.4605659  13.04884611 11.07008131 ... 11.59378476 11.55020456
 11.79171721] 233089
bidsort lists= 233089 233089
 233089
SNAP 67
EPS 0.35576339513756167
galrad= 0.01
!!! agesel
Found 8931 stars.
Rotated pos.
Rotated vel.
Calculating circularities
dty= [10.94162759 11.16408517 10.92871567 ... 11.09404538 12.76981734
 10.86839439] 246304
glb= [10.94162759 11.16408517 10.92871567 ... 11.09404538 12.76981734
 10.86839439] 246304
bidsort lists= 246304 246304