loading halo 8 level 4
/eagle/projects/Auriga/Auriga/level4/Original/mergertrees/Au-8/trees_sf1_127
Hubble parameter= 0.6777
There are 786 trees in file /eagle/projects/Auriga/Auriga/level4/Original/mergertrees/Au-8/trees_sf1_127.0.hdf5
Loading desc (Descendant) for blockname /Tree0.
Loading fnum (FileNr) for blockname /Tree0.
Loading fhfg (FirstHaloInFOFGroup) for blockname /Tree0.
Loading fpin (FirstProgenitor) for blockname /Tree0.
Loading fmc2 (Group_M_Crit200) for blockname /Tree0.
Loading fmm2 (Group_M_Mean200) for blockname /Tree0.
Loading fmt2 (Group_M_TopHat200) for blockname /Tree0.
Loading frc2 (Group_R_Crit200) for blockname /Tree0.
Loading nhfg (NextHaloInFOFGroup) for blockname /Tree0.
Loading npin (NextProgenitor) for blockname /Tree0.
Loading snum (SnapNum) for blockname /Tree0.
Loading sbhm (SubhaloBHMass) for blockname /Tree0.
Loading sbhd (SubhaloBHMdot) for blockname /Tree0.
Loading sgmt (SubhaloGasMetallicity) for blockname /Tree0.
Loading sgmf (SubhaloGasMetallicitySfr) for blockname /Tree0.
Loading sgnr (SubhaloGrNr) for blockname /Tree0.
Loading shmt (SubhaloHalfmassRadType) for blockname /Tree0.
Key SubhaloIDMostBound not found in conversion table, skipping.
Loading slen (SubhaloLen) for blockname /Tree0.
Loading slty (SubhaloLenType) for blockname /Tree0.
Loading smit (SubhaloMassInRadType) for blockname /Tree0.
Loading smty (SubhaloMassType) for blockname /Tree0.
Loading sbnr (SubhaloNumber) for blockname /Tree0.
Loading soty (SubhaloOffsetType) for blockname /Tree0.
Loading spos (SubhaloPos) for blockname /Tree0.
Loading ssfr (SubhaloSFR) for blockname /Tree0.
Loading ssfi (SubhaloSFRinRad) for blockname /Tree0.
Loading sspi (SubhaloSpin) for blockname /Tree0.
Loading ssmt (SubhaloStarMetallicity) for blockname /Tree0.
Loading ssph (SubhaloStellarPhotometrics) for blockname /Tree0.
Loading svmx (SubhaloVMax) for blockname /Tree0.
Loading svel (SubhaloVel) for blockname /Tree0.
Loading svdi (SubhaloVelDisp) for blockname /Tree0.
galrad= 0.01
!!! agesel
Found 19 stars.
Rotated pos.
Rotated vel.
Calculating circularities
dty= [13.44516079 13.49136137] 2
glb= [13.44516079 13.49136137] 2
bidsort lists= 2 2
 2
SNAP 30
EPS 0.9397687441893552
galrad= 0.01
!!! agesel
Found 34 stars.
Rotated pos.
Rotated vel.
Calculating circularities
dty= [13.50893538] 1
glb= [13.50893538] 1
bidsort lists= 1 1
 1
SNAP 31
EPS 1.0
galrad= 0.01
!!! agesel
Found 37 stars.
Rotated pos.
Rotated vel.
Calculating circularities
dty= [13.3587941  13.45727028 13.46122152] 3
glb= [13.3587941  13.45727028 13.46122152] 3
bidsort lists= 3 3
 3
SNAP 32
EPS -1.487973944278278
galrad= 0.01
!!! agesel
Found 50 stars.
Rotated pos.
Rotated vel.
Calculating circularities
dty= [13.59241531 13.45990914] 2
glb= [13.59241531 13.45990914] 2
bidsort lists= 2 2
 2
SNAP 33
EPS 0.35254040704347606
galrad= 0.01
!!! agesel
Found 70 stars.
Rotated pos.
Rotated vel.
Calculating circularities
dty= [13.28541925 13.27517143 13.45327667 13.27860861 13.28007512 13.45990914
 13.59241531 13.50376107 13.29452817 13.42337696 13.49015611 13.44379129
 13.37684916 13.312292   13.38876152 13.43687023 13.29452817 13.50549506
 13.48159871 13.51682166 13.35921233] 21
glb= [13.28541925 13.27517143 13.45327667 13.27860861 13.28007512 13.45990914
 13.59241531 13.50376107 13.29452817 13.42337696 13.49015611 13.44379129
 13.37684916 13.312292   13.38876152 13.43687023 13.29452817 13.50549506
 13.48159871 13.51682166 13.35921233] 21
bidsort lists= 21 21
 21
SNAP 34
EPS -0.005182677748480217
galrad= 0.01
!!! agesel
Found 141 stars.
Rotated pos.
Rotated vel.
Calculating circularities
dty= [13.27146498 13.24429893 13.45990914 13.25969068 13.25101897 13.41165588
 13.49136137 13.49015611 13.24947503 13.28541925 13.25076195 13.44379129
 13.24169361 13.26221647 13.25024754 13.25689941 13.24585656 13.27860861
 13.59241531 13.45727028 13.25435006 13.25153271 13.45327667 13.23539353
 13.50376107 13.25588104 13.27517143 13.28007512 13.41902049 13.24273711
 13.26723452 13.25204598 13.2591842  13.28056312 13.30767517 13.25511606
 13.24792704 13.25715372 13.42409848 13.25816991 13.3816522  13.25816991
 13.25613581 13.25816991] 44
glb= [13.27146498 13.24429893 13.45990914 13.25969068 13.25101897 13.41165588
 13.49136137 13.49015611 13.24947503 13.28541925 13.25076195 13.44379129
 13.24169361 13.26221647 13.25024754 13.25689941 13.24585656 13.27860861
 13.59241531 13.45727028 13.25435006 13.25153271 13.45327667 13.23539353
 13.50376107 13.25588104 13.27517143 13.28007512 13.41902049 13.24273711
 13.26723452 13.25204598 13.2591842  13.28056312 13.30767517 13.25511606
 13.24792704 13.25715372 13.42409848 13.25816991 13.3816522  13.25816991
 13.25613581 13.25816991] 44
bidsort lists= 44 44
 44
SNAP 35
EPS 0.05635970467715349
galrad= 0.01
!!! agesel
Found 225 stars.
Rotated pos.
Rotated vel.
Calculating circularities
dty= [13.20175441 13.28541925 13.41902049 13.25588104 13.25076195 13.27860861
 13.18908248 13.18908248 13.20481381 13.45990914 13.19192031 13.27146498
 13.29452817 13.25153271 13.26221647 13.25050476 13.20259027 13.19474561
 13.23933891 13.19979977 13.27517143 13.19952004 13.26723452 13.25101897
 13.25024754 13.28007512 13.44516079 13.25153271 13.59241531 13.19446366
 13.21907615 13.23433704 13.45327667 13.27517143 13.24947503 13.25204598
 13.23168744 13.312292   13.19050295 13.28056312 13.45727028 13.25435006
 13.20063823 13.42337696 13.19389936 13.19699689 13.2591842  13.18936683
 13.20785829 13.32589945 13.25689941 13.25969068 13.49015611 13.2166311
 13.44379129 13.46122152 13.312292   13.50549506 13.3104502  13.19135379
 13.3587941  13.19979977 13.23486552 13.23750102 13.203425   13.50376107
 13.33124184 13.20231178 13.24429893 13.43687023 13.29452817 13.19783908
 13.24273711 13.19615362 13.21226024 13.23539353 13.21444957 13.19559079
 13.23221834 13.19446366 13.41165588 13.2201597  13.19727777 13.20509117
 13.20509117 13.20951269 13.27713809 13.21826217 13.20730582 13.28299655
 13.25358304 13.225817   13.20453628 13.203425  ] 94
glb= [13.20175441 13.28541925 13.41902049 13.25588104 13.25076195 13.27860861
 13.18908248 13.18908248 13.20481381 13.45990914 13.19192031 13.27146498
 13.29452817 13.25153271 13.26221647 13.25050476 13.20259027 13.19474561
 13.23933891 13.19979977 13.27517143 13.19952004 13.26723452 13.25101897
 13.25024754 13.28007512 13.44516079 13.25153271 13.59241531 13.19446366
 13.21907615 13.23433704 13.45327667 13.27517143 13.24947503 13.25204598
 13.23168744 13.312292   13.19050295 13.28056312 13.45727028 13.25435006
 13.20063823 13.42337696 13.19389936 13.19699689 13.2591842  13.18936683
 13.20785829 13.32589945 13.25689941 13.25969068 13.49015611 13.2166311
 13.44379129 13.46122152 13.312292   13.50549506 13.3104502  13.19135379
 13.3587941  13.19979977 13.23486552 13.23750102 13.203425   13.50376107
 13.33124184 13.20231178 13.24429893 13.43687023 13.29452817 13.19783908
 13.24273711 13.19615362 13.21226024 13.23539353 13.21444957 13.19559079
 13.23221834 13.19446366 13.41165588 13.2201597  13.19727777 13.20509117
 13.20509117 13.20951269 13.27713809 13.21826217 13.20730582 13.28299655
 13.25358304 13.225817   13.20453628 13.203425  ] 94
bidsort lists= 94 94
 94
SNAP 36
EPS 0.009085540429214542
galrad= 0.01
!!! agesel
Found 337 stars.
Rotated pos.
Rotated vel.
Calculating circularities
dty= [13.20481381 13.17905045 13.16415115 13.18106932 13.15747024 13.14345029
 13.27860861 13.21907615 13.16974123 13.25588104 13.28007512 13.18106932
 13.14739897 13.16798102 13.2166311  13.27517143 13.27146498 13.1856604
 13.16944822 13.27517143 13.15582697 13.28541925 13.16267223 13.25076195
 13.20175441 13.25204598 13.25689941 13.20259027 13.15881174 13.19446366
 13.16029918 13.26221647 13.45727028 13.59241531 13.17003413 13.19979977
 13.18908248 13.1670992  13.25969068 13.25024754 13.16385562 13.41902049
 13.45990914 13.16089326 13.23486552 13.29452817 13.19192031 13.26723452
 13.45327667 13.23168744 13.19474561 13.25101897 13.25153271 13.18908248
 13.17149676 13.18723113 13.28056312 13.44516079 13.16768723 13.15642498
 13.17266454 13.14739897 13.23933891 13.20231178 13.19050295 13.49015611
 13.19952004 13.15072241 13.20481381 13.25153271 13.24947503 13.20063823
 13.17149676 13.42337696 13.16680495 13.312292   13.16944822 13.18222012
 13.2166311  13.51682166 13.17412133 13.50376107 13.2591842  13.14981766
 13.48159871 13.23750102 13.17818332 13.16415115 13.18078128 13.19699689
 13.19361702 13.25050476 13.17208089 13.25435006 13.15132494 13.17499388
 13.14527559 13.19361702 13.23433704 13.20564557 13.16739327 13.20286866
 13.16503694 13.21362948 13.312292   13.44379129 13.15372975 13.14100902
 13.16739327 13.17847245 13.17557491 13.217719   13.46122152 13.21033823
 13.17032692 13.19389936 13.24273711 13.15821587 13.18279482 13.21581395
 13.17847245 13.19979977 13.20675292 13.2489595  13.17499388 13.17353903
 13.23221834 13.18708848 13.21362948 13.15011937 13.16444656 13.23433704
 13.18936683 13.15910951 13.14860936 13.15672382 13.15432962 13.19135379
 13.16621614 13.23433704 13.29452817 13.3587941  13.15732105 13.27615563
 13.27319771 13.15072241 13.15432962 13.17266454 13.21472264 13.21280826
 13.24585656 13.21717529 13.19389936 13.43687023 13.22259069 13.16562682
 13.15672382 13.15612603 13.3587941  13.21116264 13.2868677  13.19727777
 13.25409453 13.16326424 13.23776393 13.18594629 13.25613581 13.17557491
 13.17441235 13.25816991 13.14648973 13.3816522  13.39729796 13.27713809
 13.28202448 13.24064824 13.16621614 13.28299655 13.51654341] 179
glb= [13.20481381 13.17905045 13.16415115 13.18106932 13.15747024 13.14345029
 13.27860861 13.21907615 13.16974123 13.25588104 13.28007512 13.18106932
 13.14739897 13.16798102 13.2166311  13.27517143 13.27146498 13.1856604
 13.16944822 13.27517143 13.15582697 13.28541925 13.16267223 13.25076195
 13.20175441 13.25204598 13.25689941 13.20259027 13.15881174 13.19446366
 13.16029918 13.26221647 13.45727028 13.59241531 13.17003413 13.19979977
 13.18908248 13.1670992  13.25969068 13.25024754 13.16385562 13.41902049
 13.45990914 13.16089326 13.23486552 13.29452817 13.19192031 13.26723452
 13.45327667 13.23168744 13.19474561 13.25101897 13.25153271 13.18908248
 13.17149676 13.18723113 13.28056312 13.44516079 13.16768723 13.15642498
 13.17266454 13.14739897 13.23933891 13.20231178 13.19050295 13.49015611
 13.19952004 13.15072241 13.20481381 13.25153271 13.24947503 13.20063823
 13.17149676 13.42337696 13.16680495 13.312292   13.16944822 13.18222012
 13.2166311  13.51682166 13.17412133 13.50376107 13.2591842  13.14981766
 13.48159871 13.23750102 13.17818332 13.16415115 13.18078128 13.19699689
 13.19361702 13.25050476 13.17208089 13.25435006 13.15132494 13.17499388
 13.14527559 13.19361702 13.23433704 13.20564557 13.16739327 13.20286866
 13.16503694 13.21362948 13.312292   13.44379129 13.15372975 13.14100902
 13.16739327 13.17847245 13.17557491 13.217719   13.46122152 13.21033823
 13.17032692 13.19389936 13.24273711 13.15821587 13.18279482 13.21581395
 13.17847245 13.19979977 13.20675292 13.2489595  13.17499388 13.17353903
 13.23221834 13.18708848 13.21362948 13.15011937 13.16444656 13.23433704
 13.18936683 13.15910951 13.14860936 13.15672382 13.15432962 13.19135379
 13.16621614 13.23433704 13.29452817 13.3587941  13.15732105 13.27615563
 13.27319771 13.15072241 13.15432962 13.17266454 13.21472264 13.21280826
 13.24585656 13.21717529 13.19389936 13.43687023 13.22259069 13.16562682
 13.15672382 13.15612603 13.3587941  13.21116264 13.2868677  13.19727777
 13.25409453 13.16326424 13.23776393 13.18594629 13.25613581 13.17557491
 13.17441235 13.25816991 13.14648973 13.3816522  13.39729796 13.27713809
 13.28202448 13.24064824 13.16621614 13.28299655 13.51654341] 179
bidsort lists= 179 179
 179
SNAP 37
EPS 0.08279666571203126
galrad= 0.01
!!! agesel
Found 428 stars.
Rotated pos.
Rotated vel.
Calculating circularities
dty= [13.21362948 13.25969068 13.13825223 13.16000197 13.17032692 13.16739327
 13.18078128 13.16385562 13.23433704 13.13917243 13.27146498 13.10719177
 13.11230432 13.12773808 13.13702348 13.45727028 13.2489595  13.10139678
 13.45327667 13.16680495 13.11357683 13.18279482 13.16207978 13.1670992
 13.11990552 13.13825223 13.24273711 13.10815313 13.20063823 13.23433704
 13.14860936 13.16415115 13.30767517 13.12085005 13.25204598 13.10365587
 13.15747024 13.16089326 13.12804958 13.2166311  13.1221074  13.11864427
 13.15732105 13.14739897 13.17847245 13.23486552 13.25076195 13.45990914
 13.17208089 13.11611501 13.24947503 13.17818332 13.19192031 13.42409848
 13.2166311  13.33124184 13.32589945 13.1255537  13.25715372 13.10526524
 13.11134847 13.11895977 13.11007204 13.10719177 13.49015611 13.15432962
 13.12742647 13.28541925 13.21907615 13.16267223 13.13347869 13.312292
 13.13947887 13.16974123 13.13855914 13.15582697 13.59241531 13.14345029
 13.10430005 13.25689941 13.09750772 13.11927522 13.26120751 13.18708848
 13.10042647 13.13825223 13.23168744 13.1180128  13.40942091 13.16944822
 13.23750102 13.50376107 13.16768723 13.18723113 13.27517143 13.16621614
 13.10687107 13.16944822 13.11198584 13.46122152 13.25101897 13.12430244
 13.25435006 13.14284077 13.20175441 13.1221074  13.27860861 13.16029918
 13.23933891 13.2591842  13.14800445 13.12242139 13.26221647 13.10397805
 13.28007512 13.12742647 13.23539353 13.25588104 13.25153271 13.41902049
 13.20231178 13.16385562 13.13363313 13.25050476 13.13053669 13.43687023
 13.28056312 13.1261785  13.11832859 13.15910951 13.25153271 13.23221834
 13.23486552 13.26723452 13.14527559 13.11166725 13.12367596 13.09815734
 13.10751236 13.12116456 13.12430244 13.14860936 13.19135379 13.11927522
 13.27517143 13.20785829 13.11421221 13.19446366 13.1261785  13.17905045
 13.3587941  13.11548133 13.10783284 13.20481381 13.25024754 13.11706455
 13.15432962 13.18908248 13.10075007 13.2201597  13.18908248 13.12680277
 13.10365587 13.16415115 13.17032692 13.19474561 13.16944822 13.16798102
 13.19952004 13.13671595 13.44516079 13.26120751 13.10397805 13.11738075
 13.13177692 13.23433704 13.18965109 13.15881174 13.19389936 13.42337696
 13.13177692 13.203425   13.13425084 13.15672382 13.18106932 13.50549506
 13.18222012 13.12991576 13.12586619 13.312292   13.21226024 13.21444957
 13.17003413 13.17266454 13.10590801 13.20259027 13.13239624 13.29452817
 13.15642498 13.12586619 13.1261785  13.11484706 13.1180128  13.10365587
 13.21033823 13.16444656 13.12680277 13.48159871 13.23539353 13.10268857
 13.27319771 13.15011937 13.29452817 13.14100902 13.44379129 13.27615563
 13.21934721 13.12851658 13.1217933  13.17266454 13.18708848 13.14739897
 13.19078671 13.20509117 13.11674817 13.24429893 13.16739327 13.21362948
 13.17208089 13.27811886 13.51682166 13.18936683 13.17962789 13.15372975
 13.1217933  13.22205127 13.15132494 13.14284077 13.15821587 13.21472264
 13.22259069 13.13239624 13.18651763 13.28638535 13.39806575 13.17412133
 13.14436357 13.15642498 13.13548445 13.24585656 13.41165588 13.12929426
 13.10719177 13.25307115 13.19559079 13.2279583  13.19446366 13.21826217
 13.22849244 13.20951269 13.12367596 13.24792704 13.23960106 13.11674817
 13.25358304 13.225817   13.25511606 13.41974981 13.1180128  13.15312937] 270
glb= [13.21362948 13.25969068 13.13825223 13.16000197 13.17032692 13.16739327
 13.18078128 13.16385562 13.23433704 13.13917243 13.27146498 13.10719177
 13.11230432 13.12773808 13.13702348 13.45727028 13.2489595  13.10139678
 13.45327667 13.16680495 13.11357683 13.18279482 13.16207978 13.1670992
 13.11990552 13.13825223 13.24273711 13.10815313 13.20063823 13.23433704
 13.14860936 13.16415115 13.30767517 13.12085005 13.25204598 13.10365587
 13.15747024 13.16089326 13.12804958 13.2166311  13.1221074  13.11864427
 13.15732105 13.14739897 13.17847245 13.23486552 13.25076195 13.45990914
 13.17208089 13.11611501 13.24947503 13.17818332 13.19192031 13.42409848
 13.2166311  13.33124184 13.32589945 13.1255537  13.25715372 13.10526524
 13.11134847 13.11895977 13.11007204 13.10719177 13.49015611 13.15432962
 13.12742647 13.28541925 13.21907615 13.16267223 13.13347869 13.312292
 13.13947887 13.16974123 13.13855914 13.15582697 13.59241531 13.14345029
 13.10430005 13.25689941 13.09750772 13.11927522 13.26120751 13.18708848
 13.10042647 13.13825223 13.23168744 13.1180128  13.40942091 13.16944822
 13.23750102 13.50376107 13.16768723 13.18723113 13.27517143 13.16621614
 13.10687107 13.16944822 13.11198584 13.46122152 13.25101897 13.12430244
 13.25435006 13.14284077 13.20175441 13.1221074  13.27860861 13.16029918
 13.23933891 13.2591842  13.14800445 13.12242139 13.26221647 13.10397805
 13.28007512 13.12742647 13.23539353 13.25588104 13.25153271 13.41902049
 13.20231178 13.16385562 13.13363313 13.25050476 13.13053669 13.43687023
 13.28056312 13.1261785  13.11832859 13.15910951 13.25153271 13.23221834
 13.23486552 13.26723452 13.14527559 13.11166725 13.12367596 13.09815734
 13.10751236 13.12116456 13.12430244 13.14860936 13.19135379 13.11927522
 13.27517143 13.20785829 13.11421221 13.19446366 13.1261785  13.17905045
 13.3587941  13.11548133 13.10783284 13.20481381 13.25024754 13.11706455
 13.15432962 13.18908248 13.10075007 13.2201597  13.18908248 13.12680277
 13.10365587 13.16415115 13.17032692 13.19474561 13.16944822 13.16798102
 13.19952004 13.13671595 13.44516079 13.26120751 13.10397805 13.11738075
 13.13177692 13.23433704 13.18965109 13.15881174 13.19389936 13.42337696
 13.13177692 13.203425   13.13425084 13.15672382 13.18106932 13.50549506
 13.18222012 13.12991576 13.12586619 13.312292   13.21226024 13.21444957
 13.17003413 13.17266454 13.10590801 13.20259027 13.13239624 13.29452817
 13.15642498 13.12586619 13.1261785  13.11484706 13.1180128  13.10365587
 13.21033823 13.16444656 13.12680277 13.48159871 13.23539353 13.10268857
 13.27319771 13.15011937 13.29452817 13.14100902 13.44379129 13.27615563
 13.21934721 13.12851658 13.1217933  13.17266454 13.18708848 13.14739897
 13.19078671 13.20509117 13.11674817 13.24429893 13.16739327 13.21362948
 13.17208089 13.27811886 13.51682166 13.18936683 13.17962789 13.15372975
 13.1217933  13.22205127 13.15132494 13.14284077 13.15821587 13.21472264
 13.22259069 13.13239624 13.18651763 13.28638535 13.39806575 13.17412133
 13.14436357 13.15642498 13.13548445 13.24585656 13.41165588 13.12929426
 13.10719177 13.25307115 13.19559079 13.2279583  13.19446366 13.21826217
 13.22849244 13.20951269 13.12367596 13.24792704 13.23960106 13.11674817
 13.25358304 13.225817   13.25511606 13.41974981 13.1180128  13.15312937] 270
bidsort lists= 270 270
 270
SNAP 38
EPS -0.03092648239209908
galrad= 0.01
!!! agesel
Found 583 stars.
Rotated pos.
Rotated vel.
Calculating circularities
dty= [13.27146498 13.05797405 13.28541925 13.25076195 13.21907615 13.1670992
 13.25969068 13.27860861 13.14345029 13.20175441 13.15747024 13.25588104
 13.13917243 13.08901027 13.26221647 13.45990914 13.06190201 13.16415115
 13.2166311  13.07691497 13.25101897 13.08107921 13.59241531 13.06173167
 13.25689941 13.17905045 13.23433704 13.07507544 13.17818332 13.23933891
 13.20481381 13.46122152 13.27517143 13.24947503 13.49015611 13.1221074
 13.13825223 13.05814521 13.25153271 13.14860936 13.08323549 13.04502564
 13.08868144 13.20063823 13.05625995 13.41902049 13.19474561 13.16680495
 13.08174338 13.16739327 13.28007512 13.19952004 13.12367596 13.19192031
 13.0590007  13.08901027 13.09327118 13.21362948 13.17847245 13.09196274
 13.23433704 13.45727028 13.13347869 13.08008191 13.07708202 13.19979977
 13.08785889 13.10430005 13.13177692 13.25435006 13.10751236 13.16000197
 13.18908248 13.09506658 13.16029918 13.24273711 13.07507544 13.09522952
 13.10397805 13.05643151 13.05126762 13.25153271 13.18078128 13.2166311
 13.25050476 13.45327667 13.09032394 13.18222012 13.08687054 13.08604598
 13.20259027 13.11198584 13.15432962 13.06699562 13.05763155 13.10365587
 13.07222361 13.23168744 13.2489595  13.08703537 13.11166725 13.15732105
 13.26723452 13.04153619 13.0636037  13.23750102 13.06019668 13.18279482
 13.16768723 13.17003413 13.1255537  13.13825223 13.25024754 13.16267223
 13.12851658 13.05057648 13.11230432 13.17032692 13.16944822 13.14739897
 13.05471408 13.05951352 13.23486552 13.10719177 13.2201597  13.05934259
 13.08124527 13.07958276 13.11927522 13.16944822 13.10365587 13.27517143
 13.10397805 13.20785829 13.09750772 13.23433704 13.11357683 13.06699562
 13.15582697 13.05264805 13.1180128  13.13579256 13.21226024 13.25204598
 13.0453737  13.07691497 13.05126762 13.16089326 13.50549506 13.12586619
 13.10815313 13.06190201 13.11864427 13.42337696 13.16385562 13.18723113
 13.10526524 13.06699562 13.16974123 13.11611501 13.2591842  13.312292
 13.0502307  13.13702348 13.11990552 13.26120751 13.24429893 13.50376107
 13.13825223 13.25715372 13.12773808 13.12742647 13.1261785  13.33124184
 13.12742647 13.08901027 13.11484706 13.09815734 13.04884611 13.12804958
 13.05865863 13.26120751 13.29452817 13.23486552 13.28056312 13.15672382
 13.19389936 13.12085005 13.10687107 13.18708848 13.18708848 13.20231178
 13.42409848 13.08637593 13.25613581 13.06631848 13.11738075 13.09474047
 13.23539353 13.0491925  13.19446366 13.3104502  13.07104624 13.11706455
 13.04780592 13.14436357 13.11007204 13.12680277 13.05264805 13.12116456
 13.17208089 13.43687023 13.14405923 13.19755848 13.44379129 13.05917165
 13.05488589 13.12586619 13.14830696 13.0794163  13.05299279 13.13947887
 13.27517143 13.04884611 13.0968575  13.312292   13.06564066 13.18106932
 13.11134847 13.05505783 13.0453737  13.08240688 13.11927522 13.10365587
 13.40942091 13.203425   13.04328279 13.10268857 13.15881174 13.09294433
 13.16621614 13.05299279 13.07524283 13.10590801 13.06631848 13.15910951
 13.07507544 13.10075007 13.07104624 13.16739327 13.23539353 13.19078671
 13.1221074  13.0588296  13.13208664 13.14405923 13.13363313 13.15011937
 13.05746021 13.3587941  13.13053669 13.07774966 13.18537446 13.21033823
 13.13855914 13.23539353 13.07741593 13.14284077 13.22528042 13.51682166
 13.12991576 13.12680277 13.07741593 13.14648973 13.14253581 13.19727777
 13.20509117 13.14800445 13.09977887 13.05005772 13.14284077 13.15672382
 13.1856604  13.12898328 13.14436357 13.10783284 13.07607936 13.23221834
 13.05437014 13.17208089 13.09588115 13.05728886 13.06631848 13.20007941
 13.21362948 13.11548133 13.29452817 13.29737289 13.16621614 13.05230312
 13.11421221 13.32410593 13.06902366 13.07841678 13.14100902 13.28638535
 13.1348679  13.19615362 13.13794528 13.16856828 13.14192549 13.0567746
 13.11039133 13.06156132 13.27319771 13.07974913 13.06326367 13.17032692
 13.05161297 13.05109485 13.10783284 13.13425084 13.15432962 13.06767222
 13.25816991 13.16621614 13.20425865 13.15132494 13.04849952 13.40415946
 13.06292352 13.18936683 13.08703537 13.05746021 13.0804145  13.3587941
 13.04328279 13.18651763 13.12116456 13.07373471 13.08107921 13.04693809
 13.18365583 13.28202448 13.10268857 13.15162604 13.13978513 13.06496224
 13.08373228 13.04693809 13.053165   13.07574484 13.15192696 13.27615563
 13.3816522  13.05299279 13.06156132 13.20398091 13.12929426 13.36046476
 13.22097112 13.05505783 13.27811886 13.14527559 13.053165   13.06699562
 13.05814521 13.06462282 13.16562682 13.10010269 13.18651763 13.04223534
 13.22902617 13.18708848 13.3571175  13.16915504 13.24064824 13.05746021
 13.0502307  13.17557491 13.21499567 13.1916371  13.18078128 13.17962789
 13.23750102 13.05574505 13.26422903 13.04711185 13.18993517 13.06902366
 13.07641369 13.0571175  13.37684916 13.06699562 13.06699562 13.05299279
 13.11357683 13.05780274 13.05437014 13.08505527 13.06496224 13.09032394
 13.15432962 13.12492839 13.15432962 13.42409848] 406
glb= [13.27146498 13.05797405 13.28541925 13.25076195 13.21907615 13.1670992
 13.25969068 13.27860861 13.14345029 13.20175441 13.15747024 13.25588104
 13.13917243 13.08901027 13.26221647 13.45990914 13.06190201 13.16415115
 13.2166311  13.07691497 13.25101897 13.08107921 13.59241531 13.06173167
 13.25689941 13.17905045 13.23433704 13.07507544 13.17818332 13.23933891
 13.20481381 13.46122152 13.27517143 13.24947503 13.49015611 13.1221074
 13.13825223 13.05814521 13.25153271 13.14860936 13.08323549 13.04502564
 13.08868144 13.20063823 13.05625995 13.41902049 13.19474561 13.16680495
 13.08174338 13.16739327 13.28007512 13.19952004 13.12367596 13.19192031
 13.0590007  13.08901027 13.09327118 13.21362948 13.17847245 13.09196274
 13.23433704 13.45727028 13.13347869 13.08008191 13.07708202 13.19979977
 13.08785889 13.10430005 13.13177692 13.25435006 13.10751236 13.16000197
 13.18908248 13.09506658 13.16029918 13.24273711 13.07507544 13.09522952
 13.10397805 13.05643151 13.05126762 13.25153271 13.18078128 13.2166311
 13.25050476 13.45327667 13.09032394 13.18222012 13.08687054 13.08604598
 13.20259027 13.11198584 13.15432962 13.06699562 13.05763155 13.10365587
 13.07222361 13.23168744 13.2489595  13.08703537 13.11166725 13.15732105
 13.26723452 13.04153619 13.0636037  13.23750102 13.06019668 13.18279482
 13.16768723 13.17003413 13.1255537  13.13825223 13.25024754 13.16267223
 13.12851658 13.05057648 13.11230432 13.17032692 13.16944822 13.14739897
 13.05471408 13.05951352 13.23486552 13.10719177 13.2201597  13.05934259
 13.08124527 13.07958276 13.11927522 13.16944822 13.10365587 13.27517143
 13.10397805 13.20785829 13.09750772 13.23433704 13.11357683 13.06699562
 13.15582697 13.05264805 13.1180128  13.13579256 13.21226024 13.25204598
 13.0453737  13.07691497 13.05126762 13.16089326 13.50549506 13.12586619
 13.10815313 13.06190201 13.11864427 13.42337696 13.16385562 13.18723113
 13.10526524 13.06699562 13.16974123 13.11611501 13.2591842  13.312292
 13.0502307  13.13702348 13.11990552 13.26120751 13.24429893 13.50376107
 13.13825223 13.25715372 13.12773808 13.12742647 13.1261785  13.33124184
 13.12742647 13.08901027 13.11484706 13.09815734 13.04884611 13.12804958
 13.05865863 13.26120751 13.29452817 13.23486552 13.28056312 13.15672382
 13.19389936 13.12085005 13.10687107 13.18708848 13.18708848 13.20231178
 13.42409848 13.08637593 13.25613581 13.06631848 13.11738075 13.09474047
 13.23539353 13.0491925  13.19446366 13.3104502  13.07104624 13.11706455
 13.04780592 13.14436357 13.11007204 13.12680277 13.05264805 13.12116456
 13.17208089 13.43687023 13.14405923 13.19755848 13.44379129 13.05917165
 13.05488589 13.12586619 13.14830696 13.0794163  13.05299279 13.13947887
 13.27517143 13.04884611 13.0968575  13.312292   13.06564066 13.18106932
 13.11134847 13.05505783 13.0453737  13.08240688 13.11927522 13.10365587
 13.40942091 13.203425   13.04328279 13.10268857 13.15881174 13.09294433
 13.16621614 13.05299279 13.07524283 13.10590801 13.06631848 13.15910951
 13.07507544 13.10075007 13.07104624 13.16739327 13.23539353 13.19078671
 13.1221074  13.0588296  13.13208664 13.14405923 13.13363313 13.15011937
 13.05746021 13.3587941  13.13053669 13.07774966 13.18537446 13.21033823
 13.13855914 13.23539353 13.07741593 13.14284077 13.22528042 13.51682166
 13.12991576 13.12680277 13.07741593 13.14648973 13.14253581 13.19727777
 13.20509117 13.14800445 13.09977887 13.05005772 13.14284077 13.15672382
 13.1856604  13.12898328 13.14436357 13.10783284 13.07607936 13.23221834
 13.05437014 13.17208089 13.09588115 13.05728886 13.06631848 13.20007941
 13.21362948 13.11548133 13.29452817 13.29737289 13.16621614 13.05230312
 13.11421221 13.32410593 13.06902366 13.07841678 13.14100902 13.28638535
 13.1348679  13.19615362 13.13794528 13.16856828 13.14192549 13.0567746
 13.11039133 13.06156132 13.27319771 13.07974913 13.06326367 13.17032692
 13.05161297 13.05109485 13.10783284 13.13425084 13.15432962 13.06767222
 13.25816991 13.16621614 13.20425865 13.15132494 13.04849952 13.40415946
 13.06292352 13.18936683 13.08703537 13.05746021 13.0804145  13.3587941
 13.04328279 13.18651763 13.12116456 13.07373471 13.08107921 13.04693809
 13.18365583 13.28202448 13.10268857 13.15162604 13.13978513 13.06496224
 13.08373228 13.04693809 13.053165   13.07574484 13.15192696 13.27615563
 13.3816522  13.05299279 13.06156132 13.20398091 13.12929426 13.36046476
 13.22097112 13.05505783 13.27811886 13.14527559 13.053165   13.06699562
 13.05814521 13.06462282 13.16562682 13.10010269 13.18651763 13.04223534
 13.22902617 13.18708848 13.3571175  13.16915504 13.24064824 13.05746021
 13.0502307  13.17557491 13.21499567 13.1916371  13.18078128 13.17962789
 13.23750102 13.05574505 13.26422903 13.04711185 13.18993517 13.06902366
 13.07641369 13.0571175  13.37684916 13.06699562 13.06699562 13.05299279
 13.11357683 13.05780274 13.05437014 13.08505527 13.06496224 13.09032394
 13.15432962 13.12492839 13.15432962 13.42409848] 406
bidsort lists= 406 406
 406
SNAP 39
EPS 0.03807699398076605
galrad= 0.01
!!! agesel
Found 856 stars.
Rotated pos.
Rotated vel.
Calculating circularities
dty= [13.14739897 13.16415115 12.98842235 13.00979194 13.08687054 13.27146498
 13.15747024 12.99400164 13.02653318 13.08785889 13.28007512 13.17905045
 13.29452817 12.98486971 13.16974123 13.20481381 12.99880712 13.17003413
 13.18723113 13.20259027 13.25969068 13.00248502 13.0202731  13.00687697
 13.19446366 13.25076195 13.03256833 13.02278292 12.99529809 13.18222012
 13.01522998 13.41902049 13.12851658 13.27517143 13.25204598 13.27860861
 12.99028629 13.18908248 12.98804909 13.16944822 13.16267223 13.16944822
 13.27517143 13.15582697 13.09815734 12.98393226 13.00486681 13.18106932
 13.02260392 13.11166725 13.13825223 13.25689941 13.21226024 13.1221074
 13.17818332 13.01287791 13.20175441 13.45327667 13.19192031 13.00705936
 13.00942813 13.02314088 13.08901027 13.25588104 13.01937482 13.1261785
 13.10397805 13.18708848 13.23168744 13.01414536 13.03221453 13.16029918
 13.21907615 13.23486552 13.00376842 12.9843074  13.14345029 13.02813514
 13.2166311  12.98842235 13.1180128  13.02457094 13.02991133 13.09196274
 13.28541925 13.25101897 13.19474561 13.01269679 13.19952004 13.16768723
 13.13177692 13.23539353 13.26723452 13.49015611 13.45727028 13.12586619
 13.05797405 13.28056312 13.25153271 13.10365587 13.51682166 13.01955462
 12.99288879 13.08174338 13.03433463 13.17847245 13.42337696 13.26221647
 13.06190201 13.00687697 13.1670992  13.05488589 13.02688948 13.09506658
 13.13347869 13.25050476 13.02152896 13.14860936 13.09522952 13.50549506
 12.99233176 13.16798102 13.13702348 13.20785829 13.18279482 13.08604598
 13.59241531 12.98935491 13.06173167 13.04153619 13.13825223 12.98954124
 13.24947503 13.01486863 13.11484706 13.16089326 13.45990914 13.0336286
 13.02063212 13.24429893 13.03079797 13.23433704 13.15672382 12.9958532
 13.02367744 13.46122152 13.06699562 13.05471408 13.10751236 13.10430005
 13.04502564 13.10365587 13.01541063 13.02314088 13.10397805 13.17208089
 13.03978582 13.18908248 13.25153271 13.00028019 13.01631328 13.25024754
 13.03026617 13.16739327 12.99363089 13.07507544 13.23433704 12.98618041
 13.04884611 13.19979977 13.25435006 12.99954397 13.25613581 13.09750772
 13.12367596 13.02439235 13.03925986 13.00248502 12.98505708 13.12991576
 13.23933891 13.0202731  13.03996106 13.0590007  12.98972756 13.13947887
 13.03820705 13.08703537 12.99548314 13.09327118 13.07691497 13.312292
 13.16680495 13.07507544 13.08107921 13.16385562 13.14436357 13.0453737
 13.03345192 13.18078128 13.01775541 13.01486863 13.00248502 12.98767577
 13.2201597  13.05126762 13.13917243 13.0311524  13.21033823 13.24273711
 13.08323549 13.11927522 13.02421375 13.15432962 13.03873365 13.08008191
 13.02653318 13.20231178 13.05643151 13.11198584 13.05126762 12.99751613
 13.01703466 13.05814521 13.11706455 13.03627321 13.17266454 13.04988487
 13.16739327 13.06699562 13.15672382 13.08868144 13.05505783 13.02349865
 13.28638535 13.00906426 13.16385562 13.05625995 13.0157719  13.01269679
 12.98767577 13.04013616 13.12680277 13.27517143 13.00395159 13.23750102
 13.03274507 13.0190152  13.09032394 12.98879556 13.12773808 12.98767577
 13.06699562 13.00211789 13.3587941  13.21362948 13.2591842  13.05934259
 13.20063823 13.02045268 13.05951352 13.13671595 13.01649371 13.08901027
 13.44379129 13.05057648 13.01414536 13.14284077 13.15881174 13.15732105
 13.12680277 13.25816991 13.02564193 13.07708202 13.26120751 12.98767577
 13.50376107 12.99880712 13.312292   13.10783284 13.01197149 13.21362948
 13.2166311  12.99363089 13.04884611 13.23433704 13.27319771 13.18708848
 13.44516079 13.05917165 13.12586619 13.08901027 13.19559079 13.03873365
 13.19389936 13.1255537  13.20509117 13.05230312 13.12742647 13.23486552
 13.05264805 13.01070083 13.12367596 13.19078671 13.06019668 13.01703466
 12.99843847 13.10526524 13.00906426 12.9977006  13.16944822 13.02528503
 13.15910951 13.11738075 12.99825406 13.0202731  13.06190201 13.05264805
 13.04849952 13.06564066 13.14100902 13.04328279 13.03486388 13.17032692
 13.09065199 13.04328279 13.05865863 13.00669444 13.26120751 12.99474271
 13.23539353 13.10139678 13.03768006 13.03256833 13.10526524 13.02564193
 13.0968575  13.14830696 13.10590801 13.05299279 13.11357683 13.02920137
 13.03732867 13.06207234 13.0345111  13.203425   13.14860936 13.23802674
 13.19615362 13.05005772 13.00175071 13.15011937 13.11230432 13.13825223
 13.08124527 13.04693809 13.10590801 13.18936683 13.07958276 13.25715372
 13.02349865 13.09359798 13.17266454 13.16000197 12.99511302 13.10687107
 13.02099095 13.28202448 13.0491925  12.99935992 13.10815313 13.04780592
 13.00285181 13.10365587 13.17032692 13.43687023 12.99917572 13.10719177
 13.0345111  13.3587941  13.03697695 13.07691497 13.03838255 13.14405923
 13.04188586 13.03592106 13.08637593 13.01269679 12.98767577 13.0636037
 13.12742647 13.01559127 13.22528042 12.98580611 13.02331984 13.0112457
 12.98655437 13.06631848 13.36046476 13.16621614 13.0588296  13.04693809
 12.99991218 13.02457094 13.13579256 13.07222361 13.2489595  13.0259985
 13.03132952 13.05109485 13.02777944 13.02170831 13.27811886 13.01233424
 13.03908456 13.01883537 13.02314088 13.07774966 13.01486863 13.3104502
 13.3816522  13.40415946 13.32410593 13.11007204 13.0035851  13.03873365
 13.00450088 13.08240688 13.01955462 13.11864427 13.10268857 13.16444656
 13.0567746  13.04013616 13.11134847 13.13177692 13.22259069 13.01703466
 13.00248502 13.12085005 12.98879556 13.07607936 13.42409848 13.1261785
 13.01414536 13.01522998 13.09977887 13.05746021 13.053165   13.13363313
 13.18651763 13.03978582 13.06631848 13.12804958 13.14648973 13.05161297
 13.06156132 13.14527559 13.05299279 13.11990552 13.11421221 12.99954397
 13.29452817 13.08306984 13.02349865 13.33124184 13.07524283 13.06190201
 13.00211789 13.14800445 13.10075007 13.18537446 13.07507544 13.05471408
 13.30767517 13.14436357 13.23221834 13.13053669 13.19727777 13.0678413
 13.07104624 12.99437234 12.99511302 13.09474047 13.03592106 13.13022628
 13.40942091 13.07741593 13.06631848 13.15910951 13.17208089 13.15940711
 13.13855914 12.99733151 13.1221074  13.05746021 13.06767222 13.13208664
 13.15011937 13.12898328 13.00468385 13.0092462  12.98543162 13.16915504
 13.07974913 12.99065852 13.0794163  13.05299279 12.99028629 13.16621614
 13.19783908 13.11039133 13.15132494 13.14253581 13.12116456 13.00321855
 13.1261785  12.99733151 13.06002594 13.00906426 13.08439404 13.00468385
 13.09588115 13.12929426 13.1856604  13.14192549 12.9958532  13.50893538
 13.23115613 13.09588115 13.23221834 13.06496224 13.00138334 13.02457094
 13.0794163  13.14981766 13.07841678 13.18708848 12.98618041 13.05985519
 13.06902366 13.01847553 13.22097112 13.05814521 13.11832859 13.0804145
 13.06665711 13.15192696 13.03978582 13.07741593 13.18936683 13.11611501
 13.05092221 13.16856828 13.16621614 13.02242491 13.01051914 13.00468385
 13.16089326 13.21390292 13.12242139 13.08505527 13.19502746 13.02063212
 13.10783284 13.12430244 13.00285181 13.11357683 13.10268857 13.20398091
 13.15492893 13.00979194 13.19177871 13.18651763 13.12116456 13.15910951
 13.17412133 13.07339923 13.02528503 13.17266454 13.10719177 13.15432962
 13.10783284 13.07373471 13.17557491 13.13115709 13.16798102 13.05402602
 13.14527559 13.1579177  13.19979977 13.17266454 13.1261785  13.22205127
 13.13146703 13.08439404 13.20647626 13.15192696 13.08769427 12.98692841
 12.99917572 13.00578114 13.09032394 13.04363166 13.10943297 13.16562682
 13.20481381 13.09294433 13.24585656 13.08340112 13.09945486 13.20564557
 13.16739327 13.00138334 13.19361702 13.09294433 12.99696208 13.16915504
 13.19361702 13.17383027 13.21116264 13.00376842 13.20647626 13.19389936
 13.21581395 13.36129783 13.08141132 13.0794163  13.04083655 13.03132952
 12.99733151 13.19050295 13.1255537  13.10010269 13.17499388 13.05814521
 13.08074691 13.20675292 13.22528042 13.18936683 13.1202205  13.37280736
 12.98767577 13.17847245 12.99400164 13.21116264 13.17499388 13.27615563
 13.19361702 13.1373309  13.10075007 13.36461548 13.18594629 13.33301007
 12.99511302 12.98916843 13.413879   13.18508829 12.99935992 13.0857159
 13.15072241 13.12991576 12.9958532  13.17353903 12.99474271 13.11674817
 13.19276924 13.35543496 13.07272765 13.20675292 13.01051914 13.10975256
 13.23644821 13.24585656 13.24169361 12.99548314 13.12929426 12.98692841
 13.28783123 13.10847332 13.25409453 13.13917243 12.98505708 13.00138334
 13.27713809 13.01883537 13.00833579 13.225817   12.99548314 13.01522998
 13.01233424 13.00431775 13.00504976 13.03309866] 694
glb= [13.14739897 13.16415115 12.98842235 13.00979194 13.08687054 13.27146498
 13.15747024 12.99400164 13.02653318 13.08785889 13.28007512 13.17905045
 13.29452817 12.98486971 13.16974123 13.20481381 12.99880712 13.17003413
 13.18723113 13.20259027 13.25969068 13.00248502 13.0202731  13.00687697
 13.19446366 13.25076195 13.03256833 13.02278292 12.99529809 13.18222012
 13.01522998 13.41902049 13.12851658 13.27517143 13.25204598 13.27860861
 12.99028629 13.18908248 12.98804909 13.16944822 13.16267223 13.16944822
 13.27517143 13.15582697 13.09815734 12.98393226 13.00486681 13.18106932
 13.02260392 13.11166725 13.13825223 13.25689941 13.21226024 13.1221074
 13.17818332 13.01287791 13.20175441 13.45327667 13.19192031 13.00705936
 13.00942813 13.02314088 13.08901027 13.25588104 13.01937482 13.1261785
 13.10397805 13.18708848 13.23168744 13.01414536 13.03221453 13.16029918
 13.21907615 13.23486552 13.00376842 12.9843074  13.14345029 13.02813514
 13.2166311  12.98842235 13.1180128  13.02457094 13.02991133 13.09196274
 13.28541925 13.25101897 13.19474561 13.01269679 13.19952004 13.16768723
 13.13177692 13.23539353 13.26723452 13.49015611 13.45727028 13.12586619
 13.05797405 13.28056312 13.25153271 13.10365587 13.51682166 13.01955462
 12.99288879 13.08174338 13.03433463 13.17847245 13.42337696 13.26221647
 13.06190201 13.00687697 13.1670992  13.05488589 13.02688948 13.09506658
 13.13347869 13.25050476 13.02152896 13.14860936 13.09522952 13.50549506
 12.99233176 13.16798102 13.13702348 13.20785829 13.18279482 13.08604598
 13.59241531 12.98935491 13.06173167 13.04153619 13.13825223 12.98954124
 13.24947503 13.01486863 13.11484706 13.16089326 13.45990914 13.0336286
 13.02063212 13.24429893 13.03079797 13.23433704 13.15672382 12.9958532
 13.02367744 13.46122152 13.06699562 13.05471408 13.10751236 13.10430005
 13.04502564 13.10365587 13.01541063 13.02314088 13.10397805 13.17208089
 13.03978582 13.18908248 13.25153271 13.00028019 13.01631328 13.25024754
 13.03026617 13.16739327 12.99363089 13.07507544 13.23433704 12.98618041
 13.04884611 13.19979977 13.25435006 12.99954397 13.25613581 13.09750772
 13.12367596 13.02439235 13.03925986 13.00248502 12.98505708 13.12991576
 13.23933891 13.0202731  13.03996106 13.0590007  12.98972756 13.13947887
 13.03820705 13.08703537 12.99548314 13.09327118 13.07691497 13.312292
 13.16680495 13.07507544 13.08107921 13.16385562 13.14436357 13.0453737
 13.03345192 13.18078128 13.01775541 13.01486863 13.00248502 12.98767577
 13.2201597  13.05126762 13.13917243 13.0311524  13.21033823 13.24273711
 13.08323549 13.11927522 13.02421375 13.15432962 13.03873365 13.08008191
 13.02653318 13.20231178 13.05643151 13.11198584 13.05126762 12.99751613
 13.01703466 13.05814521 13.11706455 13.03627321 13.17266454 13.04988487
 13.16739327 13.06699562 13.15672382 13.08868144 13.05505783 13.02349865
 13.28638535 13.00906426 13.16385562 13.05625995 13.0157719  13.01269679
 12.98767577 13.04013616 13.12680277 13.27517143 13.00395159 13.23750102
 13.03274507 13.0190152  13.09032394 12.98879556 13.12773808 12.98767577
 13.06699562 13.00211789 13.3587941  13.21362948 13.2591842  13.05934259
 13.20063823 13.02045268 13.05951352 13.13671595 13.01649371 13.08901027
 13.44379129 13.05057648 13.01414536 13.14284077 13.15881174 13.15732105
 13.12680277 13.25816991 13.02564193 13.07708202 13.26120751 12.98767577
 13.50376107 12.99880712 13.312292   13.10783284 13.01197149 13.21362948
 13.2166311  12.99363089 13.04884611 13.23433704 13.27319771 13.18708848
 13.44516079 13.05917165 13.12586619 13.08901027 13.19559079 13.03873365
 13.19389936 13.1255537  13.20509117 13.05230312 13.12742647 13.23486552
 13.05264805 13.01070083 13.12367596 13.19078671 13.06019668 13.01703466
 12.99843847 13.10526524 13.00906426 12.9977006  13.16944822 13.02528503
 13.15910951 13.11738075 12.99825406 13.0202731  13.06190201 13.05264805
 13.04849952 13.06564066 13.14100902 13.04328279 13.03486388 13.17032692
 13.09065199 13.04328279 13.05865863 13.00669444 13.26120751 12.99474271
 13.23539353 13.10139678 13.03768006 13.03256833 13.10526524 13.02564193
 13.0968575  13.14830696 13.10590801 13.05299279 13.11357683 13.02920137
 13.03732867 13.06207234 13.0345111  13.203425   13.14860936 13.23802674
 13.19615362 13.05005772 13.00175071 13.15011937 13.11230432 13.13825223
 13.08124527 13.04693809 13.10590801 13.18936683 13.07958276 13.25715372
 13.02349865 13.09359798 13.17266454 13.16000197 12.99511302 13.10687107
 13.02099095 13.28202448 13.0491925  12.99935992 13.10815313 13.04780592
 13.00285181 13.10365587 13.17032692 13.43687023 12.99917572 13.10719177
 13.0345111  13.3587941  13.03697695 13.07691497 13.03838255 13.14405923
 13.04188586 13.03592106 13.08637593 13.01269679 12.98767577 13.0636037
 13.12742647 13.01559127 13.22528042 12.98580611 13.02331984 13.0112457
 12.98655437 13.06631848 13.36046476 13.16621614 13.0588296  13.04693809
 12.99991218 13.02457094 13.13579256 13.07222361 13.2489595  13.0259985
 13.03132952 13.05109485 13.02777944 13.02170831 13.27811886 13.01233424
 13.03908456 13.01883537 13.02314088 13.07774966 13.01486863 13.3104502
 13.3816522  13.40415946 13.32410593 13.11007204 13.0035851  13.03873365
 13.00450088 13.08240688 13.01955462 13.11864427 13.10268857 13.16444656
 13.0567746  13.04013616 13.11134847 13.13177692 13.22259069 13.01703466
 13.00248502 13.12085005 12.98879556 13.07607936 13.42409848 13.1261785
 13.01414536 13.01522998 13.09977887 13.05746021 13.053165   13.13363313
 13.18651763 13.03978582 13.06631848 13.12804958 13.14648973 13.05161297
 13.06156132 13.14527559 13.05299279 13.11990552 13.11421221 12.99954397
 13.29452817 13.08306984 13.02349865 13.33124184 13.07524283 13.06190201
 13.00211789 13.14800445 13.10075007 13.18537446 13.07507544 13.05471408
 13.30767517 13.14436357 13.23221834 13.13053669 13.19727777 13.0678413
 13.07104624 12.99437234 12.99511302 13.09474047 13.03592106 13.13022628
 13.40942091 13.07741593 13.06631848 13.15910951 13.17208089 13.15940711
 13.13855914 12.99733151 13.1221074  13.05746021 13.06767222 13.13208664
 13.15011937 13.12898328 13.00468385 13.0092462  12.98543162 13.16915504
 13.07974913 12.99065852 13.0794163  13.05299279 12.99028629 13.16621614
 13.19783908 13.11039133 13.15132494 13.14253581 13.12116456 13.00321855
 13.1261785  12.99733151 13.06002594 13.00906426 13.08439404 13.00468385
 13.09588115 13.12929426 13.1856604  13.14192549 12.9958532  13.50893538
 13.23115613 13.09588115 13.23221834 13.06496224 13.00138334 13.02457094
 13.0794163  13.14981766 13.07841678 13.18708848 12.98618041 13.05985519
 13.06902366 13.01847553 13.22097112 13.05814521 13.11832859 13.0804145
 13.06665711 13.15192696 13.03978582 13.07741593 13.18936683 13.11611501
 13.05092221 13.16856828 13.16621614 13.02242491 13.01051914 13.00468385
 13.16089326 13.21390292 13.12242139 13.08505527 13.19502746 13.02063212
 13.10783284 13.12430244 13.00285181 13.11357683 13.10268857 13.20398091
 13.15492893 13.00979194 13.19177871 13.18651763 13.12116456 13.15910951
 13.17412133 13.07339923 13.02528503 13.17266454 13.10719177 13.15432962
 13.10783284 13.07373471 13.17557491 13.13115709 13.16798102 13.05402602
 13.14527559 13.1579177  13.19979977 13.17266454 13.1261785  13.22205127
 13.13146703 13.08439404 13.20647626 13.15192696 13.08769427 12.98692841
 12.99917572 13.00578114 13.09032394 13.04363166 13.10943297 13.16562682
 13.20481381 13.09294433 13.24585656 13.08340112 13.09945486 13.20564557
 13.16739327 13.00138334 13.19361702 13.09294433 12.99696208 13.16915504
 13.19361702 13.17383027 13.21116264 13.00376842 13.20647626 13.19389936
 13.21581395 13.36129783 13.08141132 13.0794163  13.04083655 13.03132952
 12.99733151 13.19050295 13.1255537  13.10010269 13.17499388 13.05814521
 13.08074691 13.20675292 13.22528042 13.18936683 13.1202205  13.37280736
 12.98767577 13.17847245 12.99400164 13.21116264 13.17499388 13.27615563
 13.19361702 13.1373309  13.10075007 13.36461548 13.18594629 13.33301007
 12.99511302 12.98916843 13.413879   13.18508829 12.99935992 13.0857159
 13.15072241 13.12991576 12.9958532  13.17353903 12.99474271 13.11674817
 13.19276924 13.35543496 13.07272765 13.20675292 13.01051914 13.10975256
 13.23644821 13.24585656 13.24169361 12.99548314 13.12929426 12.98692841
 13.28783123 13.10847332 13.25409453 13.13917243 12.98505708 13.00138334
 13.27713809 13.01883537 13.00833579 13.225817   12.99548314 13.01522998
 13.01233424 13.00431775 13.00504976 13.03309866] 694
bidsort lists= 694 694
 694
SNAP 40
EPS 0.046272347068229636
galrad= 0.01
!!! agesel
Found 800 stars.
Rotated pos.
Rotated vel.
Calculating circularities
dty= [13.08785889 13.25076195 13.16974123 13.27146498 13.00979194 13.25969068
 13.19446366 12.98092569 13.01522998 12.93809319 13.25204598 13.27517143
 12.98842235 13.1670992  13.16944822 13.18708848 13.17003413 13.12851658
 12.92755306 12.95880678 13.45327667 13.29452817 13.05797405 13.01287791
 13.14739897 13.20259027 13.15582697 12.9345273  13.24273711 12.92675261
 13.16267223 12.95493556 13.08687054 12.98486971 12.97108028 12.99880712
 12.99288879 13.16944822 13.09196274 13.15747024 13.03221453 12.99954397
 13.08901027 13.02278292 13.00248502 13.28056312 12.95007243 13.14345029
 13.13702348 13.09815734 12.98804909 13.17818332 13.1180128  13.50549506
 13.41902049 13.20481381 13.18279482 13.09506658 13.27517143 12.97941832
 13.18222012 13.21907615 13.21226024 13.02813514 13.18106932 13.16385562
 13.26221647 13.24429893 12.97790837 13.00705936 13.16415115 13.13825223
 13.03433463 13.18078128 13.312292   13.11484706 13.18723113 12.9843074
 13.03978582 13.0202731  13.44516079 13.12586619 13.00687697 13.19192031
 13.01269679 13.07507544 13.02260392 13.45990914 12.99529809 13.03925986
 12.98393226 13.00942813 12.98205436 13.23168744 13.23486552 13.10365587
 13.00687697 13.09522952 13.28007512 13.12773808 13.16089326 13.45727028
 13.02991133 12.98224235 13.13947887 13.16798102 13.18908248 13.13825223
 12.93848841 13.02314088 13.13177692 13.19979977 13.21033823 13.0336286
 13.49015611 12.93532088 13.00028019 12.95880678 13.2166311  13.21362948
 12.9245476  13.25101897 13.05126762 13.03026617 13.13671595 13.10751236
 13.03256833 13.24947503 13.01486863 13.16029918 12.98842235 13.08868144
 12.95377084 12.98243033 13.15881174 13.03996106 13.16385562 13.51682166
 13.01269679 13.08107921 13.01631328 13.01937482 13.25689941 13.10397805
 13.02653318 13.18908248 13.17847245 13.42337696 13.23433704 12.98935491
 12.94714168 13.08703537 12.97488045 13.16739327 13.12991576 12.99474271
 13.06699562 13.10430005 13.05763155 12.93054861 13.17208089 12.97866374
 13.46122152 13.02063212 13.10365587 12.9638138  13.04153619 13.02421375
 12.9958532  13.0453737  13.00906426 13.07255967 13.19474561 13.12680277
 12.97336233 13.04676446 12.97488045 13.09750772 12.94596667 12.96898321
 13.23539353 13.07908322 12.97488045 13.23750102 13.13917243 12.99233176
 13.19952004 13.20063823 13.02688948 13.1261785  13.11166725 13.203425
 13.06699562 13.03627321 13.25816991 13.32589945 13.15672382 13.44379129
 13.26120751 13.21362948 13.19559079 12.93174415 13.3816522  13.25153271
 13.17905045 13.08174338 13.03345192 13.17266454 13.05471408 13.04953871
 13.10526524 13.28638535 13.1221074  13.59241531 12.93413021 13.19389936
 13.1255537  13.02045268 13.08240688 13.25588104 13.08604598 12.95745384
 12.94831517 12.99400164 13.11895977 12.98767577 13.12680277 13.03274507
 13.02457094 13.10397805 13.14284077 13.16768723 13.2201597  13.08901027
 13.20509117 12.92615172 12.96304543 13.2591842  13.14436357 13.14860936
 12.98954124 12.95977185 13.01486863 13.02349865 13.20175441 13.04013616
 12.9526046  13.26723452 13.00486681 13.01504931 13.11706455 13.05951352
 13.0202731  13.25024754 13.19078671 13.10783284 13.09359798 13.02385622
 13.312292   13.02152896 12.94753299 13.02653318 13.00285181 13.25435006
 13.02081154 12.92133077 13.28541925 13.01197149 13.25153271 13.10139678
 13.25613581 13.20231178 12.9584204  13.0571175  12.98167833 12.95377084
 13.04884611 12.98767577 13.10526524 13.05488589 12.97069939 13.03592106
 12.94714168 13.12367596 12.96035046 12.98879556 12.93690604 13.2166311
 13.05917165 13.00211789 13.00248502 12.99028629 13.01070083 13.02439235
 13.07171926 13.25050476 12.95104726 13.02367744 13.27860861 13.02795737
 13.00376842 12.99880712 12.95202087 13.03345192 13.0311524  13.09032394
 13.12586619 13.1180128  13.48159871 12.94831517 12.99363089 13.00687697
 13.10590801 13.01775541 12.969174   12.98505708 13.00248502 13.13347869
 13.15910951 13.02742355 12.97941832 13.15672382 13.13239624 13.03662517
 12.97998397 12.96496529 13.16944822 13.20785829 13.18708848 13.0190152
 13.03908456 12.99474271 13.11927522 13.03592106 12.99751613 13.07205553
 13.50376107 12.98355707 13.01414536 12.96419783 12.99548314 13.04502564
 12.9498774  13.14739897 12.96342971 12.9792297  13.0052327  12.97222219
 13.03820705 13.01955462 13.01486863 12.99363089 13.04693809 13.06801031
 13.03026617 13.3587941  13.01414536 13.0453737  12.94006799 13.03873365
 13.13239624 12.93848841 13.0259985  13.0345111  13.00815351 13.01541063
 13.05917165 13.07691497 13.23933891 12.94675016 13.04988487 12.98767577
 13.00138334 13.06190201 13.03044349 13.03079797 12.96726348 13.17032692
 13.14860936 13.05057648 13.03873365 13.02920137 13.16415115 13.00979194
 12.97336233 13.02528503 13.07607936 13.10590801 13.27319771 12.95919297
 12.96783704 13.04241    13.06564066 13.02635501 13.03097512 13.03380512
 12.99474271 13.04502564 13.05814521 13.26120751 13.11738075 13.10590801
 13.04884611 13.01703466 13.08323549 12.9345273  12.98972756 12.94870588
 12.9767742  13.40415946 12.92233721 13.10042647 13.05057648 12.94596667
 13.11230432 13.25715372 13.04676446 12.93333557 12.95377084 12.97488045
 13.43687023 13.27517143 13.07958276 13.03978582 12.96189139 13.08008191
 12.97828608 13.19446366 12.93611394 13.25816991 12.95104726 13.09977887
 12.94792411 13.11198584 13.07239168 12.97790837 13.09294433 13.06139082
 12.93967343 13.15011937 13.13177692 13.18651763 13.02457094 13.23539353
 13.03697695 13.02260392 13.12742647 12.95803382 13.12430244 13.08124527
 13.0590007  13.04171103 13.15432962 13.28202448 13.01775541 12.99935992
 13.10687107 13.06019668 13.07390246 12.94361182 13.3816522  12.98767577
 13.05230312 13.03908456 13.14100902 12.9245476  13.0968575  13.22259069
 13.14648973 13.14162013 13.06173167 13.09327118 12.96898321 13.16207978
 12.99511302 13.01342132 13.07507544 13.04328279 13.05643151 13.00285181
 13.09880636 12.94243211 13.04293388 13.01559127 12.9496822  13.18936683
 12.92575096 13.04083655 13.16680495 13.15612603 13.05264805 13.04815288
 12.9638138  13.05264805 13.23433704 13.02170831 13.04953871 13.16739327
 13.06462282 13.053165   13.05934259 12.97828608 13.01649371 13.07741593
 13.08901027 13.08637593 13.16680495 13.09065199 12.98618041 12.99825406
 13.03838255 13.23486552 13.02920137 13.01522998 12.93254012 13.29452817
 13.07222361 13.17266454 12.95532345 12.96802819 13.00906426 13.00669444
 13.02349865 13.25511606 12.93134579 13.23802674 12.93967343 13.05780274
 13.05625995 12.98280611 12.95764718 12.95919297 13.05299279 13.0202731
 13.14527559 13.23433704 13.04502564 13.04188586 13.02188752 12.93888357
 13.3587941  12.98167833 12.99917572 13.19783908 13.10719177 12.99991218
 12.98991387 13.30767517 12.99251745 13.16444656 13.14800445 13.05126762
 13.03662517 13.22528042 12.98449494 13.02884611 13.00815351 13.10365587
 13.02671134 12.96764586 13.0157719  13.07272765 13.07774966 13.07708202
 13.03309866 12.92374439 13.15732105 13.12085005 12.96112133 13.24585656
 13.18106932 12.96802819 13.3104502  12.94439743 13.17962789 13.06445309
 13.0588296  12.98991387 13.06394355 13.00578114 12.9498774  13.0076067
 13.05161297 13.18965109 13.07908322 13.01142721 13.17032692 12.93809319
 13.10268857 13.0035851  12.96764586 12.95880678 13.0491925  12.9977006
 13.06631848 13.08240688 13.16915504 12.94714168 12.9965926  13.02314088
 13.01883537 13.00450088 13.02564193 13.01414536 12.95609864 13.02206671
 12.97450111 13.2489595  12.95996474 12.95279901 12.98879556 13.03732867
 13.12742647 12.96688089 12.99140254 13.0536817  13.16000197 13.05299279
 13.14284077 13.13239624 13.03539259 12.99548314 13.07691497 13.02063212
 13.06019668 13.21472264 13.13548445 13.27615563 13.13053669 13.02099095
 12.97525945 12.94125088 13.08306984 13.32410593 13.01631328 13.01703466
 12.9965926  12.94831517 13.07507544 13.06002594 12.97184175 13.20951269
 13.00851793 12.92935168 13.15851386 12.92253842 12.9638138  12.96688089
 12.95377084 13.19979977 12.94831517 12.95667977 12.98991387 13.06156132
 13.02777944 13.13022628 13.0636037  13.11864427 13.01919502 12.94282554
 12.96035046 12.94675016 12.94792411 12.93927853 13.0567746  13.04780592
 13.11007204 13.1261785  12.98655437 13.07373471 13.01883537 13.42409848
 12.99028629 13.09945486 13.0588296  13.13579256 13.15910951 13.06631848
 12.93492419 13.33124184 13.11039133 13.19727777 13.13855914 13.22043027
 13.07524283 12.97715236 12.96993702 13.41165588 12.97374212 13.11832859
 13.11357683 13.13208664 13.08901027 13.27270318 12.96150646 13.15642498
 13.19135379 13.00979194 12.93947606 13.10815313 13.0502307  13.13825223
 12.95919297 13.16621614 12.97828608 13.05333734 13.07974913 13.01739513
 12.94282554 13.29737289 12.98393226 13.11927522 13.01015571 13.05746021
 13.50893538 13.06631848 12.96150646 13.1246155  13.09474047 13.01955462
 13.11990552 13.12242139 12.93611394 13.16621614 13.15940711 13.13363313
 12.99028629 13.10815313 12.95415919 13.40942091 12.95648607 13.12804958
 13.06224266 13.00906426 13.09588115 12.97866374 12.99065852 12.99622307
 13.2279583  13.14981766 12.94518238 13.19446366 13.1261785  12.98243033
 13.02170831 13.17208089 12.98543162 13.05092221 12.98916843 13.1856604
 12.96993702 12.93927853 13.01342132 12.98916843 12.98468233 12.95104726
 12.93492419 13.04048645 12.98092569 13.23960106 13.14436357 13.01015571
 13.16856828 12.96035046 12.95532345 12.92815292 13.15132494 12.92695278
 13.09588115 13.02813514 13.06496224 13.1221074  13.00211789 13.24585656
 13.01450709 12.93014979 13.12898328 12.96534872 13.05814521 12.99622307
 13.21826217 13.13548445 13.23221834 12.96764586 13.24064824 13.00504976
 13.0916353  12.96458165 13.08373228 13.00687697 12.95532345 13.33827724
 13.01432623 13.1579177  13.15821587 12.93967343 12.95609864 12.98618041
 12.95182626 13.19699689 13.11832859 13.0052327  13.03556885 13.06969844
 13.24792704 12.94085678 13.01883537 13.06156132 13.01811563 13.00431775
 12.98916843 13.10268857 12.97904106 12.98879556 13.00138334 12.95026746
 12.98318169 13.49136137 13.0804145  12.96534872 13.16444656 13.00942813
 13.16915504 12.94439743 13.00942813 13.00468385 13.1579177  13.15072241
 13.17557491 12.94046249 13.01450709 12.98916843 13.17412133 13.16029918
 12.9345273  13.17412133 12.94361182 12.95880678 13.17557491 13.14039733
 13.04328279 12.99437234 12.99177432 13.15642498 13.03203761 13.17149676
 12.92615172 13.1217933  13.21280826 13.01051914 13.02099095 13.00687697
 13.02242491 13.18336896 13.20119656 13.15192696 13.00578114 13.13177692
 12.92374439 13.16503694 13.0968575  12.93730201 12.95919297 13.24064824
 13.1916371  13.02635501 13.02170831 12.98393226 13.22742368 13.39806575
 12.98804909 13.01522998 13.0112457  13.01559127 13.18078128 13.07373471
 13.14009135 13.01233424 12.93651002 12.94203861 13.20286866 13.20509117
 13.09294433 12.92775303 13.01559127 13.1217933  13.00321855 13.04013616
 13.01955462 13.00431775 12.95764718 12.99400164 13.24792704 13.00724186
 12.94400479 13.02955645 12.98355707 13.02421375 13.02688948 12.9977006
 13.02920137 12.98280611 13.0502307  13.07440538 13.03239144 13.04572157
 13.26422903 12.93651002 13.16974123 13.0636037  13.39729796 12.94046249
 13.30860183 13.07507544 13.07708202 13.2332786  13.25153271 13.07104624
 12.95454747 13.38005687 13.29119006 13.08505527 13.05608837 13.05574505
 13.30301723 13.08373228 13.10719177 13.25613581 13.28396695 13.14284077
 13.06496224 13.06902366 13.05608837 13.25613581 12.94753299 13.0804145
 13.0730635  13.06699562 13.14223074 13.07641369 13.23750102 13.0730635
 12.95065746 13.06462282 13.06801031 13.10462194 13.07908322 12.95609864
 13.11294087 12.95454747 13.4628555  13.09555543 13.11102959 13.25613581
 13.26723452 12.95764718 13.44379129 12.93014979 13.2484435  12.99991218] 960
glb= [13.08785889 13.25076195 13.16974123 13.27146498 13.00979194 13.25969068
 13.19446366 12.98092569 13.01522998 12.93809319 13.25204598 13.27517143
 12.98842235 13.1670992  13.16944822 13.18708848 13.17003413 13.12851658
 12.92755306 12.95880678 13.45327667 13.29452817 13.05797405 13.01287791
 13.14739897 13.20259027 13.15582697 12.9345273  13.24273711 12.92675261
 13.16267223 12.95493556 13.08687054 12.98486971 12.97108028 12.99880712
 12.99288879 13.16944822 13.09196274 13.15747024 13.03221453 12.99954397
 13.08901027 13.02278292 13.00248502 13.28056312 12.95007243 13.14345029
 13.13702348 13.09815734 12.98804909 13.17818332 13.1180128  13.50549506
 13.41902049 13.20481381 13.18279482 13.09506658 13.27517143 12.97941832
 13.18222012 13.21907615 13.21226024 13.02813514 13.18106932 13.16385562
 13.26221647 13.24429893 12.97790837 13.00705936 13.16415115 13.13825223
 13.03433463 13.18078128 13.312292   13.11484706 13.18723113 12.9843074
 13.03978582 13.0202731  13.44516079 13.12586619 13.00687697 13.19192031
 13.01269679 13.07507544 13.02260392 13.45990914 12.99529809 13.03925986
 12.98393226 13.00942813 12.98205436 13.23168744 13.23486552 13.10365587
 13.00687697 13.09522952 13.28007512 13.12773808 13.16089326 13.45727028
 13.02991133 12.98224235 13.13947887 13.16798102 13.18908248 13.13825223
 12.93848841 13.02314088 13.13177692 13.19979977 13.21033823 13.0336286
 13.49015611 12.93532088 13.00028019 12.95880678 13.2166311  13.21362948
 12.9245476  13.25101897 13.05126762 13.03026617 13.13671595 13.10751236
 13.03256833 13.24947503 13.01486863 13.16029918 12.98842235 13.08868144
 12.95377084 12.98243033 13.15881174 13.03996106 13.16385562 13.51682166
 13.01269679 13.08107921 13.01631328 13.01937482 13.25689941 13.10397805
 13.02653318 13.18908248 13.17847245 13.42337696 13.23433704 12.98935491
 12.94714168 13.08703537 12.97488045 13.16739327 13.12991576 12.99474271
 13.06699562 13.10430005 13.05763155 12.93054861 13.17208089 12.97866374
 13.46122152 13.02063212 13.10365587 12.9638138  13.04153619 13.02421375
 12.9958532  13.0453737  13.00906426 13.07255967 13.19474561 13.12680277
 12.97336233 13.04676446 12.97488045 13.09750772 12.94596667 12.96898321
 13.23539353 13.07908322 12.97488045 13.23750102 13.13917243 12.99233176
 13.19952004 13.20063823 13.02688948 13.1261785  13.11166725 13.203425
 13.06699562 13.03627321 13.25816991 13.32589945 13.15672382 13.44379129
 13.26120751 13.21362948 13.19559079 12.93174415 13.3816522  13.25153271
 13.17905045 13.08174338 13.03345192 13.17266454 13.05471408 13.04953871
 13.10526524 13.28638535 13.1221074  13.59241531 12.93413021 13.19389936
 13.1255537  13.02045268 13.08240688 13.25588104 13.08604598 12.95745384
 12.94831517 12.99400164 13.11895977 12.98767577 13.12680277 13.03274507
 13.02457094 13.10397805 13.14284077 13.16768723 13.2201597  13.08901027
 13.20509117 12.92615172 12.96304543 13.2591842  13.14436357 13.14860936
 12.98954124 12.95977185 13.01486863 13.02349865 13.20175441 13.04013616
 12.9526046  13.26723452 13.00486681 13.01504931 13.11706455 13.05951352
 13.0202731  13.25024754 13.19078671 13.10783284 13.09359798 13.02385622
 13.312292   13.02152896 12.94753299 13.02653318 13.00285181 13.25435006
 13.02081154 12.92133077 13.28541925 13.01197149 13.25153271 13.10139678
 13.25613581 13.20231178 12.9584204  13.0571175  12.98167833 12.95377084
 13.04884611 12.98767577 13.10526524 13.05488589 12.97069939 13.03592106
 12.94714168 13.12367596 12.96035046 12.98879556 12.93690604 13.2166311
 13.05917165 13.00211789 13.00248502 12.99028629 13.01070083 13.02439235
 13.07171926 13.25050476 12.95104726 13.02367744 13.27860861 13.02795737
 13.00376842 12.99880712 12.95202087 13.03345192 13.0311524  13.09032394
 13.12586619 13.1180128  13.48159871 12.94831517 12.99363089 13.00687697
 13.10590801 13.01775541 12.969174   12.98505708 13.00248502 13.13347869
 13.15910951 13.02742355 12.97941832 13.15672382 13.13239624 13.03662517
 12.97998397 12.96496529 13.16944822 13.20785829 13.18708848 13.0190152
 13.03908456 12.99474271 13.11927522 13.03592106 12.99751613 13.07205553
 13.50376107 12.98355707 13.01414536 12.96419783 12.99548314 13.04502564
 12.9498774  13.14739897 12.96342971 12.9792297  13.0052327  12.97222219
 13.03820705 13.01955462 13.01486863 12.99363089 13.04693809 13.06801031
 13.03026617 13.3587941  13.01414536 13.0453737  12.94006799 13.03873365
 13.13239624 12.93848841 13.0259985  13.0345111  13.00815351 13.01541063
 13.05917165 13.07691497 13.23933891 12.94675016 13.04988487 12.98767577
 13.00138334 13.06190201 13.03044349 13.03079797 12.96726348 13.17032692
 13.14860936 13.05057648 13.03873365 13.02920137 13.16415115 13.00979194
 12.97336233 13.02528503 13.07607936 13.10590801 13.27319771 12.95919297
 12.96783704 13.04241    13.06564066 13.02635501 13.03097512 13.03380512
 12.99474271 13.04502564 13.05814521 13.26120751 13.11738075 13.10590801
 13.04884611 13.01703466 13.08323549 12.9345273  12.98972756 12.94870588
 12.9767742  13.40415946 12.92233721 13.10042647 13.05057648 12.94596667
 13.11230432 13.25715372 13.04676446 12.93333557 12.95377084 12.97488045
 13.43687023 13.27517143 13.07958276 13.03978582 12.96189139 13.08008191
 12.97828608 13.19446366 12.93611394 13.25816991 12.95104726 13.09977887
 12.94792411 13.11198584 13.07239168 12.97790837 13.09294433 13.06139082
 12.93967343 13.15011937 13.13177692 13.18651763 13.02457094 13.23539353
 13.03697695 13.02260392 13.12742647 12.95803382 13.12430244 13.08124527
 13.0590007  13.04171103 13.15432962 13.28202448 13.01775541 12.99935992
 13.10687107 13.06019668 13.07390246 12.94361182 13.3816522  12.98767577
 13.05230312 13.03908456 13.14100902 12.9245476  13.0968575  13.22259069
 13.14648973 13.14162013 13.06173167 13.09327118 12.96898321 13.16207978
 12.99511302 13.01342132 13.07507544 13.04328279 13.05643151 13.00285181
 13.09880636 12.94243211 13.04293388 13.01559127 12.9496822  13.18936683
 12.92575096 13.04083655 13.16680495 13.15612603 13.05264805 13.04815288
 12.9638138  13.05264805 13.23433704 13.02170831 13.04953871 13.16739327
 13.06462282 13.053165   13.05934259 12.97828608 13.01649371 13.07741593
 13.08901027 13.08637593 13.16680495 13.09065199 12.98618041 12.99825406
 13.03838255 13.23486552 13.02920137 13.01522998 12.93254012 13.29452817
 13.07222361 13.17266454 12.95532345 12.96802819 13.00906426 13.00669444
 13.02349865 13.25511606 12.93134579 13.23802674 12.93967343 13.05780274
 13.05625995 12.98280611 12.95764718 12.95919297 13.05299279 13.0202731
 13.14527559 13.23433704 13.04502564 13.04188586 13.02188752 12.93888357
 13.3587941  12.98167833 12.99917572 13.19783908 13.10719177 12.99991218
 12.98991387 13.30767517 12.99251745 13.16444656 13.14800445 13.05126762
 13.03662517 13.22528042 12.98449494 13.02884611 13.00815351 13.10365587
 13.02671134 12.96764586 13.0157719  13.07272765 13.07774966 13.07708202
 13.03309866 12.92374439 13.15732105 13.12085005 12.96112133 13.24585656
 13.18106932 12.96802819 13.3104502  12.94439743 13.17962789 13.06445309
 13.0588296  12.98991387 13.06394355 13.00578114 12.9498774  13.0076067
 13.05161297 13.18965109 13.07908322 13.01142721 13.17032692 12.93809319
 13.10268857 13.0035851  12.96764586 12.95880678 13.0491925  12.9977006
 13.06631848 13.08240688 13.16915504 12.94714168 12.9965926  13.02314088
 13.01883537 13.00450088 13.02564193 13.01414536 12.95609864 13.02206671
 12.97450111 13.2489595  12.95996474 12.95279901 12.98879556 13.03732867
 13.12742647 12.96688089 12.99140254 13.0536817  13.16000197 13.05299279
 13.14284077 13.13239624 13.03539259 12.99548314 13.07691497 13.02063212
 13.06019668 13.21472264 13.13548445 13.27615563 13.13053669 13.02099095
 12.97525945 12.94125088 13.08306984 13.32410593 13.01631328 13.01703466
 12.9965926  12.94831517 13.07507544 13.06002594 12.97184175 13.20951269
 13.00851793 12.92935168 13.15851386 12.92253842 12.9638138  12.96688089
 12.95377084 13.19979977 12.94831517 12.95667977 12.98991387 13.06156132
 13.02777944 13.13022628 13.0636037  13.11864427 13.01919502 12.94282554
 12.96035046 12.94675016 12.94792411 12.93927853 13.0567746  13.04780592
 13.11007204 13.1261785  12.98655437 13.07373471 13.01883537 13.42409848
 12.99028629 13.09945486 13.0588296  13.13579256 13.15910951 13.06631848
 12.93492419 13.33124184 13.11039133 13.19727777 13.13855914 13.22043027
 13.07524283 12.97715236 12.96993702 13.41165588 12.97374212 13.11832859
 13.11357683 13.13208664 13.08901027 13.27270318 12.96150646 13.15642498
 13.19135379 13.00979194 12.93947606 13.10815313 13.0502307  13.13825223
 12.95919297 13.16621614 12.97828608 13.05333734 13.07974913 13.01739513
 12.94282554 13.29737289 12.98393226 13.11927522 13.01015571 13.05746021
 13.50893538 13.06631848 12.96150646 13.1246155  13.09474047 13.01955462
 13.11990552 13.12242139 12.93611394 13.16621614 13.15940711 13.13363313
 12.99028629 13.10815313 12.95415919 13.40942091 12.95648607 13.12804958
 13.06224266 13.00906426 13.09588115 12.97866374 12.99065852 12.99622307
 13.2279583  13.14981766 12.94518238 13.19446366 13.1261785  12.98243033
 13.02170831 13.17208089 12.98543162 13.05092221 12.98916843 13.1856604
 12.96993702 12.93927853 13.01342132 12.98916843 12.98468233 12.95104726
 12.93492419 13.04048645 12.98092569 13.23960106 13.14436357 13.01015571
 13.16856828 12.96035046 12.95532345 12.92815292 13.15132494 12.92695278
 13.09588115 13.02813514 13.06496224 13.1221074  13.00211789 13.24585656
 13.01450709 12.93014979 13.12898328 12.96534872 13.05814521 12.99622307
 13.21826217 13.13548445 13.23221834 12.96764586 13.24064824 13.00504976
 13.0916353  12.96458165 13.08373228 13.00687697 12.95532345 13.33827724
 13.01432623 13.1579177  13.15821587 12.93967343 12.95609864 12.98618041
 12.95182626 13.19699689 13.11832859 13.0052327  13.03556885 13.06969844
 13.24792704 12.94085678 13.01883537 13.06156132 13.01811563 13.00431775
 12.98916843 13.10268857 12.97904106 12.98879556 13.00138334 12.95026746
 12.98318169 13.49136137 13.0804145  12.96534872 13.16444656 13.00942813
 13.16915504 12.94439743 13.00942813 13.00468385 13.1579177  13.15072241
 13.17557491 12.94046249 13.01450709 12.98916843 13.17412133 13.16029918
 12.9345273  13.17412133 12.94361182 12.95880678 13.17557491 13.14039733
 13.04328279 12.99437234 12.99177432 13.15642498 13.03203761 13.17149676
 12.92615172 13.1217933  13.21280826 13.01051914 13.02099095 13.00687697
 13.02242491 13.18336896 13.20119656 13.15192696 13.00578114 13.13177692
 12.92374439 13.16503694 13.0968575  12.93730201 12.95919297 13.24064824
 13.1916371  13.02635501 13.02170831 12.98393226 13.22742368 13.39806575
 12.98804909 13.01522998 13.0112457  13.01559127 13.18078128 13.07373471
 13.14009135 13.01233424 12.93651002 12.94203861 13.20286866 13.20509117
 13.09294433 12.92775303 13.01559127 13.1217933  13.00321855 13.04013616
 13.01955462 13.00431775 12.95764718 12.99400164 13.24792704 13.00724186
 12.94400479 13.02955645 12.98355707 13.02421375 13.02688948 12.9977006
 13.02920137 12.98280611 13.0502307  13.07440538 13.03239144 13.04572157
 13.26422903 12.93651002 13.16974123 13.0636037  13.39729796 12.94046249
 13.30860183 13.07507544 13.07708202 13.2332786  13.25153271 13.07104624
 12.95454747 13.38005687 13.29119006 13.08505527 13.05608837 13.05574505
 13.30301723 13.08373228 13.10719177 13.25613581 13.28396695 13.14284077
 13.06496224 13.06902366 13.05608837 13.25613581 12.94753299 13.0804145
 13.0730635  13.06699562 13.14223074 13.07641369 13.23750102 13.0730635
 12.95065746 13.06462282 13.06801031 13.10462194 13.07908322 12.95609864
 13.11294087 12.95454747 13.4628555  13.09555543 13.11102959 13.25613581
 13.26723452 12.95764718 13.44379129 12.93014979 13.2484435  12.99991218] 960
bidsort lists= 960 960
 960
SNAP 41
EPS 0.041916212366812686
galrad= 0.01
!!! agesel
Found 646 stars.
Rotated pos.
Rotated vel.
Calculating circularities
dty= [13.16415115 12.93532088 13.25969068 12.92675261 13.02653318 13.28541925
 12.99028629 12.98842235 13.07691497 12.99400164 13.25588104 12.93848841
 13.27517143 13.01955462 13.20175441 13.08124527 13.15747024 13.00979194
 13.01414536 13.02688948 13.00687697 13.13917243 12.97790837 12.91991974
 12.9526046  13.16944822 13.08785889 13.25689941 13.00687697 13.27146498
 13.45727028 13.0202731  12.93809319 12.90875765 13.21907615 13.00486681
 13.2166311  13.02260392 13.19192031 12.92755306 13.01937482 13.25101897
 13.01414536 12.97108028 13.00705936 13.08687054 12.89559714 13.26221647
 12.94714168 13.08901027 13.02278292 13.14860936 12.99288879 13.45990914
 13.20481381 13.1670992  13.21362948 13.08637593 12.99954397 13.25076195
 13.24947503 12.95880678 12.88644093 12.86615246 12.95377084 13.16415115
 13.10719177 12.98280611 13.10397805 13.08868144 13.05797405 13.16385562
 13.16739327 13.27517143 13.25435006 13.03256833 12.95880678 12.9767742
 13.14162013 13.14345029 13.01269679 13.12773808 13.02457094 12.97790837
 12.91911259 13.08107921 12.93054861 13.41902049 13.01522998 12.91222223
 13.27860861 13.09196274 13.18908248 13.13825223 13.59241531 13.17818332
 13.12367596 13.16029918 13.14739897 13.17905045 12.99363089 13.46122152
 13.28007512 13.08901027 13.23750102 13.02314088 12.95532345 13.10590801
 13.13347869 13.23168744 13.14860936 13.312292   13.16385562 12.89476851
 12.97941832 13.19783908 13.18908248 12.98393226 13.15910951 12.90384416
 12.91951634 12.98205436 13.01649371 13.09032394 13.01486863 13.26723452
 13.16207978 12.9843074  13.13702348 12.89559714 13.11166725 13.48159871
 13.08306984 13.16768723 13.17847245 13.11895977 13.00376842 13.13825223
 12.90937002 13.07691497 12.9977006  13.19446366 13.45327667 13.09815734
 13.00942813 13.44516079 12.93690604 12.98092569 13.01775541 13.02813514
 13.13947887 12.91810251 13.18723113 13.09506658 13.24273711 12.88098857
 12.91648415 13.01142721 12.91120457 13.1255537  13.21472264 13.18279482
 12.88140909 12.96764586 13.49015611 13.16680495 13.16974123 12.92012157
 13.05643151 13.17266454 13.01287791 13.09522952 13.09065199 13.08174338
 13.18106932 13.25204598 13.28056312 13.01486863 13.10139678 12.99825406
 12.92092786 12.8784615  13.20063823 12.95493556 13.18106932 13.07507544
 12.9245476  12.88769481 12.88644093 13.10526524 13.16267223 13.00468385
 13.02188752 13.00064815 13.0311524  13.03873365 13.2166311  13.16798102
 13.03079797 13.1221074  13.17208089 12.96035046 13.02152896 13.07507544
 13.18965109 13.05126762 13.18078128 12.96496529 13.10430005 13.20259027
 13.21033823 12.93174415 13.06699562 13.15582697 13.03221453 13.06190201
 12.95880678 12.99880712 13.17003413 13.312292   13.00138334 13.02421375
 12.98224235 13.08604598 13.15642498 13.13177692 12.9345273  13.19474561
 13.00248502 13.02045268 13.25153271 13.23486552 12.99548314 12.98767577
 13.18708848 13.17032692 12.90034811 13.02367744 13.03433463 13.42337696
 13.10526524 13.08703537 13.16000197 12.9498774  13.13671595 13.12851658
 13.12991576 12.98486971 12.95609864 13.41974981 13.0336286  13.23539353
 12.97828608 12.90875765 13.07524283 13.07222361 13.00815351 13.04884611
 13.12586619 12.94282554 13.18222012 13.11927522 12.89725238 13.00285181
 12.99529809 13.16089326 12.9638138  12.98972756 13.1180128  13.29452817
 13.19952004 13.41165588 13.01631328 13.09359798 12.91790039 12.92374439
 13.12085005 13.05814521 13.04153619 13.14100902 13.06019668 13.00979194
 13.05625995 13.19135379 13.10590801 13.21988895 12.94714168 13.14739897
 12.866793   13.26120751 13.02349865 13.30767517 12.89972985 12.97488045
 13.13579256 12.97941832 13.10365587 12.94596667 12.98804909 12.97998397
 12.87930454 13.02206671 13.21362948 13.06173167 12.86998934 12.89518293
 13.03026617 13.07272765 13.11706455 13.10751236 13.12680277 13.05264805
 13.16739327 13.05471408 12.99511302 13.16944822 13.08240688 13.03996106
 13.20231178 13.16680495 13.50549506 13.3104502  12.97336233 13.17266454
 13.03627321 13.25024754 12.99880712 13.09750772 13.02564193 13.1261785
 13.01197149 13.21226024 13.19979977 13.05057648 12.96304543 12.96898321
 13.03925986 12.97488045 13.25511606 13.11230432 13.16944822 12.90916596
 13.18708848 13.15672382 13.1261785  12.89331646 12.99233176 13.19446366
 13.10365587 13.10815313 13.26120751 12.8999359  13.15940711 12.98954124
 13.11484706 13.02439235 12.9958532  13.10783284 13.22366805 13.01883537
 13.19979977 13.25153271 12.87740658 13.09977887 12.98243033 13.23433704
 13.01541063 13.02063212 12.88936399 13.02991133 13.16915504 13.01269679
 13.2201597  12.98842235 13.10397805 13.10365587 13.09474047 13.19389936
 13.0491925  13.2591842  13.03978582 12.97866374 13.25715372 13.13022628
 12.94792411 13.25050476 12.90014209 13.23539353 12.87211447 12.95007243
 12.94006799 13.50376107 13.05934259 13.24429893 13.17962789 13.07908322
 12.9584204  13.0202731  12.98935491 13.15881174 13.15011937 13.25816991
 13.27319771 13.01703466 13.06631848 13.04328279 13.12680277 13.15672382
 13.14800445 13.14527559 12.94831517 13.03838255 12.89082199 12.90875765
 13.203425   13.0035851  12.92615172 13.1246155  12.97488045 13.19615362
 13.07958276 13.04676446 13.11198584 13.12742647 12.97866374 13.04953871
 12.96112133 12.94596667 13.0453737  12.95745384 13.13855914 12.87423482
 13.23486552 13.18651763 12.92112932 13.14284077 13.23933891 13.23433704
 13.00211789 13.02777944 13.01015571 13.15132494 13.05763155 12.96993702
 13.06699562 12.96150646 13.00028019 13.06631848 13.05951352 13.16444656
 12.99474271 13.14981766 12.96688089 12.98879556 13.10687107 13.03309866
 12.9638138  13.07255967 13.44379129 12.893524   12.95977185 12.99548314
 13.04013616 12.93413021 12.99474271 13.01775541 13.13177692 13.02813514
 13.0590007  13.07774966 12.9638138  13.20785829 13.00815351 12.92133077
 13.24585656 13.03274507 13.08240688 12.95648607 12.90630423 13.00906426
 13.02795737 13.0259985  12.94831517 13.43687023 12.8763504  13.0636037
 13.02742355 13.02385622 12.95377084 13.07205553 13.22259069 12.97488045
 13.3587941  13.13208664 13.17032692 13.12742647 13.07171926 13.12804958
 13.19078671 13.11738075 13.01070083 13.04780592 12.90343363 13.0052327
 13.03097512 13.10590801 12.87381105 13.1856604  13.08373228 12.97069939
 12.969174   13.02920137 13.02457094 13.05264805 13.23433704 12.98243033
 12.90302274 12.94753299 13.05917165 13.1180128  13.20951269 13.19276924
 12.90875765 13.03908456 12.90712267 13.00431775 13.19446366 12.88056784
 12.89683884 13.00248502 13.07741593 12.95415919 13.11007204 13.07507544
 12.87761763 13.03026617 13.12430244 13.3816522  13.0968575  12.98167833
 13.02937892 13.05057648 13.23960106 12.86572531 12.88978081 13.12586619
 12.91790039 12.95377084 13.0588296  13.21826217 13.13053669 13.00724186
 13.01522998 13.00285181 13.053165   12.93611394 12.87550474 12.95104726
 13.02081154 12.95104726 13.03592106 12.96035046 13.03539259 13.01504931
 13.03662517 12.98355707 12.92233721 12.89186222 13.07607936 13.15732105
 13.10719177 12.96764586 12.95202087 13.00687697 12.97222219 12.97715236
 13.06564066 12.98618041 12.91445708 12.93254012 13.2489595  12.87677307
 12.92213598 13.1348679  12.99935992 12.98879556 12.90199504 12.96993702
 12.93492419 13.18250756 12.89435388 12.96419783 12.96342971 12.87761763
 13.15612603 13.04241    13.02260392 12.91242563 12.96726348 13.10042647
 12.91526849 12.89310876 13.07239168 13.29452817 12.96898321 12.89435388
 12.9345273  12.95435334 13.22528042 13.16856828 13.04188586 12.93967343
 12.90425464 13.04988487 13.11927522 13.10010269 13.09294433 12.89144629
 13.29737289 12.89683884 12.87423482 12.93848841 12.9801724  12.90998196
 12.91607908 12.87677307 12.893524   12.90137772 12.92695278 13.49136137
 13.20063823 13.04293388 13.40942091 12.99991218 12.94125088 12.8801469
 12.91445708 13.39806575 13.00450088 12.88727696 13.01342132 13.05161297
 13.23221834 12.8763504  13.32410593 13.08141132 13.05437014 13.01342132
 13.08604598 13.11832859 13.42409848 12.90794057 12.89103016 12.9965926
 13.00724186 12.90548484 13.07974913 12.8801469  12.87803967 13.14284077
 13.02671134 12.88266956 13.06394355 12.96841033 13.06462282 12.88308925
 13.0567746  13.0172149  12.89269345 13.15072241 12.94518238 13.08769427
 13.20231178 13.30114246 12.88434752 12.9185067  13.11134847 12.9526046
 12.87168981 12.9686013  12.92575096 12.97525945 13.07104624 13.15851386
 12.97904106 13.08472471 13.07373471 12.86785972 13.10268857 12.98655437
 12.92575096 12.88560407 12.91810251 12.88769481 12.89435388 13.01883537
 13.05299279 12.91931447 12.86487022 12.99622307 13.02170831 12.88644093
 13.22205127 13.13794528 13.24792704 12.86487022 12.99622307 12.94909654
 13.02920137 12.86572531 12.97222219 12.91486281 12.95532345 13.0730635
 12.96802819 13.06462282 12.88182941 13.16915504 12.93967343 12.87381105
 12.99437234 13.06496224 12.91810251 13.00138334 13.21826217 13.18708848
 12.98243033 13.06292352 13.02564193 13.22312957 13.09588115 12.99622307
 12.94518238 12.9763957  13.20007941 12.93809319 13.03168359 12.87930454
 13.35459149 12.93014979 12.89518293 13.1916371  12.98767577 13.07272765
 13.03838255 13.10010269 12.97960693 12.98954124 12.96841033 13.08373228
 13.05746021 13.37280736 12.99177432 13.06462282 12.93532088 13.03380512
 12.99363089 12.99400164 13.12116456 13.06699562 12.88098857 13.08373228
 13.12492839 12.9498774  12.91729366 13.2868677  13.14527559 12.90753165
 13.05814521 12.88852974 13.2489595  13.07574484 12.99065852 13.07373471
 12.99696208 12.89849189 12.99917572 13.20398091 13.09945486 13.15072241
 13.07841678 12.99140254 12.89766571 12.96688089 12.88266956 12.86743311
 13.24169361 12.8801469  12.97374212 12.99880712 12.98842235 12.88098857
 12.90178928 13.15910951 13.17557491 13.0345111  12.89559714 13.217719
 13.23644821 13.00724186 13.18794379 12.89435388 13.10010269 13.18623201
 13.15162604 12.98130211 12.9814903  13.1255537  13.24585656 13.07104624
 13.18936683 13.17383027 12.97904106 12.96764586 13.19220341 13.19361702
 12.95764718 13.20564557 12.96649811 13.01160869 13.25511606 13.20675292
 12.96419783 12.9958532  12.99363089 13.0794163  12.87083999 12.99548314
 12.86315768 12.99696208 13.16621614 13.0857159  13.04432896 13.27615563
 13.01233424 13.17847245 13.0916353  13.18508829 13.18594629 13.01197149
 13.01559127 12.9958532  13.17499388 12.89683884 13.19389936 12.90178928
 12.89518293 12.88182941 12.88769481 13.01015571 13.25409453 13.30301723
 13.25409453 13.15372975 13.17353903 12.98692841 13.01051914 13.01703466
 12.90425464 13.01305916 13.29214594 13.15072241 13.00395159 13.16621614
 13.61260996 13.02242491 12.99548314 12.88350888 13.01522998 13.03943529
 13.02635501 12.86487022 12.87508159 13.02813514 12.88182941 12.87761763
 12.8993174  13.03203761 13.02349865 13.01883537 13.25409453 12.89518293
 13.43895946 13.04258464 13.04849952 13.04641702 13.3214038  13.28396695
 13.05437014 13.39575824 13.04676446 12.90671348 13.26019677 12.8960113
 13.07708202 13.10462194 13.06902366 13.10075007 12.88769481] 899
glb= [13.16415115 12.93532088 13.25969068 12.92675261 13.02653318 13.28541925
 12.99028629 12.98842235 13.07691497 12.99400164 13.25588104 12.93848841
 13.27517143 13.01955462 13.20175441 13.08124527 13.15747024 13.00979194
 13.01414536 13.02688948 13.00687697 13.13917243 12.97790837 12.91991974
 12.9526046  13.16944822 13.08785889 13.25689941 13.00687697 13.27146498
 13.45727028 13.0202731  12.93809319 12.90875765 13.21907615 13.00486681
 13.2166311  13.02260392 13.19192031 12.92755306 13.01937482 13.25101897
 13.01414536 12.97108028 13.00705936 13.08687054 12.89559714 13.26221647
 12.94714168 13.08901027 13.02278292 13.14860936 12.99288879 13.45990914
 13.20481381 13.1670992  13.21362948 13.08637593 12.99954397 13.25076195
 13.24947503 12.95880678 12.88644093 12.86615246 12.95377084 13.16415115
 13.10719177 12.98280611 13.10397805 13.08868144 13.05797405 13.16385562
 13.16739327 13.27517143 13.25435006 13.03256833 12.95880678 12.9767742
 13.14162013 13.14345029 13.01269679 13.12773808 13.02457094 12.97790837
 12.91911259 13.08107921 12.93054861 13.41902049 13.01522998 12.91222223
 13.27860861 13.09196274 13.18908248 13.13825223 13.59241531 13.17818332
 13.12367596 13.16029918 13.14739897 13.17905045 12.99363089 13.46122152
 13.28007512 13.08901027 13.23750102 13.02314088 12.95532345 13.10590801
 13.13347869 13.23168744 13.14860936 13.312292   13.16385562 12.89476851
 12.97941832 13.19783908 13.18908248 12.98393226 13.15910951 12.90384416
 12.91951634 12.98205436 13.01649371 13.09032394 13.01486863 13.26723452
 13.16207978 12.9843074  13.13702348 12.89559714 13.11166725 13.48159871
 13.08306984 13.16768723 13.17847245 13.11895977 13.00376842 13.13825223
 12.90937002 13.07691497 12.9977006  13.19446366 13.45327667 13.09815734
 13.00942813 13.44516079 12.93690604 12.98092569 13.01775541 13.02813514
 13.13947887 12.91810251 13.18723113 13.09506658 13.24273711 12.88098857
 12.91648415 13.01142721 12.91120457 13.1255537  13.21472264 13.18279482
 12.88140909 12.96764586 13.49015611 13.16680495 13.16974123 12.92012157
 13.05643151 13.17266454 13.01287791 13.09522952 13.09065199 13.08174338
 13.18106932 13.25204598 13.28056312 13.01486863 13.10139678 12.99825406
 12.92092786 12.8784615  13.20063823 12.95493556 13.18106932 13.07507544
 12.9245476  12.88769481 12.88644093 13.10526524 13.16267223 13.00468385
 13.02188752 13.00064815 13.0311524  13.03873365 13.2166311  13.16798102
 13.03079797 13.1221074  13.17208089 12.96035046 13.02152896 13.07507544
 13.18965109 13.05126762 13.18078128 12.96496529 13.10430005 13.20259027
 13.21033823 12.93174415 13.06699562 13.15582697 13.03221453 13.06190201
 12.95880678 12.99880712 13.17003413 13.312292   13.00138334 13.02421375
 12.98224235 13.08604598 13.15642498 13.13177692 12.9345273  13.19474561
 13.00248502 13.02045268 13.25153271 13.23486552 12.99548314 12.98767577
 13.18708848 13.17032692 12.90034811 13.02367744 13.03433463 13.42337696
 13.10526524 13.08703537 13.16000197 12.9498774  13.13671595 13.12851658
 13.12991576 12.98486971 12.95609864 13.41974981 13.0336286  13.23539353
 12.97828608 12.90875765 13.07524283 13.07222361 13.00815351 13.04884611
 13.12586619 12.94282554 13.18222012 13.11927522 12.89725238 13.00285181
 12.99529809 13.16089326 12.9638138  12.98972756 13.1180128  13.29452817
 13.19952004 13.41165588 13.01631328 13.09359798 12.91790039 12.92374439
 13.12085005 13.05814521 13.04153619 13.14100902 13.06019668 13.00979194
 13.05625995 13.19135379 13.10590801 13.21988895 12.94714168 13.14739897
 12.866793   13.26120751 13.02349865 13.30767517 12.89972985 12.97488045
 13.13579256 12.97941832 13.10365587 12.94596667 12.98804909 12.97998397
 12.87930454 13.02206671 13.21362948 13.06173167 12.86998934 12.89518293
 13.03026617 13.07272765 13.11706455 13.10751236 13.12680277 13.05264805
 13.16739327 13.05471408 12.99511302 13.16944822 13.08240688 13.03996106
 13.20231178 13.16680495 13.50549506 13.3104502  12.97336233 13.17266454
 13.03627321 13.25024754 12.99880712 13.09750772 13.02564193 13.1261785
 13.01197149 13.21226024 13.19979977 13.05057648 12.96304543 12.96898321
 13.03925986 12.97488045 13.25511606 13.11230432 13.16944822 12.90916596
 13.18708848 13.15672382 13.1261785  12.89331646 12.99233176 13.19446366
 13.10365587 13.10815313 13.26120751 12.8999359  13.15940711 12.98954124
 13.11484706 13.02439235 12.9958532  13.10783284 13.22366805 13.01883537
 13.19979977 13.25153271 12.87740658 13.09977887 12.98243033 13.23433704
 13.01541063 13.02063212 12.88936399 13.02991133 13.16915504 13.01269679
 13.2201597  12.98842235 13.10397805 13.10365587 13.09474047 13.19389936
 13.0491925  13.2591842  13.03978582 12.97866374 13.25715372 13.13022628
 12.94792411 13.25050476 12.90014209 13.23539353 12.87211447 12.95007243
 12.94006799 13.50376107 13.05934259 13.24429893 13.17962789 13.07908322
 12.9584204  13.0202731  12.98935491 13.15881174 13.15011937 13.25816991
 13.27319771 13.01703466 13.06631848 13.04328279 13.12680277 13.15672382
 13.14800445 13.14527559 12.94831517 13.03838255 12.89082199 12.90875765
 13.203425   13.0035851  12.92615172 13.1246155  12.97488045 13.19615362
 13.07958276 13.04676446 13.11198584 13.12742647 12.97866374 13.04953871
 12.96112133 12.94596667 13.0453737  12.95745384 13.13855914 12.87423482
 13.23486552 13.18651763 12.92112932 13.14284077 13.23933891 13.23433704
 13.00211789 13.02777944 13.01015571 13.15132494 13.05763155 12.96993702
 13.06699562 12.96150646 13.00028019 13.06631848 13.05951352 13.16444656
 12.99474271 13.14981766 12.96688089 12.98879556 13.10687107 13.03309866
 12.9638138  13.07255967 13.44379129 12.893524   12.95977185 12.99548314
 13.04013616 12.93413021 12.99474271 13.01775541 13.13177692 13.02813514
 13.0590007  13.07774966 12.9638138  13.20785829 13.00815351 12.92133077
 13.24585656 13.03274507 13.08240688 12.95648607 12.90630423 13.00906426
 13.02795737 13.0259985  12.94831517 13.43687023 12.8763504  13.0636037
 13.02742355 13.02385622 12.95377084 13.07205553 13.22259069 12.97488045
 13.3587941  13.13208664 13.17032692 13.12742647 13.07171926 13.12804958
 13.19078671 13.11738075 13.01070083 13.04780592 12.90343363 13.0052327
 13.03097512 13.10590801 12.87381105 13.1856604  13.08373228 12.97069939
 12.969174   13.02920137 13.02457094 13.05264805 13.23433704 12.98243033
 12.90302274 12.94753299 13.05917165 13.1180128  13.20951269 13.19276924
 12.90875765 13.03908456 12.90712267 13.00431775 13.19446366 12.88056784
 12.89683884 13.00248502 13.07741593 12.95415919 13.11007204 13.07507544
 12.87761763 13.03026617 13.12430244 13.3816522  13.0968575  12.98167833
 13.02937892 13.05057648 13.23960106 12.86572531 12.88978081 13.12586619
 12.91790039 12.95377084 13.0588296  13.21826217 13.13053669 13.00724186
 13.01522998 13.00285181 13.053165   12.93611394 12.87550474 12.95104726
 13.02081154 12.95104726 13.03592106 12.96035046 13.03539259 13.01504931
 13.03662517 12.98355707 12.92233721 12.89186222 13.07607936 13.15732105
 13.10719177 12.96764586 12.95202087 13.00687697 12.97222219 12.97715236
 13.06564066 12.98618041 12.91445708 12.93254012 13.2489595  12.87677307
 12.92213598 13.1348679  12.99935992 12.98879556 12.90199504 12.96993702
 12.93492419 13.18250756 12.89435388 12.96419783 12.96342971 12.87761763
 13.15612603 13.04241    13.02260392 12.91242563 12.96726348 13.10042647
 12.91526849 12.89310876 13.07239168 13.29452817 12.96898321 12.89435388
 12.9345273  12.95435334 13.22528042 13.16856828 13.04188586 12.93967343
 12.90425464 13.04988487 13.11927522 13.10010269 13.09294433 12.89144629
 13.29737289 12.89683884 12.87423482 12.93848841 12.9801724  12.90998196
 12.91607908 12.87677307 12.893524   12.90137772 12.92695278 13.49136137
 13.20063823 13.04293388 13.40942091 12.99991218 12.94125088 12.8801469
 12.91445708 13.39806575 13.00450088 12.88727696 13.01342132 13.05161297
 13.23221834 12.8763504  13.32410593 13.08141132 13.05437014 13.01342132
 13.08604598 13.11832859 13.42409848 12.90794057 12.89103016 12.9965926
 13.00724186 12.90548484 13.07974913 12.8801469  12.87803967 13.14284077
 13.02671134 12.88266956 13.06394355 12.96841033 13.06462282 12.88308925
 13.0567746  13.0172149  12.89269345 13.15072241 12.94518238 13.08769427
 13.20231178 13.30114246 12.88434752 12.9185067  13.11134847 12.9526046
 12.87168981 12.9686013  12.92575096 12.97525945 13.07104624 13.15851386
 12.97904106 13.08472471 13.07373471 12.86785972 13.10268857 12.98655437
 12.92575096 12.88560407 12.91810251 12.88769481 12.89435388 13.01883537
 13.05299279 12.91931447 12.86487022 12.99622307 13.02170831 12.88644093
 13.22205127 13.13794528 13.24792704 12.86487022 12.99622307 12.94909654
 13.02920137 12.86572531 12.97222219 12.91486281 12.95532345 13.0730635
 12.96802819 13.06462282 12.88182941 13.16915504 12.93967343 12.87381105
 12.99437234 13.06496224 12.91810251 13.00138334 13.21826217 13.18708848
 12.98243033 13.06292352 13.02564193 13.22312957 13.09588115 12.99622307
 12.94518238 12.9763957  13.20007941 12.93809319 13.03168359 12.87930454
 13.35459149 12.93014979 12.89518293 13.1916371  12.98767577 13.07272765
 13.03838255 13.10010269 12.97960693 12.98954124 12.96841033 13.08373228
 13.05746021 13.37280736 12.99177432 13.06462282 12.93532088 13.03380512
 12.99363089 12.99400164 13.12116456 13.06699562 12.88098857 13.08373228
 13.12492839 12.9498774  12.91729366 13.2868677  13.14527559 12.90753165
 13.05814521 12.88852974 13.2489595  13.07574484 12.99065852 13.07373471
 12.99696208 12.89849189 12.99917572 13.20398091 13.09945486 13.15072241
 13.07841678 12.99140254 12.89766571 12.96688089 12.88266956 12.86743311
 13.24169361 12.8801469  12.97374212 12.99880712 12.98842235 12.88098857
 12.90178928 13.15910951 13.17557491 13.0345111  12.89559714 13.217719
 13.23644821 13.00724186 13.18794379 12.89435388 13.10010269 13.18623201
 13.15162604 12.98130211 12.9814903  13.1255537  13.24585656 13.07104624
 13.18936683 13.17383027 12.97904106 12.96764586 13.19220341 13.19361702
 12.95764718 13.20564557 12.96649811 13.01160869 13.25511606 13.20675292
 12.96419783 12.9958532  12.99363089 13.0794163  12.87083999 12.99548314
 12.86315768 12.99696208 13.16621614 13.0857159  13.04432896 13.27615563
 13.01233424 13.17847245 13.0916353  13.18508829 13.18594629 13.01197149
 13.01559127 12.9958532  13.17499388 12.89683884 13.19389936 12.90178928
 12.89518293 12.88182941 12.88769481 13.01015571 13.25409453 13.30301723
 13.25409453 13.15372975 13.17353903 12.98692841 13.01051914 13.01703466
 12.90425464 13.01305916 13.29214594 13.15072241 13.00395159 13.16621614
 13.61260996 13.02242491 12.99548314 12.88350888 13.01522998 13.03943529
 13.02635501 12.86487022 12.87508159 13.02813514 12.88182941 12.87761763
 12.8993174  13.03203761 13.02349865 13.01883537 13.25409453 12.89518293
 13.43895946 13.04258464 13.04849952 13.04641702 13.3214038  13.28396695
 13.05437014 13.39575824 13.04676446 12.90671348 13.26019677 12.8960113
 13.07708202 13.10462194 13.06902366 13.10075007 12.88769481] 899
bidsort lists= 899 899
 899
SNAP 42
EPS 0.06332887996700541
galrad= 0.01
!!! agesel
Found 470 stars.
Rotated pos.
Rotated vel.
Calculating circularities
dty= [12.95880678 13.08785889 13.03256833 ... 12.86998934 13.07440538
 12.84149536] 1246
glb= [12.95880678 13.08785889 13.03256833 ... 12.86998934 13.07440538
 12.84149536] 1246
bidsort lists= 1246 1246
 1246
SNAP 43
EPS 0.02367870830593396
galrad= 0.01
!!! agesel
Found 555 stars.
Rotated pos.
Rotated vel.
Calculating circularities
dty= [13.27146498 12.83534368 13.41902049 ... 12.81934989 13.00285181
 12.78009944] 1558
glb= [13.27146498 12.83534368 13.41902049 ... 12.81934989 13.00285181
 12.78009944] 1558
bidsort lists= 1558 1558
 1558
SNAP 44
EPS -0.10761667467598476
galrad= 0.01
!!! agesel
Found 751 stars.
Rotated pos.
Rotated vel.
Calculating circularities
dty= [13.29452817 12.8401803  12.65692283 ... 13.08174338 12.88434752
 12.73933318] 1874
glb= [13.29452817 12.8401803  12.65692283 ... 13.08174338 12.88434752
 12.73933318] 1874
bidsort lists= 1874 1874
 1874
SNAP 45
EPS -0.00422989284859477
galrad= 0.01
!!! agesel
Found 1031 stars.
Rotated pos.
Rotated vel.
Calculating circularities
dty= [12.84061887 12.98486971 12.8401803  ... 12.91486281 12.58991736
 12.60084454] 2895
glb= [12.84061887 12.98486971 12.8401803  ... 12.91486281 12.58991736
 12.60084454] 2895
bidsort lists= 2895 2895
 2895
SNAP 46
EPS 0.02873695831776497
galrad= 0.01
!!! agesel
Found 1733 stars.
Rotated pos.
Rotated vel.
Calculating circularities
dty= [13.08373228 12.49276374 12.96035046 ... 12.5257667  12.50013594
 12.50483297] 3905
glb= [13.08373228 12.49276374 12.96035046 ... 12.5257667  12.50013594
 12.50483297] 3905
bidsort lists= 3905 3905
 3905
SNAP 47
EPS 0.03275080756787588
galrad= 0.01
!!! agesel
Found 3263 stars.
Rotated pos.
Rotated vel.
Calculating circularities
dty= [13.12773808 12.97790837 12.4020234  ... 12.68082595 12.4583269
 13.16267223] 5331
glb= [13.12773808 12.97790837 12.4020234  ... 12.68082595 12.4583269
 13.16267223] 5331
bidsort lists= 5331 5331
 5331
SNAP 48
EPS 0.05867455261058617
galrad= 0.01
!!! agesel
Found 3506 stars.
Rotated pos.
Rotated vel.
Calculating circularities
dty= [12.35161976 12.38232518 13.23750102 ... 12.36430242 12.32226956
 12.3925253 ] 7065
glb= [12.35161976 12.38232518 13.23750102 ... 12.36430242 12.32226956
 12.3925253 ] 7065
bidsort lists= 7065 7065
 7065
SNAP 49
EPS 0.055811136082084385
galrad= 0.01
!!! agesel
Found 4767 stars.
Rotated pos.
Rotated vel.
Calculating circularities
dty= [12.99288879 12.18671749 12.30586532 ... 12.16849103 12.18526665
 12.16849103] 11898
glb= [12.99288879 12.18671749 12.30586532 ... 12.16849103 12.18526665
 12.16849103] 11898
bidsort lists= 11898 11898
 11898
SNAP 50
EPS 0.05392432725357896
galrad= 0.01
!!! agesel
Found 3950 stars.
Rotated pos.
Rotated vel.
Calculating circularities
dty= [12.84061887 12.05369792 12.38008437 ... 12.07045226 13.07574484
 12.0689004 ] 15293
glb= [12.84061887 12.05369792 12.38008437 ... 12.07045226 13.07574484
 12.0689004 ] 15293
bidsort lists= 15293 15293
 15293
SNAP 51
EPS 0.08165155460031412
galrad= 0.01
!!! agesel
Found 2364 stars.
Rotated pos.
Rotated vel.
Calculating circularities
dty= [12.06238693 11.97715623 12.30266443 ... 12.36300663 12.86144222
 12.61598212] 17534
glb= [12.06238693 11.97715623 12.30266443 ... 12.36300663 12.86144222
 12.61598212] 17534
bidsort lists= 17534 17534
 17534
SNAP 52
EPS 0.09036765821990762
galrad= 0.01
!!! agesel
Found 2719 stars.
Rotated pos.
Rotated vel.
Calculating circularities
dty= [12.84061887 11.82901805 12.06238693 ... 12.55090767 13.19839991
 12.78659087] 21678
glb= [12.84061887 11.82901805 12.06238693 ... 12.55090767 13.19839991
 12.78659087] 21678
bidsort lists= 21678 21678
 21678
SNAP 53
EPS 0.1273017228143159
galrad= 0.01
!!! agesel
Found 2930 stars.
Rotated pos.
Rotated vel.
Calculating circularities
dty= [12.84061887 12.0591701  11.97531911 ... 12.60518852 12.12768813
 12.3539042 ] 26464
glb= [12.84061887 12.0591701  11.97531911 ... 12.60518852 12.12768813
 12.3539042 ] 26464
bidsort lists= 26464 26464
 26464
SNAP 54
EPS 0.04158346743957848
galrad= 0.01
!!! agesel
Found 4393 stars.
Rotated pos.
Rotated vel.
Calculating circularities
dty= [11.53125712 12.34392536 11.67189551 ... 12.21618266 12.32758821
 12.27080547] 32150
glb= [11.53125712 12.34392536 11.67189551 ... 12.21618266 12.32758821
 12.27080547] 32150
bidsort lists= 32150 32150
 32150
SNAP 55
EPS 0.02363057364350895
galrad= 0.01
!!! agesel
Found 5290 stars.
Rotated pos.
Rotated vel.
Calculating circularities
dty= [12.84061887 11.89205087 11.56999147 ... 12.24302574 13.07708202
 12.24442628] 40209
glb= [12.84061887 11.89205087 11.56999147 ... 12.24302574 13.07708202
 12.24442628] 40209
bidsort lists= 40209 40209
 40209
SNAP 56
EPS 0.09502868333563061
galrad= 0.01
!!! agesel
Found 4259 stars.
Rotated pos.
Rotated vel.
Calculating circularities
dty= [12.06238693 12.84061887 11.82901805 ... 12.25141067 12.24442628
 12.27904519] 45530
glb= [12.06238693 12.84061887 11.82901805 ... 12.25141067 12.24442628
 12.27904519] 45530
bidsort lists= 45530 45530
 45530
SNAP 57
EPS 0.06773922626003737
galrad= 0.01
!!! agesel
Found 3908 stars.
Rotated pos.
Rotated vel.
Calculating circularities
dty= [12.65692283 12.84061887 12.50410009 ... 11.97736014 12.09510112
 12.27630337] 53737
glb= [12.65692283 12.84061887 12.50410009 ... 11.97736014 12.09510112
 12.27630337] 53737
bidsort lists= 53737 53737
 53737
SNAP 58
EPS 0.08657164250756193
galrad= 0.01
!!! agesel
Found 4004 stars.
Rotated pos.
Rotated vel.
Calculating circularities
dty= [11.22614325 10.87530749 11.12946832 ... 12.90507498 11.8465444
 13.2868677 ] 62052
glb= [11.22614325 10.87530749 11.12946832 ... 12.90507498 11.8465444
 13.2868677 ] 62052
bidsort lists= 62052 62052
 62052
SNAP 59
EPS 0.07978280699115985
galrad= 0.01
!!! agesel
Found 9653 stars.
Rotated pos.
Rotated vel.
Calculating circularities
dty= [13.02260392 12.30266443 12.07461657 ... 12.61598212 11.97163954
 12.49305945] 76280
glb= [13.02260392 12.30266443 12.07461657 ... 12.61598212 11.97163954
 12.49305945] 76280
bidsort lists= 76280 76280
 76280
SNAP 60
EPS 0.1374643220405994
galrad= 0.01
!!! agesel
Found 7974 stars.
Rotated pos.
Rotated vel.
Calculating circularities
dty= [11.02857278 10.62099211 12.98243033 ... 13.04013616 12.34736812
 12.4504203 ] 85763
glb= [11.02857278 10.62099211 12.98243033 ... 13.04013616 12.34736812
 12.4504203 ] 85763
bidsort lists= 85763 85763
 85763
SNAP 61
EPS 0.1598779792482865
galrad= 0.01
!!! agesel
Found 6637 stars.
Rotated pos.
Rotated vel.
Calculating circularities
dty= [12.34392536 10.87016439 12.20814997 ... 10.60549292 11.11544102
 10.47746954] 99801
glb= [12.34392536 10.87016439 12.20814997 ... 10.60549292 11.11544102
 10.47746954] 99801
bidsort lists= 99801 99801
 99801
SNAP 62
EPS 0.18325900333059836
galrad= 0.01
!!! agesel
Found 8122 stars.
Rotated pos.
Rotated vel.
Calculating circularities
dty= [12.98935491 11.07496505 11.16997011 ... 11.2188818  11.21317282
 12.36689053] 108906
glb= [12.98935491 11.07496505 11.16997011 ... 11.2188818  11.21317282
 12.36689053] 108906
bidsort lists= 108906 108906
 108906
SNAP 63
EPS 0.1927986082882861
galrad= 0.01
!!! agesel
Found 10039 stars.
Rotated pos.
Rotated vel.
Calculating circularities
dty= [11.18949583 11.8469806  11.97531911 ... 10.09801855 10.1022233
 10.08035196] 126881
glb= [11.18949583 11.8469806  11.97531911 ... 10.09801855 10.1022233
 10.08035196] 126881
bidsort lists= 126881 126881
 126881
SNAP 64
EPS 0.20505534871330505
galrad= 0.01
!!! agesel
Found 10245 stars.
Rotated pos.
Rotated vel.
Calculating circularities
dty= [12.34638537 11.53779936 12.06472272 ... 10.99573678 11.46391977
 11.17258128] 167117
glb= [12.34638537 11.53779936 12.06472272 ... 10.99573678 11.46391977
 11.17258128] 167117
bidsort lists= 167117 167117
 167117
SNAP 65
EPS 0.2978837768641847
galrad= 0.01
!!! agesel
Found 7372 stars.
Rotated pos.
Rotated vel.
Calculating circularities
dty= [12.84061887 11.97531911 10.86001396 ... 11.8665135  10.59185141
 11.57308734] 167829
glb= [12.84061887 11.97531911 10.86001396 ... 11.8665135  10.59185141
 11.57308734] 167829
bidsort lists= 167829 167829
 167829
SNAP 66
EPS 0.2521617835880687