loading halo 30 level 4
/eagle/projects/Auriga/Auriga/level4/Original/mergertrees/Au-30/trees_sf1_127
Hubble parameter= 0.6777
There are 463 trees in file /eagle/projects/Auriga/Auriga/level4/Original/mergertrees/Au-30/trees_sf1_127.0.hdf5
Loading desc (Descendant) for blockname /Tree0.
Loading fnum (FileNr) for blockname /Tree0.
Loading fhfg (FirstHaloInFOFGroup) for blockname /Tree0.
Loading fpin (FirstProgenitor) for blockname /Tree0.
Loading fmc2 (Group_M_Crit200) for blockname /Tree0.
Loading fmm2 (Group_M_Mean200) for blockname /Tree0.
Loading fmt2 (Group_M_TopHat200) for blockname /Tree0.
Loading frc2 (Group_R_Crit200) for blockname /Tree0.
Loading nhfg (NextHaloInFOFGroup) for blockname /Tree0.
Loading npin (NextProgenitor) for blockname /Tree0.
Loading snum (SnapNum) for blockname /Tree0.
Loading sbhm (SubhaloBHMass) for blockname /Tree0.
Loading sbhd (SubhaloBHMdot) for blockname /Tree0.
Loading sgmt (SubhaloGasMetallicity) for blockname /Tree0.
Loading sgmf (SubhaloGasMetallicitySfr) for blockname /Tree0.
Loading sgnr (SubhaloGrNr) for blockname /Tree0.
Loading shmt (SubhaloHalfmassRadType) for blockname /Tree0.
Key SubhaloIDMostBound not found in conversion table, skipping.
Loading slen (SubhaloLen) for blockname /Tree0.
Loading slty (SubhaloLenType) for blockname /Tree0.
Loading smit (SubhaloMassInRadType) for blockname /Tree0.
Loading smty (SubhaloMassType) for blockname /Tree0.
Loading sbnr (SubhaloNumber) for blockname /Tree0.
Loading soty (SubhaloOffsetType) for blockname /Tree0.
Loading spos (SubhaloPos) for blockname /Tree0.
Loading ssfr (SubhaloSFR) for blockname /Tree0.
Loading ssfi (SubhaloSFRinRad) for blockname /Tree0.
Loading sspi (SubhaloSpin) for blockname /Tree0.
Loading ssmt (SubhaloStarMetallicity) for blockname /Tree0.
Loading ssph (SubhaloStellarPhotometrics) for blockname /Tree0.
Loading svmx (SubhaloVMax) for blockname /Tree0.
Loading svel (SubhaloVel) for blockname /Tree0.
Loading svdi (SubhaloVelDisp) for blockname /Tree0.
galrad= 0.01
!!! agesel
Found 34 stars.
Rotated pos.
Rotated vel.
Calculating circularities
dty= [13.44788532 13.42768722 13.56779568 13.63683493 13.58360296 13.43687023] 6
glb= [13.44788532 13.42768722 13.56779568 13.63683493 13.58360296 13.43687023] 6
bidsort lists= 6 6
 6
SNAP 30
EPS 0.2781381461943368
galrad= 0.01
!!! agesel
Found 53 stars.
Rotated pos.
Rotated vel.
Calculating circularities
dty= [13.38443041 13.53148838 13.3848259  13.39266238 13.38561584 13.40036104] 6
glb= [13.38443041 13.53148838 13.3848259  13.39266238 13.38561584 13.40036104] 6
bidsort lists= 6 6
 6
SNAP 31
EPS 0.14787755238775144
galrad= 0.01
!!! agesel
Found 89 stars.
Rotated pos.
Rotated vel.
Calculating circularities
dty= [13.38443041 13.34478283 13.35648726 13.36790971 13.35416915 13.3443518
 13.44788532 13.3848259  13.36667712 13.43965338 13.58360296 13.53148838
 13.38561584 13.36046476 13.47282592 13.3571175  13.42768722 13.44103759
 13.42337696 13.4011234 ] 20
glb= [13.38443041 13.34478283 13.35648726 13.36790971 13.35416915 13.3443518
 13.44788532 13.3848259  13.36667712 13.43965338 13.58360296 13.53148838
 13.38561584 13.36046476 13.47282592 13.3571175  13.42768722 13.44103759
 13.42337696 13.4011234 ] 20
bidsort lists= 20 20
 20
SNAP 32
EPS 0.0015488365995904836
galrad= 0.01
!!! agesel
Found 170 stars.
Rotated pos.
Rotated vel.
Calculating circularities
dty= [13.51458841 13.50607097 13.34693221 13.33190566 13.4996791  13.31298104
 13.32746352 13.50085054 13.4840654  13.31959434 13.39459986 13.32433049
 13.39537247 13.3338918  13.37765321 13.60693698 13.3214038  13.31891417
 13.40529243 13.34864484 13.37118062 13.58578198 13.32500349 13.33696567
 13.38205011 13.3338918  13.43406721 13.33914965 13.34175763 13.34262386
 13.40529243 13.53778458 13.32813234 13.32946736 13.37118062 13.33124184
 13.31366911 13.42481881 13.31412732 13.40150413 13.35289994 13.43756786
 13.36004766 13.42625558 13.38797721 13.3338918  13.3642021  13.36667712
 13.44447663 13.52559781 13.33477201 13.39806575 13.32095206 13.31504254
 13.41902049 13.407174   13.33301007 13.32634682 13.3867981  13.407174
 13.58708016 13.3214038  13.41461743 13.43406721 13.33301007 13.38005687
 13.44172783 13.33301007 13.43617132 13.52451439 13.44310468 13.34262386] 72
glb= [13.51458841 13.50607097 13.34693221 13.33190566 13.4996791  13.31298104
 13.32746352 13.50085054 13.4840654  13.31959434 13.39459986 13.32433049
 13.39537247 13.3338918  13.37765321 13.60693698 13.3214038  13.31891417
 13.40529243 13.34864484 13.37118062 13.58578198 13.32500349 13.33696567
 13.38205011 13.3338918  13.43406721 13.33914965 13.34175763 13.34262386
 13.40529243 13.53778458 13.32813234 13.32946736 13.37118062 13.33124184
 13.31366911 13.42481881 13.31412732 13.40150413 13.35289994 13.43756786
 13.36004766 13.42625558 13.38797721 13.3338918  13.3642021  13.36667712
 13.44447663 13.52559781 13.33477201 13.39806575 13.32095206 13.31504254
 13.41902049 13.407174   13.33301007 13.32634682 13.3867981  13.407174
 13.58708016 13.3214038  13.41461743 13.43406721 13.33301007 13.38005687
 13.44172783 13.33301007 13.43617132 13.52451439 13.44310468 13.34262386] 72
bidsort lists= 72 72
 72
SNAP 33
EPS 0.0121596989717534
galrad= 0.01
!!! agesel
Found 199 stars.
Rotated pos.
Rotated vel.
Calculating circularities
dty= [13.51458841 13.29855376 13.50607097 13.34693221 13.30441898 13.30651456
 13.60693698 13.27713809 13.33190566 13.27934233 13.32746352 13.4996791
 13.39459986 13.4840654  13.58578198 13.31298104 13.37765321 13.39537247
 13.3338918  13.29713641 13.2935765  13.34864484 13.31959434 13.28517748
 13.32433049 13.2868677  13.27762873 13.50085054 13.28445148 13.50434011
 13.35289994 13.38045622 13.31891417 13.33565063 13.40529243 13.43406721
 13.29689984 13.32500349 13.34175763 13.50549506 13.38205011 13.31137191
 13.29642636 13.37118062 13.33696567 13.30906453 13.2868677  13.30488539
 13.34262386 13.32813234 13.53778458 13.30301723 13.47091754 13.29973201
 13.28541925 13.3439204  13.51233924 13.31366911 13.40529243 13.3338918
 13.29023253 13.29310009 13.29689984 13.3338918  13.39691355 13.34521344
 13.69746068 13.37118062 13.40415946 13.3214038  13.29737289 13.33477201
 13.40302346 13.46963959 13.29310009 13.2868677  13.35289994 13.33124184
 13.3642021  13.41091222 13.39498636 13.4291138  13.28831236 13.407174
 13.29452817 13.33914965 13.42697202 13.28879304 13.27467865 13.59514314
 13.28299655 13.41535454 13.41461743 13.41461743 13.35035141 13.27762873
 13.27467865 13.42409848 13.39768202 13.42120449 13.48651466 13.28783123
 13.29642636 13.30674687 13.44991606 13.53726499 13.39032602 13.29071149
 13.41682482 13.40036104 13.28396695 13.28299655 13.44034608] 113
glb= [13.51458841 13.29855376 13.50607097 13.34693221 13.30441898 13.30651456
 13.60693698 13.27713809 13.33190566 13.27934233 13.32746352 13.4996791
 13.39459986 13.4840654  13.58578198 13.31298104 13.37765321 13.39537247
 13.3338918  13.29713641 13.2935765  13.34864484 13.31959434 13.28517748
 13.32433049 13.2868677  13.27762873 13.50085054 13.28445148 13.50434011
 13.35289994 13.38045622 13.31891417 13.33565063 13.40529243 13.43406721
 13.29689984 13.32500349 13.34175763 13.50549506 13.38205011 13.31137191
 13.29642636 13.37118062 13.33696567 13.30906453 13.2868677  13.30488539
 13.34262386 13.32813234 13.53778458 13.30301723 13.47091754 13.29973201
 13.28541925 13.3439204  13.51233924 13.31366911 13.40529243 13.3338918
 13.29023253 13.29310009 13.29689984 13.3338918  13.39691355 13.34521344
 13.69746068 13.37118062 13.40415946 13.3214038  13.29737289 13.33477201
 13.40302346 13.46963959 13.29310009 13.2868677  13.35289994 13.33124184
 13.3642021  13.41091222 13.39498636 13.4291138  13.28831236 13.407174
 13.29452817 13.33914965 13.42697202 13.28879304 13.27467865 13.59514314
 13.28299655 13.41535454 13.41461743 13.41461743 13.35035141 13.27762873
 13.27467865 13.42409848 13.39768202 13.42120449 13.48651466 13.28783123
 13.29642636 13.30674687 13.44991606 13.53726499 13.39032602 13.29071149
 13.41682482 13.40036104 13.28396695 13.28299655 13.44034608] 113
bidsort lists= 113 113
 113
SNAP 34
EPS 0.0359619466272771
galrad= 0.01
!!! agesel
Found 243 stars.
Rotated pos.
Rotated vel.
Calculating circularities
dty= [13.51458841 13.29855376 13.50607097 13.30441898 13.32746352 13.50085054
 13.60693698 13.27934233 13.3338918  13.30651456 13.58578198 13.33190566
 13.34693221 13.39459986 13.32433049 13.2935765  13.31137191 13.27121705
 13.31298104 13.4996791  13.37118062 13.23828939 13.29310009 13.256645
 13.47091754 13.23644821 13.27713809 13.4840654  13.33565063 13.31891417
 13.26823276 13.25740793 13.34088982 13.24325817 13.2868677  13.29737289
 13.28517748 13.34864484 13.24377881 13.26145988 13.29023253 13.2489595
 13.39537247 13.34175763 13.40529243 13.31959434 13.43406721 13.30906453
 13.38205011 13.33565063 13.28831236 13.28445148 13.29689984 13.24559728
 13.34262386 13.37765321 13.2868677  13.27121705 13.33696567 13.50434011
 13.29973201 13.38045622 13.27615563 13.29689984 13.29713641 13.34992531
 13.29452817 13.32500349 13.51233924 13.3214038  13.24689273 13.29642636
 13.30488539 13.27220826 13.26171222 13.407174   13.34521344 13.27762873
 13.40415946 13.31275146 13.26422903 13.3338918  13.24117116 13.257916
 13.29973201 13.44584374 13.46383241 13.33477201 13.69746068 13.25076195
 13.28541925 13.59514314 13.25588104 13.24947503 13.29310009 13.23539353
 13.32095206 13.2489595  13.33914965 13.40302346 13.31366911 13.35459149
 13.39768202 13.3338918  13.42553782 13.50549506 13.40188447 13.30301723
 13.36667712 13.46963959 13.24818529 13.3642021  13.25715372 13.38005687
 13.43756786 13.31412732 13.36004766 13.3439204  13.42120449 13.41461743
 13.25766205 13.2868677  13.30301723 13.31777844 13.37118062 13.27909783
 13.24195465 13.35035141 13.42625558 13.25358304 13.24533783 13.35289994
 13.39691355 13.50201786 13.27319771 13.42697202 13.30488539 13.32813234
 13.42409848 13.237238   13.29831783 13.44924036 13.24195465 13.53778458
 13.24663385 13.31366911 13.4291138  13.39188498 13.38324188 13.23855194
 13.256645   13.42120449 13.23960106 13.24325817 13.24533783 13.27467865
 13.33914965 13.41239825 13.25204598 13.29310009 13.41461743 13.24481859
 13.44447663 13.24792704 13.48097931 13.39498636 13.33124184 13.61889018
 13.41091222 13.23776393 13.40942091 13.41461743 13.37523672 13.45327667
 13.29689984 13.24481859 13.47849058 13.57332637 13.256645   13.42697202
 13.48894661 13.41461743 13.25307115 13.24585656 13.299261   13.32320683
 13.23539353 13.27615563 13.39575824 13.24999016 13.36544123 13.27121705
 13.28493556 13.2632236  13.43965338] 195
glb= [13.51458841 13.29855376 13.50607097 13.30441898 13.32746352 13.50085054
 13.60693698 13.27934233 13.3338918  13.30651456 13.58578198 13.33190566
 13.34693221 13.39459986 13.32433049 13.2935765  13.31137191 13.27121705
 13.31298104 13.4996791  13.37118062 13.23828939 13.29310009 13.256645
 13.47091754 13.23644821 13.27713809 13.4840654  13.33565063 13.31891417
 13.26823276 13.25740793 13.34088982 13.24325817 13.2868677  13.29737289
 13.28517748 13.34864484 13.24377881 13.26145988 13.29023253 13.2489595
 13.39537247 13.34175763 13.40529243 13.31959434 13.43406721 13.30906453
 13.38205011 13.33565063 13.28831236 13.28445148 13.29689984 13.24559728
 13.34262386 13.37765321 13.2868677  13.27121705 13.33696567 13.50434011
 13.29973201 13.38045622 13.27615563 13.29689984 13.29713641 13.34992531
 13.29452817 13.32500349 13.51233924 13.3214038  13.24689273 13.29642636
 13.30488539 13.27220826 13.26171222 13.407174   13.34521344 13.27762873
 13.40415946 13.31275146 13.26422903 13.3338918  13.24117116 13.257916
 13.29973201 13.44584374 13.46383241 13.33477201 13.69746068 13.25076195
 13.28541925 13.59514314 13.25588104 13.24947503 13.29310009 13.23539353
 13.32095206 13.2489595  13.33914965 13.40302346 13.31366911 13.35459149
 13.39768202 13.3338918  13.42553782 13.50549506 13.40188447 13.30301723
 13.36667712 13.46963959 13.24818529 13.3642021  13.25715372 13.38005687
 13.43756786 13.31412732 13.36004766 13.3439204  13.42120449 13.41461743
 13.25766205 13.2868677  13.30301723 13.31777844 13.37118062 13.27909783
 13.24195465 13.35035141 13.42625558 13.25358304 13.24533783 13.35289994
 13.39691355 13.50201786 13.27319771 13.42697202 13.30488539 13.32813234
 13.42409848 13.237238   13.29831783 13.44924036 13.24195465 13.53778458
 13.24663385 13.31366911 13.4291138  13.39188498 13.38324188 13.23855194
 13.256645   13.42120449 13.23960106 13.24325817 13.24533783 13.27467865
 13.33914965 13.41239825 13.25204598 13.29310009 13.41461743 13.24481859
 13.44447663 13.24792704 13.48097931 13.39498636 13.33124184 13.61889018
 13.41091222 13.23776393 13.40942091 13.41461743 13.37523672 13.45327667
 13.29689984 13.24481859 13.47849058 13.57332637 13.256645   13.42697202
 13.48894661 13.41461743 13.25307115 13.24585656 13.299261   13.32320683
 13.23539353 13.27615563 13.39575824 13.24999016 13.36544123 13.27121705
 13.28493556 13.2632236  13.43965338] 195
bidsort lists= 195 195
 195
SNAP 35
EPS 0.043543342969182705
galrad= 0.01
!!! agesel
Found 316 stars.
Rotated pos.
Rotated vel.
Calculating circularities
dty= [13.20175441 13.51458841 13.29855376 13.217719   13.22955937 13.30441898
 13.32746352 13.20453628 13.34693221 13.20398091 13.4996791  13.21799064
 13.32433049 13.30651456 13.33190566 13.27713809 13.60693698 13.50607097
 13.31298104 13.4840654  13.58578198 13.27934233 13.39459986 13.3338918
 13.2201597  13.2489595  13.50085054 13.20175441 13.19896025 13.31891417
 13.23644821 13.28517748 13.2868677  13.27220826 13.24325817 13.37765321
 13.23168744 13.19418159 13.26823276 13.20119656 13.34864484 13.31137191
 13.37118062 13.24377881 13.40529243 13.26145988 13.25740793 13.2935765
 13.34175763 13.19699689 13.256645   13.34088982 13.20119656 13.43406721
 13.27762873 13.29713641 13.39537247 13.29310009 13.28445148 13.3214038
 13.33565063 13.50434011 13.29737289 13.46383241 13.2868677  13.2166311
 13.47091754 13.20951269 13.29689984 13.29023253 13.38045622 13.23828939
 13.50549506 13.31959434 13.32500349 13.29689984 13.33565063 13.30906453
 13.27121705 13.27121705 13.33696567 13.38205011 13.19446366 13.51233924
 13.30488539 13.24689273 13.46963959 13.22742368 13.3338918  13.2075821
 13.40415946 13.24195465 13.24559728 13.29642636 13.24947503 13.29973201
 13.26171222 13.34262386 13.23142186 13.29973201 13.33914965 13.24117116
 13.35289994 13.34521344 13.23539353 13.22447476 13.30301723 13.18993517
 13.34992531 13.31366911 13.69746068 13.29310009 13.38005687 13.21472264
 13.3439204  13.25588104 13.22528042 13.20091748 13.44584374 13.24792704
 13.2075821  13.33477201 13.27615563 13.25076195 13.407174   13.28831236
 13.23089029 13.25358304 13.22286022 13.32813234 13.24533783 13.24818529
 13.31366911 13.44924036 13.28541925 13.3338918  13.3642021  13.29452817
 13.29831783 13.40302346 13.31275146 13.26422903 13.40529243 13.19868013
 13.30488539 13.39691355 13.30301723 13.23062435 13.37118062 13.22635303
 13.25766205 13.36004766 13.59514314 13.27909783 13.20868602 13.23009209
 13.19135379 13.41461743 13.23354339 13.32095206 13.42625558 13.35289994
 13.42409848 13.31412732 13.27615563 13.42120449 13.19811951 13.257916
 13.21280826 13.49732365 13.20231178 13.20785829 13.44447663 13.61889018
 13.41461743 13.19839991 13.35459149 13.36667712 13.2489595  13.35627701
 13.35837551 13.18879801 13.41091222 13.42120449 13.25715372 13.50201786
 13.31732347 13.52559781 13.39498636 13.2868677  13.29310009 13.27467865
 13.20647626 13.41902049 13.20592261 13.40188447 13.42697202 13.36872964
 13.20785829 13.24663385 13.4291138  13.24481859 13.22259069 13.38324188
 13.21390292 13.39768202 13.27713809 13.23855194 13.24195465 13.39188498
 13.58708016 13.41239825 13.3186872  13.21143721 13.3186872  13.38954446
 13.25204598 13.19839991 13.24325817 13.20730582 13.256645   13.41461743
 13.38005687 13.20119656 13.34348858 13.20785829 13.20286866 13.24533783
 13.38876152 13.20453628 13.47849058 13.44172783 13.38005687 13.20453628
 13.48097931 13.19839991 13.19078671 13.19783908 13.19671591 13.19220341
 13.20175441 13.39032602 13.56872568 13.52775316 13.58316483 13.28396695
 13.28299655 13.43965338 13.19952004 13.4559438  13.28299655 13.22151143
 13.3214038  13.22474344 13.22259069 13.34693221 13.32049988 13.46383241
 13.2332786  13.23539353] 260
glb= [13.20175441 13.51458841 13.29855376 13.217719   13.22955937 13.30441898
 13.32746352 13.20453628 13.34693221 13.20398091 13.4996791  13.21799064
 13.32433049 13.30651456 13.33190566 13.27713809 13.60693698 13.50607097
 13.31298104 13.4840654  13.58578198 13.27934233 13.39459986 13.3338918
 13.2201597  13.2489595  13.50085054 13.20175441 13.19896025 13.31891417
 13.23644821 13.28517748 13.2868677  13.27220826 13.24325817 13.37765321
 13.23168744 13.19418159 13.26823276 13.20119656 13.34864484 13.31137191
 13.37118062 13.24377881 13.40529243 13.26145988 13.25740793 13.2935765
 13.34175763 13.19699689 13.256645   13.34088982 13.20119656 13.43406721
 13.27762873 13.29713641 13.39537247 13.29310009 13.28445148 13.3214038
 13.33565063 13.50434011 13.29737289 13.46383241 13.2868677  13.2166311
 13.47091754 13.20951269 13.29689984 13.29023253 13.38045622 13.23828939
 13.50549506 13.31959434 13.32500349 13.29689984 13.33565063 13.30906453
 13.27121705 13.27121705 13.33696567 13.38205011 13.19446366 13.51233924
 13.30488539 13.24689273 13.46963959 13.22742368 13.3338918  13.2075821
 13.40415946 13.24195465 13.24559728 13.29642636 13.24947503 13.29973201
 13.26171222 13.34262386 13.23142186 13.29973201 13.33914965 13.24117116
 13.35289994 13.34521344 13.23539353 13.22447476 13.30301723 13.18993517
 13.34992531 13.31366911 13.69746068 13.29310009 13.38005687 13.21472264
 13.3439204  13.25588104 13.22528042 13.20091748 13.44584374 13.24792704
 13.2075821  13.33477201 13.27615563 13.25076195 13.407174   13.28831236
 13.23089029 13.25358304 13.22286022 13.32813234 13.24533783 13.24818529
 13.31366911 13.44924036 13.28541925 13.3338918  13.3642021  13.29452817
 13.29831783 13.40302346 13.31275146 13.26422903 13.40529243 13.19868013
 13.30488539 13.39691355 13.30301723 13.23062435 13.37118062 13.22635303
 13.25766205 13.36004766 13.59514314 13.27909783 13.20868602 13.23009209
 13.19135379 13.41461743 13.23354339 13.32095206 13.42625558 13.35289994
 13.42409848 13.31412732 13.27615563 13.42120449 13.19811951 13.257916
 13.21280826 13.49732365 13.20231178 13.20785829 13.44447663 13.61889018
 13.41461743 13.19839991 13.35459149 13.36667712 13.2489595  13.35627701
 13.35837551 13.18879801 13.41091222 13.42120449 13.25715372 13.50201786
 13.31732347 13.52559781 13.39498636 13.2868677  13.29310009 13.27467865
 13.20647626 13.41902049 13.20592261 13.40188447 13.42697202 13.36872964
 13.20785829 13.24663385 13.4291138  13.24481859 13.22259069 13.38324188
 13.21390292 13.39768202 13.27713809 13.23855194 13.24195465 13.39188498
 13.58708016 13.41239825 13.3186872  13.21143721 13.3186872  13.38954446
 13.25204598 13.19839991 13.24325817 13.20730582 13.256645   13.41461743
 13.38005687 13.20119656 13.34348858 13.20785829 13.20286866 13.24533783
 13.38876152 13.20453628 13.47849058 13.44172783 13.38005687 13.20453628
 13.48097931 13.19839991 13.19078671 13.19783908 13.19671591 13.19220341
 13.20175441 13.39032602 13.56872568 13.52775316 13.58316483 13.28396695
 13.28299655 13.43965338 13.19952004 13.4559438  13.28299655 13.22151143
 13.3214038  13.22474344 13.22259069 13.34693221 13.32049988 13.46383241
 13.2332786  13.23539353] 260
bidsort lists= 260 260
 260
SNAP 36
EPS 0.11089552615003634
galrad= 0.01
!!! agesel
Found 484 stars.
Rotated pos.
Rotated vel.
Calculating circularities
dty= [13.20175441 13.51458841 13.32433049 13.217719   13.20119656 13.17673549
 13.50085054 13.2935765  13.17412133 13.34992531 13.20453628 13.2201597
 13.32746352 13.31137191 13.19418159 13.50607097 13.30441898 13.14253581
 13.15761943 13.33914965 13.33565063 13.2868677  13.19896025 13.4840654
 13.34088982 13.34693221 13.256645   13.2868677  13.21799064 13.22955937
 13.34175763 13.15761943 13.46383241 13.4996791  13.39459986 13.58578198
 13.15522845 13.17876153 13.24689273 13.28541925 13.20175441 13.20398091
 13.24377881 13.31298104 13.31366911 13.30651456 13.39498636 13.29855376
 13.23142186 13.14981766 13.37118062 13.33477201 13.2166311  13.43406721
 13.27121705 13.24195465 13.20951269 13.23089029 13.26823276 13.3338918
 13.40529243 13.29831783 13.2868677  13.15312937 13.27319771 13.17061961
 13.22286022 13.35289994 13.33696567 13.24559728 13.39691355 13.28445148
 13.2489595  13.33565063 13.3338918  13.24533783 13.35627701 13.20119656
 13.34262386 13.39537247 13.39188498 13.36667712 13.30906453 13.26145988
 13.31366911 13.29310009 13.43756786 13.22528042 13.37765321 13.14466767
 13.14436357 13.33190566 13.27220826 13.34864484 13.23168744 13.31891417
 13.27762873 13.34175763 13.19699689 13.3642021  13.23644821 13.3186872
 13.24818529 13.14860936 13.2075821  13.19446366 13.22259069 13.36004766
 13.31959434 13.19811951 13.26171222 13.60693698 13.42697202 13.36544123
 13.23062435 13.42553782 13.27615563 13.24947503 13.69746068 13.18279482
 13.27934233 13.2075821  13.18336896 13.32500349 13.407174   13.37118062
 13.27121705 13.16326424 13.24325817 13.28517748 13.27713809 13.35459149
 13.30488539 13.38205011 13.22447476 13.58708016 13.32095206 13.38954446
 13.3550134  13.42625558 13.44652547 13.20091748 13.34521344 13.1670992
 13.52559781 13.33914965 13.2489595  13.47849058 13.18879801 13.14648973
 13.18049314 13.25588104 13.14830696 13.17295616 13.29310009 13.40150413
 13.24663385 13.26623445 13.25358304 13.29689984 13.35837551 13.41461743
 13.44172783 13.20785829 13.44584374 13.29642636 13.24792704 13.407174
 13.3338918  13.23009209 13.25867725 13.24533783 13.21198604 13.20868602
 13.28831236 13.40415946 13.38005687 13.257916   13.21472264 13.30488539
 13.24325817 13.18993517 13.17847245 13.29689984 13.25766205 13.237238
 13.23354339 13.29973201 13.27713809 13.46642483 13.30301723 13.17962789
 13.29452817 13.47091754 13.46963959 13.17208089 13.25740793 13.53726499
 13.23855194 13.29310009 13.29973201 13.48097931 13.20647626 13.50549506
 13.17091212 13.29023253 13.24481859 13.35289994 13.256645   13.25076195
 13.19078671 13.41461743 13.29713641 13.17499388 13.20119656 13.16680495
 13.29737289 13.50434011 13.35035141 13.19979977 13.51233924 13.14314561
 13.23539353 13.59514314 13.33301007 13.42120449 13.18794379 13.22742368
 13.33124184 13.24117116 13.22635303 13.38045622 13.2174472  13.25816991
 13.26422903 13.23221834 13.27467865 13.24195465 13.41091222 13.19952004
 13.20730582 13.21006317 13.23828939 13.20785829 13.27121705 13.38797721
 13.22688859 13.19868013 13.27909783 13.18537446 13.25204598 13.40188447
 13.17962789 13.41239825 13.31732347 13.17905045 13.3214038  13.14345029
 13.53933778 13.36212949 13.23960106 13.25715372 13.21988895 13.14100902
 13.21390292 13.16680495 13.3439204  13.22043027 13.30301723 13.40529243
 13.38005687 13.21444957 13.48651466 13.43265823 13.18508829 13.19783908
 13.30488539 13.40566939 13.18537446 13.31504254 13.18135718 13.21280826
 13.40302346 13.19839991 13.32813234 13.27615563 13.31366911 13.36544123
 13.53778458 13.31777844 13.20286866 13.18594629 13.34821724 13.26972689
 13.36872964 13.50201786 13.42409848 13.17120453 13.42120449 13.41091222
 13.14192549 13.34907203 13.16503694 13.15970459 13.17528445 13.15042098
 13.4291138  13.38954446 13.15732105 13.16444656 13.16856828 13.14981766
 13.34864484 13.20785829 13.22205127 13.1555278  13.41461743 13.43547117
 13.20231178 13.22366805 13.19135379 13.41902049 13.21143721 13.38324188
 13.31412732 13.33301007 13.15192696 13.16119007 13.31275146 13.41461743
 13.17266454 13.15910951 13.44447663 13.23115613 13.57241275 13.44924036
 13.16621614 13.21880493 13.37036504 13.16385562 13.49732365 13.15372975
 13.61889018 13.16267223 13.15372975 13.19839991 13.20592261 13.29642636
 13.26422903 13.14314561 13.51626486 13.41016724 13.26120751 13.43756786
 13.3214038  13.15672382 13.38005687 13.30395213 13.14466767 13.16385562
 13.15102373 13.20453628 13.35627701 13.21635882 13.16562682 13.42120449
 13.16739327 13.14557929 13.43265823 13.15192696 13.2201597  13.1579177
 13.23062435 13.19727777 13.18708848 13.26272027 13.42553782 13.37604367
 13.2201597  13.40942091 13.15492893 13.43895946 13.24585656 13.1579177
 13.15102373 13.14921376 13.2692293  13.24012485 13.4877328  13.18365583
 13.32679381 13.15312937 13.28493556 13.1555278  13.27418541 13.2692293
 13.33301007] 397
glb= [13.20175441 13.51458841 13.32433049 13.217719   13.20119656 13.17673549
 13.50085054 13.2935765  13.17412133 13.34992531 13.20453628 13.2201597
 13.32746352 13.31137191 13.19418159 13.50607097 13.30441898 13.14253581
 13.15761943 13.33914965 13.33565063 13.2868677  13.19896025 13.4840654
 13.34088982 13.34693221 13.256645   13.2868677  13.21799064 13.22955937
 13.34175763 13.15761943 13.46383241 13.4996791  13.39459986 13.58578198
 13.15522845 13.17876153 13.24689273 13.28541925 13.20175441 13.20398091
 13.24377881 13.31298104 13.31366911 13.30651456 13.39498636 13.29855376
 13.23142186 13.14981766 13.37118062 13.33477201 13.2166311  13.43406721
 13.27121705 13.24195465 13.20951269 13.23089029 13.26823276 13.3338918
 13.40529243 13.29831783 13.2868677  13.15312937 13.27319771 13.17061961
 13.22286022 13.35289994 13.33696567 13.24559728 13.39691355 13.28445148
 13.2489595  13.33565063 13.3338918  13.24533783 13.35627701 13.20119656
 13.34262386 13.39537247 13.39188498 13.36667712 13.30906453 13.26145988
 13.31366911 13.29310009 13.43756786 13.22528042 13.37765321 13.14466767
 13.14436357 13.33190566 13.27220826 13.34864484 13.23168744 13.31891417
 13.27762873 13.34175763 13.19699689 13.3642021  13.23644821 13.3186872
 13.24818529 13.14860936 13.2075821  13.19446366 13.22259069 13.36004766
 13.31959434 13.19811951 13.26171222 13.60693698 13.42697202 13.36544123
 13.23062435 13.42553782 13.27615563 13.24947503 13.69746068 13.18279482
 13.27934233 13.2075821  13.18336896 13.32500349 13.407174   13.37118062
 13.27121705 13.16326424 13.24325817 13.28517748 13.27713809 13.35459149
 13.30488539 13.38205011 13.22447476 13.58708016 13.32095206 13.38954446
 13.3550134  13.42625558 13.44652547 13.20091748 13.34521344 13.1670992
 13.52559781 13.33914965 13.2489595  13.47849058 13.18879801 13.14648973
 13.18049314 13.25588104 13.14830696 13.17295616 13.29310009 13.40150413
 13.24663385 13.26623445 13.25358304 13.29689984 13.35837551 13.41461743
 13.44172783 13.20785829 13.44584374 13.29642636 13.24792704 13.407174
 13.3338918  13.23009209 13.25867725 13.24533783 13.21198604 13.20868602
 13.28831236 13.40415946 13.38005687 13.257916   13.21472264 13.30488539
 13.24325817 13.18993517 13.17847245 13.29689984 13.25766205 13.237238
 13.23354339 13.29973201 13.27713809 13.46642483 13.30301723 13.17962789
 13.29452817 13.47091754 13.46963959 13.17208089 13.25740793 13.53726499
 13.23855194 13.29310009 13.29973201 13.48097931 13.20647626 13.50549506
 13.17091212 13.29023253 13.24481859 13.35289994 13.256645   13.25076195
 13.19078671 13.41461743 13.29713641 13.17499388 13.20119656 13.16680495
 13.29737289 13.50434011 13.35035141 13.19979977 13.51233924 13.14314561
 13.23539353 13.59514314 13.33301007 13.42120449 13.18794379 13.22742368
 13.33124184 13.24117116 13.22635303 13.38045622 13.2174472  13.25816991
 13.26422903 13.23221834 13.27467865 13.24195465 13.41091222 13.19952004
 13.20730582 13.21006317 13.23828939 13.20785829 13.27121705 13.38797721
 13.22688859 13.19868013 13.27909783 13.18537446 13.25204598 13.40188447
 13.17962789 13.41239825 13.31732347 13.17905045 13.3214038  13.14345029
 13.53933778 13.36212949 13.23960106 13.25715372 13.21988895 13.14100902
 13.21390292 13.16680495 13.3439204  13.22043027 13.30301723 13.40529243
 13.38005687 13.21444957 13.48651466 13.43265823 13.18508829 13.19783908
 13.30488539 13.40566939 13.18537446 13.31504254 13.18135718 13.21280826
 13.40302346 13.19839991 13.32813234 13.27615563 13.31366911 13.36544123
 13.53778458 13.31777844 13.20286866 13.18594629 13.34821724 13.26972689
 13.36872964 13.50201786 13.42409848 13.17120453 13.42120449 13.41091222
 13.14192549 13.34907203 13.16503694 13.15970459 13.17528445 13.15042098
 13.4291138  13.38954446 13.15732105 13.16444656 13.16856828 13.14981766
 13.34864484 13.20785829 13.22205127 13.1555278  13.41461743 13.43547117
 13.20231178 13.22366805 13.19135379 13.41902049 13.21143721 13.38324188
 13.31412732 13.33301007 13.15192696 13.16119007 13.31275146 13.41461743
 13.17266454 13.15910951 13.44447663 13.23115613 13.57241275 13.44924036
 13.16621614 13.21880493 13.37036504 13.16385562 13.49732365 13.15372975
 13.61889018 13.16267223 13.15372975 13.19839991 13.20592261 13.29642636
 13.26422903 13.14314561 13.51626486 13.41016724 13.26120751 13.43756786
 13.3214038  13.15672382 13.38005687 13.30395213 13.14466767 13.16385562
 13.15102373 13.20453628 13.35627701 13.21635882 13.16562682 13.42120449
 13.16739327 13.14557929 13.43265823 13.15192696 13.2201597  13.1579177
 13.23062435 13.19727777 13.18708848 13.26272027 13.42553782 13.37604367
 13.2201597  13.40942091 13.15492893 13.43895946 13.24585656 13.1579177
 13.15102373 13.14921376 13.2692293  13.24012485 13.4877328  13.18365583
 13.32679381 13.15312937 13.28493556 13.1555278  13.27418541 13.2692293
 13.33301007] 397
bidsort lists= 397 397
 397
SNAP 37
EPS 0.0617610653787766
galrad= 0.01
!!! agesel
Found 661 stars.
Rotated pos.
Rotated vel.
Calculating circularities
dty= [13.21799064 13.50201786 13.27121705 13.2201597  13.50434011 13.40529243
 13.31275146 13.20119656 13.31891417 13.34821724 13.27762873 13.50085054
 13.13763815 13.25740793 13.20730582 13.69746068 13.22955937 13.13022628
 13.12492839 13.41902049 13.26171222 13.217719   13.17412133 13.11706455
 13.21635882 13.50549506 13.34693221 13.31137191 13.31959434 13.13825223
 13.24377881 13.2868677  13.32095206 13.27220826 13.256645   13.14314561
 13.28517748 13.29452817 13.32746352 13.58578198 13.3214038  13.42120449
 13.27467865 13.19699689 13.28445148 13.36004766 13.28299655 13.48894661
 13.35035141 13.46383241 13.32433049 13.42553782 13.407174   13.24325817
 13.23960106 13.17615545 13.3642021  13.23168744 13.34175763 13.1670992
 13.2489595  13.30651456 13.2166311  13.41461743 13.15372975 13.4996791
 13.13978513 13.1555278  13.19418159 13.20453628 13.11230432 13.19979977
 13.15102373 13.22528042 13.24195465 13.43406721 13.23644821 13.10139678
 13.13069181 13.15192696 13.20175441 13.299261   13.14039733 13.33696567
 13.2075821  13.30488539 13.20175441 13.38045622 13.19446366 13.34864484
 13.10526524 13.28299655 13.31412732 13.17061961 13.55442304 13.30441898
 13.24689273 13.17615545 13.2174472  13.51458841 13.12351926 13.12836097
 13.38954446 13.17383027 13.3338918  13.3338918  13.2868677  13.39459986
 13.29713641 13.17120453 13.19135379 13.14100902 13.34521344 13.17673549
 13.31366911 13.14648973 13.25358304 13.29855376 13.17847245 13.40302346
 13.21444957 13.27713809 13.4840654  13.50607097 13.15522845 13.24195465
 13.16385562 13.15761943 13.39537247 13.15761943 13.20398091 13.34992531
 13.17295616 13.19839991 13.16119007 13.16856828 13.16680495 13.17091212
 13.25076195 13.34907203 13.20868602 13.38324188 13.17847245 13.28879304
 13.09750772 13.29642636 13.22286022 13.32320683 13.60693698 13.2075821
 13.42553782 13.16444656 13.18049314 13.44924036 13.27121705 13.26422903
 13.38954446 13.09848194 13.39498636 13.59514314 13.20091748 13.28831236
 13.257916   13.33914965 13.35459149 13.11738075 13.2935765  13.42120449
 13.20119656 13.51233924 13.21226024 13.14253581 13.30301723 13.14981766
 13.10847332 13.36626551 13.21390292 13.4996791  13.13794528 13.24325817
 13.12836097 13.1842292  13.11832859 13.1579177  13.32500349 13.21280826
 13.32813234 13.3214038  13.34864484 13.39575824 13.26120751 13.25867725
 13.33190566 13.39768202 13.26145988 13.15492893 13.29689984 13.37118062
 13.16267223 13.23855194 13.1217933  13.43265823 13.17091212 13.34088982
 13.35837551 13.256645   13.17731497 13.31504254 13.17962789 13.18279482
 13.19868013 13.21799064 13.29642636 13.22688859 13.10268857 13.27934233
 13.20119656 13.13855914 13.23354339 13.10462194 13.09945486 13.40529243
 13.20785829 13.40188447 13.20231178 13.44447663 13.37442837 13.14039733
 13.18336896 13.46963959 13.12836097 13.40942091 13.14192549 13.41239825
 13.41091222 13.39691355 13.42625558 13.27909783 13.17499388 13.11357683
 13.42120449 13.41461743 13.31458514 13.43265823 13.3338918  13.14860936
 13.49495145 13.21226024 13.19896025 13.25715372 13.31298104 13.22742368
 13.15312937 13.33565063 13.237238   13.23142186 13.36544123 13.13947887
 13.44447663 13.16326424 13.46642483 13.23776393 13.18708848 13.14466767
 13.24559728 13.19135379 13.30488539 13.18135718 13.16029918 13.18594629
 13.18794379 13.29737289 13.30488539 13.37765321 13.17876153 13.38005687
 13.36212949 13.22151143 13.31777844 13.18993517 13.16178336 13.29310009
 13.17499388 13.12680277 13.20647626 13.19839991 13.42481881 13.29023253
 13.21444957 13.1373309  13.17962789 13.37118062 13.24533783 13.19811951
 13.20951269 13.38005687 13.22635303 13.31366911 13.40415946 13.27615563
 13.25766205 13.29310009 13.15042098 13.11118907 13.20286866 13.26623445
 13.30906453 13.44584374 13.23009209 13.36872964 13.16503694 13.4291138
 13.29689984 13.49732365 13.11071052 13.53778458 13.11484706 13.14345029
 13.36667712 13.31366911 13.28541925 13.09848194 13.24818529 13.12649069
 13.25588104 13.16739327 13.29689984 13.20453628 13.18135718 13.33477201
 13.23089029 13.34002049 13.33565063 13.24481859 13.18879801 13.3186872
 13.58708016 13.44034608 13.1261785  13.12991576 13.20453628 13.39188498
 13.43406721 13.09848194 13.21472264 13.32049988 13.13115709 13.13239624
 13.45327667 13.34521344 13.13394204 13.34262386 13.21335586 13.10526524
 13.35289994 13.37604367 13.13301497 13.16798102 13.47472423 13.26422903
 13.13610049 13.24533783 13.23115613 13.10397805 13.18135718 13.33301007
 13.16915504 13.23828939 13.36626551 13.23062435 13.14253581 13.11071052
 13.14981766 13.2868677  13.47091754 13.1842292  13.31412732 13.18508829
 13.43756786 13.19952004 13.14436357 13.24533783 13.22259069 13.27713809
 13.26823276 13.18537446 13.16680495 13.14770177 13.19276924 13.38205011
 13.16856828 13.48651466 13.0968575  13.27121705 13.42553782 13.1217933
 13.299261   13.30301723 13.42697202 13.17528445 13.17295616 13.2489595
 13.29973201 13.1180128  13.29831783 13.25204598 13.1202205  13.09880636
 13.19333457 13.15970459 13.42409848 13.23539353 13.25816991 13.34821724
 13.51374687 13.29310009 13.3439204  13.407174   13.203425   13.1747032
 13.29973201 13.3214038  13.12304897 13.24947503 13.47849058 13.25101897
 13.17905045 13.28105067 13.21006317 13.11039133 13.33914965 13.14800445
 13.12053536 13.12242139 13.27319771 13.26972689 13.22205127 13.13053669
 13.16680495 13.22366805 13.31732347 13.21988895 13.22447476 13.24481859
 13.19839991 13.28879304 13.21171168 13.22043027 13.10847332 13.52559781
 13.11611501 13.38797721 13.16974123 13.28879304 13.48097931 13.21335586
 13.34175763 13.43756786 13.33301007 13.24792704 13.24663385 13.20592261
 13.33124184 13.12147902 13.24117116 13.15910951 13.18936683 13.09848194
 13.25867725 13.19078671 13.25307115 13.3934384  13.20785829 13.18537446
 13.42697202 13.35289994 13.35627701 13.27467865 13.27615563 13.41461743
 13.14830696 13.11039133 13.36913901 13.13332411 13.3443518  13.42553782
 13.1373309  13.27762873 13.16148677 13.1180128  13.10847332 13.20785829
 13.3214038  13.32946736 13.3214038  13.28299655 13.19050295 13.14131467
 13.1388658  13.11166725 13.41461743 13.34262386 13.11864427 13.147096
 13.11548133 13.09653226 13.44172783 13.2935765  13.44652547 13.14223074
 13.36212949 13.46642483 13.11102959 13.39806575 13.17208089 13.14039733
 13.0971827  13.2330137  13.42409848 13.21143721 13.38005687 13.10622919
 13.28783123 13.13115709 13.12742647 13.41091222 13.17324768 13.19671591
 13.39575824 13.12242139 13.34348858 13.11674817 13.3303554  13.40150413
 13.53726499 13.11674817 13.19783908 13.17091212 13.12116456 13.50026535
 13.14527559 13.44991606 13.20063823 13.12367596 13.13363313 13.45260696
 13.17412133 13.3848259  13.21608644 13.21198604 13.10139678 13.37604367
 13.42481881 13.13053669 13.10590801 13.60009714 13.28007512 13.12242139
 13.11484706 13.56592578 13.22688859 13.11738075 13.45260696 13.12367596
 13.18020483 13.225817   13.11516425 13.217719   13.11230432 13.58316483
 13.45327667 13.18250756 13.11230432 13.35205193 13.48894661 13.24792704
 13.12242139 13.24377881 13.41682482 13.12242139 13.23221834 13.52451439
 13.10975256 13.18020483 13.10268857 13.24169361 13.55146993 13.23750102
 13.3214038  13.11039133 13.11294087 13.11990552 13.14345029 13.10590801
 13.11864427] 595
glb= [13.21799064 13.50201786 13.27121705 13.2201597  13.50434011 13.40529243
 13.31275146 13.20119656 13.31891417 13.34821724 13.27762873 13.50085054
 13.13763815 13.25740793 13.20730582 13.69746068 13.22955937 13.13022628
 13.12492839 13.41902049 13.26171222 13.217719   13.17412133 13.11706455
 13.21635882 13.50549506 13.34693221 13.31137191 13.31959434 13.13825223
 13.24377881 13.2868677  13.32095206 13.27220826 13.256645   13.14314561
 13.28517748 13.29452817 13.32746352 13.58578198 13.3214038  13.42120449
 13.27467865 13.19699689 13.28445148 13.36004766 13.28299655 13.48894661
 13.35035141 13.46383241 13.32433049 13.42553782 13.407174   13.24325817
 13.23960106 13.17615545 13.3642021  13.23168744 13.34175763 13.1670992
 13.2489595  13.30651456 13.2166311  13.41461743 13.15372975 13.4996791
 13.13978513 13.1555278  13.19418159 13.20453628 13.11230432 13.19979977
 13.15102373 13.22528042 13.24195465 13.43406721 13.23644821 13.10139678
 13.13069181 13.15192696 13.20175441 13.299261   13.14039733 13.33696567
 13.2075821  13.30488539 13.20175441 13.38045622 13.19446366 13.34864484
 13.10526524 13.28299655 13.31412732 13.17061961 13.55442304 13.30441898
 13.24689273 13.17615545 13.2174472  13.51458841 13.12351926 13.12836097
 13.38954446 13.17383027 13.3338918  13.3338918  13.2868677  13.39459986
 13.29713641 13.17120453 13.19135379 13.14100902 13.34521344 13.17673549
 13.31366911 13.14648973 13.25358304 13.29855376 13.17847245 13.40302346
 13.21444957 13.27713809 13.4840654  13.50607097 13.15522845 13.24195465
 13.16385562 13.15761943 13.39537247 13.15761943 13.20398091 13.34992531
 13.17295616 13.19839991 13.16119007 13.16856828 13.16680495 13.17091212
 13.25076195 13.34907203 13.20868602 13.38324188 13.17847245 13.28879304
 13.09750772 13.29642636 13.22286022 13.32320683 13.60693698 13.2075821
 13.42553782 13.16444656 13.18049314 13.44924036 13.27121705 13.26422903
 13.38954446 13.09848194 13.39498636 13.59514314 13.20091748 13.28831236
 13.257916   13.33914965 13.35459149 13.11738075 13.2935765  13.42120449
 13.20119656 13.51233924 13.21226024 13.14253581 13.30301723 13.14981766
 13.10847332 13.36626551 13.21390292 13.4996791  13.13794528 13.24325817
 13.12836097 13.1842292  13.11832859 13.1579177  13.32500349 13.21280826
 13.32813234 13.3214038  13.34864484 13.39575824 13.26120751 13.25867725
 13.33190566 13.39768202 13.26145988 13.15492893 13.29689984 13.37118062
 13.16267223 13.23855194 13.1217933  13.43265823 13.17091212 13.34088982
 13.35837551 13.256645   13.17731497 13.31504254 13.17962789 13.18279482
 13.19868013 13.21799064 13.29642636 13.22688859 13.10268857 13.27934233
 13.20119656 13.13855914 13.23354339 13.10462194 13.09945486 13.40529243
 13.20785829 13.40188447 13.20231178 13.44447663 13.37442837 13.14039733
 13.18336896 13.46963959 13.12836097 13.40942091 13.14192549 13.41239825
 13.41091222 13.39691355 13.42625558 13.27909783 13.17499388 13.11357683
 13.42120449 13.41461743 13.31458514 13.43265823 13.3338918  13.14860936
 13.49495145 13.21226024 13.19896025 13.25715372 13.31298104 13.22742368
 13.15312937 13.33565063 13.237238   13.23142186 13.36544123 13.13947887
 13.44447663 13.16326424 13.46642483 13.23776393 13.18708848 13.14466767
 13.24559728 13.19135379 13.30488539 13.18135718 13.16029918 13.18594629
 13.18794379 13.29737289 13.30488539 13.37765321 13.17876153 13.38005687
 13.36212949 13.22151143 13.31777844 13.18993517 13.16178336 13.29310009
 13.17499388 13.12680277 13.20647626 13.19839991 13.42481881 13.29023253
 13.21444957 13.1373309  13.17962789 13.37118062 13.24533783 13.19811951
 13.20951269 13.38005687 13.22635303 13.31366911 13.40415946 13.27615563
 13.25766205 13.29310009 13.15042098 13.11118907 13.20286866 13.26623445
 13.30906453 13.44584374 13.23009209 13.36872964 13.16503694 13.4291138
 13.29689984 13.49732365 13.11071052 13.53778458 13.11484706 13.14345029
 13.36667712 13.31366911 13.28541925 13.09848194 13.24818529 13.12649069
 13.25588104 13.16739327 13.29689984 13.20453628 13.18135718 13.33477201
 13.23089029 13.34002049 13.33565063 13.24481859 13.18879801 13.3186872
 13.58708016 13.44034608 13.1261785  13.12991576 13.20453628 13.39188498
 13.43406721 13.09848194 13.21472264 13.32049988 13.13115709 13.13239624
 13.45327667 13.34521344 13.13394204 13.34262386 13.21335586 13.10526524
 13.35289994 13.37604367 13.13301497 13.16798102 13.47472423 13.26422903
 13.13610049 13.24533783 13.23115613 13.10397805 13.18135718 13.33301007
 13.16915504 13.23828939 13.36626551 13.23062435 13.14253581 13.11071052
 13.14981766 13.2868677  13.47091754 13.1842292  13.31412732 13.18508829
 13.43756786 13.19952004 13.14436357 13.24533783 13.22259069 13.27713809
 13.26823276 13.18537446 13.16680495 13.14770177 13.19276924 13.38205011
 13.16856828 13.48651466 13.0968575  13.27121705 13.42553782 13.1217933
 13.299261   13.30301723 13.42697202 13.17528445 13.17295616 13.2489595
 13.29973201 13.1180128  13.29831783 13.25204598 13.1202205  13.09880636
 13.19333457 13.15970459 13.42409848 13.23539353 13.25816991 13.34821724
 13.51374687 13.29310009 13.3439204  13.407174   13.203425   13.1747032
 13.29973201 13.3214038  13.12304897 13.24947503 13.47849058 13.25101897
 13.17905045 13.28105067 13.21006317 13.11039133 13.33914965 13.14800445
 13.12053536 13.12242139 13.27319771 13.26972689 13.22205127 13.13053669
 13.16680495 13.22366805 13.31732347 13.21988895 13.22447476 13.24481859
 13.19839991 13.28879304 13.21171168 13.22043027 13.10847332 13.52559781
 13.11611501 13.38797721 13.16974123 13.28879304 13.48097931 13.21335586
 13.34175763 13.43756786 13.33301007 13.24792704 13.24663385 13.20592261
 13.33124184 13.12147902 13.24117116 13.15910951 13.18936683 13.09848194
 13.25867725 13.19078671 13.25307115 13.3934384  13.20785829 13.18537446
 13.42697202 13.35289994 13.35627701 13.27467865 13.27615563 13.41461743
 13.14830696 13.11039133 13.36913901 13.13332411 13.3443518  13.42553782
 13.1373309  13.27762873 13.16148677 13.1180128  13.10847332 13.20785829
 13.3214038  13.32946736 13.3214038  13.28299655 13.19050295 13.14131467
 13.1388658  13.11166725 13.41461743 13.34262386 13.11864427 13.147096
 13.11548133 13.09653226 13.44172783 13.2935765  13.44652547 13.14223074
 13.36212949 13.46642483 13.11102959 13.39806575 13.17208089 13.14039733
 13.0971827  13.2330137  13.42409848 13.21143721 13.38005687 13.10622919
 13.28783123 13.13115709 13.12742647 13.41091222 13.17324768 13.19671591
 13.39575824 13.12242139 13.34348858 13.11674817 13.3303554  13.40150413
 13.53726499 13.11674817 13.19783908 13.17091212 13.12116456 13.50026535
 13.14527559 13.44991606 13.20063823 13.12367596 13.13363313 13.45260696
 13.17412133 13.3848259  13.21608644 13.21198604 13.10139678 13.37604367
 13.42481881 13.13053669 13.10590801 13.60009714 13.28007512 13.12242139
 13.11484706 13.56592578 13.22688859 13.11738075 13.45260696 13.12367596
 13.18020483 13.225817   13.11516425 13.217719   13.11230432 13.58316483
 13.45327667 13.18250756 13.11230432 13.35205193 13.48894661 13.24792704
 13.12242139 13.24377881 13.41682482 13.12242139 13.23221834 13.52451439
 13.10975256 13.18020483 13.10268857 13.24169361 13.55146993 13.23750102
 13.3214038  13.11039133 13.11294087 13.11990552 13.14345029 13.10590801
 13.11864427] 595
bidsort lists= 595 595
 595
SNAP 38
EPS 0.023972009055678818
galrad= 0.01
!!! agesel
Found 1116 stars.
Rotated pos.
Rotated vel.
Calculating circularities
dty= [13.08141132 13.4996791  13.51458841 13.20398091 13.29831783 13.11706455
 13.29855376 13.3338918  13.34693221 13.05350953 13.41535454 13.06036741
 13.20175441 13.07591217 13.23062435 13.2868677  13.06902366 13.13069181
 13.32746352 13.22955937 13.20119656 13.40150413 13.0502307  13.30441898
 13.04223534 13.27220826 13.05917165 13.08107921 13.0584875  13.27934233
 13.06547115 13.42697202 13.33565063 13.27713809 13.26623445 13.31298104
 13.3186872  13.0949035  13.43756786 13.58578198 13.06885487 13.27615563
 13.13301497 13.32946736 13.07239168 13.08439404 13.09097992 13.05694599
 13.27713809 13.2075821  13.20175441 13.08802344 13.33190566 13.4840654
 13.07070955 13.10526524 13.20453628 13.35289994 13.2489595  13.60693698
 13.08999572 13.08769427 13.09097992 13.24377881 13.50085054 13.19839991
 13.08868144 13.06122031 13.20119656 13.43406721 13.31366911 13.46383241
 13.08240688 13.30906453 13.36667712 13.27121705 13.32500349 13.05419802
 13.2868677  13.39188498 13.17673549 13.32433049 13.09065199 13.22528042
 13.34175763 13.04345723 13.15761943 13.22124133 13.29689984 13.33914965
 13.08472471 13.05419802 13.27762873 13.21006317 13.15522845 13.35627701
 13.06564066 13.04519968 13.14253581 13.09261729 13.04310834 13.21799064
 13.06902366 13.21799064 13.35289994 13.07875009 13.2201597  13.31137191
 13.29310009 13.34821724 13.04310834 13.46963959 13.24559728 13.42697202
 13.18879801 13.2935765  13.3186872  13.38205011 13.37765321 13.3186872
 13.17208089 13.19896025 13.28831236 13.41461743 13.06002594 13.22259069
 13.06885487 13.15761943 13.52559781 13.24947503 13.31959434 13.07658084
 13.17876153 13.29310009 13.29310009 13.407174   13.34262386 13.24533783
 13.21198604 13.08933891 13.06139082 13.30651456 13.39806575 13.41091222
 13.08950315 13.04241    13.23089029 13.09130767 13.27909783 13.06547115
 13.27319771 13.0857159  13.36913901 13.29973201 13.24012485 13.28783123
 13.12804958 13.40529243 13.37118062 13.07323137 13.35289994 13.38005687
 13.10911327 13.05780274 13.37118062 13.29689984 13.34088982 13.17412133
 13.14860936 13.50607097 13.2201597  13.26823276 13.28541925 13.14830696
 13.08340112 13.22447476 13.26422903 13.42481881 13.237238   13.07908322
 13.33565063 13.44172783 13.14466767 13.39459986 13.23828939 13.38797721
 13.06343369 13.42553782 13.24689273 13.19699689 13.26145988 13.44652547
 13.26422903 13.60009714 13.23539353 13.35837551 13.40415946 13.19839991
 13.08389773 13.58708016 13.05247566 13.05643151 13.0891746  13.0775828
 13.42625558 13.08637593 13.20785829 13.47091754 13.19811951 13.16326424
 13.30488539 13.3338918  13.05471408 13.09229008 13.12649069 13.2868677
 13.39498636 13.23168744 13.04398033 13.04780592 13.25867725 13.17324768
 13.11118907 13.23644821 13.14800445 13.15102373 13.10847332 13.24117116
 13.217719   13.09750772 13.09359798 13.24195465 13.14436357 13.20453628
 13.1670992  13.28879304 13.33477201 13.19333457 13.42120449 13.47849058
 13.05126762 13.06919237 13.09229008 13.09653226 13.07407013 13.15372975
 13.42120449 13.08439404 13.10139678 13.256645   13.33914965 13.20175441
 13.0742378  13.24792704 13.19418159 13.04153619 13.34992531 13.46642483
 13.43895946 13.20951269 13.06801031 13.0730635  13.07641369 13.36212949
 13.42120449 13.35459149 13.19276924 13.37604367 13.07205553 13.33301007
 13.25816991 13.14345029 13.41461743 13.19446366 13.14981766 13.04988487
 13.36004766 13.14527559 13.26272027 13.06241296 13.19839991 13.13855914
 13.29023253 13.08240688 13.17499388 13.33696567 13.09065199 13.08966737
 13.39691355 13.3214038  13.27467865 13.16267223 13.10333357 13.13332411
 13.0664878  13.07440538 13.0971827  13.41091222 13.12116456 13.38005687
 13.14951576 13.18279482 13.42409848 13.18336896 13.27762873 13.42409848
 13.1180128  13.13978513 13.33124184 13.13022628 13.09555543 13.11864427
 13.29452817 13.50026535 13.23855194 13.05968429 13.20119656 13.20453628
 13.28445148 13.12147902 13.17962789 13.18135718 13.51233924 13.21472264
 13.09848194 13.29973201 13.16974123 13.2075821  13.13363313 13.04745891
 13.48097931 13.19135379 13.13394204 13.30301723 13.09229008 13.09294433
 13.34864484 13.17412133 13.08769427 13.17731497 13.08538564 13.18049314
 13.3642021  13.04780592 13.27121705 13.41239825 13.24663385 13.24585656
 13.3550134  13.17528445 13.07020412 13.15612603 13.04849952 13.2489595
 13.35035141 13.10847332 13.09196274 13.44584374 13.20868602 13.27615563
 13.61889018 13.25588104 13.09032394 13.39575824 13.16680495 13.15312937
 13.24533783 13.37523672 13.08966737 13.48283426 13.14557929 13.05230312
 13.14039733 13.09425104 13.31366911 13.05299279 13.12836097 13.09392453
 13.04711185 13.30301723 13.11039133 13.21171168 13.11548133 13.3439204
 13.40188447 13.10847332 13.12351926 13.14100902 13.20286866 13.12836097
 13.40529243 13.17091212 13.20785829 13.14770177 13.14039733 13.09392453
 13.1373309  13.18794379 13.41016724 13.42553782 13.19078671 13.22286022
 13.1842292  13.04153619 13.08439404 13.39537247 13.05694599 13.06411345
 13.09848194 13.30488539 13.17962789 13.20785829 13.06919237 13.22366805
 13.25715372 13.3338918  13.32095206 13.37118062 13.29737289 13.07908322
 13.0968575  13.2330137  13.26171222 13.39768202 13.12867218 13.04780592
 13.19952004 13.24481859 13.18537446 13.203425   13.23354339 13.07222361
 13.2166311  13.24818529 13.23142186 13.15910951 13.39032602 13.13053669
 13.34175763 13.24325817 13.27121705 13.59514314 13.23776393 13.14253581
 13.36544123 13.34521344 13.17789402 13.38954446 13.12836097 13.10526524
 13.04676446 13.22688859 13.20063823 13.69746068 13.09229008 13.23960106
 13.53778458 13.51626486 13.25613581 13.17061961 13.11230432 13.11674817
 13.18135718 13.06902366 13.407174   13.10397805 13.34002049 13.24481859
 13.25766205 13.11832859 13.05092221 13.31366911 13.25740793 13.36212949
 13.21826217 13.17295616 13.28517748 13.28202448 13.1202205  13.45260696
 13.05660306 13.08604598 13.20647626 13.18993517 13.17905045 13.04659081
 13.09945486 13.44991606 13.3303554  13.06952976 13.05968429 13.11738075
 13.10719177 13.07255967 13.0747405  13.16680495 13.19135379 13.16562682
 13.257916   13.46383241 13.18537446 13.11071052 13.24325817 13.14314561
 13.14951576 13.29642636 13.3848259  13.10526524 13.25358304 13.07407013
 13.48651466 13.12053536 13.07674791 13.10975256 13.17266454 13.0754102
 13.22635303 13.1217933  13.06173167 13.11516425 13.31891417 13.43265823
 13.15042098 13.15970459 13.20730582 13.21390292 13.31504254 13.31137191
 13.31412732 13.23009209 13.4291138  13.16798102 13.18936683 13.07339923
 13.06002594 13.31458514 13.2174472  13.12367596 13.45260696 13.04293388
 13.11484706 13.21143721 13.14527559 13.22043027 13.20091748 13.19979977
 13.25204598 13.40302346 13.43406721 13.13947887 13.08306984 13.13115709
 13.08769427 13.08802344 13.18508829 13.10268857 13.53726499 13.31732347
 13.10075007 13.10010269 13.14192549 13.17847245 13.04398033 13.34907203
 13.13763815 13.27121705 13.04519968 13.08141132 13.41461743 13.0588296
 13.07490798 13.07339923 13.256645   13.11230432 13.14981766 13.13548445
 13.04884611 13.3443518  13.04815288 13.25076195 13.19868013 13.05985519
 13.31412732 13.15372975 13.08999572 13.19783908 13.10655019 13.13825223
 13.16503694 13.16915504 13.37604367 13.18708848 13.08868144 13.22688859
 13.20231178 13.34864484 13.38954446 13.14648973 13.28493556 13.44924036
 13.40942091 13.09848194 13.42481881 13.11357683 13.17324768 13.04676446
 13.06665711 13.12492839 13.19220341 13.54343941 13.14436357 13.10139678
 13.14039733 13.1388658  13.30114246 13.04467739 13.49732365 13.1217933
 13.08074691 13.14131467 13.16562682 13.09977887 13.18594629 13.09196274
 13.14223074 13.13363313 13.0754102  13.15192696 13.08505527 13.16444656
 13.15672382 13.05264805 13.11102959 13.1555278  13.14314561 13.07641369
 13.32813234 13.0804145  13.27121705 13.05230312 13.10204297 13.16856828
 13.04988487 13.16267223 13.38005687 13.41461743 13.04641702 13.18250756
 13.1180128  13.06343369 13.21880493 13.56592578 13.09457736 13.23539353
 13.10462194 13.17615545 13.06207234 13.17615545 13.04745891 13.18594629
 13.41902049 13.09848194 13.16739327 13.08703537 13.14527559 13.15492893
 13.15102373 13.43756786 13.25307115 13.13177692 13.0949035  13.3214038
 13.15312937 13.11166725 13.22205127 13.06547115 13.05660306 13.12680277
 13.19276924 13.06936114 13.12991576 13.09848194 13.06801031 13.20592261
 13.09783262 13.05917165 13.16385562 13.08373228 13.29642636 13.06496224
 13.05092221 13.23380802 13.08141132 13.17383027 13.10139678 13.13917243
 13.299261   13.06258311 13.28396695 13.34348858 13.42120449 13.43265823
 13.0730635  13.15072241 13.17847245 13.49495145 13.05109485 13.06019668
 13.15252842 13.11039133 13.11738075 13.28879304 13.17266454 13.31595614
 13.48894661 13.39575824 13.17905045 13.1579177  13.06699562 13.06767222
 13.06190201 13.42553782 13.32320683 13.32049988 13.09032394 13.2332786
 13.06496224 13.13239624 13.44034608 13.27121705 13.05608837 13.44447663
 13.28299655 13.22151143 13.21335586 13.11102959 13.0555733  13.37604367
 13.05471408 13.25867725 13.10622919 13.17091212 13.10590801 13.28299655
 13.06462282 13.47472423 13.21826217 13.05746021 13.28879304 13.15312937
 13.3934384  13.19952004 13.13239624 13.25101897 13.13239624 13.14223074
 13.3587941  13.28299655 13.05402602 13.06394355 13.19952004 13.07239168
 13.17266454 13.0453737  13.04988487 13.06156132 13.23697488 13.12367596
 13.39110622 13.0916353  13.1348679  13.07104624 13.19727777 13.06496224
 13.17149676 13.07440538 13.05608837 13.06969844 13.36129783 13.08769427
 13.07171926 13.06496224 13.20841022 13.06428328 13.40036104 13.06969844
 13.2332786  13.49256227 13.24064824 13.08901027 13.3934384  13.147096  ] 792
glb= [13.08141132 13.4996791  13.51458841 13.20398091 13.29831783 13.11706455
 13.29855376 13.3338918  13.34693221 13.05350953 13.41535454 13.06036741
 13.20175441 13.07591217 13.23062435 13.2868677  13.06902366 13.13069181
 13.32746352 13.22955937 13.20119656 13.40150413 13.0502307  13.30441898
 13.04223534 13.27220826 13.05917165 13.08107921 13.0584875  13.27934233
 13.06547115 13.42697202 13.33565063 13.27713809 13.26623445 13.31298104
 13.3186872  13.0949035  13.43756786 13.58578198 13.06885487 13.27615563
 13.13301497 13.32946736 13.07239168 13.08439404 13.09097992 13.05694599
 13.27713809 13.2075821  13.20175441 13.08802344 13.33190566 13.4840654
 13.07070955 13.10526524 13.20453628 13.35289994 13.2489595  13.60693698
 13.08999572 13.08769427 13.09097992 13.24377881 13.50085054 13.19839991
 13.08868144 13.06122031 13.20119656 13.43406721 13.31366911 13.46383241
 13.08240688 13.30906453 13.36667712 13.27121705 13.32500349 13.05419802
 13.2868677  13.39188498 13.17673549 13.32433049 13.09065199 13.22528042
 13.34175763 13.04345723 13.15761943 13.22124133 13.29689984 13.33914965
 13.08472471 13.05419802 13.27762873 13.21006317 13.15522845 13.35627701
 13.06564066 13.04519968 13.14253581 13.09261729 13.04310834 13.21799064
 13.06902366 13.21799064 13.35289994 13.07875009 13.2201597  13.31137191
 13.29310009 13.34821724 13.04310834 13.46963959 13.24559728 13.42697202
 13.18879801 13.2935765  13.3186872  13.38205011 13.37765321 13.3186872
 13.17208089 13.19896025 13.28831236 13.41461743 13.06002594 13.22259069
 13.06885487 13.15761943 13.52559781 13.24947503 13.31959434 13.07658084
 13.17876153 13.29310009 13.29310009 13.407174   13.34262386 13.24533783
 13.21198604 13.08933891 13.06139082 13.30651456 13.39806575 13.41091222
 13.08950315 13.04241    13.23089029 13.09130767 13.27909783 13.06547115
 13.27319771 13.0857159  13.36913901 13.29973201 13.24012485 13.28783123
 13.12804958 13.40529243 13.37118062 13.07323137 13.35289994 13.38005687
 13.10911327 13.05780274 13.37118062 13.29689984 13.34088982 13.17412133
 13.14860936 13.50607097 13.2201597  13.26823276 13.28541925 13.14830696
 13.08340112 13.22447476 13.26422903 13.42481881 13.237238   13.07908322
 13.33565063 13.44172783 13.14466767 13.39459986 13.23828939 13.38797721
 13.06343369 13.42553782 13.24689273 13.19699689 13.26145988 13.44652547
 13.26422903 13.60009714 13.23539353 13.35837551 13.40415946 13.19839991
 13.08389773 13.58708016 13.05247566 13.05643151 13.0891746  13.0775828
 13.42625558 13.08637593 13.20785829 13.47091754 13.19811951 13.16326424
 13.30488539 13.3338918  13.05471408 13.09229008 13.12649069 13.2868677
 13.39498636 13.23168744 13.04398033 13.04780592 13.25867725 13.17324768
 13.11118907 13.23644821 13.14800445 13.15102373 13.10847332 13.24117116
 13.217719   13.09750772 13.09359798 13.24195465 13.14436357 13.20453628
 13.1670992  13.28879304 13.33477201 13.19333457 13.42120449 13.47849058
 13.05126762 13.06919237 13.09229008 13.09653226 13.07407013 13.15372975
 13.42120449 13.08439404 13.10139678 13.256645   13.33914965 13.20175441
 13.0742378  13.24792704 13.19418159 13.04153619 13.34992531 13.46642483
 13.43895946 13.20951269 13.06801031 13.0730635  13.07641369 13.36212949
 13.42120449 13.35459149 13.19276924 13.37604367 13.07205553 13.33301007
 13.25816991 13.14345029 13.41461743 13.19446366 13.14981766 13.04988487
 13.36004766 13.14527559 13.26272027 13.06241296 13.19839991 13.13855914
 13.29023253 13.08240688 13.17499388 13.33696567 13.09065199 13.08966737
 13.39691355 13.3214038  13.27467865 13.16267223 13.10333357 13.13332411
 13.0664878  13.07440538 13.0971827  13.41091222 13.12116456 13.38005687
 13.14951576 13.18279482 13.42409848 13.18336896 13.27762873 13.42409848
 13.1180128  13.13978513 13.33124184 13.13022628 13.09555543 13.11864427
 13.29452817 13.50026535 13.23855194 13.05968429 13.20119656 13.20453628
 13.28445148 13.12147902 13.17962789 13.18135718 13.51233924 13.21472264
 13.09848194 13.29973201 13.16974123 13.2075821  13.13363313 13.04745891
 13.48097931 13.19135379 13.13394204 13.30301723 13.09229008 13.09294433
 13.34864484 13.17412133 13.08769427 13.17731497 13.08538564 13.18049314
 13.3642021  13.04780592 13.27121705 13.41239825 13.24663385 13.24585656
 13.3550134  13.17528445 13.07020412 13.15612603 13.04849952 13.2489595
 13.35035141 13.10847332 13.09196274 13.44584374 13.20868602 13.27615563
 13.61889018 13.25588104 13.09032394 13.39575824 13.16680495 13.15312937
 13.24533783 13.37523672 13.08966737 13.48283426 13.14557929 13.05230312
 13.14039733 13.09425104 13.31366911 13.05299279 13.12836097 13.09392453
 13.04711185 13.30301723 13.11039133 13.21171168 13.11548133 13.3439204
 13.40188447 13.10847332 13.12351926 13.14100902 13.20286866 13.12836097
 13.40529243 13.17091212 13.20785829 13.14770177 13.14039733 13.09392453
 13.1373309  13.18794379 13.41016724 13.42553782 13.19078671 13.22286022
 13.1842292  13.04153619 13.08439404 13.39537247 13.05694599 13.06411345
 13.09848194 13.30488539 13.17962789 13.20785829 13.06919237 13.22366805
 13.25715372 13.3338918  13.32095206 13.37118062 13.29737289 13.07908322
 13.0968575  13.2330137  13.26171222 13.39768202 13.12867218 13.04780592
 13.19952004 13.24481859 13.18537446 13.203425   13.23354339 13.07222361
 13.2166311  13.24818529 13.23142186 13.15910951 13.39032602 13.13053669
 13.34175763 13.24325817 13.27121705 13.59514314 13.23776393 13.14253581
 13.36544123 13.34521344 13.17789402 13.38954446 13.12836097 13.10526524
 13.04676446 13.22688859 13.20063823 13.69746068 13.09229008 13.23960106
 13.53778458 13.51626486 13.25613581 13.17061961 13.11230432 13.11674817
 13.18135718 13.06902366 13.407174   13.10397805 13.34002049 13.24481859
 13.25766205 13.11832859 13.05092221 13.31366911 13.25740793 13.36212949
 13.21826217 13.17295616 13.28517748 13.28202448 13.1202205  13.45260696
 13.05660306 13.08604598 13.20647626 13.18993517 13.17905045 13.04659081
 13.09945486 13.44991606 13.3303554  13.06952976 13.05968429 13.11738075
 13.10719177 13.07255967 13.0747405  13.16680495 13.19135379 13.16562682
 13.257916   13.46383241 13.18537446 13.11071052 13.24325817 13.14314561
 13.14951576 13.29642636 13.3848259  13.10526524 13.25358304 13.07407013
 13.48651466 13.12053536 13.07674791 13.10975256 13.17266454 13.0754102
 13.22635303 13.1217933  13.06173167 13.11516425 13.31891417 13.43265823
 13.15042098 13.15970459 13.20730582 13.21390292 13.31504254 13.31137191
 13.31412732 13.23009209 13.4291138  13.16798102 13.18936683 13.07339923
 13.06002594 13.31458514 13.2174472  13.12367596 13.45260696 13.04293388
 13.11484706 13.21143721 13.14527559 13.22043027 13.20091748 13.19979977
 13.25204598 13.40302346 13.43406721 13.13947887 13.08306984 13.13115709
 13.08769427 13.08802344 13.18508829 13.10268857 13.53726499 13.31732347
 13.10075007 13.10010269 13.14192549 13.17847245 13.04398033 13.34907203
 13.13763815 13.27121705 13.04519968 13.08141132 13.41461743 13.0588296
 13.07490798 13.07339923 13.256645   13.11230432 13.14981766 13.13548445
 13.04884611 13.3443518  13.04815288 13.25076195 13.19868013 13.05985519
 13.31412732 13.15372975 13.08999572 13.19783908 13.10655019 13.13825223
 13.16503694 13.16915504 13.37604367 13.18708848 13.08868144 13.22688859
 13.20231178 13.34864484 13.38954446 13.14648973 13.28493556 13.44924036
 13.40942091 13.09848194 13.42481881 13.11357683 13.17324768 13.04676446
 13.06665711 13.12492839 13.19220341 13.54343941 13.14436357 13.10139678
 13.14039733 13.1388658  13.30114246 13.04467739 13.49732365 13.1217933
 13.08074691 13.14131467 13.16562682 13.09977887 13.18594629 13.09196274
 13.14223074 13.13363313 13.0754102  13.15192696 13.08505527 13.16444656
 13.15672382 13.05264805 13.11102959 13.1555278  13.14314561 13.07641369
 13.32813234 13.0804145  13.27121705 13.05230312 13.10204297 13.16856828
 13.04988487 13.16267223 13.38005687 13.41461743 13.04641702 13.18250756
 13.1180128  13.06343369 13.21880493 13.56592578 13.09457736 13.23539353
 13.10462194 13.17615545 13.06207234 13.17615545 13.04745891 13.18594629
 13.41902049 13.09848194 13.16739327 13.08703537 13.14527559 13.15492893
 13.15102373 13.43756786 13.25307115 13.13177692 13.0949035  13.3214038
 13.15312937 13.11166725 13.22205127 13.06547115 13.05660306 13.12680277
 13.19276924 13.06936114 13.12991576 13.09848194 13.06801031 13.20592261
 13.09783262 13.05917165 13.16385562 13.08373228 13.29642636 13.06496224
 13.05092221 13.23380802 13.08141132 13.17383027 13.10139678 13.13917243
 13.299261   13.06258311 13.28396695 13.34348858 13.42120449 13.43265823
 13.0730635  13.15072241 13.17847245 13.49495145 13.05109485 13.06019668
 13.15252842 13.11039133 13.11738075 13.28879304 13.17266454 13.31595614
 13.48894661 13.39575824 13.17905045 13.1579177  13.06699562 13.06767222
 13.06190201 13.42553782 13.32320683 13.32049988 13.09032394 13.2332786
 13.06496224 13.13239624 13.44034608 13.27121705 13.05608837 13.44447663
 13.28299655 13.22151143 13.21335586 13.11102959 13.0555733  13.37604367
 13.05471408 13.25867725 13.10622919 13.17091212 13.10590801 13.28299655
 13.06462282 13.47472423 13.21826217 13.05746021 13.28879304 13.15312937
 13.3934384  13.19952004 13.13239624 13.25101897 13.13239624 13.14223074
 13.3587941  13.28299655 13.05402602 13.06394355 13.19952004 13.07239168
 13.17266454 13.0453737  13.04988487 13.06156132 13.23697488 13.12367596
 13.39110622 13.0916353  13.1348679  13.07104624 13.19727777 13.06496224
 13.17149676 13.07440538 13.05608837 13.06969844 13.36129783 13.08769427
 13.07171926 13.06496224 13.20841022 13.06428328 13.40036104 13.06969844
 13.2332786  13.49256227 13.24064824 13.08901027 13.3934384  13.147096  ] 792
bidsort lists= 792 792
 792
SNAP 39
EPS -0.001393203025188867
galrad= 0.01
!!! agesel
Found 1804 stars.
Rotated pos.
Rotated vel.
Calculating circularities
dty= [13.217719   13.09750772 13.30651456 ... 13.00285181 13.01088252
 13.25511606] 1761
glb= [13.217719   13.09750772 13.30651456 ... 13.00285181 13.01088252
 13.25511606] 1761
bidsort lists= 1761 1761
 1761
SNAP 40
EPS 0.06219864191630341
galrad= 0.01
!!! agesel
Found 2093 stars.
Rotated pos.
Rotated vel.
Calculating circularities
dty= [13.4996791  13.51458841 13.27934233 ... 12.98879556 12.97146112
 12.99251745] 2548
glb= [13.4996791  13.51458841 13.27934233 ... 12.98879556 12.97146112
 12.99251745] 2548
bidsort lists= 2548 2548
 2548
SNAP 41
EPS 0.09117415154109573
galrad= 0.01
!!! agesel
Found 1791 stars.
Rotated pos.
Rotated vel.
Calculating circularities
dty= [13.4996791  12.87508159 13.22955937 ... 12.91648415 12.93730201
 12.94361182] 3050
glb= [13.4996791  12.87508159 13.22955937 ... 12.91648415 12.93730201
 12.94361182] 3050
bidsort lists= 3050 3050
 3050
SNAP 42
EPS 0.02223315260889281
galrad= 0.01
!!! agesel
Found 1288 stars.
Rotated pos.
Rotated vel.
Calculating circularities
dty= [12.92895225 13.22955937 13.27934233 ... 12.80219005 12.83004066
 12.90916596] 3360
glb= [12.92895225 13.22955937 13.27934233 ... 12.80219005 12.83004066
 12.90916596] 3360
bidsort lists= 3360 3360
 3360
SNAP 43
EPS 0.03474527242676327
galrad= 0.01
!!! agesel
Found 1081 stars.
Rotated pos.
Rotated vel.
Calculating circularities
dty= [12.92895225 13.50607097 13.22955937 ... 12.76416679 12.75086545
 12.77263148] 4000
glb= [12.92895225 13.50607097 13.22955937 ... 12.76416679 12.75086545
 12.77263148] 4000
bidsort lists= 4000 4000
 4000
SNAP 44
EPS 0.03205650064555518
galrad= 0.01
!!! agesel
Found 997 stars.
Rotated pos.
Rotated vel.
Calculating circularities
dty= [12.92895225 13.50607097 13.22955937 ... 12.98879556 12.69498507
 12.99696208] 4716
glb= [12.92895225 13.50607097 13.22955937 ... 12.98879556 12.69498507
 12.99696208] 4716
bidsort lists= 4716 4716
 4716
SNAP 45
EPS 0.037487326864062046
galrad= 0.01
!!! agesel
Found 1059 stars.
Rotated pos.
Rotated vel.
Calculating circularities
dty= [12.92895225 13.30441898 13.27934233 ... 12.60843654 12.97146112
 12.98804909] 5546
glb= [12.92895225 13.30441898 13.27934233 ... 12.60843654 12.97146112
 12.98804909] 5546
bidsort lists= 5546 5546
 5546
SNAP 46
EPS 0.04830435705272862
galrad= 0.01
!!! agesel
Found 1015 stars.
Rotated pos.
Rotated vel.
Calculating circularities
dty= [12.92895225 13.27934233 12.81396199 ... 12.99325993 13.01811563
 13.09032394] 6475
glb= [12.92895225 13.27934233 12.81396199 ... 12.99325993 13.01811563
 13.09032394] 6475
bidsort lists= 6475 6475
 6475
SNAP 47
EPS 0.033448726700071936
galrad= 0.01
!!! agesel
Found 1321 stars.
Rotated pos.
Rotated vel.
Calculating circularities
dty= [12.92895225 12.36024929 13.50085054 ... 12.42518689 12.43755253
 12.63199572] 7938
glb= [12.92895225 12.36024929 13.50085054 ... 12.42518689 12.43755253
 12.63199572] 7938
bidsort lists= 7938 7938
 7938
SNAP 48
EPS 0.04610792266131858
galrad= 0.01
!!! agesel
Found 1449 stars.
Rotated pos.
Rotated vel.
Calculating circularities
dty= [12.34589374 12.84586615 13.03855818 ... 13.03943529 13.0730635
 13.02955645] 9816
glb= [12.34589374 12.84586615 13.03855818 ... 13.03943529 13.0730635
 13.02955645] 9816
bidsort lists= 9816 9816
 9816
SNAP 49
EPS 0.019040451525173703
galrad= 0.01
!!! agesel
Found 1546 stars.
Rotated pos.
Rotated vel.
Calculating circularities
dty= [12.21136773 12.92895225 12.20025771 ... 13.12242139 12.86144222
 12.8562776 ] 10826
glb= [12.21136773 12.92895225 12.20025771 ... 13.12242139 12.86144222
 12.8562776 ] 10826
bidsort lists= 10826 10826
 10826
SNAP 50
EPS 0.04143373842150206
galrad= 0.01
!!! agesel
Found 1256 stars.
Rotated pos.
Rotated vel.
Calculating circularities
dty= [12.57223303 13.27934233 12.11733412 ... 12.86998934 12.95609864
 12.90998196] 11922
glb= [12.57223303 13.27934233 12.11733412 ... 12.86998934 12.95609864
 12.90998196] 11922
bidsort lists= 11922 11922
 11922
SNAP 51
EPS 0.08329416062012182
galrad= 0.01
!!! agesel
Found 1093 stars.
Rotated pos.
Rotated vel.
Calculating circularities
dty= [11.97817606 11.99664083 12.11733412 ... 12.97601715 12.51184764
 13.11039133] 13099
glb= [11.97817606 11.99664083 12.11733412 ... 12.97601715 12.51184764
 13.11039133] 13099
bidsort lists= 13099 13099
 13099
SNAP 52
EPS 0.06300919792027954
galrad= 0.01
!!! agesel
Found 976 stars.
Rotated pos.
Rotated vel.
Calculating circularities
dty= [11.97817606 11.80622933 12.3509664  ... 12.47640221 12.86743311
 12.62668143] 13716
glb= [11.97817606 11.80622933 12.3509664  ... 12.47640221 12.86743311
 12.62668143] 13716
bidsort lists= 13716 13716
 13716
SNAP 53
EPS 0.07214871672296298
galrad= 0.01
!!! agesel
Found 1127 stars.
Rotated pos.
Rotated vel.
Calculating circularities
dty= [11.97817606 12.92895225 11.75464786 ... 13.16267223 12.26942787
 12.30620174] 15479
glb= [11.97817606 12.92895225 11.75464786 ... 13.16267223 12.26942787
 12.30620174] 15479
bidsort lists= 15479 15479
 15479
SNAP 54
EPS 0.11713562299425534
galrad= 0.01
!!! agesel
Found 1093 stars.
Rotated pos.
Rotated vel.
Calculating circularities
dty= [11.74504886 12.11733412 11.45522283 ... 13.05814521 12.59320549
 12.9009661 ] 17589
glb= [11.74504886 12.11733412 11.45522283 ... 13.05814521 12.59320549
 12.9009661 ] 17589
bidsort lists= 17589 17589
 17589
SNAP 55
EPS 0.17870197462420542
galrad= 0.01
!!! agesel
Found 1924 stars.
Rotated pos.
Rotated vel.
Calculating circularities
dty= [11.97817606 11.41417915 12.17544041 ... 11.2942286  11.33165455
 11.31190786] 21076
glb= [11.97817606 11.41417915 12.17544041 ... 11.2942286  11.33165455
 11.31190786] 21076
bidsort lists= 21076 21076
 21076
SNAP 56
EPS 0.24179456134444655
galrad= 0.01
!!! agesel
Found 1111 stars.
Rotated pos.
Rotated vel.
Calculating circularities
dty= [11.63631055 11.42762947 11.42854985 ... 12.22116079 12.07355219
 11.33602232] 9659
glb= [11.63631055 11.42762947 11.42854985 ... 12.22116079 12.07355219
 11.33602232] 9659
bidsort lists= 9659 9659
 9659
SNAP 57
EPS -0.003873213232390796
galrad= 0.01
!!! agesel
Found 1975 stars.
Rotated pos.
Rotated vel.
Calculating circularities
dty= [11.16095563 11.53742245 11.577538   ... 12.05330655 12.62241291
 11.98468996] 12588
glb= [11.16095563 11.53742245 11.577538   ... 12.05330655 12.62241291
 11.98468996] 12588
bidsort lists= 12588 12588
 12588
SNAP 58
EPS 0.03909716509014706
galrad= 0.01
!!! agesel
Found 1820 stars.
Rotated pos.
Rotated vel.
Calculating circularities
dty= [11.42854985 10.93084535 10.92484704 ... 12.80673362 12.7489519
 12.84412005] 15193
glb= [11.42854985 10.93084535 10.92484704 ... 12.80673362 12.7489519
 12.84412005] 15193
bidsort lists= 15193 15193
 15193
SNAP 59
EPS 0.052256794703888554
galrad= 0.01
!!! agesel
Found 1564 stars.
Rotated pos.
Rotated vel.
Calculating circularities
dty= [10.69844919 11.42854985 11.75965877 ... 12.03362294 12.20904447
 12.02489424] 17944
glb= [10.69844919 11.42854985 11.75965877 ... 12.03362294 12.20904447
 12.02489424] 17944
bidsort lists= 17944 17944
 17944
SNAP 60
EPS 0.08814721742892367
galrad= 0.01
!!! agesel
Found 1277 stars.
Rotated pos.
Rotated vel.
Calculating circularities
dty= [11.83077744 12.03302912 11.53264261 ... 11.71506148 11.35666798
 11.6566804 ] 20084
glb= [11.83077744 12.03302912 11.53264261 ... 11.71506148 11.35666798
 11.6566804 ] 20084
bidsort lists= 20084 20084
 20084
SNAP 61
EPS 0.13761466538973852
galrad= 0.01
!!! agesel
Found 2751 stars.
Rotated pos.
Rotated vel.
Calculating circularities
dty= [11.77778013 10.93997718 10.87803612 ... 12.64779972 12.43632074
 12.56553707] 23309
glb= [11.77778013 10.93997718 10.87803612 ... 12.64779972 12.43632074
 12.56553707] 23309
bidsort lists= 23309 23309
 23309
SNAP 62
EPS 0.052386697290923476
galrad= 0.01
!!! agesel
Found 2481 stars.
Rotated pos.
Rotated vel.
Calculating circularities
dty= [10.67528125 10.77163465 10.75082094 ... 12.58772028 12.3142567
 13.33630859] 25326
glb= [10.67528125 10.77163465 10.75082094 ... 12.58772028 12.3142567
 13.33630859] 25326
bidsort lists= 25326 25326
 25326
SNAP 63
EPS 0.15675435731059
galrad= 0.01
!!! agesel
Found 1749 stars.