loading halo 16 level 4
/eagle/projects/Auriga/Auriga/level4/Original/mergertrees/Au-16/trees_sf1_127
Hubble parameter= 0.6777
There are 1036 trees in file /eagle/projects/Auriga/Auriga/level4/Original/mergertrees/Au-16/trees_sf1_127.0.hdf5
Loading desc (Descendant) for blockname /Tree0.
Loading fnum (FileNr) for blockname /Tree0.
Loading fhfg (FirstHaloInFOFGroup) for blockname /Tree0.
Loading fpin (FirstProgenitor) for blockname /Tree0.
Loading fmc2 (Group_M_Crit200) for blockname /Tree0.
Loading fmm2 (Group_M_Mean200) for blockname /Tree0.
Loading fmt2 (Group_M_TopHat200) for blockname /Tree0.
Loading frc2 (Group_R_Crit200) for blockname /Tree0.
Loading nhfg (NextHaloInFOFGroup) for blockname /Tree0.
Loading npin (NextProgenitor) for blockname /Tree0.
Loading snum (SnapNum) for blockname /Tree0.
Loading sbhm (SubhaloBHMass) for blockname /Tree0.
Loading sbhd (SubhaloBHMdot) for blockname /Tree0.
Loading sgmt (SubhaloGasMetallicity) for blockname /Tree0.
Loading sgmf (SubhaloGasMetallicitySfr) for blockname /Tree0.
Loading sgnr (SubhaloGrNr) for blockname /Tree0.
Loading shmt (SubhaloHalfmassRadType) for blockname /Tree0.
Key SubhaloIDMostBound not found in conversion table, skipping.
Loading slen (SubhaloLen) for blockname /Tree0.
Loading slty (SubhaloLenType) for blockname /Tree0.
Loading smit (SubhaloMassInRadType) for blockname /Tree0.
Loading smty (SubhaloMassType) for blockname /Tree0.
Loading sbnr (SubhaloNumber) for blockname /Tree0.
Loading soty (SubhaloOffsetType) for blockname /Tree0.
Loading spos (SubhaloPos) for blockname /Tree0.
Loading ssfr (SubhaloSFR) for blockname /Tree0.
Loading ssfi (SubhaloSFRinRad) for blockname /Tree0.
Loading sspi (SubhaloSpin) for blockname /Tree0.
Loading ssmt (SubhaloStarMetallicity) for blockname /Tree0.
Loading ssph (SubhaloStellarPhotometrics) for blockname /Tree0.
Loading svmx (SubhaloVMax) for blockname /Tree0.
Loading svel (SubhaloVel) for blockname /Tree0.
Loading svdi (SubhaloVelDisp) for blockname /Tree0.
galrad= 0.01
!!! agesel
Found 53 stars.
Rotated pos.
Rotated vel.
Calculating circularities
dty= [13.45727028 13.42409848 13.53882095] 3
glb= [13.45727028 13.42409848 13.53882095] 3
bidsort lists= 3 3
 3
SNAP 30
EPS -0.942807034777112
galrad= 0.01
!!! agesel
Found 114 stars.
Rotated pos.
Rotated vel.
Calculating circularities
dty= [13.38561584 13.38993541 13.37905687 13.46318145 13.4182899  13.48035875
 13.53201822 13.54698087 13.40188447 13.39959732] 10
glb= [13.38561584 13.38993541 13.37905687 13.46318145 13.4182899  13.48035875
 13.53201822 13.54698087 13.40188447 13.39959732] 10
bidsort lists= 10 10
 10
SNAP 31
EPS 0.014700416848119492
galrad= 0.01
!!! agesel
Found 171 stars.
Rotated pos.
Rotated vel.
Calculating circularities
dty= [13.3625447  13.37905687 13.38993541 13.34693221 13.36893434 13.38561584
 13.46318145 13.35120242 13.37483278 13.4182899  13.34821724 13.45859202
 13.35963014 13.45327667 13.3550134  13.34821724 13.3571175  13.41461743
 13.34992531 13.35247617 13.39537247 13.38719146 13.46252929 13.39997935
 13.42697202 13.37965711 13.49256227 13.48894661 13.55442304 13.40302346
 13.36129783 13.36790971 13.3571175  13.40642237 13.36626551 13.36954804
 13.37199475 13.36461548] 38
glb= [13.3625447  13.37905687 13.38993541 13.34693221 13.36893434 13.38561584
 13.46318145 13.35120242 13.37483278 13.4182899  13.34821724 13.45859202
 13.35963014 13.45327667 13.3550134  13.34821724 13.3571175  13.41461743
 13.34992531 13.35247617 13.39537247 13.38719146 13.46252929 13.39997935
 13.42697202 13.37965711 13.49256227 13.48894661 13.55442304 13.40302346
 13.36129783 13.36790971 13.3571175  13.40642237 13.36626551 13.36954804
 13.37199475 13.36461548] 38
bidsort lists= 38 38
 38
SNAP 32
EPS 0.1990102565587769
galrad= 0.01
!!! agesel
Found 199 stars.
Rotated pos.
Rotated vel.
Calculating circularities
dty= [13.33565063 13.31686813 13.31183218 13.3229818  13.39382593 13.33190566
 13.40566939 13.3161843  13.33323064 13.32522762 13.38915316 13.34002049
 13.32545166 13.33256859 13.45727028 13.34542861 13.33256859 13.32701714
 13.3245549  13.41609031 13.32679381 13.32365659 13.33762186 13.34088982
 13.46513094 13.33914965 13.33521153 13.42409848 13.42982519 13.33212675
 13.35332341 13.33433212 13.41239825 13.3816522  13.35837551 13.34864484
 13.413879   13.4079243  13.34521344 13.35120242 13.46899891 13.39575824
 13.32991159 13.53933778 13.47345982 13.33652773 13.32230612 13.41313929
 13.33301007 13.46513094] 50
glb= [13.33565063 13.31686813 13.31183218 13.3229818  13.39382593 13.33190566
 13.40566939 13.3161843  13.33323064 13.32522762 13.38915316 13.34002049
 13.32545166 13.33256859 13.45727028 13.34542861 13.33256859 13.32701714
 13.3245549  13.41609031 13.32679381 13.32365659 13.33762186 13.34088982
 13.46513094 13.33914965 13.33521153 13.42409848 13.42982519 13.33212675
 13.35332341 13.33433212 13.41239825 13.3816522  13.35837551 13.34864484
 13.413879   13.4079243  13.34521344 13.35120242 13.46899891 13.39575824
 13.32991159 13.53933778 13.47345982 13.33652773 13.32230612 13.41313929
 13.33301007 13.46513094] 50
bidsort lists= 50 50
 50
SNAP 33
EPS 0.164225593710976
galrad= 0.01
!!! agesel
Found 238 stars.
Rotated pos.
Rotated vel.
Calculating circularities
dty= [13.38993541 13.32946736 13.34693221 13.33345112 13.46318145 13.35120242
 13.36893434 13.35120242 13.27836375 13.29166819 13.461876   13.28541925
 13.30441898 13.37905687 13.35921233 13.27393868 13.38443041 13.28999288
 13.45990914 13.31321047 13.37805471 13.2827537  13.3625447  13.37077301
 13.27664712 13.37483278 13.32500349 13.28080698 13.46252929 13.35963014
 13.33784039 13.48894661 13.48035875 13.33914965 13.39537247 13.35247617
 13.36872964 13.38719146 13.55831191 13.28783123 13.34949891 13.32768657
 13.28493556 13.34992531 13.39149574 13.31412732 13.30674687 13.45327667
 13.34348858 13.34778928 13.35247617 13.35374646 13.31595614 13.32768657
 13.39997935 13.2868677  13.3571175  13.4079243  13.3507771  13.39537247
 13.41902049 13.27762873 13.3507771  13.48894661 13.31366911 13.41461743
 13.37684916 13.37965711 13.54647766 13.37965711 13.37158783 13.3314632
 13.34262386 13.38522104 13.34262386 13.41535454 13.36790971 13.29973201
 13.40302346 13.34821724 13.49256227 13.38915316 13.28783123 13.37684916
 13.30535136 13.39729796 13.28734966 13.27590974 13.53201822 13.30488539
 13.42697202 13.46122152 13.34348858 13.55442304 13.28783123 13.29642636
 13.38797721 13.3020807  13.299261   13.29262323 13.29023253 13.32410593
 13.2868677  13.3020807  13.29023253 13.31686813 13.299261   13.44924036
 13.29831783 13.34348858 13.35543496] 111
glb= [13.38993541 13.32946736 13.34693221 13.33345112 13.46318145 13.35120242
 13.36893434 13.35120242 13.27836375 13.29166819 13.461876   13.28541925
 13.30441898 13.37905687 13.35921233 13.27393868 13.38443041 13.28999288
 13.45990914 13.31321047 13.37805471 13.2827537  13.3625447  13.37077301
 13.27664712 13.37483278 13.32500349 13.28080698 13.46252929 13.35963014
 13.33784039 13.48894661 13.48035875 13.33914965 13.39537247 13.35247617
 13.36872964 13.38719146 13.55831191 13.28783123 13.34949891 13.32768657
 13.28493556 13.34992531 13.39149574 13.31412732 13.30674687 13.45327667
 13.34348858 13.34778928 13.35247617 13.35374646 13.31595614 13.32768657
 13.39997935 13.2868677  13.3571175  13.4079243  13.3507771  13.39537247
 13.41902049 13.27762873 13.3507771  13.48894661 13.31366911 13.41461743
 13.37684916 13.37965711 13.54647766 13.37965711 13.37158783 13.3314632
 13.34262386 13.38522104 13.34262386 13.41535454 13.36790971 13.29973201
 13.40302346 13.34821724 13.49256227 13.38915316 13.28783123 13.37684916
 13.30535136 13.39729796 13.28734966 13.27590974 13.53201822 13.30488539
 13.42697202 13.46122152 13.34348858 13.55442304 13.28783123 13.29642636
 13.38797721 13.3020807  13.299261   13.29262323 13.29023253 13.32410593
 13.2868677  13.3020807  13.29023253 13.31686813 13.299261   13.44924036
 13.29831783 13.34348858 13.35543496] 111
bidsort lists= 111 111
 111
SNAP 34
EPS -0.06489218497073401
galrad= 0.01
!!! agesel
Found 303 stars.
Rotated pos.
Rotated vel.
Calculating circularities
dty= [13.34693221 13.36893434 13.38993541 13.32946736 13.25435006 13.33345112
 13.46318145 13.35120242 13.25867725 13.29166819 13.45990914 13.35120242
 13.46252929 13.27836375 13.461876   13.37483278 13.28080698 13.24921734
 13.35247617 13.23380802 13.26019677 13.3625447  13.35921233 13.33784039
 13.34778928 13.26095497 13.34778928 13.28999288 13.33914965 13.39537247
 13.38443041 13.28541925 13.26873126 13.26221647 13.23802674 13.43547117
 13.28493556 13.31321047 13.28590249 13.27664712 13.256645   13.26823276
 13.37077301 13.27295052 13.27022402 13.23512958 13.37905687 13.26272027
 13.48035875 13.3314632  13.2422156  13.25281506 13.27393868 13.31412732
 13.26019677 13.36872964 13.38561584 13.37805471 13.2484435  13.41461743
 13.34478283 13.34262386 13.26573373 13.35963014 13.34821724 13.30535136
 13.29023253 13.41535454 13.30441898 13.2827537  13.35374646 13.34821724
 13.55831191 13.54647766 13.2422156  13.27467865 13.32768657 13.23618473
 13.27517143 13.3550134  13.30535136 13.44379129 13.2525588  13.39032602
 13.4079243  13.23644821 13.27369179 13.23380802 13.4182899  13.38085523
 13.34992531 13.37684916 13.60374396 13.28927328 13.45327667 13.4011234
 13.47661244 13.24169361 13.24325817 13.35247617 13.45859202 13.31137191
 13.23907673 13.28445148 13.3571175  13.38915316 13.34949891 13.37604367
 13.39149574 13.38719146 13.31595614 13.25715372 13.39537247 13.39997935
 13.33652773 13.37442837 13.23855194 13.24169361 13.53201822 13.4559438
 13.35963014 13.38954446 13.2484435  13.35205193 13.2327487  13.25613581
 13.40036104 13.2484435  13.2484435  13.39110622 13.32857774 13.24481859
 13.24377881 13.47849058 13.2489595  13.24792704 13.24377881 13.24999016
 13.27121705 13.25511606 13.26723452 13.25715372 13.26221647 13.40036104] 144
glb= [13.34693221 13.36893434 13.38993541 13.32946736 13.25435006 13.33345112
 13.46318145 13.35120242 13.25867725 13.29166819 13.45990914 13.35120242
 13.46252929 13.27836375 13.461876   13.37483278 13.28080698 13.24921734
 13.35247617 13.23380802 13.26019677 13.3625447  13.35921233 13.33784039
 13.34778928 13.26095497 13.34778928 13.28999288 13.33914965 13.39537247
 13.38443041 13.28541925 13.26873126 13.26221647 13.23802674 13.43547117
 13.28493556 13.31321047 13.28590249 13.27664712 13.256645   13.26823276
 13.37077301 13.27295052 13.27022402 13.23512958 13.37905687 13.26272027
 13.48035875 13.3314632  13.2422156  13.25281506 13.27393868 13.31412732
 13.26019677 13.36872964 13.38561584 13.37805471 13.2484435  13.41461743
 13.34478283 13.34262386 13.26573373 13.35963014 13.34821724 13.30535136
 13.29023253 13.41535454 13.30441898 13.2827537  13.35374646 13.34821724
 13.55831191 13.54647766 13.2422156  13.27467865 13.32768657 13.23618473
 13.27517143 13.3550134  13.30535136 13.44379129 13.2525588  13.39032602
 13.4079243  13.23644821 13.27369179 13.23380802 13.4182899  13.38085523
 13.34992531 13.37684916 13.60374396 13.28927328 13.45327667 13.4011234
 13.47661244 13.24169361 13.24325817 13.35247617 13.45859202 13.31137191
 13.23907673 13.28445148 13.3571175  13.38915316 13.34949891 13.37604367
 13.39149574 13.38719146 13.31595614 13.25715372 13.39537247 13.39997935
 13.33652773 13.37442837 13.23855194 13.24169361 13.53201822 13.4559438
 13.35963014 13.38954446 13.2484435  13.35205193 13.2327487  13.25613581
 13.40036104 13.2484435  13.2484435  13.39110622 13.32857774 13.24481859
 13.24377881 13.47849058 13.2489595  13.24792704 13.24377881 13.24999016
 13.27121705 13.25511606 13.26723452 13.25715372 13.26221647 13.40036104] 144
bidsort lists= 144 144
 144
SNAP 35
EPS 0.03152452790456289
galrad= 0.01
!!! agesel
Found 676 stars.
Rotated pos.
Rotated vel.
Calculating circularities
dty= [13.46318145 13.37483278 13.35120242 13.38993541 13.25435006 13.33345112
 13.36893434 13.34693221 13.3625447  13.22205127 13.32946736 13.19446366
 13.461876   13.21799064 13.37805471 13.19530921 13.19262783 13.27836375
 13.35120242 13.2827537  13.34778928 13.28541925 13.31412732 13.37905687
 13.27664712 13.43547117 13.27393868 13.26095497 13.23380802 13.19276924
 13.2484435  13.26823276 13.19234492 13.28999288 13.21143721 13.34778928
 13.48894661 13.36872964 13.27022402 13.31321047 13.29166819 13.30441898
 13.23802674 13.26873126 13.35289994 13.217719   13.35247617 13.25383884
 13.26019677 13.37077301 13.35921233 13.21581395 13.22501201 13.28080698
 13.28590249 13.2422156  13.29547806 13.29023253 13.2330137  13.2422156
 13.35963014 13.23644821 13.25867725 13.2604496  13.32500349 13.32768657
 13.20259027 13.38443041 13.22528042 13.35795657 13.25486083 13.34175763
 13.46252929 13.45990914 13.23380802 13.18837107 13.256645   13.27295052
 13.19248641 13.33784039 13.225817   13.32768657 13.48035875 13.21061318
 13.217719   13.28445148 13.33914965 13.28783123 13.22662086 13.18851338
 13.19979977 13.24921734 13.55831191 13.23512958 13.2075821  13.26221647
 13.18851338 13.19021914 13.25281506 13.28251074 13.26272027 13.2185336
 13.38085523 13.2525588  13.19474561 13.23907673 13.19699689 13.39537247
 13.3186872  13.31595614 13.26573373 13.34348858 13.20398091 13.19727777
 13.27762873 13.34992531 13.3507771  13.22420598 13.60374396 13.39149574
 13.39032602 13.22474344 13.4840654  13.35374646 13.23618473 13.24169361
 13.19755848 13.1882287  13.32857774 13.30674687 13.23354339 13.34262386
 13.34949891 13.23828939 13.25816991 13.35247617 13.2868677  13.21880493
 13.27958673 13.41902049 13.27467865 13.24663385 13.31366911 13.22742368
 13.34821724 13.30488539 13.28783123 13.23168744 13.45327667 13.27517143
 13.38876152 13.26019677 13.20896166 13.2303583  13.39729796 13.20007941
 13.23089029 13.4079243  13.43617132 13.36129783 13.31137191 13.23380802
 13.29973201 13.22608503 13.23486552 13.3507771  13.19021914 13.34778928
 13.20702942 13.22662086 13.28927328 13.20035887 13.21171168 13.27517143
 13.28493556 13.47661244 13.21907615 13.37684916 13.24169361 13.2279583
 13.26120751 13.3571175  13.40642237 13.37604367 13.27369179 13.32768657
 13.22902617 13.3550134  13.21934721 13.54647766 13.20147554 13.2484435
 13.20841022 13.4559438  13.21690328 13.3314632  13.23644821 13.25050476
 13.25715372 13.38719146 13.25943749 13.27860861 13.1882287  13.41535454
 13.39997935 13.22849244 13.32275669 13.19276924 13.30535136 13.34821724
 13.38836954 13.39537247 13.2174472  13.24325817 13.22742368 13.21116264
 13.26019677 13.53201822 13.44856345 13.20314688 13.20841022 13.34262386
 13.21335586 13.38915316 13.19643482 13.4182899  13.20063823 13.19418159
 13.18993517 13.20951269 13.21116264 13.40036104 13.20119656 13.21581395
 13.41461743 13.19530921 13.3848259  13.37604367 13.217719   13.27811886
 13.45859202 13.25050476 13.22286022 13.3848259  13.19952004 13.38561584
 13.34992531 13.35669743 13.37158783 13.19361702 13.24064824 13.3934384
 13.20453628 13.2075821  13.30535136 13.22232106 13.28734966 13.19924019
 13.21526853 13.22742368 13.19755848 13.2525588  13.28590249 13.44379129
 13.21608644 13.34778928 13.19361702 13.2327487  13.22286022 13.18965109
 13.24481859 13.22366805 13.34478283 13.21907615 13.40036104 13.35963014
 13.19446366 13.22259069 13.34864484 13.2422156  13.38640434 13.3338918
 13.40302346 13.22742368 13.19615362 13.27022402 13.23855194 13.27909783
 13.4011234  13.19078671 13.23907673 13.38954446 13.25230244 13.21116264
 13.20398091 13.24741012 13.33652773 13.26673471 13.25816991 13.19276924
 13.41902049 13.21280826 13.39032602 13.20453628 13.3571175  13.36626551
 13.21171168 13.45461262 13.20536842 13.53412809 13.20730582 13.3587941
 13.25076195 13.34175763 13.21608644 13.36502856 13.20619949 13.4011234
 13.41682482 13.27909783 13.30395213 13.34521344 13.22528042 13.26070234
 13.22366805 13.36378831 13.23539353 13.20007941 13.20286866 13.39421307
 13.29737289 13.20730582 13.21006317 13.39032602 13.46122152 13.3214038
 13.21226024 13.29689984 13.32410593 13.22259069 13.43687023 13.47661244
 13.30488539 13.34949891 13.203425   13.20730582 13.20951269 13.21499567
 13.32768657 13.46963959 13.2166311  13.32857774] 352
glb= [13.46318145 13.37483278 13.35120242 13.38993541 13.25435006 13.33345112
 13.36893434 13.34693221 13.3625447  13.22205127 13.32946736 13.19446366
 13.461876   13.21799064 13.37805471 13.19530921 13.19262783 13.27836375
 13.35120242 13.2827537  13.34778928 13.28541925 13.31412732 13.37905687
 13.27664712 13.43547117 13.27393868 13.26095497 13.23380802 13.19276924
 13.2484435  13.26823276 13.19234492 13.28999288 13.21143721 13.34778928
 13.48894661 13.36872964 13.27022402 13.31321047 13.29166819 13.30441898
 13.23802674 13.26873126 13.35289994 13.217719   13.35247617 13.25383884
 13.26019677 13.37077301 13.35921233 13.21581395 13.22501201 13.28080698
 13.28590249 13.2422156  13.29547806 13.29023253 13.2330137  13.2422156
 13.35963014 13.23644821 13.25867725 13.2604496  13.32500349 13.32768657
 13.20259027 13.38443041 13.22528042 13.35795657 13.25486083 13.34175763
 13.46252929 13.45990914 13.23380802 13.18837107 13.256645   13.27295052
 13.19248641 13.33784039 13.225817   13.32768657 13.48035875 13.21061318
 13.217719   13.28445148 13.33914965 13.28783123 13.22662086 13.18851338
 13.19979977 13.24921734 13.55831191 13.23512958 13.2075821  13.26221647
 13.18851338 13.19021914 13.25281506 13.28251074 13.26272027 13.2185336
 13.38085523 13.2525588  13.19474561 13.23907673 13.19699689 13.39537247
 13.3186872  13.31595614 13.26573373 13.34348858 13.20398091 13.19727777
 13.27762873 13.34992531 13.3507771  13.22420598 13.60374396 13.39149574
 13.39032602 13.22474344 13.4840654  13.35374646 13.23618473 13.24169361
 13.19755848 13.1882287  13.32857774 13.30674687 13.23354339 13.34262386
 13.34949891 13.23828939 13.25816991 13.35247617 13.2868677  13.21880493
 13.27958673 13.41902049 13.27467865 13.24663385 13.31366911 13.22742368
 13.34821724 13.30488539 13.28783123 13.23168744 13.45327667 13.27517143
 13.38876152 13.26019677 13.20896166 13.2303583  13.39729796 13.20007941
 13.23089029 13.4079243  13.43617132 13.36129783 13.31137191 13.23380802
 13.29973201 13.22608503 13.23486552 13.3507771  13.19021914 13.34778928
 13.20702942 13.22662086 13.28927328 13.20035887 13.21171168 13.27517143
 13.28493556 13.47661244 13.21907615 13.37684916 13.24169361 13.2279583
 13.26120751 13.3571175  13.40642237 13.37604367 13.27369179 13.32768657
 13.22902617 13.3550134  13.21934721 13.54647766 13.20147554 13.2484435
 13.20841022 13.4559438  13.21690328 13.3314632  13.23644821 13.25050476
 13.25715372 13.38719146 13.25943749 13.27860861 13.1882287  13.41535454
 13.39997935 13.22849244 13.32275669 13.19276924 13.30535136 13.34821724
 13.38836954 13.39537247 13.2174472  13.24325817 13.22742368 13.21116264
 13.26019677 13.53201822 13.44856345 13.20314688 13.20841022 13.34262386
 13.21335586 13.38915316 13.19643482 13.4182899  13.20063823 13.19418159
 13.18993517 13.20951269 13.21116264 13.40036104 13.20119656 13.21581395
 13.41461743 13.19530921 13.3848259  13.37604367 13.217719   13.27811886
 13.45859202 13.25050476 13.22286022 13.3848259  13.19952004 13.38561584
 13.34992531 13.35669743 13.37158783 13.19361702 13.24064824 13.3934384
 13.20453628 13.2075821  13.30535136 13.22232106 13.28734966 13.19924019
 13.21526853 13.22742368 13.19755848 13.2525588  13.28590249 13.44379129
 13.21608644 13.34778928 13.19361702 13.2327487  13.22286022 13.18965109
 13.24481859 13.22366805 13.34478283 13.21907615 13.40036104 13.35963014
 13.19446366 13.22259069 13.34864484 13.2422156  13.38640434 13.3338918
 13.40302346 13.22742368 13.19615362 13.27022402 13.23855194 13.27909783
 13.4011234  13.19078671 13.23907673 13.38954446 13.25230244 13.21116264
 13.20398091 13.24741012 13.33652773 13.26673471 13.25816991 13.19276924
 13.41902049 13.21280826 13.39032602 13.20453628 13.3571175  13.36626551
 13.21171168 13.45461262 13.20536842 13.53412809 13.20730582 13.3587941
 13.25076195 13.34175763 13.21608644 13.36502856 13.20619949 13.4011234
 13.41682482 13.27909783 13.30395213 13.34521344 13.22528042 13.26070234
 13.22366805 13.36378831 13.23539353 13.20007941 13.20286866 13.39421307
 13.29737289 13.20730582 13.21006317 13.39032602 13.46122152 13.3214038
 13.21226024 13.29689984 13.32410593 13.22259069 13.43687023 13.47661244
 13.30488539 13.34949891 13.203425   13.20730582 13.20951269 13.21499567
 13.32768657 13.46963959 13.2166311  13.32857774] 352
bidsort lists= 352 352
 352
SNAP 36
EPS 0.11064670939252966
galrad= 0.01
!!! agesel
Found 1136 stars.
Rotated pos.
Rotated vel.
Calculating circularities
dty= [13.28783123 13.16621614 13.15821587 13.25383884 13.48894661 13.3314632
 13.2525588  13.19262783 13.16988768 13.1723728  13.16267223 13.2330137
 13.20453628 13.15732105 13.14100902 13.2075821  13.38561584 13.15282895
 13.41535454 13.4182899  13.19276924 13.44379129 13.14253581 13.30535136
 13.16119007 13.17149676 13.15132494 13.34262386 13.32275669 13.1747032
 13.15851386 13.15851386 13.25281506 13.45859202 13.17383027 13.35120242
 13.14860936 13.16415115 13.14238328 13.17586527 13.17222685 13.16444656
 13.34992531 13.26019677 13.35120242 13.19234492 13.18365583 13.15717177
 13.15192696 13.39729796 13.38522104 13.16812787 13.17499388 13.15806679
 13.28493556 13.27295052 13.41902049 13.18993517 13.29973201 13.17557491
 13.15582697 13.1659215  13.38640434 13.33652773 13.1882287  13.17673549
 13.17149676 13.30535136 13.38993541 13.25101897 13.20453628 13.49256227
 13.34821724 13.19474561 13.25435006 13.37684916 13.15492893 13.14679292
 13.33345112 13.32768657 13.4011234  13.16503694 13.17528445 13.2484435
 13.28080698 13.35669743 13.32500349 13.18737371 13.28783123 13.18851338
 13.33914965 13.15642498 13.14162013 13.18680314 13.461876   13.15132494
 13.14405923 13.21116264 13.15162604 13.37483278 13.15192696 13.17003413
 13.18193265 13.1436026  13.19276924 13.22097112 13.33784039 13.35921233
 13.3104502  13.17789402 13.15072241 13.22420598 13.32768657 13.20841022
 13.26221647 13.22742368 13.38005687 13.41461743 13.34778928 13.16739327
 13.57057577 13.19755848 13.19755848 13.18451569 13.2081343  13.19530921
 13.21690328 13.19979977 13.18135718 13.34175763 13.34262386 13.22742368
 13.26095497 13.19699689 13.34778928 13.39729796 13.15342961 13.25050476
 13.26272027 13.14951576 13.22608503 13.15011937 13.21143721 13.18851338
 13.27762873 13.30488539 13.34778928 13.3848259  13.14223074 13.21581395
 13.15642498 13.34478283 13.14284077 13.16326424 13.18193265 13.19727777
 13.29166819 13.34864484 13.2827537  13.27590974 13.16959476 13.27393868
 13.18837107 13.37805471 13.21907615 13.21280826 13.21116264 13.16621614
 13.28541925 13.20147554 13.43547117 13.17208089 13.17673549 13.18308191
 13.16029918 13.45990914 13.42697202 13.3587941  13.46318145 13.14951576
 13.16148677 13.217719   13.19446366 13.17178894 13.16326424 13.3571175
 13.2075821  13.17557491 13.46252929 13.14618643 13.15702249 13.16207978
 13.18365583 13.22205127 13.2525588  13.3625447  13.35459149 13.36295961
 13.17673549 13.23907673 13.37361862 13.19530921 13.23512958 13.36893434
 13.20063823 13.14131467 13.2303583  13.20259027 13.15851386 13.21116264
 13.27664712 13.27517143 13.22286022 13.21799064 13.14770177 13.21335586
 13.36790971 13.20035887 13.35247617 13.19643482 13.35795657 13.19220341
 13.20314688 13.40188447 13.14131467 13.15821587 13.24481859 13.20730582
 13.2075821  13.24921734 13.43617132 13.15761943 13.18637486 13.23697488
 13.19021914 13.37077301 13.55442304 13.26873126 13.22742368 13.2327487
 13.23354339 13.18135718 13.28590249 13.217719   13.17120453 13.38443041
 13.35289994 13.22849244 13.21608644 13.24117116 13.19333457 13.22366805
 13.22124133 13.27022402 13.20119656 13.21934721 13.22902617 13.18594629
 13.20007941 13.34693221 13.17412133 13.15312937 13.21581395 13.22662086
 13.21907615 13.35963014 13.40302346 13.14223074 13.14253581 13.16326424
 13.54698087 13.31412732 13.1693016  13.1882287  13.14830696 13.27517143
 13.28999288 13.19446366 13.15462936 13.15042098 13.18594629 13.22286022
 13.16798102 13.21061318 13.24689273 13.16385562 13.15821587 13.22528042
 13.22232106 13.21171168 13.14451562 13.147096   13.22312957 13.21880493
 13.32946736 13.21171168 13.25486083 13.40036104 13.18594629 13.38915316
 13.27836375 13.18794379 13.19248641 13.22366805 13.19021914 13.39537247
 13.18279482 13.54848523 13.49435571 13.225817   13.20398091 13.36872964
 13.15970459 13.39188498 13.23380802 13.37442837 13.2604496  13.34348858
 13.2332786  13.1555278  13.37905687 13.17586527 13.17091212 13.19418159
 13.23486552 13.26573373 13.19220341 13.23644821 13.19418159 13.18765883
 13.21608644 13.32857774 13.20702942 13.23089029 13.20896166 13.1856604
 13.26120751 13.23802674 13.23380802 13.14770177 13.15072241 13.28783123
 13.25230244 13.2279583  13.19220341 13.217719   13.19615362 13.23697488
 13.23168744 13.27319771 13.23855194 13.34778928 13.23644821 13.44103759
 13.53201822 13.31321047 13.26823276 13.21280826 13.25050476 13.39032602
 13.29547806 13.2422156  13.37604367 13.19361702 13.16798102 13.22554879
 13.20951269 13.22662086 13.16444656 13.23380802 13.17789402 13.27958673
 13.28734966 13.30441898 13.16000197 13.36461548 13.14951576 13.55831191
 13.3848259  13.29023253 13.16119007 13.24064824 13.19050295 13.15222778
 13.19361702 13.44924036 13.20841022 13.16503694 13.28251074 13.17412133
 13.16503694 13.4840654  13.39997935 13.22501201 13.15342961 13.15192696
 13.19474561 13.2692293  13.17962789 13.21335586 13.35459149 13.26823276
 13.23221834 13.16207978 13.28445148 13.256645   13.24741012 13.28590249
 13.24169361 13.38085523 13.18651763 13.19502746 13.22178144 13.29642636
 13.36129783 13.4559438  13.38954446 13.26698466 13.34002049 13.21294524
 13.25715372 13.15072241 13.17847245 13.20550703 13.40036104 13.20398091
 13.15910951 13.15612603 13.26221647 13.21526853 13.22259069 13.15970459
 13.2279583  13.43547117 13.26673471 13.17557491 13.16680495 13.15910951
 13.3303554  13.42481881 13.22312957 13.31137191 13.5072198  13.17003413
 13.15940711 13.41682482 13.15011937 13.43965338 13.36872964 13.15372975
 13.38836954 13.33652773 13.17789402 13.45227164 13.33301007 13.60374396
 13.1882287  13.25816991 13.16029918 13.16148677 13.17905045 13.19952004
 13.28879304 13.30301723 13.17441235 13.16029918 13.24064824 13.16680495
 13.18879801 13.41535454 13.24169361 13.14405923 13.31959434 13.16915504
 13.29262323 13.36461548 13.28590249 13.16148677 13.225817   13.37442837
 13.17149676 13.17789402 13.25613581 13.41165588 13.16267223 13.28879304
 13.56569111 13.16385562 13.37684916 13.17557491 13.40036104 13.4182899
 13.21717529 13.1579177  13.17383027 13.26019677 13.14981766 13.16739327
 13.17905045 13.28783123 13.18365583 13.26723452 13.25969068 13.21390292
 13.29452817 13.18250756 13.3214038  13.30952686 13.34864484 13.18708848
 13.4182899  13.38324188 13.3816522  13.19050295 13.19276924] 515
glb= [13.28783123 13.16621614 13.15821587 13.25383884 13.48894661 13.3314632
 13.2525588  13.19262783 13.16988768 13.1723728  13.16267223 13.2330137
 13.20453628 13.15732105 13.14100902 13.2075821  13.38561584 13.15282895
 13.41535454 13.4182899  13.19276924 13.44379129 13.14253581 13.30535136
 13.16119007 13.17149676 13.15132494 13.34262386 13.32275669 13.1747032
 13.15851386 13.15851386 13.25281506 13.45859202 13.17383027 13.35120242
 13.14860936 13.16415115 13.14238328 13.17586527 13.17222685 13.16444656
 13.34992531 13.26019677 13.35120242 13.19234492 13.18365583 13.15717177
 13.15192696 13.39729796 13.38522104 13.16812787 13.17499388 13.15806679
 13.28493556 13.27295052 13.41902049 13.18993517 13.29973201 13.17557491
 13.15582697 13.1659215  13.38640434 13.33652773 13.1882287  13.17673549
 13.17149676 13.30535136 13.38993541 13.25101897 13.20453628 13.49256227
 13.34821724 13.19474561 13.25435006 13.37684916 13.15492893 13.14679292
 13.33345112 13.32768657 13.4011234  13.16503694 13.17528445 13.2484435
 13.28080698 13.35669743 13.32500349 13.18737371 13.28783123 13.18851338
 13.33914965 13.15642498 13.14162013 13.18680314 13.461876   13.15132494
 13.14405923 13.21116264 13.15162604 13.37483278 13.15192696 13.17003413
 13.18193265 13.1436026  13.19276924 13.22097112 13.33784039 13.35921233
 13.3104502  13.17789402 13.15072241 13.22420598 13.32768657 13.20841022
 13.26221647 13.22742368 13.38005687 13.41461743 13.34778928 13.16739327
 13.57057577 13.19755848 13.19755848 13.18451569 13.2081343  13.19530921
 13.21690328 13.19979977 13.18135718 13.34175763 13.34262386 13.22742368
 13.26095497 13.19699689 13.34778928 13.39729796 13.15342961 13.25050476
 13.26272027 13.14951576 13.22608503 13.15011937 13.21143721 13.18851338
 13.27762873 13.30488539 13.34778928 13.3848259  13.14223074 13.21581395
 13.15642498 13.34478283 13.14284077 13.16326424 13.18193265 13.19727777
 13.29166819 13.34864484 13.2827537  13.27590974 13.16959476 13.27393868
 13.18837107 13.37805471 13.21907615 13.21280826 13.21116264 13.16621614
 13.28541925 13.20147554 13.43547117 13.17208089 13.17673549 13.18308191
 13.16029918 13.45990914 13.42697202 13.3587941  13.46318145 13.14951576
 13.16148677 13.217719   13.19446366 13.17178894 13.16326424 13.3571175
 13.2075821  13.17557491 13.46252929 13.14618643 13.15702249 13.16207978
 13.18365583 13.22205127 13.2525588  13.3625447  13.35459149 13.36295961
 13.17673549 13.23907673 13.37361862 13.19530921 13.23512958 13.36893434
 13.20063823 13.14131467 13.2303583  13.20259027 13.15851386 13.21116264
 13.27664712 13.27517143 13.22286022 13.21799064 13.14770177 13.21335586
 13.36790971 13.20035887 13.35247617 13.19643482 13.35795657 13.19220341
 13.20314688 13.40188447 13.14131467 13.15821587 13.24481859 13.20730582
 13.2075821  13.24921734 13.43617132 13.15761943 13.18637486 13.23697488
 13.19021914 13.37077301 13.55442304 13.26873126 13.22742368 13.2327487
 13.23354339 13.18135718 13.28590249 13.217719   13.17120453 13.38443041
 13.35289994 13.22849244 13.21608644 13.24117116 13.19333457 13.22366805
 13.22124133 13.27022402 13.20119656 13.21934721 13.22902617 13.18594629
 13.20007941 13.34693221 13.17412133 13.15312937 13.21581395 13.22662086
 13.21907615 13.35963014 13.40302346 13.14223074 13.14253581 13.16326424
 13.54698087 13.31412732 13.1693016  13.1882287  13.14830696 13.27517143
 13.28999288 13.19446366 13.15462936 13.15042098 13.18594629 13.22286022
 13.16798102 13.21061318 13.24689273 13.16385562 13.15821587 13.22528042
 13.22232106 13.21171168 13.14451562 13.147096   13.22312957 13.21880493
 13.32946736 13.21171168 13.25486083 13.40036104 13.18594629 13.38915316
 13.27836375 13.18794379 13.19248641 13.22366805 13.19021914 13.39537247
 13.18279482 13.54848523 13.49435571 13.225817   13.20398091 13.36872964
 13.15970459 13.39188498 13.23380802 13.37442837 13.2604496  13.34348858
 13.2332786  13.1555278  13.37905687 13.17586527 13.17091212 13.19418159
 13.23486552 13.26573373 13.19220341 13.23644821 13.19418159 13.18765883
 13.21608644 13.32857774 13.20702942 13.23089029 13.20896166 13.1856604
 13.26120751 13.23802674 13.23380802 13.14770177 13.15072241 13.28783123
 13.25230244 13.2279583  13.19220341 13.217719   13.19615362 13.23697488
 13.23168744 13.27319771 13.23855194 13.34778928 13.23644821 13.44103759
 13.53201822 13.31321047 13.26823276 13.21280826 13.25050476 13.39032602
 13.29547806 13.2422156  13.37604367 13.19361702 13.16798102 13.22554879
 13.20951269 13.22662086 13.16444656 13.23380802 13.17789402 13.27958673
 13.28734966 13.30441898 13.16000197 13.36461548 13.14951576 13.55831191
 13.3848259  13.29023253 13.16119007 13.24064824 13.19050295 13.15222778
 13.19361702 13.44924036 13.20841022 13.16503694 13.28251074 13.17412133
 13.16503694 13.4840654  13.39997935 13.22501201 13.15342961 13.15192696
 13.19474561 13.2692293  13.17962789 13.21335586 13.35459149 13.26823276
 13.23221834 13.16207978 13.28445148 13.256645   13.24741012 13.28590249
 13.24169361 13.38085523 13.18651763 13.19502746 13.22178144 13.29642636
 13.36129783 13.4559438  13.38954446 13.26698466 13.34002049 13.21294524
 13.25715372 13.15072241 13.17847245 13.20550703 13.40036104 13.20398091
 13.15910951 13.15612603 13.26221647 13.21526853 13.22259069 13.15970459
 13.2279583  13.43547117 13.26673471 13.17557491 13.16680495 13.15910951
 13.3303554  13.42481881 13.22312957 13.31137191 13.5072198  13.17003413
 13.15940711 13.41682482 13.15011937 13.43965338 13.36872964 13.15372975
 13.38836954 13.33652773 13.17789402 13.45227164 13.33301007 13.60374396
 13.1882287  13.25816991 13.16029918 13.16148677 13.17905045 13.19952004
 13.28879304 13.30301723 13.17441235 13.16029918 13.24064824 13.16680495
 13.18879801 13.41535454 13.24169361 13.14405923 13.31959434 13.16915504
 13.29262323 13.36461548 13.28590249 13.16148677 13.225817   13.37442837
 13.17149676 13.17789402 13.25613581 13.41165588 13.16267223 13.28879304
 13.56569111 13.16385562 13.37684916 13.17557491 13.40036104 13.4182899
 13.21717529 13.1579177  13.17383027 13.26019677 13.14981766 13.16739327
 13.17905045 13.28783123 13.18365583 13.26723452 13.25969068 13.21390292
 13.29452817 13.18250756 13.3214038  13.30952686 13.34864484 13.18708848
 13.4182899  13.38324188 13.3816522  13.19050295 13.19276924] 515
bidsort lists= 515 515
 515
SNAP 37
EPS 0.08358131865531283
galrad= 0.01
!!! agesel
Found 1812 stars.
Rotated pos.
Rotated vel.
Calculating circularities
dty= [13.10349476 13.10155838 13.10204297 13.09669489 13.09921175 13.10026459
 13.09807614 13.41974981 13.10163918 13.09588115 13.19474561 13.10139678
 13.10268857 13.09864416 13.09783262 13.09563691 13.09734522 13.13394204
 13.17673549 13.15372975 13.33190566 13.09799502 13.10204297 13.10010269
 13.33565063 13.1125431  13.18879801 13.15252842 13.10155838 13.45727028
 13.0974265  13.23009209 13.10123517 13.14070327 13.09977887 13.10107348
 13.14633808 13.11118907 13.1011543  13.3104502  13.10381697 13.36585354
 13.10462194 13.147096   13.18135718 13.09904964 13.10066917 13.16029918
 13.1180128  13.10284987 13.18336896 13.09977887 13.24455884 13.130071
 13.16148677 13.29760926 13.33652773 13.10188148 13.39382593 13.15132494
 13.0968575  13.24973268 13.09669489 13.31183218 13.3245549  13.13146703
 13.09555543 13.09888746 13.09953586 13.10542601 13.11158756 13.11349735
 13.10131598 13.14162013 13.11174687 13.0971827  13.09750772 13.25101897
 13.11476769 13.1057474  13.10026459 13.10687107 13.10462194 13.1246155
 13.13702348 13.1217933  13.36046476 13.14951576 13.10783284 13.10991234
 13.40036104 13.12367596 13.09579974 13.27369179 13.11094981 13.09831964
 13.10831323 13.13270566 13.10494364 13.09783262 13.10783284 13.10735214
 13.11317938 13.09848194 13.36046476 13.11302038 13.09961687 13.10413906
 13.11222472 13.09758893 13.10333357 13.17164289 13.30813875 13.10171997
 13.11294087 13.11182655 13.09767021 13.11198584 13.41016724 13.11023173
 13.09620676 13.29973201 13.10526524 13.10991234 13.09555543 13.25076195
 13.10847332 13.1061489  13.11206545 13.09815734 13.09702011 13.10284987
 13.10630941 13.13162202 13.12602238 13.40566939 13.10799303 13.19699689
 13.18020483 13.13809879 13.1252411  13.11769683 13.11118907 13.10349476
 13.18936683 13.10042647 13.11468838 13.09563691 13.13702348 13.13548445
 13.11039133 13.11246351 13.1057474  13.12991576 13.11492637 13.11911753
 13.30952686 13.09669489 13.18765883 13.09620676 13.13702348 13.10204297
 13.10075007 13.22902617 13.10975256 13.10252719 13.09588115 13.10687107
 13.10010269 13.09571833 13.14131467 13.10438055 13.09848194 13.10526524
 13.11381514 13.11769683 13.09823853 13.10075007 13.10887331 13.14951576
 13.35459149 13.24870155 13.12195032 13.11476769 13.26473105 13.14527559
 13.13594657 13.19446366 13.10799303 13.3439204  13.09767021 13.4079243
 13.22366805 13.1856604  13.10026459 13.27492509 13.16029918 13.15477915
 13.11452969 13.10879338 13.110551   13.17557491 13.10123517 13.26972689
 13.10365587 13.225817   13.10454146 13.09702011 13.09636955 13.28590249
 13.09977887 13.09913067 13.11643168 13.11484706 13.13671595 13.11294087
 13.34175763 13.10943297 13.10935307 13.09985986 13.09588115 13.31686813
 13.17295616 13.37361862 13.1659215  13.2935765  13.25332715 13.13224144
 13.09985986 13.10075007 13.15702249 13.16385562 13.10317237 13.10478283
 13.09831964 13.11071052 13.15042098 13.10309177 13.35205193 13.11071052
 13.09953586 13.11071052 13.16385562 13.0971827  13.10831323 13.11516425
 13.09767021 13.16148677 13.18480208 13.09636955 13.36295961 13.28299655
 13.11222472 13.20286866 13.14527559 13.09994078 13.11317938 13.10526524
 13.15132494 13.15011937 13.09977887 13.11373573 13.41016724 13.13022628
 13.10381697 13.1246155  13.10204297 13.11150787 13.14192549 13.15312937
 13.16207978 13.10204297 13.13363313 13.1252411  13.10975256 13.11118907
 13.44957837 13.38561584 13.25127589 13.14131467 13.12508472 13.19615362
 13.14162013 13.15702249 13.12320577 13.20063823 13.14830696 13.38244773
 13.09831964 13.40188447 13.09734522 13.1625242  13.54698087 13.23697488
 13.10494364 13.11023173 13.09807614 13.29571532 13.09929277 13.10767264
 13.10196219 13.11079031 13.17586527 13.12836097 13.10268857 13.16474181
 13.10123517 13.19868013 13.2330137  13.17178894 13.36461548 13.1061489
 13.11007204 13.22043027 13.11864427 13.13917243 13.14039733 13.10252719
 13.10091178 13.09872526 13.16326424 13.09734522 13.12320577 13.12836097
 13.26422903 13.10927316 13.10293049 13.10638969 13.17426688 13.13053669
 13.12867218 13.09783262 13.19868013 13.13363313 13.10735214 13.1252411
 13.12367596 13.34864484 13.38915316 13.16503694 13.12944967 13.11278178
 13.13394204 13.10638969 13.11039133 13.18879801 13.10478283 13.13840572
 13.10887331 13.11389454 13.12867218 13.14739897 13.451936   13.10155838
 13.22259069 13.25715372 13.10823322 13.24377881 13.11007204 13.10991234
 13.10042647 13.10236586 13.0968575  13.09750772 13.15970459 13.12006301
 13.10807312 13.5630959  13.17789402 13.42409848 13.10301116 13.11658997
 13.23539353 13.10139678 13.307907   13.11548133 13.15970459 13.09555543
 13.14891165 13.17266454 13.25816991 13.1060686  13.38244773 13.1217933
 13.4605659  13.13332411 13.12711468 13.10107348 13.11532276 13.10381697
 13.27958673 13.0971827  13.30254919 13.11437099 13.11357683 13.13625441
 13.11246351 13.09913067 13.147096   13.09620676 13.10236586 13.11785482
 13.11134847 13.10107348 13.10284987 13.11007204 13.10510445 13.20509117
 13.11007204 13.11516425 13.10655019 13.14679292 13.18020483 13.17091212
 13.29166819 13.10357535 13.11421221 13.11548133 13.24351854 13.10815313
 13.11437099 13.14100902 13.2332786  13.13038149 13.1217933  13.09636955
 13.147096   13.09848194 13.30301723 13.10042647 13.09848194 13.15417974
 13.1882287  13.11706455 13.10542601 13.17673549 13.11102959 13.10550633
 13.10815313 13.10558671 13.24792704 13.11405342 13.11007204 13.14162013
 13.12742647 13.1217933  13.11007204 13.16503694 13.0971827  13.19839991
 13.18078128 13.2546055  13.18680314 13.09588115 13.15252842 13.10075007
 13.16503694 13.15192696 13.10526524 13.09563691 13.16296832 13.11706455
 13.14527559 13.10462194 13.11357683 13.10655019 13.20314688 13.09767021
 13.19050295 13.09856305 13.12960507 13.09994078 13.14951576 13.09945486
 13.11595663 13.11278178 13.11848647 13.17673549 13.22875939 13.11230432
 13.10171997 13.14800445 13.11990552 13.10494364 13.3867981  13.15042098
 13.10220439 13.12882777 13.09636955 13.09767021 13.10365587 13.19952004
 13.18106932 13.09588115 13.13917243 13.20785829 13.13440515 13.22955937
 13.12257837 13.33652773 13.10751236 13.12867218 13.29166819 13.22528042
 13.19050295 13.10542601 13.09831964 13.11674817 13.10284987 13.31321047
 13.09767021 13.1217933  13.10349476 13.11126877 13.11500566 13.14162013
 13.12053536 13.0971827  13.10767264 13.19474561 13.14223074 13.09555543
 13.10188148 13.15132494 13.11007204 13.13208664 13.10413906 13.53726499
 13.65356831 13.13855914 13.18708848 13.15402977 13.12273527 13.10155838
 13.12867218 13.15222778 13.11452969 13.26019677 13.11198584 13.10220439
 13.44103759 13.16856828 13.10494364 13.17032692 13.12649069 13.1057474
 13.13193182 13.12414592 13.10470235 13.14648973 13.17499388 13.10975256
 13.09588115 13.11548133 13.25307115 13.14860936 13.10397805 13.10943297
 13.15970459 13.10719177 13.1060686  13.09977887 13.09620676 13.10123517
 13.15042098 13.35627701 13.36378831 13.0968575  13.24533783 13.10397805
 13.11007204 13.09734522 13.13702348 13.13840572 13.32589945 13.16886174
 13.13640831 13.11357683 13.10075007 13.13022628 13.31595614 13.15027015
 13.15492893 13.20536842 13.10655019 13.09588115 13.11452969 13.10687107
 13.17673549 13.20398091 13.17557491 13.44924036 13.14223074 13.11484706
 13.26873126 13.09799502 13.10349476 13.12804958 13.17208089 13.10799303
 13.17673549 13.23592114 13.11134847 13.17032692 13.64174768 13.14618643
 13.1388658  13.14860936 13.15612603 13.09734522 13.10911327 13.1579177
 13.14800445 13.09977887 13.10879338 13.11294087 13.14405923 13.28879304
 13.14253581 13.09945486 13.13794528 13.2489595  13.18250756 13.18250756
 13.09929277 13.13610049 13.24064824 13.19050295 13.14375485 13.11071052
 13.21499567 13.21335586 13.15910951 13.31504254 13.3571175  13.10687107
 13.11166725 13.17397584 13.10252719 13.1579177  13.17789402 13.11357683
 13.13115709 13.10236586 13.17557491 13.09653226 13.10494364 13.13978513
 13.32004733 13.14466767 13.59135774 13.12664677 13.11421221 13.10139678
 13.11134847 13.20619949 13.16029918 13.11294087 13.15672382 13.299261
 13.10542601 13.31504254 13.12069268 13.45227164 13.10155838 13.09977887
 13.147096   13.40491507 13.44924036 13.42120449 13.17324768 13.30020258
 13.13610049 13.407174   13.20841022 13.10759254 13.13794528 13.25511606
 13.13363313 13.15252842 13.20091748 13.13115709 13.11341786 13.1217933
 13.11484706 13.20785829 13.34864484 13.26019677 13.28493556 13.19050295
 13.42120449 13.11484706 13.10687107 13.18049314 13.28541925 13.1916371
 13.12367596 13.11071052 13.17208089 13.15910951 13.11452969 13.20175441
 13.15672382 13.10687107 13.11007204 13.22312957 13.10783284 13.15132494
 13.38797721 13.1011543  13.4011234  13.12053536 13.11166725 13.0971827
 13.147096   13.32768657 13.25050476 13.10815313 13.46835715 13.17324768
 13.24273711 13.11990552 13.09880636 13.12304897 13.11102959 13.43965338
 13.13115709 13.10430005 13.11039133 13.1348679  13.15192696 13.11357683
 13.19559079 13.20063823 13.55295046 13.10026459 13.09961687 13.14223074
 13.09977887 13.09636955 13.14345029 13.32768657 13.25715372 13.14648973
 13.10462194 13.32768657 13.17731497 13.36544123 13.31595614 13.13548445
 13.09815734 13.12242139 13.28007512 13.34088982 13.27860861 13.10397805
 13.10042647 13.10204297 13.1217933  13.20453628 13.28299655 13.23539353
 13.09848194 13.12304897 13.09815734 13.1217933  13.1348679  13.1555278
 13.11548133 13.10333357 13.37523672 13.10526524 13.11516425 13.23062435
 13.10252719 13.31823304 13.10815313 13.47345982 13.33212675 13.46513094
 13.11262262 13.10518484 13.14951576 13.17091212 13.09913067 13.4011234
 13.34348858 13.11134847 13.41682482 13.10847332 13.29333837 13.12430244
 13.12742647 13.11246351 13.15672382 13.24377881 13.11832859 13.10590801
 13.09783262 13.25204598 13.10454146 13.10333357 13.10687107 13.29642636
 13.11166725 13.13115709 13.299261   13.29642636 13.16385562 13.10075007
 13.34002049 13.35543496 13.09945486 13.11134847 13.12304897 13.3439204
 13.1060686  13.10301116 13.37925706 13.30581695 13.09848194 13.35795657
 13.10558671 13.35120242 13.25613581 13.32545166 13.15162604 13.42409848
 13.09945486 13.11927522 13.11674817 13.10430005 13.10107348 13.33914965
 13.15372975 13.24999016 13.28975313 13.13053669 13.14223074 13.10590801
 13.25409453 13.31366911 13.11895977 13.10381697 13.16385562 13.1180128
 13.1180128  13.1255537  13.27121705 13.256645   13.12991576 13.19502746
 13.37523672 13.18480208 13.29262323 13.14891165 13.15072241 13.28783123
 13.1348679  13.10719177 13.17324768 13.13177692 13.19276924 13.13301497
 13.21826217 13.11230432 13.1252411  13.11294087 13.14951576 13.26623445
 13.11611501 13.39266238 13.16915504 13.10590801 13.10010269 13.147096
 13.13978513 13.57514389 13.13301497 13.38561584 13.21880493 13.09815734
 13.11990552 13.14223074 13.22688859 13.37925706 13.10911327 13.30488539
 13.26623445 13.17847245 13.1842292  13.27319771 13.29737289 13.11452969
 13.13053669 13.13855914 13.225817   13.38719146 13.28105067 13.11484706
 13.35543496 13.20619949 13.19783908 13.18936683 13.11102959 13.15910951
 13.1217933  13.29071149 13.2692293  13.1348679  13.37604367 13.11959042
 13.50434011 13.23592114 13.299261   13.11484706 13.25816991 13.27220826
 13.29166819 13.10911327 13.26070234 13.43756786 13.11959042 13.32230612
 13.256645   13.21717529 13.34175763 13.22366805 13.20119656 13.18879801
 13.25101897 13.29642636 13.16856828 13.4182899  13.17905045 13.11357683
 13.24377881 13.28202448 13.38876152 13.32946736 13.40566939 13.10783284
 13.11357683 13.45990914 13.12929426 13.11357683 13.29642636 13.12367596
 13.28975313 13.2546055  13.12053536 13.24169361 13.26171222 13.23960106
 13.43406721 13.23539353 13.40188447 13.41091222 13.299261   13.29262323
 13.26019677 13.16029918 13.26823276 13.2935765  13.1373309  13.45461262
 13.25204598 13.17673549 13.27909783 13.22474344 13.26623445 13.20286866
 13.34521344 13.29547806 13.47661244 13.17557491 13.23433704 13.18365583
 13.27811886 13.20841022 13.12430244 13.25715372 13.20509117 13.41016724
 13.20175441 13.22259069 13.21171168 13.22151143] 988
glb= [13.10349476 13.10155838 13.10204297 13.09669489 13.09921175 13.10026459
 13.09807614 13.41974981 13.10163918 13.09588115 13.19474561 13.10139678
 13.10268857 13.09864416 13.09783262 13.09563691 13.09734522 13.13394204
 13.17673549 13.15372975 13.33190566 13.09799502 13.10204297 13.10010269
 13.33565063 13.1125431  13.18879801 13.15252842 13.10155838 13.45727028
 13.0974265  13.23009209 13.10123517 13.14070327 13.09977887 13.10107348
 13.14633808 13.11118907 13.1011543  13.3104502  13.10381697 13.36585354
 13.10462194 13.147096   13.18135718 13.09904964 13.10066917 13.16029918
 13.1180128  13.10284987 13.18336896 13.09977887 13.24455884 13.130071
 13.16148677 13.29760926 13.33652773 13.10188148 13.39382593 13.15132494
 13.0968575  13.24973268 13.09669489 13.31183218 13.3245549  13.13146703
 13.09555543 13.09888746 13.09953586 13.10542601 13.11158756 13.11349735
 13.10131598 13.14162013 13.11174687 13.0971827  13.09750772 13.25101897
 13.11476769 13.1057474  13.10026459 13.10687107 13.10462194 13.1246155
 13.13702348 13.1217933  13.36046476 13.14951576 13.10783284 13.10991234
 13.40036104 13.12367596 13.09579974 13.27369179 13.11094981 13.09831964
 13.10831323 13.13270566 13.10494364 13.09783262 13.10783284 13.10735214
 13.11317938 13.09848194 13.36046476 13.11302038 13.09961687 13.10413906
 13.11222472 13.09758893 13.10333357 13.17164289 13.30813875 13.10171997
 13.11294087 13.11182655 13.09767021 13.11198584 13.41016724 13.11023173
 13.09620676 13.29973201 13.10526524 13.10991234 13.09555543 13.25076195
 13.10847332 13.1061489  13.11206545 13.09815734 13.09702011 13.10284987
 13.10630941 13.13162202 13.12602238 13.40566939 13.10799303 13.19699689
 13.18020483 13.13809879 13.1252411  13.11769683 13.11118907 13.10349476
 13.18936683 13.10042647 13.11468838 13.09563691 13.13702348 13.13548445
 13.11039133 13.11246351 13.1057474  13.12991576 13.11492637 13.11911753
 13.30952686 13.09669489 13.18765883 13.09620676 13.13702348 13.10204297
 13.10075007 13.22902617 13.10975256 13.10252719 13.09588115 13.10687107
 13.10010269 13.09571833 13.14131467 13.10438055 13.09848194 13.10526524
 13.11381514 13.11769683 13.09823853 13.10075007 13.10887331 13.14951576
 13.35459149 13.24870155 13.12195032 13.11476769 13.26473105 13.14527559
 13.13594657 13.19446366 13.10799303 13.3439204  13.09767021 13.4079243
 13.22366805 13.1856604  13.10026459 13.27492509 13.16029918 13.15477915
 13.11452969 13.10879338 13.110551   13.17557491 13.10123517 13.26972689
 13.10365587 13.225817   13.10454146 13.09702011 13.09636955 13.28590249
 13.09977887 13.09913067 13.11643168 13.11484706 13.13671595 13.11294087
 13.34175763 13.10943297 13.10935307 13.09985986 13.09588115 13.31686813
 13.17295616 13.37361862 13.1659215  13.2935765  13.25332715 13.13224144
 13.09985986 13.10075007 13.15702249 13.16385562 13.10317237 13.10478283
 13.09831964 13.11071052 13.15042098 13.10309177 13.35205193 13.11071052
 13.09953586 13.11071052 13.16385562 13.0971827  13.10831323 13.11516425
 13.09767021 13.16148677 13.18480208 13.09636955 13.36295961 13.28299655
 13.11222472 13.20286866 13.14527559 13.09994078 13.11317938 13.10526524
 13.15132494 13.15011937 13.09977887 13.11373573 13.41016724 13.13022628
 13.10381697 13.1246155  13.10204297 13.11150787 13.14192549 13.15312937
 13.16207978 13.10204297 13.13363313 13.1252411  13.10975256 13.11118907
 13.44957837 13.38561584 13.25127589 13.14131467 13.12508472 13.19615362
 13.14162013 13.15702249 13.12320577 13.20063823 13.14830696 13.38244773
 13.09831964 13.40188447 13.09734522 13.1625242  13.54698087 13.23697488
 13.10494364 13.11023173 13.09807614 13.29571532 13.09929277 13.10767264
 13.10196219 13.11079031 13.17586527 13.12836097 13.10268857 13.16474181
 13.10123517 13.19868013 13.2330137  13.17178894 13.36461548 13.1061489
 13.11007204 13.22043027 13.11864427 13.13917243 13.14039733 13.10252719
 13.10091178 13.09872526 13.16326424 13.09734522 13.12320577 13.12836097
 13.26422903 13.10927316 13.10293049 13.10638969 13.17426688 13.13053669
 13.12867218 13.09783262 13.19868013 13.13363313 13.10735214 13.1252411
 13.12367596 13.34864484 13.38915316 13.16503694 13.12944967 13.11278178
 13.13394204 13.10638969 13.11039133 13.18879801 13.10478283 13.13840572
 13.10887331 13.11389454 13.12867218 13.14739897 13.451936   13.10155838
 13.22259069 13.25715372 13.10823322 13.24377881 13.11007204 13.10991234
 13.10042647 13.10236586 13.0968575  13.09750772 13.15970459 13.12006301
 13.10807312 13.5630959  13.17789402 13.42409848 13.10301116 13.11658997
 13.23539353 13.10139678 13.307907   13.11548133 13.15970459 13.09555543
 13.14891165 13.17266454 13.25816991 13.1060686  13.38244773 13.1217933
 13.4605659  13.13332411 13.12711468 13.10107348 13.11532276 13.10381697
 13.27958673 13.0971827  13.30254919 13.11437099 13.11357683 13.13625441
 13.11246351 13.09913067 13.147096   13.09620676 13.10236586 13.11785482
 13.11134847 13.10107348 13.10284987 13.11007204 13.10510445 13.20509117
 13.11007204 13.11516425 13.10655019 13.14679292 13.18020483 13.17091212
 13.29166819 13.10357535 13.11421221 13.11548133 13.24351854 13.10815313
 13.11437099 13.14100902 13.2332786  13.13038149 13.1217933  13.09636955
 13.147096   13.09848194 13.30301723 13.10042647 13.09848194 13.15417974
 13.1882287  13.11706455 13.10542601 13.17673549 13.11102959 13.10550633
 13.10815313 13.10558671 13.24792704 13.11405342 13.11007204 13.14162013
 13.12742647 13.1217933  13.11007204 13.16503694 13.0971827  13.19839991
 13.18078128 13.2546055  13.18680314 13.09588115 13.15252842 13.10075007
 13.16503694 13.15192696 13.10526524 13.09563691 13.16296832 13.11706455
 13.14527559 13.10462194 13.11357683 13.10655019 13.20314688 13.09767021
 13.19050295 13.09856305 13.12960507 13.09994078 13.14951576 13.09945486
 13.11595663 13.11278178 13.11848647 13.17673549 13.22875939 13.11230432
 13.10171997 13.14800445 13.11990552 13.10494364 13.3867981  13.15042098
 13.10220439 13.12882777 13.09636955 13.09767021 13.10365587 13.19952004
 13.18106932 13.09588115 13.13917243 13.20785829 13.13440515 13.22955937
 13.12257837 13.33652773 13.10751236 13.12867218 13.29166819 13.22528042
 13.19050295 13.10542601 13.09831964 13.11674817 13.10284987 13.31321047
 13.09767021 13.1217933  13.10349476 13.11126877 13.11500566 13.14162013
 13.12053536 13.0971827  13.10767264 13.19474561 13.14223074 13.09555543
 13.10188148 13.15132494 13.11007204 13.13208664 13.10413906 13.53726499
 13.65356831 13.13855914 13.18708848 13.15402977 13.12273527 13.10155838
 13.12867218 13.15222778 13.11452969 13.26019677 13.11198584 13.10220439
 13.44103759 13.16856828 13.10494364 13.17032692 13.12649069 13.1057474
 13.13193182 13.12414592 13.10470235 13.14648973 13.17499388 13.10975256
 13.09588115 13.11548133 13.25307115 13.14860936 13.10397805 13.10943297
 13.15970459 13.10719177 13.1060686  13.09977887 13.09620676 13.10123517
 13.15042098 13.35627701 13.36378831 13.0968575  13.24533783 13.10397805
 13.11007204 13.09734522 13.13702348 13.13840572 13.32589945 13.16886174
 13.13640831 13.11357683 13.10075007 13.13022628 13.31595614 13.15027015
 13.15492893 13.20536842 13.10655019 13.09588115 13.11452969 13.10687107
 13.17673549 13.20398091 13.17557491 13.44924036 13.14223074 13.11484706
 13.26873126 13.09799502 13.10349476 13.12804958 13.17208089 13.10799303
 13.17673549 13.23592114 13.11134847 13.17032692 13.64174768 13.14618643
 13.1388658  13.14860936 13.15612603 13.09734522 13.10911327 13.1579177
 13.14800445 13.09977887 13.10879338 13.11294087 13.14405923 13.28879304
 13.14253581 13.09945486 13.13794528 13.2489595  13.18250756 13.18250756
 13.09929277 13.13610049 13.24064824 13.19050295 13.14375485 13.11071052
 13.21499567 13.21335586 13.15910951 13.31504254 13.3571175  13.10687107
 13.11166725 13.17397584 13.10252719 13.1579177  13.17789402 13.11357683
 13.13115709 13.10236586 13.17557491 13.09653226 13.10494364 13.13978513
 13.32004733 13.14466767 13.59135774 13.12664677 13.11421221 13.10139678
 13.11134847 13.20619949 13.16029918 13.11294087 13.15672382 13.299261
 13.10542601 13.31504254 13.12069268 13.45227164 13.10155838 13.09977887
 13.147096   13.40491507 13.44924036 13.42120449 13.17324768 13.30020258
 13.13610049 13.407174   13.20841022 13.10759254 13.13794528 13.25511606
 13.13363313 13.15252842 13.20091748 13.13115709 13.11341786 13.1217933
 13.11484706 13.20785829 13.34864484 13.26019677 13.28493556 13.19050295
 13.42120449 13.11484706 13.10687107 13.18049314 13.28541925 13.1916371
 13.12367596 13.11071052 13.17208089 13.15910951 13.11452969 13.20175441
 13.15672382 13.10687107 13.11007204 13.22312957 13.10783284 13.15132494
 13.38797721 13.1011543  13.4011234  13.12053536 13.11166725 13.0971827
 13.147096   13.32768657 13.25050476 13.10815313 13.46835715 13.17324768
 13.24273711 13.11990552 13.09880636 13.12304897 13.11102959 13.43965338
 13.13115709 13.10430005 13.11039133 13.1348679  13.15192696 13.11357683
 13.19559079 13.20063823 13.55295046 13.10026459 13.09961687 13.14223074
 13.09977887 13.09636955 13.14345029 13.32768657 13.25715372 13.14648973
 13.10462194 13.32768657 13.17731497 13.36544123 13.31595614 13.13548445
 13.09815734 13.12242139 13.28007512 13.34088982 13.27860861 13.10397805
 13.10042647 13.10204297 13.1217933  13.20453628 13.28299655 13.23539353
 13.09848194 13.12304897 13.09815734 13.1217933  13.1348679  13.1555278
 13.11548133 13.10333357 13.37523672 13.10526524 13.11516425 13.23062435
 13.10252719 13.31823304 13.10815313 13.47345982 13.33212675 13.46513094
 13.11262262 13.10518484 13.14951576 13.17091212 13.09913067 13.4011234
 13.34348858 13.11134847 13.41682482 13.10847332 13.29333837 13.12430244
 13.12742647 13.11246351 13.15672382 13.24377881 13.11832859 13.10590801
 13.09783262 13.25204598 13.10454146 13.10333357 13.10687107 13.29642636
 13.11166725 13.13115709 13.299261   13.29642636 13.16385562 13.10075007
 13.34002049 13.35543496 13.09945486 13.11134847 13.12304897 13.3439204
 13.1060686  13.10301116 13.37925706 13.30581695 13.09848194 13.35795657
 13.10558671 13.35120242 13.25613581 13.32545166 13.15162604 13.42409848
 13.09945486 13.11927522 13.11674817 13.10430005 13.10107348 13.33914965
 13.15372975 13.24999016 13.28975313 13.13053669 13.14223074 13.10590801
 13.25409453 13.31366911 13.11895977 13.10381697 13.16385562 13.1180128
 13.1180128  13.1255537  13.27121705 13.256645   13.12991576 13.19502746
 13.37523672 13.18480208 13.29262323 13.14891165 13.15072241 13.28783123
 13.1348679  13.10719177 13.17324768 13.13177692 13.19276924 13.13301497
 13.21826217 13.11230432 13.1252411  13.11294087 13.14951576 13.26623445
 13.11611501 13.39266238 13.16915504 13.10590801 13.10010269 13.147096
 13.13978513 13.57514389 13.13301497 13.38561584 13.21880493 13.09815734
 13.11990552 13.14223074 13.22688859 13.37925706 13.10911327 13.30488539
 13.26623445 13.17847245 13.1842292  13.27319771 13.29737289 13.11452969
 13.13053669 13.13855914 13.225817   13.38719146 13.28105067 13.11484706
 13.35543496 13.20619949 13.19783908 13.18936683 13.11102959 13.15910951
 13.1217933  13.29071149 13.2692293  13.1348679  13.37604367 13.11959042
 13.50434011 13.23592114 13.299261   13.11484706 13.25816991 13.27220826
 13.29166819 13.10911327 13.26070234 13.43756786 13.11959042 13.32230612
 13.256645   13.21717529 13.34175763 13.22366805 13.20119656 13.18879801
 13.25101897 13.29642636 13.16856828 13.4182899  13.17905045 13.11357683
 13.24377881 13.28202448 13.38876152 13.32946736 13.40566939 13.10783284
 13.11357683 13.45990914 13.12929426 13.11357683 13.29642636 13.12367596
 13.28975313 13.2546055  13.12053536 13.24169361 13.26171222 13.23960106
 13.43406721 13.23539353 13.40188447 13.41091222 13.299261   13.29262323
 13.26019677 13.16029918 13.26823276 13.2935765  13.1373309  13.45461262
 13.25204598 13.17673549 13.27909783 13.22474344 13.26623445 13.20286866
 13.34521344 13.29547806 13.47661244 13.17557491 13.23433704 13.18365583
 13.27811886 13.20841022 13.12430244 13.25715372 13.20509117 13.41016724
 13.20175441 13.22259069 13.21171168 13.22151143] 988
bidsort lists= 988 988
 988
SNAP 38
EPS 0.03931349460212316
galrad= 0.01
!!! agesel
Found 2982 stars.
Rotated pos.
Rotated vel.
Calculating circularities
dty= [13.0580597  13.1351763  13.0555733  ... 13.07774966 13.08505527
 13.14100902] 2380
glb= [13.0580597  13.1351763  13.0555733  ... 13.07774966 13.08505527
 13.14100902] 2380
bidsort lists= 2380 2380
 2380
SNAP 39
EPS -4.711857999317525e-05
galrad= 0.01
!!! agesel
Found 3121 stars.
Rotated pos.
Rotated vel.
Calculating circularities
dty= [12.99843847 13.06019668 12.99492794 ... 13.06019668 13.2692293
 13.04502564] 3509
glb= [12.99843847 13.06019668 12.99492794 ... 13.06019668 13.2692293
 13.04502564] 3509
bidsort lists= 3509 3509
 3509
SNAP 40
EPS -0.012754066000781057
galrad= 0.01
!!! agesel
Found 2129 stars.
Rotated pos.
Rotated vel.
Calculating circularities
dty= [12.96342971 12.9498774  12.98571253 ... 12.93094723 12.94046249
 12.97298248] 4109
glb= [12.96342971 12.9498774  12.98571253 ... 12.93094723 12.94046249
 12.97298248] 4109
bidsort lists= 4109 4109
 4109
SNAP 41
EPS 0.05120759082665246
galrad= 0.01
!!! agesel
Found 1492 stars.
Rotated pos.
Rotated vel.
Calculating circularities
dty= [12.89435388 12.93631198 12.93967343 ... 13.08769427 12.88350888
 13.09425104] 4737
glb= [12.89435388 12.93631198 12.93967343 ... 13.08769427 12.88350888
 13.09425104] 4737
bidsort lists= 4737 4737
 4737
SNAP 42
EPS 0.03663270730098904
galrad= 0.01
!!! agesel
Found 1276 stars.
Rotated pos.
Rotated vel.
Calculating circularities
dty= [12.93967343 13.23380802 12.99065852 ... 13.20841022 13.2987896
 12.83534368] 5558
glb= [12.93967343 13.23380802 12.99065852 ... 13.20841022 13.2987896
 12.83534368] 5558
bidsort lists= 5558 5558
 5558
SNAP 43
EPS 0.03419066418503322
galrad= 0.01
!!! agesel
Found 1320 stars.
Rotated pos.
Rotated vel.
Calculating circularities
dty= [13.01703466 12.8900933  13.04693809 ... 13.34521344 13.11039133
 13.07440538] 6912
glb= [13.01703466 12.8900933  13.04693809 ... 13.34521344 13.11039133
 13.07440538] 6912
bidsort lists= 6912 6912
 6912
SNAP 44
EPS 0.06332489713222014
galrad= 0.01
!!! agesel
Found 2096 stars.
Rotated pos.
Rotated vel.
Calculating circularities
dty= [13.0555733  12.98991387 12.99889924 ... 12.97450111 13.09750772
 13.17208089] 9314
glb= [13.0555733  12.98991387 12.99889924 ... 12.97450111 13.09750772
 13.17208089] 9314
bidsort lists= 9314 9314
 9314
SNAP 45
EPS -0.000186634626885451
galrad= 0.01
!!! agesel
Found 4329 stars.
Rotated pos.
Rotated vel.
Calculating circularities
dty= [12.63206212 12.57223303 12.59825799 ... 12.70797766 12.64989115
 12.9498774 ] 12246
glb= [12.63206212 12.57223303 12.59825799 ... 12.70797766 12.64989115
 12.9498774 ] 12246
bidsort lists= 12246 12246
 12246
SNAP 46
EPS 0.009574648414436962
galrad= 0.01
!!! agesel
Found 5568 stars.
Rotated pos.
Rotated vel.
Calculating circularities
dty= [12.69762062 12.46022098 12.58013872 ... 12.53267145 12.48772769
 12.46558566] 16433
glb= [12.69762062 12.46022098 12.58013872 ... 12.53267145 12.48772769
 12.46558566] 16433
bidsort lists= 16433 16433
 16433
SNAP 47
EPS 0.04483783842922505
galrad= 0.01
!!! agesel
Found 5194 stars.
Rotated pos.
Rotated vel.
Calculating circularities
dty= [12.60328992 12.39331926 12.69762062 ... 13.08999572 13.22474344
 12.67368056] 21180
glb= [12.60328992 12.39331926 12.69762062 ... 13.08999572 13.22474344
 12.67368056] 21180
bidsort lists= 21180 21180
 21180
SNAP 48
EPS 0.02672053119777687
galrad= 0.01
!!! agesel
Found 5663 stars.
Rotated pos.
Rotated vel.
Calculating circularities
dty= [12.61732468 12.52836027 12.98991387 ... 12.86572531 12.32226956
 12.3142567 ] 26357
glb= [12.61732468 12.52836027 12.98991387 ... 12.86572531 12.32226956
 12.3142567 ] 26357
bidsort lists= 26357 26357
 26357
SNAP 49
EPS 0.009052276938043653
galrad= 0.01
!!! agesel
Found 7232 stars.
Rotated pos.
Rotated vel.
Calculating circularities
dty= [12.61376376 12.40549044 12.46022098 ... 12.85800226 13.12242139
 12.95377084] 33523
glb= [12.61376376 12.40549044 12.46022098 ... 12.85800226 13.12242139
 12.95377084] 33523
bidsort lists= 33523 33523
 33523
SNAP 50
EPS 0.03742495941233825
galrad= 0.01
!!! agesel
Found 4970 stars.
Rotated pos.
Rotated vel.
Calculating circularities
dty= [12.10435167 12.20286272 12.61376376 ... 13.35035141 12.77263148
 12.69699363] 38631
glb= [12.10435167 12.20286272 12.61376376 ... 13.35035141 12.77263148
 12.69699363] 38631
bidsort lists= 38631 38631
 38631
SNAP 51
EPS 0.055728607782078096
galrad= 0.01
!!! agesel
Found 4069 stars.
Rotated pos.
Rotated vel.
Calculating circularities
dty= [12.61376376 12.46022098 12.63206212 ... 12.98130211 12.969174
 12.96227627] 43863
glb= [12.61376376 12.46022098 12.63206212 ... 12.98130211 12.969174
 12.96227627] 43863
bidsort lists= 43863 43863
 43863
SNAP 52
EPS 0.02843579074350967
galrad= 0.01
!!! agesel
Found 4237 stars.
Rotated pos.
Rotated vel.
Calculating circularities
dty= [12.4105968  12.43408552 11.7848728  ... 12.36689053 13.37199475
 12.03362294] 51094
glb= [12.4105968  12.43408552 11.7848728  ... 12.36689053 13.37199475
 12.03362294] 51094
bidsort lists= 51094 51094
 51094
SNAP 53
EPS 0.020704665177876787
galrad= 0.01
!!! agesel
Found 5801 stars.
Rotated pos.
Rotated vel.
Calculating circularities
dty= [12.39331926 12.61376376 12.46022098 ... 12.71293536 12.1736145
 12.97298248] 57228
glb= [12.39331926 12.61376376 12.46022098 ... 12.71293536 12.1736145
 12.97298248] 57228
bidsort lists= 57228 57228
 57228
SNAP 54
EPS 0.04858817686868038
galrad= 0.01
!!! agesel
Found 7663 stars.
Rotated pos.
Rotated vel.
Calculating circularities
dty= [12.40549044 12.58013872 12.11203903 ... 12.15154659 12.80673362
 12.83798473] 67635
glb= [12.40549044 12.58013872 12.11203903 ... 12.15154659 12.80673362
 12.83798473] 67635
bidsort lists= 67635 67635
 67635
SNAP 55
EPS 0.08915352190149012
galrad= 0.01
!!! agesel
Found 7172 stars.
Rotated pos.
Rotated vel.
Calculating circularities
dty= [12.40549044 12.61376376 12.57223303 ... 12.86657955 12.13779393
 12.13368392] 79826
glb= [12.40549044 12.61376376 12.57223303 ... 12.86657955 12.13779393
 12.13368392] 79826
bidsort lists= 79826 79826
 79826
SNAP 56
EPS 0.1581256343956789
galrad= 0.01
!!! agesel
Found 7065 stars.
Rotated pos.
Rotated vel.
Calculating circularities
dty= [12.39331926 12.61376376 12.40549044 ... 12.16408711 12.15967159
 12.18381453] 90331
glb= [12.39331926 12.61376376 12.40549044 ... 12.16408711 12.15967159
 12.18381453] 90331
bidsort lists= 90331 90331
 90331
SNAP 57
EPS 0.1959719317467828
galrad= 0.01
!!! agesel
Found 7341 stars.
Rotated pos.
Rotated vel.
Calculating circularities
dty= [12.61376376 12.39331926 12.30931131 ... 12.17653506 12.1254343
 12.21760653] 102242
glb= [12.61376376 12.39331926 12.30931131 ... 12.17653506 12.1254343
 12.21760653] 102242
bidsort lists= 102242 102242
 102242
SNAP 58
EPS 0.2617731626834634
galrad= 0.01
!!! agesel
Found 6449 stars.
Rotated pos.
Rotated vel.
Calculating circularities
dty= [12.61376376 12.12857955 13.0146878  ... 12.51766511 12.21902912
 12.11714528] 111924
glb= [12.61376376 12.12857955 13.0146878  ... 12.51766511 12.21902912
 12.11714528] 111924
bidsort lists= 111924 111924
 111924
SNAP 59
EPS 0.306080864020017
galrad= 0.01
!!! agesel
Found 8783 stars.
Rotated pos.
Rotated vel.
Calculating circularities
dty= [12.40549044 12.8837186  12.30931131 ... 12.35259921 11.94028025
 13.0636037 ] 125586
glb= [12.40549044 12.8837186  12.30931131 ... 12.35259921 11.94028025
 13.0636037 ] 125586
bidsort lists= 125586 125586
 125586
SNAP 60
EPS 0.34685945601644
galrad= 0.01
!!! agesel
Found 6532 stars.
Rotated pos.
Rotated vel.
Calculating circularities
dty= [12.61376376 12.08868311 12.48475631 ... 12.57612267 12.24582557
 12.07973582] 136715
glb= [12.61376376 12.08868311 12.48475631 ... 12.57612267 12.24582557
 12.07973582] 136715
bidsort lists= 136715 136715
 136715
SNAP 61
EPS 0.3707451009642661
galrad= 0.01
!!! agesel
Found 7220 stars.
Rotated pos.
Rotated vel.
Calculating circularities
dty= [12.12857955 12.48028738 12.32775404 ... 12.56105344 11.60406362
 12.85886333] 151391
glb= [12.12857955 12.48028738 12.32775404 ... 12.56105344 11.60406362
 12.85886333] 151391
bidsort lists= 151391 151391
 151391
SNAP 62
EPS 0.25976730718967994