loading halo 15 level 4
/eagle/projects/Auriga/Auriga/level4/Original/mergertrees/Au-15/trees_sf1_127
Hubble parameter= 0.6777
There are 436 trees in file /eagle/projects/Auriga/Auriga/level4/Original/mergertrees/Au-15/trees_sf1_127.0.hdf5
Loading desc (Descendant) for blockname /Tree0.
Loading fnum (FileNr) for blockname /Tree0.
Loading fhfg (FirstHaloInFOFGroup) for blockname /Tree0.
Loading fpin (FirstProgenitor) for blockname /Tree0.
Loading fmc2 (Group_M_Crit200) for blockname /Tree0.
Loading fmm2 (Group_M_Mean200) for blockname /Tree0.
Loading fmt2 (Group_M_TopHat200) for blockname /Tree0.
Loading frc2 (Group_R_Crit200) for blockname /Tree0.
Loading nhfg (NextHaloInFOFGroup) for blockname /Tree0.
Loading npin (NextProgenitor) for blockname /Tree0.
Loading snum (SnapNum) for blockname /Tree0.
Loading sbhm (SubhaloBHMass) for blockname /Tree0.
Loading sbhd (SubhaloBHMdot) for blockname /Tree0.
Loading sgmt (SubhaloGasMetallicity) for blockname /Tree0.
Loading sgmf (SubhaloGasMetallicitySfr) for blockname /Tree0.
Loading sgnr (SubhaloGrNr) for blockname /Tree0.
Loading shmt (SubhaloHalfmassRadType) for blockname /Tree0.
Key SubhaloIDMostBound not found in conversion table, skipping.
Loading slen (SubhaloLen) for blockname /Tree0.
Loading slty (SubhaloLenType) for blockname /Tree0.
Loading smit (SubhaloMassInRadType) for blockname /Tree0.
Loading smty (SubhaloMassType) for blockname /Tree0.
Loading sbnr (SubhaloNumber) for blockname /Tree0.
Loading soty (SubhaloOffsetType) for blockname /Tree0.
Loading spos (SubhaloPos) for blockname /Tree0.
Loading ssfr (SubhaloSFR) for blockname /Tree0.
Loading ssfi (SubhaloSFRinRad) for blockname /Tree0.
Loading sspi (SubhaloSpin) for blockname /Tree0.
Loading ssmt (SubhaloStarMetallicity) for blockname /Tree0.
Loading ssph (SubhaloStellarPhotometrics) for blockname /Tree0.
Loading svmx (SubhaloVMax) for blockname /Tree0.
Loading svel (SubhaloVel) for blockname /Tree0.
Loading svdi (SubhaloVelDisp) for blockname /Tree0.
galrad= 0.01
!!! agesel
Found 6 stars.
Rotated pos.
Rotated vel.
Calculating circularities
dty= [] 0
glb= [] 0
bidsort lists= 0 0
 0
SNAP 30
EPS nan
galrad= 0.01
!!! agesel
Found 8 stars.
Rotated pos.
Rotated vel.
Calculating circularities
dty= [13.39266238 13.40566939] 2
glb= [13.39266238 13.40566939] 2
bidsort lists= 2 2
 2
SNAP 31
EPS 1.3185970487167187
galrad= 0.01
!!! agesel
Found 13 stars.
Rotated pos.
Rotated vel.
Calculating circularities
dty= [13.41461743 13.39266238 13.36295961] 3
glb= [13.41461743 13.39266238 13.36295961] 3
bidsort lists= 3 3
 3
SNAP 32
EPS -0.14073266351618885
galrad= 0.01
!!! agesel
Found 25 stars.
Rotated pos.
Rotated vel.
Calculating circularities
dty= [13.33477201 13.41461743 13.32500349 13.39266238 13.42120449 13.34088982
 13.34607358] 7
glb= [13.33477201 13.41461743 13.32500349 13.39266238 13.42120449 13.34088982
 13.34607358] 7
bidsort lists= 7 7
 7
SNAP 33
EPS -0.085881522775938
galrad= 0.01
!!! agesel
Found 50 stars.
Rotated pos.
Rotated vel.
Calculating circularities
dty= [13.32500349 13.41461743 13.28251074 13.34088982 13.27418541 13.33477201
 13.39266238 13.42120449 13.36295961 13.30114246] 10
glb= [13.32500349 13.41461743 13.28251074 13.34088982 13.27418541 13.33477201
 13.39266238 13.42120449 13.36295961 13.30114246] 10
bidsort lists= 10 10
 10
SNAP 34
EPS 0.5217662883556337
galrad= 0.01
!!! agesel
Found 84 stars.
Rotated pos.
Rotated vel.
Calculating circularities
dty= [13.40566939 13.30231499 13.31959434 13.28348198 13.34088982 13.23802674
 13.28975313 13.39266238 13.41461743 13.26873126 13.26120751 13.31777844
 13.28251074 13.23907673 13.26372654 13.26019677 13.25409453 13.24792704
 13.26422903 13.33477201 13.26623445 13.2484435  13.24792704 13.26422903] 24
glb= [13.40566939 13.30231499 13.31959434 13.28348198 13.34088982 13.23802674
 13.28975313 13.39266238 13.41461743 13.26873126 13.26120751 13.31777844
 13.28251074 13.23907673 13.26372654 13.26019677 13.25409453 13.24792704
 13.26422903 13.33477201 13.26623445 13.2484435  13.24792704 13.26422903] 24
bidsort lists= 24 24
 24
SNAP 35
EPS -0.19969187967897511
galrad= 0.01
!!! agesel
Found 84 stars.
Rotated pos.
Rotated vel.
Calculating circularities
dty= [13.20119656 13.41461743 13.34607358 13.39266238 13.25409453 13.24792704
 13.19952004 13.26873126 13.23907673 13.28975313 13.27517143 13.2484435
 13.34088982 13.28348198 13.28251074 13.2935765  13.23802674 13.30767517
 13.26120751 13.2692293  13.49909182 13.2332786  13.55245779 13.38640434
 13.24273711] 25
glb= [13.20119656 13.41461743 13.34607358 13.39266238 13.25409453 13.24792704
 13.19952004 13.26873126 13.23907673 13.28975313 13.27517143 13.2484435
 13.34088982 13.28348198 13.28251074 13.2935765  13.23802674 13.30767517
 13.26120751 13.2692293  13.49909182 13.2332786  13.55245779 13.38640434
 13.24273711] 25
bidsort lists= 25 25
 25
SNAP 36
EPS 0.10256408858772742
galrad= 0.01
!!! agesel
Found 80 stars.
Rotated pos.
Rotated vel.
Calculating circularities
dty= [13.19952004 13.32500349 13.2935765  13.15011937 13.41461743 13.15492893
 13.39266238 13.18308191 13.33477201 13.28251074 13.20119656 13.23907673
 13.23802674 13.34088982 13.34607358 13.27418541 13.22097112 13.14648973
 13.24792704 13.25409453 13.22366805 13.28975313 13.24792704 13.18135718
 13.21499567 13.21934721 13.26873126 13.26120751 13.2484435  13.16326424
 13.21608644 13.26372654 13.40340244 13.23855194 13.14830696 13.26019677
 13.15312937 13.26623445 13.20398091 13.17091212 13.17905045 13.20841022] 42
glb= [13.19952004 13.32500349 13.2935765  13.15011937 13.41461743 13.15492893
 13.39266238 13.18308191 13.33477201 13.28251074 13.20119656 13.23907673
 13.23802674 13.34088982 13.34607358 13.27418541 13.22097112 13.14648973
 13.24792704 13.25409453 13.22366805 13.28975313 13.24792704 13.18135718
 13.21499567 13.21934721 13.26873126 13.26120751 13.2484435  13.16326424
 13.21608644 13.26372654 13.40340244 13.23855194 13.14830696 13.26019677
 13.15312937 13.26623445 13.20398091 13.17091212 13.17905045 13.20841022] 42
bidsort lists= 42 42
 42
SNAP 37
EPS 0.02573563276409217
galrad= 0.01
!!! agesel
Found 53 stars.
Rotated pos.
Rotated vel.
Calculating circularities
dty= [13.24481859 13.36461548 13.11611501 13.16267223 13.1261785  13.26019677
 13.21061318 13.21390292 13.39729796 13.1579177 ] 10
glb= [13.24481859 13.36461548 13.11611501 13.16267223 13.1261785  13.26019677
 13.21061318 13.21390292 13.39729796 13.1579177 ] 10
bidsort lists= 10 10
 10
SNAP 38
EPS 0.14717035842353002
galrad= 0.01
!!! agesel
Found 62 stars.
Rotated pos.
Rotated vel.
Calculating circularities
dty= [13.19502746 13.25204598 13.04328279 13.11611501 13.10975256 13.2422156
 13.36461548 13.09032394 13.26019677 13.05814521 13.27319771 13.11611501
 13.27615563 13.1261785  13.06699562 13.14466767 13.24481859 13.12116456
 13.0636037  13.21608644 13.26120751 13.11864427 13.12991576 13.08769427
 13.15072241 13.1579177  13.23750102 13.15910951 13.37077301 13.3214038
 13.13855914 13.19389936 13.09425104 13.17557491 13.18936683 13.14830696
 13.21171168 13.11990552 13.32679381 13.20509117] 40
glb= [13.19502746 13.25204598 13.04328279 13.11611501 13.10975256 13.2422156
 13.36461548 13.09032394 13.26019677 13.05814521 13.27319771 13.11611501
 13.27615563 13.1261785  13.06699562 13.14466767 13.24481859 13.12116456
 13.0636037  13.21608644 13.26120751 13.11864427 13.12991576 13.08769427
 13.15072241 13.1579177  13.23750102 13.15910951 13.37077301 13.3214038
 13.13855914 13.19389936 13.09425104 13.17557491 13.18936683 13.14830696
 13.21171168 13.11990552 13.32679381 13.20509117] 40
bidsort lists= 40 40
 40
SNAP 39
EPS 0.014010444262277088
galrad= 0.01
!!! agesel
Found 150 stars.
Rotated pos.
Rotated vel.
Calculating circularities
dty= [13.04328279 13.00211789 13.03380512 13.01269679 13.20175441 13.25204598
 13.18480208 13.08769427 12.99400164 13.11611501 12.98842235 13.19502746
 13.24585656 13.36461548 12.98505708 13.26019677 13.37077301 13.00651175
 12.98916843 12.99917572 13.06969844 13.01414536 13.00395159 13.24481859
 13.21608644 13.10204297 13.00431775 13.00211789 13.1261785  13.04118647
 13.02314088 13.00211789 13.03309866 12.99511302 13.00942813 13.0202731 ] 36
glb= [13.04328279 13.00211789 13.03380512 13.01269679 13.20175441 13.25204598
 13.18480208 13.08769427 12.99400164 13.11611501 12.98842235 13.19502746
 13.24585656 13.36461548 12.98505708 13.26019677 13.37077301 13.00651175
 12.98916843 12.99917572 13.06969844 13.01414536 13.00395159 13.24481859
 13.21608644 13.10204297 13.00431775 13.00211789 13.1261785  13.04118647
 13.02314088 13.00211789 13.03309866 12.99511302 13.00942813 13.0202731 ] 36
bidsort lists= 36 36
 36
SNAP 40
EPS -0.06857880208863867
galrad= 0.01
!!! agesel
Found 190 stars.
Rotated pos.
Rotated vel.
Calculating circularities
dty= [12.98505708 13.11611501 13.03380512 12.9638138  13.19502746 13.25204598
 13.00211789 13.01269679 12.98842235 13.03838255 12.93094723 12.95338229
 12.93254012 13.04328279 13.19952004 13.02314088 12.98916843 12.99400164
 13.36461548 13.09032394 12.92855276 13.01414536 13.14830696 12.97146112
 13.1916371  13.04083655 12.92695278 13.26019677 13.18480208 13.00870005
 13.00651175 12.94361182 13.14345029 13.20175441 12.98655437 12.97222219
 12.95299355 13.11611501 12.97904106 12.969174   13.37077301 13.1261785
 12.96227627 13.21390292 12.94870588 12.95764718 13.2422156  13.15910951
 13.39729796 13.23221834 13.24481859 13.27319771 13.1579177  13.00285181
 12.97374212 13.00211789 13.21608644 13.03943529 12.99917572 12.94361182
 13.08769427 12.94203861 13.02170831 13.0380314  12.97146112 12.98954124
 12.92294066 12.969174   12.98730212 13.27319771 13.07440538 12.97525945
 12.96764586 13.01233424 13.21608644 13.10975256 12.98543162 12.98580611
 12.96993702 13.14466767 13.11102959 13.02278292 13.1579177  13.22474344
 12.93094723 13.23750102 12.95377084 13.10719177 13.16148677 13.11864427
 12.97450111 13.09945486 13.05814521 13.21717529 13.14100902 12.97450111
 12.9767742  12.92775303 13.13363313 13.04223534 13.1579177  13.18936683
 12.95299355] 103
glb= [12.98505708 13.11611501 13.03380512 12.9638138  13.19502746 13.25204598
 13.00211789 13.01269679 12.98842235 13.03838255 12.93094723 12.95338229
 12.93254012 13.04328279 13.19952004 13.02314088 12.98916843 12.99400164
 13.36461548 13.09032394 12.92855276 13.01414536 13.14830696 12.97146112
 13.1916371  13.04083655 12.92695278 13.26019677 13.18480208 13.00870005
 13.00651175 12.94361182 13.14345029 13.20175441 12.98655437 12.97222219
 12.95299355 13.11611501 12.97904106 12.969174   13.37077301 13.1261785
 12.96227627 13.21390292 12.94870588 12.95764718 13.2422156  13.15910951
 13.39729796 13.23221834 13.24481859 13.27319771 13.1579177  13.00285181
 12.97374212 13.00211789 13.21608644 13.03943529 12.99917572 12.94361182
 13.08769427 12.94203861 13.02170831 13.0380314  12.97146112 12.98954124
 12.92294066 12.969174   12.98730212 13.27319771 13.07440538 12.97525945
 12.96764586 13.01233424 13.21608644 13.10975256 12.98543162 12.98580611
 12.96993702 13.14466767 13.11102959 13.02278292 13.1579177  13.22474344
 12.93094723 13.23750102 12.95377084 13.10719177 13.16148677 13.11864427
 12.97450111 13.09945486 13.05814521 13.21717529 13.14100902 12.97450111
 12.9767742  12.92775303 13.13363313 13.04223534 13.1579177  13.18936683
 12.95299355] 103
bidsort lists= 103 103
 103
SNAP 41
EPS -0.043414834164763626
galrad= 0.01
!!! agesel
Found 253 stars.
Rotated pos.
Rotated vel.
Calculating circularities
dty= [12.97374212 12.96227627 12.88392831 13.03662517 12.91648415 12.92294066
 12.94203861 13.16029918 12.89019741 12.98655437 13.17557491 12.93254012
 13.03732867 12.93094723 12.8640143  13.36502856 12.90834914 12.90753165
 13.00285181 12.89227794 13.02170831 13.11102959 12.90548484 13.03943529
 13.03662517 12.97146112 12.89269345 12.86144222 12.87930454 13.00101577
 13.1916371  12.87083999 13.18480208 12.8860226  13.07440538 12.87550474
 13.00395159 13.02314088 12.9910307  13.0380314  13.03309866 12.90507498
 12.8784615  12.89849189 13.19389936 12.92294066 12.92775303 12.87592767
 13.39729796 12.88769481 12.87296303 12.89019741 12.93094723 12.88518548
 12.87719538 13.06969844 12.91688901 12.8784615  12.86337197 13.14830696
 12.86444229 12.91971805 13.04118647 13.18936683 12.94361182 12.90343363
 12.93571751 12.92052474 12.92615172 12.87338722 12.89559714 12.9009661
 13.22474344 13.06631848 12.88182941 12.91120457 13.18480208 12.86315768
 13.07708202 13.23221834 13.04153619 13.2422156  13.05540153 12.91688901
 12.88392831 13.03521646 12.97222219 13.0259985  12.94361182 13.27319771
 13.10975256 12.90014209 12.93014979 12.97222219 12.97525945 13.02314088
 13.1916371  13.01269679 12.869138   12.93254012 12.87168981 12.93413021
 12.87508159 12.90261179 13.24585656 13.20175441 13.06019668 13.00797134
 12.88769481 13.27319771 12.98580611 13.03943529 12.91405114 13.03838255
 12.93014979 13.02314088 12.86743311 13.1579177  12.93651002 12.88266956
 12.8960113  12.95299355 12.98730212 12.89518293 12.93094723 12.88266956
 12.89227794 13.10204297 12.86187133 13.26019677 12.97828608 12.91283224
 12.87592767 13.36461548 13.25204598 12.88936399 12.92695278 12.96841033
 12.93254012 12.98916843 13.00211789 13.00870005 12.97146112 12.98954124
 13.01414536 12.99400164 12.8784615  12.96993702 12.87719538 12.91079714
 13.01233424 12.95338229 13.1261785  12.893524   12.99917572 12.99511302
 12.87083999 13.19050295 12.92855276 12.8784615  12.9638138  12.94203861
 13.00870005 13.07171926 12.969174   13.00651175 12.94870588 12.87253879
 12.98954124 12.89849189 13.20063823 13.11611501 12.91971805 12.88936399
 13.21608644 12.87253879 13.09032394 13.21390292 13.00211789 13.37077301
 12.96841033 13.27909783 12.98505708 13.05126762 12.93492419 13.24481859
 13.03380512 12.95687331 13.04328279 13.12116456 13.11611501 13.19502746
 13.06224266 12.89518293 12.98842235 13.21608644 13.08769427 13.08901027
 13.1882287  12.90343363 12.96841033 13.02742355 12.89269345 12.99177432
 13.17324768 13.15072241 12.87930454 12.97753047 13.26120751 13.0380314
 13.01883537 13.19276924 13.2692293  13.03873365 13.04013616 13.01522998
 13.32679381 13.20509117] 218
glb= [12.97374212 12.96227627 12.88392831 13.03662517 12.91648415 12.92294066
 12.94203861 13.16029918 12.89019741 12.98655437 13.17557491 12.93254012
 13.03732867 12.93094723 12.8640143  13.36502856 12.90834914 12.90753165
 13.00285181 12.89227794 13.02170831 13.11102959 12.90548484 13.03943529
 13.03662517 12.97146112 12.89269345 12.86144222 12.87930454 13.00101577
 13.1916371  12.87083999 13.18480208 12.8860226  13.07440538 12.87550474
 13.00395159 13.02314088 12.9910307  13.0380314  13.03309866 12.90507498
 12.8784615  12.89849189 13.19389936 12.92294066 12.92775303 12.87592767
 13.39729796 12.88769481 12.87296303 12.89019741 12.93094723 12.88518548
 12.87719538 13.06969844 12.91688901 12.8784615  12.86337197 13.14830696
 12.86444229 12.91971805 13.04118647 13.18936683 12.94361182 12.90343363
 12.93571751 12.92052474 12.92615172 12.87338722 12.89559714 12.9009661
 13.22474344 13.06631848 12.88182941 12.91120457 13.18480208 12.86315768
 13.07708202 13.23221834 13.04153619 13.2422156  13.05540153 12.91688901
 12.88392831 13.03521646 12.97222219 13.0259985  12.94361182 13.27319771
 13.10975256 12.90014209 12.93014979 12.97222219 12.97525945 13.02314088
 13.1916371  13.01269679 12.869138   12.93254012 12.87168981 12.93413021
 12.87508159 12.90261179 13.24585656 13.20175441 13.06019668 13.00797134
 12.88769481 13.27319771 12.98580611 13.03943529 12.91405114 13.03838255
 12.93014979 13.02314088 12.86743311 13.1579177  12.93651002 12.88266956
 12.8960113  12.95299355 12.98730212 12.89518293 12.93094723 12.88266956
 12.89227794 13.10204297 12.86187133 13.26019677 12.97828608 12.91283224
 12.87592767 13.36461548 13.25204598 12.88936399 12.92695278 12.96841033
 12.93254012 12.98916843 13.00211789 13.00870005 12.97146112 12.98954124
 13.01414536 12.99400164 12.8784615  12.96993702 12.87719538 12.91079714
 13.01233424 12.95338229 13.1261785  12.893524   12.99917572 12.99511302
 12.87083999 13.19050295 12.92855276 12.8784615  12.9638138  12.94203861
 13.00870005 13.07171926 12.969174   13.00651175 12.94870588 12.87253879
 12.98954124 12.89849189 13.20063823 13.11611501 12.91971805 12.88936399
 13.21608644 12.87253879 13.09032394 13.21390292 13.00211789 13.37077301
 12.96841033 13.27909783 12.98505708 13.05126762 12.93492419 13.24481859
 13.03380512 12.95687331 13.04328279 13.12116456 13.11611501 13.19502746
 13.06224266 12.89518293 12.98842235 13.21608644 13.08769427 13.08901027
 13.1882287  12.90343363 12.96841033 13.02742355 12.89269345 12.99177432
 13.17324768 13.15072241 12.87930454 12.97753047 13.26120751 13.0380314
 13.01883537 13.19276924 13.2692293  13.03873365 13.04013616 13.01522998
 13.32679381 13.20509117] 218
bidsort lists= 218 218
 218
SNAP 42
EPS 0.1849418430400854
galrad= 0.01
!!! agesel
Found 399 stars.
Rotated pos.
Rotated vel.
Calculating circularities
dty= [13.39729796 12.94361182 13.03943529 12.91405114 13.00211789 13.01269679
 13.37077301 13.00285181 12.90343363 13.10975256 12.87508159 12.98730212
 12.90548484 13.02170831 12.92294066 12.96227627 12.91648415 13.2422156
 12.90261179 13.18480208 12.79441962 13.27319771 12.8026452  13.03239144
 12.97146112 13.1579177  12.97374212 13.14830696 13.11102959 13.36502856
 12.97222219 12.79212306 13.0380314  12.83842421 12.97146112 12.98842235
 12.99400164 13.1916371  12.82915413 12.81621052 13.16148677 12.79350159
 12.92695278 12.95338229 12.9638138  13.23221834 13.20175441 12.97450111
 12.83357912 13.18480208 12.94203861 12.94361182 12.8784615  12.93094723
 12.83930268 12.91283224 12.8040098  12.95299355 12.94596667 13.36461548
 12.79899748 12.94203861 12.96993702 12.98916843 12.92294066 12.98655437
 12.97525945 13.00101577 12.97222219 13.02278292 12.80718691 12.82826675
 12.92775303 13.00797134 13.21390292 12.95377084 13.08769427 13.01233424
 13.12116456 12.80491861 12.93094723 13.23750102 13.03521646 12.8597237
 13.1916371  12.98954124 12.91971805 12.89310876 12.89518293 12.93094723
 13.03662517 13.27319771 13.16029918 12.80945026 12.80854548 13.05814521
 12.92775303 12.83974152 12.86015365 13.14466767 12.98580611 13.02742355
 13.07440538 13.0636037  12.87083999 12.97828608 13.12991576 13.05540153
 12.85886333 12.83754504 13.21608644 13.3020807  13.03380512 13.1882287
 12.79671104 12.85476611 12.8784615  12.85238626 13.03732867 12.89019741
 12.79854059 13.06699562 13.21608644 13.27615563 13.10204297 13.17557491
 12.84717353 13.1579177  12.83534368 12.84978333 12.969174   12.96764586
 13.02314088 12.81576125 12.9009661  12.84630211 12.95299355 13.15072241
 12.85281935 12.88769481 13.09425104 12.90671348 12.81755721 12.92052474
 12.89019741 13.03662517 12.92615172 12.8597237  13.0380314  12.99511302
 12.7948783  13.3214038  12.86337197 12.85757141 12.81035418 13.05126762
 12.82737852 13.0259985  12.84368303 12.81306121 12.81035418 12.84149536
 12.8510856  12.86101291 12.81035418 13.02314088 12.87592767 12.80945026
 12.83269571 13.14100902 12.80491861 12.80673362 13.15612603 12.8040098
 13.07574484 12.84061887 12.82024524 12.81486205 12.82113958 12.81845398
 12.81125739 13.05264805 13.00138334 13.08901027 12.84061887 12.80491861
 13.0567746  13.04013616 12.8012788  13.12367596 12.83446183 13.0636037
 12.82737852 12.83534368 13.05540153 13.21717529] 196
glb= [13.39729796 12.94361182 13.03943529 12.91405114 13.00211789 13.01269679
 13.37077301 13.00285181 12.90343363 13.10975256 12.87508159 12.98730212
 12.90548484 13.02170831 12.92294066 12.96227627 12.91648415 13.2422156
 12.90261179 13.18480208 12.79441962 13.27319771 12.8026452  13.03239144
 12.97146112 13.1579177  12.97374212 13.14830696 13.11102959 13.36502856
 12.97222219 12.79212306 13.0380314  12.83842421 12.97146112 12.98842235
 12.99400164 13.1916371  12.82915413 12.81621052 13.16148677 12.79350159
 12.92695278 12.95338229 12.9638138  13.23221834 13.20175441 12.97450111
 12.83357912 13.18480208 12.94203861 12.94361182 12.8784615  12.93094723
 12.83930268 12.91283224 12.8040098  12.95299355 12.94596667 13.36461548
 12.79899748 12.94203861 12.96993702 12.98916843 12.92294066 12.98655437
 12.97525945 13.00101577 12.97222219 13.02278292 12.80718691 12.82826675
 12.92775303 13.00797134 13.21390292 12.95377084 13.08769427 13.01233424
 13.12116456 12.80491861 12.93094723 13.23750102 13.03521646 12.8597237
 13.1916371  12.98954124 12.91971805 12.89310876 12.89518293 12.93094723
 13.03662517 13.27319771 13.16029918 12.80945026 12.80854548 13.05814521
 12.92775303 12.83974152 12.86015365 13.14466767 12.98580611 13.02742355
 13.07440538 13.0636037  12.87083999 12.97828608 13.12991576 13.05540153
 12.85886333 12.83754504 13.21608644 13.3020807  13.03380512 13.1882287
 12.79671104 12.85476611 12.8784615  12.85238626 13.03732867 12.89019741
 12.79854059 13.06699562 13.21608644 13.27615563 13.10204297 13.17557491
 12.84717353 13.1579177  12.83534368 12.84978333 12.969174   12.96764586
 13.02314088 12.81576125 12.9009661  12.84630211 12.95299355 13.15072241
 12.85281935 12.88769481 13.09425104 12.90671348 12.81755721 12.92052474
 12.89019741 13.03662517 12.92615172 12.8597237  13.0380314  12.99511302
 12.7948783  13.3214038  12.86337197 12.85757141 12.81035418 13.05126762
 12.82737852 13.0259985  12.84368303 12.81306121 12.81035418 12.84149536
 12.8510856  12.86101291 12.81035418 13.02314088 12.87592767 12.80945026
 12.83269571 13.14100902 12.80491861 12.80673362 13.15612603 12.8040098
 13.07574484 12.84061887 12.82024524 12.81486205 12.82113958 12.81845398
 12.81125739 13.05264805 13.00138334 13.08901027 12.84061887 12.80491861
 13.0567746  13.04013616 12.8012788  13.12367596 12.83446183 13.0636037
 12.82737852 12.83534368 13.05540153 13.21717529] 196
bidsort lists= 196 196
 196
SNAP 43
EPS 0.03650054912477512
galrad= 0.01
!!! agesel
Found 507 stars.
Rotated pos.
Rotated vel.
Calculating circularities
dty= [12.91405114 12.80491861 13.39729796 12.8026452  13.01269679 12.98730212
 12.90343363 12.79441962 12.85886333 12.77169426 13.00211789 12.92294066
 13.36502856 12.87508159 13.14830696 12.78659087 12.94361182 13.37077301
 13.02170831 12.83754504 12.75038747 12.83534368 12.79350159 13.03943529
 12.77028686 12.71983962 13.00285181 13.07440538 12.74029885 13.10975256
 13.18480208 12.92695278 12.77590506 12.77730501 12.90261179 12.86015365
 12.81621052 12.85476611 12.85238626 12.77263148 12.94361182 13.2422156
 12.96227627 13.17557491 12.97374212 13.11102959 12.76793719 12.79212306
 12.90548484 12.98580611 12.91648415 12.78102922 13.18936683 12.75229851
 12.79671104 12.77963423 12.92294066 13.01233424 12.77683863 12.79854059
 12.83842421 13.23221834 12.88769481 12.97222219 12.78335014 12.9638138
 13.1916371  12.83974152 12.83930268 12.82915413 12.75372957 13.20175441
 12.93094723 12.99400164 13.0380314  12.97222219 12.84193329 12.89019741
 13.03239144 12.8040098  12.75658617 13.02314088 12.85281935 12.90834914
 12.75563486 12.98842235 13.03732867 12.8860226  13.05814521 13.08769427
 13.02314088 13.21608644 12.82826675 12.91971805 12.72865421 12.78635965
 12.72816627 12.8510856  12.97525945 12.79899748 12.8784615  12.96993702
 12.92615172 12.98655437 12.72865421 13.27319771 13.03521646 12.75038747
 12.93094723 12.95338229 13.16029918 12.79671104 13.00101577 13.16148677
 12.97450111 13.18936683 12.94203861 12.77263148 12.83357912 12.74535473
 12.93254012 12.74799379 12.8784615  12.7330353  12.9009661  12.77916879
 13.04118647 12.92775303 13.1579177  12.77450328 13.00797134 12.81576125
 12.86144222 12.74126363 12.84149536 12.97146112 12.97146112 12.96764586
 12.73643096 12.92855276 12.73497691 13.36461548 12.91971805 13.02314088
 12.85757141 12.98916843 12.78936059 13.11864427 13.03662517 12.89269345
 12.89518293 12.74198668 12.74174568 13.00395159 12.85368503 12.72962927
 12.81035418 12.95299355 12.78659087 12.71540604 12.78102922 12.73011654
 13.25204598 12.98954124 13.09032394 12.74559501 13.27319771 13.06019668
 12.87592767 12.73254937 12.87083999 13.04153619 12.71392437 13.27615563
 12.71589953 12.81035418 12.75110441 13.24585656 13.05540153 12.969174
 12.77963423 12.91079714 12.93014979 12.72082247 12.71441839 13.01414536
 12.91283224 12.78889944 12.97828608 12.73254937 13.06699562 12.77590506
 12.76793719 13.03380512 13.03838255 12.71934778 12.99511302 13.17324768
 13.04328279 12.89310876 13.0636037  13.24481859 12.74126363 12.94870588
 12.7948783  13.21608644 13.00211789 12.74463394 13.07171926 12.94596667
 13.14466767 12.81306121 12.78982152 12.7267014  12.85584606 12.93014979
 12.93413021 12.82737852 13.0259985  13.06631848 12.74078135 12.72767826
 12.74703495 13.11611501 12.80945026 13.21608644 13.11611501 13.1916371
 12.82203322 13.10204297 12.72792227 13.21390292 12.98505708 13.09945486
 13.19050295 12.80945026 13.19502746 12.96841033 12.77543802 13.26019677
 13.21717529 12.74415307 12.76416679 12.77683863 12.74799379 12.95377084
 12.71737864 12.81351178 12.72352082 12.73449188 13.23750102 13.06224266
 13.12116456 12.97450111 13.02278292 12.72278561 12.73812474 12.77730501
 13.3020807  12.73739916 12.7999106  12.71441839 12.71983962 12.78751483
 12.71787123 13.3214038  12.74607521 13.1882287  12.78195812 12.74126363
 13.05126762 13.00211789 12.74222767 12.82559993 13.15072241 13.12991576
 12.75420615 12.80673362 12.77637203 12.73449188 12.77075616 13.1261785
 12.76840745 12.7594351  12.73546187 12.72816627 12.76416679 12.92775303
 13.02742355 12.74583512 12.96227627 12.93571751 12.74703495 12.80854548
 12.93094723 13.18936683 12.74391253 12.71983962 12.74511459 12.71441839
 12.73400663 12.72792227 12.800823   12.72376575 12.82203322 13.14100902
 12.71491233 12.76934759 12.7828863  12.78797664 12.72523451 13.22474344
 12.83269571 12.71737864 12.74029885 12.80854548 12.80582655 12.73836662
 12.71885588 12.733521   12.90507498 12.7646388  12.72180441 12.733521
 13.16267223 12.81306121 12.84847931 12.75658617 12.81215973 12.78009944
 12.73109026 12.79120316 12.78195812 12.74990912 12.75372957 13.0202731
 12.8040098  12.89766571 12.72278561 12.76793719 12.73933318 12.81125739
 12.81576125 12.98879556 13.22474344 12.7651106  12.79854059 12.94046249
 12.71491233 12.83886363 12.74847288 13.3788566  12.80310028 12.81396199
 12.90589464 12.71491233 12.90834914 12.81934989 12.93413021 12.73643096
 12.89683884 13.04849952 12.83710513 12.74943055 12.81351178 12.77823726
 12.8401803  12.93413021 12.82515486 12.79579503 13.02170831 12.77823726
 12.72767826 12.93571751 12.86657955 13.03943529 12.87888312 12.74415307
 12.84847931 12.89683884 13.04083655 12.75563486 12.89269345 12.74799379
 12.93809319 12.98954124 12.78102922 12.87338722 12.72962927 12.86444229
 12.88182941 12.79854059 12.89766571 12.78936059 12.88266956 12.81306121
 12.87930454 12.82203322 12.94831517 12.98879556 12.72474515 12.87761763
 12.76133036 12.87168981 12.96534872 12.77543802 12.90261179 12.73836662
 12.73739916 12.84717353 12.77543802 12.84586615 12.92374439 12.90178928
 12.74319081 12.77730501 12.84455686 12.84717353 12.91486281 12.94675016
 12.83225376 12.81576125 12.85800226 12.93888357 13.06631848 12.93571751
 12.93094723 12.88685905 12.82203322 12.84847931 13.25867725 12.8592937
 12.97450111 13.00870005 12.91648415 12.84193329 12.88434752 12.86487022
 12.93094723 12.80582655 12.87168981 12.8784615  12.87508159 12.89061382
 12.85195282 12.79945414 12.91688901 12.74126363 12.84847931 12.71491233
 12.90957406 12.71540604 12.89559714 12.72278561 13.10719177 12.85886333
 12.88392831 12.88936399 12.72278561 12.83798473 12.8960113  12.71983962
 12.91688901 12.91120457 12.8801469  12.95764718 12.72376575 12.89227794
 12.94675016 12.93651002 12.88266956 12.87338722 12.93413021 12.88434752
 12.80763998 13.00870005 12.74559501 12.96841033 12.8012788  12.74029885
 13.08373228 12.81576125 12.93492419 13.21390292 13.07708202 13.15910951
 12.83710513 12.79028224 12.78751483 12.90507498 12.73060343 12.84412005
 12.92294066] 493
glb= [12.91405114 12.80491861 13.39729796 12.8026452  13.01269679 12.98730212
 12.90343363 12.79441962 12.85886333 12.77169426 13.00211789 12.92294066
 13.36502856 12.87508159 13.14830696 12.78659087 12.94361182 13.37077301
 13.02170831 12.83754504 12.75038747 12.83534368 12.79350159 13.03943529
 12.77028686 12.71983962 13.00285181 13.07440538 12.74029885 13.10975256
 13.18480208 12.92695278 12.77590506 12.77730501 12.90261179 12.86015365
 12.81621052 12.85476611 12.85238626 12.77263148 12.94361182 13.2422156
 12.96227627 13.17557491 12.97374212 13.11102959 12.76793719 12.79212306
 12.90548484 12.98580611 12.91648415 12.78102922 13.18936683 12.75229851
 12.79671104 12.77963423 12.92294066 13.01233424 12.77683863 12.79854059
 12.83842421 13.23221834 12.88769481 12.97222219 12.78335014 12.9638138
 13.1916371  12.83974152 12.83930268 12.82915413 12.75372957 13.20175441
 12.93094723 12.99400164 13.0380314  12.97222219 12.84193329 12.89019741
 13.03239144 12.8040098  12.75658617 13.02314088 12.85281935 12.90834914
 12.75563486 12.98842235 13.03732867 12.8860226  13.05814521 13.08769427
 13.02314088 13.21608644 12.82826675 12.91971805 12.72865421 12.78635965
 12.72816627 12.8510856  12.97525945 12.79899748 12.8784615  12.96993702
 12.92615172 12.98655437 12.72865421 13.27319771 13.03521646 12.75038747
 12.93094723 12.95338229 13.16029918 12.79671104 13.00101577 13.16148677
 12.97450111 13.18936683 12.94203861 12.77263148 12.83357912 12.74535473
 12.93254012 12.74799379 12.8784615  12.7330353  12.9009661  12.77916879
 13.04118647 12.92775303 13.1579177  12.77450328 13.00797134 12.81576125
 12.86144222 12.74126363 12.84149536 12.97146112 12.97146112 12.96764586
 12.73643096 12.92855276 12.73497691 13.36461548 12.91971805 13.02314088
 12.85757141 12.98916843 12.78936059 13.11864427 13.03662517 12.89269345
 12.89518293 12.74198668 12.74174568 13.00395159 12.85368503 12.72962927
 12.81035418 12.95299355 12.78659087 12.71540604 12.78102922 12.73011654
 13.25204598 12.98954124 13.09032394 12.74559501 13.27319771 13.06019668
 12.87592767 12.73254937 12.87083999 13.04153619 12.71392437 13.27615563
 12.71589953 12.81035418 12.75110441 13.24585656 13.05540153 12.969174
 12.77963423 12.91079714 12.93014979 12.72082247 12.71441839 13.01414536
 12.91283224 12.78889944 12.97828608 12.73254937 13.06699562 12.77590506
 12.76793719 13.03380512 13.03838255 12.71934778 12.99511302 13.17324768
 13.04328279 12.89310876 13.0636037  13.24481859 12.74126363 12.94870588
 12.7948783  13.21608644 13.00211789 12.74463394 13.07171926 12.94596667
 13.14466767 12.81306121 12.78982152 12.7267014  12.85584606 12.93014979
 12.93413021 12.82737852 13.0259985  13.06631848 12.74078135 12.72767826
 12.74703495 13.11611501 12.80945026 13.21608644 13.11611501 13.1916371
 12.82203322 13.10204297 12.72792227 13.21390292 12.98505708 13.09945486
 13.19050295 12.80945026 13.19502746 12.96841033 12.77543802 13.26019677
 13.21717529 12.74415307 12.76416679 12.77683863 12.74799379 12.95377084
 12.71737864 12.81351178 12.72352082 12.73449188 13.23750102 13.06224266
 13.12116456 12.97450111 13.02278292 12.72278561 12.73812474 12.77730501
 13.3020807  12.73739916 12.7999106  12.71441839 12.71983962 12.78751483
 12.71787123 13.3214038  12.74607521 13.1882287  12.78195812 12.74126363
 13.05126762 13.00211789 12.74222767 12.82559993 13.15072241 13.12991576
 12.75420615 12.80673362 12.77637203 12.73449188 12.77075616 13.1261785
 12.76840745 12.7594351  12.73546187 12.72816627 12.76416679 12.92775303
 13.02742355 12.74583512 12.96227627 12.93571751 12.74703495 12.80854548
 12.93094723 13.18936683 12.74391253 12.71983962 12.74511459 12.71441839
 12.73400663 12.72792227 12.800823   12.72376575 12.82203322 13.14100902
 12.71491233 12.76934759 12.7828863  12.78797664 12.72523451 13.22474344
 12.83269571 12.71737864 12.74029885 12.80854548 12.80582655 12.73836662
 12.71885588 12.733521   12.90507498 12.7646388  12.72180441 12.733521
 13.16267223 12.81306121 12.84847931 12.75658617 12.81215973 12.78009944
 12.73109026 12.79120316 12.78195812 12.74990912 12.75372957 13.0202731
 12.8040098  12.89766571 12.72278561 12.76793719 12.73933318 12.81125739
 12.81576125 12.98879556 13.22474344 12.7651106  12.79854059 12.94046249
 12.71491233 12.83886363 12.74847288 13.3788566  12.80310028 12.81396199
 12.90589464 12.71491233 12.90834914 12.81934989 12.93413021 12.73643096
 12.89683884 13.04849952 12.83710513 12.74943055 12.81351178 12.77823726
 12.8401803  12.93413021 12.82515486 12.79579503 13.02170831 12.77823726
 12.72767826 12.93571751 12.86657955 13.03943529 12.87888312 12.74415307
 12.84847931 12.89683884 13.04083655 12.75563486 12.89269345 12.74799379
 12.93809319 12.98954124 12.78102922 12.87338722 12.72962927 12.86444229
 12.88182941 12.79854059 12.89766571 12.78936059 12.88266956 12.81306121
 12.87930454 12.82203322 12.94831517 12.98879556 12.72474515 12.87761763
 12.76133036 12.87168981 12.96534872 12.77543802 12.90261179 12.73836662
 12.73739916 12.84717353 12.77543802 12.84586615 12.92374439 12.90178928
 12.74319081 12.77730501 12.84455686 12.84717353 12.91486281 12.94675016
 12.83225376 12.81576125 12.85800226 12.93888357 13.06631848 12.93571751
 12.93094723 12.88685905 12.82203322 12.84847931 13.25867725 12.8592937
 12.97450111 13.00870005 12.91648415 12.84193329 12.88434752 12.86487022
 12.93094723 12.80582655 12.87168981 12.8784615  12.87508159 12.89061382
 12.85195282 12.79945414 12.91688901 12.74126363 12.84847931 12.71491233
 12.90957406 12.71540604 12.89559714 12.72278561 13.10719177 12.85886333
 12.88392831 12.88936399 12.72278561 12.83798473 12.8960113  12.71983962
 12.91688901 12.91120457 12.8801469  12.95764718 12.72376575 12.89227794
 12.94675016 12.93651002 12.88266956 12.87338722 12.93413021 12.88434752
 12.80763998 13.00870005 12.74559501 12.96841033 12.8012788  12.74029885
 13.08373228 12.81576125 12.93492419 13.21390292 13.07708202 13.15910951
 12.83710513 12.79028224 12.78751483 12.90507498 12.73060343 12.84412005
 12.92294066] 493
bidsort lists= 493 493
 493
SNAP 44
EPS -0.026622288429558955
galrad= 0.01
!!! agesel
Found 797 stars.
Rotated pos.
Rotated vel.
Calculating circularities
dty= [12.90343363 12.90548484 13.00211789 12.99400164 12.94361182 13.20175441
 12.73011654 12.9638138  12.8784615  12.87508159 12.98916843 13.01269679
 12.75372957 13.1916371  13.18480208 13.37077301 12.91405114 12.97146112
 13.01414536 12.92695278 12.75038747 12.63252594 12.98842235 13.00285181
 12.74029885 12.91648415 13.03239144 12.77169426 13.21608644 12.93094723
 12.95299355 13.39729796 12.89518293 12.8026452  12.64150303 12.77683863
 12.75229851 12.98730212 12.96227627 12.77590506 12.91971805 12.95338229
 12.78102922 12.97450111 13.02314088 12.69774588 13.1579177  13.03943529
 12.63570201 13.25204598 12.67725873 13.02170831 12.63411503 12.77730501
 12.98505708 12.96993702 12.79350159 12.79212306 12.90261179 12.94361182
 12.97146112 13.36461548 12.79441962 12.70946732 12.67316854 12.7330353
 12.77028686 13.36502856 13.2422156  12.7119456  12.80491861 13.03380512
 13.23221834 12.71983962 12.63226084 12.74799379 12.83357912 12.63437968
 13.14830696 12.97222219 13.10975256 13.21390292 13.07440538 12.70299807
 12.71441839 12.78659087 12.67547111 12.75658617 13.00395159 13.27319771
 13.03838255 12.97525945 13.00797134 12.69347641 13.08769427 12.97222219
 12.77963423 12.64413073 13.11611501 12.94203861 12.72865421 13.01233424
 12.94596667 12.92294066 12.67955318 12.73643096 12.83842421 12.76793719
 12.81621052 12.85886333 12.8040098  13.16148677 13.23750102 13.11102959
 12.83754504 13.23855194 12.90834914 12.71145031 12.77263148 12.82826675
 13.18480208 13.04328279 13.11864427 12.74703495 13.12116456 12.83357912
 12.63807851 12.63649477 12.98954124 12.84717353 13.03521646 12.66546057
 12.98580611 12.97374212 12.68082595 12.96764586 12.6989987  12.85238626
 13.05814521 12.85476611 13.06019668 12.66957778 13.17557491 13.02742355
 12.78195812 12.78335014 12.66597605 13.18936683 12.70698353 12.79899748
 12.78635965 12.76793719 13.09945486 12.86144222 12.78102922 12.76416679
 12.70499254 12.72962927 13.0380314  12.79671104 12.63252594 12.84193329
 12.77963423 12.86015365 12.83974152 13.19502746 12.98655437 13.12991576
 12.78659087 12.69999979 12.6544535  12.8597237  12.79854059 12.72865421
 12.79671104 12.65406302 12.82915413 12.74463394 12.81351178 13.27615563
 12.70449422 12.68691542 12.83534368 12.90753165 13.0636037  13.21608644
 12.95377084 12.93254012 12.97450111 13.03732867 12.74222767 12.702499
 13.00101577 12.75038747 12.6467526  12.88769481 12.66236299 12.89310876
 12.89019741 13.16029918 12.81576125 13.21717529 12.85281935 13.27319771
 12.85368503 12.69649183 12.83930268 12.70100013 12.74198668 12.65822034
 12.71219307 12.66571824 12.77916879 12.70100013 12.6879273  12.73449188
 12.78982152 13.04118647 12.91971805 13.3020807  12.74847288 13.02278292
 12.75110441 13.14466767 13.06699562 12.6952364  12.63358551 12.64308035
 13.10719177 12.63358551 12.71342998 12.92775303 12.67827901 12.73643096
 12.8562776  12.77590506 12.78936059 12.8784615  13.3214038  12.80945026
 12.64465557 12.66339649 12.74559501 12.77450328 12.92775303 12.69999979
 12.64649058 12.87592767 12.8860226  12.67009142 12.66094071 12.77263148
 12.67623752 12.67878889 12.71392437 12.63305592 12.70150003 12.91283224
 13.1882287  12.66184605 13.1916371  13.06969844 12.6798078  12.66081131
 12.969174   13.09425104 12.99511302 12.64439308 12.63305592 12.82113958
 12.87083999 12.6488459  12.68082595 12.76840745 12.75301427 12.75563486
 12.71787123 12.72523451 13.03662517 12.74198668 13.21608644 12.71540604
 12.69999979 13.02314088 12.63305592 12.77823726 12.70224929 13.10204297
 12.68031699 12.93014979 12.7594351  12.6924694  12.63305592 12.82203322
 12.75658617 12.65484362 13.15072241 12.81035418 12.71589953 12.97828608
 12.74607521 12.80582655 13.06019668 13.05540153 12.82559993 12.63913333
 13.07708202 12.93254012 12.87550474 12.77730501 12.93094723 12.75420615
 12.69949936 12.65614346 12.63279086 12.66417084 12.77543802 13.24481859
 12.7999106  12.93014979 13.0380314  12.85714035 12.68590277 12.68691542
 12.64989115 12.70449422 12.74126363 12.71342998 12.71983962 12.63623059
 12.800823   12.7948783  13.18936683 12.72816627 12.84149536 12.73400663
 12.72767826 13.19050295 12.68438208 12.70897089 12.69649183 12.69799654
 12.66339649 12.733521   12.82203322 12.8510856  12.71293536 12.80854548
 12.63939683 12.77075616 12.67878889 12.702499   12.65197887 12.78889944
 13.26019677 12.9009661  12.70399584 12.6467526  12.73011654 12.67470406
 12.6545836  12.77683863 12.71787123 12.6721438  12.92855276 13.02314088
 12.63332081 13.24585656 12.9767742  13.04153619 12.63464431 12.70474347
 12.72082247 13.39959732 12.96841033 12.89269345 12.80945026 12.81531175
 12.93413021 12.90425464 12.67163094 12.66752094 13.11611501 12.73254937
 12.85757141 12.72718987 12.74990912 12.70349707 12.66339649 12.64727627
 13.17324768 12.83886363 12.7646388  12.8562776  12.63939683 12.847609
 12.66184605 12.71441839 12.67188738 12.98543162 12.80854548 12.74559501
 12.81306121 12.95454747 12.72180441 12.74535473 12.91079714 12.66623368
 12.6351732  12.72792227 12.71983962 12.86315768 12.9498774  12.71737864
 12.74511459 12.66906392 13.09032394 13.19389936 12.77637203 12.73497691
 13.06631848 12.85886333 12.73618879 12.63464431 12.73254937 12.70946732
 13.14100902 13.18936683 12.80355515 12.71244052 12.76934759 13.05126762
 12.91161179 12.73497691 12.67827901 12.64989115 12.71392437 12.73933318
 12.65614346 12.70797766 12.66029352 12.93571751 12.65510379 12.72792227
 12.96227627 13.07171926 12.66287986 12.77916879 12.83886363 12.82113958
 12.84368303 12.68184302 12.65302149 12.63279086 13.00211789 12.71045919
 12.70399584 13.00431775 12.81576125 12.63305592 12.87168981 12.65197887
 12.6798078  12.6989987  12.63358551 12.67598217 12.70100013 12.8401803
 12.81306121 12.83269571 12.69649183 12.75468266 12.68438208 12.64308035
 12.71441839 13.0202731  12.90507498 12.65718237 12.81125739 12.6488459
 12.69498507 12.69146163 12.79120316 12.6467526  12.70698353 12.78102922
 12.64255481 12.65614346 12.67163094 12.68640921 12.8562776  12.67009142
 12.73643096 12.79212306 12.64989115 12.7828863  12.72155903 12.73739916
 12.77028686 12.7999106  12.686156   12.90589464 12.78797664 12.66287986
 12.73497691 13.22474344 12.66391274 12.64622869 12.65873906 12.71737864
 12.72180441 12.79579503 12.94046249 12.84847931 12.67725873 12.71491233
 12.64727627 12.83710513 12.70996337 12.89683884 12.67470406 12.63332081
 12.76416679 12.69448236 12.69473373 12.90425464 12.64989115 12.98804909
 12.69849781 12.67521539 12.84630211 12.65873906 12.85325237 12.89683884
 12.64570455 12.89849189 12.74943055 12.81934989 12.72131348 12.94046249
 12.80310028 12.702499   12.6919657  12.65822034 12.81351178 12.71095494
 12.88266956 12.78102922 12.85886333 12.69473373 12.82515486 13.12492839
 12.73739916 12.70449422 12.80036683 13.06496224 12.64465557 12.67674832
 12.87888312 12.6467526  12.65692283 12.70499254 12.65145729 12.73060343
 12.65718237 12.63305592 12.69548755 13.0730635  12.63886965 12.65250037
 12.75563486 12.69448236 12.73836662 12.87296303 12.89269345 12.63464431
 12.85195282 13.19276924 12.79212306 12.72131348 12.98879556 12.75372957
 12.83798473 12.70199955 12.79028224 12.72278561 12.98879556 13.03309866
 12.68209717 12.77356782 12.63886965 12.69799654 12.66957778 12.63411503
 13.11990552 12.97450111 12.79854059 12.65354237 12.69799654 12.93094723
 13.00870005 13.0636037  13.03380512 12.76038317 12.91161179 13.24273711
 12.73981613 12.98205436 12.80491861 12.63781476 12.7594351  13.20175441
 12.67034813 12.64727627 12.86657955 12.63675877 12.7575366  12.7999106
 12.70399584 13.00724186 12.75372957 12.7575366  12.64570455 12.82693415
 12.66236299 13.02457094 12.64989115 12.99251745 12.98655437 13.04013616
 13.02884611 12.65041343 12.64936864 12.65614346 12.64465557 12.77730501
 12.64413073 12.6680355  13.10333357 12.8012788  12.63886965 12.65119639
 12.66442891 12.66957778 12.65250037 13.12367596 12.69297302 13.12991576
 12.87253879 12.95919297 13.07037268 13.14345029 12.87083999 13.03168359
 12.93730201 12.82113958 12.66132872 12.80310028 12.65093548 12.81035418
 12.67009142 12.80945026 12.80763998 12.91648415 12.83622483 12.65822034
 12.6488459  12.68590277 12.68082595 13.01883537 12.67878889 12.73157685
 12.66442891] 673
glb= [12.90343363 12.90548484 13.00211789 12.99400164 12.94361182 13.20175441
 12.73011654 12.9638138  12.8784615  12.87508159 12.98916843 13.01269679
 12.75372957 13.1916371  13.18480208 13.37077301 12.91405114 12.97146112
 13.01414536 12.92695278 12.75038747 12.63252594 12.98842235 13.00285181
 12.74029885 12.91648415 13.03239144 12.77169426 13.21608644 12.93094723
 12.95299355 13.39729796 12.89518293 12.8026452  12.64150303 12.77683863
 12.75229851 12.98730212 12.96227627 12.77590506 12.91971805 12.95338229
 12.78102922 12.97450111 13.02314088 12.69774588 13.1579177  13.03943529
 12.63570201 13.25204598 12.67725873 13.02170831 12.63411503 12.77730501
 12.98505708 12.96993702 12.79350159 12.79212306 12.90261179 12.94361182
 12.97146112 13.36461548 12.79441962 12.70946732 12.67316854 12.7330353
 12.77028686 13.36502856 13.2422156  12.7119456  12.80491861 13.03380512
 13.23221834 12.71983962 12.63226084 12.74799379 12.83357912 12.63437968
 13.14830696 12.97222219 13.10975256 13.21390292 13.07440538 12.70299807
 12.71441839 12.78659087 12.67547111 12.75658617 13.00395159 13.27319771
 13.03838255 12.97525945 13.00797134 12.69347641 13.08769427 12.97222219
 12.77963423 12.64413073 13.11611501 12.94203861 12.72865421 13.01233424
 12.94596667 12.92294066 12.67955318 12.73643096 12.83842421 12.76793719
 12.81621052 12.85886333 12.8040098  13.16148677 13.23750102 13.11102959
 12.83754504 13.23855194 12.90834914 12.71145031 12.77263148 12.82826675
 13.18480208 13.04328279 13.11864427 12.74703495 13.12116456 12.83357912
 12.63807851 12.63649477 12.98954124 12.84717353 13.03521646 12.66546057
 12.98580611 12.97374212 12.68082595 12.96764586 12.6989987  12.85238626
 13.05814521 12.85476611 13.06019668 12.66957778 13.17557491 13.02742355
 12.78195812 12.78335014 12.66597605 13.18936683 12.70698353 12.79899748
 12.78635965 12.76793719 13.09945486 12.86144222 12.78102922 12.76416679
 12.70499254 12.72962927 13.0380314  12.79671104 12.63252594 12.84193329
 12.77963423 12.86015365 12.83974152 13.19502746 12.98655437 13.12991576
 12.78659087 12.69999979 12.6544535  12.8597237  12.79854059 12.72865421
 12.79671104 12.65406302 12.82915413 12.74463394 12.81351178 13.27615563
 12.70449422 12.68691542 12.83534368 12.90753165 13.0636037  13.21608644
 12.95377084 12.93254012 12.97450111 13.03732867 12.74222767 12.702499
 13.00101577 12.75038747 12.6467526  12.88769481 12.66236299 12.89310876
 12.89019741 13.16029918 12.81576125 13.21717529 12.85281935 13.27319771
 12.85368503 12.69649183 12.83930268 12.70100013 12.74198668 12.65822034
 12.71219307 12.66571824 12.77916879 12.70100013 12.6879273  12.73449188
 12.78982152 13.04118647 12.91971805 13.3020807  12.74847288 13.02278292
 12.75110441 13.14466767 13.06699562 12.6952364  12.63358551 12.64308035
 13.10719177 12.63358551 12.71342998 12.92775303 12.67827901 12.73643096
 12.8562776  12.77590506 12.78936059 12.8784615  13.3214038  12.80945026
 12.64465557 12.66339649 12.74559501 12.77450328 12.92775303 12.69999979
 12.64649058 12.87592767 12.8860226  12.67009142 12.66094071 12.77263148
 12.67623752 12.67878889 12.71392437 12.63305592 12.70150003 12.91283224
 13.1882287  12.66184605 13.1916371  13.06969844 12.6798078  12.66081131
 12.969174   13.09425104 12.99511302 12.64439308 12.63305592 12.82113958
 12.87083999 12.6488459  12.68082595 12.76840745 12.75301427 12.75563486
 12.71787123 12.72523451 13.03662517 12.74198668 13.21608644 12.71540604
 12.69999979 13.02314088 12.63305592 12.77823726 12.70224929 13.10204297
 12.68031699 12.93014979 12.7594351  12.6924694  12.63305592 12.82203322
 12.75658617 12.65484362 13.15072241 12.81035418 12.71589953 12.97828608
 12.74607521 12.80582655 13.06019668 13.05540153 12.82559993 12.63913333
 13.07708202 12.93254012 12.87550474 12.77730501 12.93094723 12.75420615
 12.69949936 12.65614346 12.63279086 12.66417084 12.77543802 13.24481859
 12.7999106  12.93014979 13.0380314  12.85714035 12.68590277 12.68691542
 12.64989115 12.70449422 12.74126363 12.71342998 12.71983962 12.63623059
 12.800823   12.7948783  13.18936683 12.72816627 12.84149536 12.73400663
 12.72767826 13.19050295 12.68438208 12.70897089 12.69649183 12.69799654
 12.66339649 12.733521   12.82203322 12.8510856  12.71293536 12.80854548
 12.63939683 12.77075616 12.67878889 12.702499   12.65197887 12.78889944
 13.26019677 12.9009661  12.70399584 12.6467526  12.73011654 12.67470406
 12.6545836  12.77683863 12.71787123 12.6721438  12.92855276 13.02314088
 12.63332081 13.24585656 12.9767742  13.04153619 12.63464431 12.70474347
 12.72082247 13.39959732 12.96841033 12.89269345 12.80945026 12.81531175
 12.93413021 12.90425464 12.67163094 12.66752094 13.11611501 12.73254937
 12.85757141 12.72718987 12.74990912 12.70349707 12.66339649 12.64727627
 13.17324768 12.83886363 12.7646388  12.8562776  12.63939683 12.847609
 12.66184605 12.71441839 12.67188738 12.98543162 12.80854548 12.74559501
 12.81306121 12.95454747 12.72180441 12.74535473 12.91079714 12.66623368
 12.6351732  12.72792227 12.71983962 12.86315768 12.9498774  12.71737864
 12.74511459 12.66906392 13.09032394 13.19389936 12.77637203 12.73497691
 13.06631848 12.85886333 12.73618879 12.63464431 12.73254937 12.70946732
 13.14100902 13.18936683 12.80355515 12.71244052 12.76934759 13.05126762
 12.91161179 12.73497691 12.67827901 12.64989115 12.71392437 12.73933318
 12.65614346 12.70797766 12.66029352 12.93571751 12.65510379 12.72792227
 12.96227627 13.07171926 12.66287986 12.77916879 12.83886363 12.82113958
 12.84368303 12.68184302 12.65302149 12.63279086 13.00211789 12.71045919
 12.70399584 13.00431775 12.81576125 12.63305592 12.87168981 12.65197887
 12.6798078  12.6989987  12.63358551 12.67598217 12.70100013 12.8401803
 12.81306121 12.83269571 12.69649183 12.75468266 12.68438208 12.64308035
 12.71441839 13.0202731  12.90507498 12.65718237 12.81125739 12.6488459
 12.69498507 12.69146163 12.79120316 12.6467526  12.70698353 12.78102922
 12.64255481 12.65614346 12.67163094 12.68640921 12.8562776  12.67009142
 12.73643096 12.79212306 12.64989115 12.7828863  12.72155903 12.73739916
 12.77028686 12.7999106  12.686156   12.90589464 12.78797664 12.66287986
 12.73497691 13.22474344 12.66391274 12.64622869 12.65873906 12.71737864
 12.72180441 12.79579503 12.94046249 12.84847931 12.67725873 12.71491233
 12.64727627 12.83710513 12.70996337 12.89683884 12.67470406 12.63332081
 12.76416679 12.69448236 12.69473373 12.90425464 12.64989115 12.98804909
 12.69849781 12.67521539 12.84630211 12.65873906 12.85325237 12.89683884
 12.64570455 12.89849189 12.74943055 12.81934989 12.72131348 12.94046249
 12.80310028 12.702499   12.6919657  12.65822034 12.81351178 12.71095494
 12.88266956 12.78102922 12.85886333 12.69473373 12.82515486 13.12492839
 12.73739916 12.70449422 12.80036683 13.06496224 12.64465557 12.67674832
 12.87888312 12.6467526  12.65692283 12.70499254 12.65145729 12.73060343
 12.65718237 12.63305592 12.69548755 13.0730635  12.63886965 12.65250037
 12.75563486 12.69448236 12.73836662 12.87296303 12.89269345 12.63464431
 12.85195282 13.19276924 12.79212306 12.72131348 12.98879556 12.75372957
 12.83798473 12.70199955 12.79028224 12.72278561 12.98879556 13.03309866
 12.68209717 12.77356782 12.63886965 12.69799654 12.66957778 12.63411503
 13.11990552 12.97450111 12.79854059 12.65354237 12.69799654 12.93094723
 13.00870005 13.0636037  13.03380512 12.76038317 12.91161179 13.24273711
 12.73981613 12.98205436 12.80491861 12.63781476 12.7594351  13.20175441
 12.67034813 12.64727627 12.86657955 12.63675877 12.7575366  12.7999106
 12.70399584 13.00724186 12.75372957 12.7575366  12.64570455 12.82693415
 12.66236299 13.02457094 12.64989115 12.99251745 12.98655437 13.04013616
 13.02884611 12.65041343 12.64936864 12.65614346 12.64465557 12.77730501
 12.64413073 12.6680355  13.10333357 12.8012788  12.63886965 12.65119639
 12.66442891 12.66957778 12.65250037 13.12367596 12.69297302 13.12991576
 12.87253879 12.95919297 13.07037268 13.14345029 12.87083999 13.03168359
 12.93730201 12.82113958 12.66132872 12.80310028 12.65093548 12.81035418
 12.67009142 12.80945026 12.80763998 12.91648415 12.83622483 12.65822034
 12.6488459  12.68590277 12.68082595 13.01883537 12.67878889 12.73157685
 12.66442891] 673
bidsort lists= 673 673
 673
SNAP 45
EPS 0.03258404851567589
galrad= 0.01
!!! agesel
Found 672 stars.
Rotated pos.
Rotated vel.
Calculating circularities
dty= [12.91648415 12.87508159 13.04328279 12.58909388 12.7119456  13.00211789
 12.58744544 12.55936803 12.59893913 12.91405114 13.01269679 12.67725873
 12.59484649 13.00395159 12.98505708 13.03380512 13.25204598 12.59074017
 12.56972611 12.60600135 12.58854469 12.61275397 12.78102922 13.09945486
 12.56217584 12.55627228 13.01414536 13.03838255 13.02314088 12.58414194
 12.55345153 12.90343363 13.19502746 12.67316854 12.69774588 12.90548484
 12.75038747 12.58524406 12.5978491  13.11611501 12.74029885 13.00285181
 12.79350159 12.59429973 12.54920886 12.96227627 13.18480208 12.57111947
 12.61651939 12.90834914 12.59293184 12.62588212 12.57667733 13.23221834
 12.62321439 12.66546057 12.60518852 12.58936845 12.57334547 12.59074017
 12.59156249 13.39729796 12.5846932  12.55429842 12.64150303 12.60654292
 12.63226084 12.58909388 12.77028686 12.8026452  13.02742355 12.94596667
 12.78195812 12.59156249 12.93094723 12.5744571  12.57778608 12.5901917
 12.97222219 12.54694033 12.60464643 12.55768044 12.62054079 12.62561559
 12.57223303 12.62614862 12.55570874 12.78982152 12.58634523 13.02170831
 12.71983962 12.59812175 12.66597605 12.61920176 12.75372957 12.61920176
 13.12991576 12.98730212 12.73011654 13.06019668 13.23855194 12.73643096
 12.55824321 13.37077301 12.77730501 13.3020807  12.89518293 12.58991736
 12.95377084 12.5901917  12.702499   13.2422156  12.6952364  12.63807851
 12.97450111 12.94361182 12.67827901 12.63649477 12.69347641 12.59730372
 12.58662047 12.8562776  12.79441962 12.59893913 12.96764586 12.91971805
 12.92695278 13.1916371  12.55768044 13.07974913 12.55936803 12.62508248
 12.54466774 12.77169426 12.61651939 12.66081131 12.74799379 12.56357737
 12.70299807 13.37442837 12.58027705 12.7999106  12.75658617 12.62241291
 12.66339649 12.61275397 13.27615563 12.61812949 12.67878889 12.89019741
 12.58607013 12.58276304 12.60193196 13.07440538 12.72523451 12.57529014
 12.97146112 13.39959732 12.63358551 12.83357912 12.61812949 12.57501264
 12.95299355 12.67547111 12.6610701  12.78659087 12.65614346 13.14466767
 12.63305592 12.78659087 12.74198668 12.60951732 12.84717353 12.6103273
 12.81755721 12.7330353  13.02278292 12.54977543 12.65718237 12.65822034
 13.1882287  12.61275397 12.62241291 12.62161094 12.9638138  12.62241291
 12.79854059 12.66417084 12.77963423 12.63358551 13.03521646 12.63252594
 12.97374212 12.74847288 13.21717529 12.60138829 12.59566601 12.93254012
 12.77263148 13.3214038  12.63252594 12.70499254 12.64413073 12.78102922
 12.80718691 12.99400164 13.18936683 12.6488459  12.75301427 13.21608644
 12.75038747 12.57390149 13.03662517 12.97222219 12.74222767 12.94203861
 12.58276304 12.79671104 12.74607521 12.76793719 12.62880996 12.6798078
 12.75658617 12.63066937 12.71342998 12.69999979 12.55316925 12.58826991
 12.63437968 12.85238626 12.56888947 12.548075   12.63279086 12.80945026
 12.65666311 12.60193196 12.62481573 12.61383097 13.1579177  12.58221102
 12.63305592 12.70100013 13.20175441 12.70449422 12.57750893 12.54608862
 12.67009142 12.56777302 12.83974152 12.55542678 12.66236299 12.77963423
 12.87550474 12.8784615  12.78335014 12.93094723 12.61005743 13.0636037
 12.72865421 12.98916843 13.36461548 12.75277575 13.09425104 12.75229851
 12.65640337 12.61678784 12.8562776  13.03239144 12.69649183 12.89310876
 12.98655437 12.63332081 12.65197887 12.7594351  12.65847964 12.66094071
 12.77683863 12.85714035 12.57390149 12.73011654 13.18480208 12.65406302
 12.969174   12.90425464 12.77543802 12.93094723 12.84193329 13.15072241
 13.08769427 12.95338229 12.72865421 12.77823726 13.01522998 13.12116456
 12.81621052 13.01233424 12.80854548 13.11864427 12.733521   12.90753165
 12.97450111 12.62241291 12.5910143  12.58579485 12.98842235 12.92775303
 12.64989115 12.81035418 12.71787123 12.59156249 12.61571345 12.61920176
 13.21390292 12.6544535  12.57778608 12.71441839 12.77916879 12.54864205
 12.63570201 12.62241291 12.59975617 12.71983962 12.67470406 13.14830696
 12.72718987 12.90261179 12.63913333 12.66184605 12.61732468 12.81306121
 12.58551954 12.70698353 12.83357912 12.6122152  12.77590506 12.71095494
 13.07708202 12.63464431 13.27319771 12.6545836  12.86015365 12.847609
 12.57000495 12.63411503 12.61678784 12.98954124 12.8597237  12.87592767
 12.68438208 12.59648519 12.60518852 12.99843847 13.19389936 12.80854548
 12.58772028 13.06699562 12.82826675 12.76793719 12.77730501 12.63146543
 12.69949936 12.6351732  12.59593914 12.64308035 13.04118647 12.66081131
 12.80355515 13.05814521 12.79212306 12.5978491  12.57806306 13.0380314
 12.82559993 12.8784615  12.71589953 12.67802413 12.60084454 12.71787123
 13.18936683 12.80491861 12.55090767 12.70946732 12.85368503 12.58991736
 12.96993702 12.79899748 13.16148677 12.87083999 12.63939683 12.94203861
 12.98580611 12.61275397 12.63781476 12.82113958 12.61005743 12.55711743
 12.70399584 12.55373395 12.59648519 12.61866582 12.64439308 12.93571751
 12.76934759 12.67188738 12.63305592 12.62027308 13.00138334 13.27319771
 12.60789588 12.71737864 13.03732867 12.55542678 12.93014979 12.91283224
 12.74703495 12.6989987  12.62294736 12.59757642 12.56944725 12.8597237
 12.83886363 12.83842421 12.6924694  12.55627228 13.10975256 12.70598849
 12.63305592 12.72962927 12.800823   12.64649058 13.03943529 12.77963423
 13.23750102 12.60247523 12.55768044 12.61329267 12.66623368 12.90507498
 12.91971805 12.85886333 12.55936803 12.55090767 12.58964283 12.76416679
 12.80582655 12.95454747 12.78635965 12.61005743 12.58717042 12.60138829
 12.94361182 12.97146112 12.63675877 12.67955318 12.77590506 12.64150303
 12.63623059 12.9498774  12.61005743 12.85886333 12.70946732 13.00797134
 12.68184302 12.92294066 12.72180441 12.75468266 12.8040098  12.67623752
 12.71145031 12.77916879 12.66597605 12.6467526  12.73400663 12.74463394
 12.54466774 12.5910143  12.61866582 12.71983962 12.66339649 12.75110441
 12.5548628  12.74367198 12.7646388  12.71219307 13.12492839 12.57056225
 12.85757141 12.60897713 12.6124846  12.64727627 12.6122152  12.57612267
 12.73618879 12.55316925 12.67598217 12.77075616 12.65302149 12.73449188
 12.97525945 12.77122525 12.75420615 12.85476611 12.55993007 12.66029352
 12.65197887 12.65484362 12.61113679 12.54466774 12.82203322 12.6989987
 12.54466774 12.70100013 13.16029918 12.62508248 12.81351178 13.21608644
 12.60897713 12.81531175 12.58936845 12.66726356 12.71392437 12.56217584
 12.56497744 12.63781476 12.58110627 12.62668143 12.69498507 12.90425464
 13.36502856 12.86144222 12.59429973 12.79671104 12.78889944 12.6467526
 12.62907578 13.1916371  12.6488459  12.63252594 12.58717042 12.77263148
 12.83886363 12.56049188 12.62401539 12.7999106  12.73836662 13.0380314
 12.86315768 12.61436919 12.55260413 12.72229512 12.58331482 12.79625322
 13.11102959 12.83754504 12.6798078  12.70224929 12.55260413 12.64779972
 13.06019668 12.57778608 12.6003004  12.54977543 13.21608644 13.10204297
 12.66700616 12.63279086 12.77216291 13.00431775 12.57278937 12.66287986
 12.91161179 12.9767742  12.82915413 12.60843654 13.00101577 12.88769481
 12.58772028 12.69949936 12.55429842 12.76840745 12.686156   12.55655402
 12.65873906 13.19050295 12.78889944 12.5888193  12.65406302 12.63305592
 12.57944717 12.73739916 12.92775303 12.62934143 12.97828608 12.74511459
 12.64989115 12.68082595 13.01739513 12.71392437 12.57778608 12.71342998
 12.5744571  12.69649183 12.7948783  12.68691542 12.73643096 12.60735482
 12.95299355 12.71540604 12.66262151 12.68691542 12.60681368 13.26019677
 12.58276304 13.02170831 12.8401803  12.57889372 12.57390149 12.66571824
 12.59046603 12.81845398 12.70100013 12.99511302 12.72131348 12.85281935
 12.76793719 12.59757642 12.65145729 12.83930268 12.60356139 12.63992377
 12.6467526  12.68691542 12.98543162 12.81755721 12.54637254 12.82203322
 12.63358551 12.71737864 12.72767826 12.70698353 12.57723191 12.72914178
 12.71836374 12.58441766 12.83534368 12.58110627 12.66957778 12.59866669
 12.6879273  12.66391274 12.56105344 12.59921155 12.81576125 12.60383268
 12.78936059 12.6488459  12.81576125 13.17557491 12.65614346 12.67163094
 12.93014979 12.61005743 12.60843654 12.66029352 12.59839423 12.69999979
 12.58496872 12.59975617 12.67470406 12.74198668 12.73643096 12.81215973
 12.57723191 12.60084454 12.65484362 12.63332081 12.67827901 12.72180441
 12.67521539 12.56105344 12.60383268 12.78659087 12.59046603 12.69473373
 13.10719177 12.61463811 12.77450328 12.63939683 12.8040098  12.67725873
 12.55316925 12.69999979 12.67521539 12.61356183 12.66339649 12.61275397
 12.65718237 12.71342998 12.70199955 13.05540153 12.8562776  12.64465557
 12.68590277 12.64832292 12.60193196 12.8510856  12.72816627 13.03662517
 12.69799654 12.72082247 12.82113958 12.75563486 12.59757642 13.02314088
 12.66339649 12.77683863 12.68082595 12.58331482 13.18936683 12.61920176
 12.6919657  12.71045919 12.70150003 13.14100902 12.64255481 12.84061887
 12.58110627 13.06969844 12.68235129 12.64570455 12.56777302 12.57334547
 12.81035418 12.64308035 12.846738   12.54523625 12.55993007 12.70499254
 12.6879273  12.67163094 12.77450328 12.58826991 12.64989115 12.80491861
 12.68893827 12.70996337 12.74943055 12.7948783  12.65510379 12.93413021
 12.55147335 12.68031699 12.70349707 12.58110627 12.55429842 13.04153619
 12.67674832 12.77730501 12.6853961  12.70847439 12.74126363 13.00942813
 12.58331482 12.61651939 12.70224929 12.56385746 12.65510379 12.69649183
 12.77637203 12.73497691 12.66391274 12.6729125  13.02314088 12.79579503
 12.68590277 12.969174   12.69146163 12.58662047 12.73254937 12.67674832
 12.81035418 12.93254012 12.81306121 12.67163094 12.57778608 12.81934989
 12.89683884 12.80310028 12.73060343 12.702499   12.58551954 13.24481859
 12.59593914 12.58936845 12.70897089 12.71441839 12.97904106 12.70449422
 12.69473373 12.59539286 12.59975617 12.70946732 12.64989115 12.89269345
 12.85757141 12.70474347 12.64150303 13.15910951 13.08901027 12.65666311
 12.63464431 13.24585656 12.61490701 12.67827901 12.58055353 12.83446183
 12.60084454 12.6467526  12.66184605 12.70199955 12.56329727 12.96841033
 12.57556778 13.19952004 12.64150303 12.95919297 12.81125739 12.65718237
 12.65510379 12.69799654 12.59539286 12.58000039 13.07171926 12.67111799
 12.95454747 12.65744205 12.58991736 12.56385746 12.59539286 12.76416679
 13.05126762 12.72131348 12.63781476 12.66906392 12.72278561 12.58276304
 12.87168981 12.79120316 12.75372957 13.12742647 12.78102922 12.60410395
 12.68438208 13.26120751 12.58000039 12.66081131 12.67060482 12.58551954
 12.6592574  12.57000495 12.56777302 12.85195282 12.68184302 12.6798078
 12.81890212 12.67163094 12.69146163 12.75563486 12.56665545 12.89103016
 12.67470406 13.08373228 12.60356139 12.5888193  12.70822604 12.98879556
 12.70996337 12.58331482 12.65614346 12.5910143  13.12053536 12.71885588
 12.62454897 12.68031699 12.93571751 13.21061318 12.77075616 12.65770155
 12.5744571  12.66184605 12.67470406 12.8012788  12.62348141 12.80763998
 12.70996337 12.69699363 12.76038317 12.68564952 12.69874826 13.06631848
 12.5910143  12.72523451 12.66184605 12.80173453 12.93809319 12.66236299
 12.92374439 12.81306121 12.70299807 12.59211045 13.15910951 12.58662047
 12.79671104 12.95609864 13.21934721 12.93888357 12.88685905 12.81306121
 12.7575366  13.08769427 12.69598981 12.68285933 12.88936399 12.78936059
 12.88936399 12.83225376 13.02242491 12.67776906 12.67623752 12.97450111
 12.58662047 12.78195812 12.71491233 12.58441766 12.87168981 13.01015571
 12.84193329 12.7651106  12.90957406 12.71540604 12.93651002 12.91486281
 12.68742155 12.8784615  12.85195282 12.80582655 12.90014209 12.8960113
 12.55373395 12.58551954 12.74029885 12.91688901 12.8801469  12.82203322
 12.94675016 12.72278561 12.6879273  12.89559714 12.82203322 12.85886333
 12.70996337 12.91688901 12.58441766 12.71983962 13.27909783 12.87508159
 12.79854059 12.88434752 12.84412005 12.85800226 12.88056784 12.58662047
 12.87253879 12.88266956 12.88392831 12.91120457 12.93254012 12.61167603
 12.83092648 13.22688859 12.59539286 12.96841033 12.57000495 12.87719538
 13.04988487 12.98954124 12.97525945 12.98730212 13.01305916 12.61598212
 12.8562776  12.81576125 12.71095494 12.83534368 13.04293388 12.85886333
 12.893524   12.60410395] 998
glb= [12.91648415 12.87508159 13.04328279 12.58909388 12.7119456  13.00211789
 12.58744544 12.55936803 12.59893913 12.91405114 13.01269679 12.67725873
 12.59484649 13.00395159 12.98505708 13.03380512 13.25204598 12.59074017
 12.56972611 12.60600135 12.58854469 12.61275397 12.78102922 13.09945486
 12.56217584 12.55627228 13.01414536 13.03838255 13.02314088 12.58414194
 12.55345153 12.90343363 13.19502746 12.67316854 12.69774588 12.90548484
 12.75038747 12.58524406 12.5978491  13.11611501 12.74029885 13.00285181
 12.79350159 12.59429973 12.54920886 12.96227627 13.18480208 12.57111947
 12.61651939 12.90834914 12.59293184 12.62588212 12.57667733 13.23221834
 12.62321439 12.66546057 12.60518852 12.58936845 12.57334547 12.59074017
 12.59156249 13.39729796 12.5846932  12.55429842 12.64150303 12.60654292
 12.63226084 12.58909388 12.77028686 12.8026452  13.02742355 12.94596667
 12.78195812 12.59156249 12.93094723 12.5744571  12.57778608 12.5901917
 12.97222219 12.54694033 12.60464643 12.55768044 12.62054079 12.62561559
 12.57223303 12.62614862 12.55570874 12.78982152 12.58634523 13.02170831
 12.71983962 12.59812175 12.66597605 12.61920176 12.75372957 12.61920176
 13.12991576 12.98730212 12.73011654 13.06019668 13.23855194 12.73643096
 12.55824321 13.37077301 12.77730501 13.3020807  12.89518293 12.58991736
 12.95377084 12.5901917  12.702499   13.2422156  12.6952364  12.63807851
 12.97450111 12.94361182 12.67827901 12.63649477 12.69347641 12.59730372
 12.58662047 12.8562776  12.79441962 12.59893913 12.96764586 12.91971805
 12.92695278 13.1916371  12.55768044 13.07974913 12.55936803 12.62508248
 12.54466774 12.77169426 12.61651939 12.66081131 12.74799379 12.56357737
 12.70299807 13.37442837 12.58027705 12.7999106  12.75658617 12.62241291
 12.66339649 12.61275397 13.27615563 12.61812949 12.67878889 12.89019741
 12.58607013 12.58276304 12.60193196 13.07440538 12.72523451 12.57529014
 12.97146112 13.39959732 12.63358551 12.83357912 12.61812949 12.57501264
 12.95299355 12.67547111 12.6610701  12.78659087 12.65614346 13.14466767
 12.63305592 12.78659087 12.74198668 12.60951732 12.84717353 12.6103273
 12.81755721 12.7330353  13.02278292 12.54977543 12.65718237 12.65822034
 13.1882287  12.61275397 12.62241291 12.62161094 12.9638138  12.62241291
 12.79854059 12.66417084 12.77963423 12.63358551 13.03521646 12.63252594
 12.97374212 12.74847288 13.21717529 12.60138829 12.59566601 12.93254012
 12.77263148 13.3214038  12.63252594 12.70499254 12.64413073 12.78102922
 12.80718691 12.99400164 13.18936683 12.6488459  12.75301427 13.21608644
 12.75038747 12.57390149 13.03662517 12.97222219 12.74222767 12.94203861
 12.58276304 12.79671104 12.74607521 12.76793719 12.62880996 12.6798078
 12.75658617 12.63066937 12.71342998 12.69999979 12.55316925 12.58826991
 12.63437968 12.85238626 12.56888947 12.548075   12.63279086 12.80945026
 12.65666311 12.60193196 12.62481573 12.61383097 13.1579177  12.58221102
 12.63305592 12.70100013 13.20175441 12.70449422 12.57750893 12.54608862
 12.67009142 12.56777302 12.83974152 12.55542678 12.66236299 12.77963423
 12.87550474 12.8784615  12.78335014 12.93094723 12.61005743 13.0636037
 12.72865421 12.98916843 13.36461548 12.75277575 13.09425104 12.75229851
 12.65640337 12.61678784 12.8562776  13.03239144 12.69649183 12.89310876
 12.98655437 12.63332081 12.65197887 12.7594351  12.65847964 12.66094071
 12.77683863 12.85714035 12.57390149 12.73011654 13.18480208 12.65406302
 12.969174   12.90425464 12.77543802 12.93094723 12.84193329 13.15072241
 13.08769427 12.95338229 12.72865421 12.77823726 13.01522998 13.12116456
 12.81621052 13.01233424 12.80854548 13.11864427 12.733521   12.90753165
 12.97450111 12.62241291 12.5910143  12.58579485 12.98842235 12.92775303
 12.64989115 12.81035418 12.71787123 12.59156249 12.61571345 12.61920176
 13.21390292 12.6544535  12.57778608 12.71441839 12.77916879 12.54864205
 12.63570201 12.62241291 12.59975617 12.71983962 12.67470406 13.14830696
 12.72718987 12.90261179 12.63913333 12.66184605 12.61732468 12.81306121
 12.58551954 12.70698353 12.83357912 12.6122152  12.77590506 12.71095494
 13.07708202 12.63464431 13.27319771 12.6545836  12.86015365 12.847609
 12.57000495 12.63411503 12.61678784 12.98954124 12.8597237  12.87592767
 12.68438208 12.59648519 12.60518852 12.99843847 13.19389936 12.80854548
 12.58772028 13.06699562 12.82826675 12.76793719 12.77730501 12.63146543
 12.69949936 12.6351732  12.59593914 12.64308035 13.04118647 12.66081131
 12.80355515 13.05814521 12.79212306 12.5978491  12.57806306 13.0380314
 12.82559993 12.8784615  12.71589953 12.67802413 12.60084454 12.71787123
 13.18936683 12.80491861 12.55090767 12.70946732 12.85368503 12.58991736
 12.96993702 12.79899748 13.16148677 12.87083999 12.63939683 12.94203861
 12.98580611 12.61275397 12.63781476 12.82113958 12.61005743 12.55711743
 12.70399584 12.55373395 12.59648519 12.61866582 12.64439308 12.93571751
 12.76934759 12.67188738 12.63305592 12.62027308 13.00138334 13.27319771
 12.60789588 12.71737864 13.03732867 12.55542678 12.93014979 12.91283224
 12.74703495 12.6989987  12.62294736 12.59757642 12.56944725 12.8597237
 12.83886363 12.83842421 12.6924694  12.55627228 13.10975256 12.70598849
 12.63305592 12.72962927 12.800823   12.64649058 13.03943529 12.77963423
 13.23750102 12.60247523 12.55768044 12.61329267 12.66623368 12.90507498
 12.91971805 12.85886333 12.55936803 12.55090767 12.58964283 12.76416679
 12.80582655 12.95454747 12.78635965 12.61005743 12.58717042 12.60138829
 12.94361182 12.97146112 12.63675877 12.67955318 12.77590506 12.64150303
 12.63623059 12.9498774  12.61005743 12.85886333 12.70946732 13.00797134
 12.68184302 12.92294066 12.72180441 12.75468266 12.8040098  12.67623752
 12.71145031 12.77916879 12.66597605 12.6467526  12.73400663 12.74463394
 12.54466774 12.5910143  12.61866582 12.71983962 12.66339649 12.75110441
 12.5548628  12.74367198 12.7646388  12.71219307 13.12492839 12.57056225
 12.85757141 12.60897713 12.6124846  12.64727627 12.6122152  12.57612267
 12.73618879 12.55316925 12.67598217 12.77075616 12.65302149 12.73449188
 12.97525945 12.77122525 12.75420615 12.85476611 12.55993007 12.66029352
 12.65197887 12.65484362 12.61113679 12.54466774 12.82203322 12.6989987
 12.54466774 12.70100013 13.16029918 12.62508248 12.81351178 13.21608644
 12.60897713 12.81531175 12.58936845 12.66726356 12.71392437 12.56217584
 12.56497744 12.63781476 12.58110627 12.62668143 12.69498507 12.90425464
 13.36502856 12.86144222 12.59429973 12.79671104 12.78889944 12.6467526
 12.62907578 13.1916371  12.6488459  12.63252594 12.58717042 12.77263148
 12.83886363 12.56049188 12.62401539 12.7999106  12.73836662 13.0380314
 12.86315768 12.61436919 12.55260413 12.72229512 12.58331482 12.79625322
 13.11102959 12.83754504 12.6798078  12.70224929 12.55260413 12.64779972
 13.06019668 12.57778608 12.6003004  12.54977543 13.21608644 13.10204297
 12.66700616 12.63279086 12.77216291 13.00431775 12.57278937 12.66287986
 12.91161179 12.9767742  12.82915413 12.60843654 13.00101577 12.88769481
 12.58772028 12.69949936 12.55429842 12.76840745 12.686156   12.55655402
 12.65873906 13.19050295 12.78889944 12.5888193  12.65406302 12.63305592
 12.57944717 12.73739916 12.92775303 12.62934143 12.97828608 12.74511459
 12.64989115 12.68082595 13.01739513 12.71392437 12.57778608 12.71342998
 12.5744571  12.69649183 12.7948783  12.68691542 12.73643096 12.60735482
 12.95299355 12.71540604 12.66262151 12.68691542 12.60681368 13.26019677
 12.58276304 13.02170831 12.8401803  12.57889372 12.57390149 12.66571824
 12.59046603 12.81845398 12.70100013 12.99511302 12.72131348 12.85281935
 12.76793719 12.59757642 12.65145729 12.83930268 12.60356139 12.63992377
 12.6467526  12.68691542 12.98543162 12.81755721 12.54637254 12.82203322
 12.63358551 12.71737864 12.72767826 12.70698353 12.57723191 12.72914178
 12.71836374 12.58441766 12.83534368 12.58110627 12.66957778 12.59866669
 12.6879273  12.66391274 12.56105344 12.59921155 12.81576125 12.60383268
 12.78936059 12.6488459  12.81576125 13.17557491 12.65614346 12.67163094
 12.93014979 12.61005743 12.60843654 12.66029352 12.59839423 12.69999979
 12.58496872 12.59975617 12.67470406 12.74198668 12.73643096 12.81215973
 12.57723191 12.60084454 12.65484362 12.63332081 12.67827901 12.72180441
 12.67521539 12.56105344 12.60383268 12.78659087 12.59046603 12.69473373
 13.10719177 12.61463811 12.77450328 12.63939683 12.8040098  12.67725873
 12.55316925 12.69999979 12.67521539 12.61356183 12.66339649 12.61275397
 12.65718237 12.71342998 12.70199955 13.05540153 12.8562776  12.64465557
 12.68590277 12.64832292 12.60193196 12.8510856  12.72816627 13.03662517
 12.69799654 12.72082247 12.82113958 12.75563486 12.59757642 13.02314088
 12.66339649 12.77683863 12.68082595 12.58331482 13.18936683 12.61920176
 12.6919657  12.71045919 12.70150003 13.14100902 12.64255481 12.84061887
 12.58110627 13.06969844 12.68235129 12.64570455 12.56777302 12.57334547
 12.81035418 12.64308035 12.846738   12.54523625 12.55993007 12.70499254
 12.6879273  12.67163094 12.77450328 12.58826991 12.64989115 12.80491861
 12.68893827 12.70996337 12.74943055 12.7948783  12.65510379 12.93413021
 12.55147335 12.68031699 12.70349707 12.58110627 12.55429842 13.04153619
 12.67674832 12.77730501 12.6853961  12.70847439 12.74126363 13.00942813
 12.58331482 12.61651939 12.70224929 12.56385746 12.65510379 12.69649183
 12.77637203 12.73497691 12.66391274 12.6729125  13.02314088 12.79579503
 12.68590277 12.969174   12.69146163 12.58662047 12.73254937 12.67674832
 12.81035418 12.93254012 12.81306121 12.67163094 12.57778608 12.81934989
 12.89683884 12.80310028 12.73060343 12.702499   12.58551954 13.24481859
 12.59593914 12.58936845 12.70897089 12.71441839 12.97904106 12.70449422
 12.69473373 12.59539286 12.59975617 12.70946732 12.64989115 12.89269345
 12.85757141 12.70474347 12.64150303 13.15910951 13.08901027 12.65666311
 12.63464431 13.24585656 12.61490701 12.67827901 12.58055353 12.83446183
 12.60084454 12.6467526  12.66184605 12.70199955 12.56329727 12.96841033
 12.57556778 13.19952004 12.64150303 12.95919297 12.81125739 12.65718237
 12.65510379 12.69799654 12.59539286 12.58000039 13.07171926 12.67111799
 12.95454747 12.65744205 12.58991736 12.56385746 12.59539286 12.76416679
 13.05126762 12.72131348 12.63781476 12.66906392 12.72278561 12.58276304
 12.87168981 12.79120316 12.75372957 13.12742647 12.78102922 12.60410395
 12.68438208 13.26120751 12.58000039 12.66081131 12.67060482 12.58551954
 12.6592574  12.57000495 12.56777302 12.85195282 12.68184302 12.6798078
 12.81890212 12.67163094 12.69146163 12.75563486 12.56665545 12.89103016
 12.67470406 13.08373228 12.60356139 12.5888193  12.70822604 12.98879556
 12.70996337 12.58331482 12.65614346 12.5910143  13.12053536 12.71885588
 12.62454897 12.68031699 12.93571751 13.21061318 12.77075616 12.65770155
 12.5744571  12.66184605 12.67470406 12.8012788  12.62348141 12.80763998
 12.70996337 12.69699363 12.76038317 12.68564952 12.69874826 13.06631848
 12.5910143  12.72523451 12.66184605 12.80173453 12.93809319 12.66236299
 12.92374439 12.81306121 12.70299807 12.59211045 13.15910951 12.58662047
 12.79671104 12.95609864 13.21934721 12.93888357 12.88685905 12.81306121
 12.7575366  13.08769427 12.69598981 12.68285933 12.88936399 12.78936059
 12.88936399 12.83225376 13.02242491 12.67776906 12.67623752 12.97450111
 12.58662047 12.78195812 12.71491233 12.58441766 12.87168981 13.01015571
 12.84193329 12.7651106  12.90957406 12.71540604 12.93651002 12.91486281
 12.68742155 12.8784615  12.85195282 12.80582655 12.90014209 12.8960113
 12.55373395 12.58551954 12.74029885 12.91688901 12.8801469  12.82203322
 12.94675016 12.72278561 12.6879273  12.89559714 12.82203322 12.85886333
 12.70996337 12.91688901 12.58441766 12.71983962 13.27909783 12.87508159
 12.79854059 12.88434752 12.84412005 12.85800226 12.88056784 12.58662047
 12.87253879 12.88266956 12.88392831 12.91120457 12.93254012 12.61167603
 12.83092648 13.22688859 12.59539286 12.96841033 12.57000495 12.87719538
 13.04988487 12.98954124 12.97525945 12.98730212 13.01305916 12.61598212
 12.8562776  12.81576125 12.71095494 12.83534368 13.04293388 12.85886333
 12.893524   12.60410395] 998
bidsort lists= 998 998
 998
SNAP 46
EPS 0.003131729897786105
galrad= 0.01
!!! agesel
Found 514 stars.
Rotated pos.
Rotated vel.
Calculating circularities
dty= [12.49453671 12.5901917  12.5978491  ... 12.55542678 12.54637254
 12.53496499] 1360
glb= [12.49453671 12.5901917  12.5978491  ... 12.55542678 12.54637254
 12.53496499] 1360
bidsort lists= 1360 1360
 1360
SNAP 47
EPS 0.04379599715711947
galrad= 0.01
!!! agesel
Found 542 stars.
Rotated pos.
Rotated vel.
Calculating circularities
dty= [12.49453671 12.40486053 12.46829776 ... 12.77916879 13.01739513
 12.43878314] 1824
glb= [12.49453671 12.40486053 12.46829776 ... 12.77916879 13.01739513
 12.43878314] 1824
bidsort lists= 1824 1824
 1824
SNAP 48
EPS 0.016143213048938548
galrad= 0.01
!!! agesel
Found 705 stars.
Rotated pos.
Rotated vel.
Calculating circularities
dty= [12.40486053 12.49453671 12.46105338 ... 12.27355691 12.32093695
 12.3155951 ] 2279
glb= [12.40486053 12.49453671 12.46105338 ... 12.27355691 12.32093695
 12.3155951 ] 2279
bidsort lists= 2279 2279
 2279
SNAP 49
EPS 0.008764581293816931
galrad= 0.01
!!! agesel
Found 972 stars.
Rotated pos.
Rotated vel.
Calculating circularities
dty= [12.91405114 12.58414194 12.27973002 ... 12.15228686 12.67163094
 12.1493241 ] 2951
glb= [12.91405114 12.58414194 12.27973002 ... 12.15228686 12.67163094
 12.1493241 ] 2951
bidsort lists= 2951 2951
 2951
SNAP 50
EPS -0.022733841460742015
galrad= 0.01
!!! agesel
Found 1001 stars.
Rotated pos.
Rotated vel.
Calculating circularities
dty= [12.21011704 12.12975157 12.16040844 ... 12.74174568 12.40391541
 12.41271268] 3805
glb= [12.21011704 12.12975157 12.16040844 ... 12.74174568 12.40391541
 12.41271268] 3805
bidsort lists= 3805 3805
 3805
SNAP 51
EPS -0.015411613879585534
galrad= 0.01
!!! agesel
Found 716 stars.
Rotated pos.
Rotated vel.
Calculating circularities
dty= [12.4080065  12.12091795 12.90343363 ... 12.88350888 11.89652355
 11.93026972] 4425
glb= [12.4080065  12.12091795 12.90343363 ... 12.88350888 11.89652355
 11.93026972] 4425
bidsort lists= 4425 4425
 4425
SNAP 52
EPS -0.025591809237088724
galrad= 0.01
!!! agesel
Found 758 stars.
Rotated pos.
Rotated vel.
Calculating circularities
dty= [11.93986405 12.11714528 12.12091795 ... 12.33156497 11.77732899
 11.79708745] 5296
glb= [11.93986405 12.11714528 12.12091795 ... 12.33156497 11.77732899
 11.79708745] 5296
bidsort lists= 5296 5296
 5296
SNAP 53
EPS 0.019346660553866482
galrad= 0.01
!!! agesel
Found 352 stars.
Rotated pos.
Rotated vel.
Calculating circularities
dty= [12.01092166 12.42207866 12.03599613 ... 11.69827188 13.00064815
 12.44858925] 1049
glb= [12.01092166 12.42207866 12.03599613 ... 11.69827188 13.00064815
 12.44858925] 1049
bidsort lists= 1049 1049
 1049
SNAP 54
EPS 0.003635084368668825
galrad= 0.01
!!! agesel
Found 546 stars.
Rotated pos.
Rotated vel.
Calculating circularities
dty= [12.8993174  12.22612395 11.72433312 ... 11.50069811 12.17580538
 12.14784068] 1371
glb= [12.8993174  12.22612395 11.72433312 ... 11.50069811 12.17580538
 12.14784068] 1371
bidsort lists= 1371 1371
 1371
SNAP 55
EPS 0.06644256961365082
galrad= 0.01
!!! agesel
Found 399 stars.
Rotated pos.
Rotated vel.
Calculating circularities
dty= [12.27080547 11.71506148 12.95532345 ... 11.50273937 12.99028629
 13.02742355] 1995
glb= [12.27080547 11.71506148 12.95532345 ... 11.50273937 12.99028629
 13.02742355] 1995
bidsort lists= 1995 1995
 1995
SNAP 56
EPS 0.11763926033926751
galrad= 0.01
!!! agesel
Found 988 stars.
Rotated pos.
Rotated vel.
Calculating circularities
dty= [11.46832153 12.06618124 12.95532345 ... 11.19367204 11.26748369
 11.74092177] 3231
glb= [11.46832153 12.06618124 12.95532345 ... 11.19367204 11.26748369
 11.74092177] 3231
bidsort lists= 3231 3231
 3231
SNAP 57
EPS 0.0414534291648829
galrad= 0.01
!!! agesel
Found 1646 stars.
Rotated pos.
Rotated vel.
Calculating circularities
dty= [12.06618124 11.10208764 11.10595197 ... 11.46573331 11.47090695
 11.59868527] 4469
glb= [12.06618124 11.10208764 11.10595197 ... 11.46573331 11.47090695
 11.59868527] 4469
bidsort lists= 4469 4469
 4469
SNAP 58
EPS 0.014359565549871988
galrad= 0.01
!!! agesel
Found 906 stars.
Rotated pos.
Rotated vel.
Calculating circularities
dty= [12.57889372 12.95532345 11.05409414 ... 11.60455198 11.54520018
 10.86324001] 5601
glb= [12.57889372 12.95532345 11.05409414 ... 11.60455198 11.54520018
 10.86324001] 5601
bidsort lists= 5601 5601
 5601
SNAP 59
EPS 0.0028225374677277805
galrad= 0.01
!!! agesel
Found 257 stars.
Rotated pos.
Rotated vel.
Calculating circularities
dty= [12.53725463 12.42332282 10.74496909 ... 12.77730501 11.7655654
 12.97450111] 2696
glb= [12.53725463 12.42332282 10.74496909 ... 12.77730501 11.7655654
 12.97450111] 2696
bidsort lists= 2696 2696
 2696
SNAP 60
EPS 0.08349124140212973
galrad= 0.01
!!! agesel
Found 2187 stars.
Rotated pos.
Rotated vel.
Calculating circularities
dty= [12.42890799 12.32559593 11.24159744 ... 12.22187085 10.99203144
 11.4672865 ] 5260
glb= [12.42890799 12.32559593 11.24159744 ... 12.22187085 10.99203144
 11.4672865 ] 5260
bidsort lists= 5260 5260
 5260
SNAP 61
EPS 0.0799921635166065
galrad= 0.01
!!! agesel
Found 2562 stars.
Rotated pos.
Rotated vel.
Calculating circularities
dty= [10.65573553 10.85290497 11.96918256 ... 10.6807474  12.75182105
 10.91820362] 7221
glb= [10.65573553 10.85290497 11.96918256 ... 10.6807474  12.75182105
 10.91820362] 7221
bidsort lists= 7221 7221
 7221
SNAP 62
EPS -0.031842722742536966
galrad= 0.01
!!! agesel
Found 3257 stars.
Rotated pos.
Rotated vel.
Calculating circularities
dty= [10.87867773 10.23908975 11.60650434 ... 10.96970047 11.21431563
 11.07489003] 17520
glb= [10.87867773 10.23908975 11.60650434 ... 10.96970047 11.21431563
 11.07489003] 17520
bidsort lists= 17520 17520
 17520
SNAP 63
EPS -0.03408407014044036
galrad= 0.01
!!! agesel
Found 3708 stars.
Rotated pos.
Rotated vel.
Calculating circularities
dty= [10.59412849 13.18651763 10.57005138 ... 11.63751415 10.98088699
 11.62012333] 21906
glb= [10.59412849 13.18651763 10.57005138 ... 11.63751415 10.98088699
 11.62012333] 21906
bidsort lists= 21906 21906
 21906
SNAP 64
EPS 0.04019410340888708
galrad= 0.01
!!! agesel
Found 2464 stars.
Rotated pos.
Rotated vel.
Calculating circularities
dty= [10.60549292 11.82901805 10.62602728 ... 10.00541872 11.04652189
 13.46301849] 26087
glb= [10.60549292 11.82901805 10.62602728 ... 10.00541872 11.04652189
 13.46301849] 26087
bidsort lists= 26087 26087
 26087
SNAP 65
EPS -0.0769833873575604
galrad= 0.01
!!! agesel
Found 2110 stars.
Rotated pos.
Rotated vel.
Calculating circularities
dty= [ 9.82919125  9.81613665 10.20649059 ... 10.53210102 11.0676736
  9.78667323] 31349
glb= [ 9.82919125  9.81613665 10.20649059 ... 10.53210102 11.0676736
  9.78667323] 31349
bidsort lists= 31349 31349
 31349
SNAP 66
EPS 0.006740375172031694
galrad= 0.01
!!! agesel
Found 2306 stars.
Rotated pos.
Rotated vel.
Calculating circularities
dty= [10.46585957  9.91278075 10.42565998 ... 10.63330569 11.05802367
 11.99603507] 33689
glb= [10.46585957  9.91278075 10.42565998 ... 10.63330569 11.05802367
 11.99603507] 33689
bidsort lists= 33689 33689
 33689
SNAP 67
EPS 0.028439473300489168
galrad= 0.01
!!! agesel
Found 2951 stars.
Rotated pos.
Rotated vel.
Calculating circularities
dty= [10.20649059  9.50540932 11.8785721  ... 10.84253571 10.73625529
 12.21760653] 38270
glb= [10.20649059  9.50540932 11.8785721  ... 10.84253571 10.73625529
 12.21760653] 38270
bidsort lists= 38270 38270
 38270
SNAP 68
EPS 0.021427435534596334
galrad= 0.01
!!! agesel
Found 2789 stars.
Rotated pos.
Rotated vel.
Calculating circularities
dty= [ 9.88144135  9.46090317 12.6919657  ... 10.28556433 10.5668752
 10.59430376] 43328
glb= [ 9.88144135  9.46090317 12.6919657  ... 10.28556433 10.5668752
 10.59430376] 43328
bidsort lists= 43328 43328
 43328
SNAP 69
EPS 0.060099872272125175
galrad= 0.01
!!! agesel
Found 2318 stars.
Rotated pos.
Rotated vel.
Calculating circularities
dty= [ 9.17496856 11.8785721   9.49955268 ... 11.24837456 10.65676725
 12.32293546] 46858
glb= [ 9.17496856 11.8785721   9.49955268 ... 11.24837456 10.65676725
 12.32293546] 46858
bidsort lists= 46858 46858
 46858
SNAP 70
EPS 0.06265556517994013
galrad= 0.01
!!! agesel
Found 3014 stars.
Rotated pos.