loading halo 24 level 3
/eagle/projects/Auriga/Auriga/level3/Original/mergertrees/Au-24/trees_sf1_063
Hubble parameter= 0.6777
There are 2446 trees in file /eagle/projects/Auriga/Auriga/level3/Original/mergertrees/Au-24/trees_sf1_063.0.hdf5
Loading desc (Descendant) for blockname /Tree0.
Loading fnum (FileNr) for blockname /Tree0.
Loading fhfg (FirstHaloInFOFGroup) for blockname /Tree0.
Loading fpin (FirstProgenitor) for blockname /Tree0.
Loading fmc2 (Group_M_Crit200) for blockname /Tree0.
Loading fmm2 (Group_M_Mean200) for blockname /Tree0.
Loading fmt2 (Group_M_TopHat200) for blockname /Tree0.
Loading frc2 (Group_R_Crit200) for blockname /Tree0.
Loading nhfg (NextHaloInFOFGroup) for blockname /Tree0.
Loading npin (NextProgenitor) for blockname /Tree0.
Loading snum (SnapNum) for blockname /Tree0.
Loading sbhm (SubhaloBHMass) for blockname /Tree0.
Loading sbhd (SubhaloBHMdot) for blockname /Tree0.
Loading sgmt (SubhaloGasMetallicity) for blockname /Tree0.
Loading sgmf (SubhaloGasMetallicitySfr) for blockname /Tree0.
Loading sgnr (SubhaloGrNr) for blockname /Tree0.
Loading shmt (SubhaloHalfmassRadType) for blockname /Tree0.
Key SubhaloIDMostBound not found in conversion table, skipping.
Loading slen (SubhaloLen) for blockname /Tree0.
Loading slty (SubhaloLenType) for blockname /Tree0.
Loading smit (SubhaloMassInRadType) for blockname /Tree0.
Loading smty (SubhaloMassType) for blockname /Tree0.
Loading sbnr (SubhaloNumber) for blockname /Tree0.
Loading soty (SubhaloOffsetType) for blockname /Tree0.
Loading spos (SubhaloPos) for blockname /Tree0.
Loading ssfr (SubhaloSFR) for blockname /Tree0.
Loading ssfi (SubhaloSFRinRad) for blockname /Tree0.
Loading sspi (SubhaloSpin) for blockname /Tree0.
Loading ssmt (SubhaloStarMetallicity) for blockname /Tree0.
Loading ssph (SubhaloStellarPhotometrics) for blockname /Tree0.
Loading svmx (SubhaloVMax) for blockname /Tree0.
Loading svel (SubhaloVel) for blockname /Tree0.
Loading svdi (SubhaloVelDisp) for blockname /Tree0.
galrad= 0.01
!!! agesel
Found 2417 stars.
Rotated pos.
Rotated vel.
Calculating circularities
dty= [12.92284007 12.95415919 12.9215322  ... 12.98879556 12.99400164
 12.97298248] 3232
glb= [12.92284007 12.95415919 12.9215322  ... 12.98879556 12.99400164
 12.97298248] 3232
bidsort lists= 3232 3232
 3232
SNAP 20
EPS 0.17728143066327415
galrad= 0.01
!!! agesel
Found 1311 stars.
Rotated pos.
Rotated vel.
Calculating circularities
dty= [12.89890475 12.82381821 13.28348198 12.89071791 13.26523262 13.34088982
 13.09294433 12.88434752 12.83468235 12.86998934 12.87656167 12.82002143
 12.87423482 12.8469557  13.52775316 12.87930454 12.83468235 13.0857159
 12.81373697 12.96841033 13.09620676 12.88476653 12.97146112 12.85130254
 13.01811563 12.88266956 13.10333357 12.88392831 12.82604493 12.87486992
 13.16267223 13.21934721 12.99251745 13.24689273 13.38895741 13.01991388
 13.1217933  12.82648972 12.87486992 12.89497565 13.01414536 12.88182941
 12.95104726 13.18365583 12.88581335 13.01051914 12.92314169 12.99474271
 12.83622483 13.1579177  13.29595243 12.80696035 13.00724186 13.17091212
 13.11990552 12.82180998 12.85325237 12.79762617 13.1217933  13.12991576
 13.03274507 13.18936683 12.88224951 12.99251745 13.43336334 13.36708837
 13.4559438  12.87972575 13.16178336 12.81215973 13.02671134 13.2332786
 12.79579503 12.92835285 13.06564066 12.85907852 12.93054861 12.93532088
 12.95532345 12.81170867 13.04849952 13.04884611 12.87592767 13.02635501
 13.01883537 13.12367596 13.03026617 12.84215208 12.80967634 13.16148677
 13.35035141 12.84717353 12.85281935 12.80899805 13.02564193 13.00468385
 13.24792704 12.8945612  12.91830461 12.80446439 13.11102959 13.0968575
 13.64992636 12.884138   12.84171434 12.90916596 12.83578444 12.92133077
 13.0491925  12.83512335 13.16562682 12.87168981 12.95648607 13.03239144
 12.83159027 13.54546847 12.87972575 12.96688089 13.01342132 12.94203861
 13.02742355 13.39883224 13.40566939 12.87993633 13.02457094 12.86187133
 12.92895225 13.1842292  13.12242139 13.04467739 12.94282554 12.9767742
 12.82158658 13.15910951 12.8099024  13.35963014 13.01739513 12.8702021
 12.88873836 12.89849189 13.01269679 13.11357683 13.16326424 13.147096
 12.9910307  13.00614661 13.15432962 13.27713809 12.83534368 13.00175071
 13.18365583 13.17789402 12.92675261 13.0035851  12.83225376 12.84105722
 13.25613581 12.88748596 12.90957406 12.79258284 13.08240688 13.14284077
 12.94282554 12.79396071 12.87656167 13.01015571 12.97904106 12.94203861
 12.87698416 12.93313673 13.35585616 12.99880712 12.89476851 13.14405923
 12.8469557  12.79671104 12.84061887 13.01919502 12.91790039 12.80854548
 12.83490286 13.00101577 12.85368503 12.87867232 12.80173453 12.85692472
 12.92092786 12.83666516 12.85498219 12.99363089 13.12367596 12.88518548
 12.95803382 12.8763504  12.9638138  12.97488045 13.16148677 12.84891415
 12.91506573 13.52748457 13.44172783 12.87062743 12.89040562 12.81193413
 12.88476653 12.87909377 13.24117116 13.05264805 12.85778684 12.83732517
 13.2484435  12.87782865 12.82760075 12.8401803  13.12680277 12.89766571
 13.08107921 12.96688089 12.92334256 12.89663198 12.97184175 13.16503694
 12.91283224 12.83048368 13.01305916 12.8924857  12.85757141 12.84804426
 12.8012788  12.81125739 12.83004066 12.81261058 12.88685905 12.8562776
 12.82782282 13.03908456 12.82024524 13.21061318 13.05780274 12.89849189
 13.12367596 13.13978513 12.88706808 12.8040098  12.80310028 12.81261058
 12.83159027 12.90240623 12.80854548 13.00064815 13.46899891 12.95221546
 12.866793   13.04048645 12.79671104 12.84630211 12.90507498 12.88560407
 13.01414536 12.90343363 12.84149536 12.92815292 12.90425464 12.85778684
 13.04363166 12.86743311 12.84717353 12.89393904 12.83136907 12.86743311
 12.90240623 13.04502564 12.96688089 12.90916596 12.84499345 13.07841678
 13.01955462 13.00651175 12.83070509 12.91445708 12.91526849 12.86487022
 12.88119876 13.03345192 12.82180998 13.11230432 12.83710513 13.25613581
 13.06428328 12.92253842 12.96227627 12.93413021 12.89476851 13.06902366
 13.07574484 13.37442837 13.32500349 13.0179356  12.92755306 12.8763504
 12.91607908 13.01233424 12.97866374 12.98879556 13.01667413 12.9215322
 12.80310028 13.00028019 13.36688276 13.17208089 12.81351178 12.92975076
 12.89952363 12.86892517 13.32162953 12.82493215 13.01522998 12.93967343
 12.88518548 12.79762617 12.92975076 12.84717353 12.98355707 12.91161179
 13.00321855 13.00578114 12.86272906 12.95532345 12.94596667 13.26823276
 12.86977657 12.81710843 12.88998904 13.18594629 12.90404948 12.86144222
 12.92635208 12.82559993 12.83402058 12.97374212 12.86187133 13.05402602
 12.88790349 13.04502564 12.81486205 13.23115613 12.84171434 12.91729366
 12.85993868 13.15432962 12.92474822 12.80036683 12.800823   12.89911101
 12.88790349 12.93154491 12.9245476  12.87930454 12.92615172 12.96534872
 12.85541415 13.3034849  13.09945486 13.19389936 12.8960113  12.85368503
 12.83886363 12.88308925 13.03168359 13.11579823 12.88894697 12.90957406
 12.79350159 13.01160869 12.85692472 13.06087924 12.96993702 12.86230037
 12.81463709 13.34949891 12.85390133 13.37280736 12.81845398 12.83181145
 12.88182941 12.79762617 12.8676465  12.90691815 12.94203861 12.91688901
 12.80219005 12.93134579 12.92173347 13.21717529 13.17091212 12.82292614
 12.91018581 13.12680277 12.88581335 13.05471408 12.83357912 12.87296303
 12.80582655 12.80491861 12.9345273  13.28007512 12.9767742  12.85325237
 13.00541548 12.99177432 12.86572531 13.02528503 12.83952211 12.97979538
 13.00724186 12.85281935 12.82826675 12.81934989 12.79671104 12.80945026
 13.32946736 12.79533678 12.91628162 12.82024524 12.92294066 12.80310028
 12.92414617 12.92213598 12.87338722 12.87465824 12.94439743 12.91729366
 12.87972575 12.81125739 12.96035046 12.85519825 13.35289994 12.79212306
 12.82804472 12.80582655 13.16974123 12.8993174  12.84847931 12.96534872
 12.83732517 12.88685905 12.85778684 12.99991218 13.22902617 13.13610049
 12.85584606 12.98205436 12.87296303 12.99400164 13.10462194 12.87677307
 13.00285181 12.82782282 12.80763998 12.89186222 13.09359798 12.99843847
 12.91891069 12.8562776  12.87508159 12.96035046 12.95182626 13.27713809
 12.86208586 12.95493556 12.84630211 13.06292352 12.81396199 12.84237101
 12.92414617 12.893524   12.8026452  12.93571751 12.86529779 13.15072241
 12.86572531 12.82225658 12.81665958 12.82715642 12.79533678 12.95687331
 12.82113958 12.83622483 13.15672382 12.86935097 12.85021768 12.90957406
 12.89435388 12.99917572 12.95957895 12.82715642 12.85065167 12.87930454
 13.21280826 12.8597237  12.88392831 13.26673471 13.16326424 12.8434645
 13.20453628 12.82203322 12.85260281 12.99363089 12.93492419 13.04083655
 12.84978333 12.98730212 12.83798473 12.87232664 12.86529779 12.82693415
 12.83578444 12.98355707 13.06019668 12.87402295 12.83048368 12.81845398
 12.82359526 12.96726348 12.86144222 12.93094723 13.03380512 12.9843074
 12.80673362 13.00175071 12.97904106 12.85368503 12.97828608 13.12116456
 12.83974152 12.84105722 12.88790349 12.81080589 13.01233424 12.85714035
 12.80446439 12.96993702 12.90834914 12.83490286 12.949487   13.01450709
 13.1882287  12.91729366 12.96304543 12.80310028 12.99400164 12.86272906
 13.26221647 13.07239168 12.86144222 12.87126493 12.83930268 12.8993174
 12.9756384  13.147096   12.95415919 12.81934989 12.81306121 12.82470942
 12.94085678 13.09359798 12.80854548 12.87930454 12.87719538 12.88140909
 12.84280851 12.9703183  12.88894697 12.99917572 12.85670908 12.83974152
 13.02099095 12.87972575 13.02457094 12.85281935 13.39997935 12.82804472
 13.47973713 12.81261058 12.84280851 12.9498774  12.83842421 13.22688859
 12.8704147  13.17557491 12.88811231 12.82113958 12.80491861 12.79762617
 12.83004066 12.87253879 12.8763504  12.80537261 12.84368303 12.99991218
 12.85886333 12.83004066 13.0380314  12.96841033 12.82113958 12.83269571
 12.82381821 12.86187133 12.82693415 12.8012788  12.82782282 12.94400479
 12.84869674 12.83424129 12.89539004 12.83710513 12.92394536 12.84717353
 12.86700644 12.80899805 12.8993174  13.14830696 12.89580423 12.84934892
 13.08373228 12.98393226 13.21554129 12.98092569 12.82113958 12.83490286
 12.85541415 12.87888312 12.96573195 12.90630423 12.89269345 13.1255537
 12.82871047 13.31777844 12.90384416 12.80582655 12.82559993 12.89890475
 13.06156132 12.88894697 13.12867218 12.8763504  13.23855194 12.97260243
 13.19502746 12.87930454 12.86272906 12.89972985 12.89310876 12.90712267
 13.07440538 12.94753299 12.83886363 12.83402058 12.83092648 12.81080589
 13.19559079 13.09229008 13.24585656 12.84542983 12.88623185 12.88434752
 12.96304543 12.95803382 13.09945486 13.01955462 12.82782282 12.8597237
 12.88497601 13.18936683 12.87803967 12.85455001 12.86615246 12.88434752
 13.01955462 12.81306121 12.95299355 12.82981905 13.51007401 12.85735582
 12.8860226  13.18993517 13.00797134 12.82915413 12.97790837 13.03380512
 12.8026452  12.81890212 12.82693415 12.98280611 12.80491861 12.88936399
 12.95764718 12.82559993 12.90548484 12.99437234 12.9009661  12.9767742
 13.42120449 12.94753299 12.80945026 12.90220064 12.81934989 12.82782282
 12.89476851 12.84324595 12.90261179 12.95299355 12.85411762 12.81261058
 12.82292614 12.81170867 13.19615362 12.86272906 12.83578444 13.14100902
 12.89476851 12.8763504  12.84368303 12.91242563 13.25358304 12.7948783
 12.89393904 12.96993702 12.91161179 12.99251745 12.92695278 13.25101897
 12.82381821 12.85584606 12.83136907 12.94675016 13.16798102 12.83181145
 12.84542983 13.30860183 12.92414617 13.14830696 13.36046476 13.25409453
 12.88539478 13.42301567 12.81215973 12.83446183 12.90014209 12.83004066
 12.8584329  13.16621614 13.20175441 12.94909654 12.86657955 12.91891069
 12.83710513 12.98205436 13.01305916 12.90875765 12.89972985 13.29452817
 13.20730582 13.16267223 12.87296303 12.8993174  12.81441212 12.81665958
 12.8704147  12.85281935 13.21444957 13.09783262 12.9910307  12.89061382
 12.94753299 13.16029918 12.91971805 13.06699562 12.9767742  12.83446183
 13.26221647 12.92975076 12.84542983 13.06428328 12.8401803  12.90998196
 12.90916596 12.81080589 12.91262901 13.451936   13.2279583  13.30628216
 13.03168359 13.3848259  13.35459149 12.96150646 12.98804909 13.07507544
 12.83092648 12.88978081 12.94753299 12.88203954 13.20063823 13.08306984
 12.85065167 12.87147745 13.01955462 13.0202731  12.95143686 13.12492839
 12.89911101 12.969174   12.90178928 12.88392831 12.96993702 12.93174415
 13.05057648 13.01414536 13.14345029 12.97069939 13.19502746 12.90834914
 13.08901027 12.95609864 12.89186222 12.83181145 13.15312937 13.17673549
 12.97146112 13.07440538 13.0345111  13.07037268 12.83357912 12.95221546
 13.17789402 12.82604493 12.92975076 13.14223074 12.97904106 12.85195282
 12.84324595 13.03592106 13.15492893 13.04013616 12.83048368 13.15192696
 12.84061887 13.04363166 13.08769427 12.97260243 13.02955645 12.83446183
 13.04223534 13.25715372 12.83181145 13.04013616 12.86743311 12.83710513
 12.85325237 12.82470942 12.83886363 13.27566376] 862
glb= [12.89890475 12.82381821 13.28348198 12.89071791 13.26523262 13.34088982
 13.09294433 12.88434752 12.83468235 12.86998934 12.87656167 12.82002143
 12.87423482 12.8469557  13.52775316 12.87930454 12.83468235 13.0857159
 12.81373697 12.96841033 13.09620676 12.88476653 12.97146112 12.85130254
 13.01811563 12.88266956 13.10333357 12.88392831 12.82604493 12.87486992
 13.16267223 13.21934721 12.99251745 13.24689273 13.38895741 13.01991388
 13.1217933  12.82648972 12.87486992 12.89497565 13.01414536 12.88182941
 12.95104726 13.18365583 12.88581335 13.01051914 12.92314169 12.99474271
 12.83622483 13.1579177  13.29595243 12.80696035 13.00724186 13.17091212
 13.11990552 12.82180998 12.85325237 12.79762617 13.1217933  13.12991576
 13.03274507 13.18936683 12.88224951 12.99251745 13.43336334 13.36708837
 13.4559438  12.87972575 13.16178336 12.81215973 13.02671134 13.2332786
 12.79579503 12.92835285 13.06564066 12.85907852 12.93054861 12.93532088
 12.95532345 12.81170867 13.04849952 13.04884611 12.87592767 13.02635501
 13.01883537 13.12367596 13.03026617 12.84215208 12.80967634 13.16148677
 13.35035141 12.84717353 12.85281935 12.80899805 13.02564193 13.00468385
 13.24792704 12.8945612  12.91830461 12.80446439 13.11102959 13.0968575
 13.64992636 12.884138   12.84171434 12.90916596 12.83578444 12.92133077
 13.0491925  12.83512335 13.16562682 12.87168981 12.95648607 13.03239144
 12.83159027 13.54546847 12.87972575 12.96688089 13.01342132 12.94203861
 13.02742355 13.39883224 13.40566939 12.87993633 13.02457094 12.86187133
 12.92895225 13.1842292  13.12242139 13.04467739 12.94282554 12.9767742
 12.82158658 13.15910951 12.8099024  13.35963014 13.01739513 12.8702021
 12.88873836 12.89849189 13.01269679 13.11357683 13.16326424 13.147096
 12.9910307  13.00614661 13.15432962 13.27713809 12.83534368 13.00175071
 13.18365583 13.17789402 12.92675261 13.0035851  12.83225376 12.84105722
 13.25613581 12.88748596 12.90957406 12.79258284 13.08240688 13.14284077
 12.94282554 12.79396071 12.87656167 13.01015571 12.97904106 12.94203861
 12.87698416 12.93313673 13.35585616 12.99880712 12.89476851 13.14405923
 12.8469557  12.79671104 12.84061887 13.01919502 12.91790039 12.80854548
 12.83490286 13.00101577 12.85368503 12.87867232 12.80173453 12.85692472
 12.92092786 12.83666516 12.85498219 12.99363089 13.12367596 12.88518548
 12.95803382 12.8763504  12.9638138  12.97488045 13.16148677 12.84891415
 12.91506573 13.52748457 13.44172783 12.87062743 12.89040562 12.81193413
 12.88476653 12.87909377 13.24117116 13.05264805 12.85778684 12.83732517
 13.2484435  12.87782865 12.82760075 12.8401803  13.12680277 12.89766571
 13.08107921 12.96688089 12.92334256 12.89663198 12.97184175 13.16503694
 12.91283224 12.83048368 13.01305916 12.8924857  12.85757141 12.84804426
 12.8012788  12.81125739 12.83004066 12.81261058 12.88685905 12.8562776
 12.82782282 13.03908456 12.82024524 13.21061318 13.05780274 12.89849189
 13.12367596 13.13978513 12.88706808 12.8040098  12.80310028 12.81261058
 12.83159027 12.90240623 12.80854548 13.00064815 13.46899891 12.95221546
 12.866793   13.04048645 12.79671104 12.84630211 12.90507498 12.88560407
 13.01414536 12.90343363 12.84149536 12.92815292 12.90425464 12.85778684
 13.04363166 12.86743311 12.84717353 12.89393904 12.83136907 12.86743311
 12.90240623 13.04502564 12.96688089 12.90916596 12.84499345 13.07841678
 13.01955462 13.00651175 12.83070509 12.91445708 12.91526849 12.86487022
 12.88119876 13.03345192 12.82180998 13.11230432 12.83710513 13.25613581
 13.06428328 12.92253842 12.96227627 12.93413021 12.89476851 13.06902366
 13.07574484 13.37442837 13.32500349 13.0179356  12.92755306 12.8763504
 12.91607908 13.01233424 12.97866374 12.98879556 13.01667413 12.9215322
 12.80310028 13.00028019 13.36688276 13.17208089 12.81351178 12.92975076
 12.89952363 12.86892517 13.32162953 12.82493215 13.01522998 12.93967343
 12.88518548 12.79762617 12.92975076 12.84717353 12.98355707 12.91161179
 13.00321855 13.00578114 12.86272906 12.95532345 12.94596667 13.26823276
 12.86977657 12.81710843 12.88998904 13.18594629 12.90404948 12.86144222
 12.92635208 12.82559993 12.83402058 12.97374212 12.86187133 13.05402602
 12.88790349 13.04502564 12.81486205 13.23115613 12.84171434 12.91729366
 12.85993868 13.15432962 12.92474822 12.80036683 12.800823   12.89911101
 12.88790349 12.93154491 12.9245476  12.87930454 12.92615172 12.96534872
 12.85541415 13.3034849  13.09945486 13.19389936 12.8960113  12.85368503
 12.83886363 12.88308925 13.03168359 13.11579823 12.88894697 12.90957406
 12.79350159 13.01160869 12.85692472 13.06087924 12.96993702 12.86230037
 12.81463709 13.34949891 12.85390133 13.37280736 12.81845398 12.83181145
 12.88182941 12.79762617 12.8676465  12.90691815 12.94203861 12.91688901
 12.80219005 12.93134579 12.92173347 13.21717529 13.17091212 12.82292614
 12.91018581 13.12680277 12.88581335 13.05471408 12.83357912 12.87296303
 12.80582655 12.80491861 12.9345273  13.28007512 12.9767742  12.85325237
 13.00541548 12.99177432 12.86572531 13.02528503 12.83952211 12.97979538
 13.00724186 12.85281935 12.82826675 12.81934989 12.79671104 12.80945026
 13.32946736 12.79533678 12.91628162 12.82024524 12.92294066 12.80310028
 12.92414617 12.92213598 12.87338722 12.87465824 12.94439743 12.91729366
 12.87972575 12.81125739 12.96035046 12.85519825 13.35289994 12.79212306
 12.82804472 12.80582655 13.16974123 12.8993174  12.84847931 12.96534872
 12.83732517 12.88685905 12.85778684 12.99991218 13.22902617 13.13610049
 12.85584606 12.98205436 12.87296303 12.99400164 13.10462194 12.87677307
 13.00285181 12.82782282 12.80763998 12.89186222 13.09359798 12.99843847
 12.91891069 12.8562776  12.87508159 12.96035046 12.95182626 13.27713809
 12.86208586 12.95493556 12.84630211 13.06292352 12.81396199 12.84237101
 12.92414617 12.893524   12.8026452  12.93571751 12.86529779 13.15072241
 12.86572531 12.82225658 12.81665958 12.82715642 12.79533678 12.95687331
 12.82113958 12.83622483 13.15672382 12.86935097 12.85021768 12.90957406
 12.89435388 12.99917572 12.95957895 12.82715642 12.85065167 12.87930454
 13.21280826 12.8597237  12.88392831 13.26673471 13.16326424 12.8434645
 13.20453628 12.82203322 12.85260281 12.99363089 12.93492419 13.04083655
 12.84978333 12.98730212 12.83798473 12.87232664 12.86529779 12.82693415
 12.83578444 12.98355707 13.06019668 12.87402295 12.83048368 12.81845398
 12.82359526 12.96726348 12.86144222 12.93094723 13.03380512 12.9843074
 12.80673362 13.00175071 12.97904106 12.85368503 12.97828608 13.12116456
 12.83974152 12.84105722 12.88790349 12.81080589 13.01233424 12.85714035
 12.80446439 12.96993702 12.90834914 12.83490286 12.949487   13.01450709
 13.1882287  12.91729366 12.96304543 12.80310028 12.99400164 12.86272906
 13.26221647 13.07239168 12.86144222 12.87126493 12.83930268 12.8993174
 12.9756384  13.147096   12.95415919 12.81934989 12.81306121 12.82470942
 12.94085678 13.09359798 12.80854548 12.87930454 12.87719538 12.88140909
 12.84280851 12.9703183  12.88894697 12.99917572 12.85670908 12.83974152
 13.02099095 12.87972575 13.02457094 12.85281935 13.39997935 12.82804472
 13.47973713 12.81261058 12.84280851 12.9498774  12.83842421 13.22688859
 12.8704147  13.17557491 12.88811231 12.82113958 12.80491861 12.79762617
 12.83004066 12.87253879 12.8763504  12.80537261 12.84368303 12.99991218
 12.85886333 12.83004066 13.0380314  12.96841033 12.82113958 12.83269571
 12.82381821 12.86187133 12.82693415 12.8012788  12.82782282 12.94400479
 12.84869674 12.83424129 12.89539004 12.83710513 12.92394536 12.84717353
 12.86700644 12.80899805 12.8993174  13.14830696 12.89580423 12.84934892
 13.08373228 12.98393226 13.21554129 12.98092569 12.82113958 12.83490286
 12.85541415 12.87888312 12.96573195 12.90630423 12.89269345 13.1255537
 12.82871047 13.31777844 12.90384416 12.80582655 12.82559993 12.89890475
 13.06156132 12.88894697 13.12867218 12.8763504  13.23855194 12.97260243
 13.19502746 12.87930454 12.86272906 12.89972985 12.89310876 12.90712267
 13.07440538 12.94753299 12.83886363 12.83402058 12.83092648 12.81080589
 13.19559079 13.09229008 13.24585656 12.84542983 12.88623185 12.88434752
 12.96304543 12.95803382 13.09945486 13.01955462 12.82782282 12.8597237
 12.88497601 13.18936683 12.87803967 12.85455001 12.86615246 12.88434752
 13.01955462 12.81306121 12.95299355 12.82981905 13.51007401 12.85735582
 12.8860226  13.18993517 13.00797134 12.82915413 12.97790837 13.03380512
 12.8026452  12.81890212 12.82693415 12.98280611 12.80491861 12.88936399
 12.95764718 12.82559993 12.90548484 12.99437234 12.9009661  12.9767742
 13.42120449 12.94753299 12.80945026 12.90220064 12.81934989 12.82782282
 12.89476851 12.84324595 12.90261179 12.95299355 12.85411762 12.81261058
 12.82292614 12.81170867 13.19615362 12.86272906 12.83578444 13.14100902
 12.89476851 12.8763504  12.84368303 12.91242563 13.25358304 12.7948783
 12.89393904 12.96993702 12.91161179 12.99251745 12.92695278 13.25101897
 12.82381821 12.85584606 12.83136907 12.94675016 13.16798102 12.83181145
 12.84542983 13.30860183 12.92414617 13.14830696 13.36046476 13.25409453
 12.88539478 13.42301567 12.81215973 12.83446183 12.90014209 12.83004066
 12.8584329  13.16621614 13.20175441 12.94909654 12.86657955 12.91891069
 12.83710513 12.98205436 13.01305916 12.90875765 12.89972985 13.29452817
 13.20730582 13.16267223 12.87296303 12.8993174  12.81441212 12.81665958
 12.8704147  12.85281935 13.21444957 13.09783262 12.9910307  12.89061382
 12.94753299 13.16029918 12.91971805 13.06699562 12.9767742  12.83446183
 13.26221647 12.92975076 12.84542983 13.06428328 12.8401803  12.90998196
 12.90916596 12.81080589 12.91262901 13.451936   13.2279583  13.30628216
 13.03168359 13.3848259  13.35459149 12.96150646 12.98804909 13.07507544
 12.83092648 12.88978081 12.94753299 12.88203954 13.20063823 13.08306984
 12.85065167 12.87147745 13.01955462 13.0202731  12.95143686 13.12492839
 12.89911101 12.969174   12.90178928 12.88392831 12.96993702 12.93174415
 13.05057648 13.01414536 13.14345029 12.97069939 13.19502746 12.90834914
 13.08901027 12.95609864 12.89186222 12.83181145 13.15312937 13.17673549
 12.97146112 13.07440538 13.0345111  13.07037268 12.83357912 12.95221546
 13.17789402 12.82604493 12.92975076 13.14223074 12.97904106 12.85195282
 12.84324595 13.03592106 13.15492893 13.04013616 12.83048368 13.15192696
 12.84061887 13.04363166 13.08769427 12.97260243 13.02955645 12.83446183
 13.04223534 13.25715372 12.83181145 13.04013616 12.86743311 12.83710513
 12.85325237 12.82470942 12.83886363 13.27566376] 862
bidsort lists= 862 862
 862
SNAP 21
EPS -0.01149557410698925
galrad= 0.01
!!! agesel
Found 6539 stars.
Rotated pos.
Rotated vel.
Calculating circularities
dty= [13.59008243 12.63642861 12.90343363 ... 13.12836097 13.0035851
 12.92133077] 9426
glb= [13.59008243 12.63642861 12.90343363 ... 13.12836097 13.0035851
 12.92133077] 9426
bidsort lists= 9426 9426
 9426
SNAP 22
EPS 0.21329713951287949
galrad= 0.01
!!! agesel
Found 6773 stars.
Rotated pos.
Rotated vel.
Calculating circularities
dty= [13.18092531 13.03433463 13.08323549 ... 13.3615059  13.06767222
 12.98991387] 15916
glb= [13.18092531 13.03433463 13.08323549 ... 13.3615059  13.06767222
 12.98991387] 15916
bidsort lists= 15916 15916
 15916
SNAP 23
EPS -0.0014319340576316305
galrad= 0.01
!!! agesel
Found 10678 stars.
Rotated pos.
Rotated vel.
Calculating circularities
dty= [12.37928336 12.30880742 12.4602966  ... 13.21171168 13.27418541
 13.33212675] 31904
glb= [12.37928336 12.30880742 12.4602966  ... 13.21171168 13.27418541
 13.33212675] 31904
bidsort lists= 31904 31904
 31904
SNAP 24
EPS 0.0028364725395019367
galrad= 0.01
!!! agesel
Found 12054 stars.
Rotated pos.
Rotated vel.
Calculating circularities
dty= [12.41802762 12.40091851 12.27218181 ... 12.09663037 12.09203885
 12.52230069] 56297
glb= [12.41802762 12.40091851 12.27218181 ... 12.09663037 12.09203885
 12.52230069] 56297
bidsort lists= 56297 56297
 56297
SNAP 25
EPS 0.059184030836859816
galrad= 0.01
!!! agesel
Found 63028 stars.
Rotated pos.
Rotated vel.
Calculating circularities
dty= [12.48832112 11.94360551 12.39442989 ... 11.85872311 11.79261321
 11.79306107] 133694
glb= [12.48832112 11.94360551 12.39442989 ... 11.85872311 11.79261321
 11.79306107] 133694
bidsort lists= 133694 133694
 133694
SNAP 26
EPS 0.05496481116692739
galrad= 0.01
!!! agesel
Found 41813 stars.
Rotated pos.
Rotated vel.
Calculating circularities
dty= [11.64088004 11.61289845 11.60869868 ... 12.26390586 12.22753912
 11.59868527] 289957
glb= [11.64088004 11.61289845 11.60869868 ... 12.26390586 12.22753912
 11.59868527] 289957
bidsort lists= 289957 289957
 289957
SNAP 27
EPS 0.025187341876337546
galrad= 0.01
!!! agesel
Found 40386 stars.
Rotated pos.
Rotated vel.
Calculating circularities
dty= [11.62847326 12.01142253 11.939448   ... 11.65858788 11.46054847
 13.22339889] 419468
glb= [11.62847326 12.01142253 11.939448   ... 11.65858788 11.46054847
 13.22339889] 419468
bidsort lists= 419468 419468
 419468
SNAP 28
EPS 0.09001178104166122
galrad= 0.01
!!! agesel
Found 53842 stars.
Rotated pos.
Rotated vel.
Calculating circularities
dty= [11.33574943 11.32803185 11.65924347 ... 10.8793193  13.01522998
 12.01692296] 603704
glb= [11.33574943 11.32803185 11.65924347 ... 10.8793193  13.01522998
 12.01692296] 603704
bidsort lists= 603704 603704
 603704
SNAP 29
EPS 0.07599431281092986
galrad= 0.01
!!! agesel
Found 97065 stars.
Rotated pos.
Rotated vel.
Calculating circularities
dty= [10.78876622 11.65858788 12.04860193 ... 10.59150079 10.58658975
 10.57322458] 885778
glb= [10.78876622 11.65858788 12.04860193 ... 10.59150079 10.58658975
 10.57322458] 885778
bidsort lists= 885778 885778
 885778
SNAP 30
EPS 0.1070905970947417
galrad= 0.01
!!! agesel
Found 155366 stars.
Rotated pos.
Rotated vel.
Calculating circularities
dty= [10.38263663 10.38756082 11.5783717  ... 11.94111201 12.22753912
 12.97450111] 1454617
glb= [10.38263663 10.38756082 11.5783717  ... 11.94111201 12.22753912
 12.97450111] 1454617
bidsort lists= 1454617 1454617
 1454617
SNAP 31
EPS 0.19029702149340116
galrad= 0.010583890974521637
!!! agesel
Found 265937 stars.
Rotated pos.
Rotated vel.
Calculating circularities
dty= [11.96096935 11.51475831 10.32066308 ... 11.98621334 11.47999899
 10.94461153] 2546604
glb= [11.96096935 11.51475831 10.32066308 ... 11.98621334 11.47999899
 10.94461153] 2546604
bidsort lists= 2546604 2546604
 2546604
SNAP 32
EPS 0.17182939369943678
galrad= 0.01127133071422577
!!! agesel
Found 214472 stars.
Rotated pos.
Rotated vel.
Calculating circularities
dty= [11.61584578 11.58789023 10.45453081 ... 12.48832112 11.88799547
 11.79619337] 3215441
glb= [11.61584578 11.58789023 10.45453081 ... 12.48832112 11.88799547
 11.79619337] 3215441
bidsort lists= 3215441 3215441
 3215441
SNAP 33
EPS 0.24737184421383554
galrad= 0.011791672557592392
!!! agesel
Found 224032 stars.
Rotated pos.
Rotated vel.
Calculating circularities
dty= [ 9.96401738 10.45589745 10.30187202 ... 12.64360566  9.32291446
  9.3161253 ] 4030419
glb= [ 9.96401738 10.45589745 10.30187202 ... 12.64360566  9.32291446
  9.3161253 ] 4030419
bidsort lists= 4030419 4030419
 4030419
SNAP 34
EPS 0.19604566689506142
galrad= 0.012885677814483644
!!! agesel
Found 156522 stars.
Rotated pos.
Rotated vel.
Calculating circularities
dty= [10.49188343 10.59369093 10.37977686 ...  9.02203682  9.01142591
  9.01665486] 4624090
glb= [10.49188343 10.59369093 10.37977686 ...  9.02203682  9.01142591
  9.01665486] 4624090
bidsort lists= 4624090 4624090
 4624090
SNAP 35
EPS 0.32675854815864397
galrad= 0.013640284538269043
!!! agesel
Found 196480 stars.
Rotated pos.
Rotated vel.
Calculating circularities
dty= [ 9.97685836 10.00400944  9.97351636 ...  8.71975436  8.70971404
  8.70244854] 5915621
glb= [ 9.97685836 10.00400944  9.97351636 ...  8.71975436  8.70971404
  8.70244854] 5915621
bidsort lists= 5915621 5915621
 5915621
SNAP 36
EPS 0.09195829265411472
galrad= 0.014575085043907166
!!! agesel
Found 289983 stars.
Rotated pos.
Rotated vel.
Calculating circularities
dty= [11.52027091 11.47142385 11.58062381 ... 12.31492612  8.38720201
  8.38776576] 6380569
glb= [11.52027091 11.47142385 11.58062381 ... 12.31492612  8.38720201
  8.38776576] 6380569
bidsort lists= 6380569 6380569
 6380569
SNAP 37
EPS -0.10012484856187033
galrad= 0.015190656483173371
!!! agesel
Found 123017 stars.
Rotated pos.
Rotated vel.
Calculating circularities
dty= [11.52027091  9.97956604 10.02369543 ...  8.08880796  8.08829214
  8.08733347] 7057543
glb= [11.52027091  9.97956604 10.02369543 ...  8.08880796  8.08829214
  8.08733347] 7057543
bidsort lists= 7057543 7057543
 7057543
SNAP 38
EPS 0.04906330300952817
galrad= 0.015773384273052218
!!! agesel
Found 92660 stars.
Rotated pos.
Rotated vel.
Calculating circularities
dty= [ 7.74632319  7.73969989 11.47142385 ...  7.73969989  7.73884685
  7.73884685] 7444723
glb= [ 7.74632319  7.73969989 11.47142385 ...  7.73969989  7.73884685
  7.73884685] 7444723
bidsort lists= 7444723 7444723
 7444723
SNAP 39
EPS 0.008072296212691387
galrad= 0.01615165323019028
!!! agesel
Found 104825 stars.
Rotated pos.
Rotated vel.
Calculating circularities
dty= [11.52027091 10.42108614 10.042931   ... 10.62151334 10.60898223
 12.19971816] 7805813
glb= [11.52027091 10.42108614 10.042931   ... 10.62151334 10.60898223
 12.19971816] 7805813
bidsort lists= 7805813 7805813
 7805813
SNAP 40
EPS 0.0651460810853569
galrad= 0.016693501174449923
!!! agesel
Found 93912 stars.
Rotated pos.
Rotated vel.
Calculating circularities
dty= [10.4723721  11.46041897 10.02122078 ...  9.62942012  9.45823825
  9.54073905] 8593166
glb= [10.4723721  11.46041897 10.02122078 ...  9.62942012  9.45823825
  9.54073905] 8593166
bidsort lists= 8593166 8593166
 8593166
SNAP 41
EPS 0.11678101513806587
galrad= 0.017184722423553466
!!! agesel
Found 97485 stars.
Rotated pos.
Rotated vel.
Calculating circularities
dty= [ 9.63459943 11.62856385 10.04884154 ...  6.82692865  6.82241159
  6.81876181] 9204967
glb= [ 9.63459943 11.62856385 10.04884154 ...  6.82692865  6.82241159
  6.81876181] 9204967
bidsort lists= 9204967 9204967
 9204967
SNAP 42
EPS 0.14649267270175445
galrad= 0.01753603219985962
!!! agesel
Found 179840 stars.
Rotated pos.
Rotated vel.
Calculating circularities
dty= [6.7428778  6.7426808  6.74265913 ... 9.80519181 9.44593633 9.55097966] 9939508
glb= [6.7428778  6.7426808  6.74265913 ... 9.80519181 9.44593633 9.55097966] 9939508
bidsort lists= 9939508 9939508
 9939508
SNAP 43
EPS 0.207138063602621
galrad= 0.01788892447948456
!!! agesel
Found 102445 stars.
Rotated pos.
Rotated vel.
Calculating circularities
dty= [ 6.74671245  7.43225184 11.58352064 ...  6.17951477  6.18021218
  6.17891009] 10555852
glb= [ 6.74671245  7.43225184 11.58352064 ...  6.17951477  6.18021218
  6.17891009] 10555852
bidsort lists= 10555852 10555852
 10555852
SNAP 44
EPS 0.2601796964776622
galrad= 0.018199265003204346
!!! agesel
Found 160062 stars.
Rotated pos.
Rotated vel.
Calculating circularities
dty= [ 9.96073011 11.46041897 10.35740111 ...  9.70126307 11.62520955
  9.86239926] 11159027
glb= [ 9.96073011 11.46041897 10.35740111 ...  9.70126307 11.62520955
  9.86239926] 11159027
bidsort lists= 11159027 11159027
 11159027
SNAP 45
EPS 0.3016186142508037
galrad= 0.018652963638305663
!!! agesel
Found 101060 stars.
Rotated pos.
Rotated vel.
Calculating circularities
dty= [10.38981191  9.4909702  10.41724342 ...  8.98510526 12.89849189
  9.61554213] 11755051
glb= [10.38981191  9.4909702  10.41724342 ...  8.98510526 12.89849189
  9.61554213] 11755051
bidsort lists= 11755051 11755051
 11755051
SNAP 46
EPS 0.3522271465649756
galrad= 0.019108626246452334
!!! agesel
Found 114811 stars.
Rotated pos.
Rotated vel.
Calculating circularities
dty= [10.00070259  9.85839495  7.42710355 ... 10.88252532 10.31976493
 10.43886565] 12388003
glb= [10.00070259  9.85839495  7.42710355 ... 10.88252532 10.31976493
 10.43886565] 12388003
bidsort lists= 12388003 12388003
 12388003
SNAP 47
EPS 0.3974436179926581
galrad= 0.019918088614940644
!!! agesel
Found 70166 stars.
Rotated pos.
Rotated vel.
Calculating circularities
dty= [10.00070259  9.97221225  9.95510664 ...  9.08974761 10.33637174
 10.62776161] 12875238
glb= [10.00070259  9.97221225  9.95510664 ...  9.08974761 10.33637174
 10.62776161] 12875238
bidsort lists= 12875238 12875238
 12875238
SNAP 48
EPS 0.4343790603484835
galrad= 0.020420530438423158
!!! agesel
Found 50225 stars.
Rotated pos.
Rotated vel.
Calculating circularities
dty= [ 9.97221225  8.1777084   8.29224663 ... 12.28109852 10.5576835
 10.68177098] 13340859
glb= [ 9.97221225  8.1777084   8.29224663 ... 12.28109852 10.5576835
 10.68177098] 13340859
bidsort lists= 13340859 13340859
 13340859
SNAP 49
EPS 0.46018844872420284
galrad= 0.020797283947467805
!!! agesel
Found 39134 stars.
Rotated pos.
Rotated vel.
Calculating circularities
dty= [8.26650791 8.3779515  8.33497481 ... 5.22101044 7.93805848 9.37264329] 13832767
glb= [8.26650791 8.3779515  8.33497481 ... 5.22101044 7.93805848 9.37264329] 13832767
bidsort lists= 13832767 13832767
 13832767
SNAP 50
EPS 0.48194860655366734
galrad= 0.021095995604991914
!!! agesel
Found 36870 stars.
Rotated pos.
Rotated vel.
Calculating circularities
dty= [ 8.26650791  9.97221225  8.3779515  ... 11.34473523 10.19360826
 11.64999086] 14202513
glb= [ 8.26650791  9.97221225  8.3779515  ... 11.34473523 10.19360826
 11.64999086] 14202513
bidsort lists= 14202513 14202513
 14202513
SNAP 51
EPS 0.5053547732867631
galrad= 0.021373604238033295
!!! agesel
Found 31669 stars.
Rotated pos.
Rotated vel.
Calculating circularities
dty= [ 9.88381566  8.26650791  8.19794301 ... 10.83733834  9.86706181
 10.24063531] 14588773
glb= [ 9.88381566  8.26650791  8.19794301 ... 10.83733834  9.86706181
 10.24063531] 14588773
bidsort lists= 14588773 14588773
 14588773
SNAP 52
EPS 0.5278057805587066
galrad= 0.0214471310377121
!!! agesel
Found 28410 stars.
Rotated pos.
Rotated vel.
Calculating circularities
dty= [ 8.26650791  9.97221225  9.88381566 ...  9.59712298  9.65349429
 11.27419532] 14884032
glb= [ 8.26650791  9.97221225  9.88381566 ...  9.59712298  9.65349429
 11.27419532] 14884032
bidsort lists= 14884032 14884032
 14884032
SNAP 53
EPS 0.5389373918341889
galrad= 0.021954847872257235
!!! agesel
Found 26717 stars.
Rotated pos.
Rotated vel.
Calculating circularities
dty= [8.26650791 9.97221225 9.88381566 ... 8.38283425 2.99171323 3.41389802] 15944088
glb= [8.26650791 9.97221225 9.88381566 ... 8.38283425 2.99171323 3.41389802] 15944088
bidsort lists= 15944088 15944088
 15944088
SNAP 54
EPS 0.5063428595873574
galrad= 0.022404560446739198
!!! agesel
Found 20533 stars.
Rotated pos.
Rotated vel.
Calculating circularities
dty= [ 2.89668871  8.26650791  8.51709789 ... 10.47602038 10.58658975
 12.89745905] 15952785
glb= [ 2.89668871  8.26650791  8.51709789 ... 10.47602038 10.58658975
 12.89745905] 15952785
bidsort lists= 15952785 15952785
 15952785
SNAP 55
EPS 0.5101733879110488
galrad= 0.02279256582260132
!!! agesel
Found 14738 stars.
Rotated pos.
Rotated vel.
Calculating circularities
dty= [ 2.67352396  8.26650791  8.33497481 ... 10.56192895 10.4796421
 13.00175071] 16236090
glb= [ 2.67352396  8.26650791  8.33497481 ... 10.56192895 10.4796421
 13.00175071] 16236090
bidsort lists= 16236090 16236090
 16236090
SNAP 56
EPS 0.5864832363690058
galrad= 0.02305344790220261
!!! agesel
Found 11857 stars.
Rotated pos.
Rotated vel.
Calculating circularities
dty= [ 8.26650791  2.67352396  2.16602962 ... 12.11563381 10.35515377
 10.34990417] 16487051
glb= [ 8.26650791  2.67352396  2.16602962 ... 12.11563381 10.35515377
 10.34990417] 16487051
bidsort lists= 16487051 16487051
 16487051
SNAP 57
EPS 0.597390009080204
galrad= 0.02319345921278
!!! agesel
Found 12211 stars.
Rotated pos.
Rotated vel.
Calculating circularities
dty= [2.67352396 8.26650791 2.16602962 ... 7.00006709 7.23788935 6.85668885] 16696498
glb= [2.67352396 8.26650791 2.16602962 ... 7.00006709 7.23788935 6.85668885] 16696498
bidsort lists= 16696498 16696498
 16696498
SNAP 58
EPS 0.6091304869048121
galrad= 0.02304580956697464
!!! agesel
Found 10406 stars.
Rotated pos.
Rotated vel.
Calculating circularities
dty= [2.67352396 1.56633716 1.47875821 ... 7.17585122 8.00456014 7.44459511] 16807618
glb= [2.67352396 1.56633716 1.47875821 ... 7.17585122 8.00456014 7.44459511] 16807618
bidsort lists= 16807618 16807618
 16807618
SNAP 59
EPS 0.6108937583381735
galrad= 0.023069892823696137
!!! agesel
Found 9576 stars.
Rotated pos.
Rotated vel.
Calculating circularities
dty= [1.12207233 1.3174354  1.0369103  ... 7.74634267 6.982384   6.99568172] 16783979
glb= [1.12207233 1.3174354  1.0369103  ... 7.74634267 6.982384   6.99568172] 16783979
bidsort lists= 16783979 16783979
 16783979
SNAP 60
EPS 0.6138549964237444
galrad= 0.023230944573879243
!!! agesel
Found 7432 stars.
Rotated pos.
Rotated vel.
Calculating circularities
dty= [1.0369103  1.3174354  1.12207233 ... 7.03027843 6.89906185 7.74756266] 16986227
glb= [1.0369103  1.3174354  1.12207233 ... 7.03027843 6.89906185 7.74756266] 16986227
bidsort lists= 16986227 16986227
 16986227
SNAP 61
EPS 0.6228745469078845
galrad= 0.023442983627319336
!!! agesel
Found 6176 stars.
Rotated pos.
Rotated vel.
Calculating circularities
dty= [0.49869185 1.3174354  1.0369103  ... 6.99227458 7.69484212 7.00102477] 17186301
glb= [0.49869185 1.3174354  1.0369103  ... 6.99227458 7.69484212 7.00102477] 17186301
bidsort lists= 17186301 17186301
 17186301
SNAP 62
EPS 0.6289938436442801
saving to /home/lgvanover/intro_scripts/halos/new/level3_halo24.hdf5
   Snapshot  Redshift  Median Epsilon  Disk Ratio  Lookback Time
0        20  6.144901        0.177281    0.409818      12.921255
1        21  5.529766       -0.011496    0.003091      12.790207
2        22  4.939381        0.213297    0.432150      12.631922
3        23  4.428034       -0.001432    0.013554      12.459466
4        24  3.937261        0.002836    0.010413      12.251338
