loading halo 10 level 4
/eagle/projects/Auriga/Auriga/level4/Original/mergertrees/Au-10/trees_sf1_127
Hubble parameter= 0.6777
There are 459 trees in file /eagle/projects/Auriga/Auriga/level4/Original/mergertrees/Au-10/trees_sf1_127.0.hdf5
Loading desc (Descendant) for blockname /Tree0.
Loading fnum (FileNr) for blockname /Tree0.
Loading fhfg (FirstHaloInFOFGroup) for blockname /Tree0.
Loading fpin (FirstProgenitor) for blockname /Tree0.
Loading fmc2 (Group_M_Crit200) for blockname /Tree0.
Loading fmm2 (Group_M_Mean200) for blockname /Tree0.
Loading fmt2 (Group_M_TopHat200) for blockname /Tree0.
Loading frc2 (Group_R_Crit200) for blockname /Tree0.
Loading nhfg (NextHaloInFOFGroup) for blockname /Tree0.
Loading npin (NextProgenitor) for blockname /Tree0.
Loading snum (SnapNum) for blockname /Tree0.
Loading sbhm (SubhaloBHMass) for blockname /Tree0.
Loading sbhd (SubhaloBHMdot) for blockname /Tree0.
Loading sgmt (SubhaloGasMetallicity) for blockname /Tree0.
Loading sgmf (SubhaloGasMetallicitySfr) for blockname /Tree0.
Loading sgnr (SubhaloGrNr) for blockname /Tree0.
Loading shmt (SubhaloHalfmassRadType) for blockname /Tree0.
Key SubhaloIDMostBound not found in conversion table, skipping.
Loading slen (SubhaloLen) for blockname /Tree0.
Loading slty (SubhaloLenType) for blockname /Tree0.
Loading smit (SubhaloMassInRadType) for blockname /Tree0.
Loading smty (SubhaloMassType) for blockname /Tree0.
Loading sbnr (SubhaloNumber) for blockname /Tree0.
Loading soty (SubhaloOffsetType) for blockname /Tree0.
Loading spos (SubhaloPos) for blockname /Tree0.
Loading ssfr (SubhaloSFR) for blockname /Tree0.
Loading ssfi (SubhaloSFRinRad) for blockname /Tree0.
Loading sspi (SubhaloSpin) for blockname /Tree0.
Loading ssmt (SubhaloStarMetallicity) for blockname /Tree0.
Loading ssph (SubhaloStellarPhotometrics) for blockname /Tree0.
Loading svmx (SubhaloVMax) for blockname /Tree0.
Loading svel (SubhaloVel) for blockname /Tree0.
Loading svdi (SubhaloVelDisp) for blockname /Tree0.
galrad= 0.01
!!! agesel
Found 33 stars.
Rotated pos.
Rotated vel.
Calculating circularities
dty= [13.45859202] 1
glb= [13.45859202] 1
bidsort lists= 1 1
 1
SNAP 30
EPS 1.0
galrad= 0.01
!!! agesel
Found 57 stars.
Rotated pos.
Rotated vel.
Calculating circularities
dty= [13.38284495 13.3816522  13.4011234  13.39959732 13.39959732] 5
glb= [13.38284495 13.3816522  13.4011234  13.39959732 13.39959732] 5
bidsort lists= 5 5
 5
SNAP 31
EPS 11.260235579388635
galrad= 0.01
!!! agesel
Found 70 stars.
Rotated pos.
Rotated vel.
Calculating circularities
dty= [13.3587941  13.35374646 13.36790971 13.35543496] 4
glb= [13.3587941  13.35374646 13.36790971 13.35543496] 4
bidsort lists= 4 4
 4
SNAP 32
EPS 0.11660757156465386
galrad= 0.01
!!! agesel
Found 81 stars.
Rotated pos.
Rotated vel.
Calculating circularities
dty= [13.32410593 13.45859202 13.49166196 13.3816522  13.38284495 13.33477201
 13.35543496 13.32049988 13.5623837  13.31777844 13.35205193 13.43124423
 13.32320683] 13
glb= [13.32410593 13.45859202 13.49166196 13.3816522  13.38284495 13.33477201
 13.35543496 13.32049988 13.5623837  13.31777844 13.35205193 13.43124423
 13.32320683] 13
bidsort lists= 13 13
 13
SNAP 33
EPS 0.08082551237557435
galrad= 0.01
!!! agesel
Found 99 stars.
Rotated pos.
Rotated vel.
Calculating circularities
dty= [13.28590249 13.29071149 13.42982519 13.29831783 13.29071149 13.32679381
 13.29642636 13.3020807  13.37523672 13.35374646 13.31595614 13.31137191
 13.29784555 13.30395213 13.30860183 13.39883224 13.29166819 13.4605659
 13.36790971 13.28445148 13.30767517 13.39729796 13.39266238 13.42625558] 24
glb= [13.28590249 13.29071149 13.42982519 13.29831783 13.29071149 13.32679381
 13.29642636 13.3020807  13.37523672 13.35374646 13.31595614 13.31137191
 13.29784555 13.30395213 13.30860183 13.39883224 13.29166819 13.4605659
 13.36790971 13.28445148 13.30767517 13.39729796 13.39266238 13.42625558] 24
bidsort lists= 24 24
 24
SNAP 34
EPS 0.16306377674458677
galrad= 0.01
!!! agesel
Found 147 stars.
Rotated pos.
Rotated vel.
Calculating circularities
dty= [13.24090975 13.30395213 13.28445148 13.29166819 13.23697488 13.2330137
 13.37523672 13.23750102 13.23750102 13.237238   13.31595614 13.42982519
 13.24921734 13.43053534 13.29831783 13.25943749 13.30860183 13.35289994
 13.29784555 13.29071149 13.23248354 13.35374646 13.31137191 13.45660759
 13.35374646 13.37765321 13.25969068 13.27958673 13.3020807  13.32679381
 13.52397122 13.30767517 13.3443518  13.33124184 13.26171222 13.42047781
 13.26019677 13.39421307 13.3214038  13.312292   13.25766205 13.3186872
 13.25715372 13.24064824 13.25307115 13.25715372 13.33477201 13.25409453
 13.33827724 13.25613581 13.38324188 13.28202448 13.27909783] 53
glb= [13.24090975 13.30395213 13.28445148 13.29166819 13.23697488 13.2330137
 13.37523672 13.23750102 13.23750102 13.237238   13.31595614 13.42982519
 13.24921734 13.43053534 13.29831783 13.25943749 13.30860183 13.35289994
 13.29784555 13.29071149 13.23248354 13.35374646 13.31137191 13.45660759
 13.35374646 13.37765321 13.25969068 13.27958673 13.3020807  13.32679381
 13.52397122 13.30767517 13.3443518  13.33124184 13.26171222 13.42047781
 13.26019677 13.39421307 13.3214038  13.312292   13.25766205 13.3186872
 13.25715372 13.24064824 13.25307115 13.25715372 13.33477201 13.25409453
 13.33827724 13.25613581 13.38324188 13.28202448 13.27909783] 53
bidsort lists= 53 53
 53
SNAP 35
EPS -0.03798573451913881
galrad= 0.01
!!! agesel
Found 116 stars.
Rotated pos.
Rotated vel.
Calculating circularities
dty= [13.26523262 13.28251074 13.28299655 13.21116264 13.31777844 13.22715622
 13.31686813 13.25409453 13.28348198 13.24403892 13.21171168 13.27860861
 13.3934384  13.28541925 13.25153271 13.31549956 13.21226024 13.2546055
 13.28831236 13.3443518  13.30860183 13.18993517 13.37199475 13.31686813
 13.43965338 13.27270318 13.50549506 13.27762873 13.29689984 13.30301723
 13.19502746 13.29595243 13.30161177 13.30535136 13.30906453 13.3104502
 13.31137191 13.31595614 13.31959434 13.21417626 13.31366911 13.29737289
 13.31321047 13.36212949 13.28153777 13.20398091 13.37845586 13.32320683
 13.31275146 13.21554129 13.21934721 13.33827724 13.31091128 13.29452817
 13.33102038 13.27811886 13.19839991 13.19615362 13.41535454 13.21061318
 13.35795657 13.39421307 13.27418541 13.31321047 13.31777844] 65
glb= [13.26523262 13.28251074 13.28299655 13.21116264 13.31777844 13.22715622
 13.31686813 13.25409453 13.28348198 13.24403892 13.21171168 13.27860861
 13.3934384  13.28541925 13.25153271 13.31549956 13.21226024 13.2546055
 13.28831236 13.3443518  13.30860183 13.18993517 13.37199475 13.31686813
 13.43965338 13.27270318 13.50549506 13.27762873 13.29689984 13.30301723
 13.19502746 13.29595243 13.30161177 13.30535136 13.30906453 13.3104502
 13.31137191 13.31595614 13.31959434 13.21417626 13.31366911 13.29737289
 13.31321047 13.36212949 13.28153777 13.20398091 13.37845586 13.32320683
 13.31275146 13.21554129 13.21934721 13.33827724 13.31091128 13.29452817
 13.33102038 13.27811886 13.19839991 13.19615362 13.41535454 13.21061318
 13.35795657 13.39421307 13.27418541 13.31321047 13.31777844] 65
bidsort lists= 65 65
 65
SNAP 36
EPS -0.06735234499750901
galrad= 0.01
!!! agesel
Found 145 stars.
Rotated pos.
Rotated vel.
Calculating circularities
dty= [13.16326424 13.31686813 13.3934384  13.36212949 13.28541925 13.30161177
 13.27270318 13.28251074 13.31549956 13.16974123 13.31595614 13.28348198
 13.2546055  13.30535136 13.37199475 13.19839991 13.33102038 13.17441235
 13.21171168 13.25153271 13.28299655 13.20951269 13.26523262 13.30860183
 13.21116264 13.36295961 13.22715622 13.30301723 13.15132494 13.19502746
 13.22420598 13.37604367 13.29595243 13.15432962 13.31321047 13.31686813
 13.24403892 13.18993517 13.21226024 13.28831236 13.25409453 13.37845586
 13.3443518  13.31091128 13.31777844 13.27860861 13.27319771 13.14557929
 13.14466767 13.18365583 13.27762873 13.31595614 13.20398091 13.14770177
 13.25153271 13.35543496 13.21061318 13.31275146 13.30906453 13.32275669
 13.16326424 13.41535454 13.31137191 13.31366911 13.32230612 13.21554129
 13.15192696 13.21717529 13.16856828 13.32320683 13.43965338 13.21417626
 13.1555278  13.26523262 13.36790971 13.16385562 13.36212949 13.31959434
 13.3848259  13.51931522 13.18537446 13.16385562 13.33827724 13.2692293
 13.26573373 13.147096   13.28251074 13.39575824 13.39575824 13.28105067] 90
glb= [13.16326424 13.31686813 13.3934384  13.36212949 13.28541925 13.30161177
 13.27270318 13.28251074 13.31549956 13.16974123 13.31595614 13.28348198
 13.2546055  13.30535136 13.37199475 13.19839991 13.33102038 13.17441235
 13.21171168 13.25153271 13.28299655 13.20951269 13.26523262 13.30860183
 13.21116264 13.36295961 13.22715622 13.30301723 13.15132494 13.19502746
 13.22420598 13.37604367 13.29595243 13.15432962 13.31321047 13.31686813
 13.24403892 13.18993517 13.21226024 13.28831236 13.25409453 13.37845586
 13.3443518  13.31091128 13.31777844 13.27860861 13.27319771 13.14557929
 13.14466767 13.18365583 13.27762873 13.31595614 13.20398091 13.14770177
 13.25153271 13.35543496 13.21061318 13.31275146 13.30906453 13.32275669
 13.16326424 13.41535454 13.31137191 13.31366911 13.32230612 13.21554129
 13.15192696 13.21717529 13.16856828 13.32320683 13.43965338 13.21417626
 13.1555278  13.26523262 13.36790971 13.16385562 13.36212949 13.31959434
 13.3848259  13.51931522 13.18537446 13.16385562 13.33827724 13.2692293
 13.26573373 13.147096   13.28251074 13.39575824 13.39575824 13.28105067] 90
bidsort lists= 90 90
 90
SNAP 37
EPS -0.03753193928037998
galrad= 0.01
!!! agesel
Found 281 stars.
Rotated pos.
Rotated vel.
Calculating circularities
dty= [13.12929426 13.11102959 13.11548133 13.27689265 13.14345029 13.10815313
 13.27860861 13.147096   13.24403892 13.10590801 13.28299655 13.21390292
 13.31777844 13.10010269 13.10815313 13.24792704 13.10075007 13.09750772
 13.11611501 13.13855914 13.11452969 13.33124184 13.17441235 13.12742647
 13.12336255 13.14162013 13.14466767 13.26523262 13.3848259  13.25409453
 13.50549506 13.21390292 13.22715622 13.21171168 13.10397805 13.16974123
 13.1916371  13.09815734 13.24741012 13.16089326 13.31686813 13.12430244
 13.16385562 13.26171222 13.14557929 13.12492839 13.28251074 13.12242139
 13.13301497 13.1348679  13.19896025 13.29642636 13.39729796 13.34778928
 13.25153271 13.09913067 13.32275669 13.11452969 13.31732347 13.26523262
 13.31595614 13.22420598 13.27762873 13.20509117 13.14891165 13.0968575
 13.19559079 13.13548445 13.16503694 13.21116264 13.12680277 13.25153271
 13.21061318 13.11102959 13.21226024 13.13022628 13.20841022 13.3934384
 13.21717529 13.13671595 13.10462194 13.34132393 13.12867218 13.3443518
 13.14588295 13.31137191 13.22151143 13.203425   13.31959434 13.11230432
 13.12242139 13.1252411  13.14588295 13.29452817 13.28831236 13.12742647
 13.10719177 13.13363313 13.11611501 13.29262323 13.18537446 13.18993517
 13.35162738 13.17441235 13.24273711 13.32320683 13.15192696 13.38561584
 13.10719177 13.21554129 13.1579177  13.27811886 13.31275146 13.31321047
 13.12116456 13.19502746 13.13177692 13.31549956 13.30906453 13.37845586
 13.33212675 13.10139678 13.33827724 13.30301723 13.29595243 13.32230612
 13.12430244 13.1579177  13.27270318 13.18537446 13.2546055  13.28541925
 13.28153777 13.27664712 13.16856828 13.10847332 13.36790971 13.28348198
 13.31959434 13.18365583 13.10462194 13.13640831 13.18135718 13.29973201
 13.21934721 13.18708848 13.13332411 13.10268857 13.31595614 13.41535454
 13.36295961 13.30860183 13.20398091 13.11674817 13.18594629 13.11927522
 13.24999016 13.16326424 13.10975256 13.32230612 13.16326424 13.36212949
 13.12053536 13.30535136 13.3104502  13.31686813 13.30161177 13.25153271
 13.27319771 13.38876152 13.15432962 13.14770177 13.32004733 13.30813875
 13.2279583  13.50434011 13.21061318 13.31091128 13.33102038 13.20951269
 13.37199475 13.12304897 13.10333357 13.35162738 13.31595614 13.29737289
 13.26523262 13.31914099 13.12116456 13.29689984 13.31504254 13.16856828
 13.37604367 13.1261785  13.39421307 13.2868677  13.11230432 13.30114246
 13.31412732 13.30301723 13.44924036 13.1916371  13.35795657 13.2591842
 13.23907673 13.17499388 13.24585656 13.11357683 13.19276924 13.15432962] 210
glb= [13.12929426 13.11102959 13.11548133 13.27689265 13.14345029 13.10815313
 13.27860861 13.147096   13.24403892 13.10590801 13.28299655 13.21390292
 13.31777844 13.10010269 13.10815313 13.24792704 13.10075007 13.09750772
 13.11611501 13.13855914 13.11452969 13.33124184 13.17441235 13.12742647
 13.12336255 13.14162013 13.14466767 13.26523262 13.3848259  13.25409453
 13.50549506 13.21390292 13.22715622 13.21171168 13.10397805 13.16974123
 13.1916371  13.09815734 13.24741012 13.16089326 13.31686813 13.12430244
 13.16385562 13.26171222 13.14557929 13.12492839 13.28251074 13.12242139
 13.13301497 13.1348679  13.19896025 13.29642636 13.39729796 13.34778928
 13.25153271 13.09913067 13.32275669 13.11452969 13.31732347 13.26523262
 13.31595614 13.22420598 13.27762873 13.20509117 13.14891165 13.0968575
 13.19559079 13.13548445 13.16503694 13.21116264 13.12680277 13.25153271
 13.21061318 13.11102959 13.21226024 13.13022628 13.20841022 13.3934384
 13.21717529 13.13671595 13.10462194 13.34132393 13.12867218 13.3443518
 13.14588295 13.31137191 13.22151143 13.203425   13.31959434 13.11230432
 13.12242139 13.1252411  13.14588295 13.29452817 13.28831236 13.12742647
 13.10719177 13.13363313 13.11611501 13.29262323 13.18537446 13.18993517
 13.35162738 13.17441235 13.24273711 13.32320683 13.15192696 13.38561584
 13.10719177 13.21554129 13.1579177  13.27811886 13.31275146 13.31321047
 13.12116456 13.19502746 13.13177692 13.31549956 13.30906453 13.37845586
 13.33212675 13.10139678 13.33827724 13.30301723 13.29595243 13.32230612
 13.12430244 13.1579177  13.27270318 13.18537446 13.2546055  13.28541925
 13.28153777 13.27664712 13.16856828 13.10847332 13.36790971 13.28348198
 13.31959434 13.18365583 13.10462194 13.13640831 13.18135718 13.29973201
 13.21934721 13.18708848 13.13332411 13.10268857 13.31595614 13.41535454
 13.36295961 13.30860183 13.20398091 13.11674817 13.18594629 13.11927522
 13.24999016 13.16326424 13.10975256 13.32230612 13.16326424 13.36212949
 13.12053536 13.30535136 13.3104502  13.31686813 13.30161177 13.25153271
 13.27319771 13.38876152 13.15432962 13.14770177 13.32004733 13.30813875
 13.2279583  13.50434011 13.21061318 13.31091128 13.33102038 13.20951269
 13.37199475 13.12304897 13.10333357 13.35162738 13.31595614 13.29737289
 13.26523262 13.31914099 13.12116456 13.29689984 13.31504254 13.16856828
 13.37604367 13.1261785  13.39421307 13.2868677  13.11230432 13.30114246
 13.31412732 13.30301723 13.44924036 13.1916371  13.35795657 13.2591842
 13.23907673 13.17499388 13.24585656 13.11357683 13.19276924 13.15432962] 210
bidsort lists= 210 210
 210
SNAP 38
EPS -0.0026966197429031274
galrad= 0.01
!!! agesel
Found 504 stars.
Rotated pos.
Rotated vel.
Calculating circularities
dty= [13.04624321 13.3104502  13.05402602 13.04398033 13.29689984 13.31366911
 13.11927522 13.04745891 13.28879304 13.06699562 13.1842292  13.0502307
 13.13301497 13.29737289 13.06462282 13.14648973 13.2546055  13.19783908
 13.12742647 13.05540153 13.06326367 13.25153271 13.04467739 13.39575824
 13.04572157 13.28831236 13.21116264 13.04606939 13.28202448 13.08901027
 13.05230312 13.04711185 13.28348198 13.31595614 13.1252411  13.39266238
 13.06292352 13.16621614 13.31412732 13.21934721 13.30860183 13.31091128
 13.37604367 13.25409453 13.04711185 13.28202448 13.21417626 13.28541925
 13.26573373 13.36212949 13.16326424 13.36790971 13.18594629 13.37845586
 13.05057648 13.43965338 13.06087924 13.4996791  13.16385562 13.04502564
 13.04780592 13.37199475 13.26523262 13.31275146 13.31686813 13.44924036
 13.19502746 13.27319771 13.26523262 13.12680277 13.25153271 13.18537446
 13.30161177 13.30813875 13.21717529 13.30535136 13.16974123 13.26523262
 13.31777844 13.31959434 13.31595614 13.22715622 13.28251074 13.32275669
 13.34607358 13.10815313 13.32230612 13.20398091 13.4011234  13.18365583
 13.50434011 13.18708848 13.31321047 13.16385562 13.29973201 13.29262323
 13.16089326 13.12430244 13.35162738 13.203425   13.31595614 13.28251074
 13.34693221 13.2868677  13.147096   13.04711185 13.31504254 13.14770177
 13.46122152 13.43547117 13.04641702 13.11611501 13.18480208 13.21554129
 13.25153271 13.27860861 13.16326424 13.3848259  13.10139678 13.31137191
 13.04363166 13.20509117 13.0968575  13.05814521 13.08505527 13.08472471
 13.0659796  13.06190201 13.07222361 13.33124184 13.09750772 13.21390292
 13.12929426 13.10075007 13.34132393 13.06834821 13.11102959 13.07958276
 13.47219095 13.07808328 13.06053812 13.0949035  13.07205553 13.09457736
 13.05057648 13.0588296  13.06326367 13.26723452 13.04467739 13.39729796
 13.08835257 13.27689265 13.09097992 13.09425104 13.04953871 13.14830696
 13.04606939 13.08966737 13.06122031 13.04467739 13.08933891 13.05505783
 13.15312937 13.05471408 13.12492839 13.09359798 13.06631848 13.04572157
 13.07490798 13.08703537 13.0588296  13.06292352 13.34778928 13.0949035
 13.09815734 13.06699562 13.06868599 13.07974913 13.07373471 13.1579177
 13.0949035  13.04849952 13.13177692 13.06631848 13.13239624 13.26623445
 13.06496224 13.07104624 13.1348679  13.17208089 13.07641369 13.05951352
 13.13301497 13.16503694 13.0491925  13.04502564 13.1579177  13.16856828
 13.06631848 13.0491925  13.05402602 13.20509117 13.08240688 13.32768657
 13.12742647 13.09032394 13.10462194] 207
glb= [13.04624321 13.3104502  13.05402602 13.04398033 13.29689984 13.31366911
 13.11927522 13.04745891 13.28879304 13.06699562 13.1842292  13.0502307
 13.13301497 13.29737289 13.06462282 13.14648973 13.2546055  13.19783908
 13.12742647 13.05540153 13.06326367 13.25153271 13.04467739 13.39575824
 13.04572157 13.28831236 13.21116264 13.04606939 13.28202448 13.08901027
 13.05230312 13.04711185 13.28348198 13.31595614 13.1252411  13.39266238
 13.06292352 13.16621614 13.31412732 13.21934721 13.30860183 13.31091128
 13.37604367 13.25409453 13.04711185 13.28202448 13.21417626 13.28541925
 13.26573373 13.36212949 13.16326424 13.36790971 13.18594629 13.37845586
 13.05057648 13.43965338 13.06087924 13.4996791  13.16385562 13.04502564
 13.04780592 13.37199475 13.26523262 13.31275146 13.31686813 13.44924036
 13.19502746 13.27319771 13.26523262 13.12680277 13.25153271 13.18537446
 13.30161177 13.30813875 13.21717529 13.30535136 13.16974123 13.26523262
 13.31777844 13.31959434 13.31595614 13.22715622 13.28251074 13.32275669
 13.34607358 13.10815313 13.32230612 13.20398091 13.4011234  13.18365583
 13.50434011 13.18708848 13.31321047 13.16385562 13.29973201 13.29262323
 13.16089326 13.12430244 13.35162738 13.203425   13.31595614 13.28251074
 13.34693221 13.2868677  13.147096   13.04711185 13.31504254 13.14770177
 13.46122152 13.43547117 13.04641702 13.11611501 13.18480208 13.21554129
 13.25153271 13.27860861 13.16326424 13.3848259  13.10139678 13.31137191
 13.04363166 13.20509117 13.0968575  13.05814521 13.08505527 13.08472471
 13.0659796  13.06190201 13.07222361 13.33124184 13.09750772 13.21390292
 13.12929426 13.10075007 13.34132393 13.06834821 13.11102959 13.07958276
 13.47219095 13.07808328 13.06053812 13.0949035  13.07205553 13.09457736
 13.05057648 13.0588296  13.06326367 13.26723452 13.04467739 13.39729796
 13.08835257 13.27689265 13.09097992 13.09425104 13.04953871 13.14830696
 13.04606939 13.08966737 13.06122031 13.04467739 13.08933891 13.05505783
 13.15312937 13.05471408 13.12492839 13.09359798 13.06631848 13.04572157
 13.07490798 13.08703537 13.0588296  13.06292352 13.34778928 13.0949035
 13.09815734 13.06699562 13.06868599 13.07974913 13.07373471 13.1579177
 13.0949035  13.04849952 13.13177692 13.06631848 13.13239624 13.26623445
 13.06496224 13.07104624 13.1348679  13.17208089 13.07641369 13.05951352
 13.13301497 13.16503694 13.0491925  13.04502564 13.1579177  13.16856828
 13.06631848 13.0491925  13.05402602 13.20509117 13.08240688 13.32768657
 13.12742647 13.09032394 13.10462194] 207
bidsort lists= 207 207
 207
SNAP 39
EPS 0.0481565204870368
galrad= 0.01
!!! agesel
Found 837 stars.
Rotated pos.
Rotated vel.
Calculating circularities
dty= [13.37604367 13.37199475 13.31595614 13.1252411  13.12680277 13.31412732
 13.30161177 13.44924036 13.29689984 13.11927522 13.30860183 13.05230312
 13.27270318 13.25153271 13.3104502  13.19783908 13.26523262 13.23907673
 13.13548445 13.00578114 13.00101577 13.30535136 13.31686813 13.05402602
 13.2546055  13.29737289 13.15432962 13.27319771 13.28541925 13.28348198
 13.16326424 13.04624321 13.1842292  13.30813875 13.28879304 13.21116264
 13.28831236 13.31686813 13.28202448 13.25153271 13.18365583 12.9977006
 13.14648973 13.36295961 13.20951269 13.3934384  13.0502307  13.25409453
 12.99714687 13.31091128 13.04048645 13.03627321 13.10815313 13.28202448
 13.1916371  13.16974123 13.02099095 13.39266238 13.13301497 13.05057648
 13.31777844 12.99251745 12.98954124 13.30301723 13.12742647 13.14770177
 13.01667413 12.98954124 13.01486863 13.04606939 12.98842235 13.26523262
 13.06326367 13.02349865 13.04745891 13.31366911 12.99733151 13.26523262
 13.03768006 13.40036104 13.12680277 13.00083197 13.28251074 12.99622307
 13.31504254 13.39575824 13.34607358 13.22715622 13.03203761 13.03592106
 13.06699562 13.17441235 12.98449494 13.12430244 13.13640831 13.03380512
 13.05057648 13.0502307  13.01160869 13.04398033 12.99325993 13.10268857
 12.99288879 13.13332411 13.16621614 12.98543162 13.08901027 13.04502564
 13.05230312 13.24403892 12.98411984 13.05540153 12.99251745 13.18993517
 13.02813514 13.2868677  13.04048645 12.9843074  13.09457736 13.05968429
 12.98954124 13.03433463 13.02492808 13.04572157 13.04711185 13.01305916
 13.00778903 13.06292352 13.05299279 13.37845586 13.0567746  13.29973201
 13.05437014 13.04711185 13.04013616 13.36790971 13.00211789 12.98879556
 13.06868599 13.18708848 13.31275146 13.03433463 12.99622307 13.21934721
 13.24792704 13.20398091 13.21171168 13.41535454 13.35162738 13.06087924
 13.31595614 13.00248502 13.203425   13.04641702 12.99325993 12.98580611
 13.04780592 13.06309357 13.06969844 13.28299655 13.32275669 13.29595243
 13.2591842  13.36212949 13.21226024 13.18594629 13.32230612 13.21717529
 13.19502746 13.33102038 13.21061318 13.14557929 13.06631848 12.9965926
 13.00101577 13.04048645 12.98655437 13.36212949 13.31137191 12.98674147
 13.00797134 12.99251745 13.0536817  13.31595614 13.3443518  13.28105067
 13.07908322 13.05333734 13.06224266 13.04467739 13.01667413 12.9843074
 13.07875009 13.01595237 13.07171926 13.34693221 12.98935491 13.04118647
 13.07574484 12.9977006  13.12430244 13.31959434 13.14466767 13.21417626
 13.07741593 13.01486863 13.4996791  13.03627321 13.00395159 13.04711185
 13.39421307 13.04711185 12.99214605 13.05746021 13.06326367 13.07104624
 13.06462282 13.31321047 13.01667413 13.01991388 13.07070955 13.16385562
 13.15192696 13.01342132 13.27762873 13.01775541 13.00651175 13.0035851
 13.12336255 13.30906453 13.43965338 12.98954124 13.07323137 12.99548314
 13.01991388 13.06969844 13.32320683 13.04363166 12.99270312 12.99437234
 13.01829566 13.10139678 13.50434011 13.16326424 13.01631328 12.98879556
 13.08107921 13.00248502 13.03415828 12.98486971 12.99065852 13.00687697
 13.00651175 13.02314088 13.00724186 12.99437234 12.98505708 13.01342132
 13.09359798 13.11548133 13.03433463 13.02492808 13.31549956 13.22420598
 13.0202731  12.98580611 13.27860861 13.29262323 13.07908322 13.18537446
 12.98543162 13.04606939 13.00724186 13.11611501 13.03732867 13.30301723
 12.99325993 13.16385562 13.28153777 13.00504976 13.25153271 13.00687697
 13.01015571 12.99288879 13.0521307  13.35795657 13.02170831 13.03732867
 13.02134973 13.19839991 13.00578114 13.01051914 13.31914099 13.06936114
 13.01775541 13.27664712 13.02492808 13.05814521 13.21554129 12.98748888
 13.03996106 13.03978582 13.26573373 13.01667413 13.05282042 13.02063212
 13.16089326 13.02706761 13.24585656 12.98748888 12.99843847 13.30114246
 12.99214605 13.08306984 12.99880712 13.0035851  13.00687697 13.13022628
 13.02278292 13.46122152 13.07875009 13.00064815 12.98730212 13.00614661
 13.3848259  13.0659796  12.99733151 13.05814521 13.50549506 13.03521646
 13.02706761 13.03486388 12.98730212 13.18480208 13.28251074 13.00906426
 13.02920137 13.01233424 12.99696208 13.29642636 12.98655437 13.43336334
 13.20509117 13.05230312 12.99140254 13.10268857 13.14131467 13.147096
 13.02955645 13.03062067 13.12053536 13.14162013 13.02991133 13.10975256
 12.99696208 13.11102959 13.06834821 13.01739513 13.09750772 13.04467739
 13.16148677 13.00906426 13.01739513 13.05057648 13.09945486 13.29452817
 12.99214605 12.98580611 12.98561894 13.13363313 13.06190201 13.06699562
 13.03062067 13.09750772 13.0949035  12.98355707 13.0588296  13.01703466
 13.09913067 13.47219095 12.99363089 13.21390292 13.32004733 13.00064815
 13.0857159  13.24064824 13.0968575  13.11959042 13.01450709 13.26171222
 13.33124184 13.09097992 13.26723452 12.99622307 13.0035851  13.39729796
 13.07222361 13.31732347 13.07808328 13.02671134 13.08933891 13.33827724
 13.10333357 13.12242139 13.08306984 13.10075007 13.08472471 13.03662517
 13.07741593 12.99733151 13.08107921 13.08835257 13.10719177 12.99474271
 13.07774966 13.23644821 13.07037268 13.08999572 13.24792704 13.10719177
 13.27689265 13.09815734 13.09457736 13.1916371  13.09392453 12.99843847
 12.9977006  13.10719177 13.12242139 12.99991218 13.27811886 12.99991218
 13.19615362 13.10462194 13.11611501 13.13115709 12.99917572 12.99363089
 13.13425084 13.31321047 12.99991218 13.35120242 12.99991218 12.98692841
 13.17557491 13.11357683 13.00064815 12.99843847 13.13610049 13.00504976
 13.00138334 13.00064815 13.00724186 13.01811563 13.00724186 12.99696208
 13.00211789 13.00504976 12.99696208 13.01015571] 460
glb= [13.37604367 13.37199475 13.31595614 13.1252411  13.12680277 13.31412732
 13.30161177 13.44924036 13.29689984 13.11927522 13.30860183 13.05230312
 13.27270318 13.25153271 13.3104502  13.19783908 13.26523262 13.23907673
 13.13548445 13.00578114 13.00101577 13.30535136 13.31686813 13.05402602
 13.2546055  13.29737289 13.15432962 13.27319771 13.28541925 13.28348198
 13.16326424 13.04624321 13.1842292  13.30813875 13.28879304 13.21116264
 13.28831236 13.31686813 13.28202448 13.25153271 13.18365583 12.9977006
 13.14648973 13.36295961 13.20951269 13.3934384  13.0502307  13.25409453
 12.99714687 13.31091128 13.04048645 13.03627321 13.10815313 13.28202448
 13.1916371  13.16974123 13.02099095 13.39266238 13.13301497 13.05057648
 13.31777844 12.99251745 12.98954124 13.30301723 13.12742647 13.14770177
 13.01667413 12.98954124 13.01486863 13.04606939 12.98842235 13.26523262
 13.06326367 13.02349865 13.04745891 13.31366911 12.99733151 13.26523262
 13.03768006 13.40036104 13.12680277 13.00083197 13.28251074 12.99622307
 13.31504254 13.39575824 13.34607358 13.22715622 13.03203761 13.03592106
 13.06699562 13.17441235 12.98449494 13.12430244 13.13640831 13.03380512
 13.05057648 13.0502307  13.01160869 13.04398033 12.99325993 13.10268857
 12.99288879 13.13332411 13.16621614 12.98543162 13.08901027 13.04502564
 13.05230312 13.24403892 12.98411984 13.05540153 12.99251745 13.18993517
 13.02813514 13.2868677  13.04048645 12.9843074  13.09457736 13.05968429
 12.98954124 13.03433463 13.02492808 13.04572157 13.04711185 13.01305916
 13.00778903 13.06292352 13.05299279 13.37845586 13.0567746  13.29973201
 13.05437014 13.04711185 13.04013616 13.36790971 13.00211789 12.98879556
 13.06868599 13.18708848 13.31275146 13.03433463 12.99622307 13.21934721
 13.24792704 13.20398091 13.21171168 13.41535454 13.35162738 13.06087924
 13.31595614 13.00248502 13.203425   13.04641702 12.99325993 12.98580611
 13.04780592 13.06309357 13.06969844 13.28299655 13.32275669 13.29595243
 13.2591842  13.36212949 13.21226024 13.18594629 13.32230612 13.21717529
 13.19502746 13.33102038 13.21061318 13.14557929 13.06631848 12.9965926
 13.00101577 13.04048645 12.98655437 13.36212949 13.31137191 12.98674147
 13.00797134 12.99251745 13.0536817  13.31595614 13.3443518  13.28105067
 13.07908322 13.05333734 13.06224266 13.04467739 13.01667413 12.9843074
 13.07875009 13.01595237 13.07171926 13.34693221 12.98935491 13.04118647
 13.07574484 12.9977006  13.12430244 13.31959434 13.14466767 13.21417626
 13.07741593 13.01486863 13.4996791  13.03627321 13.00395159 13.04711185
 13.39421307 13.04711185 12.99214605 13.05746021 13.06326367 13.07104624
 13.06462282 13.31321047 13.01667413 13.01991388 13.07070955 13.16385562
 13.15192696 13.01342132 13.27762873 13.01775541 13.00651175 13.0035851
 13.12336255 13.30906453 13.43965338 12.98954124 13.07323137 12.99548314
 13.01991388 13.06969844 13.32320683 13.04363166 12.99270312 12.99437234
 13.01829566 13.10139678 13.50434011 13.16326424 13.01631328 12.98879556
 13.08107921 13.00248502 13.03415828 12.98486971 12.99065852 13.00687697
 13.00651175 13.02314088 13.00724186 12.99437234 12.98505708 13.01342132
 13.09359798 13.11548133 13.03433463 13.02492808 13.31549956 13.22420598
 13.0202731  12.98580611 13.27860861 13.29262323 13.07908322 13.18537446
 12.98543162 13.04606939 13.00724186 13.11611501 13.03732867 13.30301723
 12.99325993 13.16385562 13.28153777 13.00504976 13.25153271 13.00687697
 13.01015571 12.99288879 13.0521307  13.35795657 13.02170831 13.03732867
 13.02134973 13.19839991 13.00578114 13.01051914 13.31914099 13.06936114
 13.01775541 13.27664712 13.02492808 13.05814521 13.21554129 12.98748888
 13.03996106 13.03978582 13.26573373 13.01667413 13.05282042 13.02063212
 13.16089326 13.02706761 13.24585656 12.98748888 12.99843847 13.30114246
 12.99214605 13.08306984 12.99880712 13.0035851  13.00687697 13.13022628
 13.02278292 13.46122152 13.07875009 13.00064815 12.98730212 13.00614661
 13.3848259  13.0659796  12.99733151 13.05814521 13.50549506 13.03521646
 13.02706761 13.03486388 12.98730212 13.18480208 13.28251074 13.00906426
 13.02920137 13.01233424 12.99696208 13.29642636 12.98655437 13.43336334
 13.20509117 13.05230312 12.99140254 13.10268857 13.14131467 13.147096
 13.02955645 13.03062067 13.12053536 13.14162013 13.02991133 13.10975256
 12.99696208 13.11102959 13.06834821 13.01739513 13.09750772 13.04467739
 13.16148677 13.00906426 13.01739513 13.05057648 13.09945486 13.29452817
 12.99214605 12.98580611 12.98561894 13.13363313 13.06190201 13.06699562
 13.03062067 13.09750772 13.0949035  12.98355707 13.0588296  13.01703466
 13.09913067 13.47219095 12.99363089 13.21390292 13.32004733 13.00064815
 13.0857159  13.24064824 13.0968575  13.11959042 13.01450709 13.26171222
 13.33124184 13.09097992 13.26723452 12.99622307 13.0035851  13.39729796
 13.07222361 13.31732347 13.07808328 13.02671134 13.08933891 13.33827724
 13.10333357 13.12242139 13.08306984 13.10075007 13.08472471 13.03662517
 13.07741593 12.99733151 13.08107921 13.08835257 13.10719177 12.99474271
 13.07774966 13.23644821 13.07037268 13.08999572 13.24792704 13.10719177
 13.27689265 13.09815734 13.09457736 13.1916371  13.09392453 12.99843847
 12.9977006  13.10719177 13.12242139 12.99991218 13.27811886 12.99991218
 13.19615362 13.10462194 13.11611501 13.13115709 12.99917572 12.99363089
 13.13425084 13.31321047 12.99991218 13.35120242 12.99991218 12.98692841
 13.17557491 13.11357683 13.00064815 12.99843847 13.13610049 13.00504976
 13.00138334 13.00064815 13.00724186 13.01811563 13.00724186 12.99696208
 13.00211789 13.00504976 12.99696208 13.01015571] 460
bidsort lists= 460 460
 460
SNAP 40
EPS 0.08956859566682418
galrad= 0.01
!!! agesel
Found 937 stars.
Rotated pos.
Rotated vel.
Calculating circularities
dty= [13.10815313 13.16974123 13.28251074 13.17441235 13.31777844 13.12430244
 13.28831236 12.93611394 13.24403892 12.92995028 13.28299655 12.949487
 13.12680277 13.1252411  13.13548445 13.22715622 12.93154491 13.21116264
 13.28541925 12.92715294 12.92314169 12.94380831 13.21171168 12.93413021
 13.26523262 12.9215322  13.30161177 13.31686813 12.95764718 12.95609864
 13.00101577 13.37199475 13.12336255 13.13640831 13.09457736 13.27270318
 13.18365583 13.18993517 13.25409453 12.92253842 13.31686813 13.14770177
 13.15432962 13.31595614 13.30535136 13.14466767 12.92314169 13.27860861
 12.95629236 12.96496529 13.05230312 12.92655242 13.11927522 12.95182626
 13.29595243 13.25153271 13.36295961 13.3934384  13.29689984 12.93769763
 13.30301723 13.15192696 13.25153271 12.92253842 13.30906453 13.26523262
 12.96208384 13.09359798 13.32275669 12.93094723 13.06087924 12.95648607
 13.27762873 12.95648607 12.95357665 12.9245476  13.14557929 13.20951269
 12.92995028 12.92534999 13.22420598 13.04624321 13.20398091 12.96266095
 13.29737289 13.12742647 13.1842292  12.94479    12.9584204  13.16326424
 13.21717529 13.2546055  13.3104502  13.37604367 12.93432884 13.04013616
 12.96821934 12.94753299 13.37845586 13.28879304 12.98318169 13.203425
 13.21061318 13.36212949 13.11611501 13.33102038 13.06969844 13.16385562
 12.97979538 12.9245476  12.96726348 12.9547416  13.13332411 13.21226024
 13.01667413 13.3443518  13.30860183 13.27319771 13.31091128 13.02349865
 12.95415919 12.92695278 13.31275146 13.30813875 13.28202448 13.28348198
 12.92374439 13.05402602 12.96035046 13.12430244 12.94282554 12.92514956
 13.41535454 12.93987079 12.95764718 12.99733151 12.96419783 13.01486863
 13.43965338 13.08901027 13.31412732 12.97601715 12.9215322  12.97431142
 13.07574484 12.96668951 12.92294066 12.95764718 13.13301497 13.23907673
 13.03627321 13.1916371  13.31549956 12.93829081 13.04048645 13.31137191
 13.31595614 12.9777195  12.9345273  12.92173347 12.95532345 13.0567746
 12.93094723 13.10268857 13.24585656 13.29973201 13.44924036 13.19502746
 12.95996474 12.98054907 12.94361182 13.04606939 12.92935168 13.2591842
 13.31366911 12.96783704 13.19783908 12.94125088 12.92815292 13.31321047
 13.04572157 12.95764718 13.21934721 12.97184175 12.94557455 13.00101577
 13.03203761 12.96054317 12.94577062 12.94144784 13.34607358 12.92935168
 12.96246855 13.34693221 13.32320683 13.04728545 12.93293802 12.98196036
 12.92133077 12.93413021 12.97146112 12.9496822  13.32230612 12.96611513
 12.9345273  13.04711185 12.98954124 12.93393158 12.92735308 12.96515694
 12.93293802 12.97941832 12.96227627 12.94164478 13.06699562 12.96266095
 12.96573195 13.50549506 13.04745891 13.13022628 12.94694585 12.9496822
 13.17499388 13.14648973 12.99251745 13.04363166 13.11102959 12.97601715
 13.30114246 12.93114652 13.03433463 13.39575824 12.94537847 12.960736
 12.94518238 12.98205436 13.40036104 13.05057648 12.93174415 13.06292352
 13.21554129 13.04502564 12.97146112 13.00870005 13.28153777 13.12680277
 13.29642636 12.9638138  12.99714687 13.31959434 13.21417626 13.04711185
 13.25153271 13.16089326 13.21390292 12.9686013  13.28202448 12.98954124
 12.96554034 12.93532088 13.04398033 13.24273711 12.92233721 12.94635844
 13.06122031 13.35795657 13.00211789 13.04780592 12.93194324 12.94243211
 12.99047241 12.97790837 12.98186635 13.31595614 12.94006799 12.93710403
 12.94753299 13.05540153 13.03433463 13.31504254 13.20841022 13.26523262
 13.18708848 13.07908322 13.04467739 13.0502307  12.93690604 13.16385562
 12.94006799 13.06326367 12.92374439 13.36212949 13.22151143 12.95415919
 12.9756384  12.99065852 12.97753047 12.96189139 13.14131467 13.03943529
 13.06462282 12.98073745 13.07875009 13.16621614 13.01775541 13.0916353
 12.92835285 13.03026617 12.95202087 13.2868677  13.27664712 12.94714168
 13.04711185 12.98954124 12.96266095 13.05057648 12.94537847 12.98224235
 13.0259985  13.35162738 13.39266238 12.95338229 12.99288879 12.93014979
 12.98543162 12.93014979 12.97146112 13.01160869 13.06699562 12.99622307
 13.26573373 12.94420112 13.29262323 12.98411984 13.19839991 12.98336932
 13.18537446 12.99251745 13.00614661 12.98879556 13.01595237 12.93611394
 12.94125088 13.14162013 13.18594629 13.10139678 13.02314088 12.98935491
 13.01051914 13.03380512 13.14162013 13.4996791  12.98167833 13.0202731
 13.12742647 12.97715236 12.99325993 12.93154491 12.99806963 13.36790971
 13.03026617 13.04048645 13.13115709 13.04936554 13.39421307 12.96841033
 12.96112133 12.96227627 13.3848259  13.00578114 13.12053536 12.94479
 12.95629236 13.03768006 12.9584204  12.9977006  12.92534999 12.99047241
 12.94125088 13.0567746  13.11230432 12.95648607 13.14345029 12.9811139
 13.03592106 12.95880678 12.9977006  13.00395159 13.04641702 13.03415828
 13.08008191 13.04641702 13.01955462 12.95880678 12.93690604 13.06631848
 12.92655242 12.92374439 12.98036081 12.95454747 13.11102959 12.95957895
 13.16326424 13.17441235 12.93094723 12.96342971 12.93333557 13.01342132
 12.96707212 12.97222219 12.9910307  13.00797134 13.07741593 13.02099095
 13.01160869 12.99954397 12.92414617 12.92755306 13.0536817  13.01342132
 13.29452817 13.00248502 12.92534999 13.06902366 12.98073745 13.27319771
 12.93492419 13.4011234  12.93074793 12.97336233 12.97904106 12.94635844
 12.95687331 12.92334256 13.03732867 12.93094723 12.97412171 12.99214605
 13.13363313 13.01631328 12.94203861 13.04693809 12.99140254 12.99325993
 13.06868599 12.94675016 12.93651002 12.93690604 12.95919297 12.92655242
 12.97601715 12.97146112 13.05230312 12.93888357 12.98449494 13.02813514
 12.95357665 13.00083197 12.98205436 12.93014979 12.98054907 12.93373292
 12.9843074  12.98054907 12.96342971 13.0035851  12.92815292 13.12242139
 13.02492808 12.94085678 13.11548133 12.93273915 13.00395159 13.13671595
 12.96649811 13.12867218 12.98167833 13.09913067 13.00285181 13.04048645
 13.28105067 13.0502307  12.97847492 13.0380314  12.92815292 13.03996106
 13.28251074 12.98954124 13.03062067 12.98842235 13.00724186 12.92815292
 13.00651175 12.98748888 13.03486388 12.97184175 13.04676446 12.96974643
 12.96649811 13.04641702 12.96496529 12.98205436 12.98318169 12.99288879
 12.96841033 12.93174415 13.05057648 12.98879556 13.02920137 13.12742647
 12.98092569 13.02134973 12.98674147 13.03732867 13.03521646 13.05299279
 13.02170831 13.30581695 13.01233424 13.24741012 13.01811563 13.01667413
 12.98318169 13.31914099 13.20509117 12.960736   12.98916843 12.97450111
 13.09097992 12.97184175 13.01991388 12.97715236 13.02955645 13.05230312
 13.43336334 13.06309357 13.05968429 13.00468385 12.94361182 12.93571751
 12.93174415 12.92494897 12.97108028 13.26171222 13.03062067 13.05230312
 12.93254012 12.98655437 12.99140254 12.9345273  12.98730212 13.147096
 13.05660306 12.93651002 13.05540153 12.95726034 13.05437014 12.97450111
 12.960736   12.98318169 13.01703466 13.23855194 13.10139678 13.07171926
 12.98655437 13.04467739 12.97979538 13.00541548 12.94518238 12.9498774
 12.97260243 13.11452969 13.24792704 12.99325993 13.04293388 12.98092569
 12.96304543 13.03062067 13.01305916 12.95065746 13.04153619 12.95026746
 13.01414536 13.07222361 12.98916843 12.93888357 13.02278292 13.05057648
 12.99622307 12.9843074  13.01051914 13.06851718 12.99363089 13.03539259
 13.02278292 12.9814903  12.94596667 12.98655437 12.99696208 13.04676446
 13.0804145  12.95803382 12.94792411 13.2692293  13.01486863 13.02492808
 13.04502564 12.99065852 13.01739513 12.93611394 13.05057648 12.98505708
 13.00248502 13.01522998 13.00687697 12.96573195 12.96227627 13.09750772
 13.13855914 12.94753299 12.97904106 13.11230432 13.05402602 13.03345192
 12.96726348 13.02564193 13.21390292 12.94675016 12.93927853 13.33124184
 13.07875009 13.00504976 12.95221546 12.95026746 12.94675016 12.98468233
 12.98692841 13.24792704 13.04988487 13.07774966 13.02564193 12.96266095
 12.93333557 13.07691497 12.94753299 12.96879226 12.96649811 12.97525945
 12.98167833 12.97298248 13.02849065 12.98543162 12.95493556 12.96304543
 12.99047241 12.97146112 13.03873365 12.97336233 13.07741593 13.1255537
 12.95454747 13.08999572 12.96035046 12.9938162  13.11959042 13.18537446
 13.18480208 12.98748888 13.03026617 13.07323137 12.98505708 13.07674791
 13.0949035  13.00578114 13.47219095 13.31137191 13.16856828 12.9977006
 13.04101145 13.00064815 13.10010269 12.94243211 13.01829566 13.06224266
 12.95143686 13.0804145  12.98879556 13.02991133 12.93591573 12.98655437
 12.9801724  12.99270312 13.12430244 13.00175071 13.10397805 13.147096
 12.93848841 13.02206671 12.96764586 13.08340112 13.00833579 12.93254012
 12.98580611 13.22043027 12.94635844 13.1348679  12.98580611 13.06699562
 13.02955645 12.99880712 12.95919297 12.99622307 12.94635844 12.96841033
 12.95532345 12.97979538 13.02457094 13.01667413 13.00578114 13.00724186
 13.00724186 13.00101577 13.00833579 13.01991388 13.14588295 12.95454747
 13.16739327 13.10815313 13.00651175 13.02457094 13.02063212 13.14588295
 13.00614661 13.03380512 12.9767742  12.960736   12.9843074  13.10943297
 13.1579177  12.93054861 13.04780592 13.46122152 12.9703183  12.94753299
 13.12742647 13.0804145  12.92213598 13.04467739 13.14891165 13.00064815
 13.312292   13.17208089 13.16503694 13.01739513 13.21061318 13.10847332
 12.93492419 12.99917572 13.00979194 13.02242491 12.92855276 13.00504976
 13.03203761 12.98879556 12.95571115 12.95221546 12.97525945 13.00651175
 13.2279583  13.39188498 12.94596667 13.12242139 13.12242139 12.92334256
 13.18020483 13.0588296  13.11548133 12.94596667 13.11452969 12.93254012
 13.19839991 13.09945486 13.19839991 13.0202731  12.99696208 13.02813514
 12.93413021 12.95687331 13.01233424 13.08604598 13.26221647 13.03380512
 13.10975256 13.0259985  12.93769763 13.04867275 13.01305916 12.97979538
 13.16148677 13.0035851  13.01595237 13.02242491 13.03521646 13.03768006
 13.02742355 13.02170831 13.02777944 13.02278292 13.02564193 13.03309866
 13.01811563 13.0380314  13.00651175 13.03873365 13.02242491 13.01522998
 13.02099095 12.93254012 13.15312937 13.04153619 13.04502564 13.14223074
 13.06834821 13.05814521 13.02528503 13.04188586 13.04641702 13.19502746
 13.00979194 13.04223534 13.03274507 13.25204598 13.16029918 13.03943529
 13.07574484 13.08505527 13.08373228 13.08637593 13.06496224 12.93333557
 13.06902366 13.39149574 13.11039133 13.06394355 12.95377084 13.18193265
 13.26120751 13.05195814 13.1348679  13.2279583  13.05951352 13.07373471
 13.05951352 13.16503694 13.12116456 13.14284077 13.2632236  12.94282554
 13.12991576 12.94046249 13.18193265 13.14100902 13.1579177  13.32320683
 13.18020483 13.12742647 13.51931522 13.34175763 13.27418541 13.45760116
 12.95919297] 871
glb= [13.10815313 13.16974123 13.28251074 13.17441235 13.31777844 13.12430244
 13.28831236 12.93611394 13.24403892 12.92995028 13.28299655 12.949487
 13.12680277 13.1252411  13.13548445 13.22715622 12.93154491 13.21116264
 13.28541925 12.92715294 12.92314169 12.94380831 13.21171168 12.93413021
 13.26523262 12.9215322  13.30161177 13.31686813 12.95764718 12.95609864
 13.00101577 13.37199475 13.12336255 13.13640831 13.09457736 13.27270318
 13.18365583 13.18993517 13.25409453 12.92253842 13.31686813 13.14770177
 13.15432962 13.31595614 13.30535136 13.14466767 12.92314169 13.27860861
 12.95629236 12.96496529 13.05230312 12.92655242 13.11927522 12.95182626
 13.29595243 13.25153271 13.36295961 13.3934384  13.29689984 12.93769763
 13.30301723 13.15192696 13.25153271 12.92253842 13.30906453 13.26523262
 12.96208384 13.09359798 13.32275669 12.93094723 13.06087924 12.95648607
 13.27762873 12.95648607 12.95357665 12.9245476  13.14557929 13.20951269
 12.92995028 12.92534999 13.22420598 13.04624321 13.20398091 12.96266095
 13.29737289 13.12742647 13.1842292  12.94479    12.9584204  13.16326424
 13.21717529 13.2546055  13.3104502  13.37604367 12.93432884 13.04013616
 12.96821934 12.94753299 13.37845586 13.28879304 12.98318169 13.203425
 13.21061318 13.36212949 13.11611501 13.33102038 13.06969844 13.16385562
 12.97979538 12.9245476  12.96726348 12.9547416  13.13332411 13.21226024
 13.01667413 13.3443518  13.30860183 13.27319771 13.31091128 13.02349865
 12.95415919 12.92695278 13.31275146 13.30813875 13.28202448 13.28348198
 12.92374439 13.05402602 12.96035046 13.12430244 12.94282554 12.92514956
 13.41535454 12.93987079 12.95764718 12.99733151 12.96419783 13.01486863
 13.43965338 13.08901027 13.31412732 12.97601715 12.9215322  12.97431142
 13.07574484 12.96668951 12.92294066 12.95764718 13.13301497 13.23907673
 13.03627321 13.1916371  13.31549956 12.93829081 13.04048645 13.31137191
 13.31595614 12.9777195  12.9345273  12.92173347 12.95532345 13.0567746
 12.93094723 13.10268857 13.24585656 13.29973201 13.44924036 13.19502746
 12.95996474 12.98054907 12.94361182 13.04606939 12.92935168 13.2591842
 13.31366911 12.96783704 13.19783908 12.94125088 12.92815292 13.31321047
 13.04572157 12.95764718 13.21934721 12.97184175 12.94557455 13.00101577
 13.03203761 12.96054317 12.94577062 12.94144784 13.34607358 12.92935168
 12.96246855 13.34693221 13.32320683 13.04728545 12.93293802 12.98196036
 12.92133077 12.93413021 12.97146112 12.9496822  13.32230612 12.96611513
 12.9345273  13.04711185 12.98954124 12.93393158 12.92735308 12.96515694
 12.93293802 12.97941832 12.96227627 12.94164478 13.06699562 12.96266095
 12.96573195 13.50549506 13.04745891 13.13022628 12.94694585 12.9496822
 13.17499388 13.14648973 12.99251745 13.04363166 13.11102959 12.97601715
 13.30114246 12.93114652 13.03433463 13.39575824 12.94537847 12.960736
 12.94518238 12.98205436 13.40036104 13.05057648 12.93174415 13.06292352
 13.21554129 13.04502564 12.97146112 13.00870005 13.28153777 13.12680277
 13.29642636 12.9638138  12.99714687 13.31959434 13.21417626 13.04711185
 13.25153271 13.16089326 13.21390292 12.9686013  13.28202448 12.98954124
 12.96554034 12.93532088 13.04398033 13.24273711 12.92233721 12.94635844
 13.06122031 13.35795657 13.00211789 13.04780592 12.93194324 12.94243211
 12.99047241 12.97790837 12.98186635 13.31595614 12.94006799 12.93710403
 12.94753299 13.05540153 13.03433463 13.31504254 13.20841022 13.26523262
 13.18708848 13.07908322 13.04467739 13.0502307  12.93690604 13.16385562
 12.94006799 13.06326367 12.92374439 13.36212949 13.22151143 12.95415919
 12.9756384  12.99065852 12.97753047 12.96189139 13.14131467 13.03943529
 13.06462282 12.98073745 13.07875009 13.16621614 13.01775541 13.0916353
 12.92835285 13.03026617 12.95202087 13.2868677  13.27664712 12.94714168
 13.04711185 12.98954124 12.96266095 13.05057648 12.94537847 12.98224235
 13.0259985  13.35162738 13.39266238 12.95338229 12.99288879 12.93014979
 12.98543162 12.93014979 12.97146112 13.01160869 13.06699562 12.99622307
 13.26573373 12.94420112 13.29262323 12.98411984 13.19839991 12.98336932
 13.18537446 12.99251745 13.00614661 12.98879556 13.01595237 12.93611394
 12.94125088 13.14162013 13.18594629 13.10139678 13.02314088 12.98935491
 13.01051914 13.03380512 13.14162013 13.4996791  12.98167833 13.0202731
 13.12742647 12.97715236 12.99325993 12.93154491 12.99806963 13.36790971
 13.03026617 13.04048645 13.13115709 13.04936554 13.39421307 12.96841033
 12.96112133 12.96227627 13.3848259  13.00578114 13.12053536 12.94479
 12.95629236 13.03768006 12.9584204  12.9977006  12.92534999 12.99047241
 12.94125088 13.0567746  13.11230432 12.95648607 13.14345029 12.9811139
 13.03592106 12.95880678 12.9977006  13.00395159 13.04641702 13.03415828
 13.08008191 13.04641702 13.01955462 12.95880678 12.93690604 13.06631848
 12.92655242 12.92374439 12.98036081 12.95454747 13.11102959 12.95957895
 13.16326424 13.17441235 12.93094723 12.96342971 12.93333557 13.01342132
 12.96707212 12.97222219 12.9910307  13.00797134 13.07741593 13.02099095
 13.01160869 12.99954397 12.92414617 12.92755306 13.0536817  13.01342132
 13.29452817 13.00248502 12.92534999 13.06902366 12.98073745 13.27319771
 12.93492419 13.4011234  12.93074793 12.97336233 12.97904106 12.94635844
 12.95687331 12.92334256 13.03732867 12.93094723 12.97412171 12.99214605
 13.13363313 13.01631328 12.94203861 13.04693809 12.99140254 12.99325993
 13.06868599 12.94675016 12.93651002 12.93690604 12.95919297 12.92655242
 12.97601715 12.97146112 13.05230312 12.93888357 12.98449494 13.02813514
 12.95357665 13.00083197 12.98205436 12.93014979 12.98054907 12.93373292
 12.9843074  12.98054907 12.96342971 13.0035851  12.92815292 13.12242139
 13.02492808 12.94085678 13.11548133 12.93273915 13.00395159 13.13671595
 12.96649811 13.12867218 12.98167833 13.09913067 13.00285181 13.04048645
 13.28105067 13.0502307  12.97847492 13.0380314  12.92815292 13.03996106
 13.28251074 12.98954124 13.03062067 12.98842235 13.00724186 12.92815292
 13.00651175 12.98748888 13.03486388 12.97184175 13.04676446 12.96974643
 12.96649811 13.04641702 12.96496529 12.98205436 12.98318169 12.99288879
 12.96841033 12.93174415 13.05057648 12.98879556 13.02920137 13.12742647
 12.98092569 13.02134973 12.98674147 13.03732867 13.03521646 13.05299279
 13.02170831 13.30581695 13.01233424 13.24741012 13.01811563 13.01667413
 12.98318169 13.31914099 13.20509117 12.960736   12.98916843 12.97450111
 13.09097992 12.97184175 13.01991388 12.97715236 13.02955645 13.05230312
 13.43336334 13.06309357 13.05968429 13.00468385 12.94361182 12.93571751
 12.93174415 12.92494897 12.97108028 13.26171222 13.03062067 13.05230312
 12.93254012 12.98655437 12.99140254 12.9345273  12.98730212 13.147096
 13.05660306 12.93651002 13.05540153 12.95726034 13.05437014 12.97450111
 12.960736   12.98318169 13.01703466 13.23855194 13.10139678 13.07171926
 12.98655437 13.04467739 12.97979538 13.00541548 12.94518238 12.9498774
 12.97260243 13.11452969 13.24792704 12.99325993 13.04293388 12.98092569
 12.96304543 13.03062067 13.01305916 12.95065746 13.04153619 12.95026746
 13.01414536 13.07222361 12.98916843 12.93888357 13.02278292 13.05057648
 12.99622307 12.9843074  13.01051914 13.06851718 12.99363089 13.03539259
 13.02278292 12.9814903  12.94596667 12.98655437 12.99696208 13.04676446
 13.0804145  12.95803382 12.94792411 13.2692293  13.01486863 13.02492808
 13.04502564 12.99065852 13.01739513 12.93611394 13.05057648 12.98505708
 13.00248502 13.01522998 13.00687697 12.96573195 12.96227627 13.09750772
 13.13855914 12.94753299 12.97904106 13.11230432 13.05402602 13.03345192
 12.96726348 13.02564193 13.21390292 12.94675016 12.93927853 13.33124184
 13.07875009 13.00504976 12.95221546 12.95026746 12.94675016 12.98468233
 12.98692841 13.24792704 13.04988487 13.07774966 13.02564193 12.96266095
 12.93333557 13.07691497 12.94753299 12.96879226 12.96649811 12.97525945
 12.98167833 12.97298248 13.02849065 12.98543162 12.95493556 12.96304543
 12.99047241 12.97146112 13.03873365 12.97336233 13.07741593 13.1255537
 12.95454747 13.08999572 12.96035046 12.9938162  13.11959042 13.18537446
 13.18480208 12.98748888 13.03026617 13.07323137 12.98505708 13.07674791
 13.0949035  13.00578114 13.47219095 13.31137191 13.16856828 12.9977006
 13.04101145 13.00064815 13.10010269 12.94243211 13.01829566 13.06224266
 12.95143686 13.0804145  12.98879556 13.02991133 12.93591573 12.98655437
 12.9801724  12.99270312 13.12430244 13.00175071 13.10397805 13.147096
 12.93848841 13.02206671 12.96764586 13.08340112 13.00833579 12.93254012
 12.98580611 13.22043027 12.94635844 13.1348679  12.98580611 13.06699562
 13.02955645 12.99880712 12.95919297 12.99622307 12.94635844 12.96841033
 12.95532345 12.97979538 13.02457094 13.01667413 13.00578114 13.00724186
 13.00724186 13.00101577 13.00833579 13.01991388 13.14588295 12.95454747
 13.16739327 13.10815313 13.00651175 13.02457094 13.02063212 13.14588295
 13.00614661 13.03380512 12.9767742  12.960736   12.9843074  13.10943297
 13.1579177  12.93054861 13.04780592 13.46122152 12.9703183  12.94753299
 13.12742647 13.0804145  12.92213598 13.04467739 13.14891165 13.00064815
 13.312292   13.17208089 13.16503694 13.01739513 13.21061318 13.10847332
 12.93492419 12.99917572 13.00979194 13.02242491 12.92855276 13.00504976
 13.03203761 12.98879556 12.95571115 12.95221546 12.97525945 13.00651175
 13.2279583  13.39188498 12.94596667 13.12242139 13.12242139 12.92334256
 13.18020483 13.0588296  13.11548133 12.94596667 13.11452969 12.93254012
 13.19839991 13.09945486 13.19839991 13.0202731  12.99696208 13.02813514
 12.93413021 12.95687331 13.01233424 13.08604598 13.26221647 13.03380512
 13.10975256 13.0259985  12.93769763 13.04867275 13.01305916 12.97979538
 13.16148677 13.0035851  13.01595237 13.02242491 13.03521646 13.03768006
 13.02742355 13.02170831 13.02777944 13.02278292 13.02564193 13.03309866
 13.01811563 13.0380314  13.00651175 13.03873365 13.02242491 13.01522998
 13.02099095 12.93254012 13.15312937 13.04153619 13.04502564 13.14223074
 13.06834821 13.05814521 13.02528503 13.04188586 13.04641702 13.19502746
 13.00979194 13.04223534 13.03274507 13.25204598 13.16029918 13.03943529
 13.07574484 13.08505527 13.08373228 13.08637593 13.06496224 12.93333557
 13.06902366 13.39149574 13.11039133 13.06394355 12.95377084 13.18193265
 13.26120751 13.05195814 13.1348679  13.2279583  13.05951352 13.07373471
 13.05951352 13.16503694 13.12116456 13.14284077 13.2632236  12.94282554
 13.12991576 12.94046249 13.18193265 13.14100902 13.1579177  13.32320683
 13.18020483 13.12742647 13.51931522 13.34175763 13.27418541 13.45760116
 12.95919297] 871
bidsort lists= 871 871
 871
SNAP 41
EPS 0.03757203285217835
galrad= 0.01
!!! agesel
Found 755 stars.
Rotated pos.
Rotated vel.
Calculating circularities
dty= [12.88978081 12.92072638 12.92995028 12.91425411 12.8638002  13.12680277
 13.11927522 12.90548484 12.88224951 12.92715294 13.3104502  13.25153271
 12.92534999 12.95764718 12.90384416 12.91769826 13.04624321 13.21116264
 12.949487   13.25409453 13.31595614 13.1252411  12.91323879 12.91769826
 13.10815313 12.92253842 13.37199475 12.90527991 13.1842292  12.91567381
 13.05402602 13.00101577 12.90466491 13.28831236 13.31777844 12.89869833
 13.12742647 12.92294066 12.91466002 13.2546055  13.08901027 13.04013616
 13.05230312 13.16974123 13.31686813 12.95532345 13.13548445 13.29737289
 12.87465824 12.93094723 13.26523262 12.88266956 12.89269345 12.89745905
 13.31366911 12.99733151 13.37845586 13.26523262 12.9215322  12.94380831
 13.17441235 12.96496529 12.93432884 12.87803967 12.93413021 13.30161177
 13.28541925 13.28251074 12.89539004 12.98318169 12.95609864 12.90261179
 12.8784615  13.06087924 12.96821934 13.21717529 13.32275669 12.88852974
 12.90834914 12.95629236 12.91810251 13.12430244 12.94479    13.31091128
 13.24403892 12.92314169 13.22715622 13.03203761 13.31686813 12.95648607
 12.87803967 12.91729366 13.31275146 12.91931447 13.30860183 13.28299655
 13.29689984 12.97431142 12.89890475 12.8784615  13.27270318 12.9215322
 12.96208384 12.90404948 13.18537446 12.90055412 13.25153271 12.88434752
 13.06462282 12.9777195  13.11611501 13.21417626 13.39575824 13.31959434
 13.16385562 13.21171168 12.93293802 13.43965338 13.30906453 13.0567746
 13.16089326 12.88978081 13.12336255 12.93154491 12.93611394 12.90589464
 13.31595614 12.92314169 13.30535136 12.92655242 13.13301497 12.89972985
 13.30813875 13.29595243 13.16326424 12.89269345 13.27860861 13.28202448
 13.19502746 13.26573373 12.87972575 12.96726348 12.90302274 12.97601715
 13.09457736 13.22420598 12.95182626 13.15192696 13.28348198 12.91079714
 13.20398091 12.87930454 12.95338229 13.50549506 12.9345273  12.89476851
 12.96419783 12.92695278 12.87803967 12.95357665 12.87508159 12.90998196
 13.29642636 12.92995028 13.13022628 13.37604367 12.90814486 12.92253842
 13.09359798 13.18365583 12.8964251  13.14557929 12.93094723 12.93987079
 13.04398033 12.86315768 12.93829081 13.27319771 12.94282554 13.00101577
 12.94144784 12.8860226  12.90261179 12.96054317 13.30301723 12.9245476
 13.36295961 13.3934384  13.14131467 13.12430244 12.96668951 13.203425
 12.96515694 12.89103016 12.86743311 13.04048645 13.27762873 12.9547416
 13.14466767 13.15432962 13.21934721 12.95648607 13.04363166 12.94753299
 12.95764718 12.9584204  12.88098857 13.14770177 12.89393904 13.03433463
 13.01667413 12.91810251 13.21226024 12.94243211 13.03627321 13.3848259
 13.31137191 13.11102959 13.27664712 12.90178928 12.92514956 13.16385562
 13.29973201 13.3443518  13.06969844 12.95415919 13.25153271 13.32230612
 12.89435388 12.92092786 12.86315768 12.94361182 12.98054907 13.21061318
 12.92815292 13.04467739 13.05540153 13.32320683 13.30114246 12.95764718
 12.9496822  12.90773611 12.87930454 13.18993517 13.21554129 12.96035046
 12.89269345 13.31549956 13.13640831 13.11102959 12.93769763 13.14162013
 13.13332411 13.00211789 12.91079714 12.89269345 13.36212949 12.92935168
 12.96227627 12.9245476  13.28153777 13.04728545 13.31321047 12.94694585
 12.93393158 13.07908322 13.01595237 13.07574484 12.8763504  13.24585656
 12.9496822  13.13363313 12.90589464 12.97979538 12.91971805 12.89269345
 12.92173347 13.33102038 13.02349865 12.86144222 13.34693221 13.03732867
 12.86230037 13.04572157 12.93174415 12.98196036 12.93413021 13.09913067
 13.31595614 13.29262323 12.90794057 13.20951269 13.29452817 12.94006799
 12.97336233 13.06699562 12.93710403 12.94537847 12.96266095 13.23907673
 12.92032309 12.91931447 13.03433463 13.06326367 13.41535454 12.89725238
 13.04606939 12.94557455 12.90302274 13.10268857 13.05057648 13.04711185
 13.19783908 13.01775541 12.92374439 13.28879304 12.86529779 12.94577062
 12.86572531 12.96246855 13.34607358 12.97601715 12.87930454 12.87972575
 13.31412732 12.97374212 12.93690604 12.96688089 13.2591842  13.01486863
 13.36212949 13.04711185 13.19839991 12.97184175 13.12053536 12.95764718
 12.96783704 13.16621614 13.26523262 12.87508159 12.88769481 12.93194324
 12.90178928 12.93014979 12.90834914 12.89310876 12.9638138  12.96611513
 12.960736   12.92052474 13.06292352 12.89849189 12.95996474 12.94164478
 12.95357665 12.90998196 12.88894697 12.98543162 12.96189139 13.28251074
 12.94125088 13.06122031 12.91830461 12.88978081 12.93492419 13.44924036
 12.92835285 13.0202731  13.04711185 12.9345273  12.94125088 12.94006799
 13.04502564 13.04780592 13.04884611 12.88182941 12.89972985 13.14648973
 12.87381105 12.88056784 12.97146112 12.97715236 12.95221546 12.94635844
 12.89186222 12.94518238 12.87423482 13.01631328 12.97753047 12.94361182
 12.92052474 12.99140254 13.19559079 12.93293802 12.92133077 12.90466491
 12.8784615  12.98205436 13.1916371  12.91323879 12.96342971 12.97298248
 12.98336932 12.95454747 13.00870005 12.95415919 12.96266095 12.87296303
 13.02314088 12.91931447 13.14162013 13.21390292 12.93611394 12.96266095
 12.97941832 12.90977794 12.86294338 12.87972575 12.94420112 12.98879556
 12.96227627 12.99047241 12.97146112 12.99251745 13.07875009 13.03943529
 13.03026617 12.86998934 13.03380512 13.00614661 12.94085678 12.98073745
 13.04745891 12.96342971 13.01051914 12.90998196 12.8801469  12.94125088
 12.92534999 13.00797134 12.96573195 12.87423482 12.96112133 12.91891069
 13.0502307  13.0259985  12.89269345 13.4011234  12.89766571 12.96764586
 13.04048645 13.01160869 13.26171222 13.27072076 12.90548484 12.87761763
 12.97184175 13.31412732 13.08008191 13.01160869 12.8640143  12.93074793
 12.96649811 12.98954124 13.18708848 13.27319771 12.94537847 12.96974643
 12.92655242 13.22151143 12.99954397 12.99954397 13.39266238 13.02242491
 12.90548484 12.98954124 12.97184175 12.93690604 12.97790837 13.31504254
 12.92755306 13.28202448 12.94479    13.43336334 13.12742647 13.39421307
 12.92233721 12.91931447 13.10590801 13.35162738 13.03026617 12.94714168
 13.03768006 13.03592106 13.04258464 12.98879556 13.4996791  13.03415828
 12.87972575 12.98655437 12.92374439 12.89310876 13.01919502 12.90896174
 13.27615563 12.93690604 12.9009661  12.93174415 12.91038965 13.00395159
 13.03521646 13.18594629 12.94203861 13.14648973 13.02955645 12.92334256
 13.20841022 13.02242491 13.04641702 12.99325993 13.36790971 12.92052474
 13.12242139 12.99047241 12.88392831 13.06902366 12.97525945 12.93333557
 12.97941832 13.17441235 12.91648415 12.90834914 12.99288879 12.93273915
 12.99214605 12.95629236 12.98468233 12.99325993 13.0567746  12.9584204
 12.90916596 12.98092569 12.93174415 13.04641702 12.97753047 12.92815292
 13.02920137 12.89144629 12.89518293 13.12867218 12.93888357 13.30581695
 13.09392453 12.9345273  12.90794057 13.0491925  13.10139678 12.99622307
 12.93651002 13.03062067 13.00285181 13.04676446 13.19896025 12.90875765
 12.93014979 12.96419783 12.98748888 13.16326424 12.99288879 12.87253879
 12.97412171 13.2868677  12.90671348 13.04641702 13.00614661 12.96649811
 12.98054907 12.97069939 12.97260243 12.91364499 13.12742647 13.20509117
 12.91931447 12.94675016 12.96573195 13.04641702 13.03521646 12.98543162
 12.94006799 13.00321855 12.9814903  13.02813514 12.90137772 13.04223534
 13.07407013 12.87972575 13.21171168 12.95996474 12.97847492 12.97450111
 12.88434752 12.9767742  12.93730201 13.02134973 12.98318169 12.8801469
 13.08373228 12.88350888 12.9843074  12.92213598 13.05230312 12.99288879
 12.98205436 12.98167833 12.96707212 13.04467739 12.96955568 12.960736
 13.05540153 12.99917572 13.05402602 12.96649811 12.93651002 13.13053669
 12.9958532  12.92213598 13.01883537 12.93254012 13.35162738 13.16856828
 13.03380512 12.98748888 13.00321855 12.95996474 12.98054907 12.95687331
 13.02564193 13.01811563 13.00468385 12.9965926  13.0453737  12.96266095
 12.96573195 12.99028629 12.97601715 12.97108028 12.95221546 13.01883537
 13.03062067 13.00431775 12.90712267 13.01739513 12.98468233 12.9843074
 12.95026746 13.0636037  12.96150646 12.98280611 12.87296303 12.92775303
 12.8640143  13.13177692 12.95454747 12.90014209 12.97601715 13.09294433
 13.31137191 13.21499567 12.99696208 12.95377084 12.97184175 12.90261179
 12.91891069 13.05471408 12.99880712 12.96726348 13.00413475 13.02492808
 13.0536817  13.05161297 12.8801469  12.88140909 12.99511302 12.8784615
 12.99733151 13.31959434 12.99880712 13.05126762 12.96611513 13.10139678
 13.01051914 12.95221546 12.87253879 13.03239144 12.92855276 13.10462194
 13.03062067 13.06699562 12.98580611 12.93591573 12.88769481 13.04467739
 13.04815288 13.04953871 12.87168981 13.03943529 13.04572157 13.18480208
 13.03943529 13.05608837 13.0588296  12.96227627 13.05040367 13.05608837
 12.93848841 13.10975256 12.88266956 13.00833579 13.15312937 13.00651175
 13.06292352 13.04711185 13.06868599 13.04328279 13.13301497 13.06122031
 13.07373471 12.98355707 12.96035046 12.97317241 12.8801469  13.05505783
 13.33212675 13.02528503 13.06053812 13.02706761 12.88098857 13.12492839
 13.06275339 12.960736   12.95026746 12.99325993 13.15072241 13.09359798
 13.41498615 13.07490798 13.27171288 12.8801469  13.20841022 12.97184175
 13.06326367 13.05057648 13.34778928 13.09815734 12.93254012 12.8801469
 13.06631848 13.07908322 13.01919502 13.03239144 13.22902617 13.08107921
 13.11611501 13.09425104 12.93174415 12.97488045 13.08966737 12.8784615
 13.03415828 12.92855276 12.98355707 13.08439404 13.08306984 13.27811886
 13.22474344 12.89227794 13.07373471 12.95415919 13.10462194 13.39305059
 13.01450709 12.87761763 13.07104624 13.13855914 12.88140909 12.90753165
 13.0035851  13.13610049 13.14951576 12.99733151 13.12242139 12.99474271
 12.90589464 12.99843847 12.99843847 12.88936399 12.97866374 12.9910307
 13.18365583 13.46577845 12.99991218 13.2279583  12.99991218 13.16856828
 12.99991218 13.13115709 13.05195814 13.14223074 13.04711185 13.13363313
 12.88518548 13.20619949 13.2489595  12.88936399 12.96227627] 815
glb= [12.88978081 12.92072638 12.92995028 12.91425411 12.8638002  13.12680277
 13.11927522 12.90548484 12.88224951 12.92715294 13.3104502  13.25153271
 12.92534999 12.95764718 12.90384416 12.91769826 13.04624321 13.21116264
 12.949487   13.25409453 13.31595614 13.1252411  12.91323879 12.91769826
 13.10815313 12.92253842 13.37199475 12.90527991 13.1842292  12.91567381
 13.05402602 13.00101577 12.90466491 13.28831236 13.31777844 12.89869833
 13.12742647 12.92294066 12.91466002 13.2546055  13.08901027 13.04013616
 13.05230312 13.16974123 13.31686813 12.95532345 13.13548445 13.29737289
 12.87465824 12.93094723 13.26523262 12.88266956 12.89269345 12.89745905
 13.31366911 12.99733151 13.37845586 13.26523262 12.9215322  12.94380831
 13.17441235 12.96496529 12.93432884 12.87803967 12.93413021 13.30161177
 13.28541925 13.28251074 12.89539004 12.98318169 12.95609864 12.90261179
 12.8784615  13.06087924 12.96821934 13.21717529 13.32275669 12.88852974
 12.90834914 12.95629236 12.91810251 13.12430244 12.94479    13.31091128
 13.24403892 12.92314169 13.22715622 13.03203761 13.31686813 12.95648607
 12.87803967 12.91729366 13.31275146 12.91931447 13.30860183 13.28299655
 13.29689984 12.97431142 12.89890475 12.8784615  13.27270318 12.9215322
 12.96208384 12.90404948 13.18537446 12.90055412 13.25153271 12.88434752
 13.06462282 12.9777195  13.11611501 13.21417626 13.39575824 13.31959434
 13.16385562 13.21171168 12.93293802 13.43965338 13.30906453 13.0567746
 13.16089326 12.88978081 13.12336255 12.93154491 12.93611394 12.90589464
 13.31595614 12.92314169 13.30535136 12.92655242 13.13301497 12.89972985
 13.30813875 13.29595243 13.16326424 12.89269345 13.27860861 13.28202448
 13.19502746 13.26573373 12.87972575 12.96726348 12.90302274 12.97601715
 13.09457736 13.22420598 12.95182626 13.15192696 13.28348198 12.91079714
 13.20398091 12.87930454 12.95338229 13.50549506 12.9345273  12.89476851
 12.96419783 12.92695278 12.87803967 12.95357665 12.87508159 12.90998196
 13.29642636 12.92995028 13.13022628 13.37604367 12.90814486 12.92253842
 13.09359798 13.18365583 12.8964251  13.14557929 12.93094723 12.93987079
 13.04398033 12.86315768 12.93829081 13.27319771 12.94282554 13.00101577
 12.94144784 12.8860226  12.90261179 12.96054317 13.30301723 12.9245476
 13.36295961 13.3934384  13.14131467 13.12430244 12.96668951 13.203425
 12.96515694 12.89103016 12.86743311 13.04048645 13.27762873 12.9547416
 13.14466767 13.15432962 13.21934721 12.95648607 13.04363166 12.94753299
 12.95764718 12.9584204  12.88098857 13.14770177 12.89393904 13.03433463
 13.01667413 12.91810251 13.21226024 12.94243211 13.03627321 13.3848259
 13.31137191 13.11102959 13.27664712 12.90178928 12.92514956 13.16385562
 13.29973201 13.3443518  13.06969844 12.95415919 13.25153271 13.32230612
 12.89435388 12.92092786 12.86315768 12.94361182 12.98054907 13.21061318
 12.92815292 13.04467739 13.05540153 13.32320683 13.30114246 12.95764718
 12.9496822  12.90773611 12.87930454 13.18993517 13.21554129 12.96035046
 12.89269345 13.31549956 13.13640831 13.11102959 12.93769763 13.14162013
 13.13332411 13.00211789 12.91079714 12.89269345 13.36212949 12.92935168
 12.96227627 12.9245476  13.28153777 13.04728545 13.31321047 12.94694585
 12.93393158 13.07908322 13.01595237 13.07574484 12.8763504  13.24585656
 12.9496822  13.13363313 12.90589464 12.97979538 12.91971805 12.89269345
 12.92173347 13.33102038 13.02349865 12.86144222 13.34693221 13.03732867
 12.86230037 13.04572157 12.93174415 12.98196036 12.93413021 13.09913067
 13.31595614 13.29262323 12.90794057 13.20951269 13.29452817 12.94006799
 12.97336233 13.06699562 12.93710403 12.94537847 12.96266095 13.23907673
 12.92032309 12.91931447 13.03433463 13.06326367 13.41535454 12.89725238
 13.04606939 12.94557455 12.90302274 13.10268857 13.05057648 13.04711185
 13.19783908 13.01775541 12.92374439 13.28879304 12.86529779 12.94577062
 12.86572531 12.96246855 13.34607358 12.97601715 12.87930454 12.87972575
 13.31412732 12.97374212 12.93690604 12.96688089 13.2591842  13.01486863
 13.36212949 13.04711185 13.19839991 12.97184175 13.12053536 12.95764718
 12.96783704 13.16621614 13.26523262 12.87508159 12.88769481 12.93194324
 12.90178928 12.93014979 12.90834914 12.89310876 12.9638138  12.96611513
 12.960736   12.92052474 13.06292352 12.89849189 12.95996474 12.94164478
 12.95357665 12.90998196 12.88894697 12.98543162 12.96189139 13.28251074
 12.94125088 13.06122031 12.91830461 12.88978081 12.93492419 13.44924036
 12.92835285 13.0202731  13.04711185 12.9345273  12.94125088 12.94006799
 13.04502564 13.04780592 13.04884611 12.88182941 12.89972985 13.14648973
 12.87381105 12.88056784 12.97146112 12.97715236 12.95221546 12.94635844
 12.89186222 12.94518238 12.87423482 13.01631328 12.97753047 12.94361182
 12.92052474 12.99140254 13.19559079 12.93293802 12.92133077 12.90466491
 12.8784615  12.98205436 13.1916371  12.91323879 12.96342971 12.97298248
 12.98336932 12.95454747 13.00870005 12.95415919 12.96266095 12.87296303
 13.02314088 12.91931447 13.14162013 13.21390292 12.93611394 12.96266095
 12.97941832 12.90977794 12.86294338 12.87972575 12.94420112 12.98879556
 12.96227627 12.99047241 12.97146112 12.99251745 13.07875009 13.03943529
 13.03026617 12.86998934 13.03380512 13.00614661 12.94085678 12.98073745
 13.04745891 12.96342971 13.01051914 12.90998196 12.8801469  12.94125088
 12.92534999 13.00797134 12.96573195 12.87423482 12.96112133 12.91891069
 13.0502307  13.0259985  12.89269345 13.4011234  12.89766571 12.96764586
 13.04048645 13.01160869 13.26171222 13.27072076 12.90548484 12.87761763
 12.97184175 13.31412732 13.08008191 13.01160869 12.8640143  12.93074793
 12.96649811 12.98954124 13.18708848 13.27319771 12.94537847 12.96974643
 12.92655242 13.22151143 12.99954397 12.99954397 13.39266238 13.02242491
 12.90548484 12.98954124 12.97184175 12.93690604 12.97790837 13.31504254
 12.92755306 13.28202448 12.94479    13.43336334 13.12742647 13.39421307
 12.92233721 12.91931447 13.10590801 13.35162738 13.03026617 12.94714168
 13.03768006 13.03592106 13.04258464 12.98879556 13.4996791  13.03415828
 12.87972575 12.98655437 12.92374439 12.89310876 13.01919502 12.90896174
 13.27615563 12.93690604 12.9009661  12.93174415 12.91038965 13.00395159
 13.03521646 13.18594629 12.94203861 13.14648973 13.02955645 12.92334256
 13.20841022 13.02242491 13.04641702 12.99325993 13.36790971 12.92052474
 13.12242139 12.99047241 12.88392831 13.06902366 12.97525945 12.93333557
 12.97941832 13.17441235 12.91648415 12.90834914 12.99288879 12.93273915
 12.99214605 12.95629236 12.98468233 12.99325993 13.0567746  12.9584204
 12.90916596 12.98092569 12.93174415 13.04641702 12.97753047 12.92815292
 13.02920137 12.89144629 12.89518293 13.12867218 12.93888357 13.30581695
 13.09392453 12.9345273  12.90794057 13.0491925  13.10139678 12.99622307
 12.93651002 13.03062067 13.00285181 13.04676446 13.19896025 12.90875765
 12.93014979 12.96419783 12.98748888 13.16326424 12.99288879 12.87253879
 12.97412171 13.2868677  12.90671348 13.04641702 13.00614661 12.96649811
 12.98054907 12.97069939 12.97260243 12.91364499 13.12742647 13.20509117
 12.91931447 12.94675016 12.96573195 13.04641702 13.03521646 12.98543162
 12.94006799 13.00321855 12.9814903  13.02813514 12.90137772 13.04223534
 13.07407013 12.87972575 13.21171168 12.95996474 12.97847492 12.97450111
 12.88434752 12.9767742  12.93730201 13.02134973 12.98318169 12.8801469
 13.08373228 12.88350888 12.9843074  12.92213598 13.05230312 12.99288879
 12.98205436 12.98167833 12.96707212 13.04467739 12.96955568 12.960736
 13.05540153 12.99917572 13.05402602 12.96649811 12.93651002 13.13053669
 12.9958532  12.92213598 13.01883537 12.93254012 13.35162738 13.16856828
 13.03380512 12.98748888 13.00321855 12.95996474 12.98054907 12.95687331
 13.02564193 13.01811563 13.00468385 12.9965926  13.0453737  12.96266095
 12.96573195 12.99028629 12.97601715 12.97108028 12.95221546 13.01883537
 13.03062067 13.00431775 12.90712267 13.01739513 12.98468233 12.9843074
 12.95026746 13.0636037  12.96150646 12.98280611 12.87296303 12.92775303
 12.8640143  13.13177692 12.95454747 12.90014209 12.97601715 13.09294433
 13.31137191 13.21499567 12.99696208 12.95377084 12.97184175 12.90261179
 12.91891069 13.05471408 12.99880712 12.96726348 13.00413475 13.02492808
 13.0536817  13.05161297 12.8801469  12.88140909 12.99511302 12.8784615
 12.99733151 13.31959434 12.99880712 13.05126762 12.96611513 13.10139678
 13.01051914 12.95221546 12.87253879 13.03239144 12.92855276 13.10462194
 13.03062067 13.06699562 12.98580611 12.93591573 12.88769481 13.04467739
 13.04815288 13.04953871 12.87168981 13.03943529 13.04572157 13.18480208
 13.03943529 13.05608837 13.0588296  12.96227627 13.05040367 13.05608837
 12.93848841 13.10975256 12.88266956 13.00833579 13.15312937 13.00651175
 13.06292352 13.04711185 13.06868599 13.04328279 13.13301497 13.06122031
 13.07373471 12.98355707 12.96035046 12.97317241 12.8801469  13.05505783
 13.33212675 13.02528503 13.06053812 13.02706761 12.88098857 13.12492839
 13.06275339 12.960736   12.95026746 12.99325993 13.15072241 13.09359798
 13.41498615 13.07490798 13.27171288 12.8801469  13.20841022 12.97184175
 13.06326367 13.05057648 13.34778928 13.09815734 12.93254012 12.8801469
 13.06631848 13.07908322 13.01919502 13.03239144 13.22902617 13.08107921
 13.11611501 13.09425104 12.93174415 12.97488045 13.08966737 12.8784615
 13.03415828 12.92855276 12.98355707 13.08439404 13.08306984 13.27811886
 13.22474344 12.89227794 13.07373471 12.95415919 13.10462194 13.39305059
 13.01450709 12.87761763 13.07104624 13.13855914 12.88140909 12.90753165
 13.0035851  13.13610049 13.14951576 12.99733151 13.12242139 12.99474271
 12.90589464 12.99843847 12.99843847 12.88936399 12.97866374 12.9910307
 13.18365583 13.46577845 12.99991218 13.2279583  12.99991218 13.16856828
 12.99991218 13.13115709 13.05195814 13.14223074 13.04711185 13.13363313
 12.88518548 13.20619949 13.2489595  12.88936399 12.96227627] 815
bidsort lists= 815 815
 815
SNAP 42
EPS 0.08626086337512598
galrad= 0.01
!!! agesel
Found 514 stars.
Rotated pos.
Rotated vel.
Calculating circularities
dty= [12.83269571 12.92072638 12.90548484 ... 12.86998934 12.87508159
 13.00724186] 1163
glb= [12.83269571 12.92072638 12.90548484 ... 12.86998934 12.87508159
 13.00724186] 1163
bidsort lists= 1163 1163
 1163
SNAP 43
EPS 0.04957312647922881
galrad= 0.01
!!! agesel
Found 548 stars.
Rotated pos.
Rotated vel.
Calculating circularities
dty= [12.95532345 12.75539683 13.03203761 ... 12.94400479 12.76227667
 13.02457094] 1644
glb= [12.95532345 12.75539683 13.03203761 ... 12.94400479 12.76227667
 13.02457094] 1644
bidsort lists= 1644 1644
 1644
SNAP 44
EPS 0.040717169025901126
galrad= 0.01
!!! agesel
Found 1743 stars.
Rotated pos.
Rotated vel.
Calculating circularities
dty= [12.68944334 12.92995028 12.76345833 ... 12.79350159 12.76345833
 12.88476653] 3243
glb= [12.68944334 12.92995028 12.76345833 ... 12.79350159 12.76345833
 12.88476653] 3243
bidsort lists= 3243 3243
 3243
SNAP 45
EPS 0.18309349029123476
galrad= 0.01
!!! agesel
Found 3761 stars.
Rotated pos.
Rotated vel.
Calculating circularities
dty= [12.64413073 12.72229512 12.97184175 ... 13.15192696 12.64360566
 12.83754504] 4367
glb= [12.64413073 12.72229512 12.97184175 ... 13.15192696 12.64360566
 12.83754504] 4367
bidsort lists= 4367 4367
 4367
SNAP 46
EPS 0.1260569120147603
galrad= 0.01
!!! agesel
Found 3636 stars.
Rotated pos.
Rotated vel.
Calculating circularities
dty= [12.47789788 12.49039615 12.51243043 ... 12.52692008 12.54068135
 13.225817  ] 7049
glb= [12.47789788 12.49039615 12.51243043 ... 12.52692008 12.54068135
 13.225817  ] 7049
bidsort lists= 7049 7049
 7049
SNAP 47
EPS 0.08948314183502154
galrad= 0.01
!!! agesel
Found 2982 stars.
Rotated pos.
Rotated vel.
Calculating circularities
dty= [12.76345833 12.39601515 12.95532345 ... 13.23128903 12.4007605
 12.41145917] 9732
glb= [12.76345833 12.39601515 12.95532345 ... 13.23128903 12.4007605
 12.41145917] 9732
bidsort lists= 9732 9732
 9732
SNAP 48
EPS 0.023978979439626846
galrad= 0.01
!!! agesel
Found 3959 stars.
Rotated pos.
Rotated vel.
Calculating circularities
dty= [12.59866669 12.83269571 12.40863496 ... 12.81845398 12.66391274
 13.00431775] 13207
glb= [12.59866669 12.83269571 12.40863496 ... 12.81845398 12.66391274
 13.00431775] 13207
bidsort lists= 13207 13207
 13207
SNAP 49
EPS -0.006512232727682259
galrad= 0.01
!!! agesel
Found 4074 stars.
Rotated pos.
Rotated vel.
Calculating circularities
dty= [12.83269571 12.13798063 12.20259334 ... 13.13610049 12.61275397
 12.86998934] 17243
glb= [12.83269571 12.13798063 12.20259334 ... 13.13610049 12.61275397
 12.86998934] 17243
bidsort lists= 17243 17243
 17243
SNAP 50
EPS 0.009210151415898532
galrad= 0.01
!!! agesel
Found 4105 stars.
Rotated pos.
Rotated vel.
Calculating circularities
dty= [12.40863496 12.83269571 13.31137191 ... 12.58331482 12.60735482
 12.72767826] 21422
glb= [12.40863496 12.83269571 13.31137191 ... 12.58331482 12.60735482
 12.72767826] 21422
bidsort lists= 21422 21422
 21422
SNAP 51
EPS 0.05251408693851485
galrad= 0.01
!!! agesel
Found 7598 stars.
Rotated pos.
Rotated vel.
Calculating circularities
dty= [12.76345833 12.59866669 11.89210422 ... 12.5910143  12.43385411
 12.61598212] 30487
glb= [12.76345833 12.59866669 11.89210422 ... 12.5910143  12.43385411
 12.61598212] 30487
bidsort lists= 30487 30487
 30487
SNAP 52
EPS 0.08311419124651383
galrad= 0.01
!!! agesel
Found 4299 stars.
Rotated pos.
Rotated vel.
Calculating circularities
dty= [12.76345833 12.83269571 12.88978081 ... 12.396332   12.30889143
 12.35846223] 35880
glb= [12.76345833 12.83269571 12.88978081 ... 12.396332   12.30889143
 12.35846223] 35880
bidsort lists= 35880 35880
 35880
SNAP 53
EPS 0.13025789625815523
galrad= 0.01
!!! agesel
Found 4183 stars.
Rotated pos.
Rotated vel.
Calculating circularities
dty= [12.83269571 11.90013685 12.19196609 ... 12.32360093 12.40643438
 12.32626017] 43045
glb= [12.83269571 11.90013685 12.19196609 ... 12.32360093 12.40643438
 12.32626017] 43045
bidsort lists= 43045 43045
 43045
SNAP 54
EPS 0.16694750025769003
galrad= 0.01
!!! agesel
Found 4948 stars.
Rotated pos.
Rotated vel.
Calculating circularities
dty= [12.76345833 12.49984172 12.88978081 ... 12.24022104 12.2360048
 12.32360093] 49911
glb= [12.76345833 12.49984172 12.88978081 ... 12.24022104 12.2360048
 12.32360093] 49911
bidsort lists= 49911 49911
 49911
SNAP 55
EPS 0.16401204789140025
galrad= 0.01
!!! agesel
Found 4871 stars.
Rotated pos.
Rotated vel.
Calculating circularities
dty= [12.76345833 13.03203761 12.83269571 ... 12.51708437 12.24652472
 12.2590583 ] 58204
glb= [12.76345833 13.03203761 12.83269571 ... 12.51708437 12.24652472
 12.2590583 ] 58204
bidsort lists= 58204 58204
 58204
SNAP 56
EPS 0.1555716154341225
galrad= 0.01
!!! agesel
Found 4732 stars.
Rotated pos.
Rotated vel.
Calculating circularities
dty= [12.76345833 11.8221859  12.83269571 ... 12.62134347 12.26666928
 12.30215847] 65226
glb= [12.76345833 11.8221859  12.83269571 ... 12.62134347 12.26666928
 12.30215847] 65226
bidsort lists= 65226 65226
 65226
SNAP 57
EPS 0.1878444360191372
galrad= 0.01
!!! agesel
Found 5812 stars.
Rotated pos.
Rotated vel.
Calculating circularities
dty= [12.76345833 12.88978081 12.83269571 ... 12.91526849 13.40960764
 12.65145729] 74539
glb= [12.76345833 12.88978081 12.83269571 ... 12.91526849 13.40960764
 12.65145729] 74539
bidsort lists= 74539 74539
 74539
SNAP 58
EPS 0.18601248928321285
galrad= 0.01
!!! agesel
Found 5436 stars.
Rotated pos.
Rotated vel.
Calculating circularities
dty= [12.76345833 12.88978081 12.3340451  ... 12.23459704 12.58110627
 12.18889132] 81624
glb= [12.76345833 12.88978081 12.3340451  ... 12.23459704 12.58110627
 12.18889132] 81624
bidsort lists= 81624 81624
 81624
SNAP 59
EPS 0.2225511684888935
galrad= 0.01
!!! agesel
Found 4564 stars.
Rotated pos.
Rotated vel.
Calculating circularities
dty= [12.76345833 11.86716148 12.3340451  ... 12.38743427 12.62774616
 12.42270078] 89214
glb= [12.76345833 11.86716148 12.3340451  ... 12.38743427 12.62774616
 12.42270078] 89214
bidsort lists= 89214 89214
 89214
SNAP 60
EPS 0.26258652516099046
galrad= 0.01
!!! agesel
Found 5719 stars.
Rotated pos.
Rotated vel.
Calculating circularities
dty= [12.51490497 12.76345833 11.85883149 ... 12.13218697 12.95764718
 12.89103016] 98739
glb= [12.51490497 12.76345833 11.85883149 ... 12.13218697 12.95764718
 12.89103016] 98739
bidsort lists= 98739 98739
 98739
SNAP 61
EPS 0.2854883036003464
galrad= 0.01
!!! agesel
Found 6374 stars.
Rotated pos.
Rotated vel.
Calculating circularities
dty= [11.8632713  13.31137191 12.20025771 ... 11.96179225 11.54620201
 11.63173205] 110055
glb= [11.8632713  13.31137191 12.20025771 ... 11.96179225 11.54620201
 11.63173205] 110055
bidsort lists= 110055 110055
 110055
SNAP 62
EPS 0.3167240648949254
galrad= 0.01
!!! agesel
Found 9266 stars.
Rotated pos.
Rotated vel.
Calculating circularities
dty= [12.65197887 11.72109245 11.42216574 ... 11.58296639 10.42492471
 10.84902076] 124310
glb= [12.65197887 11.72109245 11.42216574 ... 11.58296639 10.42492471
 10.84902076] 124310
bidsort lists= 124310 124310
 124310
SNAP 63
EPS 0.3031309310220983
galrad= 0.01
!!! agesel
Found 10000 stars.
Rotated pos.
Rotated vel.
Calculating circularities
dty= [12.76345833 13.03203761 12.83269571 ... 11.13550014 10.34765209
 10.11859839] 137388
glb= [12.76345833 13.03203761 12.83269571 ... 11.13550014 10.34765209
 10.11859839] 137388
bidsort lists= 137388 137388
 137388
SNAP 64
EPS 0.3597371664896951
galrad= 0.01
!!! agesel
Found 9185 stars.
Rotated pos.
Rotated vel.
Calculating circularities
dty= [12.76345833 11.88639235 12.88978081 ... 11.30087215 11.10238526
 12.9498774 ] 153393
glb= [12.76345833 11.88639235 12.88978081 ... 11.30087215 11.10238526
 12.9498774 ] 153393
bidsort lists= 153393 153393
 153393
SNAP 65
EPS 0.36952422573168026
galrad= 0.01
!!! agesel
Found 8385 stars.
Rotated pos.
Rotated vel.
Calculating circularities
dty= [12.51490497 12.76345833 12.3340451  ... 11.08148941 11.11544102
 13.27467865] 166293
glb= [12.51490497 12.76345833 12.3340451  ... 11.08148941 11.11544102
 13.27467865] 166293
bidsort lists= 166293 166293
 166293
SNAP 66
EPS 0.3994296149764212