loading halo 26 level 4
/eagle/projects/Auriga/Auriga/level4/Original/mergertrees/Au-26/trees_sf1_127
Hubble parameter= 0.6777
There are 1597 trees in file /eagle/projects/Auriga/Auriga/level4/Original/mergertrees/Au-26/trees_sf1_127.0.hdf5
Loading desc (Descendant) for blockname /Tree0.
Loading fnum (FileNr) for blockname /Tree0.
Loading fhfg (FirstHaloInFOFGroup) for blockname /Tree0.
Loading fpin (FirstProgenitor) for blockname /Tree0.
Loading fmc2 (Group_M_Crit200) for blockname /Tree0.
Loading fmm2 (Group_M_Mean200) for blockname /Tree0.
Loading fmt2 (Group_M_TopHat200) for blockname /Tree0.
Loading frc2 (Group_R_Crit200) for blockname /Tree0.
Loading nhfg (NextHaloInFOFGroup) for blockname /Tree0.
Loading npin (NextProgenitor) for blockname /Tree0.
Loading snum (SnapNum) for blockname /Tree0.
Loading sbhm (SubhaloBHMass) for blockname /Tree0.
Loading sbhd (SubhaloBHMdot) for blockname /Tree0.
Loading sgmt (SubhaloGasMetallicity) for blockname /Tree0.
Loading sgmf (SubhaloGasMetallicitySfr) for blockname /Tree0.
Loading sgnr (SubhaloGrNr) for blockname /Tree0.
Loading shmt (SubhaloHalfmassRadType) for blockname /Tree0.
Key SubhaloIDMostBound not found in conversion table, skipping.
Loading slen (SubhaloLen) for blockname /Tree0.
Loading slty (SubhaloLenType) for blockname /Tree0.
Loading smit (SubhaloMassInRadType) for blockname /Tree0.
Loading smty (SubhaloMassType) for blockname /Tree0.
Loading sbnr (SubhaloNumber) for blockname /Tree0.
Loading soty (SubhaloOffsetType) for blockname /Tree0.
Loading spos (SubhaloPos) for blockname /Tree0.
Loading ssfr (SubhaloSFR) for blockname /Tree0.
Loading ssfi (SubhaloSFRinRad) for blockname /Tree0.
Loading sspi (SubhaloSpin) for blockname /Tree0.
Loading ssmt (SubhaloStarMetallicity) for blockname /Tree0.
Loading ssph (SubhaloStellarPhotometrics) for blockname /Tree0.
Loading svmx (SubhaloVMax) for blockname /Tree0.
Loading svel (SubhaloVel) for blockname /Tree0.
Loading svdi (SubhaloVelDisp) for blockname /Tree0.
galrad= 0.01
!!! agesel
Found 24 stars.
Rotated pos.
Rotated vel.
Calculating circularities
dty= [] 0
glb= [] 0
bidsort lists= 0 0
 0
SNAP 30
EPS nan
galrad= 0.01
!!! agesel
Found 35 stars.
Rotated pos.
Rotated vel.
Calculating circularities
dty= [13.40036104 13.38324188 13.44652547 13.614915  ] 4
glb= [13.40036104 13.38324188 13.44652547 13.614915  ] 4
bidsort lists= 4 4
 4
SNAP 31
EPS 0.10544078690523372
galrad= 0.01
!!! agesel
Found 37 stars.
Rotated pos.
Rotated vel.
Calculating circularities
dty= [13.40036104 13.37280736 13.38324188 13.41165588 13.5212409  13.36872964] 6
glb= [13.40036104 13.37280736 13.38324188 13.41165588 13.5212409  13.36872964] 6
bidsort lists= 6 6
 6
SNAP 32
EPS -7.872273903085064
galrad= 0.01
!!! agesel
Found 69 stars.
Rotated pos.
Rotated vel.
Calculating circularities
dty= [13.33124184 13.5413959  13.5072198  13.37118062 13.41091222 13.43336334
 13.39266238 13.55245779 13.31595614 13.42768722 13.39959732 13.35543496
 13.37280736 13.45327667 13.38719146 13.45327667 13.4291138  13.35374646
 13.34002049 13.32857774 13.45059055] 21
glb= [13.33124184 13.5413959  13.5072198  13.37118062 13.41091222 13.43336334
 13.39266238 13.55245779 13.31595614 13.42768722 13.39959732 13.35543496
 13.37280736 13.45327667 13.38719146 13.45327667 13.4291138  13.35374646
 13.34002049 13.32857774 13.45059055] 21
bidsort lists= 21 21
 21
SNAP 33
EPS 0.025247670852166722
galrad= 0.01
!!! agesel
Found 138 stars.
Rotated pos.
Rotated vel.
Calculating circularities
dty= [13.41091222 13.31595614 13.45059055 13.55245779 13.48035875 13.37280736
 13.38719146 13.35543496 13.43336334 13.33740324 13.32500349 13.39266238
 13.34002049 13.37684916 13.31321047 13.33124184 13.5072198  13.42768722
 13.5413959  13.35543496 13.39959732 13.46513094 13.37118062 13.28007512
 13.30767517 13.45327667 13.29262323 13.39110622 13.27958673 13.4291138
 13.40340244 13.40036104 13.32946736 13.30674687 13.35543496 13.38640434] 36
glb= [13.41091222 13.31595614 13.45059055 13.55245779 13.48035875 13.37280736
 13.38719146 13.35543496 13.43336334 13.33740324 13.32500349 13.39266238
 13.34002049 13.37684916 13.31321047 13.33124184 13.5072198  13.42768722
 13.5413959  13.35543496 13.39959732 13.46513094 13.37118062 13.28007512
 13.30767517 13.45327667 13.29262323 13.39110622 13.27958673 13.4291138
 13.40340244 13.40036104 13.32946736 13.30674687 13.35543496 13.38640434] 36
bidsort lists= 36 36
 36
SNAP 34
EPS -0.10780411381684257
galrad= 0.01
!!! agesel
Found 21 stars.
Rotated pos.
Rotated vel.
Calculating circularities
dty= [13.27517143 13.29452817 13.32410593] 3
glb= [13.27517143 13.29452817 13.32410593] 3
bidsort lists= 3 3
 3
SNAP 35
EPS 0.9188916288976668
galrad= 0.01
!!! agesel
Found 28 stars.
Rotated pos.
Rotated vel.
Calculating circularities
dty= [13.29452817 13.36129783 13.29737289 13.3104502  13.20286866 13.28396695
 13.27517143 13.20619949 13.61945203 13.30020258] 10
glb= [13.29452817 13.36129783 13.29737289 13.3104502  13.20286866 13.28396695
 13.27517143 13.20619949 13.61945203 13.30020258] 10
bidsort lists= 10 10
 10
SNAP 36
EPS -0.007703479680975747
galrad= 0.01
!!! agesel
Found 98 stars.
Rotated pos.
Rotated vel.
Calculating circularities
dty= [13.29547806 13.29831783 13.24169361 13.19952004 13.24689273 13.16621614
 13.22688859 13.22474344 13.15432962 13.16503694 13.18250756 13.27713809
 13.29262323] 13
glb= [13.29547806 13.29831783 13.24169361 13.19952004 13.24689273 13.16621614
 13.22688859 13.22474344 13.15432962 13.16503694 13.18250756 13.27713809
 13.29262323] 13
bidsort lists= 13 13
 13
SNAP 37
EPS -0.010640390446483291
galrad= 0.01
!!! agesel
Found 127 stars.
Rotated pos.
Rotated vel.
Calculating circularities
dty= [13.21826217 13.09945486 13.14830696 13.1373309  13.29831783 13.10719177
 13.14527559 13.12367596 13.17905045 13.22902617 13.22151143 13.18480208
 13.24999016 13.29547806 13.24481859 13.13978513 13.14345029 13.19952004
 13.12680277 13.24169361 13.12116456 13.21226024 13.10847332 13.22688859
 13.23644821 13.12430244 13.32320683 13.16267223 13.23539353] 29
glb= [13.21826217 13.09945486 13.14830696 13.1373309  13.29831783 13.10719177
 13.14527559 13.12367596 13.17905045 13.22902617 13.22151143 13.18480208
 13.24999016 13.29547806 13.24481859 13.13978513 13.14345029 13.19952004
 13.12680277 13.24169361 13.12116456 13.21226024 13.10847332 13.22688859
 13.23644821 13.12430244 13.32320683 13.16267223 13.23539353] 29
bidsort lists= 29 29
 29
SNAP 38
EPS 0.16202212081136624
galrad= 0.01
!!! agesel
Found 288 stars.
Rotated pos.
Rotated vel.
Calculating circularities
dty= [13.24038663 13.21006317 13.15432962 13.11198584 13.16915504 13.08703537
 13.39266238 13.08637593 13.24637488 13.08901027 13.13425084 13.43336334
 13.23960106 13.15970459 13.14375485 13.33124184 13.35543496 13.17383027
 13.55245779 13.38719146 13.09945486 13.05746021 13.23907673 13.31595614
 13.25816991 13.5072198  13.11007204 13.15132494 13.34002049 13.06326367
 13.17702528 13.04641702 13.14345029 13.17149676 13.23697488 13.22528042
 13.24947503 13.0659796  13.1920619  13.12867218 13.04153619 13.17383027
 13.10075007 13.24064824 13.20619949 13.30767517 13.18537446 13.13671595
 13.16385562 13.33827724 13.45059055 13.15492893 13.32589945 13.13702348
 13.23855194 13.23433704 13.07003562 13.18708848 13.17047327 13.17353903
 13.15432962 13.17528445 13.37280736 13.217719   13.14618643 13.14557929
 13.26598414 13.10975256 13.16059627 13.08835257 13.22902617 13.05402602
 13.39959732 13.08637593 13.32049988 13.06019668 13.0567746  13.31321047
 13.14891165 13.09359798 13.06631848 13.48159871 13.0636037  13.1555278
 13.06699562 13.07037268 13.07774966 13.15372975 13.12711468 13.41091222
 13.05985519 13.07974913 13.07171926 13.17032692 13.18680314 13.35543496
 13.13671595 13.06292352 13.09359798 13.06699562 13.13825223 13.16000197
 13.18708848 13.04572157 13.16621614 13.48035875 13.10462194 13.0636037
 13.645227   13.08703537 13.06258311 13.42265406 13.12492839 13.13239624
 13.13455946 13.2327487  13.06699562 13.33740324 13.17353903 13.18993517
 13.20398091 13.06496224 13.40036104 13.16562682 13.27072076 13.15627551
 13.22043027 13.08174338 13.06564066 13.08306984 13.25766205 13.07104624
 13.52989328 13.07641369 13.14648973 13.25816991 13.18135718 13.11990552
 13.23986304 13.11102959 13.13332411 13.20259027 13.09945486 13.10397805
 13.10462194 13.11102959 13.37118062 13.22528042 13.21826217 13.26422903
 13.23697488 13.21171168 13.41313929 13.19896025 13.24689273 13.1261785
 13.05540153 13.13363313 13.10590801 13.30395213 13.32049988] 161
glb= [13.24038663 13.21006317 13.15432962 13.11198584 13.16915504 13.08703537
 13.39266238 13.08637593 13.24637488 13.08901027 13.13425084 13.43336334
 13.23960106 13.15970459 13.14375485 13.33124184 13.35543496 13.17383027
 13.55245779 13.38719146 13.09945486 13.05746021 13.23907673 13.31595614
 13.25816991 13.5072198  13.11007204 13.15132494 13.34002049 13.06326367
 13.17702528 13.04641702 13.14345029 13.17149676 13.23697488 13.22528042
 13.24947503 13.0659796  13.1920619  13.12867218 13.04153619 13.17383027
 13.10075007 13.24064824 13.20619949 13.30767517 13.18537446 13.13671595
 13.16385562 13.33827724 13.45059055 13.15492893 13.32589945 13.13702348
 13.23855194 13.23433704 13.07003562 13.18708848 13.17047327 13.17353903
 13.15432962 13.17528445 13.37280736 13.217719   13.14618643 13.14557929
 13.26598414 13.10975256 13.16059627 13.08835257 13.22902617 13.05402602
 13.39959732 13.08637593 13.32049988 13.06019668 13.0567746  13.31321047
 13.14891165 13.09359798 13.06631848 13.48159871 13.0636037  13.1555278
 13.06699562 13.07037268 13.07774966 13.15372975 13.12711468 13.41091222
 13.05985519 13.07974913 13.07171926 13.17032692 13.18680314 13.35543496
 13.13671595 13.06292352 13.09359798 13.06699562 13.13825223 13.16000197
 13.18708848 13.04572157 13.16621614 13.48035875 13.10462194 13.0636037
 13.645227   13.08703537 13.06258311 13.42265406 13.12492839 13.13239624
 13.13455946 13.2327487  13.06699562 13.33740324 13.17353903 13.18993517
 13.20398091 13.06496224 13.40036104 13.16562682 13.27072076 13.15627551
 13.22043027 13.08174338 13.06564066 13.08306984 13.25766205 13.07104624
 13.52989328 13.07641369 13.14648973 13.25816991 13.18135718 13.11990552
 13.23986304 13.11102959 13.13332411 13.20259027 13.09945486 13.10397805
 13.10462194 13.11102959 13.37118062 13.22528042 13.21826217 13.26422903
 13.23697488 13.21171168 13.41313929 13.19896025 13.24689273 13.1261785
 13.05540153 13.13363313 13.10590801 13.30395213 13.32049988] 161
bidsort lists= 161 161
 161
SNAP 39
EPS 0.0630271568078879
galrad= 0.01
!!! agesel
Found 215 stars.
Rotated pos.
Rotated vel.
Calculating circularities
dty= [12.98767577 13.29547806 13.03345192 13.02528503 12.99548314 13.02349865
 12.99214605 13.03873365 13.19952004 13.04118647 12.98730212 13.07104624
 13.07171926 13.07974913 12.98879556 13.04083655 13.04258464 13.12116456
 13.1373309  13.26523262 13.08373228 13.27615563 13.03274507 13.21061318
 12.99363089 13.02278292 13.12991576 13.01342132 13.21226024 13.29831783
 13.00979194 13.12430244 12.98730212 13.08505527 13.11674817 13.24169361
 13.14100902 13.13301497 13.23644821 13.03239144 12.99991218 13.13917243
 13.11230432 13.08306984 13.22151143 13.0968575  13.22688859 13.04258464
 13.22474344 13.12116456 13.28590249 13.03345192 13.00431775 12.9977006
 13.08703537 13.14527559 13.22366805 13.24169361 13.17905045 13.10075007
 13.12680277 13.01197149 13.26523262 13.00321855 13.11230432 13.26473105
 13.13978513 13.25613581 12.99214605 13.25101897 12.9977006  13.09815734
 13.11230432 13.33477201 13.4605659  13.25204598 13.23539353 13.19276924
 13.27220826 13.18250756 13.18250756 13.00138334 13.0035851  13.11864427
 13.11357683 13.01160869 13.03662517 13.00504976 13.00651175 12.98730212
 13.39652881 13.10204297 13.15432962 13.0636037  13.14345029 13.01378344
 13.01667413 13.02170831 13.20398091 13.10847332 13.00797134 13.19389936
 13.03168359 13.05540153 13.29452817 13.06224266 13.05814521 13.04153619] 108
glb= [12.98767577 13.29547806 13.03345192 13.02528503 12.99548314 13.02349865
 12.99214605 13.03873365 13.19952004 13.04118647 12.98730212 13.07104624
 13.07171926 13.07974913 12.98879556 13.04083655 13.04258464 13.12116456
 13.1373309  13.26523262 13.08373228 13.27615563 13.03274507 13.21061318
 12.99363089 13.02278292 13.12991576 13.01342132 13.21226024 13.29831783
 13.00979194 13.12430244 12.98730212 13.08505527 13.11674817 13.24169361
 13.14100902 13.13301497 13.23644821 13.03239144 12.99991218 13.13917243
 13.11230432 13.08306984 13.22151143 13.0968575  13.22688859 13.04258464
 13.22474344 13.12116456 13.28590249 13.03345192 13.00431775 12.9977006
 13.08703537 13.14527559 13.22366805 13.24169361 13.17905045 13.10075007
 13.12680277 13.01197149 13.26523262 13.00321855 13.11230432 13.26473105
 13.13978513 13.25613581 12.99214605 13.25101897 12.9977006  13.09815734
 13.11230432 13.33477201 13.4605659  13.25204598 13.23539353 13.19276924
 13.27220826 13.18250756 13.18250756 13.00138334 13.0035851  13.11864427
 13.11357683 13.01160869 13.03662517 13.00504976 13.00651175 12.98730212
 13.39652881 13.10204297 13.15432962 13.0636037  13.14345029 13.01378344
 13.01667413 13.02170831 13.20398091 13.10847332 13.00797134 13.19389936
 13.03168359 13.05540153 13.29452817 13.06224266 13.05814521 13.04153619] 108
bidsort lists= 108 108
 108
SNAP 40
EPS 0.06160893787989017
galrad= 0.01
!!! agesel
Found 256 stars.
Rotated pos.
Rotated vel.
Calculating circularities
dty= [13.00541548 12.92895225 12.93014979 12.93014979 12.93888357 12.94164478
 12.94006799 13.07974913 13.1373309  12.92635208 12.97146112 12.99548314
 12.99991218 12.97904106 13.27615563 12.94792411 13.01305916 13.03380512
 13.29547806 13.02492808 13.03345192 13.08373228 12.92935168 13.03662517
 13.00248502 12.94870588 12.98280611 13.27220826 13.12680277 13.01450709
 13.08306984 12.96573195 12.99696208 13.13917243 13.19952004 12.92655242
 12.94361182 13.07104624 12.95996474 13.02242491 13.24169361 13.07171926
 13.08505527 12.97904106 12.97904106 13.0968575  13.0968575  13.28590249
 12.96841033 13.17905045 12.9584204  12.93888357 13.02528503 12.95143686
 12.96150646 12.98767577 12.92374439 13.23644821 13.07037268 12.9910307
 12.9245476  13.08703537 13.24169361 13.08373228 12.98505708 12.95221546
 13.06019668 13.11674817 13.22688859 13.12991576 12.97146112 12.95919297
 12.95726034 13.26523262 13.29831783 12.92815292 13.04083655 12.95880678
 13.09097992 13.12116456 13.14100902 13.21934721 12.9977006  13.225817
 13.21226024 13.00797134 12.96802819 13.26473105 13.22151143 13.00687697
 13.13301497 13.14527559 12.95764718 13.25613581 13.21826217 13.27664712
 12.95065746 13.04258464 13.04118647 12.94046249 12.93571751 13.12430244
 12.96419783 13.03873365 13.05195814 13.00321855 13.31686813 13.18480208
 13.02278292 13.21061318 13.0035851  13.10139678 13.01088252 13.12116456
 12.95299355 13.03274507 12.94792411 13.13239624 13.09359798 12.93333557
 13.1842292  13.48283426 13.01342132 13.26523262 13.00431775 13.26972689
 13.03345192 12.97601715 12.97298248 12.94361182 12.95493556 12.92294066
 12.93809319 13.05057648 13.26523262 13.0636037  13.16385562 13.1373309
 13.27220826 13.05333734 12.9498774  13.10268857 13.13978513 12.93571751
 12.9584204  13.13363313 12.99214605 13.48651466 13.18250756 13.32049988
 13.19502746 13.06292352 13.15432962 12.95726034 13.09945486 12.94243211
 13.17557491 13.04606939 13.24999016 13.20896166 12.96227627 13.13394204
 12.95299355 12.93571751 13.12742647 12.96419783 12.94439743 12.94596667
 13.12367596 12.93254012 13.09945486 13.17789402 13.36502856 13.13239624
 13.18480208 13.23855194 13.11990552 12.95065746 12.96534872 12.9638138 ] 180
glb= [13.00541548 12.92895225 12.93014979 12.93014979 12.93888357 12.94164478
 12.94006799 13.07974913 13.1373309  12.92635208 12.97146112 12.99548314
 12.99991218 12.97904106 13.27615563 12.94792411 13.01305916 13.03380512
 13.29547806 13.02492808 13.03345192 13.08373228 12.92935168 13.03662517
 13.00248502 12.94870588 12.98280611 13.27220826 13.12680277 13.01450709
 13.08306984 12.96573195 12.99696208 13.13917243 13.19952004 12.92655242
 12.94361182 13.07104624 12.95996474 13.02242491 13.24169361 13.07171926
 13.08505527 12.97904106 12.97904106 13.0968575  13.0968575  13.28590249
 12.96841033 13.17905045 12.9584204  12.93888357 13.02528503 12.95143686
 12.96150646 12.98767577 12.92374439 13.23644821 13.07037268 12.9910307
 12.9245476  13.08703537 13.24169361 13.08373228 12.98505708 12.95221546
 13.06019668 13.11674817 13.22688859 13.12991576 12.97146112 12.95919297
 12.95726034 13.26523262 13.29831783 12.92815292 13.04083655 12.95880678
 13.09097992 13.12116456 13.14100902 13.21934721 12.9977006  13.225817
 13.21226024 13.00797134 12.96802819 13.26473105 13.22151143 13.00687697
 13.13301497 13.14527559 12.95764718 13.25613581 13.21826217 13.27664712
 12.95065746 13.04258464 13.04118647 12.94046249 12.93571751 13.12430244
 12.96419783 13.03873365 13.05195814 13.00321855 13.31686813 13.18480208
 13.02278292 13.21061318 13.0035851  13.10139678 13.01088252 13.12116456
 12.95299355 13.03274507 12.94792411 13.13239624 13.09359798 12.93333557
 13.1842292  13.48283426 13.01342132 13.26523262 13.00431775 13.26972689
 13.03345192 12.97601715 12.97298248 12.94361182 12.95493556 12.92294066
 12.93809319 13.05057648 13.26523262 13.0636037  13.16385562 13.1373309
 13.27220826 13.05333734 12.9498774  13.10268857 13.13978513 12.93571751
 12.9584204  13.13363313 12.99214605 13.48651466 13.18250756 13.32049988
 13.19502746 13.06292352 13.15432962 12.95726034 13.09945486 12.94243211
 13.17557491 13.04606939 13.24999016 13.20896166 12.96227627 13.13394204
 12.95299355 12.93571751 13.12742647 12.96419783 12.94439743 12.94596667
 13.12367596 12.93254012 13.09945486 13.17789402 13.36502856 13.13239624
 13.18480208 13.23855194 13.11990552 12.95065746 12.96534872 12.9638138 ] 180
bidsort lists= 180 180
 180
SNAP 41
EPS 0.08167924371994366
galrad= 0.01
!!! agesel
Found 149 stars.
Rotated pos.
Rotated vel.
Calculating circularities
dty= [12.98393226 13.31595614 12.87253879 13.04013616 13.19615362 13.27418541
 13.19276924 13.16267223 13.19671591 13.00614661 13.16974123 13.21988895
 13.44991606 13.29595243 13.04502564 13.0345111  13.40036104 13.0035851
 13.40491507 13.21717529 13.20175441 13.2692293  13.27121705 13.14039733
 13.22769104 12.95377084 13.38324188 13.09783262 12.94870588 13.23539353
 13.2346013  12.94753299 12.87253879 13.07774966 13.18480208 13.17789402
 12.97828608 12.95532345 12.96764586 13.18708848 12.8993174  13.01269679
 13.39729796 13.44652547 13.25766205 13.37280736 13.08174338 13.00724186
 12.87803967 13.11516425 13.25409453 13.01522998 13.1916371  12.96304543
 12.94596667 13.02385622 13.06733401 13.10494364 13.07708202 13.1882287
 12.95221546 12.95726034 13.10333357 13.08637593 13.12492839 12.93254012
 13.50085054 13.15132494 13.1348679  12.95377084 12.89849189 13.11864427
 13.24064824 13.16562682 12.86828597 13.38797721 13.04083655 13.1348679
 13.08240688 13.18765883 13.34521344 13.20286866 13.15940711 13.217719
 13.4559438  13.10655019 13.05951352 13.14223074 12.94909654 13.16326424
 12.969174   13.02742355 12.96841033 13.15492893 13.14405923 13.18250756
 13.39110622 12.87677307 13.14345029 12.98054907 13.01305916 13.13425084
 12.9763957  12.90671348 13.24325817 13.05746021 13.32049988 12.8784615
 13.00870005 13.13855914 13.21444957 13.13610049 12.88434752 13.23115613
 13.48712428 13.0112457  13.09750772 13.07440538 13.17208089 12.96304543
 13.04083655 12.93134579 13.29737289 13.11484706 13.02385622 13.02385622
 13.10847332 13.44720603 13.04641702 13.08240688 13.04293388 12.98655437
 13.23644821 12.87338722 12.96534872 13.02849065 13.14527559 12.97146112
 13.1856604  13.32768657 12.99177432 13.17266454 12.88518548 13.14100902
 12.86956378 13.299261   13.00724186 13.147096   13.51233924 13.00870005
 13.20063823 12.88182941 13.14527559 13.31777844 13.07574484 13.12929426
 13.07037268 13.10687107 13.13610049 12.95143686 13.16915504 13.03697695
 12.90425464 12.97715236 13.26723452 13.3848259  12.87253879 12.89683884
 13.5212409  13.2591842  13.29831783 13.37845586 13.15072241 13.09880636
 13.23062435 13.21061318 13.03239144 13.25766205 13.09945486 13.23433704
 12.8801469  13.01378344 12.90343363 13.41165588 13.21717529 12.97828608
 12.94125088 13.45990914 13.44103759 12.90671348 13.28783123 13.28590249
 13.12116456 13.40188447 13.25101897 13.29642636 13.27615563 12.91648415
 12.8860226  12.94753299 13.3816522  13.1555278  13.12680277 12.87338722
 13.1916371  13.11864427 13.07239168 13.31504254 13.20175441 13.18480208
 13.15910951 12.87761763 13.26422903 13.10719177 12.87338722 13.1910703
 13.41974981 13.00578114 13.54496259 13.19952004 13.33124184 12.90753165
 13.14951576 12.88266956 13.34175763 13.07171926 12.88182941 12.893524
 12.91161179 12.89186222] 230
glb= [12.98393226 13.31595614 12.87253879 13.04013616 13.19615362 13.27418541
 13.19276924 13.16267223 13.19671591 13.00614661 13.16974123 13.21988895
 13.44991606 13.29595243 13.04502564 13.0345111  13.40036104 13.0035851
 13.40491507 13.21717529 13.20175441 13.2692293  13.27121705 13.14039733
 13.22769104 12.95377084 13.38324188 13.09783262 12.94870588 13.23539353
 13.2346013  12.94753299 12.87253879 13.07774966 13.18480208 13.17789402
 12.97828608 12.95532345 12.96764586 13.18708848 12.8993174  13.01269679
 13.39729796 13.44652547 13.25766205 13.37280736 13.08174338 13.00724186
 12.87803967 13.11516425 13.25409453 13.01522998 13.1916371  12.96304543
 12.94596667 13.02385622 13.06733401 13.10494364 13.07708202 13.1882287
 12.95221546 12.95726034 13.10333357 13.08637593 13.12492839 12.93254012
 13.50085054 13.15132494 13.1348679  12.95377084 12.89849189 13.11864427
 13.24064824 13.16562682 12.86828597 13.38797721 13.04083655 13.1348679
 13.08240688 13.18765883 13.34521344 13.20286866 13.15940711 13.217719
 13.4559438  13.10655019 13.05951352 13.14223074 12.94909654 13.16326424
 12.969174   13.02742355 12.96841033 13.15492893 13.14405923 13.18250756
 13.39110622 12.87677307 13.14345029 12.98054907 13.01305916 13.13425084
 12.9763957  12.90671348 13.24325817 13.05746021 13.32049988 12.8784615
 13.00870005 13.13855914 13.21444957 13.13610049 12.88434752 13.23115613
 13.48712428 13.0112457  13.09750772 13.07440538 13.17208089 12.96304543
 13.04083655 12.93134579 13.29737289 13.11484706 13.02385622 13.02385622
 13.10847332 13.44720603 13.04641702 13.08240688 13.04293388 12.98655437
 13.23644821 12.87338722 12.96534872 13.02849065 13.14527559 12.97146112
 13.1856604  13.32768657 12.99177432 13.17266454 12.88518548 13.14100902
 12.86956378 13.299261   13.00724186 13.147096   13.51233924 13.00870005
 13.20063823 12.88182941 13.14527559 13.31777844 13.07574484 13.12929426
 13.07037268 13.10687107 13.13610049 12.95143686 13.16915504 13.03697695
 12.90425464 12.97715236 13.26723452 13.3848259  12.87253879 12.89683884
 13.5212409  13.2591842  13.29831783 13.37845586 13.15072241 13.09880636
 13.23062435 13.21061318 13.03239144 13.25766205 13.09945486 13.23433704
 12.8801469  13.01378344 12.90343363 13.41165588 13.21717529 12.97828608
 12.94125088 13.45990914 13.44103759 12.90671348 13.28783123 13.28590249
 13.12116456 13.40188447 13.25101897 13.29642636 13.27615563 12.91648415
 12.8860226  12.94753299 13.3816522  13.1555278  13.12680277 12.87338722
 13.1916371  13.11864427 13.07239168 13.31504254 13.20175441 13.18480208
 13.15910951 12.87761763 13.26422903 13.10719177 12.87338722 13.1910703
 13.41974981 13.00578114 13.54496259 13.19952004 13.33124184 12.90753165
 13.14951576 12.88266956 13.34175763 13.07171926 12.88182941 12.893524
 12.91161179 12.89186222] 230
bidsort lists= 230 230
 230
SNAP 42
EPS 0.042283665014756465
galrad= 0.01
!!! agesel
Found 608 stars.
Rotated pos.
Rotated vel.
Calculating circularities
dty= [12.96150646 13.07104624 12.81665958 12.92895225 13.03380512 13.08306984
 12.88392831 12.93014979 12.86700644 13.07171926 12.97904106 12.93888357
 12.84934892 12.96573195 13.07974913 12.85757141 13.03662517 12.86358609
 12.81261058 12.92374439 13.02492808 12.92655242 12.98767577 13.01305916
 12.89725238 12.7999106  12.869138   13.27615563 12.83004066 12.99991218
 12.95532345 12.89019741 13.04083655 13.1373309  12.8101283  13.24169361
 12.83004066 12.95996474 13.26523262 12.81800563 12.86615246 12.92695278
 12.96688089 12.9638138  12.88476653 13.12991576 12.893524   12.92092786
 12.93014979 12.94164478 13.24169361 12.95726034 13.25613581 12.90875765
 12.91810251 12.98280611 12.92092786 13.12680277 12.95221546 12.95143686
 12.93888357 12.96802819 12.80809284 12.82180998 13.22688859 12.79602421
 12.97146112 12.94006799 13.08703537 12.9977006  12.95764718 12.8026452
 13.00541548 12.90466491 13.04258464 12.92635208 12.80491861 13.13917243
 12.83004066 13.22151143 12.94675016 12.97904106 12.84782664 12.85886333
 13.27220826 13.00248502 12.81553651 12.81890212 12.82024524 12.96419783
 12.94870588 12.88852974 12.91242563 13.17905045 12.79350159 13.08373228
 12.82493215 13.29547806 13.14527559 12.79533678 13.02242491 13.19952004
 12.79441962 12.87296303 13.28590249 12.81238516 12.93571751 12.82915413
 12.94596667 13.29831783 12.88852974 13.23644821 13.26473105 13.10075007
 12.99696208 12.94361182 12.92374439 12.94792411 12.98505708 13.03345192
 13.03486388 12.9584204  12.80628027 12.83468235 12.82559993 12.79648221
 12.79396071 12.80741345 13.00321855 12.84215208 13.0968575  12.91729366
 12.81576125 13.00395159 12.86101291 12.82959743 12.97146112 12.81396199
 12.79579503 12.99548314 12.93571751 13.11674817 13.21226024 12.89019741
 12.893524   12.79579503 12.88852974 12.81351178 12.8401803  12.87423482
 12.79028224 12.91323879 12.86998934 12.95919297 13.02528503 12.81080589
 12.87930454 12.79510755 13.13239624 12.87083999 12.92935168 12.80491861
 12.89103016 13.01450709 12.80355515 13.08373228 12.91364499 12.80763998
 13.12430244 12.79350159 12.81215973 13.34348858 12.95919297 13.11102959
 12.83666516 12.99065852 12.97904106 12.98243033 12.89227794 13.21934721
 13.14100902 12.81800563 12.95065746 12.94792411 12.87930454 12.96227627
 12.90343363 12.85195282 13.00431775 12.80854548 12.85021768 12.88852974
 12.8012788  13.27220826 13.32049988 12.81396199 12.95299355 12.80673362
 13.02742355 12.84412005 13.04118647 13.05195814 12.84193329 13.21061318
 12.79945414 12.85195282 13.2868677  12.9245476  12.81531175 12.86015365
 12.969174   12.85670908 12.92815292 12.84651999 12.91971805 12.97298248
 12.81912601 12.98505708 12.83402058 12.94046249 13.22366805 12.8401803
 12.83644508 12.81890212 12.9584204  12.9843074  12.85541415 12.99214605
 12.846738   12.80809284 13.03873365 12.8784615  12.97753047 12.94361182
 13.19050295 13.18250756 13.11230432 13.12116456 12.86272906 13.08505527
 12.82915413 12.82648972 12.9977006  13.21826217 13.33477201 12.83026225
 12.81755721 12.88434752 12.85368503 12.79533678 12.85325237 12.86230037
 12.80696035 12.80378256 12.83886363 12.90589464 13.16385562 12.96304543
 12.90261179 12.93809319 12.85541415 13.11230432 12.9584204  12.81934989
 12.84542983 13.26523262 12.84804426 12.79051257 12.83512335 12.80763998
 12.84324595 12.81800563 12.83930268 12.80446439 12.8562776  12.893524
 12.91567381 13.1842292  12.869138   12.83357912 13.13978513 12.86315768
 12.79899748 12.97904106 12.85151932 12.893524   12.82069252 12.83446183
 12.9498774  12.80219005 13.14830696 13.04363166 12.83159027 13.04606939
 12.83490286 13.10204297 13.4605659  12.84630211 13.13978513 13.09945486
 12.84477516 12.93333557 12.81598582 13.48283426 12.84237101 12.95493556
 12.95299355 12.96534872 12.90916596 12.84280851 12.79327193 13.27418541
 12.84193329 13.26523262 12.90425464 12.80673362 12.84586615 12.90834914
 12.85195282 13.10719177 13.12116456 12.81080589 13.14345029 13.19276924
 12.89807897 12.82848862 13.20896166 12.81215973 12.8099024  12.81170867
 12.83842421 12.79533678 13.17557491 12.969174   12.79350159 12.89890475
 13.18480208 12.8801469  12.9767742  12.99917572 13.01088252 12.86871217
 12.85021768 12.89435388 12.98954124 12.84477516 13.18250756 12.80945026
 13.25204598 12.83004066 12.96227627 12.84258977 12.82515486 12.89766571
 12.82247979 13.09032394 13.16503694 12.89103016 12.83930268 13.25101897
 12.83886363 12.79533678 12.86657955 12.84586615 12.92294066 13.00651175
 13.22902617 12.81576125 12.81125739 12.80809284 12.82915413 12.81080589
 13.32320683 12.96419783 13.02242491 12.86657955 13.0804145  12.90916596
 12.95726034 12.91242563 13.01811563 12.88518548 12.81418714 13.22474344
 12.85757141 12.97525945 13.09294433 13.10268857 12.846738   13.13301497
 13.5362231  12.82292614 12.83136907 13.19502746 13.13363313 12.82981905
 13.11864427 12.93333557 13.02742355 13.0035851  12.81845398 13.11611501
 13.0730635  12.83225376 12.82292614 13.00504976 13.05057648 12.93888357
 13.02385622 12.79671104 12.86700644 13.09359798 13.1373309  12.96150646
 12.8331376  12.81890212 13.28007512 13.28783123 12.82915413 13.06902366
 12.82337228 12.98054907 12.81215973 12.79166322 13.26972689 13.15432962
 12.86828597 12.86572531 12.80491861 12.7999106  13.10139678 12.80537261
 12.81306121 12.86743311 13.00175071 12.93254012 12.81306121 12.97753047
 13.23855194 12.82113958 12.7999106  12.83004066 13.26823276 12.86871217
 12.83710513 12.84105722 12.92133077 12.79854059 12.97069939 12.81508683
 12.81486205 13.13978513 12.8012788  13.15672382 12.84368303 12.8040098
 12.83974152 12.79808349 12.82470942 12.79396071 12.80763998 12.80537261
 13.07507544 13.08769427 12.97828608 12.86871217 13.09815734 13.36790971
 12.79533678 12.81934989 12.83092648 12.90589464 13.16621614 13.18708848
 13.01160869 12.80219005 13.02385622 12.81531175 13.3186872  13.16029918
 12.869138   13.27713809 12.82515486 13.29166819 12.86700644 12.99511302
 12.80945026 13.16503694 12.83181145 12.97184175 13.21171168 12.91729366
 12.87930454 12.81215973 12.98468233 12.82737852 12.99991218 12.83490286
 12.91567381 12.79350159 13.00651175 13.08107921 13.13239624 12.83710513
 12.9498774  12.80628027 12.89683884 13.23539353 12.80036683 12.81845398
 12.80582655 13.00504976 12.82470942 12.90589464 13.01667413 12.98730212
 12.99696208 13.03168359 13.01160869 12.81058004 12.80173453 13.01811563
 13.04988487 12.91323879 13.03873365 12.81755721 12.93094723 12.87253879
 13.02671134 13.05643151 13.06428328 12.81261058 12.92133077 12.91810251
 13.08107921 13.02170831 13.17324768 13.17673549 13.0380314  13.07841678
 12.87592767 12.91971805 12.92294066 12.90589464 12.90261179 12.89766571
 12.90875765 12.94125088 13.05951352 12.81934989 12.92695278 13.16739327
 12.91323879 12.79762617 12.91971805 13.1882287  12.93888357 12.82203322
 13.15192696 12.82826675 13.24947503 12.92052474 13.06631848 12.80718691
 13.10333357 13.16029918 12.80673362 12.82024524 13.03239144 13.23855194
 12.81125739 12.96534872 12.8197976  12.9638138  12.95065746 12.82113958
 12.95221546 12.83710513 12.99548314 12.99991218 12.9767742  13.00724186
 13.00797134 13.0345111  12.94675016 12.82559993 12.81576125 13.15312937
 12.90671348 13.07171926] 590
glb= [12.96150646 13.07104624 12.81665958 12.92895225 13.03380512 13.08306984
 12.88392831 12.93014979 12.86700644 13.07171926 12.97904106 12.93888357
 12.84934892 12.96573195 13.07974913 12.85757141 13.03662517 12.86358609
 12.81261058 12.92374439 13.02492808 12.92655242 12.98767577 13.01305916
 12.89725238 12.7999106  12.869138   13.27615563 12.83004066 12.99991218
 12.95532345 12.89019741 13.04083655 13.1373309  12.8101283  13.24169361
 12.83004066 12.95996474 13.26523262 12.81800563 12.86615246 12.92695278
 12.96688089 12.9638138  12.88476653 13.12991576 12.893524   12.92092786
 12.93014979 12.94164478 13.24169361 12.95726034 13.25613581 12.90875765
 12.91810251 12.98280611 12.92092786 13.12680277 12.95221546 12.95143686
 12.93888357 12.96802819 12.80809284 12.82180998 13.22688859 12.79602421
 12.97146112 12.94006799 13.08703537 12.9977006  12.95764718 12.8026452
 13.00541548 12.90466491 13.04258464 12.92635208 12.80491861 13.13917243
 12.83004066 13.22151143 12.94675016 12.97904106 12.84782664 12.85886333
 13.27220826 13.00248502 12.81553651 12.81890212 12.82024524 12.96419783
 12.94870588 12.88852974 12.91242563 13.17905045 12.79350159 13.08373228
 12.82493215 13.29547806 13.14527559 12.79533678 13.02242491 13.19952004
 12.79441962 12.87296303 13.28590249 12.81238516 12.93571751 12.82915413
 12.94596667 13.29831783 12.88852974 13.23644821 13.26473105 13.10075007
 12.99696208 12.94361182 12.92374439 12.94792411 12.98505708 13.03345192
 13.03486388 12.9584204  12.80628027 12.83468235 12.82559993 12.79648221
 12.79396071 12.80741345 13.00321855 12.84215208 13.0968575  12.91729366
 12.81576125 13.00395159 12.86101291 12.82959743 12.97146112 12.81396199
 12.79579503 12.99548314 12.93571751 13.11674817 13.21226024 12.89019741
 12.893524   12.79579503 12.88852974 12.81351178 12.8401803  12.87423482
 12.79028224 12.91323879 12.86998934 12.95919297 13.02528503 12.81080589
 12.87930454 12.79510755 13.13239624 12.87083999 12.92935168 12.80491861
 12.89103016 13.01450709 12.80355515 13.08373228 12.91364499 12.80763998
 13.12430244 12.79350159 12.81215973 13.34348858 12.95919297 13.11102959
 12.83666516 12.99065852 12.97904106 12.98243033 12.89227794 13.21934721
 13.14100902 12.81800563 12.95065746 12.94792411 12.87930454 12.96227627
 12.90343363 12.85195282 13.00431775 12.80854548 12.85021768 12.88852974
 12.8012788  13.27220826 13.32049988 12.81396199 12.95299355 12.80673362
 13.02742355 12.84412005 13.04118647 13.05195814 12.84193329 13.21061318
 12.79945414 12.85195282 13.2868677  12.9245476  12.81531175 12.86015365
 12.969174   12.85670908 12.92815292 12.84651999 12.91971805 12.97298248
 12.81912601 12.98505708 12.83402058 12.94046249 13.22366805 12.8401803
 12.83644508 12.81890212 12.9584204  12.9843074  12.85541415 12.99214605
 12.846738   12.80809284 13.03873365 12.8784615  12.97753047 12.94361182
 13.19050295 13.18250756 13.11230432 13.12116456 12.86272906 13.08505527
 12.82915413 12.82648972 12.9977006  13.21826217 13.33477201 12.83026225
 12.81755721 12.88434752 12.85368503 12.79533678 12.85325237 12.86230037
 12.80696035 12.80378256 12.83886363 12.90589464 13.16385562 12.96304543
 12.90261179 12.93809319 12.85541415 13.11230432 12.9584204  12.81934989
 12.84542983 13.26523262 12.84804426 12.79051257 12.83512335 12.80763998
 12.84324595 12.81800563 12.83930268 12.80446439 12.8562776  12.893524
 12.91567381 13.1842292  12.869138   12.83357912 13.13978513 12.86315768
 12.79899748 12.97904106 12.85151932 12.893524   12.82069252 12.83446183
 12.9498774  12.80219005 13.14830696 13.04363166 12.83159027 13.04606939
 12.83490286 13.10204297 13.4605659  12.84630211 13.13978513 13.09945486
 12.84477516 12.93333557 12.81598582 13.48283426 12.84237101 12.95493556
 12.95299355 12.96534872 12.90916596 12.84280851 12.79327193 13.27418541
 12.84193329 13.26523262 12.90425464 12.80673362 12.84586615 12.90834914
 12.85195282 13.10719177 13.12116456 12.81080589 13.14345029 13.19276924
 12.89807897 12.82848862 13.20896166 12.81215973 12.8099024  12.81170867
 12.83842421 12.79533678 13.17557491 12.969174   12.79350159 12.89890475
 13.18480208 12.8801469  12.9767742  12.99917572 13.01088252 12.86871217
 12.85021768 12.89435388 12.98954124 12.84477516 13.18250756 12.80945026
 13.25204598 12.83004066 12.96227627 12.84258977 12.82515486 12.89766571
 12.82247979 13.09032394 13.16503694 12.89103016 12.83930268 13.25101897
 12.83886363 12.79533678 12.86657955 12.84586615 12.92294066 13.00651175
 13.22902617 12.81576125 12.81125739 12.80809284 12.82915413 12.81080589
 13.32320683 12.96419783 13.02242491 12.86657955 13.0804145  12.90916596
 12.95726034 12.91242563 13.01811563 12.88518548 12.81418714 13.22474344
 12.85757141 12.97525945 13.09294433 13.10268857 12.846738   13.13301497
 13.5362231  12.82292614 12.83136907 13.19502746 13.13363313 12.82981905
 13.11864427 12.93333557 13.02742355 13.0035851  12.81845398 13.11611501
 13.0730635  12.83225376 12.82292614 13.00504976 13.05057648 12.93888357
 13.02385622 12.79671104 12.86700644 13.09359798 13.1373309  12.96150646
 12.8331376  12.81890212 13.28007512 13.28783123 12.82915413 13.06902366
 12.82337228 12.98054907 12.81215973 12.79166322 13.26972689 13.15432962
 12.86828597 12.86572531 12.80491861 12.7999106  13.10139678 12.80537261
 12.81306121 12.86743311 13.00175071 12.93254012 12.81306121 12.97753047
 13.23855194 12.82113958 12.7999106  12.83004066 13.26823276 12.86871217
 12.83710513 12.84105722 12.92133077 12.79854059 12.97069939 12.81508683
 12.81486205 13.13978513 12.8012788  13.15672382 12.84368303 12.8040098
 12.83974152 12.79808349 12.82470942 12.79396071 12.80763998 12.80537261
 13.07507544 13.08769427 12.97828608 12.86871217 13.09815734 13.36790971
 12.79533678 12.81934989 12.83092648 12.90589464 13.16621614 13.18708848
 13.01160869 12.80219005 13.02385622 12.81531175 13.3186872  13.16029918
 12.869138   13.27713809 12.82515486 13.29166819 12.86700644 12.99511302
 12.80945026 13.16503694 12.83181145 12.97184175 13.21171168 12.91729366
 12.87930454 12.81215973 12.98468233 12.82737852 12.99991218 12.83490286
 12.91567381 12.79350159 13.00651175 13.08107921 13.13239624 12.83710513
 12.9498774  12.80628027 12.89683884 13.23539353 12.80036683 12.81845398
 12.80582655 13.00504976 12.82470942 12.90589464 13.01667413 12.98730212
 12.99696208 13.03168359 13.01160869 12.81058004 12.80173453 13.01811563
 13.04988487 12.91323879 13.03873365 12.81755721 12.93094723 12.87253879
 13.02671134 13.05643151 13.06428328 12.81261058 12.92133077 12.91810251
 13.08107921 13.02170831 13.17324768 13.17673549 13.0380314  13.07841678
 12.87592767 12.91971805 12.92294066 12.90589464 12.90261179 12.89766571
 12.90875765 12.94125088 13.05951352 12.81934989 12.92695278 13.16739327
 12.91323879 12.79762617 12.91971805 13.1882287  12.93888357 12.82203322
 13.15192696 12.82826675 13.24947503 12.92052474 13.06631848 12.80718691
 13.10333357 13.16029918 12.80673362 12.82024524 13.03239144 13.23855194
 12.81125739 12.96534872 12.8197976  12.9638138  12.95065746 12.82113958
 12.95221546 12.83710513 12.99548314 12.99991218 12.9767742  13.00724186
 13.00797134 13.0345111  12.94675016 12.82559993 12.81576125 13.15312937
 12.90671348 13.07171926] 590
bidsort lists= 590 590
 590
SNAP 43
EPS 0.03381592277046347
galrad= 0.01
!!! agesel
Found 777 stars.
Rotated pos.
Rotated vel.
Calculating circularities
dty= [13.14527559 13.1373309  13.12430244 12.81665958 12.82024524 12.76180355
 12.76605368 12.83004066 12.81238516 12.76133036 13.12680277 12.75515879
 13.00541548 13.07974913 13.12116456 12.95221546 13.03873365 12.98767577
 12.79579503 12.76558217 12.82180998 13.16385562 13.24169361 12.90466491
 12.96150646 12.97146112 13.21226024 13.26523262 12.88852974 12.72914178
 12.92655242 13.23644821 13.26523262 13.00321855 12.94006799 13.29547806
 13.29831783 12.72401067 12.95726034 12.73327816 13.17905045 12.92635208
 12.88476653 12.97753047 12.9767742  13.04083655 12.93888357 12.78265436
 12.9977006  12.77309969 13.05195814 13.19952004 12.77356782 12.85886333
 12.84934892 12.79327193 12.92895225 12.78195812 12.96573195 12.869138
 13.04258464 12.80673362 12.76887763 12.90875765 12.77497076 13.04606939
 12.97146112 12.85151932 12.87296303 12.87423482 12.91810251 13.08306984
 12.73981613 12.89103016 12.89725238 12.97904106 12.99548314 12.81261058
 12.81890212 12.71713232 12.86700644 12.8401803  12.92374439 12.87930454
 12.91242563 13.25613581 12.93014979 12.80491861 12.86358609 12.80741345
 12.97298248 12.78820744 12.77497076 13.09032394 12.91971805 12.84215208
 12.80854548 12.95493556 12.79899748 12.81396199 12.8099024  12.82915413
 12.83666516 12.99991218 12.88392831 12.85757141 12.86015365 12.75824893
 12.75706157 12.76227667 12.7999106  13.07171926 12.89019741 12.9584204
 13.21826217 13.12991576 13.07104624 13.22688859 12.81912601 12.93014979
 13.25204598 12.96419783 12.98280611 13.08373228 13.03380512 12.79533678
 12.83026225 12.81800563 13.02492808 12.78520315 12.96802819 12.88852974
 12.893524   12.75372957 12.9245476  12.91323879 12.79350159 13.22902617
 13.02278292 12.86615246 12.73206322 12.94792411 13.24169361 12.76038317
 13.22474344 12.95919297 12.97904106 12.79648221 12.79350159 12.73157685
 12.90343363 12.82493215 13.1842292  13.13917243 13.00395159 12.80763998
 12.82648972 12.81890212 12.93888357 12.83004066 12.85757141 12.83402058
 12.93571751 12.76981734 12.81800563 13.27220826 13.21934721 12.92695278
 13.02528503 12.92935168 12.9584204  12.76180355 12.78889944 12.78056444
 12.83004066 12.86315768 12.97904106 13.14100902 13.00248502 12.7999106
 12.85195282 12.94870588 12.95919297 12.76109367 12.8012788  12.73546187
 12.80696035 12.86657955 12.92092786 12.94675016 12.96304543 12.73497691
 12.92092786 13.10075007 12.85195282 13.0968575  12.83468235 13.01342132
 12.79579503 13.04118647 12.7267014  12.91364499 13.0112457  12.76887763
 13.12116456 12.76746657 12.79051257 13.22151143 12.77052152 12.97525945
 12.95996474 12.94164478 13.11674817 13.28590249 12.9584204  12.78936059
 12.81576125 12.81351178 13.04363166 12.81531175 12.79510755 13.27615563
 12.94596667 12.71811749 12.81553651 12.74607521 12.92815292 12.84804426
 12.77870314 12.9638138  12.72180441 13.03345192 12.96688089 12.74847288
 12.71441839 12.7828863  12.78659087 12.95299355 12.72767826 12.78009944
 13.08703537 12.86272906 13.0035851  12.76180355 13.02742355 12.76322209
 12.91729366 13.05333734 12.94361182 12.95726034 12.86998934 12.97904106
 12.81080589 13.03486388 12.94046249 12.99696208 13.13978513 12.78009944
 12.7828863  12.84280851 13.17557491 12.83159027 13.08373228 12.96419783
 12.8026452  12.76581793 12.75706157 12.9498774  12.96227627 13.06902366
 13.11102959 12.73011654 12.80355515 12.76746657 13.25101897 12.81215973
 12.83930268 13.10139678 12.83004066 12.94361182 12.7575366  12.95143686
 12.79671104 12.84477516 12.869138   12.83512335 12.81080589 13.10719177
 12.84782664 13.08505527 12.8801469  12.73957466 12.83842421 12.88852974
 12.7838136  12.99214605 12.82559993 12.71811749 13.26972689 12.82337228
 12.81306121 12.8101283  12.88852974 12.81508683 13.18480208 12.8401803
 12.98505708 12.72106806 13.34348858 12.75086545 12.86230037 12.80491861
 12.81598582 13.05057648 12.76416679 12.95299355 12.91567381 13.01305916
 12.81934989 12.84651999 12.7824224  12.97069939 13.09359798 12.95764718
 12.74559501 13.14830696 12.86101291 12.85021768 13.10268857 12.893524
 12.737883   12.79808349 12.71565279 12.87930454 12.75468266 12.90261179
 12.84477516 12.82069252 13.02742355 12.82515486 12.84193329 12.74174568
 13.1373309  12.733521   12.75563486 12.81215973 12.82848862 12.84586615
 12.94439743 13.32320683 12.79028224 13.00651175 12.80378256 12.93571751
 12.92294066 12.75182105 13.03345192 12.95532345 13.13978513 12.93809319
 12.79533678 12.78149378 12.83886363 13.02242491 13.03274507 12.82915413
 12.80446439 12.97828608 13.0588296  12.83710513 12.81800563 12.79441962
 13.21061318 12.73643096 12.86871217 12.7225403  12.79945414 12.72914178
 12.92374439 13.09815734 12.90425464 12.72718987 12.75468266 12.84412005
 13.16029918 12.89019741 12.95065746 12.82046889 12.84258977 12.76133036
 12.80628027 12.737883   12.76416679 12.80945026 13.09945486 12.82981905
 13.19050295 12.847609   13.13363313 12.99065852 13.24064824 12.94792411
 12.83092648 12.77028686 12.86572531 12.93014979 12.72718987 12.8592937
 12.8040098  12.82381821 12.75372957 13.19502746 12.83402058 12.79533678
 13.04258464 12.73497691 12.81934989 12.7589608  13.03662517 13.24689273
 12.74367198 12.76934759 12.98879556 12.98054907 13.32049988 12.74511459
 13.0916353  12.80945026 12.74703495 13.08769427 12.72180441 12.75706157
 12.84368303 12.95143686 13.18250756 12.98468233 12.73594645 12.75848629
 12.77916879 12.7330353  12.75038747 12.83644508 13.0380314  12.86743311
 12.73060343 12.77823726 12.86871217 12.81170867 12.75990932 12.71441839
 12.82292614 12.80763998 12.97979538 12.82559993 12.75706157 12.72278561
 12.7589608  12.90916596 12.87083999 12.75086545 12.8562776  12.81755721
 12.79396071 13.00979194 12.77543802 12.77543802 12.73836662 12.76133036
 12.76227667 12.8784615  12.83842421 13.3186872  12.869138   12.81396199
 12.72816627 12.86700644 12.83490286 12.85021768 12.84324595 13.23539353
 12.73812474 12.78474018 13.16621614 12.80809284 12.76038317 13.06767222
 12.75277575 12.79350159 12.81418714 12.83886363 13.26473105 12.88434752
 12.82737852 12.84586615 12.99511302 12.76180355 12.80809284 12.91405114
 12.77075616 12.81934989 12.79602421 12.79350159 13.4712363  12.91567381
 12.846738   12.73981613 13.03873365 12.96227627 12.89227794 12.81080589
 13.27220826 12.86700644 12.83710513 12.97753047 13.09945486 12.7608568
 13.13301497 12.82915413 12.72376575 12.81058004 13.02349865 12.85325237
 12.81531175 12.74631513 12.85195282 12.73497691 13.22474344 12.77239713
 12.77777132 12.85541415 12.90834914 12.84237101 12.7369151  12.86657955
 12.73836662 12.78982152 12.71392437 12.75990932 12.81576125 13.06292352
 12.73739916 12.9977006  13.11230432 13.13239624 13.01197149 12.74174568
 12.71441839 12.81441212 12.80628027 12.76793719 12.79533678 12.71441839
 12.79258284 13.26523262 12.80582655 12.72865421 12.9009661  12.81845398
 12.9767742  13.20896166 12.84542983 13.00175071 12.79166322 12.893524
 12.72767826 12.84193329 13.2935765  12.81170867 12.78335014 12.83004066
 12.95065746 12.84105722 12.75990932 12.81261058 12.73836662 12.85411762
 12.82113958 12.969174   12.9843074  13.18480208 13.03873365 13.00431775
 13.22366805 12.91405114 12.846738   12.80537261 12.82959743 13.18708848
 12.969174   12.71639279 13.13239624 12.8510856  12.75038747 13.33477201
 13.23433704 12.81215973 13.02385622 12.79533678 12.85455001 13.4605659
 13.14466767 12.75086545 12.85021768 12.73011654 12.847609   12.82559993
 12.74270928 12.83490286 12.86487022 12.83446183 13.11230432 12.97184175
 12.75468266 12.72376575 12.94243211 13.01160869 12.74655519 12.96764586
 12.98730212 12.75990932 13.27713809 12.86487022 12.76274942 13.36790971
 12.76558217 13.00138334 12.73254937 12.82292614 12.76840745 12.83974152
 12.80173453 13.15910951 12.733521   12.75801155 12.83357912 12.92133077
 12.82915413 12.73206322 13.15672382 12.77916879 13.10590801 12.82737852
 12.89683884 12.84630211 12.80537261 13.1261785  12.76038317 12.85455001
 13.00651175 13.5362231  13.04988487 13.10719177 12.71639279 12.73957466
 13.00504976 12.82158658 12.72865421 12.91486281 13.2868677  12.78612842
 12.83048368 12.81890212 13.18250756 12.98730212 13.13394204 12.79396071
 13.20175441 12.99363089 12.71441839 12.7608568  12.77497076 12.71491233
 12.78889944 12.77169426 12.74222767 12.7489519  12.82915413 12.90589464
 12.83048368 12.91242563 13.01088252 12.8012788  12.7589608  12.82515486
 12.98243033 12.81306121 12.89103016 12.78195812 12.81755721 13.14830696
 12.8562776  13.21171168 12.80809284 12.83930268 12.73981613 12.85670908
 12.85541415 12.85368503 12.99991218 12.72180441 13.0202731  12.893524
 12.83225376 12.84521172 13.46835715 12.80763998 12.77590506 13.01160869
 12.84105722 12.93254012 12.77450328 13.26221647 12.90916596 12.83886363
 12.73739916 12.82247979 13.32410593 13.0968575  13.15432962 13.11102959
 13.15910951 12.8331376  12.72082247 12.90671348 12.81665958 12.82470942
 12.85368503 13.34949891 13.06428328 12.81215973 12.86015365 12.76322209
 12.93254012 13.02671134 12.81125739 12.8331376  12.88518548 13.28783123
 12.91891069 13.02813514 12.84804426 12.84717353 12.80219005 13.11102959
 12.73836662 12.80673362 12.90589464 13.19276924 12.74078135 12.83578444
 12.80219005 13.02242491 13.11990552 12.77823726 13.07841678 12.91729366
 12.737883   13.02170831 12.81576125 12.75658617 12.79945414 12.78659087
 12.81486205 12.89435388 12.96150646 12.84978333 12.74943055 13.16974123
 13.10462194 13.19502746 13.24481859 12.81755721 12.80219005 12.73546187
 13.08505527 13.147096   13.15072241 12.84499345 12.82113958 12.99696208
 13.10590801 12.89766571 13.07708202 13.08637593 12.86058338 12.92133077
 12.84934892 12.93094723 12.77169426 12.72962927 12.71589953 12.97222219
 12.74703495 13.15672382 13.21171168 12.86828597 12.74511459 12.75468266
 12.72767826 12.74990912 12.95919297 12.73933318 13.26823276 12.73643096
 13.23115613 13.23960106 13.14223074 12.98730212 12.96304543 12.73933318
 13.0345111  12.7369151  13.16503694 12.75277575 13.18250756 12.75277575
 12.74990912 12.73109026 12.90507498 12.75658617 12.81576125 13.06902366
 12.88350888 12.81035418 12.99028629 13.35963014 13.09555543 12.76227667
 12.77543802 12.89890475 12.76133036 13.03097512 12.76793719 12.83886363
 13.18135718 12.90753165 13.01305916 12.77075616 12.77356782 12.75658617
 12.77637203 13.04432896 13.1916371  12.77823726 13.37118062 12.91486281
 12.99843847 13.09555543 13.02492808 12.76887763 13.33827724 13.37523672
 12.79212306 13.10847332 13.22043027 13.02813514 13.37684916 13.18708848
 13.28783123 13.00285181 13.61945203 13.09425104 12.80036683 12.77263148
 13.10847332 13.42625558 12.87338722 12.84847931 13.26523262 12.7948783
 13.11864427 12.98205436 13.25613581 13.19276924 12.78102922 13.18708848
 12.80310028 12.97450111 12.79212306] 879
glb= [13.14527559 13.1373309  13.12430244 12.81665958 12.82024524 12.76180355
 12.76605368 12.83004066 12.81238516 12.76133036 13.12680277 12.75515879
 13.00541548 13.07974913 13.12116456 12.95221546 13.03873365 12.98767577
 12.79579503 12.76558217 12.82180998 13.16385562 13.24169361 12.90466491
 12.96150646 12.97146112 13.21226024 13.26523262 12.88852974 12.72914178
 12.92655242 13.23644821 13.26523262 13.00321855 12.94006799 13.29547806
 13.29831783 12.72401067 12.95726034 12.73327816 13.17905045 12.92635208
 12.88476653 12.97753047 12.9767742  13.04083655 12.93888357 12.78265436
 12.9977006  12.77309969 13.05195814 13.19952004 12.77356782 12.85886333
 12.84934892 12.79327193 12.92895225 12.78195812 12.96573195 12.869138
 13.04258464 12.80673362 12.76887763 12.90875765 12.77497076 13.04606939
 12.97146112 12.85151932 12.87296303 12.87423482 12.91810251 13.08306984
 12.73981613 12.89103016 12.89725238 12.97904106 12.99548314 12.81261058
 12.81890212 12.71713232 12.86700644 12.8401803  12.92374439 12.87930454
 12.91242563 13.25613581 12.93014979 12.80491861 12.86358609 12.80741345
 12.97298248 12.78820744 12.77497076 13.09032394 12.91971805 12.84215208
 12.80854548 12.95493556 12.79899748 12.81396199 12.8099024  12.82915413
 12.83666516 12.99991218 12.88392831 12.85757141 12.86015365 12.75824893
 12.75706157 12.76227667 12.7999106  13.07171926 12.89019741 12.9584204
 13.21826217 13.12991576 13.07104624 13.22688859 12.81912601 12.93014979
 13.25204598 12.96419783 12.98280611 13.08373228 13.03380512 12.79533678
 12.83026225 12.81800563 13.02492808 12.78520315 12.96802819 12.88852974
 12.893524   12.75372957 12.9245476  12.91323879 12.79350159 13.22902617
 13.02278292 12.86615246 12.73206322 12.94792411 13.24169361 12.76038317
 13.22474344 12.95919297 12.97904106 12.79648221 12.79350159 12.73157685
 12.90343363 12.82493215 13.1842292  13.13917243 13.00395159 12.80763998
 12.82648972 12.81890212 12.93888357 12.83004066 12.85757141 12.83402058
 12.93571751 12.76981734 12.81800563 13.27220826 13.21934721 12.92695278
 13.02528503 12.92935168 12.9584204  12.76180355 12.78889944 12.78056444
 12.83004066 12.86315768 12.97904106 13.14100902 13.00248502 12.7999106
 12.85195282 12.94870588 12.95919297 12.76109367 12.8012788  12.73546187
 12.80696035 12.86657955 12.92092786 12.94675016 12.96304543 12.73497691
 12.92092786 13.10075007 12.85195282 13.0968575  12.83468235 13.01342132
 12.79579503 13.04118647 12.7267014  12.91364499 13.0112457  12.76887763
 13.12116456 12.76746657 12.79051257 13.22151143 12.77052152 12.97525945
 12.95996474 12.94164478 13.11674817 13.28590249 12.9584204  12.78936059
 12.81576125 12.81351178 13.04363166 12.81531175 12.79510755 13.27615563
 12.94596667 12.71811749 12.81553651 12.74607521 12.92815292 12.84804426
 12.77870314 12.9638138  12.72180441 13.03345192 12.96688089 12.74847288
 12.71441839 12.7828863  12.78659087 12.95299355 12.72767826 12.78009944
 13.08703537 12.86272906 13.0035851  12.76180355 13.02742355 12.76322209
 12.91729366 13.05333734 12.94361182 12.95726034 12.86998934 12.97904106
 12.81080589 13.03486388 12.94046249 12.99696208 13.13978513 12.78009944
 12.7828863  12.84280851 13.17557491 12.83159027 13.08373228 12.96419783
 12.8026452  12.76581793 12.75706157 12.9498774  12.96227627 13.06902366
 13.11102959 12.73011654 12.80355515 12.76746657 13.25101897 12.81215973
 12.83930268 13.10139678 12.83004066 12.94361182 12.7575366  12.95143686
 12.79671104 12.84477516 12.869138   12.83512335 12.81080589 13.10719177
 12.84782664 13.08505527 12.8801469  12.73957466 12.83842421 12.88852974
 12.7838136  12.99214605 12.82559993 12.71811749 13.26972689 12.82337228
 12.81306121 12.8101283  12.88852974 12.81508683 13.18480208 12.8401803
 12.98505708 12.72106806 13.34348858 12.75086545 12.86230037 12.80491861
 12.81598582 13.05057648 12.76416679 12.95299355 12.91567381 13.01305916
 12.81934989 12.84651999 12.7824224  12.97069939 13.09359798 12.95764718
 12.74559501 13.14830696 12.86101291 12.85021768 13.10268857 12.893524
 12.737883   12.79808349 12.71565279 12.87930454 12.75468266 12.90261179
 12.84477516 12.82069252 13.02742355 12.82515486 12.84193329 12.74174568
 13.1373309  12.733521   12.75563486 12.81215973 12.82848862 12.84586615
 12.94439743 13.32320683 12.79028224 13.00651175 12.80378256 12.93571751
 12.92294066 12.75182105 13.03345192 12.95532345 13.13978513 12.93809319
 12.79533678 12.78149378 12.83886363 13.02242491 13.03274507 12.82915413
 12.80446439 12.97828608 13.0588296  12.83710513 12.81800563 12.79441962
 13.21061318 12.73643096 12.86871217 12.7225403  12.79945414 12.72914178
 12.92374439 13.09815734 12.90425464 12.72718987 12.75468266 12.84412005
 13.16029918 12.89019741 12.95065746 12.82046889 12.84258977 12.76133036
 12.80628027 12.737883   12.76416679 12.80945026 13.09945486 12.82981905
 13.19050295 12.847609   13.13363313 12.99065852 13.24064824 12.94792411
 12.83092648 12.77028686 12.86572531 12.93014979 12.72718987 12.8592937
 12.8040098  12.82381821 12.75372957 13.19502746 12.83402058 12.79533678
 13.04258464 12.73497691 12.81934989 12.7589608  13.03662517 13.24689273
 12.74367198 12.76934759 12.98879556 12.98054907 13.32049988 12.74511459
 13.0916353  12.80945026 12.74703495 13.08769427 12.72180441 12.75706157
 12.84368303 12.95143686 13.18250756 12.98468233 12.73594645 12.75848629
 12.77916879 12.7330353  12.75038747 12.83644508 13.0380314  12.86743311
 12.73060343 12.77823726 12.86871217 12.81170867 12.75990932 12.71441839
 12.82292614 12.80763998 12.97979538 12.82559993 12.75706157 12.72278561
 12.7589608  12.90916596 12.87083999 12.75086545 12.8562776  12.81755721
 12.79396071 13.00979194 12.77543802 12.77543802 12.73836662 12.76133036
 12.76227667 12.8784615  12.83842421 13.3186872  12.869138   12.81396199
 12.72816627 12.86700644 12.83490286 12.85021768 12.84324595 13.23539353
 12.73812474 12.78474018 13.16621614 12.80809284 12.76038317 13.06767222
 12.75277575 12.79350159 12.81418714 12.83886363 13.26473105 12.88434752
 12.82737852 12.84586615 12.99511302 12.76180355 12.80809284 12.91405114
 12.77075616 12.81934989 12.79602421 12.79350159 13.4712363  12.91567381
 12.846738   12.73981613 13.03873365 12.96227627 12.89227794 12.81080589
 13.27220826 12.86700644 12.83710513 12.97753047 13.09945486 12.7608568
 13.13301497 12.82915413 12.72376575 12.81058004 13.02349865 12.85325237
 12.81531175 12.74631513 12.85195282 12.73497691 13.22474344 12.77239713
 12.77777132 12.85541415 12.90834914 12.84237101 12.7369151  12.86657955
 12.73836662 12.78982152 12.71392437 12.75990932 12.81576125 13.06292352
 12.73739916 12.9977006  13.11230432 13.13239624 13.01197149 12.74174568
 12.71441839 12.81441212 12.80628027 12.76793719 12.79533678 12.71441839
 12.79258284 13.26523262 12.80582655 12.72865421 12.9009661  12.81845398
 12.9767742  13.20896166 12.84542983 13.00175071 12.79166322 12.893524
 12.72767826 12.84193329 13.2935765  12.81170867 12.78335014 12.83004066
 12.95065746 12.84105722 12.75990932 12.81261058 12.73836662 12.85411762
 12.82113958 12.969174   12.9843074  13.18480208 13.03873365 13.00431775
 13.22366805 12.91405114 12.846738   12.80537261 12.82959743 13.18708848
 12.969174   12.71639279 13.13239624 12.8510856  12.75038747 13.33477201
 13.23433704 12.81215973 13.02385622 12.79533678 12.85455001 13.4605659
 13.14466767 12.75086545 12.85021768 12.73011654 12.847609   12.82559993
 12.74270928 12.83490286 12.86487022 12.83446183 13.11230432 12.97184175
 12.75468266 12.72376575 12.94243211 13.01160869 12.74655519 12.96764586
 12.98730212 12.75990932 13.27713809 12.86487022 12.76274942 13.36790971
 12.76558217 13.00138334 12.73254937 12.82292614 12.76840745 12.83974152
 12.80173453 13.15910951 12.733521   12.75801155 12.83357912 12.92133077
 12.82915413 12.73206322 13.15672382 12.77916879 13.10590801 12.82737852
 12.89683884 12.84630211 12.80537261 13.1261785  12.76038317 12.85455001
 13.00651175 13.5362231  13.04988487 13.10719177 12.71639279 12.73957466
 13.00504976 12.82158658 12.72865421 12.91486281 13.2868677  12.78612842
 12.83048368 12.81890212 13.18250756 12.98730212 13.13394204 12.79396071
 13.20175441 12.99363089 12.71441839 12.7608568  12.77497076 12.71491233
 12.78889944 12.77169426 12.74222767 12.7489519  12.82915413 12.90589464
 12.83048368 12.91242563 13.01088252 12.8012788  12.7589608  12.82515486
 12.98243033 12.81306121 12.89103016 12.78195812 12.81755721 13.14830696
 12.8562776  13.21171168 12.80809284 12.83930268 12.73981613 12.85670908
 12.85541415 12.85368503 12.99991218 12.72180441 13.0202731  12.893524
 12.83225376 12.84521172 13.46835715 12.80763998 12.77590506 13.01160869
 12.84105722 12.93254012 12.77450328 13.26221647 12.90916596 12.83886363
 12.73739916 12.82247979 13.32410593 13.0968575  13.15432962 13.11102959
 13.15910951 12.8331376  12.72082247 12.90671348 12.81665958 12.82470942
 12.85368503 13.34949891 13.06428328 12.81215973 12.86015365 12.76322209
 12.93254012 13.02671134 12.81125739 12.8331376  12.88518548 13.28783123
 12.91891069 13.02813514 12.84804426 12.84717353 12.80219005 13.11102959
 12.73836662 12.80673362 12.90589464 13.19276924 12.74078135 12.83578444
 12.80219005 13.02242491 13.11990552 12.77823726 13.07841678 12.91729366
 12.737883   13.02170831 12.81576125 12.75658617 12.79945414 12.78659087
 12.81486205 12.89435388 12.96150646 12.84978333 12.74943055 13.16974123
 13.10462194 13.19502746 13.24481859 12.81755721 12.80219005 12.73546187
 13.08505527 13.147096   13.15072241 12.84499345 12.82113958 12.99696208
 13.10590801 12.89766571 13.07708202 13.08637593 12.86058338 12.92133077
 12.84934892 12.93094723 12.77169426 12.72962927 12.71589953 12.97222219
 12.74703495 13.15672382 13.21171168 12.86828597 12.74511459 12.75468266
 12.72767826 12.74990912 12.95919297 12.73933318 13.26823276 12.73643096
 13.23115613 13.23960106 13.14223074 12.98730212 12.96304543 12.73933318
 13.0345111  12.7369151  13.16503694 12.75277575 13.18250756 12.75277575
 12.74990912 12.73109026 12.90507498 12.75658617 12.81576125 13.06902366
 12.88350888 12.81035418 12.99028629 13.35963014 13.09555543 12.76227667
 12.77543802 12.89890475 12.76133036 13.03097512 12.76793719 12.83886363
 13.18135718 12.90753165 13.01305916 12.77075616 12.77356782 12.75658617
 12.77637203 13.04432896 13.1916371  12.77823726 13.37118062 12.91486281
 12.99843847 13.09555543 13.02492808 12.76887763 13.33827724 13.37523672
 12.79212306 13.10847332 13.22043027 13.02813514 13.37684916 13.18708848
 13.28783123 13.00285181 13.61945203 13.09425104 12.80036683 12.77263148
 13.10847332 13.42625558 12.87338722 12.84847931 13.26523262 12.7948783
 13.11864427 12.98205436 13.25613581 13.19276924 12.78102922 13.18708848
 12.80310028 12.97450111 12.79212306] 879
bidsort lists= 879 879
 879
SNAP 44
EPS 0.004368368425399111
galrad= 0.01
!!! agesel
Found 1480 stars.
Rotated pos.
Rotated vel.
Calculating circularities
dty= [12.82180998 12.88476653 12.97904106 ... 12.67163094 12.67674832
 12.67470406] 1704
glb= [12.82180998 12.88476653 12.97904106 ... 12.67163094 12.67674832
 12.67470406] 1704
bidsort lists= 1704 1704
 1704
SNAP 45
EPS 0.03581803027025825
galrad= 0.01
!!! agesel
Found 1749 stars.
Rotated pos.
Rotated vel.
Calculating circularities
dty= [12.90466491 12.67649301 13.02349865 ... 12.88434752 12.59429973
 12.8801469 ] 2747
glb= [12.90466491 12.67649301 13.02349865 ... 12.88434752 12.59429973
 12.8801469 ] 2747
bidsort lists= 2747 2747
 2747
SNAP 46
EPS 0.0012972960758560082
galrad= 0.01
!!! agesel
Found 2447 stars.
Rotated pos.
Rotated vel.
Calculating circularities
dty= [12.46422747 12.46528388 12.58110627 ... 12.737883   12.7225403
 13.225817  ] 4589
glb= [12.46422747 12.46528388 12.58110627 ... 12.737883   12.7225403
 13.225817  ] 4589
bidsort lists= 4589 4589
 4589
SNAP 47
EPS 0.20112237147859238
galrad= 0.01
!!! agesel
Found 4160 stars.
Rotated pos.
Rotated vel.
Calculating circularities
dty= [12.47235605 12.75277575 12.56203557 ... 12.92935168 12.93014979
 12.48356605] 5076
glb= [12.47235605 12.75277575 12.56203557 ... 12.92935168 12.93014979
 12.48356605] 5076
bidsort lists= 5076 5076
 5076
SNAP 48
EPS -0.0018783136627657905
galrad= 0.01
!!! agesel
Found 4201 stars.
Rotated pos.
Rotated vel.
Calculating circularities
dty= [12.49335498 12.56203557 12.94006799 ... 13.27418541 13.2987896
 12.69498507] 9642
glb= [12.49335498 12.56203557 12.94006799 ... 13.27418541 13.2987896
 12.69498507] 9642
bidsort lists= 9642 9642
 9642
SNAP 49
EPS -0.037837337304924314
galrad= 0.01
!!! agesel
Found 1726 stars.
Rotated pos.
Rotated vel.
Calculating circularities
dty= [12.78474018 12.15524463 12.39949657 ... 13.20868602 12.53381879
 12.9910307 ] 2362
glb= [12.78474018 12.15524463 12.39949657 ... 13.20868602 12.53381879
 12.9910307 ] 2362
bidsort lists= 2362 2362
 2362
SNAP 50
EPS 0.21088730060842886
galrad= 0.01
!!! agesel
Found 1762 stars.
Rotated pos.
Rotated vel.
Calculating circularities
dty= [13.26673471 12.50541889 13.08637593 ... 12.07277773 12.08281953
 12.10501742] 3474
glb= [13.26673471 12.50541889 13.08637593 ... 12.07277773 12.08281953
 12.10501742] 3474
bidsort lists= 3474 3474
 3474
SNAP 51
EPS 0.2510032261169972
galrad= 0.01
!!! agesel
Found 1806 stars.
Rotated pos.
Rotated vel.
Calculating circularities
dty= [11.9789915  11.92692122 12.62880996 ... 12.26597883 12.19395265
 12.08281953] 4749
glb= [11.9789915  11.92692122 12.62880996 ... 12.26597883 12.19395265
 12.08281953] 4749
bidsort lists= 4749 4749
 4749
SNAP 52
EPS 0.2572505697687545
galrad= 0.01
!!! agesel
Found 3192 stars.
Rotated pos.
Rotated vel.
Calculating circularities
dty= [12.11884387 12.49335498 12.45726529 ... 12.95299355 12.8801469
 12.7575366 ] 25557
glb= [12.11884387 12.49335498 12.45726529 ... 12.95299355 12.8801469
 12.7575366 ] 25557
bidsort lists= 25557 25557
 25557
SNAP 53
EPS 0.05597979620894515
galrad= 0.01
!!! agesel
Found 3587 stars.
Rotated pos.
Rotated vel.
Calculating circularities
dty= [12.04575354 11.78846613 12.08349341 ... 12.34802301 12.41020464
 11.7519098 ] 28650
glb= [12.04575354 11.78846613 12.08349341 ... 12.34802301 12.41020464
 11.7519098 ] 28650
bidsort lists= 28650 28650
 28650
SNAP 54
EPS 0.0015850781439410136
galrad= 0.01
!!! agesel
Found 3405 stars.
Rotated pos.
Rotated vel.
Calculating circularities
dty= [12.15524463 11.95891051 11.92734013 ... 12.14784068 11.88200399
 12.00891701] 16124
glb= [12.15524463 11.95891051 11.92734013 ... 12.14784068 11.88200399
 12.00891701] 16124
bidsort lists= 16124 16124
 16124
SNAP 55
EPS 0.024700308554756162
galrad= 0.01
!!! agesel
Found 3860 stars.
Rotated pos.
Rotated vel.
Calculating circularities
dty= [13.08240688 12.13555333 11.8530779  ... 11.29201015 13.1555278
 11.33602232] 22633
glb= [13.08240688 12.13555333 11.8530779  ... 11.29201015 13.1555278
 11.33602232] 22633
bidsort lists= 22633 22633
 22633
SNAP 56
EPS 0.08312875779452719
galrad= 0.01
!!! agesel
Found 6281 stars.
Rotated pos.
Rotated vel.
Calculating circularities
dty= [11.28673382 11.28436999 11.66905068 ... 11.35558536 11.15395706
 11.3256366 ] 30479
glb= [11.28673382 11.28436999 11.66905068 ... 11.35558536 11.15395706
 11.3256366 ] 30479
bidsort lists= 30479 30479
 30479
SNAP 57
EPS 0.11014358062933659
galrad= 0.01
!!! agesel
Found 6202 stars.
Rotated pos.
Rotated vel.
Calculating circularities
dty= [12.14114936 12.11799473 12.13620713 ... 12.86487022 12.28587882
 12.44124099] 55034
glb= [12.14114936 12.11799473 12.13620713 ... 12.86487022 12.28587882
 12.44124099] 55034
bidsort lists= 55034 55034
 55034
SNAP 58
EPS 0.05149287568136149
galrad= 0.01
!!! agesel
Found 6996 stars.
Rotated pos.
Rotated vel.
Calculating circularities
dty= [11.32344495 10.96502684 10.93147584 ... 12.13368392 12.01931802
 11.99603507] 50837
glb= [11.32344495 10.96502684 10.93147584 ... 12.13368392 12.01931802
 11.99603507] 50837
bidsort lists= 50837 50837
 50837
SNAP 59
EPS 0.24379739832162392
galrad= 0.01
!!! agesel
Found 4316 stars.
Rotated pos.
Rotated vel.
Calculating circularities
dty= [12.97069939 11.36652397 12.6741925  ... 10.72078069 12.15967159
 12.55768044] 74054
glb= [12.97069939 11.36652397 12.6741925  ... 10.72078069 12.15967159
 12.55768044] 74054
bidsort lists= 74054 74054
 74054
SNAP 60
EPS 0.01757388364150609
galrad= 0.01
!!! agesel
Found 15942 stars.
Rotated pos.
Rotated vel.
Calculating circularities
dty= [10.81285895 10.83603756 11.12526728 ... 11.01051274 12.42704867
 10.5885201 ] 52342
glb= [10.81285895 10.83603756 11.12526728 ... 11.01051274 12.42704867
 10.5885201 ] 52342
bidsort lists= 52342 52342
 52342
SNAP 61
EPS 0.07119156841976346
galrad= 0.01
!!! agesel
Found 20763 stars.
Rotated pos.
Rotated vel.
Calculating circularities
dty= [10.41558545 10.59815444 10.54251667 ... 12.48832112 12.39759867
 12.21618266] 141544
glb= [10.41558545 10.59815444 10.54251667 ... 12.48832112 12.39759867
 12.21618266] 141544
bidsort lists= 141544 141544
 141544
SNAP 62
EPS 0.04255285900510007
galrad= 0.01
!!! agesel
Found 8452 stars.
Rotated pos.
Rotated vel.
Calculating circularities
dty= [11.07864151 10.41733555 11.06970516 ... 12.58221102 12.38488188
 12.17726447] 154139
glb= [11.07864151 10.41733555 11.06970516 ... 12.58221102 12.38488188
 12.17726447] 154139
bidsort lists= 154139 154139
 154139
SNAP 63
EPS 0.019951377615284004
galrad= 0.01
!!! agesel
Found 7159 stars.
Rotated pos.
Rotated vel.
Calculating circularities
dty= [11.94298246 10.41733555 11.07864151 ... 12.24372615 12.09739458
 11.98468996] 168205
glb= [11.94298246 10.41733555 11.07864151 ... 12.24372615 12.09739458
 11.98468996] 168205
bidsort lists= 168205 168205
 168205
SNAP 64
EPS 0.021311835067054863
galrad= 0.01
!!! agesel
Found 9104 stars.
Rotated pos.
Rotated vel.
Calculating circularities
dty= [11.94298246 11.49635537 10.36198543 ... 12.77543802 12.13068872
 12.7489519 ] 184513
glb= [11.94298246 11.49635537 10.36198543 ... 12.77543802 12.13068872
 12.7489519 ] 184513
bidsort lists= 184513 184513
 184513
SNAP 65
EPS 0.00452171897134325
galrad= 0.01
!!! agesel
Found 11528 stars.
Rotated pos.
Rotated vel.
Calculating circularities
dty= [11.49635537 11.94298246 11.06970516 ... 12.38104512 10.65814204
 10.59710437] 201425
glb= [11.49635537 11.94298246 11.06970516 ... 12.38104512 10.65814204
 10.59710437] 201425
bidsort lists= 201425 201425
 201425
SNAP 66
EPS 0.056427920214491924
galrad= 0.01
!!! agesel
Found 11407 stars.
Rotated pos.
Rotated vel.
Calculating circularities
dty= [11.07864151 11.05409414 10.41733555 ... 12.22965974 12.78659087
 12.41896339] 223437
glb= [11.07864151 11.05409414 10.41733555 ... 12.22965974 12.78659087
 12.41896339] 223437
bidsort lists= 223437 223437
 223437
SNAP 67
EPS 0.12525271373037422
galrad= 0.010465830564498901
!!! agesel
Found 12116 stars.
Rotated pos.
Rotated vel.
Calculating circularities
dty= [12.34916846 11.11010722 10.78546291 ... 12.45711345 10.88124337
 11.79798104] 246943
glb= [12.34916846 11.11010722 10.78546291 ... 12.45711345 10.88124337
 11.79798104] 246943
bidsort lists= 246943