loading halo 13 level 4
/eagle/projects/Auriga/Auriga/level4/Original/mergertrees/Au-13/trees_sf1_127
Hubble parameter= 0.6777
There are 886 trees in file /eagle/projects/Auriga/Auriga/level4/Original/mergertrees/Au-13/trees_sf1_127.0.hdf5
Loading desc (Descendant) for blockname /Tree0.
Loading fnum (FileNr) for blockname /Tree0.
Loading fhfg (FirstHaloInFOFGroup) for blockname /Tree0.
Loading fpin (FirstProgenitor) for blockname /Tree0.
Loading fmc2 (Group_M_Crit200) for blockname /Tree0.
Loading fmm2 (Group_M_Mean200) for blockname /Tree0.
Loading fmt2 (Group_M_TopHat200) for blockname /Tree0.
Loading frc2 (Group_R_Crit200) for blockname /Tree0.
Loading nhfg (NextHaloInFOFGroup) for blockname /Tree0.
Loading npin (NextProgenitor) for blockname /Tree0.
Loading snum (SnapNum) for blockname /Tree0.
Loading sbhm (SubhaloBHMass) for blockname /Tree0.
Loading sbhd (SubhaloBHMdot) for blockname /Tree0.
Loading sgmt (SubhaloGasMetallicity) for blockname /Tree0.
Loading sgmf (SubhaloGasMetallicitySfr) for blockname /Tree0.
Loading sgnr (SubhaloGrNr) for blockname /Tree0.
Loading shmt (SubhaloHalfmassRadType) for blockname /Tree0.
Key SubhaloIDMostBound not found in conversion table, skipping.
Loading slen (SubhaloLen) for blockname /Tree0.
Loading slty (SubhaloLenType) for blockname /Tree0.
Loading smit (SubhaloMassInRadType) for blockname /Tree0.
Loading smty (SubhaloMassType) for blockname /Tree0.
Loading sbnr (SubhaloNumber) for blockname /Tree0.
Loading soty (SubhaloOffsetType) for blockname /Tree0.
Loading spos (SubhaloPos) for blockname /Tree0.
Loading ssfr (SubhaloSFR) for blockname /Tree0.
Loading ssfi (SubhaloSFRinRad) for blockname /Tree0.
Loading sspi (SubhaloSpin) for blockname /Tree0.
Loading ssmt (SubhaloStarMetallicity) for blockname /Tree0.
Loading ssph (SubhaloStellarPhotometrics) for blockname /Tree0.
Loading svmx (SubhaloVMax) for blockname /Tree0.
Loading svel (SubhaloVel) for blockname /Tree0.
Loading svdi (SubhaloVelDisp) for blockname /Tree0.
galrad= 0.01
!!! agesel
Found 19 stars.
Rotated pos.
Rotated vel.
Calculating circularities
dty= [13.43826425] 1
glb= [13.43826425] 1
bidsort lists= 1 1
 1
SNAP 30
EPS 1.0
galrad= 0.01
!!! agesel
Found 32 stars.
Rotated pos.
Rotated vel.
Calculating circularities
dty= [13.51177443] 1
glb= [13.51177443] 1
bidsort lists= 1 1
 1
SNAP 31
EPS 1.0
galrad= 0.01
!!! agesel
Found 57 stars.
Rotated pos.
Rotated vel.
Calculating circularities
dty= [13.34949891 13.47219095 13.51177443 13.37118062 13.35459149 13.42337696
 13.35289994 13.37684916 13.37442837] 9
glb= [13.34949891 13.47219095 13.51177443 13.37118062 13.35459149 13.42337696
 13.35289994 13.37684916 13.37442837] 9
bidsort lists= 9 9
 9
SNAP 32
EPS -0.5914374257497419
galrad= 0.01
!!! agesel
Found 47 stars.
Rotated pos.
Rotated vel.
Calculating circularities
dty= [13.35035141] 1
glb= [13.35035141] 1
bidsort lists= 1 1
 1
SNAP 33
EPS 1.0
galrad= 0.01
!!! agesel
Found 102 stars.
Rotated pos.
Rotated vel.
Calculating circularities
dty= [13.27713809 13.51177443 13.43826425 13.34949891 13.47219095 13.27713809
 13.29071149 13.27517143 13.28927328 13.28975313 13.34262386 13.30067271
 13.35459149 13.36129783 13.29642636 13.36461548 13.37118062 13.2935765 ] 18
glb= [13.27713809 13.51177443 13.43826425 13.34949891 13.47219095 13.27713809
 13.29071149 13.27517143 13.28927328 13.28975313 13.34262386 13.30067271
 13.35459149 13.36129783 13.29642636 13.36461548 13.37118062 13.2935765 ] 18
bidsort lists= 18 18
 18
SNAP 34
EPS 0.2046549830270491
galrad= 0.01
!!! agesel
Found 147 stars.
Rotated pos.
Rotated vel.
Calculating circularities
dty= [13.24481859 13.2330137  13.30020258 13.25816991 13.40302346 13.29547806
 13.35035141 13.32320683 13.3303554  13.26221647 13.3788566  13.2692293 ] 12
glb= [13.24481859 13.2330137  13.30020258 13.25816991 13.40302346 13.29547806
 13.35035141 13.32320683 13.3303554  13.26221647 13.3788566  13.2692293 ] 12
bidsort lists= 12 12
 12
SNAP 35
EPS 0.06285296950002853
galrad= 0.01
!!! agesel
Found 247 stars.
Rotated pos.
Rotated vel.
Calculating circularities
dty= [13.21280826 13.21280826 13.29071149 13.25409453 13.19559079 13.21608644
 13.20619949 13.23009209 13.1882287  13.21608644 13.37684916 13.42982519
 13.22205127 13.24064824 13.20175441 13.28975313 13.203425   13.30301723
 13.5904019  13.34521344 13.20063823 13.22259069 13.2489595  13.21171168
 13.22043027 13.20398091 13.24064824] 27
glb= [13.21280826 13.21280826 13.29071149 13.25409453 13.19559079 13.21608644
 13.20619949 13.23009209 13.1882287  13.21608644 13.37684916 13.42982519
 13.22205127 13.24064824 13.20175441 13.28975313 13.203425   13.30301723
 13.5904019  13.34521344 13.20063823 13.22259069 13.2489595  13.21171168
 13.22043027 13.20398091 13.24064824] 27
bidsort lists= 27 27
 27
SNAP 36
EPS 0.12408089220320075
galrad= 0.01
!!! agesel
Found 408 stars.
Rotated pos.
Rotated vel.
Calculating circularities
dty= [13.14664136 13.22205127 13.1529792  13.27517143 13.24689273 13.19615362
 13.35459149 13.16089326 13.16119007 13.43826425 13.17208089 13.32230612
 13.16739327 13.39421307 13.19643482 13.14785312 13.33652773 13.29071149
 13.47219095 13.37925706 13.14679292 13.20425865 13.14314561 13.34949891
 13.19220341 13.31412732 13.22742368 13.27220826 13.19952004 13.14177285
 13.15237807 13.20035887 13.14345029 13.51177443 13.14223074 13.15806679
 13.27713809 13.22259069 13.20286866 13.29642636 13.38244773 13.14375485
 13.27713809 13.14421144 13.37684916 13.27811886 13.34262386 13.35459149
 13.36129783 13.20175441 13.19952004 13.17673549 13.20896166 13.16148677
 13.41535454 13.14860936 13.21171168 13.15417974 13.19333457 13.1579177
 13.15851386 13.23802674 13.21061318 13.14314561 13.44652547 13.42337696
 13.14815571 13.14405923 13.16296832 13.37118062 13.15642498 13.14253581
 13.22902617 13.42697202 13.14860936 13.17557491 13.16029918 13.21226024
 13.34348858 13.16355998 13.20951269 13.1882287  13.17149676 13.29071149
 13.16089326 13.23115613 13.42553782 13.34607358 13.16267223 13.22688859
 13.23009209 13.25969068 13.35289994 13.23221834 13.15940711 13.17149676
 13.14648973 13.20175441 13.43053534 13.14830696 13.18193265 13.14951576
 13.18879801 13.43895946 13.19446366 13.2489595  13.16178336 13.17061961
 13.27615563 13.225817   13.23115613 13.19446366 13.16059627 13.19389936
 13.19952004 13.33565063 13.36544123 13.15970459 13.21061318 13.16029918
 13.16680495 13.1555278  13.19727777 13.16856828 13.28007512 13.36046476
 13.1579177  13.14527559 13.30488539 13.31137191 13.203425   13.15732105
 13.16739327 13.16680495 13.17120453 13.19530921 13.16680495 13.41535454
 13.30020258 13.26723452 13.36461548 13.19361702 13.36212949 13.20619949
 13.29166819 13.16267223 13.42120449 13.15732105 13.18078128 13.29831783
 13.16533191 13.21226024 13.312292   13.19615362 13.22420598 13.16119007
 13.16267223 13.21061318 13.16029918 13.25101897 13.39806575 13.21717529
 13.32185518 13.24012485 13.24273711 13.16798102 13.24637488 13.18480208
 13.31137191 13.28590249 13.45394522 13.21608644 13.18708848 13.29071149
 13.1916371 ] 175
glb= [13.14664136 13.22205127 13.1529792  13.27517143 13.24689273 13.19615362
 13.35459149 13.16089326 13.16119007 13.43826425 13.17208089 13.32230612
 13.16739327 13.39421307 13.19643482 13.14785312 13.33652773 13.29071149
 13.47219095 13.37925706 13.14679292 13.20425865 13.14314561 13.34949891
 13.19220341 13.31412732 13.22742368 13.27220826 13.19952004 13.14177285
 13.15237807 13.20035887 13.14345029 13.51177443 13.14223074 13.15806679
 13.27713809 13.22259069 13.20286866 13.29642636 13.38244773 13.14375485
 13.27713809 13.14421144 13.37684916 13.27811886 13.34262386 13.35459149
 13.36129783 13.20175441 13.19952004 13.17673549 13.20896166 13.16148677
 13.41535454 13.14860936 13.21171168 13.15417974 13.19333457 13.1579177
 13.15851386 13.23802674 13.21061318 13.14314561 13.44652547 13.42337696
 13.14815571 13.14405923 13.16296832 13.37118062 13.15642498 13.14253581
 13.22902617 13.42697202 13.14860936 13.17557491 13.16029918 13.21226024
 13.34348858 13.16355998 13.20951269 13.1882287  13.17149676 13.29071149
 13.16089326 13.23115613 13.42553782 13.34607358 13.16267223 13.22688859
 13.23009209 13.25969068 13.35289994 13.23221834 13.15940711 13.17149676
 13.14648973 13.20175441 13.43053534 13.14830696 13.18193265 13.14951576
 13.18879801 13.43895946 13.19446366 13.2489595  13.16178336 13.17061961
 13.27615563 13.225817   13.23115613 13.19446366 13.16059627 13.19389936
 13.19952004 13.33565063 13.36544123 13.15970459 13.21061318 13.16029918
 13.16680495 13.1555278  13.19727777 13.16856828 13.28007512 13.36046476
 13.1579177  13.14527559 13.30488539 13.31137191 13.203425   13.15732105
 13.16739327 13.16680495 13.17120453 13.19530921 13.16680495 13.41535454
 13.30020258 13.26723452 13.36461548 13.19361702 13.36212949 13.20619949
 13.29166819 13.16267223 13.42120449 13.15732105 13.18078128 13.29831783
 13.16533191 13.21226024 13.312292   13.19615362 13.22420598 13.16119007
 13.16267223 13.21061318 13.16029918 13.25101897 13.39806575 13.21717529
 13.32185518 13.24012485 13.24273711 13.16798102 13.24637488 13.18480208
 13.31137191 13.28590249 13.45394522 13.21608644 13.18708848 13.29071149
 13.1916371 ] 175
bidsort lists= 175 175
 175
SNAP 37
EPS 0.07882771810215136
galrad= 0.01
!!! agesel
Found 572 stars.
Rotated pos.
Rotated vel.
Calculating circularities
dty= [13.22902617 13.32230612 13.11864427 13.12586619 13.15866284 13.22688859
 13.10397805 13.12304897 13.16237609 13.19952004 13.16089326 13.10847332
 13.24689273 13.12477192 13.10815313 13.39421307 13.44652547 13.25562617
 13.31412732 13.13917243 13.17324768 13.17266454 13.28202448 13.2489595
 13.22205127 13.10268857 13.28927328 13.33652773 13.13301497 13.11927522
 13.34348858 13.23168744 13.09815734 13.14785312 13.12116456 13.11738075
 13.12929426 13.11611501 13.10204297 13.14618643 13.42982519 13.11516425
 13.1180128  13.41535454 13.18020483 13.1217933  13.12773808 13.13084691
 13.11769683 13.20063823 13.13610049 13.10590801 13.13794528 13.10139678
 13.12976039 13.27811886 13.29737289 13.12116456 13.12336255 13.12147902
 13.27022402 13.10301116 13.12711468 13.13301497 13.12398932 13.10462194
 13.13763815 13.44584374 13.13702348 13.13363313 13.41755799 13.14739897
 13.11230432 13.34521344 13.10783284 13.25816991 13.11230432 13.3303554
 13.21061318 13.11039133 13.12867218 13.10171997 13.12492839 13.11959042
 13.34607358 13.13640831 13.24585656 13.11484706 13.11421221 13.19615362
 13.16267223 13.40302346 13.33652773 13.30301723 13.42047781 13.09880636
 13.11895977 13.12053536 13.30020258 13.11990552 13.20896166 13.18708848
 13.09977887 13.15881174 13.10139678 13.14039733 13.10783284 13.27517143
 13.11039133 13.21226024 13.34348858 13.11102959 13.12430244 13.09588115
 13.20063823 13.09620676 13.10911327 13.18365583 13.12242139 13.13363313
 13.26019677 13.11484706 13.2489595 ] 123
glb= [13.22902617 13.32230612 13.11864427 13.12586619 13.15866284 13.22688859
 13.10397805 13.12304897 13.16237609 13.19952004 13.16089326 13.10847332
 13.24689273 13.12477192 13.10815313 13.39421307 13.44652547 13.25562617
 13.31412732 13.13917243 13.17324768 13.17266454 13.28202448 13.2489595
 13.22205127 13.10268857 13.28927328 13.33652773 13.13301497 13.11927522
 13.34348858 13.23168744 13.09815734 13.14785312 13.12116456 13.11738075
 13.12929426 13.11611501 13.10204297 13.14618643 13.42982519 13.11516425
 13.1180128  13.41535454 13.18020483 13.1217933  13.12773808 13.13084691
 13.11769683 13.20063823 13.13610049 13.10590801 13.13794528 13.10139678
 13.12976039 13.27811886 13.29737289 13.12116456 13.12336255 13.12147902
 13.27022402 13.10301116 13.12711468 13.13301497 13.12398932 13.10462194
 13.13763815 13.44584374 13.13702348 13.13363313 13.41755799 13.14739897
 13.11230432 13.34521344 13.10783284 13.25816991 13.11230432 13.3303554
 13.21061318 13.11039133 13.12867218 13.10171997 13.12492839 13.11959042
 13.34607358 13.13640831 13.24585656 13.11484706 13.11421221 13.19615362
 13.16267223 13.40302346 13.33652773 13.30301723 13.42047781 13.09880636
 13.11895977 13.12053536 13.30020258 13.11990552 13.20896166 13.18708848
 13.09977887 13.15881174 13.10139678 13.14039733 13.10783284 13.27517143
 13.11039133 13.21226024 13.34348858 13.11102959 13.12430244 13.09588115
 13.20063823 13.09620676 13.10911327 13.18365583 13.12242139 13.13363313
 13.26019677 13.11484706 13.2489595 ] 123
bidsort lists= 123 123
 123
SNAP 38
EPS -0.007877769831991286
galrad= 0.01
!!! agesel
Found 951 stars.
Rotated pos.
Rotated vel.
Calculating circularities
dty= [13.5904019  13.05608837 13.13978513 13.05264805 13.44584374 13.27022402
 13.13640831 13.05074942 13.16178336 13.04780592 13.13917243 13.3571175
 13.14116185 13.13748453 13.13825223 13.05333734 13.16089326 13.20035887
 13.05746021 13.48834028 13.24585656 13.06733401 13.12053536 13.23380802
 13.05608837 13.10847332 13.13146703 13.08107921 13.16680495 13.07641369
 13.16119007 13.08950315 13.0852205  13.14679292 13.1348679  13.0968575
 13.07507544 13.06156132 13.09522952 13.05437014 13.14177285 13.32230612
 13.18708848 13.12929426 13.06394355 13.19643482 13.12742647 13.16680495
 13.05985519 13.24012485 13.04153619 13.06631848 13.11134847 13.35795657
 13.05419802 13.04398033 13.15072241 13.06801031 13.07875009 13.11039133
 13.1180128  13.04780592 13.08273845 13.16119007 13.11039133 13.14679292
 13.203425   13.3303554  13.07574484 13.30860183 13.04606939 13.06292352
 13.16059627 13.05917165 13.05917165 13.14739897 13.10815313 13.13702348
 13.07104624 13.10655019 13.21226024 13.11738075 13.11611501 13.34348858
 13.14009135 13.06224266 13.12929426 13.12539741 13.17091212 13.12242139
 13.08174338 13.06224266 13.16237609 13.34262386 13.14830696 13.17032692
 13.12398932 13.11134847 13.16533191 13.31412732 13.41535454 13.13146703
 13.09425104 13.11039133 13.09457736 13.17673549 13.15522845 13.04380607
 13.05763155 13.39806575 13.21061318 13.08174338 13.09097992 13.04398033
 13.14314561 13.31137191 13.23855194 13.10911327 13.09913067 13.05264805
 13.10590801 13.21171168 13.05333734 13.12398932 13.14633808 13.0521307
 13.10911327 13.36212949 13.0571175  13.27713809 13.04780592 13.30767517
 13.05299279 13.11990552 13.17731497 13.07373471 13.06767222 13.08124527
 13.19530921 13.06530155 13.09392453 13.07037268 13.15806679 13.43826425
 13.06428328 13.28007512 13.12586619 13.0971827  13.08802344 13.147096
 13.21934721 13.13610049 13.10397805 13.22205127 13.07440538 13.0647926
 13.12477192 13.11927522 13.44652547 13.11198584 13.20063823 13.51177443
 13.12147902 13.34521344 13.35459149 13.08008191 13.25101897 13.19361702
 13.04815288 13.05057648 13.10301116 13.0491925  13.04797934 13.20063823
 13.37118062 13.14070327 13.11864427 13.08240688 13.22902617 13.11516425
 13.05385387 13.21061318 13.12929426 13.11895977 13.09506658 13.27713809
 13.23802674 13.17324768 13.14223074 13.1217933  13.0588296  13.13548445
 13.14860936 13.13301497 13.07524283 13.09653226 13.15417974 13.42982519
 13.04467739 13.0584875  13.41974981 13.0571175  13.34949891 13.12116456
 13.07138281 13.22688859 13.13794528 13.12867218 13.11484706 13.35289994
 13.10333357 13.15462936 13.13301497 13.07641369 13.07841678 13.11325888
 13.09977887 13.21226024 13.11421221 13.11102959 13.11325888 13.1388658
 13.17149676 13.34607358 13.11421221 13.22688859 13.06292352 13.17149676
 13.12367596 13.10462194 13.19389936 13.17557491 13.11230432 13.12053536
 13.14588295 13.06070869 13.19333457 13.04223534 13.06190201 13.27517143
 13.06767222 13.08654086 13.06275339 13.25816991 13.2075821  13.07407013
 13.07205553 13.12242139 13.11579823 13.23960106 13.18020483 13.18537446
 13.07607936 13.20896166 13.14223074 13.05951352 13.09750772 13.04293388
 13.04485146 13.06190201 13.08703537 13.07239168 13.11230432 13.07037268
 13.41755799 13.12976039 13.07054109 13.11102959 13.04711185 13.05505783
 13.16267223 13.29071149 13.13425084 13.18993517 13.16739327 13.41091222
 13.06834821 13.19050295 13.10590801 13.14345029 13.29737289 13.0804145
 13.54848523 13.34348858 13.05161297 13.07974913 13.10171997 13.1217933
 13.15970459 13.08107921 13.12789387 13.41535454 13.06462282 13.20896166
 13.0949035  13.05402602 13.10397805 13.18879801 13.10268857 13.19952004
 13.22312957 13.14070327 13.22043027 13.11864427 13.1842292  13.15881174
 13.16827471 13.13702348 13.10301116 13.15866284 13.09977887 13.05299279
 13.07774966 13.09977887 13.13363313 13.33652773 13.08107921 13.11959042
 13.09130767 13.09815734 13.40302346 13.0857159  13.07741593 13.14039733
 13.12336255 13.13671595 13.05264805 13.05005772 13.39421307 13.12116456
 13.27713809 13.28202448 13.36129783 13.07070955 13.0521307  13.13022628
 13.09032394 13.12649069 13.12727058 13.11039133 13.20063823 13.08439404
 13.25969068 13.08373228 13.20398091 13.05161297 13.0584875  13.06868599
 13.10204297 13.28927328 13.06767222 13.17266454 13.13763815 13.15910951
 13.04223534 13.06190201 13.38244773 13.37118062 13.19389936 13.06936114
 13.217719   13.07708202 13.14618643 13.05488589 13.13640831 13.11769683
 13.06224266 13.25562617 13.10139678 13.06019668 13.04780592 13.07841678
 13.07774966 13.14860936 13.18993517 13.10783284 13.08306984 13.07037268
 13.27517143 13.12711468 13.19050295 13.0636037  13.08107921 13.13084691
 13.12304897 13.13425084 13.04815288 13.15672382 13.19868013 13.10847332
 13.0567746  13.27811886 13.12649069 13.09588115 13.12492839 13.09913067
 13.09522952 13.11484706 13.16089326 13.06156132 13.05092221 13.04953871
 13.05230312 13.2692293  13.05540153 13.0502307  13.19615362 13.05643151
 13.04849952 13.42047781 13.10139678 13.21826217 13.0567746  13.0659796
 13.04953871 13.08999572 13.15492893 13.05040367 13.0971827  13.05985519
 13.08107921 13.11198584 13.04711185 13.21061318 13.06699562 13.04711185
 13.12929426 13.23168744 13.16621614 13.30067271 13.19727777 13.1665106
 13.1555278  13.09815734 13.10526524 13.30301723 13.24689273 13.1351763
 13.2489595  13.10430005 13.12304897 13.05608837 13.19615362 13.20286866
 13.04153619 13.06665711 13.05505783 13.17324768 13.08107921 13.05437014
 13.06868599 13.07239168 13.11738075 13.14785312 13.12430244 13.12430244
 13.16385562 13.1202205  13.05746021 13.14345029 13.30020258 13.06868599
 13.12085005 13.12367596 13.08966737 13.10783284 13.05264805 13.11230432
 13.11927522 13.19276924 13.06053812 13.17441235 13.11230432 13.14405923
 13.13301497 13.07908322 13.13177692 13.13610049 13.09229008 13.10590801
 13.09032394 13.14284077 13.08637593 13.05505783 13.14557929 13.12836097
 13.2692293  13.12867218 13.18135718 13.1221074  13.14192549 13.17091212
 13.25204598 13.11198584 13.37684916 13.07239168 13.203425   13.08538564
 13.11611501 13.16029918 13.0730635  13.07774966 13.07974913 13.15432962
 13.14284077 13.06190201 13.11927522 13.08306984 13.10462194 13.1579177
 13.07171926 13.07841678 13.06969844 13.10042647 13.0730635  13.09620676
 13.09977887 13.11611501 13.07407013 13.29547806 13.40942091 13.11102959
 13.28396695 13.06834821 13.06733401 13.14009135 13.14830696 13.14739897
 13.05471408 13.07607936 13.06087924 13.13115709 13.23855194 13.07974913
 13.12116456 13.05540153 13.06767222 13.42982519 13.06224266 13.09977887
 13.29262323 13.13270566 13.14860936 13.05540153 13.08966737 13.10268857
 13.08736491 13.12867218 13.13548445 13.08966737 13.09097992 13.11421221
 13.16089326 13.09425104 13.1842292  13.0916353  13.12430244 13.10975256
 13.07339923 13.12680277 13.13763815 13.11102959 13.11039133 13.09620676
 13.16739327 13.07104624 13.10397805 13.1252411  13.16119007 13.16680495
 13.15732105 13.14542745 13.20286866 13.20175441 13.15522845 13.14314561
 13.07037268 13.1221074  13.12898328 13.12680277 13.19952004 13.14314561
 13.18708848 13.21717529 13.18020483 13.10847332 13.17208089 13.07841678
 13.19952004 13.3439204  13.20841022 13.25816991 13.19389936 13.12492839
 13.17324768 13.06428328 13.25409453 13.27270318 13.27418541 13.10783284
 13.28105067 13.07974913] 602
glb= [13.5904019  13.05608837 13.13978513 13.05264805 13.44584374 13.27022402
 13.13640831 13.05074942 13.16178336 13.04780592 13.13917243 13.3571175
 13.14116185 13.13748453 13.13825223 13.05333734 13.16089326 13.20035887
 13.05746021 13.48834028 13.24585656 13.06733401 13.12053536 13.23380802
 13.05608837 13.10847332 13.13146703 13.08107921 13.16680495 13.07641369
 13.16119007 13.08950315 13.0852205  13.14679292 13.1348679  13.0968575
 13.07507544 13.06156132 13.09522952 13.05437014 13.14177285 13.32230612
 13.18708848 13.12929426 13.06394355 13.19643482 13.12742647 13.16680495
 13.05985519 13.24012485 13.04153619 13.06631848 13.11134847 13.35795657
 13.05419802 13.04398033 13.15072241 13.06801031 13.07875009 13.11039133
 13.1180128  13.04780592 13.08273845 13.16119007 13.11039133 13.14679292
 13.203425   13.3303554  13.07574484 13.30860183 13.04606939 13.06292352
 13.16059627 13.05917165 13.05917165 13.14739897 13.10815313 13.13702348
 13.07104624 13.10655019 13.21226024 13.11738075 13.11611501 13.34348858
 13.14009135 13.06224266 13.12929426 13.12539741 13.17091212 13.12242139
 13.08174338 13.06224266 13.16237609 13.34262386 13.14830696 13.17032692
 13.12398932 13.11134847 13.16533191 13.31412732 13.41535454 13.13146703
 13.09425104 13.11039133 13.09457736 13.17673549 13.15522845 13.04380607
 13.05763155 13.39806575 13.21061318 13.08174338 13.09097992 13.04398033
 13.14314561 13.31137191 13.23855194 13.10911327 13.09913067 13.05264805
 13.10590801 13.21171168 13.05333734 13.12398932 13.14633808 13.0521307
 13.10911327 13.36212949 13.0571175  13.27713809 13.04780592 13.30767517
 13.05299279 13.11990552 13.17731497 13.07373471 13.06767222 13.08124527
 13.19530921 13.06530155 13.09392453 13.07037268 13.15806679 13.43826425
 13.06428328 13.28007512 13.12586619 13.0971827  13.08802344 13.147096
 13.21934721 13.13610049 13.10397805 13.22205127 13.07440538 13.0647926
 13.12477192 13.11927522 13.44652547 13.11198584 13.20063823 13.51177443
 13.12147902 13.34521344 13.35459149 13.08008191 13.25101897 13.19361702
 13.04815288 13.05057648 13.10301116 13.0491925  13.04797934 13.20063823
 13.37118062 13.14070327 13.11864427 13.08240688 13.22902617 13.11516425
 13.05385387 13.21061318 13.12929426 13.11895977 13.09506658 13.27713809
 13.23802674 13.17324768 13.14223074 13.1217933  13.0588296  13.13548445
 13.14860936 13.13301497 13.07524283 13.09653226 13.15417974 13.42982519
 13.04467739 13.0584875  13.41974981 13.0571175  13.34949891 13.12116456
 13.07138281 13.22688859 13.13794528 13.12867218 13.11484706 13.35289994
 13.10333357 13.15462936 13.13301497 13.07641369 13.07841678 13.11325888
 13.09977887 13.21226024 13.11421221 13.11102959 13.11325888 13.1388658
 13.17149676 13.34607358 13.11421221 13.22688859 13.06292352 13.17149676
 13.12367596 13.10462194 13.19389936 13.17557491 13.11230432 13.12053536
 13.14588295 13.06070869 13.19333457 13.04223534 13.06190201 13.27517143
 13.06767222 13.08654086 13.06275339 13.25816991 13.2075821  13.07407013
 13.07205553 13.12242139 13.11579823 13.23960106 13.18020483 13.18537446
 13.07607936 13.20896166 13.14223074 13.05951352 13.09750772 13.04293388
 13.04485146 13.06190201 13.08703537 13.07239168 13.11230432 13.07037268
 13.41755799 13.12976039 13.07054109 13.11102959 13.04711185 13.05505783
 13.16267223 13.29071149 13.13425084 13.18993517 13.16739327 13.41091222
 13.06834821 13.19050295 13.10590801 13.14345029 13.29737289 13.0804145
 13.54848523 13.34348858 13.05161297 13.07974913 13.10171997 13.1217933
 13.15970459 13.08107921 13.12789387 13.41535454 13.06462282 13.20896166
 13.0949035  13.05402602 13.10397805 13.18879801 13.10268857 13.19952004
 13.22312957 13.14070327 13.22043027 13.11864427 13.1842292  13.15881174
 13.16827471 13.13702348 13.10301116 13.15866284 13.09977887 13.05299279
 13.07774966 13.09977887 13.13363313 13.33652773 13.08107921 13.11959042
 13.09130767 13.09815734 13.40302346 13.0857159  13.07741593 13.14039733
 13.12336255 13.13671595 13.05264805 13.05005772 13.39421307 13.12116456
 13.27713809 13.28202448 13.36129783 13.07070955 13.0521307  13.13022628
 13.09032394 13.12649069 13.12727058 13.11039133 13.20063823 13.08439404
 13.25969068 13.08373228 13.20398091 13.05161297 13.0584875  13.06868599
 13.10204297 13.28927328 13.06767222 13.17266454 13.13763815 13.15910951
 13.04223534 13.06190201 13.38244773 13.37118062 13.19389936 13.06936114
 13.217719   13.07708202 13.14618643 13.05488589 13.13640831 13.11769683
 13.06224266 13.25562617 13.10139678 13.06019668 13.04780592 13.07841678
 13.07774966 13.14860936 13.18993517 13.10783284 13.08306984 13.07037268
 13.27517143 13.12711468 13.19050295 13.0636037  13.08107921 13.13084691
 13.12304897 13.13425084 13.04815288 13.15672382 13.19868013 13.10847332
 13.0567746  13.27811886 13.12649069 13.09588115 13.12492839 13.09913067
 13.09522952 13.11484706 13.16089326 13.06156132 13.05092221 13.04953871
 13.05230312 13.2692293  13.05540153 13.0502307  13.19615362 13.05643151
 13.04849952 13.42047781 13.10139678 13.21826217 13.0567746  13.0659796
 13.04953871 13.08999572 13.15492893 13.05040367 13.0971827  13.05985519
 13.08107921 13.11198584 13.04711185 13.21061318 13.06699562 13.04711185
 13.12929426 13.23168744 13.16621614 13.30067271 13.19727777 13.1665106
 13.1555278  13.09815734 13.10526524 13.30301723 13.24689273 13.1351763
 13.2489595  13.10430005 13.12304897 13.05608837 13.19615362 13.20286866
 13.04153619 13.06665711 13.05505783 13.17324768 13.08107921 13.05437014
 13.06868599 13.07239168 13.11738075 13.14785312 13.12430244 13.12430244
 13.16385562 13.1202205  13.05746021 13.14345029 13.30020258 13.06868599
 13.12085005 13.12367596 13.08966737 13.10783284 13.05264805 13.11230432
 13.11927522 13.19276924 13.06053812 13.17441235 13.11230432 13.14405923
 13.13301497 13.07908322 13.13177692 13.13610049 13.09229008 13.10590801
 13.09032394 13.14284077 13.08637593 13.05505783 13.14557929 13.12836097
 13.2692293  13.12867218 13.18135718 13.1221074  13.14192549 13.17091212
 13.25204598 13.11198584 13.37684916 13.07239168 13.203425   13.08538564
 13.11611501 13.16029918 13.0730635  13.07774966 13.07974913 13.15432962
 13.14284077 13.06190201 13.11927522 13.08306984 13.10462194 13.1579177
 13.07171926 13.07841678 13.06969844 13.10042647 13.0730635  13.09620676
 13.09977887 13.11611501 13.07407013 13.29547806 13.40942091 13.11102959
 13.28396695 13.06834821 13.06733401 13.14009135 13.14830696 13.14739897
 13.05471408 13.07607936 13.06087924 13.13115709 13.23855194 13.07974913
 13.12116456 13.05540153 13.06767222 13.42982519 13.06224266 13.09977887
 13.29262323 13.13270566 13.14860936 13.05540153 13.08966737 13.10268857
 13.08736491 13.12867218 13.13548445 13.08966737 13.09097992 13.11421221
 13.16089326 13.09425104 13.1842292  13.0916353  13.12430244 13.10975256
 13.07339923 13.12680277 13.13763815 13.11102959 13.11039133 13.09620676
 13.16739327 13.07104624 13.10397805 13.1252411  13.16119007 13.16680495
 13.15732105 13.14542745 13.20286866 13.20175441 13.15522845 13.14314561
 13.07037268 13.1221074  13.12898328 13.12680277 13.19952004 13.14314561
 13.18708848 13.21717529 13.18020483 13.10847332 13.17208089 13.07841678
 13.19952004 13.3439204  13.20841022 13.25816991 13.19389936 13.12492839
 13.17324768 13.06428328 13.25409453 13.27270318 13.27418541 13.10783284
 13.28105067 13.07974913] 602
bidsort lists= 602 602
 602
SNAP 39
EPS 0.03139958365970953
galrad= 0.01
!!! agesel
Found 1467 stars.
Rotated pos.
Rotated vel.
Calculating circularities
dty= [13.11325888 13.05437014 13.20063823 ... 13.16798102 13.37604367
 13.04363166] 1011
glb= [13.11325888 13.05437014 13.20063823 ... 13.16798102 13.37604367
 13.04363166] 1011
bidsort lists= 1011 1011
 1011
SNAP 40
EPS 0.091714343118584
galrad= 0.01
!!! agesel
Found 2030 stars.
Rotated pos.
Rotated vel.
Calculating circularities
dty= [12.95784051 13.20425865 12.95726034 ... 12.95880678 13.15072241
 13.20841022] 1876
glb= [12.95784051 13.20425865 12.95726034 ... 12.95880678 13.15072241
 13.20841022] 1876
bidsort lists= 1876 1876
 1876
SNAP 41
EPS 0.011511229979479544
galrad= 0.01
!!! agesel
Found 1726 stars.
Rotated pos.
Rotated vel.
Calculating circularities
dty= [12.95784051 12.86785972 13.20425865 ... 12.89269345 12.88685905
 12.92615172] 2638
glb= [12.95784051 12.86785972 13.20425865 ... 12.89269345 12.88685905
 12.92615172] 2638
bidsort lists= 2638 2638
 2638
SNAP 42
EPS 0.017315340031979248
galrad= 0.01
!!! agesel
Found 1565 stars.
Rotated pos.
Rotated vel.
Calculating circularities
dty= [12.85789448 12.86283622 12.81373697 ... 13.02955645 12.81576125
 12.81035418] 3689
glb= [12.85789448 12.86283622 12.81373697 ... 13.02955645 12.81576125
 12.81035418] 3689
bidsort lists= 3689 3689
 3689
SNAP 43
EPS 0.01805573051727065
galrad= 0.01
!!! agesel
Found 1630 stars.
Rotated pos.
Rotated vel.
Calculating circularities
dty= [12.79419017 12.794993   12.81373697 ... 12.73449188 13.01595237
 13.48924938] 4802
glb= [12.79419017 12.794993   12.81373697 ... 12.73449188 13.01595237
 13.48924938] 4802
bidsort lists= 4802 4802
 4802
SNAP 44
EPS 0.04008942796049875
galrad= 0.01
!!! agesel
Found 2265 stars.
Rotated pos.
Rotated vel.
Calculating circularities
dty= [12.70324758 12.63847418 12.85455001 ... 12.71983962 12.65250037
 12.73643096] 6960
glb= [12.70324758 12.63847418 12.85455001 ... 12.71983962 12.65250037
 12.73643096] 6960
bidsort lists= 6960 6960
 6960
SNAP 45
EPS 0.09305040582970138
galrad= 0.01
!!! agesel
Found 2549 stars.
Rotated pos.
Rotated vel.
Calculating circularities
dty= [12.80945026 12.85260281 12.55472163 ... 12.56888947 12.98130211
 12.59320549] 7240
glb= [12.80945026 12.85260281 12.55472163 ... 12.56888947 12.98130211
 12.59320549] 7240
bidsort lists= 7240 7240
 7240
SNAP 46
EPS 0.04609465742510478
galrad= 0.01
!!! agesel
Found 2829 stars.
Rotated pos.
Rotated vel.
Calculating circularities
dty= [12.53982556 12.58193482 12.98543162 ... 12.96458165 12.91810251
 12.89787235] 9645
glb= [12.53982556 12.58193482 12.98543162 ... 12.96458165 12.91810251
 12.89787235] 9645
bidsort lists= 9645 9645
 9645
SNAP 47
EPS 0.09281308841311073
galrad= 0.01
!!! agesel
Found 2704 stars.
Rotated pos.
Rotated vel.
Calculating circularities
dty= [12.89518293 12.42052188 12.72535692 ... 12.79945414 12.84499345
 13.05437014] 11449
glb= [12.89518293 12.42052188 12.72535692 ... 12.79945414 12.84499345
 13.05437014] 11449
bidsort lists= 11449 11449
 11449
SNAP 48
EPS 0.12124143964609914
galrad= 0.01
!!! agesel
Found 2260 stars.
Rotated pos.
Rotated vel.
Calculating circularities
dty= [12.57417939 13.09392453 12.75575371 ... 12.82203322 12.81576125
 12.82915413] 13907
glb= [12.57417939 13.09392453 12.75575371 ... 12.82203322 12.81576125
 12.82915413] 13907
bidsort lists= 13907 13907
 13907
SNAP 49
EPS 0.044325614336837654
galrad= 0.01
!!! agesel
Found 2475 stars.
Rotated pos.
Rotated vel.
Calculating circularities
dty= [12.18798596 12.54892546 12.94194016 ... 12.17288353 12.73060343
 12.16114466] 16847
glb= [12.18798596 12.54892546 12.94194016 ... 12.17288353 12.73060343
 12.16114466] 16847
bidsort lists= 16847 16847
 16847
SNAP 50
EPS 0.009734799521414044
galrad= 0.01
!!! agesel
Found 3113 stars.
Rotated pos.
Rotated vel.
Calculating circularities
dty= [12.42083332 12.39965463 12.40344269 ... 12.63939683 12.07045226
 12.43138325] 20166
glb= [12.42083332 12.39965463 12.40344269 ... 12.63939683 12.07045226
 12.43138325] 20166
bidsort lists= 20166 20166
 20166
SNAP 51
EPS 0.04599450872088896
galrad= 0.01
!!! agesel
Found 3007 stars.
Rotated pos.
Rotated vel.
Calculating circularities
dty= [12.42332282 12.70499254 12.56665545 ... 12.49069236 12.93888357
 13.17353903] 23550
glb= [12.42332282 12.70499254 12.56665545 ... 12.49069236 12.93888357
 13.17353903] 23550
bidsort lists= 23550 23550
 23550
SNAP 52
EPS 0.03277921107484641
galrad= 0.01
!!! agesel
Found 2661 stars.
Rotated pos.
Rotated vel.
Calculating circularities
dty= [12.42332282 12.05995038 12.42083332 ... 13.11738075 12.24792221
 11.80065977] 27596
glb= [12.42332282 12.05995038 12.42083332 ... 13.11738075 12.24792221
 11.80065977] 27596
bidsort lists= 27596 27596
 27596
SNAP 53
EPS 0.009333879745281628
galrad= 0.01
!!! agesel
Found 3290 stars.
Rotated pos.
Rotated vel.
Calculating circularities
dty= [12.62747993 12.380725   11.64015915 ... 12.03599613 12.91161179
 12.46920058] 32374
glb= [12.62747993 12.380725   11.64015915 ... 12.03599613 12.91161179
 12.46920058] 32374
bidsort lists= 32374 32374
 32374
SNAP 54
EPS 0.017150412940659367
galrad= 0.01
!!! agesel
Found 4575 stars.
Rotated pos.
Rotated vel.
Calculating circularities
dty= [12.20546361 12.83335837 12.79419017 ... 12.08589797 11.53314612
 12.60410395] 39324
glb= [12.20546361 12.83335837 12.79419017 ... 12.08589797 11.53314612
 12.60410395] 39324
bidsort lists= 39324 39324
 39324
SNAP 55
EPS -0.002571653369620389
galrad= 0.01
!!! agesel
Found 3053 stars.
Rotated pos.
Rotated vel.
Calculating circularities
dty= [12.42083332 11.99643904 11.92461576 ... 12.38998202 12.24862055
 12.12393027] 42494
glb= [12.42083332 11.99643904 11.92461576 ... 12.38998202 12.24862055
 12.12393027] 42494
bidsort lists= 42494 42494
 42494
SNAP 56
EPS 0.010640693851778706
galrad= 0.01
!!! agesel
Found 2551 stars.
Rotated pos.
Rotated vel.
Calculating circularities
dty= [11.96897765 11.87190591 11.40663077 ... 12.48832112 12.36689053
 11.2245787 ] 47197
glb= [11.96897765 11.87190591 11.40663077 ... 12.48832112 12.36689053
 11.2245787 ] 47197
bidsort lists= 47197 47197
 47197
SNAP 57
EPS 0.0005020857665700927
galrad= 0.01
!!! agesel
Found 7237 stars.
Rotated pos.
Rotated vel.
Calculating circularities
dty= [12.02886692 11.31596545 11.67958202 ... 13.24585656 12.1027339
 12.24022104] 59410
glb= [12.02886692 11.31596545 11.67958202 ... 13.24585656 12.1027339
 12.24022104] 59410
bidsort lists= 59410 59410
 59410
SNAP 58
EPS 0.05735698593267054
galrad= 0.01
!!! agesel
Found 7647 stars.
Rotated pos.
Rotated vel.
Calculating circularities
dty= [13.12398932 12.4504203  12.42083332 ... 12.05095562 12.81306121
 10.90296392] 67641
glb= [13.12398932 12.4504203  12.42083332 ... 12.05095562 12.81306121
 10.90296392] 67641
bidsort lists= 67641 67641
 67641
SNAP 59
EPS 0.11526898894886949
galrad= 0.01
!!! agesel
Found 7907 stars.
Rotated pos.
Rotated vel.
Calculating circularities
dty= [11.91957641 11.58000713 12.42332282 ... 12.17142059 12.18454064
 12.70499254] 84490
glb= [11.91957641 11.58000713 12.42332282 ... 12.17142059 12.18454064
 12.70499254] 84490
bidsort lists= 84490 84490
 84490
SNAP 60
EPS 0.040424967814430876
galrad= 0.01
!!! agesel
Found 6318 stars.
Rotated pos.
Rotated vel.
Calculating circularities
dty= [13.12398932 12.83114771 12.42083332 ... 12.91810251 12.66029352
 12.60410395] 90876
glb= [13.12398932 12.83114771 12.42083332 ... 12.91810251 12.66029352
 12.60410395] 90876
bidsort lists= 90876 90876
 90876
SNAP 61
EPS 0.07345248083189282
galrad= 0.01
!!! agesel
Found 5233 stars.
Rotated pos.
Rotated vel.
Calculating circularities
dty= [12.42083332 11.89779965 13.12398932 ... 11.05318651 11.74916817
 11.79440409] 100403
glb= [12.42083332 11.89779965 13.12398932 ... 11.05318651 11.74916817
 11.79440409] 100403
bidsort lists= 100403 100403
 100403
SNAP 62
EPS 0.0908278166601552
galrad= 0.01
!!! agesel
Found 6458 stars.
Rotated pos.
Rotated vel.
Calculating circularities
dty= [12.42083332 12.00469999 12.40643438 ... 11.82901805 11.33274701
 12.07664665] 108875
glb= [12.42083332 12.00469999 12.40643438 ... 11.82901805 11.33274701
 12.07664665] 108875
bidsort lists= 108875 108875
 108875
SNAP 63
EPS 0.10242875226868396
galrad= 0.01
!!! agesel
Found 7169 stars.
Rotated pos.
Rotated vel.
Calculating circularities
dty= [11.89779965 12.42332282 11.83176653 ... 11.27642872 11.41444358
 12.09815831] 118943
glb= [11.89779965 12.42332282 11.83176653 ... 11.27642872 11.41444358
 12.09815831] 118943
bidsort lists= 118943 118943
 118943
SNAP 64
EPS 0.13879622005274642
galrad= 0.01
!!! agesel
Found 7089 stars.
Rotated pos.
Rotated vel.
Calculating circularities
dty= [12.00469999 12.42083332 12.39965463 ... 12.88936399 12.16261662
 12.93967343] 129944
glb= [12.00469999 12.42083332 12.39965463 ... 12.88936399 12.16261662
 12.93967343] 129944
bidsort lists= 129944 129944
 129944
SNAP 65
EPS 0.19182369070330357
galrad= 0.01
!!! agesel
Found 6988 stars.
Rotated pos.
Rotated vel.
Calculating circularities
dty= [12.42083332 12.00469999 12.2658062  ... 11.055606   11.31520952
 11.33165455] 139826
glb= [12.42083332 12.00469999 12.2658062  ... 11.055606   11.31520952
 11.33165455]