loading halo 18 level 4
/eagle/projects/Auriga/Auriga/level4/Original/mergertrees/Au-18/trees_sf1_127
Hubble parameter= 0.6777
There are 685 trees in file /eagle/projects/Auriga/Auriga/level4/Original/mergertrees/Au-18/trees_sf1_127.0.hdf5
Loading desc (Descendant) for blockname /Tree0.
Loading fnum (FileNr) for blockname /Tree0.
Loading fhfg (FirstHaloInFOFGroup) for blockname /Tree0.
Loading fpin (FirstProgenitor) for blockname /Tree0.
Loading fmc2 (Group_M_Crit200) for blockname /Tree0.
Loading fmm2 (Group_M_Mean200) for blockname /Tree0.
Loading fmt2 (Group_M_TopHat200) for blockname /Tree0.
Loading frc2 (Group_R_Crit200) for blockname /Tree0.
Loading nhfg (NextHaloInFOFGroup) for blockname /Tree0.
Loading npin (NextProgenitor) for blockname /Tree0.
Loading snum (SnapNum) for blockname /Tree0.
Loading sbhm (SubhaloBHMass) for blockname /Tree0.
Loading sbhd (SubhaloBHMdot) for blockname /Tree0.
Loading sgmt (SubhaloGasMetallicity) for blockname /Tree0.
Loading sgmf (SubhaloGasMetallicitySfr) for blockname /Tree0.
Loading sgnr (SubhaloGrNr) for blockname /Tree0.
Loading shmt (SubhaloHalfmassRadType) for blockname /Tree0.
Key SubhaloIDMostBound not found in conversion table, skipping.
Loading slen (SubhaloLen) for blockname /Tree0.
Loading slty (SubhaloLenType) for blockname /Tree0.
Loading smit (SubhaloMassInRadType) for blockname /Tree0.
Loading smty (SubhaloMassType) for blockname /Tree0.
Loading sbnr (SubhaloNumber) for blockname /Tree0.
Loading soty (SubhaloOffsetType) for blockname /Tree0.
Loading spos (SubhaloPos) for blockname /Tree0.
Loading ssfr (SubhaloSFR) for blockname /Tree0.
Loading ssfi (SubhaloSFRinRad) for blockname /Tree0.
Loading sspi (SubhaloSpin) for blockname /Tree0.
Loading ssmt (SubhaloStarMetallicity) for blockname /Tree0.
Loading ssph (SubhaloStellarPhotometrics) for blockname /Tree0.
Loading svmx (SubhaloVMax) for blockname /Tree0.
Loading svel (SubhaloVel) for blockname /Tree0.
Loading svdi (SubhaloVelDisp) for blockname /Tree0.
galrad= 0.01
!!! agesel
Found 68 stars.
Rotated pos.
Rotated vel.
Calculating circularities
dty= [13.41128422 13.42301567 13.44138287 13.46771415 13.41974981 13.45990914
 13.47091754 13.49435571 13.45327667 13.4182899  13.44584374 13.42982519
 13.42768722 13.41902049 13.42982519 13.43336334 13.42768722 13.43826425] 18
glb= [13.41128422 13.42301567 13.44138287 13.46771415 13.41974981 13.45990914
 13.47091754 13.49435571 13.45327667 13.4182899  13.44584374 13.42982519
 13.42768722 13.41902049 13.42982519 13.43336334 13.42768722 13.43826425] 18
bidsort lists= 18 18
 18
SNAP 30
EPS -0.023636058702902182
galrad= 0.01
!!! agesel
Found 98 stars.
Rotated pos.
Rotated vel.
Calculating circularities
dty= [13.46771415 13.41128422 13.37845586 13.38443041 13.52014201 13.47091754
 13.45327667 13.41974981 13.40378115 13.42301567 13.56732946 13.38284495
 13.45990914 13.39806575 13.50318107 13.56214588 13.46513094 13.51007401] 18
glb= [13.46771415 13.41128422 13.37845586 13.38443041 13.52014201 13.47091754
 13.45327667 13.41974981 13.40378115 13.42301567 13.56732946 13.38284495
 13.45990914 13.39806575 13.50318107 13.56214588 13.46513094 13.51007401] 18
bidsort lists= 18 18
 18
SNAP 31
EPS 0.33017906178594303
galrad= 0.01
!!! agesel
Found 108 stars.
Rotated pos.
Rotated vel.
Calculating circularities
dty= [13.46771415 13.3443518  13.41128422 13.38443041 13.41974981 13.40378115
 13.42301567 13.44856345 13.37845586 13.45990914 13.56732946 13.47091754
 13.45327667 13.39806575 13.35374646 13.35035141 13.34864484 13.50318107
 13.41755799 13.36337417 13.45394522 13.52014201 13.35669743 13.41902049
 13.36461548 13.35963014 13.5179324  13.41239825 13.41974981 13.36129783
 13.37765321 13.36790971 13.36790971 13.43195188] 34
glb= [13.46771415 13.3443518  13.41128422 13.38443041 13.41974981 13.40378115
 13.42301567 13.44856345 13.37845586 13.45990914 13.56732946 13.47091754
 13.45327667 13.39806575 13.35374646 13.35035141 13.34864484 13.50318107
 13.41755799 13.36337417 13.45394522 13.52014201 13.35669743 13.41902049
 13.36461548 13.35963014 13.5179324  13.41239825 13.41974981 13.36129783
 13.37765321 13.36790971 13.36790971 13.43195188] 34
bidsort lists= 34 34
 34
SNAP 32
EPS 0.08250355356196637
galrad= 0.01
!!! agesel
Found 59 stars.
Rotated pos.
Rotated vel.
Calculating circularities
dty= [13.44447663 13.451936   13.33958529 13.35837551 13.41974981 13.34002049
 13.40264413 13.53517749 13.32768657 13.34002049 13.43265823 13.34864484
 13.41091222 13.36790971] 14
glb= [13.44447663 13.451936   13.33958529 13.35837551 13.41974981 13.34002049
 13.40264413 13.53517749 13.32768657 13.34002049 13.43265823 13.34864484
 13.41091222 13.36790971] 14
bidsort lists= 14 14
 14
SNAP 33
EPS 0.1676734659829796
galrad= 0.01
!!! agesel
Found 64 stars.
Rotated pos.
Rotated vel.
Calculating circularities
dty= [13.33958529 13.41974981 13.30301723 13.40264413 13.29166819 13.50779268
 13.34002049 13.44447663 13.33914965 13.451936   13.35837551 13.46513094
 13.28251074 13.38640434 13.30067271 13.35543496 13.407174   13.51514824
 13.31137191 13.41974981 13.31686813] 21
glb= [13.33958529 13.41974981 13.30301723 13.40264413 13.29166819 13.50779268
 13.34002049 13.44447663 13.33914965 13.451936   13.35837551 13.46513094
 13.28251074 13.38640434 13.30067271 13.35543496 13.407174   13.51514824
 13.31137191 13.41974981 13.31686813] 21
bidsort lists= 21 21
 21
SNAP 34
EPS 0.10215743821141002
galrad= 0.01
!!! agesel
Found 113 stars.
Rotated pos.
Rotated vel.
Calculating circularities
dty= [13.29547806 13.24766863 13.28541925 13.23960106 13.30906453 13.2327487
 13.23433704 13.28493556 13.2868677  13.23802674 13.2422156  13.31641229
 13.28105067 13.26019677 13.49732365 13.34175763 13.30860183 13.25204598
 13.30628216 13.3020807  13.30767517 13.29642636 13.2868677  13.33740324
 13.26623445 13.299261   13.40188447 13.40566939 13.3816522  13.3214038
 13.32095206 13.42840116 13.25816991 13.31959434 13.47282592 13.44788532
 13.2632236  13.2987896  13.48498595 13.25613581 13.43756786] 41
glb= [13.29547806 13.24766863 13.28541925 13.23960106 13.30906453 13.2327487
 13.23433704 13.28493556 13.2868677  13.23802674 13.2422156  13.31641229
 13.28105067 13.26019677 13.49732365 13.34175763 13.30860183 13.25204598
 13.30628216 13.3020807  13.30767517 13.29642636 13.2868677  13.33740324
 13.26623445 13.299261   13.40188447 13.40566939 13.3816522  13.3214038
 13.32095206 13.42840116 13.25816991 13.31959434 13.47282592 13.44788532
 13.2632236  13.2987896  13.48498595 13.25613581 13.43756786] 41
bidsort lists= 41 41
 41
SNAP 35
EPS 0.03363478744836505
galrad= 0.01
!!! agesel
Found 157 stars.
Rotated pos.
Rotated vel.
Calculating circularities
dty= [13.21088796 13.26019677 13.32095206 13.19333457 13.19502746 13.21362948
 13.49732365 13.40566939 13.21554129 13.28105067 13.24481859 13.28105067
 13.19050295 13.23433704 13.22312957 13.33740324 13.19896025 13.30628216
 13.40188447 13.22178144 13.42840116 13.21253433 13.23802674 13.19896025
 13.20564557 13.21961816 13.20868602 13.299261   13.19502746 13.18908248
 13.28493556 13.21608644 13.24792704 13.29547806 13.20175441 13.30906453
 13.2868677  13.44788532 13.24766863 13.20619949 13.20509117 13.19868013
 13.23960106 13.22151143 13.19643482 13.256645   13.21088796 13.2327487
 13.28202448 13.26723452 13.3020807  13.25204598 13.36544123 13.2868677
 13.2692293  13.26372654 13.23009209 13.30860183 13.30020258 13.2422156
 13.22205127 13.21335586 13.34175763 13.23486552 13.23486552 13.25101897
 13.26623445 13.19559079 13.41016724 13.29119006 13.19615362 13.25715372
 13.26972689 13.28299655 13.27022402 13.28541925 13.27566376 13.26297198
 13.36544123 13.29405252 13.3934384  13.25511606 13.19839991 13.36212949
 13.36461548 13.26070234 13.22366805 13.31595614 13.30020258 13.26473105
 13.312292   13.35035141 13.20035887 13.20841022 13.19839991 13.32857774
 13.20286866] 97
glb= [13.21088796 13.26019677 13.32095206 13.19333457 13.19502746 13.21362948
 13.49732365 13.40566939 13.21554129 13.28105067 13.24481859 13.28105067
 13.19050295 13.23433704 13.22312957 13.33740324 13.19896025 13.30628216
 13.40188447 13.22178144 13.42840116 13.21253433 13.23802674 13.19896025
 13.20564557 13.21961816 13.20868602 13.299261   13.19502746 13.18908248
 13.28493556 13.21608644 13.24792704 13.29547806 13.20175441 13.30906453
 13.2868677  13.44788532 13.24766863 13.20619949 13.20509117 13.19868013
 13.23960106 13.22151143 13.19643482 13.256645   13.21088796 13.2327487
 13.28202448 13.26723452 13.3020807  13.25204598 13.36544123 13.2868677
 13.2692293  13.26372654 13.23009209 13.30860183 13.30020258 13.2422156
 13.22205127 13.21335586 13.34175763 13.23486552 13.23486552 13.25101897
 13.26623445 13.19559079 13.41016724 13.29119006 13.19615362 13.25715372
 13.26972689 13.28299655 13.27022402 13.28541925 13.27566376 13.26297198
 13.36544123 13.29405252 13.3934384  13.25511606 13.19839991 13.36212949
 13.36461548 13.26070234 13.22366805 13.31595614 13.30020258 13.26473105
 13.312292   13.35035141 13.20035887 13.20841022 13.19839991 13.32857774
 13.20286866] 97
bidsort lists= 97 97
 97
SNAP 36
EPS -0.037606300369416173
galrad= 0.01
!!! agesel
Found 35 stars.
Rotated pos.
Rotated vel.
Calculating circularities
dty= [13.46220278 13.15312937 13.35162738] 3
glb= [13.46220278 13.15312937 13.35162738] 3
bidsort lists= 3 3
 3
SNAP 37
EPS -1.1847719875854452
galrad= 0.01
!!! agesel
Found 90 stars.
Rotated pos.
Rotated vel.
Calculating circularities
dty= [13.29642636 13.09555543 13.12304897 13.10847332 13.10911327 13.39498636
 13.10042647 13.11674817 13.09815734 13.17441235 13.19389936 13.14345029
 13.14588295 13.1555278  13.30581695 13.14466767 13.29262323 13.12116456
 13.11166725 13.14588295 13.28879304 13.13610049 13.12367596 13.28783123
 13.2591842 ] 25
glb= [13.29642636 13.09555543 13.12304897 13.10847332 13.10911327 13.39498636
 13.10042647 13.11674817 13.09815734 13.17441235 13.19389936 13.14345029
 13.14588295 13.1555278  13.30581695 13.14466767 13.29262323 13.12116456
 13.11166725 13.14588295 13.28879304 13.13610049 13.12367596 13.28783123
 13.2591842 ] 25
bidsort lists= 25 25
 25
SNAP 38
EPS 0.26521460337917463
galrad= 0.01
!!! agesel
Found 264 stars.
Rotated pos.
Rotated vel.
Calculating circularities
dty= [13.04849952 13.04328279 13.12304897 13.0567746  13.29642636 13.04780592
 13.06019668 13.25511606 13.39498636 13.07674791 13.06699562 13.06122031
 13.05437014 13.29262323 13.05540153 13.04572157 13.06801031 13.05985519
 13.07373471 13.0571175  13.09555543 13.11357683 13.16974123 13.05951352
 13.17441235 13.07440538 13.10847332 13.04467739 13.06496224 13.05951352
 13.07171926 13.28007512 13.0636037  13.06665711 13.06292352 13.07808328
 13.08439404 13.05985519 13.14345029 13.07841678 13.16267223 13.10042647
 13.0453737  13.10687107 13.08999572 13.10558671 13.06326367 13.11039133
 13.15672382 13.11674817 13.08966737 13.06258311 13.06019668 13.05814521
 13.06902366 13.05540153 13.35162738 13.12053536 13.05574505 13.0916353
 13.4762984  13.06292352 13.07037268 13.06292352 13.06496224] 65
glb= [13.04849952 13.04328279 13.12304897 13.0567746  13.29642636 13.04780592
 13.06019668 13.25511606 13.39498636 13.07674791 13.06699562 13.06122031
 13.05437014 13.29262323 13.05540153 13.04572157 13.06801031 13.05985519
 13.07373471 13.0571175  13.09555543 13.11357683 13.16974123 13.05951352
 13.17441235 13.07440538 13.10847332 13.04467739 13.06496224 13.05951352
 13.07171926 13.28007512 13.0636037  13.06665711 13.06292352 13.07808328
 13.08439404 13.05985519 13.14345029 13.07841678 13.16267223 13.10042647
 13.0453737  13.10687107 13.08999572 13.10558671 13.06326367 13.11039133
 13.15672382 13.11674817 13.08966737 13.06258311 13.06019668 13.05814521
 13.06902366 13.05540153 13.35162738 13.12053536 13.05574505 13.0916353
 13.4762984  13.06292352 13.07037268 13.06292352 13.06496224] 65
bidsort lists= 65 65
 65
SNAP 39
EPS -0.0033012808498011806
galrad= 0.01
!!! agesel
Found 410 stars.
Rotated pos.
Rotated vel.
Calculating circularities
dty= [13.05437014 13.01414536 12.98580611 13.0588296  13.28007512 13.16267223
 13.04048645 13.07440538 13.0636037  13.11611501 13.07808328 13.08999572
 13.08439404 13.00064815 13.08505527 13.04502564 13.05437014 12.99917572
 13.11039133 13.0502307  13.06258311 13.06801031 13.08373228 13.10687107
 13.15672382 13.03415828 12.99028629 13.03026617 13.07070955 13.0453737
 13.05985519 13.12867218 12.99511302 13.1261785  13.05985519 12.98655437
 12.9977006  13.26019677 13.2591842  13.02955645 13.00870005 12.9910307
 13.10558671 13.0202731  13.09555543 13.07507544 13.02421375 13.06224266
 13.03309866 13.02099095 13.00870005 13.01739513 13.10042647 12.98393226
 13.0571175  12.99214605 13.23960106 12.9910307  13.04048645 13.0259985
 13.00138334 13.02742355 13.19839991 13.06326367 13.29642636 13.07674791
 13.05951352 13.10590801 13.07373471 13.01919502 13.07841678 13.03521646
 13.06902366 13.01595237 13.02457094 13.11674817 13.02385622 13.03026617
 13.01015571 13.39498636 13.0502307  13.04328279 13.00248502 13.02242491
 12.99028629 13.01305916 13.00064815 13.02170831 13.02242491 13.11357683
 13.04467739 13.08999572 13.06122031 12.99917572 13.01378344 13.08505527
 13.05951352 12.98879556 13.00797134 12.98355707 13.00248502 13.05057648
 13.04849952 13.03168359 13.04849952 13.03062067 13.21934721 12.99548314
 13.04780592 13.01305916 13.12304897 13.17441235 13.04432896 13.07373471
 13.05951352 13.01378344 13.05814521 13.01667413 13.02884611 13.0567746
 13.06699562 13.06969844 13.0202731  12.99325993 13.00979194 13.07708202
 13.04083655 13.03239144 13.05608837 13.06699562 13.0035851  13.0491925
 13.07171926 12.99696208 13.10847332 13.05161297 13.01015571 13.09620676
 13.00578114 13.00870005 13.0804145  13.08439404 13.04572157 13.11166725
 13.06665711 13.07171926 13.25511606 13.05540153 13.09065199 13.00797134
 13.09032394 13.13239624 13.28783123 13.09425104 13.06019668 13.25511606
 13.06969844 13.30581695 13.10719177 13.12867218 13.03168359] 161
glb= [13.05437014 13.01414536 12.98580611 13.0588296  13.28007512 13.16267223
 13.04048645 13.07440538 13.0636037  13.11611501 13.07808328 13.08999572
 13.08439404 13.00064815 13.08505527 13.04502564 13.05437014 12.99917572
 13.11039133 13.0502307  13.06258311 13.06801031 13.08373228 13.10687107
 13.15672382 13.03415828 12.99028629 13.03026617 13.07070955 13.0453737
 13.05985519 13.12867218 12.99511302 13.1261785  13.05985519 12.98655437
 12.9977006  13.26019677 13.2591842  13.02955645 13.00870005 12.9910307
 13.10558671 13.0202731  13.09555543 13.07507544 13.02421375 13.06224266
 13.03309866 13.02099095 13.00870005 13.01739513 13.10042647 12.98393226
 13.0571175  12.99214605 13.23960106 12.9910307  13.04048645 13.0259985
 13.00138334 13.02742355 13.19839991 13.06326367 13.29642636 13.07674791
 13.05951352 13.10590801 13.07373471 13.01919502 13.07841678 13.03521646
 13.06902366 13.01595237 13.02457094 13.11674817 13.02385622 13.03026617
 13.01015571 13.39498636 13.0502307  13.04328279 13.00248502 13.02242491
 12.99028629 13.01305916 13.00064815 13.02170831 13.02242491 13.11357683
 13.04467739 13.08999572 13.06122031 12.99917572 13.01378344 13.08505527
 13.05951352 12.98879556 13.00797134 12.98355707 13.00248502 13.05057648
 13.04849952 13.03168359 13.04849952 13.03062067 13.21934721 12.99548314
 13.04780592 13.01305916 13.12304897 13.17441235 13.04432896 13.07373471
 13.05951352 13.01378344 13.05814521 13.01667413 13.02884611 13.0567746
 13.06699562 13.06969844 13.0202731  12.99325993 13.00979194 13.07708202
 13.04083655 13.03239144 13.05608837 13.06699562 13.0035851  13.0491925
 13.07171926 12.99696208 13.10847332 13.05161297 13.01015571 13.09620676
 13.00578114 13.00870005 13.0804145  13.08439404 13.04572157 13.11166725
 13.06665711 13.07171926 13.25511606 13.05540153 13.09065199 13.00797134
 13.09032394 13.13239624 13.28783123 13.09425104 13.06019668 13.25511606
 13.06969844 13.30581695 13.10719177 13.12867218 13.03168359] 161
bidsort lists= 161 161
 161
SNAP 40
EPS 0.20872916946009507
galrad= 0.01
!!! agesel
Found 546 stars.
Rotated pos.
Rotated vel.
Calculating circularities
dty= [12.99177432 12.9638138  12.99696208 13.00578114 12.9977006  13.0259985
 13.00979194 12.94085678 13.04293388 13.0380314  13.02242491 13.12304897
 12.95648607 12.92494897 13.08439404 13.4840654  13.17441235 13.0259985
 13.02884611 12.92514956 13.05608837 13.06122031 12.92815292 13.02385622
 13.35162738 13.29642636 13.01015571 13.10204297 13.01667413 13.03943529
 13.00870005 12.92735308 12.9703183  13.04606939 13.02421375 12.93492419
 13.00138334 13.01595237 13.04780592 12.93174415 12.92935168 13.03026617
 13.0259985  13.03062067 12.92655242 13.01631328 13.0588296  13.17905045
 13.04048645 13.4762984  13.44404842 13.13177692 13.09425104 13.0453737
 13.46220278 12.94518238 13.03415828 12.94085678 13.06292352 13.13610049
 12.93492419 13.04849952 12.98879556 13.03732867 13.08966737 13.14588295
 13.02991133 13.04048645 13.04083655 13.10847332 13.25511606 13.02170831
 13.0567746  13.05574505 12.93174415 12.93254012 13.25511606 13.04048645
 13.09229008 13.05540153 13.03168359 12.9498774  12.9910307  12.97979538
 13.03239144 13.00870005 13.16029918 12.97222219 12.94675016 12.94479
 13.04849952 13.27713809 13.05126762 13.06326367 12.99214605 13.23644821
 12.94085678 13.15672382 13.01919502 13.19389936 13.0259985  13.07070955
 13.05437014 13.02457094 13.02955645 13.00870005 12.94870588 13.03168359
 12.9977006  13.36337417 13.09555543 13.04988487 13.02955645 13.07808328
 13.02742355 12.98393226 13.05814521 13.05951352 13.04502564 13.02349865
 13.10687107 13.05985519 12.95065746 13.01378344 12.94909654 13.07841678
 13.11674817 13.07841678 13.08439404 13.04467739 13.12053536 13.06224266
 13.10719177 13.14588295 12.93293802 13.0502307  13.04328279 13.0636037
 13.05402602 13.11039133 13.06258311 13.07974913 13.11484706 13.06292352
 13.04153619 13.10042647 13.00724186 12.97979538 12.99028629 13.12116456
 13.10558671 12.93054861 13.0571175  12.92855276 13.06801031 13.0202731
 12.93888357 13.08505527 13.00797134 13.31777844 12.96534872 13.16267223
 13.06019668 13.05746021 13.147096   13.11927522 13.0502307  12.97601715
 13.28007512 12.92575096 13.06902366 13.11611501 13.06496224 13.07507544
 13.05951352 12.99028629 13.1261785  13.0804145  13.05985519 13.23221834
 13.38719146 13.06699562 12.98655437 13.01414536 13.0916353  13.05437014
 13.03309866 12.98054907 13.03521646 13.08505527 12.99917572 12.94046249
 13.10397805 13.07708202 12.94557455 12.9910307  13.00138334 12.99325993
 13.08999572 13.14466767 13.00248502 13.23115613 13.07440538 13.39498636
 13.01739513 13.12867218 13.09065199 12.92695278 12.9763957  13.05057648
 12.96458165 12.95454747 12.99548314 13.11738075 13.02242491 12.93333557
 13.00064815 13.07674791 13.02884611 12.9245476  13.00870005 12.95609864
 12.9245476  13.01378344 12.93730201 13.07774966 13.02991133 13.07373471
 13.01305916 13.00248502 12.92775303 12.96304543 12.969174   13.13115709
 13.05471408 12.92334256 12.93809319 12.97222219 12.94753299 13.217719
 12.95299355 13.12242139 12.92935168 13.08107921 12.95687331 13.13610049
 12.95764718 12.96458165 12.98954124] 249
glb= [12.99177432 12.9638138  12.99696208 13.00578114 12.9977006  13.0259985
 13.00979194 12.94085678 13.04293388 13.0380314  13.02242491 13.12304897
 12.95648607 12.92494897 13.08439404 13.4840654  13.17441235 13.0259985
 13.02884611 12.92514956 13.05608837 13.06122031 12.92815292 13.02385622
 13.35162738 13.29642636 13.01015571 13.10204297 13.01667413 13.03943529
 13.00870005 12.92735308 12.9703183  13.04606939 13.02421375 12.93492419
 13.00138334 13.01595237 13.04780592 12.93174415 12.92935168 13.03026617
 13.0259985  13.03062067 12.92655242 13.01631328 13.0588296  13.17905045
 13.04048645 13.4762984  13.44404842 13.13177692 13.09425104 13.0453737
 13.46220278 12.94518238 13.03415828 12.94085678 13.06292352 13.13610049
 12.93492419 13.04849952 12.98879556 13.03732867 13.08966737 13.14588295
 13.02991133 13.04048645 13.04083655 13.10847332 13.25511606 13.02170831
 13.0567746  13.05574505 12.93174415 12.93254012 13.25511606 13.04048645
 13.09229008 13.05540153 13.03168359 12.9498774  12.9910307  12.97979538
 13.03239144 13.00870005 13.16029918 12.97222219 12.94675016 12.94479
 13.04849952 13.27713809 13.05126762 13.06326367 12.99214605 13.23644821
 12.94085678 13.15672382 13.01919502 13.19389936 13.0259985  13.07070955
 13.05437014 13.02457094 13.02955645 13.00870005 12.94870588 13.03168359
 12.9977006  13.36337417 13.09555543 13.04988487 13.02955645 13.07808328
 13.02742355 12.98393226 13.05814521 13.05951352 13.04502564 13.02349865
 13.10687107 13.05985519 12.95065746 13.01378344 12.94909654 13.07841678
 13.11674817 13.07841678 13.08439404 13.04467739 13.12053536 13.06224266
 13.10719177 13.14588295 12.93293802 13.0502307  13.04328279 13.0636037
 13.05402602 13.11039133 13.06258311 13.07974913 13.11484706 13.06292352
 13.04153619 13.10042647 13.00724186 12.97979538 12.99028629 13.12116456
 13.10558671 12.93054861 13.0571175  12.92855276 13.06801031 13.0202731
 12.93888357 13.08505527 13.00797134 13.31777844 12.96534872 13.16267223
 13.06019668 13.05746021 13.147096   13.11927522 13.0502307  12.97601715
 13.28007512 12.92575096 13.06902366 13.11611501 13.06496224 13.07507544
 13.05951352 12.99028629 13.1261785  13.0804145  13.05985519 13.23221834
 13.38719146 13.06699562 12.98655437 13.01414536 13.0916353  13.05437014
 13.03309866 12.98054907 13.03521646 13.08505527 12.99917572 12.94046249
 13.10397805 13.07708202 12.94557455 12.9910307  13.00138334 12.99325993
 13.08999572 13.14466767 13.00248502 13.23115613 13.07440538 13.39498636
 13.01739513 13.12867218 13.09065199 12.92695278 12.9763957  13.05057648
 12.96458165 12.95454747 12.99548314 13.11738075 13.02242491 12.93333557
 13.00064815 13.07674791 13.02884611 12.9245476  13.00870005 12.95609864
 12.9245476  13.01378344 12.93730201 13.07774966 13.02991133 13.07373471
 13.01305916 13.00248502 12.92775303 12.96304543 12.969174   13.13115709
 13.05471408 12.92334256 12.93809319 12.97222219 12.94753299 13.217719
 12.95299355 13.12242139 12.92935168 13.08107921 12.95687331 13.13610049
 12.95764718 12.96458165 12.98954124] 249
bidsort lists= 249 249
 249
SNAP 41
EPS 0.1108200902218126
galrad= 0.01
!!! agesel
Found 956 stars.
Rotated pos.
Rotated vel.
Calculating circularities
dty= [12.88727696 12.99696208 12.99177432 12.9638138  13.29642636 13.03062067
 13.00979194 12.91201881 13.0380314  12.9977006  13.00578114 12.86444229
 13.04083655 13.04780592 12.91201881 13.0259985  12.94085678 13.35162738
 13.12304897 13.04849952 12.91526849 12.91526849 13.01667413 12.88894697
 12.92655242 12.90343363 13.17441235 13.05608837 12.94046249 13.0259985
 12.86785972 12.95648607 12.89290118 12.92855276 12.88811231 13.02884611
 12.92534999 13.0259985  12.89476851 12.88665    12.91405114 12.86998934
 12.90957406 13.10847332 13.04849952 12.93174415 13.16267223 12.92895225
 12.92494897 12.89766571 13.02242491 12.88182941 13.04048645 12.91607908
 12.98393226 13.00138334 12.89704569 13.0567746  12.92514956 13.01378344
 13.03239144 12.90875765 12.90425464 12.88455703 12.87529325 13.06326367
 13.01595237 12.89580423 12.99214605 12.88056784 13.02421375 13.08439404
 12.87698416 12.86828597 12.88623185 12.89331646 13.04048645 12.8960113
 12.88978081 13.06122031 13.01919502 12.92052474 12.86871217 12.94085678
 12.94675016 13.05540153 12.92815292 12.90916596 12.94518238 12.86657955
 13.01015571 13.13177692 13.01631328 12.89393904 12.87168981 12.95143686
 13.07607936 12.87888312 12.91038965 12.90834914 13.00870005 12.9703183
 13.25511606 13.4762984  12.92935168 12.90834914 13.30114246 12.88455703
 13.05814521 12.93492419 12.92735308 12.86358609 13.05574505 13.02385622
 12.9910307  12.90281735 13.25511606 13.10204297 12.87508159 12.94479
 12.86700644 12.86187133 12.87062743 12.95957895 12.9185067  12.87423482
 13.03168359 12.91120457 12.87888312 13.44404842 13.08966737 13.0588296
 12.86743311 12.87338722 12.87211447 12.9498774  13.02955645 12.86144222
 12.91607908 13.19389936 12.94870588 13.02991133 12.94085678 13.00870005
 12.86807278 12.98879556 13.08207518 13.04328279 12.89227794 12.86337197
 12.8964251  12.92092786 12.90834914 13.00285181 12.89103016 13.04606939
 13.03943529 12.88727696 12.95726034 12.87275106 12.89849189 13.03415828
 12.90178928 12.8860226  13.0259985  13.09294433 13.06292352 12.89683884
 13.03026617 13.05437014 13.09620676 12.88644093 12.95377084 13.12053536
 12.93492419 12.89310876 13.13363313 12.87126493 12.95996474 13.00870005
 13.0453737  13.02170831 13.0035851  12.97222219 12.95377084 12.90712267
 12.87867232 13.03168359 12.87592767 12.88852974 12.91729366 12.96458165
 12.8912383  12.91729366 13.04048645 12.91486281 12.90794057 13.35120242
 12.88727696 12.87782865 12.86700644 13.46220278 12.95415919 12.95065746
 12.96112133 12.86272906 12.89310876 12.9977006  12.93254012 12.88476653
 12.90507498 13.0916353  13.02457094 12.90916596 13.07841678 13.07037268
 12.8640143  12.98393226 12.95532345 12.91161179 12.94909654 12.97979538
 13.15432962 13.08901027 13.00724186 12.97601715 13.0380314  12.86935097
 12.87083999 12.87105254 12.93014979 12.91567381 12.90794057 12.93927853
 12.93174415 13.07070955 12.95532345 13.02742355 12.90712267 13.11484706
 13.04467739 12.87211447 12.90178928 12.87803967 12.98916843 13.07841678
 12.88560407 12.99028629 12.96688089 12.92695278 12.88224951 12.8763504
 12.87529325 13.10719177 13.05951352 12.87972575 12.869138   12.97828608
 12.8676465  13.09555543 12.91971805 12.90916596 12.95880678 13.06224266
 13.05195814 13.14588295 12.87359915 13.0502307  12.99548314 13.06019668
 13.16974123 12.89683884 12.93730201 12.97525945 12.92695278 12.92334256
 12.97828608 13.06258311 13.07708202 12.93174415 12.90998196 13.0636037
 12.88140909 12.87296303 12.97979538 13.00797134 13.0571175  13.05402602
 12.88894697 13.01595237 12.88685905 13.03309866 12.90466491 13.07708202
 13.10042647 12.97374212 13.05057648 12.86956378 12.94557455 12.94909654
 13.07507544 13.05057648 13.06834821 13.04988487 12.92092786 12.87930454
 13.07974913 13.09815734 12.89849189 13.01595237 12.99843847 12.91201881
 13.10139678 12.92374439 12.92534999 12.8763504  13.12116456 12.97298248
 12.89393904 12.88434752 13.11927522 12.89766571 13.10847332 12.90998196
 13.06019668 12.93492419 12.86828597 12.88727696 12.98580611 12.88936399
 13.10397805 12.89269345 13.11357683 12.87253879 12.96534872 12.89683884
 13.07440538 13.04711185 13.00138334 13.02170831 12.88852974 12.94557455
 12.88308925 13.08439404 13.01414536 12.87168981 13.147096   13.02242491
 12.87423482 12.93373292 13.02242491 12.99251745 12.96764586 12.88811231
 12.95065746 12.87296303 12.87698416 12.9245476  12.98655437 12.88539478
 12.99696208 13.38719146 12.96841033 13.07674791 12.89144629 12.95919297
 13.39498636 13.06699562 12.99251745 12.88098857 12.86743311 12.87296303
 12.86487022 12.87168981 12.99548314 13.00870005 12.99548314 12.94282554
 12.99325993 12.88685905 12.96611513 12.88727696 12.88769481 12.88203954
 13.2166311  12.86272906 12.88098857 12.86743311 12.86208586 12.91971805
 12.86230037 13.10397805 12.93333557 13.14588295 12.95648607 12.87951515
 13.00248502 12.92052474 13.23433704 12.88727696 13.03168359 12.86700644
 12.88308925 13.00138334 12.89269345 13.18936683 12.89559714 13.01015571
 12.90998196 12.99400164 13.10719177 13.00064815 12.9977006  12.95532345
 12.90055412 12.94909654 13.10526524 13.03168359 12.99548314 12.89849189
 13.04153619 12.86956378 12.96688089 12.89103016 12.969174   12.91486281
 12.89186222 13.08769427 12.89807897 12.86956378 12.98054907 13.00285181
 12.9009661  13.04641702 13.15312937 13.12867218 12.87867232 12.86956378
 12.87550474 12.86956378 13.11357683 12.88182941 12.96150646 12.93413021
 12.86529779 12.89559714 12.87592767 12.87930454 12.89435388 12.87465824
 13.0345111  12.87993633 12.86487022 12.869138   12.89269345 12.8704147
 12.86700644 12.86743311 12.90261179 13.06767222 12.99548314 12.86230037
 12.8763504  12.88392831 12.88350888 12.87338722 13.12367596 12.92695278
 12.88978081 12.9009661  12.89766571 12.8860226  12.88852974 12.89061382
 12.87083999 12.8640143  13.05814521 12.95143686 12.89186222 13.01739513
 12.86828597 12.869138   12.87338722 13.07708202 12.87253879 13.13115709
 12.87930454 12.9498774  12.90507498 12.96688089 12.90343363 12.90998196
 12.90548484 12.98205436 12.8860226  12.89683884 12.88769481 12.91242563] 498
glb= [12.88727696 12.99696208 12.99177432 12.9638138  13.29642636 13.03062067
 13.00979194 12.91201881 13.0380314  12.9977006  13.00578114 12.86444229
 13.04083655 13.04780592 12.91201881 13.0259985  12.94085678 13.35162738
 13.12304897 13.04849952 12.91526849 12.91526849 13.01667413 12.88894697
 12.92655242 12.90343363 13.17441235 13.05608837 12.94046249 13.0259985
 12.86785972 12.95648607 12.89290118 12.92855276 12.88811231 13.02884611
 12.92534999 13.0259985  12.89476851 12.88665    12.91405114 12.86998934
 12.90957406 13.10847332 13.04849952 12.93174415 13.16267223 12.92895225
 12.92494897 12.89766571 13.02242491 12.88182941 13.04048645 12.91607908
 12.98393226 13.00138334 12.89704569 13.0567746  12.92514956 13.01378344
 13.03239144 12.90875765 12.90425464 12.88455703 12.87529325 13.06326367
 13.01595237 12.89580423 12.99214605 12.88056784 13.02421375 13.08439404
 12.87698416 12.86828597 12.88623185 12.89331646 13.04048645 12.8960113
 12.88978081 13.06122031 13.01919502 12.92052474 12.86871217 12.94085678
 12.94675016 13.05540153 12.92815292 12.90916596 12.94518238 12.86657955
 13.01015571 13.13177692 13.01631328 12.89393904 12.87168981 12.95143686
 13.07607936 12.87888312 12.91038965 12.90834914 13.00870005 12.9703183
 13.25511606 13.4762984  12.92935168 12.90834914 13.30114246 12.88455703
 13.05814521 12.93492419 12.92735308 12.86358609 13.05574505 13.02385622
 12.9910307  12.90281735 13.25511606 13.10204297 12.87508159 12.94479
 12.86700644 12.86187133 12.87062743 12.95957895 12.9185067  12.87423482
 13.03168359 12.91120457 12.87888312 13.44404842 13.08966737 13.0588296
 12.86743311 12.87338722 12.87211447 12.9498774  13.02955645 12.86144222
 12.91607908 13.19389936 12.94870588 13.02991133 12.94085678 13.00870005
 12.86807278 12.98879556 13.08207518 13.04328279 12.89227794 12.86337197
 12.8964251  12.92092786 12.90834914 13.00285181 12.89103016 13.04606939
 13.03943529 12.88727696 12.95726034 12.87275106 12.89849189 13.03415828
 12.90178928 12.8860226  13.0259985  13.09294433 13.06292352 12.89683884
 13.03026617 13.05437014 13.09620676 12.88644093 12.95377084 13.12053536
 12.93492419 12.89310876 13.13363313 12.87126493 12.95996474 13.00870005
 13.0453737  13.02170831 13.0035851  12.97222219 12.95377084 12.90712267
 12.87867232 13.03168359 12.87592767 12.88852974 12.91729366 12.96458165
 12.8912383  12.91729366 13.04048645 12.91486281 12.90794057 13.35120242
 12.88727696 12.87782865 12.86700644 13.46220278 12.95415919 12.95065746
 12.96112133 12.86272906 12.89310876 12.9977006  12.93254012 12.88476653
 12.90507498 13.0916353  13.02457094 12.90916596 13.07841678 13.07037268
 12.8640143  12.98393226 12.95532345 12.91161179 12.94909654 12.97979538
 13.15432962 13.08901027 13.00724186 12.97601715 13.0380314  12.86935097
 12.87083999 12.87105254 12.93014979 12.91567381 12.90794057 12.93927853
 12.93174415 13.07070955 12.95532345 13.02742355 12.90712267 13.11484706
 13.04467739 12.87211447 12.90178928 12.87803967 12.98916843 13.07841678
 12.88560407 12.99028629 12.96688089 12.92695278 12.88224951 12.8763504
 12.87529325 13.10719177 13.05951352 12.87972575 12.869138   12.97828608
 12.8676465  13.09555543 12.91971805 12.90916596 12.95880678 13.06224266
 13.05195814 13.14588295 12.87359915 13.0502307  12.99548314 13.06019668
 13.16974123 12.89683884 12.93730201 12.97525945 12.92695278 12.92334256
 12.97828608 13.06258311 13.07708202 12.93174415 12.90998196 13.0636037
 12.88140909 12.87296303 12.97979538 13.00797134 13.0571175  13.05402602
 12.88894697 13.01595237 12.88685905 13.03309866 12.90466491 13.07708202
 13.10042647 12.97374212 13.05057648 12.86956378 12.94557455 12.94909654
 13.07507544 13.05057648 13.06834821 13.04988487 12.92092786 12.87930454
 13.07974913 13.09815734 12.89849189 13.01595237 12.99843847 12.91201881
 13.10139678 12.92374439 12.92534999 12.8763504  13.12116456 12.97298248
 12.89393904 12.88434752 13.11927522 12.89766571 13.10847332 12.90998196
 13.06019668 12.93492419 12.86828597 12.88727696 12.98580611 12.88936399
 13.10397805 12.89269345 13.11357683 12.87253879 12.96534872 12.89683884
 13.07440538 13.04711185 13.00138334 13.02170831 12.88852974 12.94557455
 12.88308925 13.08439404 13.01414536 12.87168981 13.147096   13.02242491
 12.87423482 12.93373292 13.02242491 12.99251745 12.96764586 12.88811231
 12.95065746 12.87296303 12.87698416 12.9245476  12.98655437 12.88539478
 12.99696208 13.38719146 12.96841033 13.07674791 12.89144629 12.95919297
 13.39498636 13.06699562 12.99251745 12.88098857 12.86743311 12.87296303
 12.86487022 12.87168981 12.99548314 13.00870005 12.99548314 12.94282554
 12.99325993 12.88685905 12.96611513 12.88727696 12.88769481 12.88203954
 13.2166311  12.86272906 12.88098857 12.86743311 12.86208586 12.91971805
 12.86230037 13.10397805 12.93333557 13.14588295 12.95648607 12.87951515
 13.00248502 12.92052474 13.23433704 12.88727696 13.03168359 12.86700644
 12.88308925 13.00138334 12.89269345 13.18936683 12.89559714 13.01015571
 12.90998196 12.99400164 13.10719177 13.00064815 12.9977006  12.95532345
 12.90055412 12.94909654 13.10526524 13.03168359 12.99548314 12.89849189
 13.04153619 12.86956378 12.96688089 12.89103016 12.969174   12.91486281
 12.89186222 13.08769427 12.89807897 12.86956378 12.98054907 13.00285181
 12.9009661  13.04641702 13.15312937 13.12867218 12.87867232 12.86956378
 12.87550474 12.86956378 13.11357683 12.88182941 12.96150646 12.93413021
 12.86529779 12.89559714 12.87592767 12.87930454 12.89435388 12.87465824
 13.0345111  12.87993633 12.86487022 12.869138   12.89269345 12.8704147
 12.86700644 12.86743311 12.90261179 13.06767222 12.99548314 12.86230037
 12.8763504  12.88392831 12.88350888 12.87338722 13.12367596 12.92695278
 12.88978081 12.9009661  12.89766571 12.8860226  12.88852974 12.89061382
 12.87083999 12.8640143  13.05814521 12.95143686 12.89186222 13.01739513
 12.86828597 12.869138   12.87338722 13.07708202 12.87253879 13.13115709
 12.87930454 12.9498774  12.90507498 12.96688089 12.90343363 12.90998196
 12.90548484 12.98205436 12.8860226  12.89683884 12.88769481 12.91242563] 498
bidsort lists= 498 498
 498
SNAP 42
EPS 0.15440000536714327
galrad= 0.01
!!! agesel
Found 1377 stars.
Rotated pos.
Rotated vel.
Calculating circularities
dty= [13.04083655 13.10847332 12.81396199 12.94870588 13.0259985  12.98393226
 13.00578114 12.9910307  12.99177432 13.04780592 13.01378344 13.0259985
 12.9638138  12.91526849 13.0259985  12.95648607 12.85993868 13.04849952
 12.94085678 12.81396199 12.99696208 13.04328279 12.80718691 12.94085678
 13.03239144 12.88727696 12.82337228 13.29642636 12.86998934 13.01595237
 13.0380314  12.79716879 12.97601715 12.91526849 12.83754504 13.01015571
 12.80559959 12.81351178 13.03062067 13.19389936 13.01631328 12.82337228
 13.08439404 12.81215973 13.03168359 12.9977006  12.95065746 12.86444229
 13.0567746  12.84433854 12.82448668 12.82203322 13.00979194 12.838644
 12.91120457 12.90875765 13.01919502 12.80514562 12.83468235 12.86122765
 12.90957406 12.79899748 12.99214605 12.88665    13.05608837 12.84542983
 12.82247979 12.80899805 13.06122031 13.25511606 12.88978081 12.84105722
 12.8562776  12.86358609 13.12304897 13.02242491 12.92514956 12.83357912
 12.88182941 12.94046249 12.92494897 12.79945414 12.86101291 13.00870005
 13.13177692 12.89476851 12.83556414 12.88811231 13.04849952 12.84717353
 12.89766571 12.88894697 12.81822989 12.83004066 12.82046889 13.06326367
 13.16267223 12.81125739 13.01667413 13.02884611 12.91607908 12.83886363
 12.82648972 12.82515486 12.84651999 12.88455703 13.03943529 13.04606939
 12.89290118 13.44404842 13.25511606 12.86187133 12.86743311 12.84891415
 13.03026617 12.87338722 12.89849189 12.81934989 12.91201881 13.00870005
 12.89331646 12.90343363 13.0259985  13.14588295 12.94518238 12.7999106
 12.82024524 12.81598582 12.92092786 12.79533678 13.17905045 12.83842421
 13.00870005 12.86144222 12.92815292 13.04293388 12.79716879 13.05814521
 12.91971805 12.92735308 12.81867806 12.9185067  12.90834914 12.79350159
 13.02421375 12.80150667 12.80332773 12.84717353 12.93174415 12.79373123
 12.81822989 12.90834914 12.83004066 12.8012788  12.87168981 12.80446439
 12.83644508 12.80945026 12.85021768 13.30114246 12.85238626 12.94085678
 12.88455703 12.80854548 12.84586615 13.17441235 12.83026225 12.83291666
 12.85216955 12.83092648 12.90916596 12.95726034 12.82069252 12.85714035
 12.82381821 12.83666516 12.93254012 12.83048368 12.91201881 12.82180998
 12.89103016 12.83622483 12.79464904 12.80854548 12.90794057 13.0588296
 12.80718691 12.84237101 12.80786649 12.83710513 12.85086864 12.90834914
 12.8543339  13.10204297 12.81755721 12.91607908 13.27713809 12.87317514
 12.84739135 13.00138334 12.79899748 12.94557455 12.82493215 13.07841678
 12.79945414 12.79304225 13.04048645 12.80786649 12.84433854 12.85173608
 12.81261058 12.8960113  12.86785972 12.95415919 12.92534999 12.80899805
 12.79808349 12.8026452  12.87888312 12.85260281 12.87888312 13.05574505
 12.87782865 12.86828597 12.87529325 12.84826187 12.84193329 12.84499345
 12.89704569 12.87444654 12.89393904 12.80628027 13.05540153 12.85130254
 13.10204297 12.87508159 12.84193329 12.91567381 12.83048368 12.86101291
 12.83490286 12.79028224 13.02991133 12.82515486 12.87698416 12.92895225
 13.06292352 12.98879556 12.86337197 12.82381821 12.89019741 12.89580423
 12.85519825 12.80763998 12.79671104 12.84039967 12.88852974 12.79051257
 13.05951352 12.84105722 13.2591842  12.93174415 12.86807278 13.02955645
 12.90281735 12.8040098  12.84061887 12.80332773 12.85584606 12.87083999
 12.84105722 13.09294433 13.35162738 12.81441212 12.82826675 12.79120316
 12.92695278 12.86871217 13.08207518 12.83136907 13.02385622 12.79350159
 12.81800563 13.03732867 12.91405114 13.46220278 12.87423482 12.92935168
 12.90425464 12.8597237  12.8597237  13.06019668 13.12053536 13.09555543
 12.82626726 12.846738   12.85411762 12.83622483 12.90630423 12.84061887
 13.12116456 12.83203261 12.94675016 12.84061887 13.14588295 12.82024524
 12.83181145 13.00138334 13.04467739 12.82180998 13.4762984  13.4840654
 12.847609   13.02170831 12.79051257 12.86657955 12.92855276 12.92655242
 13.0571175  12.84390155 13.01414536 12.80537261 12.92334256 13.04048645
 12.85303586 12.85325237 12.82915413 12.95996474 13.04988487 12.89227794
 12.83269571 12.91567381 12.90466491 12.87126493 12.87275106 12.98393226
 12.85065167 12.87211447 12.80763998 12.84215208 12.80310028 12.83468235
 12.83776489 12.88623185 12.87592767 13.05195814 12.84390155 12.7948783
 12.8510856  12.81531175 12.83004066 12.8640143  12.86700644 12.8960113
 12.82782282 12.88644093 12.80310028 13.03415828 12.79189315 12.91038965
 12.96458165 12.98916843 12.80355515 12.80355515 12.8960113  12.88476653
 12.90425464 12.82292614 12.83666516 13.13363313 12.846738   12.97222219
 12.83490286 12.86272906 12.85151932 13.06019668 12.83600472 12.82113958
 12.9703183  12.91486281 12.84368303 12.83710513 12.82136302 12.82515486
 12.81800563 12.85086864 12.83710513 12.93492419 13.07674791 12.81665958
 12.87803967 12.83225376 12.82113958 12.79304225 13.0916353  12.82024524
 12.8197976  13.13610049 12.83181145 12.90178928 12.82915413 12.846738
 12.88056784 12.85455001 12.87062743 12.96688089 12.93492419 12.94909654
 13.11484706 12.8763504  12.83622483 13.02742355 12.79396071 12.96112133
 12.85714035 12.82826675 12.88056784 12.97374212 12.92052474 12.846738
 12.80378256 12.85498219 12.82915413 12.84651999 12.82515486 12.83181145
 13.00797134 12.87972575 12.84302724 13.02457094 12.83136907 12.85714035
 12.82737852 12.83578444 12.82426392 12.84193329 12.83798473 13.39498636
 13.05402602 12.83930268 12.84324595 12.94479    12.87105254 12.81800563
 12.88727696 12.95957895 12.96534872 13.06292352 12.82113958 12.83225376
 12.82203322 12.88727696 13.16029918 12.79899748 12.97525945 12.84847931
 12.83622483 12.89103016 13.07607936 13.35120242 12.82292614 13.11357683
 13.03168359 12.95143686 13.02170831 12.93492419 12.8099024  13.05126762
 12.8099024  12.95377084 12.97298248 12.8469557  12.87168981 12.83004066
 13.06258311 12.82559993 12.84237101 12.84127623 12.800823   12.98655437
 13.05057648 12.87253879 12.91729366 12.89766571 12.82604493 13.0636037
 12.79281255 12.81035418 12.83842421 12.86101291 12.90466491 12.82737852
 12.82247979 12.85455001 12.82648972 12.80673362 12.83269571 12.81080589
 12.99548314 12.89310876 12.84455686 12.79808349 12.83070509 12.84193329
 12.95880678 12.83710513 12.81080589 12.79396071 12.81912601 12.86743311
 12.84586615 12.82381821 12.80173453 12.82604493 12.82515486 12.84521172
 13.07440538 12.85584606 12.85886333 12.88224951 13.06292352 12.95065746
 13.10139678 13.00064815 13.09097992 12.80763998 12.87423482 13.07708202
 12.82915413 12.8912383  12.99548314 12.80945026 12.79602421 12.85086864
 12.84586615 13.31686813 12.83578444 13.06496224 13.10042647 12.89869833
 12.86700644 12.82693415 12.85238626 12.87423482 12.95532345 12.84630211
 12.869138   12.97979538 12.92052474 12.87867232 12.81306121 12.80899805
 12.85238626 12.82804472 13.10462194 12.90998196 12.95377084 12.79602421
 12.84324595 12.90916596 12.8331376  12.82848862 12.89683884 13.06834821
 12.83048368 12.97828608 12.87359915 12.92374439 12.85281935 12.91201881
 12.8026452  13.05057648 12.90916596 13.07974913 12.90507498 12.84215208
 12.95221546 13.10847332 12.95532345 12.87698416 12.82959743 12.93730201
 12.91729366 12.846738   12.93927853 12.85368503 12.95065746 12.8401803
 12.85735582 12.81890212 12.8510856  12.81306121 12.80899805 12.87296303
 13.04153619 12.87529325 12.88140909 12.99325993 12.8860226  13.10204297
 13.07841678 12.82426392 12.87930454 12.91201881 13.02242491 12.94909654
 12.82381821 12.81351178 12.88098857 12.92092786 12.91971805 12.83004066
 12.93333557 12.87296303 12.88203954 13.02349865 12.94557455 12.84324595
 13.29405252 12.88811231 12.8763504  12.89518293 12.88539478 13.10719177
 12.81576125 12.82515486 13.147096   12.87592767 12.85195282 12.8964251
 12.84083805 12.98580611 12.93014979 12.86487022 12.92534999 12.85455001
 12.79441962 12.84717353 12.83842421 12.90998196 12.87296303 12.82381821
 13.01595237 13.07708202 13.00248502 12.85216955 12.81934989 12.83666516
 12.84412005 12.90178928 12.84847931 13.1373309  12.90712267 12.86208586
 12.82515486 12.95532345 12.88727696 12.88936399 12.81621052 12.90794057
 12.79671104 12.88434752 12.91688901 12.8676465  12.92052474 12.91486281
 12.83004066 13.01595237 13.07037268 12.86015365 12.88894697 12.8510856
 12.88308925 12.97828608 12.95648607 12.80355515 12.85498219 12.82381821
 12.87951515 12.79808349 12.81710843 12.92133077 12.8592937  12.81934989
 12.86956378 13.11927522 12.88685905 12.92695278 12.79716879 12.84193329
 12.82915413 12.85800226 12.99843847 12.84934892 12.79945414 12.8562776
 12.82648972 12.83446183 12.82959743 12.79579503 12.88685905 12.82046889
 12.84934892 12.99400164 12.89393904 12.81890212 12.93373292 12.84280851
 12.96611513 12.82024524 12.85541415 12.87083999 12.89103016 12.85670908
 12.81215973 12.79854059 12.88852974 12.86101291 12.82426392 12.83798473
 12.84412005 12.89807897 12.89186222 12.84105722 12.82113958 12.99696208
 13.00797134 12.86315768 12.79602421 12.79671104 13.01450709 12.81890212
 12.86956378 12.85498219 12.85411762 12.83004066 12.87126493 12.80355515
 12.9245476  12.96841033 12.85281935 13.05746021 13.00138334 12.83092648
 12.81328658 12.9009661  12.86444229 12.96955568 12.85281935 12.86272906
 12.81710843 12.80537261 12.90998196 13.10204297 12.87719538 13.23433704
 12.88894697 12.90712267 12.83446183 12.89269345 12.82515486 12.82648972
 12.84368303 13.2166311  12.8012788  12.80219005 13.38719146 12.85216955
 12.81710843 12.9245476  12.80628027 13.07373471 12.82626726 12.79350159
 13.23221834 12.91729366 12.89559714 12.81035418 12.90343363 12.82292614
 13.02457094 12.85281935 12.81486205 12.7948783  12.82381821 12.81261058
 13.05951352 12.91971805 12.89435388 12.88518548 12.82069252 12.85000052
 12.8960113  12.83092648 12.87592767 12.82158658 12.85021768 12.79258284
 12.82915413 12.94753299 12.96150646 12.85455001 12.81306121 12.85390133
 12.99548314 12.85021768 12.80945026 12.82024524 12.82426392 13.27615563
 12.80491861 13.07171926 12.81080589 12.90137772 13.06087924 13.08373228
 12.91283224 12.91323879 13.01739513 12.79854059 12.88182941 12.89310876
 12.86487022 12.82381821 12.91931447 13.04223534 12.81306121 12.80763998
 12.86529779 12.90137772 13.15312937 12.79166322 12.90671348 12.82247979
 12.88056784 12.83974152 12.83578444 12.92935168 12.8993174  12.81845398
 12.85714035 12.81170867 12.91445708 12.79074273 12.79441962 12.8331376
 12.84891415 12.81621052 12.81800563 12.90178928 12.87083999 12.91405114
 12.83710513 12.83269571 12.9009661  13.0567746  12.82292614 12.9245476
 12.90261179 12.82604493 12.93333557 12.81261058 12.893524   12.90671348
 12.82247979 12.89683884 12.91038965 12.81755721 12.8993174  13.07171926
 12.86998934 12.84630211 12.81755721 12.81934989 12.94753299 12.90875765
 12.91242563 12.81598582 12.92695278 12.91161179 12.81576125 12.88518548
 12.80491861 12.90014209 12.80582655 12.91079714 12.82648972 12.95609864
 12.85325237 12.89766571 12.94282554 12.83622483 12.90343363 12.82069252
 12.95143686 12.93730201 12.89103016 12.960736   13.08769427 12.94753299
 12.79762617 12.79120316 12.92855276 12.93571751 12.90343363 13.16148677
 12.94909654 12.93571751 12.82113958 12.97069939 12.93094723 12.92052474
 12.95764718 12.91648415 12.81576125 12.90671348 12.93014979 12.94596667
 12.91971805 13.05540153 12.92775303 12.99251745 12.80537261 13.12367596
 12.94046249 12.92374439 12.83710513 12.83092648 12.95919297 12.96304543
 12.94596667 12.94753299 13.00138334 12.94596667 13.08505527 12.92935168
 12.95764718 13.0804145  13.06631848 12.9584204  12.95687331 13.13115709
 13.03026617 12.81576125 13.05951352 12.95687331 12.79945414 12.96227627
 12.96841033 13.01811563 13.02849065 12.99325993 12.85800226 13.04432896
 13.01522998 13.07037268 12.8993174  12.9009661  12.89849189 12.98804909] 960
glb= [13.04083655 13.10847332 12.81396199 12.94870588 13.0259985  12.98393226
 13.00578114 12.9910307  12.99177432 13.04780592 13.01378344 13.0259985
 12.9638138  12.91526849 13.0259985  12.95648607 12.85993868 13.04849952
 12.94085678 12.81396199 12.99696208 13.04328279 12.80718691 12.94085678
 13.03239144 12.88727696 12.82337228 13.29642636 12.86998934 13.01595237
 13.0380314  12.79716879 12.97601715 12.91526849 12.83754504 13.01015571
 12.80559959 12.81351178 13.03062067 13.19389936 13.01631328 12.82337228
 13.08439404 12.81215973 13.03168359 12.9977006  12.95065746 12.86444229
 13.0567746  12.84433854 12.82448668 12.82203322 13.00979194 12.838644
 12.91120457 12.90875765 13.01919502 12.80514562 12.83468235 12.86122765
 12.90957406 12.79899748 12.99214605 12.88665    13.05608837 12.84542983
 12.82247979 12.80899805 13.06122031 13.25511606 12.88978081 12.84105722
 12.8562776  12.86358609 13.12304897 13.02242491 12.92514956 12.83357912
 12.88182941 12.94046249 12.92494897 12.79945414 12.86101291 13.00870005
 13.13177692 12.89476851 12.83556414 12.88811231 13.04849952 12.84717353
 12.89766571 12.88894697 12.81822989 12.83004066 12.82046889 13.06326367
 13.16267223 12.81125739 13.01667413 13.02884611 12.91607908 12.83886363
 12.82648972 12.82515486 12.84651999 12.88455703 13.03943529 13.04606939
 12.89290118 13.44404842 13.25511606 12.86187133 12.86743311 12.84891415
 13.03026617 12.87338722 12.89849189 12.81934989 12.91201881 13.00870005
 12.89331646 12.90343363 13.0259985  13.14588295 12.94518238 12.7999106
 12.82024524 12.81598582 12.92092786 12.79533678 13.17905045 12.83842421
 13.00870005 12.86144222 12.92815292 13.04293388 12.79716879 13.05814521
 12.91971805 12.92735308 12.81867806 12.9185067  12.90834914 12.79350159
 13.02421375 12.80150667 12.80332773 12.84717353 12.93174415 12.79373123
 12.81822989 12.90834914 12.83004066 12.8012788  12.87168981 12.80446439
 12.83644508 12.80945026 12.85021768 13.30114246 12.85238626 12.94085678
 12.88455703 12.80854548 12.84586615 13.17441235 12.83026225 12.83291666
 12.85216955 12.83092648 12.90916596 12.95726034 12.82069252 12.85714035
 12.82381821 12.83666516 12.93254012 12.83048368 12.91201881 12.82180998
 12.89103016 12.83622483 12.79464904 12.80854548 12.90794057 13.0588296
 12.80718691 12.84237101 12.80786649 12.83710513 12.85086864 12.90834914
 12.8543339  13.10204297 12.81755721 12.91607908 13.27713809 12.87317514
 12.84739135 13.00138334 12.79899748 12.94557455 12.82493215 13.07841678
 12.79945414 12.79304225 13.04048645 12.80786649 12.84433854 12.85173608
 12.81261058 12.8960113  12.86785972 12.95415919 12.92534999 12.80899805
 12.79808349 12.8026452  12.87888312 12.85260281 12.87888312 13.05574505
 12.87782865 12.86828597 12.87529325 12.84826187 12.84193329 12.84499345
 12.89704569 12.87444654 12.89393904 12.80628027 13.05540153 12.85130254
 13.10204297 12.87508159 12.84193329 12.91567381 12.83048368 12.86101291
 12.83490286 12.79028224 13.02991133 12.82515486 12.87698416 12.92895225
 13.06292352 12.98879556 12.86337197 12.82381821 12.89019741 12.89580423
 12.85519825 12.80763998 12.79671104 12.84039967 12.88852974 12.79051257
 13.05951352 12.84105722 13.2591842  12.93174415 12.86807278 13.02955645
 12.90281735 12.8040098  12.84061887 12.80332773 12.85584606 12.87083999
 12.84105722 13.09294433 13.35162738 12.81441212 12.82826675 12.79120316
 12.92695278 12.86871217 13.08207518 12.83136907 13.02385622 12.79350159
 12.81800563 13.03732867 12.91405114 13.46220278 12.87423482 12.92935168
 12.90425464 12.8597237  12.8597237  13.06019668 13.12053536 13.09555543
 12.82626726 12.846738   12.85411762 12.83622483 12.90630423 12.84061887
 13.12116456 12.83203261 12.94675016 12.84061887 13.14588295 12.82024524
 12.83181145 13.00138334 13.04467739 12.82180998 13.4762984  13.4840654
 12.847609   13.02170831 12.79051257 12.86657955 12.92855276 12.92655242
 13.0571175  12.84390155 13.01414536 12.80537261 12.92334256 13.04048645
 12.85303586 12.85325237 12.82915413 12.95996474 13.04988487 12.89227794
 12.83269571 12.91567381 12.90466491 12.87126493 12.87275106 12.98393226
 12.85065167 12.87211447 12.80763998 12.84215208 12.80310028 12.83468235
 12.83776489 12.88623185 12.87592767 13.05195814 12.84390155 12.7948783
 12.8510856  12.81531175 12.83004066 12.8640143  12.86700644 12.8960113
 12.82782282 12.88644093 12.80310028 13.03415828 12.79189315 12.91038965
 12.96458165 12.98916843 12.80355515 12.80355515 12.8960113  12.88476653
 12.90425464 12.82292614 12.83666516 13.13363313 12.846738   12.97222219
 12.83490286 12.86272906 12.85151932 13.06019668 12.83600472 12.82113958
 12.9703183  12.91486281 12.84368303 12.83710513 12.82136302 12.82515486
 12.81800563 12.85086864 12.83710513 12.93492419 13.07674791 12.81665958
 12.87803967 12.83225376 12.82113958 12.79304225 13.0916353  12.82024524
 12.8197976  13.13610049 12.83181145 12.90178928 12.82915413 12.846738
 12.88056784 12.85455001 12.87062743 12.96688089 12.93492419 12.94909654
 13.11484706 12.8763504  12.83622483 13.02742355 12.79396071 12.96112133
 12.85714035 12.82826675 12.88056784 12.97374212 12.92052474 12.846738
 12.80378256 12.85498219 12.82915413 12.84651999 12.82515486 12.83181145
 13.00797134 12.87972575 12.84302724 13.02457094 12.83136907 12.85714035
 12.82737852 12.83578444 12.82426392 12.84193329 12.83798473 13.39498636
 13.05402602 12.83930268 12.84324595 12.94479    12.87105254 12.81800563
 12.88727696 12.95957895 12.96534872 13.06292352 12.82113958 12.83225376
 12.82203322 12.88727696 13.16029918 12.79899748 12.97525945 12.84847931
 12.83622483 12.89103016 13.07607936 13.35120242 12.82292614 13.11357683
 13.03168359 12.95143686 13.02170831 12.93492419 12.8099024  13.05126762
 12.8099024  12.95377084 12.97298248 12.8469557  12.87168981 12.83004066
 13.06258311 12.82559993 12.84237101 12.84127623 12.800823   12.98655437
 13.05057648 12.87253879 12.91729366 12.89766571 12.82604493 13.0636037
 12.79281255 12.81035418 12.83842421 12.86101291 12.90466491 12.82737852
 12.82247979 12.85455001 12.82648972 12.80673362 12.83269571 12.81080589
 12.99548314 12.89310876 12.84455686 12.79808349 12.83070509 12.84193329
 12.95880678 12.83710513 12.81080589 12.79396071 12.81912601 12.86743311
 12.84586615 12.82381821 12.80173453 12.82604493 12.82515486 12.84521172
 13.07440538 12.85584606 12.85886333 12.88224951 13.06292352 12.95065746
 13.10139678 13.00064815 13.09097992 12.80763998 12.87423482 13.07708202
 12.82915413 12.8912383  12.99548314 12.80945026 12.79602421 12.85086864
 12.84586615 13.31686813 12.83578444 13.06496224 13.10042647 12.89869833
 12.86700644 12.82693415 12.85238626 12.87423482 12.95532345 12.84630211
 12.869138   12.97979538 12.92052474 12.87867232 12.81306121 12.80899805
 12.85238626 12.82804472 13.10462194 12.90998196 12.95377084 12.79602421
 12.84324595 12.90916596 12.8331376  12.82848862 12.89683884 13.06834821
 12.83048368 12.97828608 12.87359915 12.92374439 12.85281935 12.91201881
 12.8026452  13.05057648 12.90916596 13.07974913 12.90507498 12.84215208
 12.95221546 13.10847332 12.95532345 12.87698416 12.82959743 12.93730201
 12.91729366 12.846738   12.93927853 12.85368503 12.95065746 12.8401803
 12.85735582 12.81890212 12.8510856  12.81306121 12.80899805 12.87296303
 13.04153619 12.87529325 12.88140909 12.99325993 12.8860226  13.10204297
 13.07841678 12.82426392 12.87930454 12.91201881 13.02242491 12.94909654
 12.82381821 12.81351178 12.88098857 12.92092786 12.91971805 12.83004066
 12.93333557 12.87296303 12.88203954 13.02349865 12.94557455 12.84324595
 13.29405252 12.88811231 12.8763504  12.89518293 12.88539478 13.10719177
 12.81576125 12.82515486 13.147096   12.87592767 12.85195282 12.8964251
 12.84083805 12.98580611 12.93014979 12.86487022 12.92534999 12.85455001
 12.79441962 12.84717353 12.83842421 12.90998196 12.87296303 12.82381821
 13.01595237 13.07708202 13.00248502 12.85216955 12.81934989 12.83666516
 12.84412005 12.90178928 12.84847931 13.1373309  12.90712267 12.86208586
 12.82515486 12.95532345 12.88727696 12.88936399 12.81621052 12.90794057
 12.79671104 12.88434752 12.91688901 12.8676465  12.92052474 12.91486281
 12.83004066 13.01595237 13.07037268 12.86015365 12.88894697 12.8510856
 12.88308925 12.97828608 12.95648607 12.80355515 12.85498219 12.82381821
 12.87951515 12.79808349 12.81710843 12.92133077 12.8592937  12.81934989
 12.86956378 13.11927522 12.88685905 12.92695278 12.79716879 12.84193329
 12.82915413 12.85800226 12.99843847 12.84934892 12.79945414 12.8562776
 12.82648972 12.83446183 12.82959743 12.79579503 12.88685905 12.82046889
 12.84934892 12.99400164 12.89393904 12.81890212 12.93373292 12.84280851
 12.96611513 12.82024524 12.85541415 12.87083999 12.89103016 12.85670908
 12.81215973 12.79854059 12.88852974 12.86101291 12.82426392 12.83798473
 12.84412005 12.89807897 12.89186222 12.84105722 12.82113958 12.99696208
 13.00797134 12.86315768 12.79602421 12.79671104 13.01450709 12.81890212
 12.86956378 12.85498219 12.85411762 12.83004066 12.87126493 12.80355515
 12.9245476  12.96841033 12.85281935 13.05746021 13.00138334 12.83092648
 12.81328658 12.9009661  12.86444229 12.96955568 12.85281935 12.86272906
 12.81710843 12.80537261 12.90998196 13.10204297 12.87719538 13.23433704
 12.88894697 12.90712267 12.83446183 12.89269345 12.82515486 12.82648972
 12.84368303 13.2166311  12.8012788  12.80219005 13.38719146 12.85216955
 12.81710843 12.9245476  12.80628027 13.07373471 12.82626726 12.79350159
 13.23221834 12.91729366 12.89559714 12.81035418 12.90343363 12.82292614
 13.02457094 12.85281935 12.81486205 12.7948783  12.82381821 12.81261058
 13.05951352 12.91971805 12.89435388 12.88518548 12.82069252 12.85000052
 12.8960113  12.83092648 12.87592767 12.82158658 12.85021768 12.79258284
 12.82915413 12.94753299 12.96150646 12.85455001 12.81306121 12.85390133
 12.99548314 12.85021768 12.80945026 12.82024524 12.82426392 13.27615563
 12.80491861 13.07171926 12.81080589 12.90137772 13.06087924 13.08373228
 12.91283224 12.91323879 13.01739513 12.79854059 12.88182941 12.89310876
 12.86487022 12.82381821 12.91931447 13.04223534 12.81306121 12.80763998
 12.86529779 12.90137772 13.15312937 12.79166322 12.90671348 12.82247979
 12.88056784 12.83974152 12.83578444 12.92935168 12.8993174  12.81845398
 12.85714035 12.81170867 12.91445708 12.79074273 12.79441962 12.8331376
 12.84891415 12.81621052 12.81800563 12.90178928 12.87083999 12.91405114
 12.83710513 12.83269571 12.9009661  13.0567746  12.82292614 12.9245476
 12.90261179 12.82604493 12.93333557 12.81261058 12.893524   12.90671348
 12.82247979 12.89683884 12.91038965 12.81755721 12.8993174  13.07171926
 12.86998934 12.84630211 12.81755721 12.81934989 12.94753299 12.90875765
 12.91242563 12.81598582 12.92695278 12.91161179 12.81576125 12.88518548
 12.80491861 12.90014209 12.80582655 12.91079714 12.82648972 12.95609864
 12.85325237 12.89766571 12.94282554 12.83622483 12.90343363 12.82069252
 12.95143686 12.93730201 12.89103016 12.960736   13.08769427 12.94753299
 12.79762617 12.79120316 12.92855276 12.93571751 12.90343363 13.16148677
 12.94909654 12.93571751 12.82113958 12.97069939 12.93094723 12.92052474
 12.95764718 12.91648415 12.81576125 12.90671348 12.93014979 12.94596667
 12.91971805 13.05540153 12.92775303 12.99251745 12.80537261 13.12367596
 12.94046249 12.92374439 12.83710513 12.83092648 12.95919297 12.96304543
 12.94596667 12.94753299 13.00138334 12.94596667 13.08505527 12.92935168
 12.95764718 13.0804145  13.06631848 12.9584204  12.95687331 13.13115709
 13.03026617 12.81576125 13.05951352 12.95687331 12.79945414 12.96227627
 12.96841033 13.01811563 13.02849065 12.99325993 12.85800226 13.04432896
 13.01522998 13.07037268 12.8993174  12.9009661  12.89849189 12.98804909] 960
bidsort lists= 960 960
 960
SNAP 43
EPS 0.1811675846453732
galrad= 0.01
!!! agesel
Found 1378 stars.
Rotated pos.
Rotated vel.
Calculating circularities
dty= [12.97601715 12.73327816 13.0259985  ... 12.75277575 12.75658617
 13.00724186] 1730
glb= [12.97601715 12.73327816 13.0259985  ... 12.75277575 12.75658617
 13.00724186] 1730
bidsort lists= 1730 1730
 1730
SNAP 44
EPS 0.0391939948697351
galrad= 0.01
!!! agesel
Found 1519 stars.
Rotated pos.
Rotated vel.
Calculating circularities
dty= [12.68868556 13.0259985  12.68893827 ... 12.88224951 12.82871047
 12.88098857] 2192
glb= [12.68868556 13.0259985  12.68893827 ... 12.88224951 12.82871047
 12.88098857] 2192
bidsort lists= 2192 2192
 2192
SNAP 45
EPS -0.02980649838064267
galrad= 0.01
!!! agesel
Found 1876 stars.
Rotated pos.
Rotated vel.
Calculating circularities
dty= [12.60518852 12.99028629 13.06224266 ... 12.60193196 12.88266956
 12.59539286] 3307
glb= [12.60518852 12.99028629 13.06224266 ... 12.60193196 12.88266956
 12.59539286] 3307
bidsort lists= 3307 3307
 3307
SNAP 46
EPS 0.02411266516290997
galrad= 0.01
!!! agesel
Found 3283 stars.
Rotated pos.
Rotated vel.
Calculating circularities
dty= [12.46769555 12.45969094 13.04153619 ... 12.79762617 12.7828863
 13.0567746 ] 5637
glb= [12.46769555 12.45969094 13.04153619 ... 12.79762617 12.7828863
 13.0567746 ] 5637
bidsort lists= 5637 5637
 5637
SNAP 47
EPS -0.007818869807618024
galrad= 0.01
!!! agesel
Found 8708 stars.
Rotated pos.
Rotated vel.
Calculating circularities
dty= [13.01088252 12.60735482 12.43616682 ... 12.43076486 12.40391541
 12.40643438] 10552
glb= [13.01088252 12.60735482 12.43616682 ... 12.43076486 12.40391541
 12.40643438] 10552
bidsort lists= 10552 10552
 10552
SNAP 48
EPS 0.00650213604610212
galrad= 0.01
!!! agesel
Found 8716 stars.
Rotated pos.
Rotated vel.
Calculating circularities
dty= [12.45726529 12.41974279 12.56651567 ... 12.33421037 12.4350881
 12.30485522] 22377
glb= [12.45726529 12.41974279 12.56651567 ... 12.33421037 12.4350881
 12.30485522] 22377
bidsort lists= 22377 22377
 22377
SNAP 49
EPS 0.04891767445090306
galrad= 0.01
!!! agesel
Found 7303 stars.
Rotated pos.
Rotated vel.
Calculating circularities
dty= [12.14161484 12.14328968 12.18199768 ... 12.24372615 12.2472236
 12.2416241 ] 29801
glb= [12.14161484 12.14328968 12.18199768 ... 12.24372615 12.2472236
 12.2416241 ] 29801
bidsort lists= 29801 29801
 29801
SNAP 50
EPS 0.06457822030765822
galrad= 0.01
!!! agesel
Found 7500 stars.
Rotated pos.
Rotated vel.
Calculating circularities
dty= [12.39363664 12.29539599 12.3863182  ... 12.05487203 12.93094723
 12.05721757] 39364
glb= [12.39363664 12.29539599 12.3863182  ... 12.05487203 12.93094723
 12.05721757] 39364
bidsort lists= 39364 39364
 39364
SNAP 51
EPS 0.14845280041509268
galrad= 0.01
!!! agesel
Found 7392 stars.
Rotated pos.
Rotated vel.
Calculating circularities
dty= [11.96045489 12.41943111 12.54352999 ... 12.03283111 13.15072241
 12.02330266] 47830
glb= [11.96045489 12.41943111 12.54352999 ... 12.03283111 13.15072241
 12.02330266] 47830
bidsort lists= 47830 47830
 47830
SNAP 52
EPS 0.19364846041832226
galrad= 0.01
!!! agesel
Found 9473 stars.
Rotated pos.
Rotated vel.
Calculating circularities
dty= [12.17653506 12.41974279 12.16922383 ... 11.92356704 11.77416829
 11.93861528] 58788
glb= [12.17653506 12.41974279 12.16922383 ... 11.92356704 11.77416829
 11.93861528] 58788
bidsort lists= 58788 58788
 58788
SNAP 53
EPS 0.17317549793795065
galrad= 0.01
!!! agesel
Found 13643 stars.
Rotated pos.
Rotated vel.
Calculating circularities
dty= [11.77744173 11.86802493 12.21359854 ... 12.57667733 12.3937954
 12.79625322] 78946
glb= [11.77744173 11.86802493 12.21359854 ... 12.57667733 12.3937954
 12.79625322] 78946
bidsort lists= 78946 78946
 78946
SNAP 54
EPS 0.29712205177300327
galrad= 0.01
!!! agesel
Found 18129 stars.
Rotated pos.
Rotated vel.
Calculating circularities
dty= [11.68088015 12.25957842 12.21671666 ... 12.62241291 12.37976401
 12.38424318] 104227
glb= [11.68088015 12.25957842 12.21671666 ... 12.62241291 12.37976401
 12.38424318] 104227
bidsort lists= 104227 104227
 104227
SNAP 55
EPS 0.3498002192777418
galrad= 0.01
!!! agesel
Found 16432 stars.
Rotated pos.
Rotated vel.
Calculating circularities
dty= [11.50299425 12.30215847 11.82141319 ... 11.33765832 12.93492419
 12.44124099] 128082
glb= [11.50299425 12.30215847 11.82141319 ... 11.33765832 12.93492419
 12.44124099] 128082
bidsort lists= 128082 128082
 128082
SNAP 56
EPS 0.3683161588138776
galrad= 0.01
!!! agesel
Found 14532 stars.
Rotated pos.
Rotated vel.
Calculating circularities
dty= [12.20814997 11.24879749 11.25724365 ... 12.03283111 11.90501479
 11.90501479] 150559
glb= [12.20814997 11.24879749 11.25724365 ... 12.03283111 11.90501479
 11.90501479] 150559
bidsort lists= 150559 150559
 150559
SNAP 57
EPS 0.43177751418105853
galrad= 0.01
!!! agesel
Found 15185 stars.
Rotated pos.
Rotated vel.
Calculating circularities
dty= [11.50299425 11.27712626 12.29539599 ... 11.17692822 12.41771549
 13.06547115] 175902
glb= [11.50299425 11.27712626 12.29539599 ... 11.17692822 12.41771549
 13.06547115] 175902
bidsort lists= 175902 175902
 175902
SNAP 58
EPS 0.47744177764715157
galrad= 0.01
!!! agesel
Found 19179 stars.
Rotated pos.
Rotated vel.
Calculating circularities
dty= [11.46948539 11.48867198 12.4007605  ... 12.53496499 12.34736812
 12.27080547] 201182
glb= [11.46948539 11.48867198 12.4007605  ... 12.53496499 12.34736812
 12.27080547] 201182
bidsort lists= 201182 201182
 201182
SNAP 59
EPS 0.4678251732950764
galrad= 0.01
!!! agesel
Found 21571 stars.
Rotated pos.
Rotated vel.
Calculating circularities
dty= [12.17653506 12.16922383 12.20814997 ... 12.46196105 12.29945712
 11.80600669] 235892
glb= [12.17653506 12.16922383 12.20814997 ... 12.46196105 12.29945712
 11.80600669] 235892
bidsort lists= 235892 235892
 235892
SNAP 60
EPS 0.5145543264070574
galrad= 0.01
!!! agesel
Found 19143 stars.
Rotated pos.
Rotated vel.
Calculating circularities
dty= [11.46948539 11.48867198 12.09557929 ... 13.03732867 13.15192696
 13.32768657] 269759
glb= [11.46948539 11.48867198 12.09557929 ... 13.03732867 13.15192696
 13.32768657] 269759
bidsort lists= 269759 269759
 269759
SNAP 61
EPS 0.5283009168248621
galrad= 0.01
!!! agesel
Found 17330 stars.
Rotated pos.
Rotated vel.
Calculating circularities
dty= [11.48867198 12.06530625 11.46948539 ... 12.54182154 12.90998196
 12.83886363] 300465
glb= [11.48867198 12.06530625 11.46948539 ... 12.54182154 12.90998196
 12.83886363] 300465
bidsort lists= 300465 300465
 300465
SNAP 62
EPS 0.5666125662031815
galrad= 0.01
!!! agesel
Found 13743 stars.
Rotated pos.
Rotated vel.
Calculating circularities
dty= [11.46948539 11.48867198 11.82141319 ... 10.98955839 10.72886358
 13.0035851 ] 319758
glb= [11.46948539 11.48867198 11.82141319 ... 10.98955839 10.72886358
 13.0035851 ] 319758
bidsort lists= 319758 319758
 319758
SNAP 63
EPS 0.6084886209689098
galrad= 0.01
!!! agesel
Found 12757 stars.
Rotated pos.
Rotated vel.
Calculating circularities
dty= [11.46948539 12.4007605  11.48867198 ... 12.62561559 13.20841022
 11.68794763] 341911
glb= [11.46948539 12.4007605  11.48867198 ... 12.62561559 13.20841022
 11.68794763] 341911
bidsort lists= 341911 341911
 341911
SNAP 64
EPS 0.6127523120111754
galrad= 0.01
!!! agesel
Found 14380 stars.
Rotated pos.
Rotated vel.
Calculating circularities
dty= [12.4007605  11.46948539 11.48867198 ... 11.61429668 11.44283775
 11.42078129] 365484
glb= [12.4007605  11.46948539 11.48867198 ... 11.61429668 11.44283775
 11.42078129] 365484
bidsort lists= 365484 365484
 365484
SNAP 65
EPS 0.6033081473380995
galrad= 0.01
!!! agesel
Found 15562 stars.
Rotated pos.
Rotated vel.
Calculating circularities
dty= [11.46948539 10.00244621 12.83512335 ... 12.33553123 12.17726447
 11.43865177] 391969
glb= [11.46948539 10.00244621 12.83512335 ... 12.33553123 12.17726447
 11.43865177] 391969
bidsort lists= 391969 391969
 391969
SNAP 66
EPS 0.6487767685864809
galrad= 0.01
!!! agesel
Found 14736 stars.
Rotated pos.
Rotated vel.
Calculating circularities
dty= [11.46948539 12.0781919  11.92849154 ... 11.00805496 12.57334547
 12.23177756] 419367
glb= [11.46948539 12.0781919  11.92849154 ... 11.00805496 12.57334547
 12.23177756] 419367